<?xml version="1.0" encoding="UTF-8"?>
<testsuite name="uk.gov.ida.saml.deserializers.validators.Base64StringDecoderTest" tests="3" skipped="0" failures="0" errors="0" timestamp="2018-04-03T13:58:12" hostname="gds8080.local" time="0.021">
  <properties/>
  <testcase name="shouldPassDecodedMultiLineStringToNextProcessor" classname="uk.gov.ida.saml.deserializers.validators.Base64StringDecoderTest" time="0.008"/>
  <testcase name="shouldPassDecodedStringToNextProcessor" classname="uk.gov.ida.saml.deserializers.validators.Base64StringDecoderTest" time="0.0"/>
  <testcase name="shouldHandleNotBase64Encoded" classname="uk.gov.ida.saml.deserializers.validators.Base64StringDecoderTest" time="0.002"/>
  <system-out><![CDATA[]]></system-out>
  <system-err><![CDATA[]]></system-err>
</testsuite>
