<?xml version="1.0" encoding="UTF-8"?>
<testsuite name="uk.gov.ida.saml.serializers.XmlObjectToBase64EncodedStringTransformerTest" tests="1" skipped="0" failures="0" errors="0" timestamp="2018-04-03T13:58:12" hostname="gds8080.local" time="0.119">
  <properties/>
  <testcase name="shouldTransformAuthnRequestToBase64EncodedString" classname="uk.gov.ida.saml.serializers.XmlObjectToBase64EncodedStringTransformerTest" time="0.119"/>
  <system-out><![CDATA[14:58:12.417 [Test worker] INFO org.opensaml.core.config.InitializationService - Initializing OpenSAML using the Java Services API
14:58:12.417 [Test worker] DEBUG org.opensaml.core.config.InitializationService - Initializing module initializer implementation: org.opensaml.saml.config.XMLObjectProviderInitializer
14:58:12.420 [Test worker] DEBUG org.opensaml.core.xml.config.AbstractXMLObjectProviderInitializer - Loading XMLObject provider configuration from resource 'saml1-assertion-config.xml'
14:58:12.422 [Test worker] DEBUG org.opensaml.core.xml.config.XMLConfigurator - Loading configuration from XML Document
14:58:12.423 [Test worker] DEBUG org.opensaml.core.xml.config.XMLConfigurator - Schema validating configuration Document
14:58:12.424 [Test worker] DEBUG org.opensaml.core.xml.config.XMLConfigurator - Configuration document validated
14:58:12.424 [Test worker] DEBUG org.opensaml.core.xml.config.XMLConfigurator - Preparing to load ObjectProviders
14:58:12.424 [Test worker] DEBUG org.opensaml.core.xml.config.XMLConfigurator - Initializing object provider {urn:oasis:names:tc:SAML:1.0:assertion}Action
14:58:12.424 [Test worker] DEBUG org.opensaml.core.xml.config.XMLObjectProviderRegistry - Registering new builder, marshaller, and unmarshaller for {urn:oasis:names:tc:SAML:1.0:assertion}Action
14:58:12.424 [Test worker] DEBUG org.opensaml.core.xml.XMLObjectBuilderFactory - Registering builder org.opensaml.saml.saml1.core.impl.ActionBuilder under key {urn:oasis:names:tc:SAML:1.0:assertion}Action
14:58:12.424 [Test worker] DEBUG org.opensaml.core.xml.io.MarshallerFactory - Registering marshaller, org.opensaml.saml.saml1.core.impl.ActionMarshaller, for object type {urn:oasis:names:tc:SAML:1.0:assertion}Action
14:58:12.424 [Test worker] DEBUG org.opensaml.core.xml.io.UnmarshallerFactory - Registering unmarshaller, org.opensaml.saml.saml1.core.impl.ActionUnmarshaller, for object type, {urn:oasis:names:tc:SAML:1.0:assertion}Action
14:58:12.424 [Test worker] DEBUG org.opensaml.core.xml.config.XMLConfigurator - {urn:oasis:names:tc:SAML:1.0:assertion}Action intialized and configuration cached
14:58:12.424 [Test worker] DEBUG org.opensaml.core.xml.config.XMLConfigurator - Initializing object provider {urn:oasis:names:tc:SAML:1.0:assertion}ActionType
14:58:12.424 [Test worker] DEBUG org.opensaml.core.xml.config.XMLObjectProviderRegistry - Registering new builder, marshaller, and unmarshaller for {urn:oasis:names:tc:SAML:1.0:assertion}ActionType
14:58:12.424 [Test worker] DEBUG org.opensaml.core.xml.XMLObjectBuilderFactory - Registering builder org.opensaml.saml.saml1.core.impl.ActionBuilder under key {urn:oasis:names:tc:SAML:1.0:assertion}ActionType
14:58:12.424 [Test worker] DEBUG org.opensaml.core.xml.io.MarshallerFactory - Registering marshaller, org.opensaml.saml.saml1.core.impl.ActionMarshaller, for object type {urn:oasis:names:tc:SAML:1.0:assertion}ActionType
14:58:12.424 [Test worker] DEBUG org.opensaml.core.xml.io.UnmarshallerFactory - Registering unmarshaller, org.opensaml.saml.saml1.core.impl.ActionUnmarshaller, for object type, {urn:oasis:names:tc:SAML:1.0:assertion}ActionType
14:58:12.424 [Test worker] DEBUG org.opensaml.core.xml.config.XMLConfigurator - {urn:oasis:names:tc:SAML:1.0:assertion}ActionType intialized and configuration cached
14:58:12.424 [Test worker] DEBUG org.opensaml.core.xml.config.XMLConfigurator - Initializing object provider {urn:oasis:names:tc:SAML:1.0:assertion}Advice
14:58:12.424 [Test worker] DEBUG org.opensaml.core.xml.config.XMLObjectProviderRegistry - Registering new builder, marshaller, and unmarshaller for {urn:oasis:names:tc:SAML:1.0:assertion}Advice
14:58:12.424 [Test worker] DEBUG org.opensaml.core.xml.XMLObjectBuilderFactory - Registering builder org.opensaml.saml.saml1.core.impl.AdviceBuilder under key {urn:oasis:names:tc:SAML:1.0:assertion}Advice
14:58:12.424 [Test worker] DEBUG org.opensaml.core.xml.io.MarshallerFactory - Registering marshaller, org.opensaml.saml.saml1.core.impl.AdviceMarshaller, for object type {urn:oasis:names:tc:SAML:1.0:assertion}Advice
14:58:12.424 [Test worker] DEBUG org.opensaml.core.xml.io.UnmarshallerFactory - Registering unmarshaller, org.opensaml.saml.saml1.core.impl.AdviceUnmarshaller, for object type, {urn:oasis:names:tc:SAML:1.0:assertion}Advice
14:58:12.424 [Test worker] DEBUG org.opensaml.core.xml.config.XMLConfigurator - {urn:oasis:names:tc:SAML:1.0:assertion}Advice intialized and configuration cached
14:58:12.424 [Test worker] DEBUG org.opensaml.core.xml.config.XMLConfigurator - Initializing object provider {urn:oasis:names:tc:SAML:1.0:assertion}AdviceType
14:58:12.424 [Test worker] DEBUG org.opensaml.core.xml.config.XMLObjectProviderRegistry - Registering new builder, marshaller, and unmarshaller for {urn:oasis:names:tc:SAML:1.0:assertion}AdviceType
14:58:12.424 [Test worker] DEBUG org.opensaml.core.xml.XMLObjectBuilderFactory - Registering builder org.opensaml.saml.saml1.core.impl.AdviceBuilder under key {urn:oasis:names:tc:SAML:1.0:assertion}AdviceType
14:58:12.424 [Test worker] DEBUG org.opensaml.core.xml.io.MarshallerFactory - Registering marshaller, org.opensaml.saml.saml1.core.impl.AdviceMarshaller, for object type {urn:oasis:names:tc:SAML:1.0:assertion}AdviceType
14:58:12.424 [Test worker] DEBUG org.opensaml.core.xml.io.UnmarshallerFactory - Registering unmarshaller, org.opensaml.saml.saml1.core.impl.AdviceUnmarshaller, for object type, {urn:oasis:names:tc:SAML:1.0:assertion}AdviceType
14:58:12.424 [Test worker] DEBUG org.opensaml.core.xml.config.XMLConfigurator - {urn:oasis:names:tc:SAML:1.0:assertion}AdviceType intialized and configuration cached
14:58:12.424 [Test worker] DEBUG org.opensaml.core.xml.config.XMLConfigurator - Initializing object provider {urn:oasis:names:tc:SAML:1.0:assertion}Assertion
14:58:12.424 [Test worker] DEBUG org.opensaml.core.xml.config.XMLObjectProviderRegistry - Registering new builder, marshaller, and unmarshaller for {urn:oasis:names:tc:SAML:1.0:assertion}Assertion
14:58:12.424 [Test worker] DEBUG org.opensaml.core.xml.XMLObjectBuilderFactory - Registering builder org.opensaml.saml.saml1.core.impl.AssertionBuilder under key {urn:oasis:names:tc:SAML:1.0:assertion}Assertion
14:58:12.424 [Test worker] DEBUG org.opensaml.core.xml.io.MarshallerFactory - Registering marshaller, org.opensaml.saml.saml1.core.impl.AssertionMarshaller, for object type {urn:oasis:names:tc:SAML:1.0:assertion}Assertion
14:58:12.424 [Test worker] DEBUG org.opensaml.core.xml.io.UnmarshallerFactory - Registering unmarshaller, org.opensaml.saml.saml1.core.impl.AssertionUnmarshaller, for object type, {urn:oasis:names:tc:SAML:1.0:assertion}Assertion
14:58:12.424 [Test worker] DEBUG org.opensaml.core.xml.config.XMLConfigurator - {urn:oasis:names:tc:SAML:1.0:assertion}Assertion intialized and configuration cached
14:58:12.424 [Test worker] DEBUG org.opensaml.core.xml.config.XMLConfigurator - Initializing object provider {urn:oasis:names:tc:SAML:1.0:assertion}AssertionType
14:58:12.424 [Test worker] DEBUG org.opensaml.core.xml.config.XMLObjectProviderRegistry - Registering new builder, marshaller, and unmarshaller for {urn:oasis:names:tc:SAML:1.0:assertion}AssertionType
14:58:12.424 [Test worker] DEBUG org.opensaml.core.xml.XMLObjectBuilderFactory - Registering builder org.opensaml.saml.saml1.core.impl.AssertionBuilder under key {urn:oasis:names:tc:SAML:1.0:assertion}AssertionType
14:58:12.424 [Test worker] DEBUG org.opensaml.core.xml.io.MarshallerFactory - Registering marshaller, org.opensaml.saml.saml1.core.impl.AssertionMarshaller, for object type {urn:oasis:names:tc:SAML:1.0:assertion}AssertionType
14:58:12.424 [Test worker] DEBUG org.opensaml.core.xml.io.UnmarshallerFactory - Registering unmarshaller, org.opensaml.saml.saml1.core.impl.AssertionUnmarshaller, for object type, {urn:oasis:names:tc:SAML:1.0:assertion}AssertionType
14:58:12.424 [Test worker] DEBUG org.opensaml.core.xml.config.XMLConfigurator - {urn:oasis:names:tc:SAML:1.0:assertion}AssertionType intialized and configuration cached
14:58:12.424 [Test worker] DEBUG org.opensaml.core.xml.config.XMLConfigurator - Initializing object provider {urn:oasis:names:tc:SAML:1.0:assertion}AssertionIDReference
14:58:12.425 [Test worker] DEBUG org.opensaml.core.xml.config.XMLObjectProviderRegistry - Registering new builder, marshaller, and unmarshaller for {urn:oasis:names:tc:SAML:1.0:assertion}AssertionIDReference
14:58:12.425 [Test worker] DEBUG org.opensaml.core.xml.XMLObjectBuilderFactory - Registering builder org.opensaml.saml.saml1.core.impl.AssertionIDReferenceBuilder under key {urn:oasis:names:tc:SAML:1.0:assertion}AssertionIDReference
14:58:12.425 [Test worker] DEBUG org.opensaml.core.xml.io.MarshallerFactory - Registering marshaller, org.opensaml.saml.saml1.core.impl.AssertionIDReferenceMarshaller, for object type {urn:oasis:names:tc:SAML:1.0:assertion}AssertionIDReference
14:58:12.425 [Test worker] DEBUG org.opensaml.core.xml.io.UnmarshallerFactory - Registering unmarshaller, org.opensaml.saml.saml1.core.impl.AssertionIDReferenceUnmarshaller, for object type, {urn:oasis:names:tc:SAML:1.0:assertion}AssertionIDReference
14:58:12.425 [Test worker] DEBUG org.opensaml.core.xml.config.XMLConfigurator - {urn:oasis:names:tc:SAML:1.0:assertion}AssertionIDReference intialized and configuration cached
14:58:12.425 [Test worker] DEBUG org.opensaml.core.xml.config.XMLConfigurator - Initializing object provider {urn:oasis:names:tc:SAML:1.0:assertion}Attribute
14:58:12.425 [Test worker] DEBUG org.opensaml.core.xml.config.XMLObjectProviderRegistry - Registering new builder, marshaller, and unmarshaller for {urn:oasis:names:tc:SAML:1.0:assertion}Attribute
14:58:12.425 [Test worker] DEBUG org.opensaml.core.xml.XMLObjectBuilderFactory - Registering builder org.opensaml.saml.saml1.core.impl.AttributeBuilder under key {urn:oasis:names:tc:SAML:1.0:assertion}Attribute
14:58:12.425 [Test worker] DEBUG org.opensaml.core.xml.io.MarshallerFactory - Registering marshaller, org.opensaml.saml.saml1.core.impl.AttributeMarshaller, for object type {urn:oasis:names:tc:SAML:1.0:assertion}Attribute
14:58:12.425 [Test worker] DEBUG org.opensaml.core.xml.io.UnmarshallerFactory - Registering unmarshaller, org.opensaml.saml.saml1.core.impl.AttributeUnmarshaller, for object type, {urn:oasis:names:tc:SAML:1.0:assertion}Attribute
14:58:12.425 [Test worker] DEBUG org.opensaml.core.xml.config.XMLConfigurator - {urn:oasis:names:tc:SAML:1.0:assertion}Attribute intialized and configuration cached
14:58:12.425 [Test worker] DEBUG org.opensaml.core.xml.config.XMLConfigurator - Initializing object provider {urn:oasis:names:tc:SAML:1.0:assertion}AttributeType
14:58:12.425 [Test worker] DEBUG org.opensaml.core.xml.config.XMLObjectProviderRegistry - Registering new builder, marshaller, and unmarshaller for {urn:oasis:names:tc:SAML:1.0:assertion}AttributeType
14:58:12.425 [Test worker] DEBUG org.opensaml.core.xml.XMLObjectBuilderFactory - Registering builder org.opensaml.saml.saml1.core.impl.AttributeBuilder under key {urn:oasis:names:tc:SAML:1.0:assertion}AttributeType
14:58:12.425 [Test worker] DEBUG org.opensaml.core.xml.io.MarshallerFactory - Registering marshaller, org.opensaml.saml.saml1.core.impl.AttributeMarshaller, for object type {urn:oasis:names:tc:SAML:1.0:assertion}AttributeType
14:58:12.425 [Test worker] DEBUG org.opensaml.core.xml.io.UnmarshallerFactory - Registering unmarshaller, org.opensaml.saml.saml1.core.impl.AttributeUnmarshaller, for object type, {urn:oasis:names:tc:SAML:1.0:assertion}AttributeType
14:58:12.425 [Test worker] DEBUG org.opensaml.core.xml.config.XMLConfigurator - {urn:oasis:names:tc:SAML:1.0:assertion}AttributeType intialized and configuration cached
14:58:12.425 [Test worker] DEBUG org.opensaml.core.xml.config.XMLConfigurator - Initializing object provider {urn:oasis:names:tc:SAML:1.0:assertion}AttributeDesignator
14:58:12.425 [Test worker] DEBUG org.opensaml.core.xml.config.XMLObjectProviderRegistry - Registering new builder, marshaller, and unmarshaller for {urn:oasis:names:tc:SAML:1.0:assertion}AttributeDesignator
14:58:12.425 [Test worker] DEBUG org.opensaml.core.xml.XMLObjectBuilderFactory - Registering builder org.opensaml.saml.saml1.core.impl.AttributeDesignatorBuilder under key {urn:oasis:names:tc:SAML:1.0:assertion}AttributeDesignator
14:58:12.425 [Test worker] DEBUG org.opensaml.core.xml.io.MarshallerFactory - Registering marshaller, org.opensaml.saml.saml1.core.impl.AttributeDesignatorMarshaller, for object type {urn:oasis:names:tc:SAML:1.0:assertion}AttributeDesignator
14:58:12.425 [Test worker] DEBUG org.opensaml.core.xml.io.UnmarshallerFactory - Registering unmarshaller, org.opensaml.saml.saml1.core.impl.AttributeDesignatorUnmarshaller, for object type, {urn:oasis:names:tc:SAML:1.0:assertion}AttributeDesignator
14:58:12.425 [Test worker] DEBUG org.opensaml.core.xml.config.XMLConfigurator - {urn:oasis:names:tc:SAML:1.0:assertion}AttributeDesignator intialized and configuration cached
14:58:12.425 [Test worker] DEBUG org.opensaml.core.xml.config.XMLConfigurator - Initializing object provider {urn:oasis:names:tc:SAML:1.0:assertion}AttributeDesignatorType
14:58:12.425 [Test worker] DEBUG org.opensaml.core.xml.config.XMLObjectProviderRegistry - Registering new builder, marshaller, and unmarshaller for {urn:oasis:names:tc:SAML:1.0:assertion}AttributeDesignatorType
14:58:12.425 [Test worker] DEBUG org.opensaml.core.xml.XMLObjectBuilderFactory - Registering builder org.opensaml.saml.saml1.core.impl.AttributeDesignatorBuilder under key {urn:oasis:names:tc:SAML:1.0:assertion}AttributeDesignatorType
14:58:12.425 [Test worker] DEBUG org.opensaml.core.xml.io.MarshallerFactory - Registering marshaller, org.opensaml.saml.saml1.core.impl.AttributeDesignatorMarshaller, for object type {urn:oasis:names:tc:SAML:1.0:assertion}AttributeDesignatorType
14:58:12.425 [Test worker] DEBUG org.opensaml.core.xml.io.UnmarshallerFactory - Registering unmarshaller, org.opensaml.saml.saml1.core.impl.AttributeDesignatorUnmarshaller, for object type, {urn:oasis:names:tc:SAML:1.0:assertion}AttributeDesignatorType
14:58:12.425 [Test worker] DEBUG org.opensaml.core.xml.config.XMLConfigurator - {urn:oasis:names:tc:SAML:1.0:assertion}AttributeDesignatorType intialized and configuration cached
14:58:12.425 [Test worker] DEBUG org.opensaml.core.xml.config.XMLConfigurator - Initializing object provider {urn:oasis:names:tc:SAML:1.0:assertion}AttributeStatement
14:58:12.425 [Test worker] DEBUG org.opensaml.core.xml.config.XMLObjectProviderRegistry - Registering new builder, marshaller, and unmarshaller for {urn:oasis:names:tc:SAML:1.0:assertion}AttributeStatement
14:58:12.425 [Test worker] DEBUG org.opensaml.core.xml.XMLObjectBuilderFactory - Registering builder org.opensaml.saml.saml1.core.impl.AttributeStatementBuilder under key {urn:oasis:names:tc:SAML:1.0:assertion}AttributeStatement
14:58:12.425 [Test worker] DEBUG org.opensaml.core.xml.io.MarshallerFactory - Registering marshaller, org.opensaml.saml.saml1.core.impl.AttributeStatementMarshaller, for object type {urn:oasis:names:tc:SAML:1.0:assertion}AttributeStatement
14:58:12.425 [Test worker] DEBUG org.opensaml.core.xml.io.UnmarshallerFactory - Registering unmarshaller, org.opensaml.saml.saml1.core.impl.AttributeStatementUnmarshaller, for object type, {urn:oasis:names:tc:SAML:1.0:assertion}AttributeStatement
14:58:12.425 [Test worker] DEBUG org.opensaml.core.xml.config.XMLConfigurator - {urn:oasis:names:tc:SAML:1.0:assertion}AttributeStatement intialized and configuration cached
14:58:12.425 [Test worker] DEBUG org.opensaml.core.xml.config.XMLConfigurator - Initializing object provider {urn:oasis:names:tc:SAML:1.0:assertion}AttributeStatementType
14:58:12.425 [Test worker] DEBUG org.opensaml.core.xml.config.XMLObjectProviderRegistry - Registering new builder, marshaller, and unmarshaller for {urn:oasis:names:tc:SAML:1.0:assertion}AttributeStatementType
14:58:12.425 [Test worker] DEBUG org.opensaml.core.xml.XMLObjectBuilderFactory - Registering builder org.opensaml.saml.saml1.core.impl.AttributeStatementBuilder under key {urn:oasis:names:tc:SAML:1.0:assertion}AttributeStatementType
14:58:12.425 [Test worker] DEBUG org.opensaml.core.xml.io.MarshallerFactory - Registering marshaller, org.opensaml.saml.saml1.core.impl.AttributeStatementMarshaller, for object type {urn:oasis:names:tc:SAML:1.0:assertion}AttributeStatementType
14:58:12.425 [Test worker] DEBUG org.opensaml.core.xml.io.UnmarshallerFactory - Registering unmarshaller, org.opensaml.saml.saml1.core.impl.AttributeStatementUnmarshaller, for object type, {urn:oasis:names:tc:SAML:1.0:assertion}AttributeStatementType
14:58:12.425 [Test worker] DEBUG org.opensaml.core.xml.config.XMLConfigurator - {urn:oasis:names:tc:SAML:1.0:assertion}AttributeStatementType intialized and configuration cached
14:58:12.425 [Test worker] DEBUG org.opensaml.core.xml.config.XMLConfigurator - Initializing object provider {urn:oasis:names:tc:SAML:1.0:assertion}Audience
14:58:12.425 [Test worker] DEBUG org.opensaml.core.xml.config.XMLObjectProviderRegistry - Registering new builder, marshaller, and unmarshaller for {urn:oasis:names:tc:SAML:1.0:assertion}Audience
14:58:12.425 [Test worker] DEBUG org.opensaml.core.xml.XMLObjectBuilderFactory - Registering builder org.opensaml.saml.saml1.core.impl.AudienceBuilder under key {urn:oasis:names:tc:SAML:1.0:assertion}Audience
14:58:12.425 [Test worker] DEBUG org.opensaml.core.xml.io.MarshallerFactory - Registering marshaller, org.opensaml.saml.saml1.core.impl.AudienceMarshaller, for object type {urn:oasis:names:tc:SAML:1.0:assertion}Audience
14:58:12.425 [Test worker] DEBUG org.opensaml.core.xml.io.UnmarshallerFactory - Registering unmarshaller, org.opensaml.saml.saml1.core.impl.AudienceUnmarshaller, for object type, {urn:oasis:names:tc:SAML:1.0:assertion}Audience
14:58:12.425 [Test worker] DEBUG org.opensaml.core.xml.config.XMLConfigurator - {urn:oasis:names:tc:SAML:1.0:assertion}Audience intialized and configuration cached
14:58:12.425 [Test worker] DEBUG org.opensaml.core.xml.config.XMLConfigurator - Initializing object provider {urn:oasis:names:tc:SAML:1.0:assertion}AudienceRestrictionCondition
14:58:12.425 [Test worker] DEBUG org.opensaml.core.xml.config.XMLObjectProviderRegistry - Registering new builder, marshaller, and unmarshaller for {urn:oasis:names:tc:SAML:1.0:assertion}AudienceRestrictionCondition
14:58:12.425 [Test worker] DEBUG org.opensaml.core.xml.XMLObjectBuilderFactory - Registering builder org.opensaml.saml.saml1.core.impl.AudienceRestrictionConditionBuilder under key {urn:oasis:names:tc:SAML:1.0:assertion}AudienceRestrictionCondition
14:58:12.425 [Test worker] DEBUG org.opensaml.core.xml.io.MarshallerFactory - Registering marshaller, org.opensaml.saml.saml1.core.impl.AudienceRestrictionConditionMarshaller, for object type {urn:oasis:names:tc:SAML:1.0:assertion}AudienceRestrictionCondition
14:58:12.425 [Test worker] DEBUG org.opensaml.core.xml.io.UnmarshallerFactory - Registering unmarshaller, org.opensaml.saml.saml1.core.impl.AudienceRestrictionConditionUnmarshaller, for object type, {urn:oasis:names:tc:SAML:1.0:assertion}AudienceRestrictionCondition
14:58:12.425 [Test worker] DEBUG org.opensaml.core.xml.config.XMLConfigurator - {urn:oasis:names:tc:SAML:1.0:assertion}AudienceRestrictionCondition intialized and configuration cached
14:58:12.425 [Test worker] DEBUG org.opensaml.core.xml.config.XMLConfigurator - Initializing object provider {urn:oasis:names:tc:SAML:1.0:assertion}AudienceRestrictionConditionType
14:58:12.425 [Test worker] DEBUG org.opensaml.core.xml.config.XMLObjectProviderRegistry - Registering new builder, marshaller, and unmarshaller for {urn:oasis:names:tc:SAML:1.0:assertion}AudienceRestrictionConditionType
14:58:12.425 [Test worker] DEBUG org.opensaml.core.xml.XMLObjectBuilderFactory - Registering builder org.opensaml.saml.saml1.core.impl.AudienceRestrictionConditionBuilder under key {urn:oasis:names:tc:SAML:1.0:assertion}AudienceRestrictionConditionType
14:58:12.425 [Test worker] DEBUG org.opensaml.core.xml.io.MarshallerFactory - Registering marshaller, org.opensaml.saml.saml1.core.impl.AudienceRestrictionConditionMarshaller, for object type {urn:oasis:names:tc:SAML:1.0:assertion}AudienceRestrictionConditionType
14:58:12.425 [Test worker] DEBUG org.opensaml.core.xml.io.UnmarshallerFactory - Registering unmarshaller, org.opensaml.saml.saml1.core.impl.AudienceRestrictionConditionUnmarshaller, for object type, {urn:oasis:names:tc:SAML:1.0:assertion}AudienceRestrictionConditionType
14:58:12.425 [Test worker] DEBUG org.opensaml.core.xml.config.XMLConfigurator - {urn:oasis:names:tc:SAML:1.0:assertion}AudienceRestrictionConditionType intialized and configuration cached
14:58:12.425 [Test worker] DEBUG org.opensaml.core.xml.config.XMLConfigurator - Initializing object provider {urn:oasis:names:tc:SAML:1.0:assertion}AuthenticationStatement
14:58:12.426 [Test worker] DEBUG org.opensaml.core.xml.config.XMLObjectProviderRegistry - Registering new builder, marshaller, and unmarshaller for {urn:oasis:names:tc:SAML:1.0:assertion}AuthenticationStatement
14:58:12.426 [Test worker] DEBUG org.opensaml.core.xml.XMLObjectBuilderFactory - Registering builder org.opensaml.saml.saml1.core.impl.AuthenticationStatementBuilder under key {urn:oasis:names:tc:SAML:1.0:assertion}AuthenticationStatement
14:58:12.426 [Test worker] DEBUG org.opensaml.core.xml.io.MarshallerFactory - Registering marshaller, org.opensaml.saml.saml1.core.impl.AuthenticationStatementMarshaller, for object type {urn:oasis:names:tc:SAML:1.0:assertion}AuthenticationStatement
14:58:12.426 [Test worker] DEBUG org.opensaml.core.xml.io.UnmarshallerFactory - Registering unmarshaller, org.opensaml.saml.saml1.core.impl.AuthenticationStatementUnmarshaller, for object type, {urn:oasis:names:tc:SAML:1.0:assertion}AuthenticationStatement
14:58:12.426 [Test worker] DEBUG org.opensaml.core.xml.config.XMLConfigurator - {urn:oasis:names:tc:SAML:1.0:assertion}AuthenticationStatement intialized and configuration cached
14:58:12.426 [Test worker] DEBUG org.opensaml.core.xml.config.XMLConfigurator - Initializing object provider {urn:oasis:names:tc:SAML:1.0:assertion}AuthenticationStatementType
14:58:12.426 [Test worker] DEBUG org.opensaml.core.xml.config.XMLObjectProviderRegistry - Registering new builder, marshaller, and unmarshaller for {urn:oasis:names:tc:SAML:1.0:assertion}AuthenticationStatementType
14:58:12.426 [Test worker] DEBUG org.opensaml.core.xml.XMLObjectBuilderFactory - Registering builder org.opensaml.saml.saml1.core.impl.AuthenticationStatementBuilder under key {urn:oasis:names:tc:SAML:1.0:assertion}AuthenticationStatementType
14:58:12.426 [Test worker] DEBUG org.opensaml.core.xml.io.MarshallerFactory - Registering marshaller, org.opensaml.saml.saml1.core.impl.AuthenticationStatementMarshaller, for object type {urn:oasis:names:tc:SAML:1.0:assertion}AuthenticationStatementType
14:58:12.426 [Test worker] DEBUG org.opensaml.core.xml.io.UnmarshallerFactory - Registering unmarshaller, org.opensaml.saml.saml1.core.impl.AuthenticationStatementUnmarshaller, for object type, {urn:oasis:names:tc:SAML:1.0:assertion}AuthenticationStatementType
14:58:12.426 [Test worker] DEBUG org.opensaml.core.xml.config.XMLConfigurator - {urn:oasis:names:tc:SAML:1.0:assertion}AuthenticationStatementType intialized and configuration cached
14:58:12.426 [Test worker] DEBUG org.opensaml.core.xml.config.XMLConfigurator - Initializing object provider {urn:oasis:names:tc:SAML:1.0:assertion}AuthorityBinding
14:58:12.426 [Test worker] DEBUG org.opensaml.core.xml.config.XMLObjectProviderRegistry - Registering new builder, marshaller, and unmarshaller for {urn:oasis:names:tc:SAML:1.0:assertion}AuthorityBinding
14:58:12.426 [Test worker] DEBUG org.opensaml.core.xml.XMLObjectBuilderFactory - Registering builder org.opensaml.saml.saml1.core.impl.AuthorityBindingBuilder under key {urn:oasis:names:tc:SAML:1.0:assertion}AuthorityBinding
14:58:12.426 [Test worker] DEBUG org.opensaml.core.xml.io.MarshallerFactory - Registering marshaller, org.opensaml.saml.saml1.core.impl.AuthorityBindingMarshaller, for object type {urn:oasis:names:tc:SAML:1.0:assertion}AuthorityBinding
14:58:12.426 [Test worker] DEBUG org.opensaml.core.xml.io.UnmarshallerFactory - Registering unmarshaller, org.opensaml.saml.saml1.core.impl.AuthorityBindingUnmarshaller, for object type, {urn:oasis:names:tc:SAML:1.0:assertion}AuthorityBinding
14:58:12.426 [Test worker] DEBUG org.opensaml.core.xml.config.XMLConfigurator - {urn:oasis:names:tc:SAML:1.0:assertion}AuthorityBinding intialized and configuration cached
14:58:12.426 [Test worker] DEBUG org.opensaml.core.xml.config.XMLConfigurator - Initializing object provider {urn:oasis:names:tc:SAML:1.0:assertion}AuthorityBindingType
14:58:12.426 [Test worker] DEBUG org.opensaml.core.xml.config.XMLObjectProviderRegistry - Registering new builder, marshaller, and unmarshaller for {urn:oasis:names:tc:SAML:1.0:assertion}AuthorityBindingType
14:58:12.426 [Test worker] DEBUG org.opensaml.core.xml.XMLObjectBuilderFactory - Registering builder org.opensaml.saml.saml1.core.impl.AuthorityBindingBuilder under key {urn:oasis:names:tc:SAML:1.0:assertion}AuthorityBindingType
14:58:12.426 [Test worker] DEBUG org.opensaml.core.xml.io.MarshallerFactory - Registering marshaller, org.opensaml.saml.saml1.core.impl.AuthorityBindingMarshaller, for object type {urn:oasis:names:tc:SAML:1.0:assertion}AuthorityBindingType
14:58:12.426 [Test worker] DEBUG org.opensaml.core.xml.io.UnmarshallerFactory - Registering unmarshaller, org.opensaml.saml.saml1.core.impl.AuthorityBindingUnmarshaller, for object type, {urn:oasis:names:tc:SAML:1.0:assertion}AuthorityBindingType
14:58:12.426 [Test worker] DEBUG org.opensaml.core.xml.config.XMLConfigurator - {urn:oasis:names:tc:SAML:1.0:assertion}AuthorityBindingType intialized and configuration cached
14:58:12.426 [Test worker] DEBUG org.opensaml.core.xml.config.XMLConfigurator - Initializing object provider {urn:oasis:names:tc:SAML:1.0:assertion}AuthorizationDecisionStatement
14:58:12.426 [Test worker] DEBUG org.opensaml.core.xml.config.XMLObjectProviderRegistry - Registering new builder, marshaller, and unmarshaller for {urn:oasis:names:tc:SAML:1.0:assertion}AuthorizationDecisionStatement
14:58:12.426 [Test worker] DEBUG org.opensaml.core.xml.XMLObjectBuilderFactory - Registering builder org.opensaml.saml.saml1.core.impl.AuthorizationDecisionStatementBuilder under key {urn:oasis:names:tc:SAML:1.0:assertion}AuthorizationDecisionStatement
14:58:12.426 [Test worker] DEBUG org.opensaml.core.xml.io.MarshallerFactory - Registering marshaller, org.opensaml.saml.saml1.core.impl.AuthorizationDecisionStatementMarshaller, for object type {urn:oasis:names:tc:SAML:1.0:assertion}AuthorizationDecisionStatement
14:58:12.426 [Test worker] DEBUG org.opensaml.core.xml.io.UnmarshallerFactory - Registering unmarshaller, org.opensaml.saml.saml1.core.impl.AuthorizationDecisionStatementUnmarshaller, for object type, {urn:oasis:names:tc:SAML:1.0:assertion}AuthorizationDecisionStatement
14:58:12.426 [Test worker] DEBUG org.opensaml.core.xml.config.XMLConfigurator - {urn:oasis:names:tc:SAML:1.0:assertion}AuthorizationDecisionStatement intialized and configuration cached
14:58:12.426 [Test worker] DEBUG org.opensaml.core.xml.config.XMLConfigurator - Initializing object provider {urn:oasis:names:tc:SAML:1.0:assertion}AuthorizationDecisionStatementType
14:58:12.426 [Test worker] DEBUG org.opensaml.core.xml.config.XMLObjectProviderRegistry - Registering new builder, marshaller, and unmarshaller for {urn:oasis:names:tc:SAML:1.0:assertion}AuthorizationDecisionStatementType
14:58:12.426 [Test worker] DEBUG org.opensaml.core.xml.XMLObjectBuilderFactory - Registering builder org.opensaml.saml.saml1.core.impl.AuthorizationDecisionStatementBuilder under key {urn:oasis:names:tc:SAML:1.0:assertion}AuthorizationDecisionStatementType
14:58:12.426 [Test worker] DEBUG org.opensaml.core.xml.io.MarshallerFactory - Registering marshaller, org.opensaml.saml.saml1.core.impl.AuthorizationDecisionStatementMarshaller, for object type {urn:oasis:names:tc:SAML:1.0:assertion}AuthorizationDecisionStatementType
14:58:12.426 [Test worker] DEBUG org.opensaml.core.xml.io.UnmarshallerFactory - Registering unmarshaller, org.opensaml.saml.saml1.core.impl.AuthorizationDecisionStatementUnmarshaller, for object type, {urn:oasis:names:tc:SAML:1.0:assertion}AuthorizationDecisionStatementType
14:58:12.426 [Test worker] DEBUG org.opensaml.core.xml.config.XMLConfigurator - {urn:oasis:names:tc:SAML:1.0:assertion}AuthorizationDecisionStatementType intialized and configuration cached
14:58:12.426 [Test worker] DEBUG org.opensaml.core.xml.config.XMLConfigurator - Initializing object provider {urn:oasis:names:tc:SAML:1.0:assertion}Conditions
14:58:12.426 [Test worker] DEBUG org.opensaml.core.xml.config.XMLObjectProviderRegistry - Registering new builder, marshaller, and unmarshaller for {urn:oasis:names:tc:SAML:1.0:assertion}Conditions
14:58:12.426 [Test worker] DEBUG org.opensaml.core.xml.XMLObjectBuilderFactory - Registering builder org.opensaml.saml.saml1.core.impl.ConditionsBuilder under key {urn:oasis:names:tc:SAML:1.0:assertion}Conditions
14:58:12.426 [Test worker] DEBUG org.opensaml.core.xml.io.MarshallerFactory - Registering marshaller, org.opensaml.saml.saml1.core.impl.ConditionsMarshaller, for object type {urn:oasis:names:tc:SAML:1.0:assertion}Conditions
14:58:12.426 [Test worker] DEBUG org.opensaml.core.xml.io.UnmarshallerFactory - Registering unmarshaller, org.opensaml.saml.saml1.core.impl.ConditionsUnmarshaller, for object type, {urn:oasis:names:tc:SAML:1.0:assertion}Conditions
14:58:12.426 [Test worker] DEBUG org.opensaml.core.xml.config.XMLConfigurator - {urn:oasis:names:tc:SAML:1.0:assertion}Conditions intialized and configuration cached
14:58:12.426 [Test worker] DEBUG org.opensaml.core.xml.config.XMLConfigurator - Initializing object provider {urn:oasis:names:tc:SAML:1.0:assertion}ConditionsType
14:58:12.426 [Test worker] DEBUG org.opensaml.core.xml.config.XMLObjectProviderRegistry - Registering new builder, marshaller, and unmarshaller for {urn:oasis:names:tc:SAML:1.0:assertion}ConditionsType
14:58:12.426 [Test worker] DEBUG org.opensaml.core.xml.XMLObjectBuilderFactory - Registering builder org.opensaml.saml.saml1.core.impl.ConditionsBuilder under key {urn:oasis:names:tc:SAML:1.0:assertion}ConditionsType
14:58:12.426 [Test worker] DEBUG org.opensaml.core.xml.io.MarshallerFactory - Registering marshaller, org.opensaml.saml.saml1.core.impl.ConditionsMarshaller, for object type {urn:oasis:names:tc:SAML:1.0:assertion}ConditionsType
14:58:12.426 [Test worker] DEBUG org.opensaml.core.xml.io.UnmarshallerFactory - Registering unmarshaller, org.opensaml.saml.saml1.core.impl.ConditionsUnmarshaller, for object type, {urn:oasis:names:tc:SAML:1.0:assertion}ConditionsType
14:58:12.426 [Test worker] DEBUG org.opensaml.core.xml.config.XMLConfigurator - {urn:oasis:names:tc:SAML:1.0:assertion}ConditionsType intialized and configuration cached
14:58:12.426 [Test worker] DEBUG org.opensaml.core.xml.config.XMLConfigurator - Initializing object provider {urn:oasis:names:tc:SAML:1.0:assertion}ConfirmationMethod
14:58:12.426 [Test worker] DEBUG org.opensaml.core.xml.config.XMLObjectProviderRegistry - Registering new builder, marshaller, and unmarshaller for {urn:oasis:names:tc:SAML:1.0:assertion}ConfirmationMethod
14:58:12.426 [Test worker] DEBUG org.opensaml.core.xml.XMLObjectBuilderFactory - Registering builder org.opensaml.saml.saml1.core.impl.ConfirmationMethodBuilder under key {urn:oasis:names:tc:SAML:1.0:assertion}ConfirmationMethod
14:58:12.426 [Test worker] DEBUG org.opensaml.core.xml.io.MarshallerFactory - Registering marshaller, org.opensaml.saml.saml1.core.impl.ConfirmationMethodMarshaller, for object type {urn:oasis:names:tc:SAML:1.0:assertion}ConfirmationMethod
14:58:12.426 [Test worker] DEBUG org.opensaml.core.xml.io.UnmarshallerFactory - Registering unmarshaller, org.opensaml.saml.saml1.core.impl.ConfirmationMethodUnmarshaller, for object type, {urn:oasis:names:tc:SAML:1.0:assertion}ConfirmationMethod
14:58:12.426 [Test worker] DEBUG org.opensaml.core.xml.config.XMLConfigurator - {urn:oasis:names:tc:SAML:1.0:assertion}ConfirmationMethod intialized and configuration cached
14:58:12.426 [Test worker] DEBUG org.opensaml.core.xml.config.XMLConfigurator - Initializing object provider {urn:oasis:names:tc:SAML:1.0:assertion}DoNotCacheCondition
14:58:12.426 [Test worker] DEBUG org.opensaml.core.xml.config.XMLObjectProviderRegistry - Registering new builder, marshaller, and unmarshaller for {urn:oasis:names:tc:SAML:1.0:assertion}DoNotCacheCondition
14:58:12.426 [Test worker] DEBUG org.opensaml.core.xml.XMLObjectBuilderFactory - Registering builder org.opensaml.saml.saml1.core.impl.DoNotCacheConditionBuilder under key {urn:oasis:names:tc:SAML:1.0:assertion}DoNotCacheCondition
14:58:12.426 [Test worker] DEBUG org.opensaml.core.xml.io.MarshallerFactory - Registering marshaller, org.opensaml.saml.saml1.core.impl.DoNotCacheConditionMarshaller, for object type {urn:oasis:names:tc:SAML:1.0:assertion}DoNotCacheCondition
14:58:12.426 [Test worker] DEBUG org.opensaml.core.xml.io.UnmarshallerFactory - Registering unmarshaller, org.opensaml.saml.saml1.core.impl.DoNotCacheConditionUnmarshaller, for object type, {urn:oasis:names:tc:SAML:1.0:assertion}DoNotCacheCondition
14:58:12.426 [Test worker] DEBUG org.opensaml.core.xml.config.XMLConfigurator - {urn:oasis:names:tc:SAML:1.0:assertion}DoNotCacheCondition intialized and configuration cached
14:58:12.426 [Test worker] DEBUG org.opensaml.core.xml.config.XMLConfigurator - Initializing object provider {urn:oasis:names:tc:SAML:1.0:assertion}DoNotCacheConditionType
14:58:12.426 [Test worker] DEBUG org.opensaml.core.xml.config.XMLObjectProviderRegistry - Registering new builder, marshaller, and unmarshaller for {urn:oasis:names:tc:SAML:1.0:assertion}DoNotCacheConditionType
14:58:12.426 [Test worker] DEBUG org.opensaml.core.xml.XMLObjectBuilderFactory - Registering builder org.opensaml.saml.saml1.core.impl.DoNotCacheConditionBuilder under key {urn:oasis:names:tc:SAML:1.0:assertion}DoNotCacheConditionType
14:58:12.426 [Test worker] DEBUG org.opensaml.core.xml.io.MarshallerFactory - Registering marshaller, org.opensaml.saml.saml1.core.impl.DoNotCacheConditionMarshaller, for object type {urn:oasis:names:tc:SAML:1.0:assertion}DoNotCacheConditionType
14:58:12.426 [Test worker] DEBUG org.opensaml.core.xml.io.UnmarshallerFactory - Registering unmarshaller, org.opensaml.saml.saml1.core.impl.DoNotCacheConditionUnmarshaller, for object type, {urn:oasis:names:tc:SAML:1.0:assertion}DoNotCacheConditionType
14:58:12.427 [Test worker] DEBUG org.opensaml.core.xml.config.XMLConfigurator - {urn:oasis:names:tc:SAML:1.0:assertion}DoNotCacheConditionType intialized and configuration cached
14:58:12.427 [Test worker] DEBUG org.opensaml.core.xml.config.XMLConfigurator - Initializing object provider {urn:oasis:names:tc:SAML:1.0:assertion}Evidence
14:58:12.427 [Test worker] DEBUG org.opensaml.core.xml.config.XMLObjectProviderRegistry - Registering new builder, marshaller, and unmarshaller for {urn:oasis:names:tc:SAML:1.0:assertion}Evidence
14:58:12.427 [Test worker] DEBUG org.opensaml.core.xml.XMLObjectBuilderFactory - Registering builder org.opensaml.saml.saml1.core.impl.EvidenceBuilder under key {urn:oasis:names:tc:SAML:1.0:assertion}Evidence
14:58:12.427 [Test worker] DEBUG org.opensaml.core.xml.io.MarshallerFactory - Registering marshaller, org.opensaml.saml.saml1.core.impl.EvidenceMarshaller, for object type {urn:oasis:names:tc:SAML:1.0:assertion}Evidence
14:58:12.427 [Test worker] DEBUG org.opensaml.core.xml.io.UnmarshallerFactory - Registering unmarshaller, org.opensaml.saml.saml1.core.impl.EvidenceUnmarshaller, for object type, {urn:oasis:names:tc:SAML:1.0:assertion}Evidence
14:58:12.427 [Test worker] DEBUG org.opensaml.core.xml.config.XMLConfigurator - {urn:oasis:names:tc:SAML:1.0:assertion}Evidence intialized and configuration cached
14:58:12.427 [Test worker] DEBUG org.opensaml.core.xml.config.XMLConfigurator - Initializing object provider {urn:oasis:names:tc:SAML:1.0:assertion}EvidenceType
14:58:12.427 [Test worker] DEBUG org.opensaml.core.xml.config.XMLObjectProviderRegistry - Registering new builder, marshaller, and unmarshaller for {urn:oasis:names:tc:SAML:1.0:assertion}EvidenceType
14:58:12.427 [Test worker] DEBUG org.opensaml.core.xml.XMLObjectBuilderFactory - Registering builder org.opensaml.saml.saml1.core.impl.EvidenceBuilder under key {urn:oasis:names:tc:SAML:1.0:assertion}EvidenceType
14:58:12.427 [Test worker] DEBUG org.opensaml.core.xml.io.MarshallerFactory - Registering marshaller, org.opensaml.saml.saml1.core.impl.EvidenceMarshaller, for object type {urn:oasis:names:tc:SAML:1.0:assertion}EvidenceType
14:58:12.427 [Test worker] DEBUG org.opensaml.core.xml.io.UnmarshallerFactory - Registering unmarshaller, org.opensaml.saml.saml1.core.impl.EvidenceUnmarshaller, for object type, {urn:oasis:names:tc:SAML:1.0:assertion}EvidenceType
14:58:12.427 [Test worker] DEBUG org.opensaml.core.xml.config.XMLConfigurator - {urn:oasis:names:tc:SAML:1.0:assertion}EvidenceType intialized and configuration cached
14:58:12.427 [Test worker] DEBUG org.opensaml.core.xml.config.XMLConfigurator - Initializing object provider {urn:oasis:names:tc:SAML:1.0:assertion}NameIdentifier
14:58:12.427 [Test worker] DEBUG org.opensaml.core.xml.config.XMLObjectProviderRegistry - Registering new builder, marshaller, and unmarshaller for {urn:oasis:names:tc:SAML:1.0:assertion}NameIdentifier
14:58:12.427 [Test worker] DEBUG org.opensaml.core.xml.XMLObjectBuilderFactory - Registering builder org.opensaml.saml.saml1.core.impl.NameIdentifierBuilder under key {urn:oasis:names:tc:SAML:1.0:assertion}NameIdentifier
14:58:12.427 [Test worker] DEBUG org.opensaml.core.xml.io.MarshallerFactory - Registering marshaller, org.opensaml.saml.saml1.core.impl.NameIdentifierMarshaller, for object type {urn:oasis:names:tc:SAML:1.0:assertion}NameIdentifier
14:58:12.427 [Test worker] DEBUG org.opensaml.core.xml.io.UnmarshallerFactory - Registering unmarshaller, org.opensaml.saml.saml1.core.impl.NameIdentifierUnmarshaller, for object type, {urn:oasis:names:tc:SAML:1.0:assertion}NameIdentifier
14:58:12.427 [Test worker] DEBUG org.opensaml.core.xml.config.XMLConfigurator - {urn:oasis:names:tc:SAML:1.0:assertion}NameIdentifier intialized and configuration cached
14:58:12.427 [Test worker] DEBUG org.opensaml.core.xml.config.XMLConfigurator - Initializing object provider {urn:oasis:names:tc:SAML:1.0:assertion}NameIdentifierType
14:58:12.427 [Test worker] DEBUG org.opensaml.core.xml.config.XMLObjectProviderRegistry - Registering new builder, marshaller, and unmarshaller for {urn:oasis:names:tc:SAML:1.0:assertion}NameIdentifierType
14:58:12.427 [Test worker] DEBUG org.opensaml.core.xml.XMLObjectBuilderFactory - Registering builder org.opensaml.saml.saml1.core.impl.NameIdentifierBuilder under key {urn:oasis:names:tc:SAML:1.0:assertion}NameIdentifierType
14:58:12.427 [Test worker] DEBUG org.opensaml.core.xml.io.MarshallerFactory - Registering marshaller, org.opensaml.saml.saml1.core.impl.NameIdentifierMarshaller, for object type {urn:oasis:names:tc:SAML:1.0:assertion}NameIdentifierType
14:58:12.427 [Test worker] DEBUG org.opensaml.core.xml.io.UnmarshallerFactory - Registering unmarshaller, org.opensaml.saml.saml1.core.impl.NameIdentifierUnmarshaller, for object type, {urn:oasis:names:tc:SAML:1.0:assertion}NameIdentifierType
14:58:12.427 [Test worker] DEBUG org.opensaml.core.xml.config.XMLConfigurator - {urn:oasis:names:tc:SAML:1.0:assertion}NameIdentifierType intialized and configuration cached
14:58:12.427 [Test worker] DEBUG org.opensaml.core.xml.config.XMLConfigurator - Initializing object provider {urn:oasis:names:tc:SAML:1.0:assertion}Subject
14:58:12.427 [Test worker] DEBUG org.opensaml.core.xml.config.XMLObjectProviderRegistry - Registering new builder, marshaller, and unmarshaller for {urn:oasis:names:tc:SAML:1.0:assertion}Subject
14:58:12.427 [Test worker] DEBUG org.opensaml.core.xml.XMLObjectBuilderFactory - Registering builder org.opensaml.saml.saml1.core.impl.SubjectBuilder under key {urn:oasis:names:tc:SAML:1.0:assertion}Subject
14:58:12.427 [Test worker] DEBUG org.opensaml.core.xml.io.MarshallerFactory - Registering marshaller, org.opensaml.saml.saml1.core.impl.SubjectMarshaller, for object type {urn:oasis:names:tc:SAML:1.0:assertion}Subject
14:58:12.427 [Test worker] DEBUG org.opensaml.core.xml.io.UnmarshallerFactory - Registering unmarshaller, org.opensaml.saml.saml1.core.impl.SubjectUnmarshaller, for object type, {urn:oasis:names:tc:SAML:1.0:assertion}Subject
14:58:12.427 [Test worker] DEBUG org.opensaml.core.xml.config.XMLConfigurator - {urn:oasis:names:tc:SAML:1.0:assertion}Subject intialized and configuration cached
14:58:12.427 [Test worker] DEBUG org.opensaml.core.xml.config.XMLConfigurator - Initializing object provider {urn:oasis:names:tc:SAML:1.0:assertion}SubjectType
14:58:12.427 [Test worker] DEBUG org.opensaml.core.xml.config.XMLObjectProviderRegistry - Registering new builder, marshaller, and unmarshaller for {urn:oasis:names:tc:SAML:1.0:assertion}SubjectType
14:58:12.427 [Test worker] DEBUG org.opensaml.core.xml.XMLObjectBuilderFactory - Registering builder org.opensaml.saml.saml1.core.impl.SubjectBuilder under key {urn:oasis:names:tc:SAML:1.0:assertion}SubjectType
14:58:12.427 [Test worker] DEBUG org.opensaml.core.xml.io.MarshallerFactory - Registering marshaller, org.opensaml.saml.saml1.core.impl.SubjectMarshaller, for object type {urn:oasis:names:tc:SAML:1.0:assertion}SubjectType
14:58:12.427 [Test worker] DEBUG org.opensaml.core.xml.io.UnmarshallerFactory - Registering unmarshaller, org.opensaml.saml.saml1.core.impl.SubjectUnmarshaller, for object type, {urn:oasis:names:tc:SAML:1.0:assertion}SubjectType
14:58:12.427 [Test worker] DEBUG org.opensaml.core.xml.config.XMLConfigurator - {urn:oasis:names:tc:SAML:1.0:assertion}SubjectType intialized and configuration cached
14:58:12.427 [Test worker] DEBUG org.opensaml.core.xml.config.XMLConfigurator - Initializing object provider {urn:oasis:names:tc:SAML:1.0:assertion}SubjectConfirmation
14:58:12.427 [Test worker] DEBUG org.opensaml.core.xml.config.XMLObjectProviderRegistry - Registering new builder, marshaller, and unmarshaller for {urn:oasis:names:tc:SAML:1.0:assertion}SubjectConfirmation
14:58:12.427 [Test worker] DEBUG org.opensaml.core.xml.XMLObjectBuilderFactory - Registering builder org.opensaml.saml.saml1.core.impl.SubjectConfirmationBuilder under key {urn:oasis:names:tc:SAML:1.0:assertion}SubjectConfirmation
14:58:12.427 [Test worker] DEBUG org.opensaml.core.xml.io.MarshallerFactory - Registering marshaller, org.opensaml.saml.saml1.core.impl.SubjectConfirmationMarshaller, for object type {urn:oasis:names:tc:SAML:1.0:assertion}SubjectConfirmation
14:58:12.427 [Test worker] DEBUG org.opensaml.core.xml.io.UnmarshallerFactory - Registering unmarshaller, org.opensaml.saml.saml1.core.impl.SubjectConfirmationUnmarshaller, for object type, {urn:oasis:names:tc:SAML:1.0:assertion}SubjectConfirmation
14:58:12.427 [Test worker] DEBUG org.opensaml.core.xml.config.XMLConfigurator - {urn:oasis:names:tc:SAML:1.0:assertion}SubjectConfirmation intialized and configuration cached
14:58:12.427 [Test worker] DEBUG org.opensaml.core.xml.config.XMLConfigurator - Initializing object provider {urn:oasis:names:tc:SAML:1.0:assertion}SubjectConfirmationType
14:58:12.427 [Test worker] DEBUG org.opensaml.core.xml.config.XMLObjectProviderRegistry - Registering new builder, marshaller, and unmarshaller for {urn:oasis:names:tc:SAML:1.0:assertion}SubjectConfirmationType
14:58:12.427 [Test worker] DEBUG org.opensaml.core.xml.XMLObjectBuilderFactory - Registering builder org.opensaml.saml.saml1.core.impl.SubjectConfirmationBuilder under key {urn:oasis:names:tc:SAML:1.0:assertion}SubjectConfirmationType
14:58:12.427 [Test worker] DEBUG org.opensaml.core.xml.io.MarshallerFactory - Registering marshaller, org.opensaml.saml.saml1.core.impl.SubjectConfirmationMarshaller, for object type {urn:oasis:names:tc:SAML:1.0:assertion}SubjectConfirmationType
14:58:12.427 [Test worker] DEBUG org.opensaml.core.xml.io.UnmarshallerFactory - Registering unmarshaller, org.opensaml.saml.saml1.core.impl.SubjectConfirmationUnmarshaller, for object type, {urn:oasis:names:tc:SAML:1.0:assertion}SubjectConfirmationType
14:58:12.427 [Test worker] DEBUG org.opensaml.core.xml.config.XMLConfigurator - {urn:oasis:names:tc:SAML:1.0:assertion}SubjectConfirmationType intialized and configuration cached
14:58:12.427 [Test worker] DEBUG org.opensaml.core.xml.config.XMLConfigurator - Initializing object provider {urn:oasis:names:tc:SAML:1.0:assertion}SubjectLocality
14:58:12.427 [Test worker] DEBUG org.opensaml.core.xml.config.XMLObjectProviderRegistry - Registering new builder, marshaller, and unmarshaller for {urn:oasis:names:tc:SAML:1.0:assertion}SubjectLocality
14:58:12.427 [Test worker] DEBUG org.opensaml.core.xml.XMLObjectBuilderFactory - Registering builder org.opensaml.saml.saml1.core.impl.SubjectLocalityBuilder under key {urn:oasis:names:tc:SAML:1.0:assertion}SubjectLocality
14:58:12.427 [Test worker] DEBUG org.opensaml.core.xml.io.MarshallerFactory - Registering marshaller, org.opensaml.saml.saml1.core.impl.SubjectLocalityMarshaller, for object type {urn:oasis:names:tc:SAML:1.0:assertion}SubjectLocality
14:58:12.427 [Test worker] DEBUG org.opensaml.core.xml.io.UnmarshallerFactory - Registering unmarshaller, org.opensaml.saml.saml1.core.impl.SubjectLocalityUnmarshaller, for object type, {urn:oasis:names:tc:SAML:1.0:assertion}SubjectLocality
14:58:12.427 [Test worker] DEBUG org.opensaml.core.xml.config.XMLConfigurator - {urn:oasis:names:tc:SAML:1.0:assertion}SubjectLocality intialized and configuration cached
14:58:12.427 [Test worker] DEBUG org.opensaml.core.xml.config.XMLConfigurator - Initializing object provider {urn:oasis:names:tc:SAML:1.0:assertion}SubjectLocalityType
14:58:12.427 [Test worker] DEBUG org.opensaml.core.xml.config.XMLObjectProviderRegistry - Registering new builder, marshaller, and unmarshaller for {urn:oasis:names:tc:SAML:1.0:assertion}SubjectLocalityType
14:58:12.427 [Test worker] DEBUG org.opensaml.core.xml.XMLObjectBuilderFactory - Registering builder org.opensaml.saml.saml1.core.impl.SubjectLocalityBuilder under key {urn:oasis:names:tc:SAML:1.0:assertion}SubjectLocalityType
14:58:12.427 [Test worker] DEBUG org.opensaml.core.xml.io.MarshallerFactory - Registering marshaller, org.opensaml.saml.saml1.core.impl.SubjectLocalityMarshaller, for object type {urn:oasis:names:tc:SAML:1.0:assertion}SubjectLocalityType
14:58:12.427 [Test worker] DEBUG org.opensaml.core.xml.io.UnmarshallerFactory - Registering unmarshaller, org.opensaml.saml.saml1.core.impl.SubjectLocalityUnmarshaller, for object type, {urn:oasis:names:tc:SAML:1.0:assertion}SubjectLocalityType
14:58:12.427 [Test worker] DEBUG org.opensaml.core.xml.config.XMLConfigurator - {urn:oasis:names:tc:SAML:1.0:assertion}SubjectLocalityType intialized and configuration cached
14:58:12.427 [Test worker] DEBUG org.opensaml.core.xml.config.XMLConfigurator - ObjectProviders load complete
14:58:12.427 [Test worker] DEBUG org.opensaml.core.xml.config.AbstractXMLObjectProviderInitializer - Loading XMLObject provider configuration from resource 'saml1-metadata-config.xml'
14:58:12.428 [Test worker] DEBUG org.opensaml.core.xml.config.XMLConfigurator - Loading configuration from XML Document
14:58:12.428 [Test worker] DEBUG org.opensaml.core.xml.config.XMLConfigurator - Schema validating configuration Document
14:58:12.429 [Test worker] DEBUG org.opensaml.core.xml.config.XMLConfigurator - Configuration document validated
14:58:12.429 [Test worker] DEBUG org.opensaml.core.xml.config.XMLConfigurator - Preparing to load ObjectProviders
14:58:12.429 [Test worker] DEBUG org.opensaml.core.xml.config.XMLConfigurator - Initializing object provider {urn:oasis:names:tc:SAML:profiles:v1metadata}SourceID
14:58:12.429 [Test worker] DEBUG org.opensaml.core.xml.config.XMLObjectProviderRegistry - Registering new builder, marshaller, and unmarshaller for {urn:oasis:names:tc:SAML:profiles:v1metadata}SourceID
14:58:12.429 [Test worker] DEBUG org.opensaml.core.xml.XMLObjectBuilderFactory - Registering builder org.opensaml.saml.ext.saml1md.impl.SourceIDBuilder under key {urn:oasis:names:tc:SAML:profiles:v1metadata}SourceID
14:58:12.429 [Test worker] DEBUG org.opensaml.core.xml.io.MarshallerFactory - Registering marshaller, org.opensaml.core.xml.schema.impl.XSStringMarshaller, for object type {urn:oasis:names:tc:SAML:profiles:v1metadata}SourceID
14:58:12.429 [Test worker] DEBUG org.opensaml.core.xml.io.UnmarshallerFactory - Registering unmarshaller, org.opensaml.core.xml.schema.impl.XSStringUnmarshaller, for object type, {urn:oasis:names:tc:SAML:profiles:v1metadata}SourceID
14:58:12.429 [Test worker] DEBUG org.opensaml.core.xml.config.XMLConfigurator - {urn:oasis:names:tc:SAML:profiles:v1metadata}SourceID intialized and configuration cached
14:58:12.429 [Test worker] DEBUG org.opensaml.core.xml.config.XMLConfigurator - ObjectProviders load complete
14:58:12.429 [Test worker] DEBUG org.opensaml.core.xml.config.AbstractXMLObjectProviderInitializer - Loading XMLObject provider configuration from resource 'saml1-protocol-config.xml'
14:58:12.430 [Test worker] DEBUG org.opensaml.core.xml.config.XMLConfigurator - Loading configuration from XML Document
14:58:12.430 [Test worker] DEBUG org.opensaml.core.xml.config.XMLConfigurator - Schema validating configuration Document
14:58:12.431 [Test worker] DEBUG org.opensaml.core.xml.config.XMLConfigurator - Configuration document validated
14:58:12.431 [Test worker] DEBUG org.opensaml.core.xml.config.XMLConfigurator - Preparing to load ObjectProviders
14:58:12.431 [Test worker] DEBUG org.opensaml.core.xml.config.XMLConfigurator - Initializing object provider {urn:oasis:names:tc:SAML:1.0:protocol}AssertionArtifact
14:58:12.431 [Test worker] DEBUG org.opensaml.core.xml.config.XMLObjectProviderRegistry - Registering new builder, marshaller, and unmarshaller for {urn:oasis:names:tc:SAML:1.0:protocol}AssertionArtifact
14:58:12.431 [Test worker] DEBUG org.opensaml.core.xml.XMLObjectBuilderFactory - Registering builder org.opensaml.saml.saml1.core.impl.AssertionArtifactBuilder under key {urn:oasis:names:tc:SAML:1.0:protocol}AssertionArtifact
14:58:12.431 [Test worker] DEBUG org.opensaml.core.xml.io.MarshallerFactory - Registering marshaller, org.opensaml.saml.saml1.core.impl.AssertionArtifactMarshaller, for object type {urn:oasis:names:tc:SAML:1.0:protocol}AssertionArtifact
14:58:12.431 [Test worker] DEBUG org.opensaml.core.xml.io.UnmarshallerFactory - Registering unmarshaller, org.opensaml.saml.saml1.core.impl.AssertionArtifactUnmarshaller, for object type, {urn:oasis:names:tc:SAML:1.0:protocol}AssertionArtifact
14:58:12.431 [Test worker] DEBUG org.opensaml.core.xml.config.XMLConfigurator - {urn:oasis:names:tc:SAML:1.0:protocol}AssertionArtifact intialized and configuration cached
14:58:12.431 [Test worker] DEBUG org.opensaml.core.xml.config.XMLConfigurator - Initializing object provider {urn:oasis:names:tc:SAML:1.0:protocol}AttributeQuery
14:58:12.431 [Test worker] DEBUG org.opensaml.core.xml.config.XMLObjectProviderRegistry - Registering new builder, marshaller, and unmarshaller for {urn:oasis:names:tc:SAML:1.0:protocol}AttributeQuery
14:58:12.431 [Test worker] DEBUG org.opensaml.core.xml.XMLObjectBuilderFactory - Registering builder org.opensaml.saml.saml1.core.impl.AttributeQueryBuilder under key {urn:oasis:names:tc:SAML:1.0:protocol}AttributeQuery
14:58:12.431 [Test worker] DEBUG org.opensaml.core.xml.io.MarshallerFactory - Registering marshaller, org.opensaml.saml.saml1.core.impl.AttributeQueryMarshaller, for object type {urn:oasis:names:tc:SAML:1.0:protocol}AttributeQuery
14:58:12.431 [Test worker] DEBUG org.opensaml.core.xml.io.UnmarshallerFactory - Registering unmarshaller, org.opensaml.saml.saml1.core.impl.AttributeQueryUnmarshaller, for object type, {urn:oasis:names:tc:SAML:1.0:protocol}AttributeQuery
14:58:12.431 [Test worker] DEBUG org.opensaml.core.xml.config.XMLConfigurator - {urn:oasis:names:tc:SAML:1.0:protocol}AttributeQuery intialized and configuration cached
14:58:12.431 [Test worker] DEBUG org.opensaml.core.xml.config.XMLConfigurator - Initializing object provider {urn:oasis:names:tc:SAML:1.0:protocol}AttributeQueryType
14:58:12.431 [Test worker] DEBUG org.opensaml.core.xml.config.XMLObjectProviderRegistry - Registering new builder, marshaller, and unmarshaller for {urn:oasis:names:tc:SAML:1.0:protocol}AttributeQueryType
14:58:12.431 [Test worker] DEBUG org.opensaml.core.xml.XMLObjectBuilderFactory - Registering builder org.opensaml.saml.saml1.core.impl.AttributeQueryBuilder under key {urn:oasis:names:tc:SAML:1.0:protocol}AttributeQueryType
14:58:12.431 [Test worker] DEBUG org.opensaml.core.xml.io.MarshallerFactory - Registering marshaller, org.opensaml.saml.saml1.core.impl.AttributeQueryMarshaller, for object type {urn:oasis:names:tc:SAML:1.0:protocol}AttributeQueryType
14:58:12.431 [Test worker] DEBUG org.opensaml.core.xml.io.UnmarshallerFactory - Registering unmarshaller, org.opensaml.saml.saml1.core.impl.AttributeQueryUnmarshaller, for object type, {urn:oasis:names:tc:SAML:1.0:protocol}AttributeQueryType
14:58:12.431 [Test worker] DEBUG org.opensaml.core.xml.config.XMLConfigurator - {urn:oasis:names:tc:SAML:1.0:protocol}AttributeQueryType intialized and configuration cached
14:58:12.431 [Test worker] DEBUG org.opensaml.core.xml.config.XMLConfigurator - Initializing object provider {urn:oasis:names:tc:SAML:1.0:protocol}AuthenticationQuery
14:58:12.431 [Test worker] DEBUG org.opensaml.core.xml.config.XMLObjectProviderRegistry - Registering new builder, marshaller, and unmarshaller for {urn:oasis:names:tc:SAML:1.0:protocol}AuthenticationQuery
14:58:12.431 [Test worker] DEBUG org.opensaml.core.xml.XMLObjectBuilderFactory - Registering builder org.opensaml.saml.saml1.core.impl.AuthenticationQueryBuilder under key {urn:oasis:names:tc:SAML:1.0:protocol}AuthenticationQuery
14:58:12.431 [Test worker] DEBUG org.opensaml.core.xml.io.MarshallerFactory - Registering marshaller, org.opensaml.saml.saml1.core.impl.AuthenticationQueryMarshaller, for object type {urn:oasis:names:tc:SAML:1.0:protocol}AuthenticationQuery
14:58:12.431 [Test worker] DEBUG org.opensaml.core.xml.io.UnmarshallerFactory - Registering unmarshaller, org.opensaml.saml.saml1.core.impl.AuthenticationQueryUnmarshaller, for object type, {urn:oasis:names:tc:SAML:1.0:protocol}AuthenticationQuery
14:58:12.431 [Test worker] DEBUG org.opensaml.core.xml.config.XMLConfigurator - {urn:oasis:names:tc:SAML:1.0:protocol}AuthenticationQuery intialized and configuration cached
14:58:12.431 [Test worker] DEBUG org.opensaml.core.xml.config.XMLConfigurator - Initializing object provider {urn:oasis:names:tc:SAML:1.0:protocol}AuthenticationQueryType
14:58:12.431 [Test worker] DEBUG org.opensaml.core.xml.config.XMLObjectProviderRegistry - Registering new builder, marshaller, and unmarshaller for {urn:oasis:names:tc:SAML:1.0:protocol}AuthenticationQueryType
14:58:12.431 [Test worker] DEBUG org.opensaml.core.xml.XMLObjectBuilderFactory - Registering builder org.opensaml.saml.saml1.core.impl.AuthenticationQueryBuilder under key {urn:oasis:names:tc:SAML:1.0:protocol}AuthenticationQueryType
14:58:12.431 [Test worker] DEBUG org.opensaml.core.xml.io.MarshallerFactory - Registering marshaller, org.opensaml.saml.saml1.core.impl.AuthenticationQueryMarshaller, for object type {urn:oasis:names:tc:SAML:1.0:protocol}AuthenticationQueryType
14:58:12.431 [Test worker] DEBUG org.opensaml.core.xml.io.UnmarshallerFactory - Registering unmarshaller, org.opensaml.saml.saml1.core.impl.AuthenticationQueryUnmarshaller, for object type, {urn:oasis:names:tc:SAML:1.0:protocol}AuthenticationQueryType
14:58:12.431 [Test worker] DEBUG org.opensaml.core.xml.config.XMLConfigurator - {urn:oasis:names:tc:SAML:1.0:protocol}AuthenticationQueryType intialized and configuration cached
14:58:12.431 [Test worker] DEBUG org.opensaml.core.xml.config.XMLConfigurator - Initializing object provider {urn:oasis:names:tc:SAML:1.0:protocol}AuthorizationDecisionQuery
14:58:12.431 [Test worker] DEBUG org.opensaml.core.xml.config.XMLObjectProviderRegistry - Registering new builder, marshaller, and unmarshaller for {urn:oasis:names:tc:SAML:1.0:protocol}AuthorizationDecisionQuery
14:58:12.431 [Test worker] DEBUG org.opensaml.core.xml.XMLObjectBuilderFactory - Registering builder org.opensaml.saml.saml1.core.impl.AuthorizationDecisionQueryBuilder under key {urn:oasis:names:tc:SAML:1.0:protocol}AuthorizationDecisionQuery
14:58:12.431 [Test worker] DEBUG org.opensaml.core.xml.io.MarshallerFactory - Registering marshaller, org.opensaml.saml.saml1.core.impl.AuthorizationDecisionQueryMarshaller, for object type {urn:oasis:names:tc:SAML:1.0:protocol}AuthorizationDecisionQuery
14:58:12.431 [Test worker] DEBUG org.opensaml.core.xml.io.UnmarshallerFactory - Registering unmarshaller, org.opensaml.saml.saml1.core.impl.AuthorizationDecisionQueryUnmarshaller, for object type, {urn:oasis:names:tc:SAML:1.0:protocol}AuthorizationDecisionQuery
14:58:12.431 [Test worker] DEBUG org.opensaml.core.xml.config.XMLConfigurator - {urn:oasis:names:tc:SAML:1.0:protocol}AuthorizationDecisionQuery intialized and configuration cached
14:58:12.431 [Test worker] DEBUG org.opensaml.core.xml.config.XMLConfigurator - Initializing object provider {urn:oasis:names:tc:SAML:1.0:protocol}AuthorizationDecisionQueryType
14:58:12.431 [Test worker] DEBUG org.opensaml.core.xml.config.XMLObjectProviderRegistry - Registering new builder, marshaller, and unmarshaller for {urn:oasis:names:tc:SAML:1.0:protocol}AuthorizationDecisionQueryType
14:58:12.431 [Test worker] DEBUG org.opensaml.core.xml.XMLObjectBuilderFactory - Registering builder org.opensaml.saml.saml1.core.impl.AuthorizationDecisionQueryBuilder under key {urn:oasis:names:tc:SAML:1.0:protocol}AuthorizationDecisionQueryType
14:58:12.431 [Test worker] DEBUG org.opensaml.core.xml.io.MarshallerFactory - Registering marshaller, org.opensaml.saml.saml1.core.impl.AuthorizationDecisionQueryMarshaller, for object type {urn:oasis:names:tc:SAML:1.0:protocol}AuthorizationDecisionQueryType
14:58:12.431 [Test worker] DEBUG org.opensaml.core.xml.io.UnmarshallerFactory - Registering unmarshaller, org.opensaml.saml.saml1.core.impl.AuthorizationDecisionQueryUnmarshaller, for object type, {urn:oasis:names:tc:SAML:1.0:protocol}AuthorizationDecisionQueryType
14:58:12.431 [Test worker] DEBUG org.opensaml.core.xml.config.XMLConfigurator - {urn:oasis:names:tc:SAML:1.0:protocol}AuthorizationDecisionQueryType intialized and configuration cached
14:58:12.431 [Test worker] DEBUG org.opensaml.core.xml.config.XMLConfigurator - Initializing object provider {urn:oasis:names:tc:SAML:1.0:protocol}RespondWith
14:58:12.431 [Test worker] DEBUG org.opensaml.core.xml.config.XMLObjectProviderRegistry - Registering new builder, marshaller, and unmarshaller for {urn:oasis:names:tc:SAML:1.0:protocol}RespondWith
14:58:12.431 [Test worker] DEBUG org.opensaml.core.xml.XMLObjectBuilderFactory - Registering builder org.opensaml.saml.saml1.core.impl.RespondWithBuilder under key {urn:oasis:names:tc:SAML:1.0:protocol}RespondWith
14:58:12.431 [Test worker] DEBUG org.opensaml.core.xml.io.MarshallerFactory - Registering marshaller, org.opensaml.core.xml.schema.impl.XSQNameMarshaller, for object type {urn:oasis:names:tc:SAML:1.0:protocol}RespondWith
14:58:12.431 [Test worker] DEBUG org.opensaml.core.xml.io.UnmarshallerFactory - Registering unmarshaller, org.opensaml.core.xml.schema.impl.XSQNameUnmarshaller, for object type, {urn:oasis:names:tc:SAML:1.0:protocol}RespondWith
14:58:12.431 [Test worker] DEBUG org.opensaml.core.xml.config.XMLConfigurator - {urn:oasis:names:tc:SAML:1.0:protocol}RespondWith intialized and configuration cached
14:58:12.431 [Test worker] DEBUG org.opensaml.core.xml.config.XMLConfigurator - Initializing object provider {urn:oasis:names:tc:SAML:1.0:protocol}Response
14:58:12.431 [Test worker] DEBUG org.opensaml.core.xml.config.XMLObjectProviderRegistry - Registering new builder, marshaller, and unmarshaller for {urn:oasis:names:tc:SAML:1.0:protocol}Response
14:58:12.431 [Test worker] DEBUG org.opensaml.core.xml.XMLObjectBuilderFactory - Registering builder org.opensaml.saml.saml1.core.impl.ResponseBuilder under key {urn:oasis:names:tc:SAML:1.0:protocol}Response
14:58:12.431 [Test worker] DEBUG org.opensaml.core.xml.io.MarshallerFactory - Registering marshaller, org.opensaml.saml.saml1.core.impl.ResponseMarshaller, for object type {urn:oasis:names:tc:SAML:1.0:protocol}Response
14:58:12.431 [Test worker] DEBUG org.opensaml.core.xml.io.UnmarshallerFactory - Registering unmarshaller, org.opensaml.saml.saml1.core.impl.ResponseUnmarshaller, for object type, {urn:oasis:names:tc:SAML:1.0:protocol}Response
14:58:12.431 [Test worker] DEBUG org.opensaml.core.xml.config.XMLConfigurator - {urn:oasis:names:tc:SAML:1.0:protocol}Response intialized and configuration cached
14:58:12.431 [Test worker] DEBUG org.opensaml.core.xml.config.XMLConfigurator - Initializing object provider {urn:oasis:names:tc:SAML:1.0:protocol}Request
14:58:12.431 [Test worker] DEBUG org.opensaml.core.xml.config.XMLObjectProviderRegistry - Registering new builder, marshaller, and unmarshaller for {urn:oasis:names:tc:SAML:1.0:protocol}Request
14:58:12.431 [Test worker] DEBUG org.opensaml.core.xml.XMLObjectBuilderFactory - Registering builder org.opensaml.saml.saml1.core.impl.RequestBuilder under key {urn:oasis:names:tc:SAML:1.0:protocol}Request
14:58:12.431 [Test worker] DEBUG org.opensaml.core.xml.io.MarshallerFactory - Registering marshaller, org.opensaml.saml.saml1.core.impl.RequestMarshaller, for object type {urn:oasis:names:tc:SAML:1.0:protocol}Request
14:58:12.431 [Test worker] DEBUG org.opensaml.core.xml.io.UnmarshallerFactory - Registering unmarshaller, org.opensaml.saml.saml1.core.impl.RequestUnmarshaller, for object type, {urn:oasis:names:tc:SAML:1.0:protocol}Request
14:58:12.431 [Test worker] DEBUG org.opensaml.core.xml.config.XMLConfigurator - {urn:oasis:names:tc:SAML:1.0:protocol}Request intialized and configuration cached
14:58:12.431 [Test worker] DEBUG org.opensaml.core.xml.config.XMLConfigurator - Initializing object provider {urn:oasis:names:tc:SAML:1.0:protocol}Status
14:58:12.432 [Test worker] DEBUG org.opensaml.core.xml.config.XMLObjectProviderRegistry - Registering new builder, marshaller, and unmarshaller for {urn:oasis:names:tc:SAML:1.0:protocol}Status
14:58:12.432 [Test worker] DEBUG org.opensaml.core.xml.XMLObjectBuilderFactory - Registering builder org.opensaml.saml.saml1.core.impl.StatusBuilder under key {urn:oasis:names:tc:SAML:1.0:protocol}Status
14:58:12.432 [Test worker] DEBUG org.opensaml.core.xml.io.MarshallerFactory - Registering marshaller, org.opensaml.saml.saml1.core.impl.StatusMarshaller, for object type {urn:oasis:names:tc:SAML:1.0:protocol}Status
14:58:12.432 [Test worker] DEBUG org.opensaml.core.xml.io.UnmarshallerFactory - Registering unmarshaller, org.opensaml.saml.saml1.core.impl.StatusUnmarshaller, for object type, {urn:oasis:names:tc:SAML:1.0:protocol}Status
14:58:12.432 [Test worker] DEBUG org.opensaml.core.xml.config.XMLConfigurator - {urn:oasis:names:tc:SAML:1.0:protocol}Status intialized and configuration cached
14:58:12.432 [Test worker] DEBUG org.opensaml.core.xml.config.XMLConfigurator - Initializing object provider {urn:oasis:names:tc:SAML:1.0:protocol}StatusType
14:58:12.432 [Test worker] DEBUG org.opensaml.core.xml.config.XMLObjectProviderRegistry - Registering new builder, marshaller, and unmarshaller for {urn:oasis:names:tc:SAML:1.0:protocol}StatusType
14:58:12.432 [Test worker] DEBUG org.opensaml.core.xml.XMLObjectBuilderFactory - Registering builder org.opensaml.saml.saml1.core.impl.StatusBuilder under key {urn:oasis:names:tc:SAML:1.0:protocol}StatusType
14:58:12.432 [Test worker] DEBUG org.opensaml.core.xml.io.MarshallerFactory - Registering marshaller, org.opensaml.saml.saml1.core.impl.StatusMarshaller, for object type {urn:oasis:names:tc:SAML:1.0:protocol}StatusType
14:58:12.432 [Test worker] DEBUG org.opensaml.core.xml.io.UnmarshallerFactory - Registering unmarshaller, org.opensaml.saml.saml1.core.impl.StatusUnmarshaller, for object type, {urn:oasis:names:tc:SAML:1.0:protocol}StatusType
14:58:12.432 [Test worker] DEBUG org.opensaml.core.xml.config.XMLConfigurator - {urn:oasis:names:tc:SAML:1.0:protocol}StatusType intialized and configuration cached
14:58:12.432 [Test worker] DEBUG org.opensaml.core.xml.config.XMLConfigurator - Initializing object provider {urn:oasis:names:tc:SAML:1.0:protocol}StatusCode
14:58:12.432 [Test worker] DEBUG org.opensaml.core.xml.config.XMLObjectProviderRegistry - Registering new builder, marshaller, and unmarshaller for {urn:oasis:names:tc:SAML:1.0:protocol}StatusCode
14:58:12.432 [Test worker] DEBUG org.opensaml.core.xml.XMLObjectBuilderFactory - Registering builder org.opensaml.saml.saml1.core.impl.StatusCodeBuilder under key {urn:oasis:names:tc:SAML:1.0:protocol}StatusCode
14:58:12.432 [Test worker] DEBUG org.opensaml.core.xml.io.MarshallerFactory - Registering marshaller, org.opensaml.saml.saml1.core.impl.StatusCodeMarshaller, for object type {urn:oasis:names:tc:SAML:1.0:protocol}StatusCode
14:58:12.432 [Test worker] DEBUG org.opensaml.core.xml.io.UnmarshallerFactory - Registering unmarshaller, org.opensaml.saml.saml1.core.impl.StatusCodeUnmarshaller, for object type, {urn:oasis:names:tc:SAML:1.0:protocol}StatusCode
14:58:12.432 [Test worker] DEBUG org.opensaml.core.xml.config.XMLConfigurator - {urn:oasis:names:tc:SAML:1.0:protocol}StatusCode intialized and configuration cached
14:58:12.432 [Test worker] DEBUG org.opensaml.core.xml.config.XMLConfigurator - Initializing object provider {urn:oasis:names:tc:SAML:1.0:protocol}StatusCodeType
14:58:12.432 [Test worker] DEBUG org.opensaml.core.xml.config.XMLObjectProviderRegistry - Registering new builder, marshaller, and unmarshaller for {urn:oasis:names:tc:SAML:1.0:protocol}StatusCodeType
14:58:12.432 [Test worker] DEBUG org.opensaml.core.xml.XMLObjectBuilderFactory - Registering builder org.opensaml.saml.saml1.core.impl.StatusCodeBuilder under key {urn:oasis:names:tc:SAML:1.0:protocol}StatusCodeType
14:58:12.432 [Test worker] DEBUG org.opensaml.core.xml.io.MarshallerFactory - Registering marshaller, org.opensaml.saml.saml1.core.impl.StatusCodeMarshaller, for object type {urn:oasis:names:tc:SAML:1.0:protocol}StatusCodeType
14:58:12.432 [Test worker] DEBUG org.opensaml.core.xml.io.UnmarshallerFactory - Registering unmarshaller, org.opensaml.saml.saml1.core.impl.StatusCodeUnmarshaller, for object type, {urn:oasis:names:tc:SAML:1.0:protocol}StatusCodeType
14:58:12.432 [Test worker] DEBUG org.opensaml.core.xml.config.XMLConfigurator - {urn:oasis:names:tc:SAML:1.0:protocol}StatusCodeType intialized and configuration cached
14:58:12.432 [Test worker] DEBUG org.opensaml.core.xml.config.XMLConfigurator - Initializing object provider {urn:oasis:names:tc:SAML:1.0:protocol}StatusMessage
14:58:12.432 [Test worker] DEBUG org.opensaml.core.xml.config.XMLObjectProviderRegistry - Registering new builder, marshaller, and unmarshaller for {urn:oasis:names:tc:SAML:1.0:protocol}StatusMessage
14:58:12.432 [Test worker] DEBUG org.opensaml.core.xml.XMLObjectBuilderFactory - Registering builder org.opensaml.saml.saml1.core.impl.StatusMessageBuilder under key {urn:oasis:names:tc:SAML:1.0:protocol}StatusMessage
14:58:12.432 [Test worker] DEBUG org.opensaml.core.xml.io.MarshallerFactory - Registering marshaller, org.opensaml.saml.saml1.core.impl.StatusMessageMarshaller, for object type {urn:oasis:names:tc:SAML:1.0:protocol}StatusMessage
14:58:12.432 [Test worker] DEBUG org.opensaml.core.xml.io.UnmarshallerFactory - Registering unmarshaller, org.opensaml.saml.saml1.core.impl.StatusMessageUnmarshaller, for object type, {urn:oasis:names:tc:SAML:1.0:protocol}StatusMessage
14:58:12.432 [Test worker] DEBUG org.opensaml.core.xml.config.XMLConfigurator - {urn:oasis:names:tc:SAML:1.0:protocol}StatusMessage intialized and configuration cached
14:58:12.432 [Test worker] DEBUG org.opensaml.core.xml.config.XMLConfigurator - ObjectProviders load complete
14:58:12.432 [Test worker] DEBUG org.opensaml.core.xml.config.AbstractXMLObjectProviderInitializer - Loading XMLObject provider configuration from resource 'saml2-assertion-config.xml'
14:58:12.433 [Test worker] DEBUG org.opensaml.core.xml.config.XMLConfigurator - Loading configuration from XML Document
14:58:12.434 [Test worker] DEBUG org.opensaml.core.xml.config.XMLConfigurator - Schema validating configuration Document
14:58:12.435 [Test worker] DEBUG org.opensaml.core.xml.config.XMLConfigurator - Configuration document validated
14:58:12.435 [Test worker] DEBUG org.opensaml.core.xml.config.XMLConfigurator - Preparing to load ObjectProviders
14:58:12.435 [Test worker] DEBUG org.opensaml.core.xml.config.XMLConfigurator - Initializing object provider {urn:oasis:names:tc:SAML:2.0:assertion}Action
14:58:12.435 [Test worker] DEBUG org.opensaml.core.xml.config.XMLObjectProviderRegistry - Registering new builder, marshaller, and unmarshaller for {urn:oasis:names:tc:SAML:2.0:assertion}Action
14:58:12.435 [Test worker] DEBUG org.opensaml.core.xml.XMLObjectBuilderFactory - Registering builder org.opensaml.saml.saml2.core.impl.ActionBuilder under key {urn:oasis:names:tc:SAML:2.0:assertion}Action
14:58:12.435 [Test worker] DEBUG org.opensaml.core.xml.io.MarshallerFactory - Registering marshaller, org.opensaml.saml.saml2.core.impl.ActionMarshaller, for object type {urn:oasis:names:tc:SAML:2.0:assertion}Action
14:58:12.435 [Test worker] DEBUG org.opensaml.core.xml.io.UnmarshallerFactory - Registering unmarshaller, org.opensaml.saml.saml2.core.impl.ActionUnmarshaller, for object type, {urn:oasis:names:tc:SAML:2.0:assertion}Action
14:58:12.435 [Test worker] DEBUG org.opensaml.core.xml.config.XMLConfigurator - {urn:oasis:names:tc:SAML:2.0:assertion}Action intialized and configuration cached
14:58:12.435 [Test worker] DEBUG org.opensaml.core.xml.config.XMLConfigurator - Initializing object provider {urn:oasis:names:tc:SAML:2.0:assertion}ActionType
14:58:12.435 [Test worker] DEBUG org.opensaml.core.xml.config.XMLObjectProviderRegistry - Registering new builder, marshaller, and unmarshaller for {urn:oasis:names:tc:SAML:2.0:assertion}ActionType
14:58:12.435 [Test worker] DEBUG org.opensaml.core.xml.XMLObjectBuilderFactory - Registering builder org.opensaml.saml.saml2.core.impl.ActionBuilder under key {urn:oasis:names:tc:SAML:2.0:assertion}ActionType
14:58:12.435 [Test worker] DEBUG org.opensaml.core.xml.io.MarshallerFactory - Registering marshaller, org.opensaml.saml.saml2.core.impl.ActionMarshaller, for object type {urn:oasis:names:tc:SAML:2.0:assertion}ActionType
14:58:12.435 [Test worker] DEBUG org.opensaml.core.xml.io.UnmarshallerFactory - Registering unmarshaller, org.opensaml.saml.saml2.core.impl.ActionUnmarshaller, for object type, {urn:oasis:names:tc:SAML:2.0:assertion}ActionType
14:58:12.435 [Test worker] DEBUG org.opensaml.core.xml.config.XMLConfigurator - {urn:oasis:names:tc:SAML:2.0:assertion}ActionType intialized and configuration cached
14:58:12.435 [Test worker] DEBUG org.opensaml.core.xml.config.XMLConfigurator - Initializing object provider {urn:oasis:names:tc:SAML:2.0:assertion}Advice
14:58:12.435 [Test worker] DEBUG org.opensaml.core.xml.config.XMLObjectProviderRegistry - Registering new builder, marshaller, and unmarshaller for {urn:oasis:names:tc:SAML:2.0:assertion}Advice
14:58:12.435 [Test worker] DEBUG org.opensaml.core.xml.XMLObjectBuilderFactory - Registering builder org.opensaml.saml.saml2.core.impl.AdviceBuilder under key {urn:oasis:names:tc:SAML:2.0:assertion}Advice
14:58:12.435 [Test worker] DEBUG org.opensaml.core.xml.io.MarshallerFactory - Registering marshaller, org.opensaml.saml.saml2.core.impl.AdviceMarshaller, for object type {urn:oasis:names:tc:SAML:2.0:assertion}Advice
14:58:12.435 [Test worker] DEBUG org.opensaml.core.xml.io.UnmarshallerFactory - Registering unmarshaller, org.opensaml.saml.saml2.core.impl.AdviceUnmarshaller, for object type, {urn:oasis:names:tc:SAML:2.0:assertion}Advice
14:58:12.435 [Test worker] DEBUG org.opensaml.core.xml.config.XMLConfigurator - {urn:oasis:names:tc:SAML:2.0:assertion}Advice intialized and configuration cached
14:58:12.435 [Test worker] DEBUG org.opensaml.core.xml.config.XMLConfigurator - Initializing object provider {urn:oasis:names:tc:SAML:2.0:assertion}AdviceType
14:58:12.435 [Test worker] DEBUG org.opensaml.core.xml.config.XMLObjectProviderRegistry - Registering new builder, marshaller, and unmarshaller for {urn:oasis:names:tc:SAML:2.0:assertion}AdviceType
14:58:12.435 [Test worker] DEBUG org.opensaml.core.xml.XMLObjectBuilderFactory - Registering builder org.opensaml.saml.saml2.core.impl.AdviceBuilder under key {urn:oasis:names:tc:SAML:2.0:assertion}AdviceType
14:58:12.435 [Test worker] DEBUG org.opensaml.core.xml.io.MarshallerFactory - Registering marshaller, org.opensaml.saml.saml2.core.impl.AdviceMarshaller, for object type {urn:oasis:names:tc:SAML:2.0:assertion}AdviceType
14:58:12.435 [Test worker] DEBUG org.opensaml.core.xml.io.UnmarshallerFactory - Registering unmarshaller, org.opensaml.saml.saml2.core.impl.AdviceUnmarshaller, for object type, {urn:oasis:names:tc:SAML:2.0:assertion}AdviceType
14:58:12.435 [Test worker] DEBUG org.opensaml.core.xml.config.XMLConfigurator - {urn:oasis:names:tc:SAML:2.0:assertion}AdviceType intialized and configuration cached
14:58:12.435 [Test worker] DEBUG org.opensaml.core.xml.config.XMLConfigurator - Initializing object provider {urn:oasis:names:tc:SAML:2.0:assertion}Assertion
14:58:12.435 [Test worker] DEBUG org.opensaml.core.xml.config.XMLObjectProviderRegistry - Registering new builder, marshaller, and unmarshaller for {urn:oasis:names:tc:SAML:2.0:assertion}Assertion
14:58:12.435 [Test worker] DEBUG org.opensaml.core.xml.XMLObjectBuilderFactory - Registering builder org.opensaml.saml.saml2.core.impl.AssertionBuilder under key {urn:oasis:names:tc:SAML:2.0:assertion}Assertion
14:58:12.435 [Test worker] DEBUG org.opensaml.core.xml.io.MarshallerFactory - Registering marshaller, org.opensaml.saml.saml2.core.impl.AssertionMarshaller, for object type {urn:oasis:names:tc:SAML:2.0:assertion}Assertion
14:58:12.435 [Test worker] DEBUG org.opensaml.core.xml.io.UnmarshallerFactory - Registering unmarshaller, org.opensaml.saml.saml2.core.impl.AssertionUnmarshaller, for object type, {urn:oasis:names:tc:SAML:2.0:assertion}Assertion
14:58:12.435 [Test worker] DEBUG org.opensaml.core.xml.config.XMLConfigurator - {urn:oasis:names:tc:SAML:2.0:assertion}Assertion intialized and configuration cached
14:58:12.435 [Test worker] DEBUG org.opensaml.core.xml.config.XMLConfigurator - Initializing object provider {urn:oasis:names:tc:SAML:2.0:assertion}AssertionType
14:58:12.435 [Test worker] DEBUG org.opensaml.core.xml.config.XMLObjectProviderRegistry - Registering new builder, marshaller, and unmarshaller for {urn:oasis:names:tc:SAML:2.0:assertion}AssertionType
14:58:12.435 [Test worker] DEBUG org.opensaml.core.xml.XMLObjectBuilderFactory - Registering builder org.opensaml.saml.saml2.core.impl.AssertionBuilder under key {urn:oasis:names:tc:SAML:2.0:assertion}AssertionType
14:58:12.435 [Test worker] DEBUG org.opensaml.core.xml.io.MarshallerFactory - Registering marshaller, org.opensaml.saml.saml2.core.impl.AssertionMarshaller, for object type {urn:oasis:names:tc:SAML:2.0:assertion}AssertionType
14:58:12.435 [Test worker] DEBUG org.opensaml.core.xml.io.UnmarshallerFactory - Registering unmarshaller, org.opensaml.saml.saml2.core.impl.AssertionUnmarshaller, for object type, {urn:oasis:names:tc:SAML:2.0:assertion}AssertionType
14:58:12.435 [Test worker] DEBUG org.opensaml.core.xml.config.XMLConfigurator - {urn:oasis:names:tc:SAML:2.0:assertion}AssertionType intialized and configuration cached
14:58:12.435 [Test worker] DEBUG org.opensaml.core.xml.config.XMLConfigurator - Initializing object provider {urn:oasis:names:tc:SAML:2.0:assertion}AssertionIDRef
14:58:12.435 [Test worker] DEBUG org.opensaml.core.xml.config.XMLObjectProviderRegistry - Registering new builder, marshaller, and unmarshaller for {urn:oasis:names:tc:SAML:2.0:assertion}AssertionIDRef
14:58:12.435 [Test worker] DEBUG org.opensaml.core.xml.XMLObjectBuilderFactory - Registering builder org.opensaml.saml.saml2.core.impl.AssertionIDRefBuilder under key {urn:oasis:names:tc:SAML:2.0:assertion}AssertionIDRef
14:58:12.435 [Test worker] DEBUG org.opensaml.core.xml.io.MarshallerFactory - Registering marshaller, org.opensaml.saml.saml2.core.impl.AssertionIDRefMarshaller, for object type {urn:oasis:names:tc:SAML:2.0:assertion}AssertionIDRef
14:58:12.435 [Test worker] DEBUG org.opensaml.core.xml.io.UnmarshallerFactory - Registering unmarshaller, org.opensaml.saml.saml2.core.impl.AssertionIDRefUnmarshaller, for object type, {urn:oasis:names:tc:SAML:2.0:assertion}AssertionIDRef
14:58:12.435 [Test worker] DEBUG org.opensaml.core.xml.config.XMLConfigurator - {urn:oasis:names:tc:SAML:2.0:assertion}AssertionIDRef intialized and configuration cached
14:58:12.436 [Test worker] DEBUG org.opensaml.core.xml.config.XMLConfigurator - Initializing object provider {urn:oasis:names:tc:SAML:2.0:assertion}AssertionURIRef
14:58:12.436 [Test worker] DEBUG org.opensaml.core.xml.config.XMLObjectProviderRegistry - Registering new builder, marshaller, and unmarshaller for {urn:oasis:names:tc:SAML:2.0:assertion}AssertionURIRef
14:58:12.436 [Test worker] DEBUG org.opensaml.core.xml.XMLObjectBuilderFactory - Registering builder org.opensaml.saml.saml2.core.impl.AssertionURIRefBuilder under key {urn:oasis:names:tc:SAML:2.0:assertion}AssertionURIRef
14:58:12.436 [Test worker] DEBUG org.opensaml.core.xml.io.MarshallerFactory - Registering marshaller, org.opensaml.saml.saml2.core.impl.AssertionURIRefMarshaller, for object type {urn:oasis:names:tc:SAML:2.0:assertion}AssertionURIRef
14:58:12.436 [Test worker] DEBUG org.opensaml.core.xml.io.UnmarshallerFactory - Registering unmarshaller, org.opensaml.saml.saml2.core.impl.AssertionURIRefUnmarshaller, for object type, {urn:oasis:names:tc:SAML:2.0:assertion}AssertionURIRef
14:58:12.436 [Test worker] DEBUG org.opensaml.core.xml.config.XMLConfigurator - {urn:oasis:names:tc:SAML:2.0:assertion}AssertionURIRef intialized and configuration cached
14:58:12.436 [Test worker] DEBUG org.opensaml.core.xml.config.XMLConfigurator - Initializing object provider {urn:oasis:names:tc:SAML:2.0:assertion}Attribute
14:58:12.436 [Test worker] DEBUG org.opensaml.core.xml.config.XMLObjectProviderRegistry - Registering new builder, marshaller, and unmarshaller for {urn:oasis:names:tc:SAML:2.0:assertion}Attribute
14:58:12.436 [Test worker] DEBUG org.opensaml.core.xml.XMLObjectBuilderFactory - Registering builder org.opensaml.saml.saml2.core.impl.AttributeBuilder under key {urn:oasis:names:tc:SAML:2.0:assertion}Attribute
14:58:12.436 [Test worker] DEBUG org.opensaml.core.xml.io.MarshallerFactory - Registering marshaller, org.opensaml.saml.saml2.core.impl.AttributeMarshaller, for object type {urn:oasis:names:tc:SAML:2.0:assertion}Attribute
14:58:12.436 [Test worker] DEBUG org.opensaml.core.xml.io.UnmarshallerFactory - Registering unmarshaller, org.opensaml.saml.saml2.core.impl.AttributeUnmarshaller, for object type, {urn:oasis:names:tc:SAML:2.0:assertion}Attribute
14:58:12.436 [Test worker] DEBUG org.opensaml.core.xml.config.XMLConfigurator - {urn:oasis:names:tc:SAML:2.0:assertion}Attribute intialized and configuration cached
14:58:12.436 [Test worker] DEBUG org.opensaml.core.xml.config.XMLConfigurator - Initializing object provider {urn:oasis:names:tc:SAML:2.0:assertion}AttributeType
14:58:12.436 [Test worker] DEBUG org.opensaml.core.xml.config.XMLObjectProviderRegistry - Registering new builder, marshaller, and unmarshaller for {urn:oasis:names:tc:SAML:2.0:assertion}AttributeType
14:58:12.436 [Test worker] DEBUG org.opensaml.core.xml.XMLObjectBuilderFactory - Registering builder org.opensaml.saml.saml2.core.impl.AttributeBuilder under key {urn:oasis:names:tc:SAML:2.0:assertion}AttributeType
14:58:12.436 [Test worker] DEBUG org.opensaml.core.xml.io.MarshallerFactory - Registering marshaller, org.opensaml.saml.saml2.core.impl.AttributeMarshaller, for object type {urn:oasis:names:tc:SAML:2.0:assertion}AttributeType
14:58:12.436 [Test worker] DEBUG org.opensaml.core.xml.io.UnmarshallerFactory - Registering unmarshaller, org.opensaml.saml.saml2.core.impl.AttributeUnmarshaller, for object type, {urn:oasis:names:tc:SAML:2.0:assertion}AttributeType
14:58:12.436 [Test worker] DEBUG org.opensaml.core.xml.config.XMLConfigurator - {urn:oasis:names:tc:SAML:2.0:assertion}AttributeType intialized and configuration cached
14:58:12.436 [Test worker] DEBUG org.opensaml.core.xml.config.XMLConfigurator - Initializing object provider {urn:oasis:names:tc:SAML:2.0:assertion}AttributeStatement
14:58:12.436 [Test worker] DEBUG org.opensaml.core.xml.config.XMLObjectProviderRegistry - Registering new builder, marshaller, and unmarshaller for {urn:oasis:names:tc:SAML:2.0:assertion}AttributeStatement
14:58:12.436 [Test worker] DEBUG org.opensaml.core.xml.XMLObjectBuilderFactory - Registering builder org.opensaml.saml.saml2.core.impl.AttributeStatementBuilder under key {urn:oasis:names:tc:SAML:2.0:assertion}AttributeStatement
14:58:12.436 [Test worker] DEBUG org.opensaml.core.xml.io.MarshallerFactory - Registering marshaller, org.opensaml.saml.saml2.core.impl.AttributeStatementMarshaller, for object type {urn:oasis:names:tc:SAML:2.0:assertion}AttributeStatement
14:58:12.436 [Test worker] DEBUG org.opensaml.core.xml.io.UnmarshallerFactory - Registering unmarshaller, org.opensaml.saml.saml2.core.impl.AttributeStatementUnmarshaller, for object type, {urn:oasis:names:tc:SAML:2.0:assertion}AttributeStatement
14:58:12.436 [Test worker] DEBUG org.opensaml.core.xml.config.XMLConfigurator - {urn:oasis:names:tc:SAML:2.0:assertion}AttributeStatement intialized and configuration cached
14:58:12.436 [Test worker] DEBUG org.opensaml.core.xml.config.XMLConfigurator - Initializing object provider {urn:oasis:names:tc:SAML:2.0:assertion}AttributeStatementType
14:58:12.436 [Test worker] DEBUG org.opensaml.core.xml.config.XMLObjectProviderRegistry - Registering new builder, marshaller, and unmarshaller for {urn:oasis:names:tc:SAML:2.0:assertion}AttributeStatementType
14:58:12.436 [Test worker] DEBUG org.opensaml.core.xml.XMLObjectBuilderFactory - Registering builder org.opensaml.saml.saml2.core.impl.AttributeStatementBuilder under key {urn:oasis:names:tc:SAML:2.0:assertion}AttributeStatementType
14:58:12.436 [Test worker] DEBUG org.opensaml.core.xml.io.MarshallerFactory - Registering marshaller, org.opensaml.saml.saml2.core.impl.AttributeStatementMarshaller, for object type {urn:oasis:names:tc:SAML:2.0:assertion}AttributeStatementType
14:58:12.436 [Test worker] DEBUG org.opensaml.core.xml.io.UnmarshallerFactory - Registering unmarshaller, org.opensaml.saml.saml2.core.impl.AttributeStatementUnmarshaller, for object type, {urn:oasis:names:tc:SAML:2.0:assertion}AttributeStatementType
14:58:12.436 [Test worker] DEBUG org.opensaml.core.xml.config.XMLConfigurator - {urn:oasis:names:tc:SAML:2.0:assertion}AttributeStatementType intialized and configuration cached
14:58:12.436 [Test worker] DEBUG org.opensaml.core.xml.config.XMLConfigurator - Initializing object provider {urn:oasis:names:tc:SAML:2.0:assertion}Audience
14:58:12.436 [Test worker] DEBUG org.opensaml.core.xml.config.XMLObjectProviderRegistry - Registering new builder, marshaller, and unmarshaller for {urn:oasis:names:tc:SAML:2.0:assertion}Audience
14:58:12.436 [Test worker] DEBUG org.opensaml.core.xml.XMLObjectBuilderFactory - Registering builder org.opensaml.saml.saml2.core.impl.AudienceBuilder under key {urn:oasis:names:tc:SAML:2.0:assertion}Audience
14:58:12.436 [Test worker] DEBUG org.opensaml.core.xml.io.MarshallerFactory - Registering marshaller, org.opensaml.saml.saml2.core.impl.AudienceMarshaller, for object type {urn:oasis:names:tc:SAML:2.0:assertion}Audience
14:58:12.436 [Test worker] DEBUG org.opensaml.core.xml.io.UnmarshallerFactory - Registering unmarshaller, org.opensaml.saml.saml2.core.impl.AudienceUnmarshaller, for object type, {urn:oasis:names:tc:SAML:2.0:assertion}Audience
14:58:12.436 [Test worker] DEBUG org.opensaml.core.xml.config.XMLConfigurator - {urn:oasis:names:tc:SAML:2.0:assertion}Audience intialized and configuration cached
14:58:12.436 [Test worker] DEBUG org.opensaml.core.xml.config.XMLConfigurator - Initializing object provider {urn:oasis:names:tc:SAML:2.0:assertion}AudienceRestriction
14:58:12.436 [Test worker] DEBUG org.opensaml.core.xml.config.XMLObjectProviderRegistry - Registering new builder, marshaller, and unmarshaller for {urn:oasis:names:tc:SAML:2.0:assertion}AudienceRestriction
14:58:12.436 [Test worker] DEBUG org.opensaml.core.xml.XMLObjectBuilderFactory - Registering builder org.opensaml.saml.saml2.core.impl.AudienceRestrictionBuilder under key {urn:oasis:names:tc:SAML:2.0:assertion}AudienceRestriction
14:58:12.436 [Test worker] DEBUG org.opensaml.core.xml.io.MarshallerFactory - Registering marshaller, org.opensaml.saml.saml2.core.impl.AudienceRestrictionMarshaller, for object type {urn:oasis:names:tc:SAML:2.0:assertion}AudienceRestriction
14:58:12.436 [Test worker] DEBUG org.opensaml.core.xml.io.UnmarshallerFactory - Registering unmarshaller, org.opensaml.saml.saml2.core.impl.AudienceRestrictionUnmarshaller, for object type, {urn:oasis:names:tc:SAML:2.0:assertion}AudienceRestriction
14:58:12.436 [Test worker] DEBUG org.opensaml.core.xml.config.XMLConfigurator - {urn:oasis:names:tc:SAML:2.0:assertion}AudienceRestriction intialized and configuration cached
14:58:12.436 [Test worker] DEBUG org.opensaml.core.xml.config.XMLConfigurator - Initializing object provider {urn:oasis:names:tc:SAML:2.0:assertion}AudienceRestrictionType
14:58:12.436 [Test worker] DEBUG org.opensaml.core.xml.config.XMLObjectProviderRegistry - Registering new builder, marshaller, and unmarshaller for {urn:oasis:names:tc:SAML:2.0:assertion}AudienceRestrictionType
14:58:12.436 [Test worker] DEBUG org.opensaml.core.xml.XMLObjectBuilderFactory - Registering builder org.opensaml.saml.saml2.core.impl.AudienceRestrictionBuilder under key {urn:oasis:names:tc:SAML:2.0:assertion}AudienceRestrictionType
14:58:12.436 [Test worker] DEBUG org.opensaml.core.xml.io.MarshallerFactory - Registering marshaller, org.opensaml.saml.saml2.core.impl.AudienceRestrictionMarshaller, for object type {urn:oasis:names:tc:SAML:2.0:assertion}AudienceRestrictionType
14:58:12.436 [Test worker] DEBUG org.opensaml.core.xml.io.UnmarshallerFactory - Registering unmarshaller, org.opensaml.saml.saml2.core.impl.AudienceRestrictionUnmarshaller, for object type, {urn:oasis:names:tc:SAML:2.0:assertion}AudienceRestrictionType
14:58:12.436 [Test worker] DEBUG org.opensaml.core.xml.config.XMLConfigurator - {urn:oasis:names:tc:SAML:2.0:assertion}AudienceRestrictionType intialized and configuration cached
14:58:12.436 [Test worker] DEBUG org.opensaml.core.xml.config.XMLConfigurator - Initializing object provider {urn:oasis:names:tc:SAML:2.0:assertion}AuthenticatingAuthority
14:58:12.436 [Test worker] DEBUG org.opensaml.core.xml.config.XMLObjectProviderRegistry - Registering new builder, marshaller, and unmarshaller for {urn:oasis:names:tc:SAML:2.0:assertion}AuthenticatingAuthority
14:58:12.436 [Test worker] DEBUG org.opensaml.core.xml.XMLObjectBuilderFactory - Registering builder org.opensaml.saml.saml2.core.impl.AuthenticatingAuthorityBuilder under key {urn:oasis:names:tc:SAML:2.0:assertion}AuthenticatingAuthority
14:58:12.436 [Test worker] DEBUG org.opensaml.core.xml.io.MarshallerFactory - Registering marshaller, org.opensaml.saml.saml2.core.impl.AuthenticatingAuthorityMarshaller, for object type {urn:oasis:names:tc:SAML:2.0:assertion}AuthenticatingAuthority
14:58:12.436 [Test worker] DEBUG org.opensaml.core.xml.io.UnmarshallerFactory - Registering unmarshaller, org.opensaml.saml.saml2.core.impl.AuthenticatingAuthorityUnmarshaller, for object type, {urn:oasis:names:tc:SAML:2.0:assertion}AuthenticatingAuthority
14:58:12.436 [Test worker] DEBUG org.opensaml.core.xml.config.XMLConfigurator - {urn:oasis:names:tc:SAML:2.0:assertion}AuthenticatingAuthority intialized and configuration cached
14:58:12.436 [Test worker] DEBUG org.opensaml.core.xml.config.XMLConfigurator - Initializing object provider {urn:oasis:names:tc:SAML:2.0:assertion}AuthnContext
14:58:12.436 [Test worker] DEBUG org.opensaml.core.xml.config.XMLObjectProviderRegistry - Registering new builder, marshaller, and unmarshaller for {urn:oasis:names:tc:SAML:2.0:assertion}AuthnContext
14:58:12.436 [Test worker] DEBUG org.opensaml.core.xml.XMLObjectBuilderFactory - Registering builder org.opensaml.saml.saml2.core.impl.AuthnContextBuilder under key {urn:oasis:names:tc:SAML:2.0:assertion}AuthnContext
14:58:12.436 [Test worker] DEBUG org.opensaml.core.xml.io.MarshallerFactory - Registering marshaller, org.opensaml.saml.saml2.core.impl.AuthnContextMarshaller, for object type {urn:oasis:names:tc:SAML:2.0:assertion}AuthnContext
14:58:12.436 [Test worker] DEBUG org.opensaml.core.xml.io.UnmarshallerFactory - Registering unmarshaller, org.opensaml.saml.saml2.core.impl.AuthnContextUnmarshaller, for object type, {urn:oasis:names:tc:SAML:2.0:assertion}AuthnContext
14:58:12.436 [Test worker] DEBUG org.opensaml.core.xml.config.XMLConfigurator - {urn:oasis:names:tc:SAML:2.0:assertion}AuthnContext intialized and configuration cached
14:58:12.436 [Test worker] DEBUG org.opensaml.core.xml.config.XMLConfigurator - Initializing object provider {urn:oasis:names:tc:SAML:2.0:assertion}AuthnContextType
14:58:12.436 [Test worker] DEBUG org.opensaml.core.xml.config.XMLObjectProviderRegistry - Registering new builder, marshaller, and unmarshaller for {urn:oasis:names:tc:SAML:2.0:assertion}AuthnContextType
14:58:12.437 [Test worker] DEBUG org.opensaml.core.xml.XMLObjectBuilderFactory - Registering builder org.opensaml.saml.saml2.core.impl.AuthnContextBuilder under key {urn:oasis:names:tc:SAML:2.0:assertion}AuthnContextType
14:58:12.437 [Test worker] DEBUG org.opensaml.core.xml.io.MarshallerFactory - Registering marshaller, org.opensaml.saml.saml2.core.impl.AuthnContextMarshaller, for object type {urn:oasis:names:tc:SAML:2.0:assertion}AuthnContextType
14:58:12.437 [Test worker] DEBUG org.opensaml.core.xml.io.UnmarshallerFactory - Registering unmarshaller, org.opensaml.saml.saml2.core.impl.AuthnContextUnmarshaller, for object type, {urn:oasis:names:tc:SAML:2.0:assertion}AuthnContextType
14:58:12.437 [Test worker] DEBUG org.opensaml.core.xml.config.XMLConfigurator - {urn:oasis:names:tc:SAML:2.0:assertion}AuthnContextType intialized and configuration cached
14:58:12.437 [Test worker] DEBUG org.opensaml.core.xml.config.XMLConfigurator - Initializing object provider {urn:oasis:names:tc:SAML:2.0:assertion}AuthnContextClassRef
14:58:12.437 [Test worker] DEBUG org.opensaml.core.xml.config.XMLObjectProviderRegistry - Registering new builder, marshaller, and unmarshaller for {urn:oasis:names:tc:SAML:2.0:assertion}AuthnContextClassRef
14:58:12.437 [Test worker] DEBUG org.opensaml.core.xml.XMLObjectBuilderFactory - Registering builder org.opensaml.saml.saml2.core.impl.AuthnContextClassRefBuilder under key {urn:oasis:names:tc:SAML:2.0:assertion}AuthnContextClassRef
14:58:12.437 [Test worker] DEBUG org.opensaml.core.xml.io.MarshallerFactory - Registering marshaller, org.opensaml.saml.saml2.core.impl.AuthnContextClassRefMarshaller, for object type {urn:oasis:names:tc:SAML:2.0:assertion}AuthnContextClassRef
14:58:12.437 [Test worker] DEBUG org.opensaml.core.xml.io.UnmarshallerFactory - Registering unmarshaller, org.opensaml.saml.saml2.core.impl.AuthnContextClassRefUnmarshaller, for object type, {urn:oasis:names:tc:SAML:2.0:assertion}AuthnContextClassRef
14:58:12.437 [Test worker] DEBUG org.opensaml.core.xml.config.XMLConfigurator - {urn:oasis:names:tc:SAML:2.0:assertion}AuthnContextClassRef intialized and configuration cached
14:58:12.437 [Test worker] DEBUG org.opensaml.core.xml.config.XMLConfigurator - Initializing object provider {urn:oasis:names:tc:SAML:2.0:assertion}AuthnContextDecl
14:58:12.437 [Test worker] DEBUG org.opensaml.core.xml.config.XMLObjectProviderRegistry - Registering new builder, marshaller, and unmarshaller for {urn:oasis:names:tc:SAML:2.0:assertion}AuthnContextDecl
14:58:12.437 [Test worker] DEBUG org.opensaml.core.xml.XMLObjectBuilderFactory - Registering builder org.opensaml.saml.saml2.core.impl.AuthnContextDeclBuilder under key {urn:oasis:names:tc:SAML:2.0:assertion}AuthnContextDecl
14:58:12.437 [Test worker] DEBUG org.opensaml.core.xml.io.MarshallerFactory - Registering marshaller, org.opensaml.saml.saml2.core.impl.AuthnContextDeclMarshaller, for object type {urn:oasis:names:tc:SAML:2.0:assertion}AuthnContextDecl
14:58:12.437 [Test worker] DEBUG org.opensaml.core.xml.io.UnmarshallerFactory - Registering unmarshaller, org.opensaml.saml.saml2.core.impl.AuthnContextDeclUnmarshaller, for object type, {urn:oasis:names:tc:SAML:2.0:assertion}AuthnContextDecl
14:58:12.437 [Test worker] DEBUG org.opensaml.core.xml.config.XMLConfigurator - {urn:oasis:names:tc:SAML:2.0:assertion}AuthnContextDecl intialized and configuration cached
14:58:12.437 [Test worker] DEBUG org.opensaml.core.xml.config.XMLConfigurator - Initializing object provider {urn:oasis:names:tc:SAML:2.0:assertion}AuthnContextDeclRef
14:58:12.437 [Test worker] DEBUG org.opensaml.core.xml.config.XMLObjectProviderRegistry - Registering new builder, marshaller, and unmarshaller for {urn:oasis:names:tc:SAML:2.0:assertion}AuthnContextDeclRef
14:58:12.437 [Test worker] DEBUG org.opensaml.core.xml.XMLObjectBuilderFactory - Registering builder org.opensaml.saml.saml2.core.impl.AuthnContextDeclRefBuilder under key {urn:oasis:names:tc:SAML:2.0:assertion}AuthnContextDeclRef
14:58:12.437 [Test worker] DEBUG org.opensaml.core.xml.io.MarshallerFactory - Registering marshaller, org.opensaml.saml.saml2.core.impl.AuthnContextDeclRefMarshaller, for object type {urn:oasis:names:tc:SAML:2.0:assertion}AuthnContextDeclRef
14:58:12.437 [Test worker] DEBUG org.opensaml.core.xml.io.UnmarshallerFactory - Registering unmarshaller, org.opensaml.saml.saml2.core.impl.AuthnContextDeclRefUnmarshaller, for object type, {urn:oasis:names:tc:SAML:2.0:assertion}AuthnContextDeclRef
14:58:12.437 [Test worker] DEBUG org.opensaml.core.xml.config.XMLConfigurator - {urn:oasis:names:tc:SAML:2.0:assertion}AuthnContextDeclRef intialized and configuration cached
14:58:12.437 [Test worker] DEBUG org.opensaml.core.xml.config.XMLConfigurator - Initializing object provider {urn:oasis:names:tc:SAML:2.0:assertion}AuthnStatement
14:58:12.437 [Test worker] DEBUG org.opensaml.core.xml.config.XMLObjectProviderRegistry - Registering new builder, marshaller, and unmarshaller for {urn:oasis:names:tc:SAML:2.0:assertion}AuthnStatement
14:58:12.437 [Test worker] DEBUG org.opensaml.core.xml.XMLObjectBuilderFactory - Registering builder org.opensaml.saml.saml2.core.impl.AuthnStatementBuilder under key {urn:oasis:names:tc:SAML:2.0:assertion}AuthnStatement
14:58:12.437 [Test worker] DEBUG org.opensaml.core.xml.io.MarshallerFactory - Registering marshaller, org.opensaml.saml.saml2.core.impl.AuthnStatementMarshaller, for object type {urn:oasis:names:tc:SAML:2.0:assertion}AuthnStatement
14:58:12.437 [Test worker] DEBUG org.opensaml.core.xml.io.UnmarshallerFactory - Registering unmarshaller, org.opensaml.saml.saml2.core.impl.AuthnStatementUnmarshaller, for object type, {urn:oasis:names:tc:SAML:2.0:assertion}AuthnStatement
14:58:12.437 [Test worker] DEBUG org.opensaml.core.xml.config.XMLConfigurator - {urn:oasis:names:tc:SAML:2.0:assertion}AuthnStatement intialized and configuration cached
14:58:12.437 [Test worker] DEBUG org.opensaml.core.xml.config.XMLConfigurator - Initializing object provider {urn:oasis:names:tc:SAML:2.0:assertion}AuthnStatementType
14:58:12.437 [Test worker] DEBUG org.opensaml.core.xml.config.XMLObjectProviderRegistry - Registering new builder, marshaller, and unmarshaller for {urn:oasis:names:tc:SAML:2.0:assertion}AuthnStatementType
14:58:12.437 [Test worker] DEBUG org.opensaml.core.xml.XMLObjectBuilderFactory - Registering builder org.opensaml.saml.saml2.core.impl.AuthnStatementBuilder under key {urn:oasis:names:tc:SAML:2.0:assertion}AuthnStatementType
14:58:12.437 [Test worker] DEBUG org.opensaml.core.xml.io.MarshallerFactory - Registering marshaller, org.opensaml.saml.saml2.core.impl.AuthnStatementMarshaller, for object type {urn:oasis:names:tc:SAML:2.0:assertion}AuthnStatementType
14:58:12.437 [Test worker] DEBUG org.opensaml.core.xml.io.UnmarshallerFactory - Registering unmarshaller, org.opensaml.saml.saml2.core.impl.AuthnStatementUnmarshaller, for object type, {urn:oasis:names:tc:SAML:2.0:assertion}AuthnStatementType
14:58:12.437 [Test worker] DEBUG org.opensaml.core.xml.config.XMLConfigurator - {urn:oasis:names:tc:SAML:2.0:assertion}AuthnStatementType intialized and configuration cached
14:58:12.437 [Test worker] DEBUG org.opensaml.core.xml.config.XMLConfigurator - Initializing object provider {urn:oasis:names:tc:SAML:2.0:assertion}AuthzDecisionStatement
14:58:12.437 [Test worker] DEBUG org.opensaml.core.xml.config.XMLObjectProviderRegistry - Registering new builder, marshaller, and unmarshaller for {urn:oasis:names:tc:SAML:2.0:assertion}AuthzDecisionStatement
14:58:12.437 [Test worker] DEBUG org.opensaml.core.xml.XMLObjectBuilderFactory - Registering builder org.opensaml.saml.saml2.core.impl.AuthzDecisionStatementBuilder under key {urn:oasis:names:tc:SAML:2.0:assertion}AuthzDecisionStatement
14:58:12.437 [Test worker] DEBUG org.opensaml.core.xml.io.MarshallerFactory - Registering marshaller, org.opensaml.saml.saml2.core.impl.AuthzDecisionStatementMarshaller, for object type {urn:oasis:names:tc:SAML:2.0:assertion}AuthzDecisionStatement
14:58:12.437 [Test worker] DEBUG org.opensaml.core.xml.io.UnmarshallerFactory - Registering unmarshaller, org.opensaml.saml.saml2.core.impl.AuthzDecisionStatementUnmarshaller, for object type, {urn:oasis:names:tc:SAML:2.0:assertion}AuthzDecisionStatement
14:58:12.437 [Test worker] DEBUG org.opensaml.core.xml.config.XMLConfigurator - {urn:oasis:names:tc:SAML:2.0:assertion}AuthzDecisionStatement intialized and configuration cached
14:58:12.437 [Test worker] DEBUG org.opensaml.core.xml.config.XMLConfigurator - Initializing object provider {urn:oasis:names:tc:SAML:2.0:assertion}AuthzDecisionStatementType
14:58:12.437 [Test worker] DEBUG org.opensaml.core.xml.config.XMLObjectProviderRegistry - Registering new builder, marshaller, and unmarshaller for {urn:oasis:names:tc:SAML:2.0:assertion}AuthzDecisionStatementType
14:58:12.437 [Test worker] DEBUG org.opensaml.core.xml.XMLObjectBuilderFactory - Registering builder org.opensaml.saml.saml2.core.impl.AuthzDecisionStatementBuilder under key {urn:oasis:names:tc:SAML:2.0:assertion}AuthzDecisionStatementType
14:58:12.437 [Test worker] DEBUG org.opensaml.core.xml.io.MarshallerFactory - Registering marshaller, org.opensaml.saml.saml2.core.impl.AuthzDecisionStatementMarshaller, for object type {urn:oasis:names:tc:SAML:2.0:assertion}AuthzDecisionStatementType
14:58:12.437 [Test worker] DEBUG org.opensaml.core.xml.io.UnmarshallerFactory - Registering unmarshaller, org.opensaml.saml.saml2.core.impl.AuthzDecisionStatementUnmarshaller, for object type, {urn:oasis:names:tc:SAML:2.0:assertion}AuthzDecisionStatementType
14:58:12.437 [Test worker] DEBUG org.opensaml.core.xml.config.XMLConfigurator - {urn:oasis:names:tc:SAML:2.0:assertion}AuthzDecisionStatementType intialized and configuration cached
14:58:12.437 [Test worker] DEBUG org.opensaml.core.xml.config.XMLConfigurator - Initializing object provider {urn:oasis:names:tc:SAML:2.0:assertion}Conditions
14:58:12.437 [Test worker] DEBUG org.opensaml.core.xml.config.XMLObjectProviderRegistry - Registering new builder, marshaller, and unmarshaller for {urn:oasis:names:tc:SAML:2.0:assertion}Conditions
14:58:12.437 [Test worker] DEBUG org.opensaml.core.xml.XMLObjectBuilderFactory - Registering builder org.opensaml.saml.saml2.core.impl.ConditionsBuilder under key {urn:oasis:names:tc:SAML:2.0:assertion}Conditions
14:58:12.437 [Test worker] DEBUG org.opensaml.core.xml.io.MarshallerFactory - Registering marshaller, org.opensaml.saml.saml2.core.impl.ConditionsMarshaller, for object type {urn:oasis:names:tc:SAML:2.0:assertion}Conditions
14:58:12.437 [Test worker] DEBUG org.opensaml.core.xml.io.UnmarshallerFactory - Registering unmarshaller, org.opensaml.saml.saml2.core.impl.ConditionsUnmarshaller, for object type, {urn:oasis:names:tc:SAML:2.0:assertion}Conditions
14:58:12.437 [Test worker] DEBUG org.opensaml.core.xml.config.XMLConfigurator - {urn:oasis:names:tc:SAML:2.0:assertion}Conditions intialized and configuration cached
14:58:12.437 [Test worker] DEBUG org.opensaml.core.xml.config.XMLConfigurator - Initializing object provider {urn:oasis:names:tc:SAML:2.0:assertion}ConditionsType
14:58:12.437 [Test worker] DEBUG org.opensaml.core.xml.config.XMLObjectProviderRegistry - Registering new builder, marshaller, and unmarshaller for {urn:oasis:names:tc:SAML:2.0:assertion}ConditionsType
14:58:12.437 [Test worker] DEBUG org.opensaml.core.xml.XMLObjectBuilderFactory - Registering builder org.opensaml.saml.saml2.core.impl.ConditionsBuilder under key {urn:oasis:names:tc:SAML:2.0:assertion}ConditionsType
14:58:12.437 [Test worker] DEBUG org.opensaml.core.xml.io.MarshallerFactory - Registering marshaller, org.opensaml.saml.saml2.core.impl.ConditionsMarshaller, for object type {urn:oasis:names:tc:SAML:2.0:assertion}ConditionsType
14:58:12.437 [Test worker] DEBUG org.opensaml.core.xml.io.UnmarshallerFactory - Registering unmarshaller, org.opensaml.saml.saml2.core.impl.ConditionsUnmarshaller, for object type, {urn:oasis:names:tc:SAML:2.0:assertion}ConditionsType
14:58:12.437 [Test worker] DEBUG org.opensaml.core.xml.config.XMLConfigurator - {urn:oasis:names:tc:SAML:2.0:assertion}ConditionsType intialized and configuration cached
14:58:12.437 [Test worker] DEBUG org.opensaml.core.xml.config.XMLConfigurator - Initializing object provider {urn:oasis:names:tc:SAML:2.0:assertion}EncryptedAssertion
14:58:12.438 [Test worker] DEBUG org.opensaml.core.xml.config.XMLObjectProviderRegistry - Registering new builder, marshaller, and unmarshaller for {urn:oasis:names:tc:SAML:2.0:assertion}EncryptedAssertion
14:58:12.438 [Test worker] DEBUG org.opensaml.core.xml.XMLObjectBuilderFactory - Registering builder org.opensaml.saml.saml2.core.impl.EncryptedAssertionBuilder under key {urn:oasis:names:tc:SAML:2.0:assertion}EncryptedAssertion
14:58:12.438 [Test worker] DEBUG org.opensaml.core.xml.io.MarshallerFactory - Registering marshaller, org.opensaml.saml.saml2.core.impl.EncryptedAssertionMarshaller, for object type {urn:oasis:names:tc:SAML:2.0:assertion}EncryptedAssertion
14:58:12.438 [Test worker] DEBUG org.opensaml.core.xml.io.UnmarshallerFactory - Registering unmarshaller, org.opensaml.saml.saml2.core.impl.EncryptedAssertionUnmarshaller, for object type, {urn:oasis:names:tc:SAML:2.0:assertion}EncryptedAssertion
14:58:12.438 [Test worker] DEBUG org.opensaml.core.xml.config.XMLConfigurator - {urn:oasis:names:tc:SAML:2.0:assertion}EncryptedAssertion intialized and configuration cached
14:58:12.438 [Test worker] DEBUG org.opensaml.core.xml.config.XMLConfigurator - Initializing object provider {urn:oasis:names:tc:SAML:2.0:assertion}EncryptedAttribute
14:58:12.438 [Test worker] DEBUG org.opensaml.core.xml.config.XMLObjectProviderRegistry - Registering new builder, marshaller, and unmarshaller for {urn:oasis:names:tc:SAML:2.0:assertion}EncryptedAttribute
14:58:12.438 [Test worker] DEBUG org.opensaml.core.xml.XMLObjectBuilderFactory - Registering builder org.opensaml.saml.saml2.core.impl.EncryptedAttributeBuilder under key {urn:oasis:names:tc:SAML:2.0:assertion}EncryptedAttribute
14:58:12.438 [Test worker] DEBUG org.opensaml.core.xml.io.MarshallerFactory - Registering marshaller, org.opensaml.saml.saml2.core.impl.EncryptedAttributeMarshaller, for object type {urn:oasis:names:tc:SAML:2.0:assertion}EncryptedAttribute
14:58:12.438 [Test worker] DEBUG org.opensaml.core.xml.io.UnmarshallerFactory - Registering unmarshaller, org.opensaml.saml.saml2.core.impl.EncryptedAttributeUnmarshaller, for object type, {urn:oasis:names:tc:SAML:2.0:assertion}EncryptedAttribute
14:58:12.438 [Test worker] DEBUG org.opensaml.core.xml.config.XMLConfigurator - {urn:oasis:names:tc:SAML:2.0:assertion}EncryptedAttribute intialized and configuration cached
14:58:12.438 [Test worker] DEBUG org.opensaml.core.xml.config.XMLConfigurator - Initializing object provider {urn:oasis:names:tc:SAML:2.0:assertion}EncryptedID
14:58:12.438 [Test worker] DEBUG org.opensaml.core.xml.config.XMLObjectProviderRegistry - Registering new builder, marshaller, and unmarshaller for {urn:oasis:names:tc:SAML:2.0:assertion}EncryptedID
14:58:12.438 [Test worker] DEBUG org.opensaml.core.xml.XMLObjectBuilderFactory - Registering builder org.opensaml.saml.saml2.core.impl.EncryptedIDBuilder under key {urn:oasis:names:tc:SAML:2.0:assertion}EncryptedID
14:58:12.438 [Test worker] DEBUG org.opensaml.core.xml.io.MarshallerFactory - Registering marshaller, org.opensaml.saml.saml2.core.impl.EncryptedIDMarshaller, for object type {urn:oasis:names:tc:SAML:2.0:assertion}EncryptedID
14:58:12.438 [Test worker] DEBUG org.opensaml.core.xml.io.UnmarshallerFactory - Registering unmarshaller, org.opensaml.saml.saml2.core.impl.EncryptedIDUnmarshaller, for object type, {urn:oasis:names:tc:SAML:2.0:assertion}EncryptedID
14:58:12.438 [Test worker] DEBUG org.opensaml.core.xml.config.XMLConfigurator - {urn:oasis:names:tc:SAML:2.0:assertion}EncryptedID intialized and configuration cached
14:58:12.438 [Test worker] DEBUG org.opensaml.core.xml.config.XMLConfigurator - Initializing object provider {urn:oasis:names:tc:SAML:2.0:assertion}Evidence
14:58:12.438 [Test worker] DEBUG org.opensaml.core.xml.config.XMLObjectProviderRegistry - Registering new builder, marshaller, and unmarshaller for {urn:oasis:names:tc:SAML:2.0:assertion}Evidence
14:58:12.438 [Test worker] DEBUG org.opensaml.core.xml.XMLObjectBuilderFactory - Registering builder org.opensaml.saml.saml2.core.impl.EvidenceBuilder under key {urn:oasis:names:tc:SAML:2.0:assertion}Evidence
14:58:12.438 [Test worker] DEBUG org.opensaml.core.xml.io.MarshallerFactory - Registering marshaller, org.opensaml.saml.saml2.core.impl.EvidenceMarshaller, for object type {urn:oasis:names:tc:SAML:2.0:assertion}Evidence
14:58:12.438 [Test worker] DEBUG org.opensaml.core.xml.io.UnmarshallerFactory - Registering unmarshaller, org.opensaml.saml.saml2.core.impl.EvidenceUnmarshaller, for object type, {urn:oasis:names:tc:SAML:2.0:assertion}Evidence
14:58:12.438 [Test worker] DEBUG org.opensaml.core.xml.config.XMLConfigurator - {urn:oasis:names:tc:SAML:2.0:assertion}Evidence intialized and configuration cached
14:58:12.438 [Test worker] DEBUG org.opensaml.core.xml.config.XMLConfigurator - Initializing object provider {urn:oasis:names:tc:SAML:2.0:assertion}EvidenceType
14:58:12.438 [Test worker] DEBUG org.opensaml.core.xml.config.XMLObjectProviderRegistry - Registering new builder, marshaller, and unmarshaller for {urn:oasis:names:tc:SAML:2.0:assertion}EvidenceType
14:58:12.438 [Test worker] DEBUG org.opensaml.core.xml.XMLObjectBuilderFactory - Registering builder org.opensaml.saml.saml2.core.impl.EvidenceBuilder under key {urn:oasis:names:tc:SAML:2.0:assertion}EvidenceType
14:58:12.438 [Test worker] DEBUG org.opensaml.core.xml.io.MarshallerFactory - Registering marshaller, org.opensaml.saml.saml2.core.impl.EvidenceMarshaller, for object type {urn:oasis:names:tc:SAML:2.0:assertion}EvidenceType
14:58:12.438 [Test worker] DEBUG org.opensaml.core.xml.io.UnmarshallerFactory - Registering unmarshaller, org.opensaml.saml.saml2.core.impl.EvidenceUnmarshaller, for object type, {urn:oasis:names:tc:SAML:2.0:assertion}EvidenceType
14:58:12.438 [Test worker] DEBUG org.opensaml.core.xml.config.XMLConfigurator - {urn:oasis:names:tc:SAML:2.0:assertion}EvidenceType intialized and configuration cached
14:58:12.438 [Test worker] DEBUG org.opensaml.core.xml.config.XMLConfigurator - Initializing object provider {urn:oasis:names:tc:SAML:2.0:assertion}Issuer
14:58:12.438 [Test worker] DEBUG org.opensaml.core.xml.config.XMLObjectProviderRegistry - Registering new builder, marshaller, and unmarshaller for {urn:oasis:names:tc:SAML:2.0:assertion}Issuer
14:58:12.438 [Test worker] DEBUG org.opensaml.core.xml.XMLObjectBuilderFactory - Registering builder org.opensaml.saml.saml2.core.impl.IssuerBuilder under key {urn:oasis:names:tc:SAML:2.0:assertion}Issuer
14:58:12.438 [Test worker] DEBUG org.opensaml.core.xml.io.MarshallerFactory - Registering marshaller, org.opensaml.saml.saml2.core.impl.IssuerMarshaller, for object type {urn:oasis:names:tc:SAML:2.0:assertion}Issuer
14:58:12.438 [Test worker] DEBUG org.opensaml.core.xml.io.UnmarshallerFactory - Registering unmarshaller, org.opensaml.saml.saml2.core.impl.IssuerUnmarshaller, for object type, {urn:oasis:names:tc:SAML:2.0:assertion}Issuer
14:58:12.438 [Test worker] DEBUG org.opensaml.core.xml.config.XMLConfigurator - {urn:oasis:names:tc:SAML:2.0:assertion}Issuer intialized and configuration cached
14:58:12.438 [Test worker] DEBUG org.opensaml.core.xml.config.XMLConfigurator - Initializing object provider {urn:oasis:names:tc:SAML:2.0:assertion}KeyInfoConfirmationDataType
14:58:12.438 [Test worker] DEBUG org.opensaml.core.xml.config.XMLObjectProviderRegistry - Registering new builder, marshaller, and unmarshaller for {urn:oasis:names:tc:SAML:2.0:assertion}KeyInfoConfirmationDataType
14:58:12.438 [Test worker] DEBUG org.opensaml.core.xml.XMLObjectBuilderFactory - Registering builder org.opensaml.saml.saml2.core.impl.KeyInfoConfirmationDataTypeBuilder under key {urn:oasis:names:tc:SAML:2.0:assertion}KeyInfoConfirmationDataType
14:58:12.438 [Test worker] DEBUG org.opensaml.core.xml.io.MarshallerFactory - Registering marshaller, org.opensaml.saml.saml2.core.impl.SubjectConfirmationDataMarshaller, for object type {urn:oasis:names:tc:SAML:2.0:assertion}KeyInfoConfirmationDataType
14:58:12.438 [Test worker] DEBUG org.opensaml.core.xml.io.UnmarshallerFactory - Registering unmarshaller, org.opensaml.saml.saml2.core.impl.SubjectConfirmationDataUnmarshaller, for object type, {urn:oasis:names:tc:SAML:2.0:assertion}KeyInfoConfirmationDataType
14:58:12.438 [Test worker] DEBUG org.opensaml.core.xml.config.XMLConfigurator - {urn:oasis:names:tc:SAML:2.0:assertion}KeyInfoConfirmationDataType intialized and configuration cached
14:58:12.438 [Test worker] DEBUG org.opensaml.core.xml.config.XMLConfigurator - Initializing object provider {urn:oasis:names:tc:SAML:2.0:assertion}NameID
14:58:12.438 [Test worker] DEBUG org.opensaml.core.xml.config.XMLObjectProviderRegistry - Registering new builder, marshaller, and unmarshaller for {urn:oasis:names:tc:SAML:2.0:assertion}NameID
14:58:12.438 [Test worker] DEBUG org.opensaml.core.xml.XMLObjectBuilderFactory - Registering builder org.opensaml.saml.saml2.core.impl.NameIDBuilder under key {urn:oasis:names:tc:SAML:2.0:assertion}NameID
14:58:12.438 [Test worker] DEBUG org.opensaml.core.xml.io.MarshallerFactory - Registering marshaller, org.opensaml.saml.saml2.core.impl.NameIDMarshaller, for object type {urn:oasis:names:tc:SAML:2.0:assertion}NameID
14:58:12.438 [Test worker] DEBUG org.opensaml.core.xml.io.UnmarshallerFactory - Registering unmarshaller, org.opensaml.saml.saml2.core.impl.NameIDUnmarshaller, for object type, {urn:oasis:names:tc:SAML:2.0:assertion}NameID
14:58:12.438 [Test worker] DEBUG org.opensaml.core.xml.config.XMLConfigurator - {urn:oasis:names:tc:SAML:2.0:assertion}NameID intialized and configuration cached
14:58:12.438 [Test worker] DEBUG org.opensaml.core.xml.config.XMLConfigurator - Initializing object provider {urn:oasis:names:tc:SAML:2.0:assertion}NameIDType
14:58:12.438 [Test worker] DEBUG org.opensaml.core.xml.config.XMLObjectProviderRegistry - Registering new builder, marshaller, and unmarshaller for {urn:oasis:names:tc:SAML:2.0:assertion}NameIDType
14:58:12.438 [Test worker] DEBUG org.opensaml.core.xml.XMLObjectBuilderFactory - Registering builder org.opensaml.saml.saml2.core.impl.NameIDBuilder under key {urn:oasis:names:tc:SAML:2.0:assertion}NameIDType
14:58:12.438 [Test worker] DEBUG org.opensaml.core.xml.io.MarshallerFactory - Registering marshaller, org.opensaml.saml.saml2.core.impl.NameIDMarshaller, for object type {urn:oasis:names:tc:SAML:2.0:assertion}NameIDType
14:58:12.438 [Test worker] DEBUG org.opensaml.core.xml.io.UnmarshallerFactory - Registering unmarshaller, org.opensaml.saml.saml2.core.impl.NameIDUnmarshaller, for object type, {urn:oasis:names:tc:SAML:2.0:assertion}NameIDType
14:58:12.438 [Test worker] DEBUG org.opensaml.core.xml.config.XMLConfigurator - {urn:oasis:names:tc:SAML:2.0:assertion}NameIDType intialized and configuration cached
14:58:12.438 [Test worker] DEBUG org.opensaml.core.xml.config.XMLConfigurator - Initializing object provider {urn:oasis:names:tc:SAML:2.0:assertion}OneTimeUse
14:58:12.438 [Test worker] DEBUG org.opensaml.core.xml.config.XMLObjectProviderRegistry - Registering new builder, marshaller, and unmarshaller for {urn:oasis:names:tc:SAML:2.0:assertion}OneTimeUse
14:58:12.438 [Test worker] DEBUG org.opensaml.core.xml.XMLObjectBuilderFactory - Registering builder org.opensaml.saml.saml2.core.impl.OneTimeUseBuilder under key {urn:oasis:names:tc:SAML:2.0:assertion}OneTimeUse
14:58:12.438 [Test worker] DEBUG org.opensaml.core.xml.io.MarshallerFactory - Registering marshaller, org.opensaml.saml.saml2.core.impl.OneTimeUseMarshaller, for object type {urn:oasis:names:tc:SAML:2.0:assertion}OneTimeUse
14:58:12.438 [Test worker] DEBUG org.opensaml.core.xml.io.UnmarshallerFactory - Registering unmarshaller, org.opensaml.saml.saml2.core.impl.OneTimeUseUnmarshaller, for object type, {urn:oasis:names:tc:SAML:2.0:assertion}OneTimeUse
14:58:12.438 [Test worker] DEBUG org.opensaml.core.xml.config.XMLConfigurator - {urn:oasis:names:tc:SAML:2.0:assertion}OneTimeUse intialized and configuration cached
14:58:12.438 [Test worker] DEBUG org.opensaml.core.xml.config.XMLConfigurator - Initializing object provider {urn:oasis:names:tc:SAML:2.0:assertion}OneTimeUseType
14:58:12.438 [Test worker] DEBUG org.opensaml.core.xml.config.XMLObjectProviderRegistry - Registering new builder, marshaller, and unmarshaller for {urn:oasis:names:tc:SAML:2.0:assertion}OneTimeUseType
14:58:12.438 [Test worker] DEBUG org.opensaml.core.xml.XMLObjectBuilderFactory - Registering builder org.opensaml.saml.saml2.core.impl.OneTimeUseBuilder under key {urn:oasis:names:tc:SAML:2.0:assertion}OneTimeUseType
14:58:12.438 [Test worker] DEBUG org.opensaml.core.xml.io.MarshallerFactory - Registering marshaller, org.opensaml.saml.saml2.core.impl.OneTimeUseMarshaller, for object type {urn:oasis:names:tc:SAML:2.0:assertion}OneTimeUseType
14:58:12.438 [Test worker] DEBUG org.opensaml.core.xml.io.UnmarshallerFactory - Registering unmarshaller, org.opensaml.saml.saml2.core.impl.OneTimeUseUnmarshaller, for object type, {urn:oasis:names:tc:SAML:2.0:assertion}OneTimeUseType
14:58:12.438 [Test worker] DEBUG org.opensaml.core.xml.config.XMLConfigurator - {urn:oasis:names:tc:SAML:2.0:assertion}OneTimeUseType intialized and configuration cached
14:58:12.438 [Test worker] DEBUG org.opensaml.core.xml.config.XMLConfigurator - Initializing object provider {urn:oasis:names:tc:SAML:2.0:assertion}ProxyRestriction
14:58:12.439 [Test worker] DEBUG org.opensaml.core.xml.config.XMLObjectProviderRegistry - Registering new builder, marshaller, and unmarshaller for {urn:oasis:names:tc:SAML:2.0:assertion}ProxyRestriction
14:58:12.439 [Test worker] DEBUG org.opensaml.core.xml.XMLObjectBuilderFactory - Registering builder org.opensaml.saml.saml2.core.impl.ProxyRestrictionBuilder under key {urn:oasis:names:tc:SAML:2.0:assertion}ProxyRestriction
14:58:12.439 [Test worker] DEBUG org.opensaml.core.xml.io.MarshallerFactory - Registering marshaller, org.opensaml.saml.saml2.core.impl.ProxyRestrictionMarshaller, for object type {urn:oasis:names:tc:SAML:2.0:assertion}ProxyRestriction
14:58:12.439 [Test worker] DEBUG org.opensaml.core.xml.io.UnmarshallerFactory - Registering unmarshaller, org.opensaml.saml.saml2.core.impl.ProxyRestrictionUnmarshaller, for object type, {urn:oasis:names:tc:SAML:2.0:assertion}ProxyRestriction
14:58:12.439 [Test worker] DEBUG org.opensaml.core.xml.config.XMLConfigurator - {urn:oasis:names:tc:SAML:2.0:assertion}ProxyRestriction intialized and configuration cached
14:58:12.439 [Test worker] DEBUG org.opensaml.core.xml.config.XMLConfigurator - Initializing object provider {urn:oasis:names:tc:SAML:2.0:assertion}ProxyRestrictionType
14:58:12.439 [Test worker] DEBUG org.opensaml.core.xml.config.XMLObjectProviderRegistry - Registering new builder, marshaller, and unmarshaller for {urn:oasis:names:tc:SAML:2.0:assertion}ProxyRestrictionType
14:58:12.439 [Test worker] DEBUG org.opensaml.core.xml.XMLObjectBuilderFactory - Registering builder org.opensaml.saml.saml2.core.impl.ProxyRestrictionBuilder under key {urn:oasis:names:tc:SAML:2.0:assertion}ProxyRestrictionType
14:58:12.439 [Test worker] DEBUG org.opensaml.core.xml.io.MarshallerFactory - Registering marshaller, org.opensaml.saml.saml2.core.impl.ProxyRestrictionMarshaller, for object type {urn:oasis:names:tc:SAML:2.0:assertion}ProxyRestrictionType
14:58:12.439 [Test worker] DEBUG org.opensaml.core.xml.io.UnmarshallerFactory - Registering unmarshaller, org.opensaml.saml.saml2.core.impl.ProxyRestrictionUnmarshaller, for object type, {urn:oasis:names:tc:SAML:2.0:assertion}ProxyRestrictionType
14:58:12.439 [Test worker] DEBUG org.opensaml.core.xml.config.XMLConfigurator - {urn:oasis:names:tc:SAML:2.0:assertion}ProxyRestrictionType intialized and configuration cached
14:58:12.439 [Test worker] DEBUG org.opensaml.core.xml.config.XMLConfigurator - Initializing object provider {urn:oasis:names:tc:SAML:2.0:assertion}Subject
14:58:12.439 [Test worker] DEBUG org.opensaml.core.xml.config.XMLObjectProviderRegistry - Registering new builder, marshaller, and unmarshaller for {urn:oasis:names:tc:SAML:2.0:assertion}Subject
14:58:12.439 [Test worker] DEBUG org.opensaml.core.xml.XMLObjectBuilderFactory - Registering builder org.opensaml.saml.saml2.core.impl.SubjectBuilder under key {urn:oasis:names:tc:SAML:2.0:assertion}Subject
14:58:12.439 [Test worker] DEBUG org.opensaml.core.xml.io.MarshallerFactory - Registering marshaller, org.opensaml.saml.saml2.core.impl.SubjectMarshaller, for object type {urn:oasis:names:tc:SAML:2.0:assertion}Subject
14:58:12.439 [Test worker] DEBUG org.opensaml.core.xml.io.UnmarshallerFactory - Registering unmarshaller, org.opensaml.saml.saml2.core.impl.SubjectUnmarshaller, for object type, {urn:oasis:names:tc:SAML:2.0:assertion}Subject
14:58:12.439 [Test worker] DEBUG org.opensaml.core.xml.config.XMLConfigurator - {urn:oasis:names:tc:SAML:2.0:assertion}Subject intialized and configuration cached
14:58:12.439 [Test worker] DEBUG org.opensaml.core.xml.config.XMLConfigurator - Initializing object provider {urn:oasis:names:tc:SAML:2.0:assertion}SubjectType
14:58:12.439 [Test worker] DEBUG org.opensaml.core.xml.config.XMLObjectProviderRegistry - Registering new builder, marshaller, and unmarshaller for {urn:oasis:names:tc:SAML:2.0:assertion}SubjectType
14:58:12.439 [Test worker] DEBUG org.opensaml.core.xml.XMLObjectBuilderFactory - Registering builder org.opensaml.saml.saml2.core.impl.SubjectBuilder under key {urn:oasis:names:tc:SAML:2.0:assertion}SubjectType
14:58:12.439 [Test worker] DEBUG org.opensaml.core.xml.io.MarshallerFactory - Registering marshaller, org.opensaml.saml.saml2.core.impl.SubjectMarshaller, for object type {urn:oasis:names:tc:SAML:2.0:assertion}SubjectType
14:58:12.439 [Test worker] DEBUG org.opensaml.core.xml.io.UnmarshallerFactory - Registering unmarshaller, org.opensaml.saml.saml2.core.impl.SubjectUnmarshaller, for object type, {urn:oasis:names:tc:SAML:2.0:assertion}SubjectType
14:58:12.439 [Test worker] DEBUG org.opensaml.core.xml.config.XMLConfigurator - {urn:oasis:names:tc:SAML:2.0:assertion}SubjectType intialized and configuration cached
14:58:12.439 [Test worker] DEBUG org.opensaml.core.xml.config.XMLConfigurator - Initializing object provider {urn:oasis:names:tc:SAML:2.0:assertion}SubjectConfirmation
14:58:12.439 [Test worker] DEBUG org.opensaml.core.xml.config.XMLObjectProviderRegistry - Registering new builder, marshaller, and unmarshaller for {urn:oasis:names:tc:SAML:2.0:assertion}SubjectConfirmation
14:58:12.439 [Test worker] DEBUG org.opensaml.core.xml.XMLObjectBuilderFactory - Registering builder org.opensaml.saml.saml2.core.impl.SubjectConfirmationBuilder under key {urn:oasis:names:tc:SAML:2.0:assertion}SubjectConfirmation
14:58:12.439 [Test worker] DEBUG org.opensaml.core.xml.io.MarshallerFactory - Registering marshaller, org.opensaml.saml.saml2.core.impl.SubjectConfirmationMarshaller, for object type {urn:oasis:names:tc:SAML:2.0:assertion}SubjectConfirmation
14:58:12.439 [Test worker] DEBUG org.opensaml.core.xml.io.UnmarshallerFactory - Registering unmarshaller, org.opensaml.saml.saml2.core.impl.SubjectConfirmationUnmarshaller, for object type, {urn:oasis:names:tc:SAML:2.0:assertion}SubjectConfirmation
14:58:12.439 [Test worker] DEBUG org.opensaml.core.xml.config.XMLConfigurator - {urn:oasis:names:tc:SAML:2.0:assertion}SubjectConfirmation intialized and configuration cached
14:58:12.439 [Test worker] DEBUG org.opensaml.core.xml.config.XMLConfigurator - Initializing object provider {urn:oasis:names:tc:SAML:2.0:assertion}SubjectConfirmationType
14:58:12.439 [Test worker] DEBUG org.opensaml.core.xml.config.XMLObjectProviderRegistry - Registering new builder, marshaller, and unmarshaller for {urn:oasis:names:tc:SAML:2.0:assertion}SubjectConfirmationType
14:58:12.439 [Test worker] DEBUG org.opensaml.core.xml.XMLObjectBuilderFactory - Registering builder org.opensaml.saml.saml2.core.impl.SubjectConfirmationBuilder under key {urn:oasis:names:tc:SAML:2.0:assertion}SubjectConfirmationType
14:58:12.439 [Test worker] DEBUG org.opensaml.core.xml.io.MarshallerFactory - Registering marshaller, org.opensaml.saml.saml2.core.impl.SubjectConfirmationMarshaller, for object type {urn:oasis:names:tc:SAML:2.0:assertion}SubjectConfirmationType
14:58:12.439 [Test worker] DEBUG org.opensaml.core.xml.io.UnmarshallerFactory - Registering unmarshaller, org.opensaml.saml.saml2.core.impl.SubjectConfirmationUnmarshaller, for object type, {urn:oasis:names:tc:SAML:2.0:assertion}SubjectConfirmationType
14:58:12.439 [Test worker] DEBUG org.opensaml.core.xml.config.XMLConfigurator - {urn:oasis:names:tc:SAML:2.0:assertion}SubjectConfirmationType intialized and configuration cached
14:58:12.439 [Test worker] DEBUG org.opensaml.core.xml.config.XMLConfigurator - Initializing object provider {urn:oasis:names:tc:SAML:2.0:assertion}SubjectConfirmationData
14:58:12.439 [Test worker] DEBUG org.opensaml.core.xml.config.XMLObjectProviderRegistry - Registering new builder, marshaller, and unmarshaller for {urn:oasis:names:tc:SAML:2.0:assertion}SubjectConfirmationData
14:58:12.439 [Test worker] DEBUG org.opensaml.core.xml.XMLObjectBuilderFactory - Registering builder org.opensaml.saml.saml2.core.impl.SubjectConfirmationDataBuilder under key {urn:oasis:names:tc:SAML:2.0:assertion}SubjectConfirmationData
14:58:12.439 [Test worker] DEBUG org.opensaml.core.xml.io.MarshallerFactory - Registering marshaller, org.opensaml.saml.saml2.core.impl.SubjectConfirmationDataMarshaller, for object type {urn:oasis:names:tc:SAML:2.0:assertion}SubjectConfirmationData
14:58:12.439 [Test worker] DEBUG org.opensaml.core.xml.io.UnmarshallerFactory - Registering unmarshaller, org.opensaml.saml.saml2.core.impl.SubjectConfirmationDataUnmarshaller, for object type, {urn:oasis:names:tc:SAML:2.0:assertion}SubjectConfirmationData
14:58:12.439 [Test worker] DEBUG org.opensaml.core.xml.config.XMLConfigurator - {urn:oasis:names:tc:SAML:2.0:assertion}SubjectConfirmationData intialized and configuration cached
14:58:12.439 [Test worker] DEBUG org.opensaml.core.xml.config.XMLConfigurator - Initializing object provider {urn:oasis:names:tc:SAML:2.0:assertion}SubjectConfirmationDataType
14:58:12.439 [Test worker] DEBUG org.opensaml.core.xml.config.XMLObjectProviderRegistry - Registering new builder, marshaller, and unmarshaller for {urn:oasis:names:tc:SAML:2.0:assertion}SubjectConfirmationDataType
14:58:12.439 [Test worker] DEBUG org.opensaml.core.xml.XMLObjectBuilderFactory - Registering builder org.opensaml.saml.saml2.core.impl.SubjectConfirmationDataBuilder under key {urn:oasis:names:tc:SAML:2.0:assertion}SubjectConfirmationDataType
14:58:12.439 [Test worker] DEBUG org.opensaml.core.xml.io.MarshallerFactory - Registering marshaller, org.opensaml.saml.saml2.core.impl.SubjectConfirmationDataMarshaller, for object type {urn:oasis:names:tc:SAML:2.0:assertion}SubjectConfirmationDataType
14:58:12.439 [Test worker] DEBUG org.opensaml.core.xml.io.UnmarshallerFactory - Registering unmarshaller, org.opensaml.saml.saml2.core.impl.SubjectConfirmationDataUnmarshaller, for object type, {urn:oasis:names:tc:SAML:2.0:assertion}SubjectConfirmationDataType
14:58:12.439 [Test worker] DEBUG org.opensaml.core.xml.config.XMLConfigurator - {urn:oasis:names:tc:SAML:2.0:assertion}SubjectConfirmationDataType intialized and configuration cached
14:58:12.439 [Test worker] DEBUG org.opensaml.core.xml.config.XMLConfigurator - Initializing object provider {urn:oasis:names:tc:SAML:2.0:assertion}SubjectLocality
14:58:12.439 [Test worker] DEBUG org.opensaml.core.xml.config.XMLObjectProviderRegistry - Registering new builder, marshaller, and unmarshaller for {urn:oasis:names:tc:SAML:2.0:assertion}SubjectLocality
14:58:12.439 [Test worker] DEBUG org.opensaml.core.xml.XMLObjectBuilderFactory - Registering builder org.opensaml.saml.saml2.core.impl.SubjectLocalityBuilder under key {urn:oasis:names:tc:SAML:2.0:assertion}SubjectLocality
14:58:12.439 [Test worker] DEBUG org.opensaml.core.xml.io.MarshallerFactory - Registering marshaller, org.opensaml.saml.saml2.core.impl.SubjectLocalityMarshaller, for object type {urn:oasis:names:tc:SAML:2.0:assertion}SubjectLocality
14:58:12.439 [Test worker] DEBUG org.opensaml.core.xml.io.UnmarshallerFactory - Registering unmarshaller, org.opensaml.saml.saml2.core.impl.SubjectLocalityUnmarshaller, for object type, {urn:oasis:names:tc:SAML:2.0:assertion}SubjectLocality
14:58:12.439 [Test worker] DEBUG org.opensaml.core.xml.config.XMLConfigurator - {urn:oasis:names:tc:SAML:2.0:assertion}SubjectLocality intialized and configuration cached
14:58:12.439 [Test worker] DEBUG org.opensaml.core.xml.config.XMLConfigurator - Initializing object provider {urn:oasis:names:tc:SAML:2.0:assertion}SubjectLocalityType
14:58:12.439 [Test worker] DEBUG org.opensaml.core.xml.config.XMLObjectProviderRegistry - Registering new builder, marshaller, and unmarshaller for {urn:oasis:names:tc:SAML:2.0:assertion}SubjectLocalityType
14:58:12.439 [Test worker] DEBUG org.opensaml.core.xml.XMLObjectBuilderFactory - Registering builder org.opensaml.saml.saml2.core.impl.SubjectLocalityBuilder under key {urn:oasis:names:tc:SAML:2.0:assertion}SubjectLocalityType
14:58:12.439 [Test worker] DEBUG org.opensaml.core.xml.io.MarshallerFactory - Registering marshaller, org.opensaml.saml.saml2.core.impl.SubjectLocalityMarshaller, for object type {urn:oasis:names:tc:SAML:2.0:assertion}SubjectLocalityType
14:58:12.439 [Test worker] DEBUG org.opensaml.core.xml.io.UnmarshallerFactory - Registering unmarshaller, org.opensaml.saml.saml2.core.impl.SubjectLocalityUnmarshaller, for object type, {urn:oasis:names:tc:SAML:2.0:assertion}SubjectLocalityType
14:58:12.439 [Test worker] DEBUG org.opensaml.core.xml.config.XMLConfigurator - {urn:oasis:names:tc:SAML:2.0:assertion}SubjectLocalityType intialized and configuration cached
14:58:12.439 [Test worker] DEBUG org.opensaml.core.xml.config.XMLConfigurator - ObjectProviders load complete
14:58:12.439 [Test worker] DEBUG org.opensaml.core.xml.config.AbstractXMLObjectProviderInitializer - Loading XMLObject provider configuration from resource 'saml2-assertion-delegation-restriction-config.xml'
14:58:12.440 [Test worker] DEBUG org.opensaml.core.xml.config.XMLConfigurator - Loading configuration from XML Document
14:58:12.440 [Test worker] DEBUG org.opensaml.core.xml.config.XMLConfigurator - Schema validating configuration Document
14:58:12.440 [Test worker] DEBUG org.opensaml.core.xml.config.XMLConfigurator - Configuration document validated
14:58:12.440 [Test worker] DEBUG org.opensaml.core.xml.config.XMLConfigurator - Preparing to load ObjectProviders
14:58:12.440 [Test worker] DEBUG org.opensaml.core.xml.config.XMLConfigurator - Initializing object provider {urn:oasis:names:tc:SAML:2.0:conditions:delegation}Delegate
14:58:12.440 [Test worker] DEBUG org.opensaml.core.xml.config.XMLObjectProviderRegistry - Registering new builder, marshaller, and unmarshaller for {urn:oasis:names:tc:SAML:2.0:conditions:delegation}Delegate
14:58:12.440 [Test worker] DEBUG org.opensaml.core.xml.XMLObjectBuilderFactory - Registering builder org.opensaml.saml.ext.saml2delrestrict.impl.DelegateBuilder under key {urn:oasis:names:tc:SAML:2.0:conditions:delegation}Delegate
14:58:12.440 [Test worker] DEBUG org.opensaml.core.xml.io.MarshallerFactory - Registering marshaller, org.opensaml.saml.ext.saml2delrestrict.impl.DelegateMarshaller, for object type {urn:oasis:names:tc:SAML:2.0:conditions:delegation}Delegate
14:58:12.440 [Test worker] DEBUG org.opensaml.core.xml.io.UnmarshallerFactory - Registering unmarshaller, org.opensaml.saml.ext.saml2delrestrict.impl.DelegateUnmarshaller, for object type, {urn:oasis:names:tc:SAML:2.0:conditions:delegation}Delegate
14:58:12.440 [Test worker] DEBUG org.opensaml.core.xml.config.XMLConfigurator - {urn:oasis:names:tc:SAML:2.0:conditions:delegation}Delegate intialized and configuration cached
14:58:12.440 [Test worker] DEBUG org.opensaml.core.xml.config.XMLConfigurator - Initializing object provider {urn:oasis:names:tc:SAML:2.0:conditions:delegation}DelegateType
14:58:12.440 [Test worker] DEBUG org.opensaml.core.xml.config.XMLObjectProviderRegistry - Registering new builder, marshaller, and unmarshaller for {urn:oasis:names:tc:SAML:2.0:conditions:delegation}DelegateType
14:58:12.440 [Test worker] DEBUG org.opensaml.core.xml.XMLObjectBuilderFactory - Registering builder org.opensaml.saml.ext.saml2delrestrict.impl.DelegateBuilder under key {urn:oasis:names:tc:SAML:2.0:conditions:delegation}DelegateType
14:58:12.440 [Test worker] DEBUG org.opensaml.core.xml.io.MarshallerFactory - Registering marshaller, org.opensaml.saml.ext.saml2delrestrict.impl.DelegateMarshaller, for object type {urn:oasis:names:tc:SAML:2.0:conditions:delegation}DelegateType
14:58:12.440 [Test worker] DEBUG org.opensaml.core.xml.io.UnmarshallerFactory - Registering unmarshaller, org.opensaml.saml.ext.saml2delrestrict.impl.DelegateUnmarshaller, for object type, {urn:oasis:names:tc:SAML:2.0:conditions:delegation}DelegateType
14:58:12.440 [Test worker] DEBUG org.opensaml.core.xml.config.XMLConfigurator - {urn:oasis:names:tc:SAML:2.0:conditions:delegation}DelegateType intialized and configuration cached
14:58:12.440 [Test worker] DEBUG org.opensaml.core.xml.config.XMLConfigurator - Initializing object provider {urn:oasis:names:tc:SAML:2.0:conditions:delegation}DelegationRestrictionType
14:58:12.441 [Test worker] DEBUG org.opensaml.core.xml.config.XMLObjectProviderRegistry - Registering new builder, marshaller, and unmarshaller for {urn:oasis:names:tc:SAML:2.0:conditions:delegation}DelegationRestrictionType
14:58:12.441 [Test worker] DEBUG org.opensaml.core.xml.XMLObjectBuilderFactory - Registering builder org.opensaml.saml.ext.saml2delrestrict.impl.DelegationRestrictionTypeBuilder under key {urn:oasis:names:tc:SAML:2.0:conditions:delegation}DelegationRestrictionType
14:58:12.441 [Test worker] DEBUG org.opensaml.core.xml.io.MarshallerFactory - Registering marshaller, org.opensaml.saml.ext.saml2delrestrict.impl.DelegationRestrictionTypeMarshaller, for object type {urn:oasis:names:tc:SAML:2.0:conditions:delegation}DelegationRestrictionType
14:58:12.441 [Test worker] DEBUG org.opensaml.core.xml.io.UnmarshallerFactory - Registering unmarshaller, org.opensaml.saml.ext.saml2delrestrict.impl.DelegationRestrictionTypeUnmarshaller, for object type, {urn:oasis:names:tc:SAML:2.0:conditions:delegation}DelegationRestrictionType
14:58:12.441 [Test worker] DEBUG org.opensaml.core.xml.config.XMLConfigurator - {urn:oasis:names:tc:SAML:2.0:conditions:delegation}DelegationRestrictionType intialized and configuration cached
14:58:12.441 [Test worker] DEBUG org.opensaml.core.xml.config.XMLConfigurator - ObjectProviders load complete
14:58:12.441 [Test worker] DEBUG org.opensaml.core.xml.config.AbstractXMLObjectProviderInitializer - Loading XMLObject provider configuration from resource 'saml2-ecp-config.xml'
14:58:12.441 [Test worker] DEBUG org.opensaml.core.xml.config.XMLConfigurator - Loading configuration from XML Document
14:58:12.441 [Test worker] DEBUG org.opensaml.core.xml.config.XMLConfigurator - Schema validating configuration Document
14:58:12.442 [Test worker] DEBUG org.opensaml.core.xml.config.XMLConfigurator - Configuration document validated
14:58:12.442 [Test worker] DEBUG org.opensaml.core.xml.config.XMLConfigurator - Preparing to load ObjectProviders
14:58:12.442 [Test worker] DEBUG org.opensaml.core.xml.config.XMLConfigurator - Initializing object provider {urn:oasis:names:tc:SAML:2.0:profiles:SSO:ecp}Request
14:58:12.442 [Test worker] DEBUG org.opensaml.core.xml.config.XMLObjectProviderRegistry - Registering new builder, marshaller, and unmarshaller for {urn:oasis:names:tc:SAML:2.0:profiles:SSO:ecp}Request
14:58:12.442 [Test worker] DEBUG org.opensaml.core.xml.XMLObjectBuilderFactory - Registering builder org.opensaml.saml.saml2.ecp.impl.RequestBuilder under key {urn:oasis:names:tc:SAML:2.0:profiles:SSO:ecp}Request
14:58:12.442 [Test worker] DEBUG org.opensaml.core.xml.io.MarshallerFactory - Registering marshaller, org.opensaml.saml.saml2.ecp.impl.RequestMarshaller, for object type {urn:oasis:names:tc:SAML:2.0:profiles:SSO:ecp}Request
14:58:12.442 [Test worker] DEBUG org.opensaml.core.xml.io.UnmarshallerFactory - Registering unmarshaller, org.opensaml.saml.saml2.ecp.impl.RequestUnmarshaller, for object type, {urn:oasis:names:tc:SAML:2.0:profiles:SSO:ecp}Request
14:58:12.442 [Test worker] DEBUG org.opensaml.core.xml.config.XMLConfigurator - {urn:oasis:names:tc:SAML:2.0:profiles:SSO:ecp}Request intialized and configuration cached
14:58:12.442 [Test worker] DEBUG org.opensaml.core.xml.config.XMLConfigurator - Initializing object provider {urn:oasis:names:tc:SAML:2.0:profiles:SSO:ecp}RequestType
14:58:12.442 [Test worker] DEBUG org.opensaml.core.xml.config.XMLObjectProviderRegistry - Registering new builder, marshaller, and unmarshaller for {urn:oasis:names:tc:SAML:2.0:profiles:SSO:ecp}RequestType
14:58:12.442 [Test worker] DEBUG org.opensaml.core.xml.XMLObjectBuilderFactory - Registering builder org.opensaml.saml.saml2.ecp.impl.RequestBuilder under key {urn:oasis:names:tc:SAML:2.0:profiles:SSO:ecp}RequestType
14:58:12.442 [Test worker] DEBUG org.opensaml.core.xml.io.MarshallerFactory - Registering marshaller, org.opensaml.saml.saml2.ecp.impl.RequestMarshaller, for object type {urn:oasis:names:tc:SAML:2.0:profiles:SSO:ecp}RequestType
14:58:12.442 [Test worker] DEBUG org.opensaml.core.xml.io.UnmarshallerFactory - Registering unmarshaller, org.opensaml.saml.saml2.ecp.impl.RequestUnmarshaller, for object type, {urn:oasis:names:tc:SAML:2.0:profiles:SSO:ecp}RequestType
14:58:12.442 [Test worker] DEBUG org.opensaml.core.xml.config.XMLConfigurator - {urn:oasis:names:tc:SAML:2.0:profiles:SSO:ecp}RequestType intialized and configuration cached
14:58:12.442 [Test worker] DEBUG org.opensaml.core.xml.config.XMLConfigurator - Initializing object provider {urn:oasis:names:tc:SAML:2.0:profiles:SSO:ecp}Response
14:58:12.442 [Test worker] DEBUG org.opensaml.core.xml.config.XMLObjectProviderRegistry - Registering new builder, marshaller, and unmarshaller for {urn:oasis:names:tc:SAML:2.0:profiles:SSO:ecp}Response
14:58:12.442 [Test worker] DEBUG org.opensaml.core.xml.XMLObjectBuilderFactory - Registering builder org.opensaml.saml.saml2.ecp.impl.ResponseBuilder under key {urn:oasis:names:tc:SAML:2.0:profiles:SSO:ecp}Response
14:58:12.442 [Test worker] DEBUG org.opensaml.core.xml.io.MarshallerFactory - Registering marshaller, org.opensaml.saml.saml2.ecp.impl.ResponseMarshaller, for object type {urn:oasis:names:tc:SAML:2.0:profiles:SSO:ecp}Response
14:58:12.442 [Test worker] DEBUG org.opensaml.core.xml.io.UnmarshallerFactory - Registering unmarshaller, org.opensaml.saml.saml2.ecp.impl.ResponseUnmarshaller, for object type, {urn:oasis:names:tc:SAML:2.0:profiles:SSO:ecp}Response
14:58:12.442 [Test worker] DEBUG org.opensaml.core.xml.config.XMLConfigurator - {urn:oasis:names:tc:SAML:2.0:profiles:SSO:ecp}Response intialized and configuration cached
14:58:12.442 [Test worker] DEBUG org.opensaml.core.xml.config.XMLConfigurator - Initializing object provider {urn:oasis:names:tc:SAML:2.0:profiles:SSO:ecp}ResponseType
14:58:12.442 [Test worker] DEBUG org.opensaml.core.xml.config.XMLObjectProviderRegistry - Registering new builder, marshaller, and unmarshaller for {urn:oasis:names:tc:SAML:2.0:profiles:SSO:ecp}ResponseType
14:58:12.442 [Test worker] DEBUG org.opensaml.core.xml.XMLObjectBuilderFactory - Registering builder org.opensaml.saml.saml2.ecp.impl.ResponseBuilder under key {urn:oasis:names:tc:SAML:2.0:profiles:SSO:ecp}ResponseType
14:58:12.442 [Test worker] DEBUG org.opensaml.core.xml.io.MarshallerFactory - Registering marshaller, org.opensaml.saml.saml2.ecp.impl.ResponseMarshaller, for object type {urn:oasis:names:tc:SAML:2.0:profiles:SSO:ecp}ResponseType
14:58:12.442 [Test worker] DEBUG org.opensaml.core.xml.io.UnmarshallerFactory - Registering unmarshaller, org.opensaml.saml.saml2.ecp.impl.ResponseUnmarshaller, for object type, {urn:oasis:names:tc:SAML:2.0:profiles:SSO:ecp}ResponseType
14:58:12.442 [Test worker] DEBUG org.opensaml.core.xml.config.XMLConfigurator - {urn:oasis:names:tc:SAML:2.0:profiles:SSO:ecp}ResponseType intialized and configuration cached
14:58:12.442 [Test worker] DEBUG org.opensaml.core.xml.config.XMLConfigurator - Initializing object provider {urn:oasis:names:tc:SAML:2.0:profiles:SSO:ecp}RelayState
14:58:12.442 [Test worker] DEBUG org.opensaml.core.xml.config.XMLObjectProviderRegistry - Registering new builder, marshaller, and unmarshaller for {urn:oasis:names:tc:SAML:2.0:profiles:SSO:ecp}RelayState
14:58:12.442 [Test worker] DEBUG org.opensaml.core.xml.XMLObjectBuilderFactory - Registering builder org.opensaml.saml.saml2.ecp.impl.RelayStateBuilder under key {urn:oasis:names:tc:SAML:2.0:profiles:SSO:ecp}RelayState
14:58:12.442 [Test worker] DEBUG org.opensaml.core.xml.io.MarshallerFactory - Registering marshaller, org.opensaml.saml.saml2.ecp.impl.RelayStateMarshaller, for object type {urn:oasis:names:tc:SAML:2.0:profiles:SSO:ecp}RelayState
14:58:12.442 [Test worker] DEBUG org.opensaml.core.xml.io.UnmarshallerFactory - Registering unmarshaller, org.opensaml.saml.saml2.ecp.impl.RelayStateUnmarshaller, for object type, {urn:oasis:names:tc:SAML:2.0:profiles:SSO:ecp}RelayState
14:58:12.442 [Test worker] DEBUG org.opensaml.core.xml.config.XMLConfigurator - {urn:oasis:names:tc:SAML:2.0:profiles:SSO:ecp}RelayState intialized and configuration cached
14:58:12.442 [Test worker] DEBUG org.opensaml.core.xml.config.XMLConfigurator - Initializing object provider {urn:oasis:names:tc:SAML:2.0:profiles:SSO:ecp}RelayStateType
14:58:12.442 [Test worker] DEBUG org.opensaml.core.xml.config.XMLObjectProviderRegistry - Registering new builder, marshaller, and unmarshaller for {urn:oasis:names:tc:SAML:2.0:profiles:SSO:ecp}RelayStateType
14:58:12.442 [Test worker] DEBUG org.opensaml.core.xml.XMLObjectBuilderFactory - Registering builder org.opensaml.saml.saml2.ecp.impl.RelayStateBuilder under key {urn:oasis:names:tc:SAML:2.0:profiles:SSO:ecp}RelayStateType
14:58:12.442 [Test worker] DEBUG org.opensaml.core.xml.io.MarshallerFactory - Registering marshaller, org.opensaml.saml.saml2.ecp.impl.RelayStateMarshaller, for object type {urn:oasis:names:tc:SAML:2.0:profiles:SSO:ecp}RelayStateType
14:58:12.442 [Test worker] DEBUG org.opensaml.core.xml.io.UnmarshallerFactory - Registering unmarshaller, org.opensaml.saml.saml2.ecp.impl.RelayStateUnmarshaller, for object type, {urn:oasis:names:tc:SAML:2.0:profiles:SSO:ecp}RelayStateType
14:58:12.442 [Test worker] DEBUG org.opensaml.core.xml.config.XMLConfigurator - {urn:oasis:names:tc:SAML:2.0:profiles:SSO:ecp}RelayStateType intialized and configuration cached
14:58:12.443 [Test worker] DEBUG org.opensaml.core.xml.config.XMLConfigurator - Initializing object provider {urn:oasis:names:tc:SAML:2.0:profiles:SSO:ecp}RequestAuthenticated
14:58:12.443 [Test worker] DEBUG org.opensaml.core.xml.config.XMLObjectProviderRegistry - Registering new builder, marshaller, and unmarshaller for {urn:oasis:names:tc:SAML:2.0:profiles:SSO:ecp}RequestAuthenticated
14:58:12.443 [Test worker] DEBUG org.opensaml.core.xml.XMLObjectBuilderFactory - Registering builder org.opensaml.saml.saml2.ecp.impl.RequestAuthenticatedBuilder under key {urn:oasis:names:tc:SAML:2.0:profiles:SSO:ecp}RequestAuthenticated
14:58:12.443 [Test worker] DEBUG org.opensaml.core.xml.io.MarshallerFactory - Registering marshaller, org.opensaml.saml.saml2.ecp.impl.RequestAuthenticatedMarshaller, for object type {urn:oasis:names:tc:SAML:2.0:profiles:SSO:ecp}RequestAuthenticated
14:58:12.443 [Test worker] DEBUG org.opensaml.core.xml.io.UnmarshallerFactory - Registering unmarshaller, org.opensaml.saml.saml2.ecp.impl.RequestAuthenticatedUnmarshaller, for object type, {urn:oasis:names:tc:SAML:2.0:profiles:SSO:ecp}RequestAuthenticated
14:58:12.443 [Test worker] DEBUG org.opensaml.core.xml.config.XMLConfigurator - {urn:oasis:names:tc:SAML:2.0:profiles:SSO:ecp}RequestAuthenticated intialized and configuration cached
14:58:12.443 [Test worker] DEBUG org.opensaml.core.xml.config.XMLConfigurator - Initializing object provider {urn:oasis:names:tc:SAML:2.0:profiles:SSO:ecp}RequestAuthenticatedType
14:58:12.443 [Test worker] DEBUG org.opensaml.core.xml.config.XMLObjectProviderRegistry - Registering new builder, marshaller, and unmarshaller for {urn:oasis:names:tc:SAML:2.0:profiles:SSO:ecp}RequestAuthenticatedType
14:58:12.443 [Test worker] DEBUG org.opensaml.core.xml.XMLObjectBuilderFactory - Registering builder org.opensaml.saml.saml2.ecp.impl.RequestAuthenticatedBuilder under key {urn:oasis:names:tc:SAML:2.0:profiles:SSO:ecp}RequestAuthenticatedType
14:58:12.443 [Test worker] DEBUG org.opensaml.core.xml.io.MarshallerFactory - Registering marshaller, org.opensaml.saml.saml2.ecp.impl.RequestAuthenticatedMarshaller, for object type {urn:oasis:names:tc:SAML:2.0:profiles:SSO:ecp}RequestAuthenticatedType
14:58:12.443 [Test worker] DEBUG org.opensaml.core.xml.io.UnmarshallerFactory - Registering unmarshaller, org.opensaml.saml.saml2.ecp.impl.RequestAuthenticatedUnmarshaller, for object type, {urn:oasis:names:tc:SAML:2.0:profiles:SSO:ecp}RequestAuthenticatedType
14:58:12.443 [Test worker] DEBUG org.opensaml.core.xml.config.XMLConfigurator - {urn:oasis:names:tc:SAML:2.0:profiles:SSO:ecp}RequestAuthenticatedType intialized and configuration cached
14:58:12.443 [Test worker] DEBUG org.opensaml.core.xml.config.XMLConfigurator - Initializing object provider {urn:oasis:names:tc:SAML:2.0:profiles:SSO:ecp}SubjectConfirmation
14:58:12.443 [Test worker] DEBUG org.opensaml.core.xml.config.XMLObjectProviderRegistry - Registering new builder, marshaller, and unmarshaller for {urn:oasis:names:tc:SAML:2.0:profiles:SSO:ecp}SubjectConfirmation
14:58:12.443 [Test worker] DEBUG org.opensaml.core.xml.XMLObjectBuilderFactory - Registering builder org.opensaml.saml.saml2.ecp.impl.SubjectConfirmationBuilder under key {urn:oasis:names:tc:SAML:2.0:profiles:SSO:ecp}SubjectConfirmation
14:58:12.443 [Test worker] DEBUG org.opensaml.core.xml.io.MarshallerFactory - Registering marshaller, org.opensaml.saml.saml2.ecp.impl.SubjectConfirmationMarshaller, for object type {urn:oasis:names:tc:SAML:2.0:profiles:SSO:ecp}SubjectConfirmation
14:58:12.443 [Test worker] DEBUG org.opensaml.core.xml.io.UnmarshallerFactory - Registering unmarshaller, org.opensaml.saml.saml2.ecp.impl.SubjectConfirmationUnmarshaller, for object type, {urn:oasis:names:tc:SAML:2.0:profiles:SSO:ecp}SubjectConfirmation
14:58:12.443 [Test worker] DEBUG org.opensaml.core.xml.config.XMLConfigurator - {urn:oasis:names:tc:SAML:2.0:profiles:SSO:ecp}SubjectConfirmation intialized and configuration cached
14:58:12.443 [Test worker] DEBUG org.opensaml.core.xml.config.XMLConfigurator - Initializing object provider {urn:oasis:names:tc:SAML:2.0:profiles:SSO:ecp}SubjectConfirmationType
14:58:12.443 [Test worker] DEBUG org.opensaml.core.xml.config.XMLObjectProviderRegistry - Registering new builder, marshaller, and unmarshaller for {urn:oasis:names:tc:SAML:2.0:profiles:SSO:ecp}SubjectConfirmationType
14:58:12.443 [Test worker] DEBUG org.opensaml.core.xml.XMLObjectBuilderFactory - Registering builder org.opensaml.saml.saml2.ecp.impl.SubjectConfirmationBuilder under key {urn:oasis:names:tc:SAML:2.0:profiles:SSO:ecp}SubjectConfirmationType
14:58:12.443 [Test worker] DEBUG org.opensaml.core.xml.io.MarshallerFactory - Registering marshaller, org.opensaml.saml.saml2.ecp.impl.SubjectConfirmationMarshaller, for object type {urn:oasis:names:tc:SAML:2.0:profiles:SSO:ecp}SubjectConfirmationType
14:58:12.443 [Test worker] DEBUG org.opensaml.core.xml.io.UnmarshallerFactory - Registering unmarshaller, org.opensaml.saml.saml2.ecp.impl.SubjectConfirmationUnmarshaller, for object type, {urn:oasis:names:tc:SAML:2.0:profiles:SSO:ecp}SubjectConfirmationType
14:58:12.443 [Test worker] DEBUG org.opensaml.core.xml.config.XMLConfigurator - {urn:oasis:names:tc:SAML:2.0:profiles:SSO:ecp}SubjectConfirmationType intialized and configuration cached
14:58:12.443 [Test worker] DEBUG org.opensaml.core.xml.config.XMLConfigurator - ObjectProviders load complete
14:58:12.443 [Test worker] DEBUG org.opensaml.core.xml.config.AbstractXMLObjectProviderInitializer - Loading XMLObject provider configuration from resource 'saml2-metadata-algorithm-config.xml'
14:58:12.443 [Test worker] DEBUG org.opensaml.core.xml.config.XMLConfigurator - Loading configuration from XML Document
14:58:12.444 [Test worker] DEBUG org.opensaml.core.xml.config.XMLConfigurator - Schema validating configuration Document
14:58:12.444 [Test worker] DEBUG org.opensaml.core.xml.config.XMLConfigurator - Configuration document validated
14:58:12.444 [Test worker] DEBUG org.opensaml.core.xml.config.XMLConfigurator - Preparing to load ObjectProviders
14:58:12.444 [Test worker] DEBUG org.opensaml.core.xml.config.XMLConfigurator - Initializing object provider {urn:oasis:names:tc:SAML:metadata:algsupport}DigestMethod
14:58:12.444 [Test worker] DEBUG org.opensaml.core.xml.config.XMLObjectProviderRegistry - Registering new builder, marshaller, and unmarshaller for {urn:oasis:names:tc:SAML:metadata:algsupport}DigestMethod
14:58:12.444 [Test worker] DEBUG org.opensaml.core.xml.XMLObjectBuilderFactory - Registering builder org.opensaml.saml.ext.saml2alg.impl.DigestMethodBuilder under key {urn:oasis:names:tc:SAML:metadata:algsupport}DigestMethod
14:58:12.444 [Test worker] DEBUG org.opensaml.core.xml.io.MarshallerFactory - Registering marshaller, org.opensaml.saml.ext.saml2alg.impl.DigestMethodMarshaller, for object type {urn:oasis:names:tc:SAML:metadata:algsupport}DigestMethod
14:58:12.444 [Test worker] DEBUG org.opensaml.core.xml.io.UnmarshallerFactory - Registering unmarshaller, org.opensaml.saml.ext.saml2alg.impl.DigestMethodUnmarshaller, for object type, {urn:oasis:names:tc:SAML:metadata:algsupport}DigestMethod
14:58:12.444 [Test worker] DEBUG org.opensaml.core.xml.config.XMLConfigurator - {urn:oasis:names:tc:SAML:metadata:algsupport}DigestMethod intialized and configuration cached
14:58:12.444 [Test worker] DEBUG org.opensaml.core.xml.config.XMLConfigurator - Initializing object provider {urn:oasis:names:tc:SAML:metadata:algsupport}DigestMethodType
14:58:12.444 [Test worker] DEBUG org.opensaml.core.xml.config.XMLObjectProviderRegistry - Registering new builder, marshaller, and unmarshaller for {urn:oasis:names:tc:SAML:metadata:algsupport}DigestMethodType
14:58:12.444 [Test worker] DEBUG org.opensaml.core.xml.XMLObjectBuilderFactory - Registering builder org.opensaml.saml.ext.saml2alg.impl.DigestMethodBuilder under key {urn:oasis:names:tc:SAML:metadata:algsupport}DigestMethodType
14:58:12.444 [Test worker] DEBUG org.opensaml.core.xml.io.MarshallerFactory - Registering marshaller, org.opensaml.saml.ext.saml2alg.impl.DigestMethodMarshaller, for object type {urn:oasis:names:tc:SAML:metadata:algsupport}DigestMethodType
14:58:12.444 [Test worker] DEBUG org.opensaml.core.xml.io.UnmarshallerFactory - Registering unmarshaller, org.opensaml.saml.ext.saml2alg.impl.DigestMethodUnmarshaller, for object type, {urn:oasis:names:tc:SAML:metadata:algsupport}DigestMethodType
14:58:12.444 [Test worker] DEBUG org.opensaml.core.xml.config.XMLConfigurator - {urn:oasis:names:tc:SAML:metadata:algsupport}DigestMethodType intialized and configuration cached
14:58:12.445 [Test worker] DEBUG org.opensaml.core.xml.config.XMLConfigurator - Initializing object provider {urn:oasis:names:tc:SAML:metadata:algsupport}SigningMethod
14:58:12.445 [Test worker] DEBUG org.opensaml.core.xml.config.XMLObjectProviderRegistry - Registering new builder, marshaller, and unmarshaller for {urn:oasis:names:tc:SAML:metadata:algsupport}SigningMethod
14:58:12.445 [Test worker] DEBUG org.opensaml.core.xml.XMLObjectBuilderFactory - Registering builder org.opensaml.saml.ext.saml2alg.impl.SigningMethodBuilder under key {urn:oasis:names:tc:SAML:metadata:algsupport}SigningMethod
14:58:12.445 [Test worker] DEBUG org.opensaml.core.xml.io.MarshallerFactory - Registering marshaller, org.opensaml.saml.ext.saml2alg.impl.SigningMethodMarshaller, for object type {urn:oasis:names:tc:SAML:metadata:algsupport}SigningMethod
14:58:12.445 [Test worker] DEBUG org.opensaml.core.xml.io.UnmarshallerFactory - Registering unmarshaller, org.opensaml.saml.ext.saml2alg.impl.SigningMethodUnmarshaller, for object type, {urn:oasis:names:tc:SAML:metadata:algsupport}SigningMethod
14:58:12.445 [Test worker] DEBUG org.opensaml.core.xml.config.XMLConfigurator - {urn:oasis:names:tc:SAML:metadata:algsupport}SigningMethod intialized and configuration cached
14:58:12.445 [Test worker] DEBUG org.opensaml.core.xml.config.XMLConfigurator - Initializing object provider {urn:oasis:names:tc:SAML:metadata:algsupport}SigningMethodType
14:58:12.445 [Test worker] DEBUG org.opensaml.core.xml.config.XMLObjectProviderRegistry - Registering new builder, marshaller, and unmarshaller for {urn:oasis:names:tc:SAML:metadata:algsupport}SigningMethodType
14:58:12.445 [Test worker] DEBUG org.opensaml.core.xml.XMLObjectBuilderFactory - Registering builder org.opensaml.saml.ext.saml2alg.impl.SigningMethodBuilder under key {urn:oasis:names:tc:SAML:metadata:algsupport}SigningMethodType
14:58:12.445 [Test worker] DEBUG org.opensaml.core.xml.io.MarshallerFactory - Registering marshaller, org.opensaml.saml.ext.saml2alg.impl.SigningMethodMarshaller, for object type {urn:oasis:names:tc:SAML:metadata:algsupport}SigningMethodType
14:58:12.445 [Test worker] DEBUG org.opensaml.core.xml.io.UnmarshallerFactory - Registering unmarshaller, org.opensaml.saml.ext.saml2alg.impl.SigningMethodUnmarshaller, for object type, {urn:oasis:names:tc:SAML:metadata:algsupport}SigningMethodType
14:58:12.445 [Test worker] DEBUG org.opensaml.core.xml.config.XMLConfigurator - {urn:oasis:names:tc:SAML:metadata:algsupport}SigningMethodType intialized and configuration cached
14:58:12.445 [Test worker] DEBUG org.opensaml.core.xml.config.XMLConfigurator - ObjectProviders load complete
14:58:12.445 [Test worker] DEBUG org.opensaml.core.xml.config.AbstractXMLObjectProviderInitializer - Loading XMLObject provider configuration from resource 'saml2-metadata-attr-config.xml'
14:58:12.445 [Test worker] DEBUG org.opensaml.core.xml.config.XMLConfigurator - Loading configuration from XML Document
14:58:12.445 [Test worker] DEBUG org.opensaml.core.xml.config.XMLConfigurator - Schema validating configuration Document
14:58:12.446 [Test worker] DEBUG org.opensaml.core.xml.config.XMLConfigurator - Configuration document validated
14:58:12.446 [Test worker] DEBUG org.opensaml.core.xml.config.XMLConfigurator - Preparing to load ObjectProviders
14:58:12.446 [Test worker] DEBUG org.opensaml.core.xml.config.XMLConfigurator - Initializing object provider {urn:oasis:names:tc:SAML:metadata:attribute}EntityAttributes
14:58:12.446 [Test worker] DEBUG org.opensaml.core.xml.config.XMLObjectProviderRegistry - Registering new builder, marshaller, and unmarshaller for {urn:oasis:names:tc:SAML:metadata:attribute}EntityAttributes
14:58:12.446 [Test worker] DEBUG org.opensaml.core.xml.XMLObjectBuilderFactory - Registering builder org.opensaml.saml.ext.saml2mdattr.impl.EntityAttributesBuilder under key {urn:oasis:names:tc:SAML:metadata:attribute}EntityAttributes
14:58:12.446 [Test worker] DEBUG org.opensaml.core.xml.io.MarshallerFactory - Registering marshaller, org.opensaml.saml.ext.saml2mdattr.impl.EntityAttributesMarshaller, for object type {urn:oasis:names:tc:SAML:metadata:attribute}EntityAttributes
14:58:12.446 [Test worker] DEBUG org.opensaml.core.xml.io.UnmarshallerFactory - Registering unmarshaller, org.opensaml.saml.ext.saml2mdattr.impl.EntityAttributesUnmarshaller, for object type, {urn:oasis:names:tc:SAML:metadata:attribute}EntityAttributes
14:58:12.446 [Test worker] DEBUG org.opensaml.core.xml.config.XMLConfigurator - {urn:oasis:names:tc:SAML:metadata:attribute}EntityAttributes intialized and configuration cached
14:58:12.446 [Test worker] DEBUG org.opensaml.core.xml.config.XMLConfigurator - Initializing object provider {urn:oasis:names:tc:SAML:metadata:attribute}EntityAttributesType
14:58:12.446 [Test worker] DEBUG org.opensaml.core.xml.config.XMLObjectProviderRegistry - Registering new builder, marshaller, and unmarshaller for {urn:oasis:names:tc:SAML:metadata:attribute}EntityAttributesType
14:58:12.446 [Test worker] DEBUG org.opensaml.core.xml.XMLObjectBuilderFactory - Registering builder org.opensaml.saml.ext.saml2mdattr.impl.EntityAttributesBuilder under key {urn:oasis:names:tc:SAML:metadata:attribute}EntityAttributesType
14:58:12.446 [Test worker] DEBUG org.opensaml.core.xml.io.MarshallerFactory - Registering marshaller, org.opensaml.saml.ext.saml2mdattr.impl.EntityAttributesMarshaller, for object type {urn:oasis:names:tc:SAML:metadata:attribute}EntityAttributesType
14:58:12.446 [Test worker] DEBUG org.opensaml.core.xml.io.UnmarshallerFactory - Registering unmarshaller, org.opensaml.saml.ext.saml2mdattr.impl.EntityAttributesUnmarshaller, for object type, {urn:oasis:names:tc:SAML:metadata:attribute}EntityAttributesType
14:58:12.446 [Test worker] DEBUG org.opensaml.core.xml.config.XMLConfigurator - {urn:oasis:names:tc:SAML:metadata:attribute}EntityAttributesType intialized and configuration cached
14:58:12.446 [Test worker] DEBUG org.opensaml.core.xml.config.XMLConfigurator - ObjectProviders load complete
14:58:12.446 [Test worker] DEBUG org.opensaml.core.xml.config.AbstractXMLObjectProviderInitializer - Loading XMLObject provider configuration from resource 'saml2-metadata-config.xml'
14:58:12.448 [Test worker] DEBUG org.opensaml.core.xml.config.XMLConfigurator - Loading configuration from XML Document
14:58:12.449 [Test worker] DEBUG org.opensaml.core.xml.config.XMLConfigurator - Schema validating configuration Document
14:58:12.449 [Test worker] DEBUG org.opensaml.core.xml.config.XMLConfigurator - Configuration document validated
14:58:12.449 [Test worker] DEBUG org.opensaml.core.xml.config.XMLConfigurator - Preparing to load ObjectProviders
14:58:12.450 [Test worker] DEBUG org.opensaml.core.xml.config.XMLConfigurator - Initializing object provider {urn:oasis:names:tc:SAML:2.0:metadata}AdditionalMetadataLocation
14:58:12.450 [Test worker] DEBUG org.opensaml.core.xml.config.XMLObjectProviderRegistry - Registering new builder, marshaller, and unmarshaller for {urn:oasis:names:tc:SAML:2.0:metadata}AdditionalMetadataLocation
14:58:12.450 [Test worker] DEBUG org.opensaml.core.xml.XMLObjectBuilderFactory - Registering builder org.opensaml.saml.saml2.metadata.impl.AdditionalMetadataLocationBuilder under key {urn:oasis:names:tc:SAML:2.0:metadata}AdditionalMetadataLocation
14:58:12.450 [Test worker] DEBUG org.opensaml.core.xml.io.MarshallerFactory - Registering marshaller, org.opensaml.saml.saml2.metadata.impl.AdditionalMetadataLocationMarshaller, for object type {urn:oasis:names:tc:SAML:2.0:metadata}AdditionalMetadataLocation
14:58:12.450 [Test worker] DEBUG org.opensaml.core.xml.io.UnmarshallerFactory - Registering unmarshaller, org.opensaml.saml.saml2.metadata.impl.AdditionalMetadataLocationUnmarshaller, for object type, {urn:oasis:names:tc:SAML:2.0:metadata}AdditionalMetadataLocation
14:58:12.450 [Test worker] DEBUG org.opensaml.core.xml.config.XMLConfigurator - {urn:oasis:names:tc:SAML:2.0:metadata}AdditionalMetadataLocation intialized and configuration cached
14:58:12.450 [Test worker] DEBUG org.opensaml.core.xml.config.XMLConfigurator - Initializing object provider {urn:oasis:names:tc:SAML:2.0:metadata}AdditionalMetadataLocationType
14:58:12.450 [Test worker] DEBUG org.opensaml.core.xml.config.XMLObjectProviderRegistry - Registering new builder, marshaller, and unmarshaller for {urn:oasis:names:tc:SAML:2.0:metadata}AdditionalMetadataLocationType
14:58:12.450 [Test worker] DEBUG org.opensaml.core.xml.XMLObjectBuilderFactory - Registering builder org.opensaml.saml.saml2.metadata.impl.AdditionalMetadataLocationBuilder under key {urn:oasis:names:tc:SAML:2.0:metadata}AdditionalMetadataLocationType
14:58:12.450 [Test worker] DEBUG org.opensaml.core.xml.io.MarshallerFactory - Registering marshaller, org.opensaml.saml.saml2.metadata.impl.AdditionalMetadataLocationMarshaller, for object type {urn:oasis:names:tc:SAML:2.0:metadata}AdditionalMetadataLocationType
14:58:12.450 [Test worker] DEBUG org.opensaml.core.xml.io.UnmarshallerFactory - Registering unmarshaller, org.opensaml.saml.saml2.metadata.impl.AdditionalMetadataLocationUnmarshaller, for object type, {urn:oasis:names:tc:SAML:2.0:metadata}AdditionalMetadataLocationType
14:58:12.450 [Test worker] DEBUG org.opensaml.core.xml.config.XMLConfigurator - {urn:oasis:names:tc:SAML:2.0:metadata}AdditionalMetadataLocationType intialized and configuration cached
14:58:12.450 [Test worker] DEBUG org.opensaml.core.xml.config.XMLConfigurator - Initializing object provider {urn:oasis:names:tc:SAML:2.0:metadata}AffiliateMember
14:58:12.450 [Test worker] DEBUG org.opensaml.core.xml.config.XMLObjectProviderRegistry - Registering new builder, marshaller, and unmarshaller for {urn:oasis:names:tc:SAML:2.0:metadata}AffiliateMember
14:58:12.450 [Test worker] DEBUG org.opensaml.core.xml.XMLObjectBuilderFactory - Registering builder org.opensaml.saml.saml2.metadata.impl.AffiliateMemberBuilder under key {urn:oasis:names:tc:SAML:2.0:metadata}AffiliateMember
14:58:12.450 [Test worker] DEBUG org.opensaml.core.xml.io.MarshallerFactory - Registering marshaller, org.opensaml.saml.saml2.metadata.impl.AffiliateMemberMarshaller, for object type {urn:oasis:names:tc:SAML:2.0:metadata}AffiliateMember
14:58:12.450 [Test worker] DEBUG org.opensaml.core.xml.io.UnmarshallerFactory - Registering unmarshaller, org.opensaml.saml.saml2.metadata.impl.AffiliateMemberUnmarshaller, for object type, {urn:oasis:names:tc:SAML:2.0:metadata}AffiliateMember
14:58:12.450 [Test worker] DEBUG org.opensaml.core.xml.config.XMLConfigurator - {urn:oasis:names:tc:SAML:2.0:metadata}AffiliateMember intialized and configuration cached
14:58:12.450 [Test worker] DEBUG org.opensaml.core.xml.config.XMLConfigurator - Initializing object provider {urn:oasis:names:tc:SAML:2.0:metadata}AffiliationDescriptor
14:58:12.450 [Test worker] DEBUG org.opensaml.core.xml.config.XMLObjectProviderRegistry - Registering new builder, marshaller, and unmarshaller for {urn:oasis:names:tc:SAML:2.0:metadata}AffiliationDescriptor
14:58:12.450 [Test worker] DEBUG org.opensaml.core.xml.XMLObjectBuilderFactory - Registering builder org.opensaml.saml.saml2.metadata.impl.AffiliationDescriptorBuilder under key {urn:oasis:names:tc:SAML:2.0:metadata}AffiliationDescriptor
14:58:12.450 [Test worker] DEBUG org.opensaml.core.xml.io.MarshallerFactory - Registering marshaller, org.opensaml.saml.saml2.metadata.impl.AffiliationDescriptorMarshaller, for object type {urn:oasis:names:tc:SAML:2.0:metadata}AffiliationDescriptor
14:58:12.450 [Test worker] DEBUG org.opensaml.core.xml.io.UnmarshallerFactory - Registering unmarshaller, org.opensaml.saml.saml2.metadata.impl.AffiliationDescriptorUnmarshaller, for object type, {urn:oasis:names:tc:SAML:2.0:metadata}AffiliationDescriptor
14:58:12.450 [Test worker] DEBUG org.opensaml.core.xml.config.XMLConfigurator - {urn:oasis:names:tc:SAML:2.0:metadata}AffiliationDescriptor intialized and configuration cached
14:58:12.450 [Test worker] DEBUG org.opensaml.core.xml.config.XMLConfigurator - Initializing object provider {urn:oasis:names:tc:SAML:2.0:metadata}AffiliationDescriptorType
14:58:12.450 [Test worker] DEBUG org.opensaml.core.xml.config.XMLObjectProviderRegistry - Registering new builder, marshaller, and unmarshaller for {urn:oasis:names:tc:SAML:2.0:metadata}AffiliationDescriptorType
14:58:12.450 [Test worker] DEBUG org.opensaml.core.xml.XMLObjectBuilderFactory - Registering builder org.opensaml.saml.saml2.metadata.impl.AffiliationDescriptorBuilder under key {urn:oasis:names:tc:SAML:2.0:metadata}AffiliationDescriptorType
14:58:12.450 [Test worker] DEBUG org.opensaml.core.xml.io.MarshallerFactory - Registering marshaller, org.opensaml.saml.saml2.metadata.impl.AffiliationDescriptorMarshaller, for object type {urn:oasis:names:tc:SAML:2.0:metadata}AffiliationDescriptorType
14:58:12.450 [Test worker] DEBUG org.opensaml.core.xml.io.UnmarshallerFactory - Registering unmarshaller, org.opensaml.saml.saml2.metadata.impl.AffiliationDescriptorUnmarshaller, for object type, {urn:oasis:names:tc:SAML:2.0:metadata}AffiliationDescriptorType
14:58:12.450 [Test worker] DEBUG org.opensaml.core.xml.config.XMLConfigurator - {urn:oasis:names:tc:SAML:2.0:metadata}AffiliationDescriptorType intialized and configuration cached
14:58:12.450 [Test worker] DEBUG org.opensaml.core.xml.config.XMLConfigurator - Initializing object provider {urn:oasis:names:tc:SAML:2.0:metadata}AssertionConsumerService
14:58:12.450 [Test worker] DEBUG org.opensaml.core.xml.config.XMLObjectProviderRegistry - Registering new builder, marshaller, and unmarshaller for {urn:oasis:names:tc:SAML:2.0:metadata}AssertionConsumerService
14:58:12.450 [Test worker] DEBUG org.opensaml.core.xml.XMLObjectBuilderFactory - Registering builder org.opensaml.saml.saml2.metadata.impl.AssertionConsumerServiceBuilder under key {urn:oasis:names:tc:SAML:2.0:metadata}AssertionConsumerService
14:58:12.450 [Test worker] DEBUG org.opensaml.core.xml.io.MarshallerFactory - Registering marshaller, org.opensaml.saml.saml2.metadata.impl.AssertionConsumerServiceMarshaller, for object type {urn:oasis:names:tc:SAML:2.0:metadata}AssertionConsumerService
14:58:12.450 [Test worker] DEBUG org.opensaml.core.xml.io.UnmarshallerFactory - Registering unmarshaller, org.opensaml.saml.saml2.metadata.impl.AssertionConsumerServiceUnmarshaller, for object type, {urn:oasis:names:tc:SAML:2.0:metadata}AssertionConsumerService
14:58:12.450 [Test worker] DEBUG org.opensaml.core.xml.config.XMLConfigurator - {urn:oasis:names:tc:SAML:2.0:metadata}AssertionConsumerService intialized and configuration cached
14:58:12.450 [Test worker] DEBUG org.opensaml.core.xml.config.XMLConfigurator - Initializing object provider {urn:oasis:names:tc:SAML:2.0:metadata}AssertionIDRequestService
14:58:12.450 [Test worker] DEBUG org.opensaml.core.xml.config.XMLObjectProviderRegistry - Registering new builder, marshaller, and unmarshaller for {urn:oasis:names:tc:SAML:2.0:metadata}AssertionIDRequestService
14:58:12.450 [Test worker] DEBUG org.opensaml.core.xml.XMLObjectBuilderFactory - Registering builder org.opensaml.saml.saml2.metadata.impl.AssertionIDRequestServiceBuilder under key {urn:oasis:names:tc:SAML:2.0:metadata}AssertionIDRequestService
14:58:12.450 [Test worker] DEBUG org.opensaml.core.xml.io.MarshallerFactory - Registering marshaller, org.opensaml.saml.saml2.metadata.impl.AssertionIDRequestServiceMarshaller, for object type {urn:oasis:names:tc:SAML:2.0:metadata}AssertionIDRequestService
14:58:12.450 [Test worker] DEBUG org.opensaml.core.xml.io.UnmarshallerFactory - Registering unmarshaller, org.opensaml.saml.saml2.metadata.impl.AssertionIDRequestServiceUnmarshaller, for object type, {urn:oasis:names:tc:SAML:2.0:metadata}AssertionIDRequestService
14:58:12.450 [Test worker] DEBUG org.opensaml.core.xml.config.XMLConfigurator - {urn:oasis:names:tc:SAML:2.0:metadata}AssertionIDRequestService intialized and configuration cached
14:58:12.450 [Test worker] DEBUG org.opensaml.core.xml.config.XMLConfigurator - Initializing object provider {urn:oasis:names:tc:SAML:2.0:metadata}AttributeAuthorityDescriptor
14:58:12.450 [Test worker] DEBUG org.opensaml.core.xml.config.XMLObjectProviderRegistry - Registering new builder, marshaller, and unmarshaller for {urn:oasis:names:tc:SAML:2.0:metadata}AttributeAuthorityDescriptor
14:58:12.450 [Test worker] DEBUG org.opensaml.core.xml.XMLObjectBuilderFactory - Registering builder org.opensaml.saml.saml2.metadata.impl.AttributeAuthorityDescriptorBuilder under key {urn:oasis:names:tc:SAML:2.0:metadata}AttributeAuthorityDescriptor
14:58:12.450 [Test worker] DEBUG org.opensaml.core.xml.io.MarshallerFactory - Registering marshaller, org.opensaml.saml.saml2.metadata.impl.AttributeAuthorityDescriptorMarshaller, for object type {urn:oasis:names:tc:SAML:2.0:metadata}AttributeAuthorityDescriptor
14:58:12.450 [Test worker] DEBUG org.opensaml.core.xml.io.UnmarshallerFactory - Registering unmarshaller, org.opensaml.saml.saml2.metadata.impl.AttributeAuthorityDescriptorUnmarshaller, for object type, {urn:oasis:names:tc:SAML:2.0:metadata}AttributeAuthorityDescriptor
14:58:12.450 [Test worker] DEBUG org.opensaml.core.xml.config.XMLConfigurator - {urn:oasis:names:tc:SAML:2.0:metadata}AttributeAuthorityDescriptor intialized and configuration cached
14:58:12.450 [Test worker] DEBUG org.opensaml.core.xml.config.XMLConfigurator - Initializing object provider {urn:oasis:names:tc:SAML:2.0:metadata}AttributeAuthorityDescriptorType
14:58:12.450 [Test worker] DEBUG org.opensaml.core.xml.config.XMLObjectProviderRegistry - Registering new builder, marshaller, and unmarshaller for {urn:oasis:names:tc:SAML:2.0:metadata}AttributeAuthorityDescriptorType
14:58:12.450 [Test worker] DEBUG org.opensaml.core.xml.XMLObjectBuilderFactory - Registering builder org.opensaml.saml.saml2.metadata.impl.AttributeAuthorityDescriptorBuilder under key {urn:oasis:names:tc:SAML:2.0:metadata}AttributeAuthorityDescriptorType
14:58:12.450 [Test worker] DEBUG org.opensaml.core.xml.io.MarshallerFactory - Registering marshaller, org.opensaml.saml.saml2.metadata.impl.AttributeAuthorityDescriptorMarshaller, for object type {urn:oasis:names:tc:SAML:2.0:metadata}AttributeAuthorityDescriptorType
14:58:12.450 [Test worker] DEBUG org.opensaml.core.xml.io.UnmarshallerFactory - Registering unmarshaller, org.opensaml.saml.saml2.metadata.impl.AttributeAuthorityDescriptorUnmarshaller, for object type, {urn:oasis:names:tc:SAML:2.0:metadata}AttributeAuthorityDescriptorType
14:58:12.450 [Test worker] DEBUG org.opensaml.core.xml.config.XMLConfigurator - {urn:oasis:names:tc:SAML:2.0:metadata}AttributeAuthorityDescriptorType intialized and configuration cached
14:58:12.450 [Test worker] DEBUG org.opensaml.core.xml.config.XMLConfigurator - Initializing object provider {urn:oasis:names:tc:SAML:2.0:metadata}AttributeConsumingService
14:58:12.450 [Test worker] DEBUG org.opensaml.core.xml.config.XMLObjectProviderRegistry - Registering new builder, marshaller, and unmarshaller for {urn:oasis:names:tc:SAML:2.0:metadata}AttributeConsumingService
14:58:12.450 [Test worker] DEBUG org.opensaml.core.xml.XMLObjectBuilderFactory - Registering builder org.opensaml.saml.saml2.metadata.impl.AttributeConsumingServiceBuilder under key {urn:oasis:names:tc:SAML:2.0:metadata}AttributeConsumingService
14:58:12.451 [Test worker] DEBUG org.opensaml.core.xml.io.MarshallerFactory - Registering marshaller, org.opensaml.saml.saml2.metadata.impl.AttributeConsumingServiceMarshaller, for object type {urn:oasis:names:tc:SAML:2.0:metadata}AttributeConsumingService
14:58:12.451 [Test worker] DEBUG org.opensaml.core.xml.io.UnmarshallerFactory - Registering unmarshaller, org.opensaml.saml.saml2.metadata.impl.AttributeConsumingServiceUnmarshaller, for object type, {urn:oasis:names:tc:SAML:2.0:metadata}AttributeConsumingService
14:58:12.451 [Test worker] DEBUG org.opensaml.core.xml.config.XMLConfigurator - {urn:oasis:names:tc:SAML:2.0:metadata}AttributeConsumingService intialized and configuration cached
14:58:12.451 [Test worker] DEBUG org.opensaml.core.xml.config.XMLConfigurator - Initializing object provider {urn:oasis:names:tc:SAML:2.0:metadata}AttributeConsumingServiceType
14:58:12.451 [Test worker] DEBUG org.opensaml.core.xml.config.XMLObjectProviderRegistry - Registering new builder, marshaller, and unmarshaller for {urn:oasis:names:tc:SAML:2.0:metadata}AttributeConsumingServiceType
14:58:12.451 [Test worker] DEBUG org.opensaml.core.xml.XMLObjectBuilderFactory - Registering builder org.opensaml.saml.saml2.metadata.impl.AttributeConsumingServiceBuilder under key {urn:oasis:names:tc:SAML:2.0:metadata}AttributeConsumingServiceType
14:58:12.451 [Test worker] DEBUG org.opensaml.core.xml.io.MarshallerFactory - Registering marshaller, org.opensaml.saml.saml2.metadata.impl.AttributeConsumingServiceMarshaller, for object type {urn:oasis:names:tc:SAML:2.0:metadata}AttributeConsumingServiceType
14:58:12.451 [Test worker] DEBUG org.opensaml.core.xml.io.UnmarshallerFactory - Registering unmarshaller, org.opensaml.saml.saml2.metadata.impl.AttributeConsumingServiceUnmarshaller, for object type, {urn:oasis:names:tc:SAML:2.0:metadata}AttributeConsumingServiceType
14:58:12.451 [Test worker] DEBUG org.opensaml.core.xml.config.XMLConfigurator - {urn:oasis:names:tc:SAML:2.0:metadata}AttributeConsumingServiceType intialized and configuration cached
14:58:12.451 [Test worker] DEBUG org.opensaml.core.xml.config.XMLConfigurator - Initializing object provider {urn:oasis:names:tc:SAML:2.0:metadata}AttributeProfile
14:58:12.451 [Test worker] DEBUG org.opensaml.core.xml.config.XMLObjectProviderRegistry - Registering new builder, marshaller, and unmarshaller for {urn:oasis:names:tc:SAML:2.0:metadata}AttributeProfile
14:58:12.451 [Test worker] DEBUG org.opensaml.core.xml.XMLObjectBuilderFactory - Registering builder org.opensaml.saml.saml2.metadata.impl.AttributeProfileBuilder under key {urn:oasis:names:tc:SAML:2.0:metadata}AttributeProfile
14:58:12.451 [Test worker] DEBUG org.opensaml.core.xml.io.MarshallerFactory - Registering marshaller, org.opensaml.saml.saml2.metadata.impl.AttributeProfileMarshaller, for object type {urn:oasis:names:tc:SAML:2.0:metadata}AttributeProfile
14:58:12.451 [Test worker] DEBUG org.opensaml.core.xml.io.UnmarshallerFactory - Registering unmarshaller, org.opensaml.saml.saml2.metadata.impl.AttributeProfileUnmarshaller, for object type, {urn:oasis:names:tc:SAML:2.0:metadata}AttributeProfile
14:58:12.451 [Test worker] DEBUG org.opensaml.core.xml.config.XMLConfigurator - {urn:oasis:names:tc:SAML:2.0:metadata}AttributeProfile intialized and configuration cached
14:58:12.451 [Test worker] DEBUG org.opensaml.core.xml.config.XMLConfigurator - Initializing object provider {urn:oasis:names:tc:SAML:2.0:metadata}AttributeService
14:58:12.451 [Test worker] DEBUG org.opensaml.core.xml.config.XMLObjectProviderRegistry - Registering new builder, marshaller, and unmarshaller for {urn:oasis:names:tc:SAML:2.0:metadata}AttributeService
14:58:12.451 [Test worker] DEBUG org.opensaml.core.xml.XMLObjectBuilderFactory - Registering builder org.opensaml.saml.saml2.metadata.impl.AttributeServiceBuilder under key {urn:oasis:names:tc:SAML:2.0:metadata}AttributeService
14:58:12.451 [Test worker] DEBUG org.opensaml.core.xml.io.MarshallerFactory - Registering marshaller, org.opensaml.saml.saml2.metadata.impl.AttributeServiceMarshaller, for object type {urn:oasis:names:tc:SAML:2.0:metadata}AttributeService
14:58:12.451 [Test worker] DEBUG org.opensaml.core.xml.io.UnmarshallerFactory - Registering unmarshaller, org.opensaml.saml.saml2.metadata.impl.AttributeServiceUnmarshaller, for object type, {urn:oasis:names:tc:SAML:2.0:metadata}AttributeService
14:58:12.451 [Test worker] DEBUG org.opensaml.core.xml.config.XMLConfigurator - {urn:oasis:names:tc:SAML:2.0:metadata}AttributeService intialized and configuration cached
14:58:12.451 [Test worker] DEBUG org.opensaml.core.xml.config.XMLConfigurator - Initializing object provider {urn:oasis:names:tc:SAML:2.0:metadata}ArtifactResolutionService
14:58:12.451 [Test worker] DEBUG org.opensaml.core.xml.config.XMLObjectProviderRegistry - Registering new builder, marshaller, and unmarshaller for {urn:oasis:names:tc:SAML:2.0:metadata}ArtifactResolutionService
14:58:12.451 [Test worker] DEBUG org.opensaml.core.xml.XMLObjectBuilderFactory - Registering builder org.opensaml.saml.saml2.metadata.impl.ArtifactResolutionServiceBuilder under key {urn:oasis:names:tc:SAML:2.0:metadata}ArtifactResolutionService
14:58:12.451 [Test worker] DEBUG org.opensaml.core.xml.io.MarshallerFactory - Registering marshaller, org.opensaml.saml.saml2.metadata.impl.ArtifactResolutionServiceMarshaller, for object type {urn:oasis:names:tc:SAML:2.0:metadata}ArtifactResolutionService
14:58:12.451 [Test worker] DEBUG org.opensaml.core.xml.io.UnmarshallerFactory - Registering unmarshaller, org.opensaml.saml.saml2.metadata.impl.ArtifactResolutionServiceUnmarshaller, for object type, {urn:oasis:names:tc:SAML:2.0:metadata}ArtifactResolutionService
14:58:12.451 [Test worker] DEBUG org.opensaml.core.xml.config.XMLConfigurator - {urn:oasis:names:tc:SAML:2.0:metadata}ArtifactResolutionService intialized and configuration cached
14:58:12.451 [Test worker] DEBUG org.opensaml.core.xml.config.XMLConfigurator - Initializing object provider {urn:oasis:names:tc:SAML:2.0:metadata}AuthnAuthorityDescriptor
14:58:12.451 [Test worker] DEBUG org.opensaml.core.xml.config.XMLObjectProviderRegistry - Registering new builder, marshaller, and unmarshaller for {urn:oasis:names:tc:SAML:2.0:metadata}AuthnAuthorityDescriptor
14:58:12.451 [Test worker] DEBUG org.opensaml.core.xml.XMLObjectBuilderFactory - Registering builder org.opensaml.saml.saml2.metadata.impl.AuthnAuthorityDescriptorBuilder under key {urn:oasis:names:tc:SAML:2.0:metadata}AuthnAuthorityDescriptor
14:58:12.451 [Test worker] DEBUG org.opensaml.core.xml.io.MarshallerFactory - Registering marshaller, org.opensaml.saml.saml2.metadata.impl.AuthnAuthorityDescriptorMarshaller, for object type {urn:oasis:names:tc:SAML:2.0:metadata}AuthnAuthorityDescriptor
14:58:12.451 [Test worker] DEBUG org.opensaml.core.xml.io.UnmarshallerFactory - Registering unmarshaller, org.opensaml.saml.saml2.metadata.impl.AuthnAuthorityDescriptorUnmarshaller, for object type, {urn:oasis:names:tc:SAML:2.0:metadata}AuthnAuthorityDescriptor
14:58:12.451 [Test worker] DEBUG org.opensaml.core.xml.config.XMLConfigurator - {urn:oasis:names:tc:SAML:2.0:metadata}AuthnAuthorityDescriptor intialized and configuration cached
14:58:12.451 [Test worker] DEBUG org.opensaml.core.xml.config.XMLConfigurator - Initializing object provider {urn:oasis:names:tc:SAML:2.0:metadata}AuthnAuthorityDescriptorType
14:58:12.451 [Test worker] DEBUG org.opensaml.core.xml.config.XMLObjectProviderRegistry - Registering new builder, marshaller, and unmarshaller for {urn:oasis:names:tc:SAML:2.0:metadata}AuthnAuthorityDescriptorType
14:58:12.451 [Test worker] DEBUG org.opensaml.core.xml.XMLObjectBuilderFactory - Registering builder org.opensaml.saml.saml2.metadata.impl.AuthnAuthorityDescriptorBuilder under key {urn:oasis:names:tc:SAML:2.0:metadata}AuthnAuthorityDescriptorType
14:58:12.451 [Test worker] DEBUG org.opensaml.core.xml.io.MarshallerFactory - Registering marshaller, org.opensaml.saml.saml2.metadata.impl.AuthnAuthorityDescriptorMarshaller, for object type {urn:oasis:names:tc:SAML:2.0:metadata}AuthnAuthorityDescriptorType
14:58:12.451 [Test worker] DEBUG org.opensaml.core.xml.io.UnmarshallerFactory - Registering unmarshaller, org.opensaml.saml.saml2.metadata.impl.AuthnAuthorityDescriptorUnmarshaller, for object type, {urn:oasis:names:tc:SAML:2.0:metadata}AuthnAuthorityDescriptorType
14:58:12.451 [Test worker] DEBUG org.opensaml.core.xml.config.XMLConfigurator - {urn:oasis:names:tc:SAML:2.0:metadata}AuthnAuthorityDescriptorType intialized and configuration cached
14:58:12.451 [Test worker] DEBUG org.opensaml.core.xml.config.XMLConfigurator - Initializing object provider {urn:oasis:names:tc:SAML:2.0:metadata}AuthnQueryService
14:58:12.451 [Test worker] DEBUG org.opensaml.core.xml.config.XMLObjectProviderRegistry - Registering new builder, marshaller, and unmarshaller for {urn:oasis:names:tc:SAML:2.0:metadata}AuthnQueryService
14:58:12.451 [Test worker] DEBUG org.opensaml.core.xml.XMLObjectBuilderFactory - Registering builder org.opensaml.saml.saml2.metadata.impl.AuthnQueryServiceBuilder under key {urn:oasis:names:tc:SAML:2.0:metadata}AuthnQueryService
14:58:12.451 [Test worker] DEBUG org.opensaml.core.xml.io.MarshallerFactory - Registering marshaller, org.opensaml.saml.saml2.metadata.impl.AuthnQueryServiceMarshaller, for object type {urn:oasis:names:tc:SAML:2.0:metadata}AuthnQueryService
14:58:12.451 [Test worker] DEBUG org.opensaml.core.xml.io.UnmarshallerFactory - Registering unmarshaller, org.opensaml.saml.saml2.metadata.impl.AuthnQueryServiceUnmarshaller, for object type, {urn:oasis:names:tc:SAML:2.0:metadata}AuthnQueryService
14:58:12.451 [Test worker] DEBUG org.opensaml.core.xml.config.XMLConfigurator - {urn:oasis:names:tc:SAML:2.0:metadata}AuthnQueryService intialized and configuration cached
14:58:12.451 [Test worker] DEBUG org.opensaml.core.xml.config.XMLConfigurator - Initializing object provider {urn:oasis:names:tc:SAML:2.0:metadata}AuthzService
14:58:12.451 [Test worker] DEBUG org.opensaml.core.xml.config.XMLObjectProviderRegistry - Registering new builder, marshaller, and unmarshaller for {urn:oasis:names:tc:SAML:2.0:metadata}AuthzService
14:58:12.451 [Test worker] DEBUG org.opensaml.core.xml.XMLObjectBuilderFactory - Registering builder org.opensaml.saml.saml2.metadata.impl.AuthzServiceBuilder under key {urn:oasis:names:tc:SAML:2.0:metadata}AuthzService
14:58:12.451 [Test worker] DEBUG org.opensaml.core.xml.io.MarshallerFactory - Registering marshaller, org.opensaml.saml.saml2.metadata.impl.AuthzServiceMarshaller, for object type {urn:oasis:names:tc:SAML:2.0:metadata}AuthzService
14:58:12.451 [Test worker] DEBUG org.opensaml.core.xml.io.UnmarshallerFactory - Registering unmarshaller, org.opensaml.saml.saml2.metadata.impl.AuthzServiceUnmarshaller, for object type, {urn:oasis:names:tc:SAML:2.0:metadata}AuthzService
14:58:12.451 [Test worker] DEBUG org.opensaml.core.xml.config.XMLConfigurator - {urn:oasis:names:tc:SAML:2.0:metadata}AuthzService intialized and configuration cached
14:58:12.451 [Test worker] DEBUG org.opensaml.core.xml.config.XMLConfigurator - Initializing object provider {urn:oasis:names:tc:SAML:2.0:metadata}Company
14:58:12.451 [Test worker] DEBUG org.opensaml.core.xml.config.XMLObjectProviderRegistry - Registering new builder, marshaller, and unmarshaller for {urn:oasis:names:tc:SAML:2.0:metadata}Company
14:58:12.451 [Test worker] DEBUG org.opensaml.core.xml.XMLObjectBuilderFactory - Registering builder org.opensaml.saml.saml2.metadata.impl.CompanyBuilder under key {urn:oasis:names:tc:SAML:2.0:metadata}Company
14:58:12.451 [Test worker] DEBUG org.opensaml.core.xml.io.MarshallerFactory - Registering marshaller, org.opensaml.saml.saml2.metadata.impl.CompanyMarshaller, for object type {urn:oasis:names:tc:SAML:2.0:metadata}Company
14:58:12.451 [Test worker] DEBUG org.opensaml.core.xml.io.UnmarshallerFactory - Registering unmarshaller, org.opensaml.saml.saml2.metadata.impl.CompanyUnmarshaller, for object type, {urn:oasis:names:tc:SAML:2.0:metadata}Company
14:58:12.451 [Test worker] DEBUG org.opensaml.core.xml.config.XMLConfigurator - {urn:oasis:names:tc:SAML:2.0:metadata}Company intialized and configuration cached
14:58:12.451 [Test worker] DEBUG org.opensaml.core.xml.config.XMLConfigurator - Initializing object provider {urn:oasis:names:tc:SAML:2.0:metadata}ContactPerson
14:58:12.451 [Test worker] DEBUG org.opensaml.core.xml.config.XMLObjectProviderRegistry - Registering new builder, marshaller, and unmarshaller for {urn:oasis:names:tc:SAML:2.0:metadata}ContactPerson
14:58:12.451 [Test worker] DEBUG org.opensaml.core.xml.XMLObjectBuilderFactory - Registering builder org.opensaml.saml.saml2.metadata.impl.ContactPersonBuilder under key {urn:oasis:names:tc:SAML:2.0:metadata}ContactPerson
14:58:12.451 [Test worker] DEBUG org.opensaml.core.xml.io.MarshallerFactory - Registering marshaller, org.opensaml.saml.saml2.metadata.impl.ContactPersonMarshaller, for object type {urn:oasis:names:tc:SAML:2.0:metadata}ContactPerson
14:58:12.451 [Test worker] DEBUG org.opensaml.core.xml.io.UnmarshallerFactory - Registering unmarshaller, org.opensaml.saml.saml2.metadata.impl.ContactPersonUnmarshaller, for object type, {urn:oasis:names:tc:SAML:2.0:metadata}ContactPerson
14:58:12.451 [Test worker] DEBUG org.opensaml.core.xml.config.XMLConfigurator - {urn:oasis:names:tc:SAML:2.0:metadata}ContactPerson intialized and configuration cached
14:58:12.451 [Test worker] DEBUG org.opensaml.core.xml.config.XMLConfigurator - Initializing object provider {urn:oasis:names:tc:SAML:2.0:metadata}ContactPersonType
14:58:12.451 [Test worker] DEBUG org.opensaml.core.xml.config.XMLObjectProviderRegistry - Registering new builder, marshaller, and unmarshaller for {urn:oasis:names:tc:SAML:2.0:metadata}ContactPersonType
14:58:12.451 [Test worker] DEBUG org.opensaml.core.xml.XMLObjectBuilderFactory - Registering builder org.opensaml.saml.saml2.metadata.impl.ContactPersonBuilder under key {urn:oasis:names:tc:SAML:2.0:metadata}ContactPersonType
14:58:12.452 [Test worker] DEBUG org.opensaml.core.xml.io.MarshallerFactory - Registering marshaller, org.opensaml.saml.saml2.metadata.impl.ContactPersonMarshaller, for object type {urn:oasis:names:tc:SAML:2.0:metadata}ContactPersonType
14:58:12.452 [Test worker] DEBUG org.opensaml.core.xml.io.UnmarshallerFactory - Registering unmarshaller, org.opensaml.saml.saml2.metadata.impl.ContactPersonUnmarshaller, for object type, {urn:oasis:names:tc:SAML:2.0:metadata}ContactPersonType
14:58:12.452 [Test worker] DEBUG org.opensaml.core.xml.config.XMLConfigurator - {urn:oasis:names:tc:SAML:2.0:metadata}ContactPersonType intialized and configuration cached
14:58:12.452 [Test worker] DEBUG org.opensaml.core.xml.config.XMLConfigurator - Initializing object provider {urn:oasis:names:tc:SAML:2.0:metadata}EmailAddress
14:58:12.452 [Test worker] DEBUG org.opensaml.core.xml.config.XMLObjectProviderRegistry - Registering new builder, marshaller, and unmarshaller for {urn:oasis:names:tc:SAML:2.0:metadata}EmailAddress
14:58:12.452 [Test worker] DEBUG org.opensaml.core.xml.XMLObjectBuilderFactory - Registering builder org.opensaml.saml.saml2.metadata.impl.EmailAddressBuilder under key {urn:oasis:names:tc:SAML:2.0:metadata}EmailAddress
14:58:12.452 [Test worker] DEBUG org.opensaml.core.xml.io.MarshallerFactory - Registering marshaller, org.opensaml.saml.saml2.metadata.impl.EmailAddressMarshaller, for object type {urn:oasis:names:tc:SAML:2.0:metadata}EmailAddress
14:58:12.452 [Test worker] DEBUG org.opensaml.core.xml.io.UnmarshallerFactory - Registering unmarshaller, org.opensaml.saml.saml2.metadata.impl.EmailAddressUnmarshaller, for object type, {urn:oasis:names:tc:SAML:2.0:metadata}EmailAddress
14:58:12.452 [Test worker] DEBUG org.opensaml.core.xml.config.XMLConfigurator - {urn:oasis:names:tc:SAML:2.0:metadata}EmailAddress intialized and configuration cached
14:58:12.452 [Test worker] DEBUG org.opensaml.core.xml.config.XMLConfigurator - Initializing object provider {urn:oasis:names:tc:SAML:2.0:metadata}EncryptionMethod
14:58:12.452 [Test worker] DEBUG org.opensaml.core.xml.config.XMLObjectProviderRegistry - Registering new builder, marshaller, and unmarshaller for {urn:oasis:names:tc:SAML:2.0:metadata}EncryptionMethod
14:58:12.452 [Test worker] DEBUG org.opensaml.core.xml.XMLObjectBuilderFactory - Registering builder org.opensaml.saml.saml2.metadata.impl.EncryptionMethodBuilder under key {urn:oasis:names:tc:SAML:2.0:metadata}EncryptionMethod
14:58:12.452 [Test worker] DEBUG org.opensaml.core.xml.io.MarshallerFactory - Registering marshaller, org.opensaml.saml.saml2.metadata.impl.EncryptionMethodMarshaller, for object type {urn:oasis:names:tc:SAML:2.0:metadata}EncryptionMethod
14:58:12.452 [Test worker] DEBUG org.opensaml.core.xml.io.UnmarshallerFactory - Registering unmarshaller, org.opensaml.saml.saml2.metadata.impl.EncryptionMethodUnmarshaller, for object type, {urn:oasis:names:tc:SAML:2.0:metadata}EncryptionMethod
14:58:12.452 [Test worker] DEBUG org.opensaml.core.xml.config.XMLConfigurator - {urn:oasis:names:tc:SAML:2.0:metadata}EncryptionMethod intialized and configuration cached
14:58:12.452 [Test worker] DEBUG org.opensaml.core.xml.config.XMLConfigurator - Initializing object provider {urn:oasis:names:tc:SAML:2.0:metadata}EntitiesDescriptor
14:58:12.452 [Test worker] DEBUG org.opensaml.core.xml.config.XMLObjectProviderRegistry - Registering new builder, marshaller, and unmarshaller for {urn:oasis:names:tc:SAML:2.0:metadata}EntitiesDescriptor
14:58:12.452 [Test worker] DEBUG org.opensaml.core.xml.XMLObjectBuilderFactory - Registering builder org.opensaml.saml.saml2.metadata.impl.EntitiesDescriptorBuilder under key {urn:oasis:names:tc:SAML:2.0:metadata}EntitiesDescriptor
14:58:12.452 [Test worker] DEBUG org.opensaml.core.xml.io.MarshallerFactory - Registering marshaller, org.opensaml.saml.saml2.metadata.impl.EntitiesDescriptorMarshaller, for object type {urn:oasis:names:tc:SAML:2.0:metadata}EntitiesDescriptor
14:58:12.452 [Test worker] DEBUG org.opensaml.core.xml.io.UnmarshallerFactory - Registering unmarshaller, org.opensaml.saml.saml2.metadata.impl.EntitiesDescriptorUnmarshaller, for object type, {urn:oasis:names:tc:SAML:2.0:metadata}EntitiesDescriptor
14:58:12.452 [Test worker] DEBUG org.opensaml.core.xml.config.XMLConfigurator - {urn:oasis:names:tc:SAML:2.0:metadata}EntitiesDescriptor intialized and configuration cached
14:58:12.452 [Test worker] DEBUG org.opensaml.core.xml.config.XMLConfigurator - Initializing object provider {urn:oasis:names:tc:SAML:2.0:metadata}EntitiesDescriptorType
14:58:12.452 [Test worker] DEBUG org.opensaml.core.xml.config.XMLObjectProviderRegistry - Registering new builder, marshaller, and unmarshaller for {urn:oasis:names:tc:SAML:2.0:metadata}EntitiesDescriptorType
14:58:12.452 [Test worker] DEBUG org.opensaml.core.xml.XMLObjectBuilderFactory - Registering builder org.opensaml.saml.saml2.metadata.impl.EntitiesDescriptorBuilder under key {urn:oasis:names:tc:SAML:2.0:metadata}EntitiesDescriptorType
14:58:12.452 [Test worker] DEBUG org.opensaml.core.xml.io.MarshallerFactory - Registering marshaller, org.opensaml.saml.saml2.metadata.impl.EntitiesDescriptorMarshaller, for object type {urn:oasis:names:tc:SAML:2.0:metadata}EntitiesDescriptorType
14:58:12.452 [Test worker] DEBUG org.opensaml.core.xml.io.UnmarshallerFactory - Registering unmarshaller, org.opensaml.saml.saml2.metadata.impl.EntitiesDescriptorUnmarshaller, for object type, {urn:oasis:names:tc:SAML:2.0:metadata}EntitiesDescriptorType
14:58:12.452 [Test worker] DEBUG org.opensaml.core.xml.config.XMLConfigurator - {urn:oasis:names:tc:SAML:2.0:metadata}EntitiesDescriptorType intialized and configuration cached
14:58:12.452 [Test worker] DEBUG org.opensaml.core.xml.config.XMLConfigurator - Initializing object provider {urn:oasis:names:tc:SAML:2.0:metadata}EntityDescriptor
14:58:12.452 [Test worker] DEBUG org.opensaml.core.xml.config.XMLObjectProviderRegistry - Registering new builder, marshaller, and unmarshaller for {urn:oasis:names:tc:SAML:2.0:metadata}EntityDescriptor
14:58:12.452 [Test worker] DEBUG org.opensaml.core.xml.XMLObjectBuilderFactory - Registering builder org.opensaml.saml.saml2.metadata.impl.EntityDescriptorBuilder under key {urn:oasis:names:tc:SAML:2.0:metadata}EntityDescriptor
14:58:12.452 [Test worker] DEBUG org.opensaml.core.xml.io.MarshallerFactory - Registering marshaller, org.opensaml.saml.saml2.metadata.impl.EntityDescriptorMarshaller, for object type {urn:oasis:names:tc:SAML:2.0:metadata}EntityDescriptor
14:58:12.452 [Test worker] DEBUG org.opensaml.core.xml.io.UnmarshallerFactory - Registering unmarshaller, org.opensaml.saml.saml2.metadata.impl.EntityDescriptorUnmarshaller, for object type, {urn:oasis:names:tc:SAML:2.0:metadata}EntityDescriptor
14:58:12.452 [Test worker] DEBUG org.opensaml.core.xml.config.XMLConfigurator - {urn:oasis:names:tc:SAML:2.0:metadata}EntityDescriptor intialized and configuration cached
14:58:12.452 [Test worker] DEBUG org.opensaml.core.xml.config.XMLConfigurator - Initializing object provider {urn:oasis:names:tc:SAML:2.0:metadata}EntityDescriptorType
14:58:12.452 [Test worker] DEBUG org.opensaml.core.xml.config.XMLObjectProviderRegistry - Registering new builder, marshaller, and unmarshaller for {urn:oasis:names:tc:SAML:2.0:metadata}EntityDescriptorType
14:58:12.452 [Test worker] DEBUG org.opensaml.core.xml.XMLObjectBuilderFactory - Registering builder org.opensaml.saml.saml2.metadata.impl.EntityDescriptorBuilder under key {urn:oasis:names:tc:SAML:2.0:metadata}EntityDescriptorType
14:58:12.452 [Test worker] DEBUG org.opensaml.core.xml.io.MarshallerFactory - Registering marshaller, org.opensaml.saml.saml2.metadata.impl.EntityDescriptorMarshaller, for object type {urn:oasis:names:tc:SAML:2.0:metadata}EntityDescriptorType
14:58:12.452 [Test worker] DEBUG org.opensaml.core.xml.io.UnmarshallerFactory - Registering unmarshaller, org.opensaml.saml.saml2.metadata.impl.EntityDescriptorUnmarshaller, for object type, {urn:oasis:names:tc:SAML:2.0:metadata}EntityDescriptorType
14:58:12.452 [Test worker] DEBUG org.opensaml.core.xml.config.XMLConfigurator - {urn:oasis:names:tc:SAML:2.0:metadata}EntityDescriptorType intialized and configuration cached
14:58:12.452 [Test worker] DEBUG org.opensaml.core.xml.config.XMLConfigurator - Initializing object provider {urn:oasis:names:tc:SAML:2.0:metadata}Extensions
14:58:12.452 [Test worker] DEBUG org.opensaml.core.xml.config.XMLObjectProviderRegistry - Registering new builder, marshaller, and unmarshaller for {urn:oasis:names:tc:SAML:2.0:metadata}Extensions
14:58:12.452 [Test worker] DEBUG org.opensaml.core.xml.XMLObjectBuilderFactory - Registering builder org.opensaml.saml.saml2.metadata.impl.ExtensionsBuilder under key {urn:oasis:names:tc:SAML:2.0:metadata}Extensions
14:58:12.452 [Test worker] DEBUG org.opensaml.core.xml.io.MarshallerFactory - Registering marshaller, org.opensaml.saml.saml2.metadata.impl.ExtensionsMarshaller, for object type {urn:oasis:names:tc:SAML:2.0:metadata}Extensions
14:58:12.452 [Test worker] DEBUG org.opensaml.core.xml.io.UnmarshallerFactory - Registering unmarshaller, org.opensaml.saml.saml2.metadata.impl.ExtensionsUnmarshaller, for object type, {urn:oasis:names:tc:SAML:2.0:metadata}Extensions
14:58:12.452 [Test worker] DEBUG org.opensaml.core.xml.config.XMLConfigurator - {urn:oasis:names:tc:SAML:2.0:metadata}Extensions intialized and configuration cached
14:58:12.452 [Test worker] DEBUG org.opensaml.core.xml.config.XMLConfigurator - Initializing object provider {urn:oasis:names:tc:SAML:2.0:metadata}ExtensionsType
14:58:12.452 [Test worker] DEBUG org.opensaml.core.xml.config.XMLObjectProviderRegistry - Registering new builder, marshaller, and unmarshaller for {urn:oasis:names:tc:SAML:2.0:metadata}ExtensionsType
14:58:12.452 [Test worker] DEBUG org.opensaml.core.xml.XMLObjectBuilderFactory - Registering builder org.opensaml.saml.saml2.metadata.impl.ExtensionsBuilder under key {urn:oasis:names:tc:SAML:2.0:metadata}ExtensionsType
14:58:12.452 [Test worker] DEBUG org.opensaml.core.xml.io.MarshallerFactory - Registering marshaller, org.opensaml.saml.saml2.metadata.impl.ExtensionsMarshaller, for object type {urn:oasis:names:tc:SAML:2.0:metadata}ExtensionsType
14:58:12.452 [Test worker] DEBUG org.opensaml.core.xml.io.UnmarshallerFactory - Registering unmarshaller, org.opensaml.saml.saml2.metadata.impl.ExtensionsUnmarshaller, for object type, {urn:oasis:names:tc:SAML:2.0:metadata}ExtensionsType
14:58:12.452 [Test worker] DEBUG org.opensaml.core.xml.config.XMLConfigurator - {urn:oasis:names:tc:SAML:2.0:metadata}ExtensionsType intialized and configuration cached
14:58:12.452 [Test worker] DEBUG org.opensaml.core.xml.config.XMLConfigurator - Initializing object provider {urn:oasis:names:tc:SAML:2.0:metadata}GivenName
14:58:12.453 [Test worker] DEBUG org.opensaml.core.xml.config.XMLObjectProviderRegistry - Registering new builder, marshaller, and unmarshaller for {urn:oasis:names:tc:SAML:2.0:metadata}GivenName
14:58:12.453 [Test worker] DEBUG org.opensaml.core.xml.XMLObjectBuilderFactory - Registering builder org.opensaml.saml.saml2.metadata.impl.GivenNameBuilder under key {urn:oasis:names:tc:SAML:2.0:metadata}GivenName
14:58:12.453 [Test worker] DEBUG org.opensaml.core.xml.io.MarshallerFactory - Registering marshaller, org.opensaml.saml.saml2.metadata.impl.GivenNameMarshaller, for object type {urn:oasis:names:tc:SAML:2.0:metadata}GivenName
14:58:12.453 [Test worker] DEBUG org.opensaml.core.xml.io.UnmarshallerFactory - Registering unmarshaller, org.opensaml.saml.saml2.metadata.impl.GivenNameUnmarshaller, for object type, {urn:oasis:names:tc:SAML:2.0:metadata}GivenName
14:58:12.453 [Test worker] DEBUG org.opensaml.core.xml.config.XMLConfigurator - {urn:oasis:names:tc:SAML:2.0:metadata}GivenName intialized and configuration cached
14:58:12.453 [Test worker] DEBUG org.opensaml.core.xml.config.XMLConfigurator - Initializing object provider {urn:oasis:names:tc:SAML:2.0:metadata}IDPSSODescriptor
14:58:12.453 [Test worker] DEBUG org.opensaml.core.xml.config.XMLObjectProviderRegistry - Registering new builder, marshaller, and unmarshaller for {urn:oasis:names:tc:SAML:2.0:metadata}IDPSSODescriptor
14:58:12.453 [Test worker] DEBUG org.opensaml.core.xml.XMLObjectBuilderFactory - Registering builder org.opensaml.saml.saml2.metadata.impl.IDPSSODescriptorBuilder under key {urn:oasis:names:tc:SAML:2.0:metadata}IDPSSODescriptor
14:58:12.453 [Test worker] DEBUG org.opensaml.core.xml.io.MarshallerFactory - Registering marshaller, org.opensaml.saml.saml2.metadata.impl.IDPSSODescriptorMarshaller, for object type {urn:oasis:names:tc:SAML:2.0:metadata}IDPSSODescriptor
14:58:12.453 [Test worker] DEBUG org.opensaml.core.xml.io.UnmarshallerFactory - Registering unmarshaller, org.opensaml.saml.saml2.metadata.impl.IDPSSODescriptorUnmarshaller, for object type, {urn:oasis:names:tc:SAML:2.0:metadata}IDPSSODescriptor
14:58:12.453 [Test worker] DEBUG org.opensaml.core.xml.config.XMLConfigurator - {urn:oasis:names:tc:SAML:2.0:metadata}IDPSSODescriptor intialized and configuration cached
14:58:12.453 [Test worker] DEBUG org.opensaml.core.xml.config.XMLConfigurator - Initializing object provider {urn:oasis:names:tc:SAML:2.0:metadata}IDPSSODescriptorType
14:58:12.453 [Test worker] DEBUG org.opensaml.core.xml.config.XMLObjectProviderRegistry - Registering new builder, marshaller, and unmarshaller for {urn:oasis:names:tc:SAML:2.0:metadata}IDPSSODescriptorType
14:58:12.453 [Test worker] DEBUG org.opensaml.core.xml.XMLObjectBuilderFactory - Registering builder org.opensaml.saml.saml2.metadata.impl.IDPSSODescriptorBuilder under key {urn:oasis:names:tc:SAML:2.0:metadata}IDPSSODescriptorType
14:58:12.453 [Test worker] DEBUG org.opensaml.core.xml.io.MarshallerFactory - Registering marshaller, org.opensaml.saml.saml2.metadata.impl.IDPSSODescriptorMarshaller, for object type {urn:oasis:names:tc:SAML:2.0:metadata}IDPSSODescriptorType
14:58:12.453 [Test worker] DEBUG org.opensaml.core.xml.io.UnmarshallerFactory - Registering unmarshaller, org.opensaml.saml.saml2.metadata.impl.IDPSSODescriptorUnmarshaller, for object type, {urn:oasis:names:tc:SAML:2.0:metadata}IDPSSODescriptorType
14:58:12.453 [Test worker] DEBUG org.opensaml.core.xml.config.XMLConfigurator - {urn:oasis:names:tc:SAML:2.0:metadata}IDPSSODescriptorType intialized and configuration cached
14:58:12.453 [Test worker] DEBUG org.opensaml.core.xml.config.XMLConfigurator - Initializing object provider {urn:oasis:names:tc:SAML:2.0:metadata}KeyDescriptor
14:58:12.453 [Test worker] DEBUG org.opensaml.core.xml.config.XMLObjectProviderRegistry - Registering new builder, marshaller, and unmarshaller for {urn:oasis:names:tc:SAML:2.0:metadata}KeyDescriptor
14:58:12.453 [Test worker] DEBUG org.opensaml.core.xml.XMLObjectBuilderFactory - Registering builder org.opensaml.saml.saml2.metadata.impl.KeyDescriptorBuilder under key {urn:oasis:names:tc:SAML:2.0:metadata}KeyDescriptor
14:58:12.453 [Test worker] DEBUG org.opensaml.core.xml.io.MarshallerFactory - Registering marshaller, org.opensaml.saml.saml2.metadata.impl.KeyDescriptorMarshaller, for object type {urn:oasis:names:tc:SAML:2.0:metadata}KeyDescriptor
14:58:12.453 [Test worker] DEBUG org.opensaml.core.xml.io.UnmarshallerFactory - Registering unmarshaller, org.opensaml.saml.saml2.metadata.impl.KeyDescriptorUnmarshaller, for object type, {urn:oasis:names:tc:SAML:2.0:metadata}KeyDescriptor
14:58:12.453 [Test worker] DEBUG org.opensaml.core.xml.config.XMLConfigurator - {urn:oasis:names:tc:SAML:2.0:metadata}KeyDescriptor intialized and configuration cached
14:58:12.453 [Test worker] DEBUG org.opensaml.core.xml.config.XMLConfigurator - Initializing object provider {urn:oasis:names:tc:SAML:2.0:metadata}KeyDescriptorType
14:58:12.453 [Test worker] DEBUG org.opensaml.core.xml.config.XMLObjectProviderRegistry - Registering new builder, marshaller, and unmarshaller for {urn:oasis:names:tc:SAML:2.0:metadata}KeyDescriptorType
14:58:12.453 [Test worker] DEBUG org.opensaml.core.xml.XMLObjectBuilderFactory - Registering builder org.opensaml.saml.saml2.metadata.impl.KeyDescriptorBuilder under key {urn:oasis:names:tc:SAML:2.0:metadata}KeyDescriptorType
14:58:12.453 [Test worker] DEBUG org.opensaml.core.xml.io.MarshallerFactory - Registering marshaller, org.opensaml.saml.saml2.metadata.impl.KeyDescriptorMarshaller, for object type {urn:oasis:names:tc:SAML:2.0:metadata}KeyDescriptorType
14:58:12.453 [Test worker] DEBUG org.opensaml.core.xml.io.UnmarshallerFactory - Registering unmarshaller, org.opensaml.saml.saml2.metadata.impl.KeyDescriptorUnmarshaller, for object type, {urn:oasis:names:tc:SAML:2.0:metadata}KeyDescriptorType
14:58:12.453 [Test worker] DEBUG org.opensaml.core.xml.config.XMLConfigurator - {urn:oasis:names:tc:SAML:2.0:metadata}KeyDescriptorType intialized and configuration cached
14:58:12.453 [Test worker] DEBUG org.opensaml.core.xml.config.XMLConfigurator - Initializing object provider {urn:oasis:names:tc:SAML:2.0:metadata}ManageNameIDService
14:58:12.453 [Test worker] DEBUG org.opensaml.core.xml.config.XMLObjectProviderRegistry - Registering new builder, marshaller, and unmarshaller for {urn:oasis:names:tc:SAML:2.0:metadata}ManageNameIDService
14:58:12.453 [Test worker] DEBUG org.opensaml.core.xml.XMLObjectBuilderFactory - Registering builder org.opensaml.saml.saml2.metadata.impl.ManageNameIDServiceBuilder under key {urn:oasis:names:tc:SAML:2.0:metadata}ManageNameIDService
14:58:12.453 [Test worker] DEBUG org.opensaml.core.xml.io.MarshallerFactory - Registering marshaller, org.opensaml.saml.saml2.metadata.impl.ManageNameIDServiceMarshaller, for object type {urn:oasis:names:tc:SAML:2.0:metadata}ManageNameIDService
14:58:12.453 [Test worker] DEBUG org.opensaml.core.xml.io.UnmarshallerFactory - Registering unmarshaller, org.opensaml.saml.saml2.metadata.impl.ManageNameIDServiceUnmarshaller, for object type, {urn:oasis:names:tc:SAML:2.0:metadata}ManageNameIDService
14:58:12.453 [Test worker] DEBUG org.opensaml.core.xml.config.XMLConfigurator - {urn:oasis:names:tc:SAML:2.0:metadata}ManageNameIDService intialized and configuration cached
14:58:12.453 [Test worker] DEBUG org.opensaml.core.xml.config.XMLConfigurator - Initializing object provider {urn:oasis:names:tc:SAML:2.0:metadata}NameIDFormat
14:58:12.453 [Test worker] DEBUG org.opensaml.core.xml.config.XMLObjectProviderRegistry - Registering new builder, marshaller, and unmarshaller for {urn:oasis:names:tc:SAML:2.0:metadata}NameIDFormat
14:58:12.453 [Test worker] DEBUG org.opensaml.core.xml.XMLObjectBuilderFactory - Registering builder org.opensaml.saml.saml2.metadata.impl.NameIDFormatBuilder under key {urn:oasis:names:tc:SAML:2.0:metadata}NameIDFormat
14:58:12.453 [Test worker] DEBUG org.opensaml.core.xml.io.MarshallerFactory - Registering marshaller, org.opensaml.saml.saml2.metadata.impl.NameIDFormatMarshaller, for object type {urn:oasis:names:tc:SAML:2.0:metadata}NameIDFormat
14:58:12.453 [Test worker] DEBUG org.opensaml.core.xml.io.UnmarshallerFactory - Registering unmarshaller, org.opensaml.saml.saml2.metadata.impl.NameIDFormatUnmarshaller, for object type, {urn:oasis:names:tc:SAML:2.0:metadata}NameIDFormat
14:58:12.453 [Test worker] DEBUG org.opensaml.core.xml.config.XMLConfigurator - {urn:oasis:names:tc:SAML:2.0:metadata}NameIDFormat intialized and configuration cached
14:58:12.453 [Test worker] DEBUG org.opensaml.core.xml.config.XMLConfigurator - Initializing object provider {urn:oasis:names:tc:SAML:2.0:metadata}NameIDMappingService
14:58:12.453 [Test worker] DEBUG org.opensaml.core.xml.config.XMLObjectProviderRegistry - Registering new builder, marshaller, and unmarshaller for {urn:oasis:names:tc:SAML:2.0:metadata}NameIDMappingService
14:58:12.453 [Test worker] DEBUG org.opensaml.core.xml.XMLObjectBuilderFactory - Registering builder org.opensaml.saml.saml2.metadata.impl.NameIDMappingServiceBuilder under key {urn:oasis:names:tc:SAML:2.0:metadata}NameIDMappingService
14:58:12.453 [Test worker] DEBUG org.opensaml.core.xml.io.MarshallerFactory - Registering marshaller, org.opensaml.saml.saml2.metadata.impl.NameIDMappingServiceMarshaller, for object type {urn:oasis:names:tc:SAML:2.0:metadata}NameIDMappingService
14:58:12.453 [Test worker] DEBUG org.opensaml.core.xml.io.UnmarshallerFactory - Registering unmarshaller, org.opensaml.saml.saml2.metadata.impl.NameIDMappingServiceUnmarshaller, for object type, {urn:oasis:names:tc:SAML:2.0:metadata}NameIDMappingService
14:58:12.453 [Test worker] DEBUG org.opensaml.core.xml.config.XMLConfigurator - {urn:oasis:names:tc:SAML:2.0:metadata}NameIDMappingService intialized and configuration cached
14:58:12.453 [Test worker] DEBUG org.opensaml.core.xml.config.XMLConfigurator - Initializing object provider {urn:oasis:names:tc:SAML:2.0:metadata}Organization
14:58:12.453 [Test worker] DEBUG org.opensaml.core.xml.config.XMLObjectProviderRegistry - Registering new builder, marshaller, and unmarshaller for {urn:oasis:names:tc:SAML:2.0:metadata}Organization
14:58:12.453 [Test worker] DEBUG org.opensaml.core.xml.XMLObjectBuilderFactory - Registering builder org.opensaml.saml.saml2.metadata.impl.OrganizationBuilder under key {urn:oasis:names:tc:SAML:2.0:metadata}Organization
14:58:12.453 [Test worker] DEBUG org.opensaml.core.xml.io.MarshallerFactory - Registering marshaller, org.opensaml.saml.saml2.metadata.impl.OrganizationMarshaller, for object type {urn:oasis:names:tc:SAML:2.0:metadata}Organization
14:58:12.453 [Test worker] DEBUG org.opensaml.core.xml.io.UnmarshallerFactory - Registering unmarshaller, org.opensaml.saml.saml2.metadata.impl.OrganizationUnmarshaller, for object type, {urn:oasis:names:tc:SAML:2.0:metadata}Organization
14:58:12.453 [Test worker] DEBUG org.opensaml.core.xml.config.XMLConfigurator - {urn:oasis:names:tc:SAML:2.0:metadata}Organization intialized and configuration cached
14:58:12.453 [Test worker] DEBUG org.opensaml.core.xml.config.XMLConfigurator - Initializing object provider {urn:oasis:names:tc:SAML:2.0:metadata}OrganizationType
14:58:12.453 [Test worker] DEBUG org.opensaml.core.xml.config.XMLObjectProviderRegistry - Registering new builder, marshaller, and unmarshaller for {urn:oasis:names:tc:SAML:2.0:metadata}OrganizationType
14:58:12.453 [Test worker] DEBUG org.opensaml.core.xml.XMLObjectBuilderFactory - Registering builder org.opensaml.saml.saml2.metadata.impl.OrganizationBuilder under key {urn:oasis:names:tc:SAML:2.0:metadata}OrganizationType
14:58:12.453 [Test worker] DEBUG org.opensaml.core.xml.io.MarshallerFactory - Registering marshaller, org.opensaml.saml.saml2.metadata.impl.OrganizationMarshaller, for object type {urn:oasis:names:tc:SAML:2.0:metadata}OrganizationType
14:58:12.453 [Test worker] DEBUG org.opensaml.core.xml.io.UnmarshallerFactory - Registering unmarshaller, org.opensaml.saml.saml2.metadata.impl.OrganizationUnmarshaller, for object type, {urn:oasis:names:tc:SAML:2.0:metadata}OrganizationType
14:58:12.453 [Test worker] DEBUG org.opensaml.core.xml.config.XMLConfigurator - {urn:oasis:names:tc:SAML:2.0:metadata}OrganizationType intialized and configuration cached
14:58:12.453 [Test worker] DEBUG org.opensaml.core.xml.config.XMLConfigurator - Initializing object provider {urn:oasis:names:tc:SAML:2.0:metadata}OrganizationDisplayName
14:58:12.453 [Test worker] DEBUG org.opensaml.core.xml.config.XMLObjectProviderRegistry - Registering new builder, marshaller, and unmarshaller for {urn:oasis:names:tc:SAML:2.0:metadata}OrganizationDisplayName
14:58:12.453 [Test worker] DEBUG org.opensaml.core.xml.XMLObjectBuilderFactory - Registering builder org.opensaml.saml.saml2.metadata.impl.OrganizationDisplayNameBuilder under key {urn:oasis:names:tc:SAML:2.0:metadata}OrganizationDisplayName
14:58:12.453 [Test worker] DEBUG org.opensaml.core.xml.io.MarshallerFactory - Registering marshaller, org.opensaml.saml.saml2.metadata.impl.OrganizationDisplayNameMarshaller, for object type {urn:oasis:names:tc:SAML:2.0:metadata}OrganizationDisplayName
14:58:12.453 [Test worker] DEBUG org.opensaml.core.xml.io.UnmarshallerFactory - Registering unmarshaller, org.opensaml.saml.saml2.metadata.impl.OrganizationDisplayNameUnmarshaller, for object type, {urn:oasis:names:tc:SAML:2.0:metadata}OrganizationDisplayName
14:58:12.453 [Test worker] DEBUG org.opensaml.core.xml.config.XMLConfigurator - {urn:oasis:names:tc:SAML:2.0:metadata}OrganizationDisplayName intialized and configuration cached
14:58:12.453 [Test worker] DEBUG org.opensaml.core.xml.config.XMLConfigurator - Initializing object provider {urn:oasis:names:tc:SAML:2.0:metadata}OrganizationName
14:58:12.453 [Test worker] DEBUG org.opensaml.core.xml.config.XMLObjectProviderRegistry - Registering new builder, marshaller, and unmarshaller for {urn:oasis:names:tc:SAML:2.0:metadata}OrganizationName
14:58:12.453 [Test worker] DEBUG org.opensaml.core.xml.XMLObjectBuilderFactory - Registering builder org.opensaml.saml.saml2.metadata.impl.OrganizationNameBuilder under key {urn:oasis:names:tc:SAML:2.0:metadata}OrganizationName
14:58:12.453 [Test worker] DEBUG org.opensaml.core.xml.io.MarshallerFactory - Registering marshaller, org.opensaml.saml.saml2.metadata.impl.OrganizationNameMarshaller, for object type {urn:oasis:names:tc:SAML:2.0:metadata}OrganizationName
14:58:12.453 [Test worker] DEBUG org.opensaml.core.xml.io.UnmarshallerFactory - Registering unmarshaller, org.opensaml.saml.saml2.metadata.impl.OrganizationNameUnmarshaller, for object type, {urn:oasis:names:tc:SAML:2.0:metadata}OrganizationName
14:58:12.453 [Test worker] DEBUG org.opensaml.core.xml.config.XMLConfigurator - {urn:oasis:names:tc:SAML:2.0:metadata}OrganizationName intialized and configuration cached
14:58:12.453 [Test worker] DEBUG org.opensaml.core.xml.config.XMLConfigurator - Initializing object provider {urn:oasis:names:tc:SAML:2.0:metadata}OrganizationURL
14:58:12.453 [Test worker] DEBUG org.opensaml.core.xml.config.XMLObjectProviderRegistry - Registering new builder, marshaller, and unmarshaller for {urn:oasis:names:tc:SAML:2.0:metadata}OrganizationURL
14:58:12.454 [Test worker] DEBUG org.opensaml.core.xml.XMLObjectBuilderFactory - Registering builder org.opensaml.saml.saml2.metadata.impl.OrganizationURLBuilder under key {urn:oasis:names:tc:SAML:2.0:metadata}OrganizationURL
14:58:12.454 [Test worker] DEBUG org.opensaml.core.xml.io.MarshallerFactory - Registering marshaller, org.opensaml.saml.saml2.metadata.impl.OrganizationURLMarshaller, for object type {urn:oasis:names:tc:SAML:2.0:metadata}OrganizationURL
14:58:12.454 [Test worker] DEBUG org.opensaml.core.xml.io.UnmarshallerFactory - Registering unmarshaller, org.opensaml.saml.saml2.metadata.impl.OrganizationURLUnmarshaller, for object type, {urn:oasis:names:tc:SAML:2.0:metadata}OrganizationURL
14:58:12.454 [Test worker] DEBUG org.opensaml.core.xml.config.XMLConfigurator - {urn:oasis:names:tc:SAML:2.0:metadata}OrganizationURL intialized and configuration cached
14:58:12.454 [Test worker] DEBUG org.opensaml.core.xml.config.XMLConfigurator - Initializing object provider {urn:oasis:names:tc:SAML:2.0:metadata}PDPDescriptor
14:58:12.454 [Test worker] DEBUG org.opensaml.core.xml.config.XMLObjectProviderRegistry - Registering new builder, marshaller, and unmarshaller for {urn:oasis:names:tc:SAML:2.0:metadata}PDPDescriptor
14:58:12.454 [Test worker] DEBUG org.opensaml.core.xml.XMLObjectBuilderFactory - Registering builder org.opensaml.saml.saml2.metadata.impl.PDPDescriptorBuilder under key {urn:oasis:names:tc:SAML:2.0:metadata}PDPDescriptor
14:58:12.454 [Test worker] DEBUG org.opensaml.core.xml.io.MarshallerFactory - Registering marshaller, org.opensaml.saml.saml2.metadata.impl.PDPDescriptorMarshaller, for object type {urn:oasis:names:tc:SAML:2.0:metadata}PDPDescriptor
14:58:12.454 [Test worker] DEBUG org.opensaml.core.xml.io.UnmarshallerFactory - Registering unmarshaller, org.opensaml.saml.saml2.metadata.impl.PDPDescriptorUnmarshaller, for object type, {urn:oasis:names:tc:SAML:2.0:metadata}PDPDescriptor
14:58:12.454 [Test worker] DEBUG org.opensaml.core.xml.config.XMLConfigurator - {urn:oasis:names:tc:SAML:2.0:metadata}PDPDescriptor intialized and configuration cached
14:58:12.454 [Test worker] DEBUG org.opensaml.core.xml.config.XMLConfigurator - Initializing object provider {urn:oasis:names:tc:SAML:2.0:metadata}PDPDescriptorType
14:58:12.454 [Test worker] DEBUG org.opensaml.core.xml.config.XMLObjectProviderRegistry - Registering new builder, marshaller, and unmarshaller for {urn:oasis:names:tc:SAML:2.0:metadata}PDPDescriptorType
14:58:12.454 [Test worker] DEBUG org.opensaml.core.xml.XMLObjectBuilderFactory - Registering builder org.opensaml.saml.saml2.metadata.impl.PDPDescriptorBuilder under key {urn:oasis:names:tc:SAML:2.0:metadata}PDPDescriptorType
14:58:12.454 [Test worker] DEBUG org.opensaml.core.xml.io.MarshallerFactory - Registering marshaller, org.opensaml.saml.saml2.metadata.impl.PDPDescriptorMarshaller, for object type {urn:oasis:names:tc:SAML:2.0:metadata}PDPDescriptorType
14:58:12.454 [Test worker] DEBUG org.opensaml.core.xml.io.UnmarshallerFactory - Registering unmarshaller, org.opensaml.saml.saml2.metadata.impl.PDPDescriptorUnmarshaller, for object type, {urn:oasis:names:tc:SAML:2.0:metadata}PDPDescriptorType
14:58:12.454 [Test worker] DEBUG org.opensaml.core.xml.config.XMLConfigurator - {urn:oasis:names:tc:SAML:2.0:metadata}PDPDescriptorType intialized and configuration cached
14:58:12.454 [Test worker] DEBUG org.opensaml.core.xml.config.XMLConfigurator - Initializing object provider {urn:oasis:names:tc:SAML:2.0:metadata}RequestedAttribute
14:58:12.454 [Test worker] DEBUG org.opensaml.core.xml.config.XMLObjectProviderRegistry - Registering new builder, marshaller, and unmarshaller for {urn:oasis:names:tc:SAML:2.0:metadata}RequestedAttribute
14:58:12.454 [Test worker] DEBUG org.opensaml.core.xml.XMLObjectBuilderFactory - Registering builder org.opensaml.saml.saml2.metadata.impl.RequestedAttributeBuilder under key {urn:oasis:names:tc:SAML:2.0:metadata}RequestedAttribute
14:58:12.454 [Test worker] DEBUG org.opensaml.core.xml.io.MarshallerFactory - Registering marshaller, org.opensaml.saml.saml2.metadata.impl.RequestedAttributeMarshaller, for object type {urn:oasis:names:tc:SAML:2.0:metadata}RequestedAttribute
14:58:12.454 [Test worker] DEBUG org.opensaml.core.xml.io.UnmarshallerFactory - Registering unmarshaller, org.opensaml.saml.saml2.metadata.impl.RequestedAttributeUnmarshaller, for object type, {urn:oasis:names:tc:SAML:2.0:metadata}RequestedAttribute
14:58:12.454 [Test worker] DEBUG org.opensaml.core.xml.config.XMLConfigurator - {urn:oasis:names:tc:SAML:2.0:metadata}RequestedAttribute intialized and configuration cached
14:58:12.454 [Test worker] DEBUG org.opensaml.core.xml.config.XMLConfigurator - Initializing object provider {urn:oasis:names:tc:SAML:2.0:metadata}RequestedAttributeType
14:58:12.454 [Test worker] DEBUG org.opensaml.core.xml.config.XMLObjectProviderRegistry - Registering new builder, marshaller, and unmarshaller for {urn:oasis:names:tc:SAML:2.0:metadata}RequestedAttributeType
14:58:12.454 [Test worker] DEBUG org.opensaml.core.xml.XMLObjectBuilderFactory - Registering builder org.opensaml.saml.saml2.metadata.impl.RequestedAttributeBuilder under key {urn:oasis:names:tc:SAML:2.0:metadata}RequestedAttributeType
14:58:12.454 [Test worker] DEBUG org.opensaml.core.xml.io.MarshallerFactory - Registering marshaller, org.opensaml.saml.saml2.metadata.impl.RequestedAttributeMarshaller, for object type {urn:oasis:names:tc:SAML:2.0:metadata}RequestedAttributeType
14:58:12.454 [Test worker] DEBUG org.opensaml.core.xml.io.UnmarshallerFactory - Registering unmarshaller, org.opensaml.saml.saml2.metadata.impl.RequestedAttributeUnmarshaller, for object type, {urn:oasis:names:tc:SAML:2.0:metadata}RequestedAttributeType
14:58:12.454 [Test worker] DEBUG org.opensaml.core.xml.config.XMLConfigurator - {urn:oasis:names:tc:SAML:2.0:metadata}RequestedAttributeType intialized and configuration cached
14:58:12.454 [Test worker] DEBUG org.opensaml.core.xml.config.XMLConfigurator - Initializing object provider {urn:oasis:names:tc:SAML:2.0:metadata}ServiceDescription
14:58:12.454 [Test worker] DEBUG org.opensaml.core.xml.config.XMLObjectProviderRegistry - Registering new builder, marshaller, and unmarshaller for {urn:oasis:names:tc:SAML:2.0:metadata}ServiceDescription
14:58:12.454 [Test worker] DEBUG org.opensaml.core.xml.XMLObjectBuilderFactory - Registering builder org.opensaml.saml.saml2.metadata.impl.ServiceDescriptionBuilder under key {urn:oasis:names:tc:SAML:2.0:metadata}ServiceDescription
14:58:12.454 [Test worker] DEBUG org.opensaml.core.xml.io.MarshallerFactory - Registering marshaller, org.opensaml.saml.saml2.metadata.impl.ServiceDescriptionMarshaller, for object type {urn:oasis:names:tc:SAML:2.0:metadata}ServiceDescription
14:58:12.454 [Test worker] DEBUG org.opensaml.core.xml.io.UnmarshallerFactory - Registering unmarshaller, org.opensaml.saml.saml2.metadata.impl.ServiceDescriptionUnmarshaller, for object type, {urn:oasis:names:tc:SAML:2.0:metadata}ServiceDescription
14:58:12.454 [Test worker] DEBUG org.opensaml.core.xml.config.XMLConfigurator - {urn:oasis:names:tc:SAML:2.0:metadata}ServiceDescription intialized and configuration cached
14:58:12.454 [Test worker] DEBUG org.opensaml.core.xml.config.XMLConfigurator - Initializing object provider {urn:oasis:names:tc:SAML:2.0:metadata}ServiceName
14:58:12.454 [Test worker] DEBUG org.opensaml.core.xml.config.XMLObjectProviderRegistry - Registering new builder, marshaller, and unmarshaller for {urn:oasis:names:tc:SAML:2.0:metadata}ServiceName
14:58:12.454 [Test worker] DEBUG org.opensaml.core.xml.XMLObjectBuilderFactory - Registering builder org.opensaml.saml.saml2.metadata.impl.ServiceNameBuilder under key {urn:oasis:names:tc:SAML:2.0:metadata}ServiceName
14:58:12.454 [Test worker] DEBUG org.opensaml.core.xml.io.MarshallerFactory - Registering marshaller, org.opensaml.saml.saml2.metadata.impl.ServiceNameMarshaller, for object type {urn:oasis:names:tc:SAML:2.0:metadata}ServiceName
14:58:12.454 [Test worker] DEBUG org.opensaml.core.xml.io.UnmarshallerFactory - Registering unmarshaller, org.opensaml.saml.saml2.metadata.impl.ServiceNameUnmarshaller, for object type, {urn:oasis:names:tc:SAML:2.0:metadata}ServiceName
14:58:12.454 [Test worker] DEBUG org.opensaml.core.xml.config.XMLConfigurator - {urn:oasis:names:tc:SAML:2.0:metadata}ServiceName intialized and configuration cached
14:58:12.454 [Test worker] DEBUG org.opensaml.core.xml.config.XMLConfigurator - Initializing object provider {urn:oasis:names:tc:SAML:2.0:metadata}SingleLogoutService
14:58:12.454 [Test worker] DEBUG org.opensaml.core.xml.config.XMLObjectProviderRegistry - Registering new builder, marshaller, and unmarshaller for {urn:oasis:names:tc:SAML:2.0:metadata}SingleLogoutService
14:58:12.454 [Test worker] DEBUG org.opensaml.core.xml.XMLObjectBuilderFactory - Registering builder org.opensaml.saml.saml2.metadata.impl.SingleLogoutServiceBuilder under key {urn:oasis:names:tc:SAML:2.0:metadata}SingleLogoutService
14:58:12.454 [Test worker] DEBUG org.opensaml.core.xml.io.MarshallerFactory - Registering marshaller, org.opensaml.saml.saml2.metadata.impl.SingleLogoutServiceMarshaller, for object type {urn:oasis:names:tc:SAML:2.0:metadata}SingleLogoutService
14:58:12.454 [Test worker] DEBUG org.opensaml.core.xml.io.UnmarshallerFactory - Registering unmarshaller, org.opensaml.saml.saml2.metadata.impl.SingleLogoutServiceUnmarshaller, for object type, {urn:oasis:names:tc:SAML:2.0:metadata}SingleLogoutService
14:58:12.454 [Test worker] DEBUG org.opensaml.core.xml.config.XMLConfigurator - {urn:oasis:names:tc:SAML:2.0:metadata}SingleLogoutService intialized and configuration cached
14:58:12.454 [Test worker] DEBUG org.opensaml.core.xml.config.XMLConfigurator - Initializing object provider {urn:oasis:names:tc:SAML:2.0:metadata}SingleSignOnService
14:58:12.454 [Test worker] DEBUG org.opensaml.core.xml.config.XMLObjectProviderRegistry - Registering new builder, marshaller, and unmarshaller for {urn:oasis:names:tc:SAML:2.0:metadata}SingleSignOnService
14:58:12.454 [Test worker] DEBUG org.opensaml.core.xml.XMLObjectBuilderFactory - Registering builder org.opensaml.saml.saml2.metadata.impl.SingleSignOnServiceBuilder under key {urn:oasis:names:tc:SAML:2.0:metadata}SingleSignOnService
14:58:12.454 [Test worker] DEBUG org.opensaml.core.xml.io.MarshallerFactory - Registering marshaller, org.opensaml.saml.saml2.metadata.impl.SingleSignOnServiceMarshaller, for object type {urn:oasis:names:tc:SAML:2.0:metadata}SingleSignOnService
14:58:12.454 [Test worker] DEBUG org.opensaml.core.xml.io.UnmarshallerFactory - Registering unmarshaller, org.opensaml.saml.saml2.metadata.impl.SingleSignOnServiceUnmarshaller, for object type, {urn:oasis:names:tc:SAML:2.0:metadata}SingleSignOnService
14:58:12.454 [Test worker] DEBUG org.opensaml.core.xml.config.XMLConfigurator - {urn:oasis:names:tc:SAML:2.0:metadata}SingleSignOnService intialized and configuration cached
14:58:12.454 [Test worker] DEBUG org.opensaml.core.xml.config.XMLConfigurator - Initializing object provider {urn:oasis:names:tc:SAML:2.0:metadata}SPSSODescriptor
14:58:12.454 [Test worker] DEBUG org.opensaml.core.xml.config.XMLObjectProviderRegistry - Registering new builder, marshaller, and unmarshaller for {urn:oasis:names:tc:SAML:2.0:metadata}SPSSODescriptor
14:58:12.454 [Test worker] DEBUG org.opensaml.core.xml.XMLObjectBuilderFactory - Registering builder org.opensaml.saml.saml2.metadata.impl.SPSSODescriptorBuilder under key {urn:oasis:names:tc:SAML:2.0:metadata}SPSSODescriptor
14:58:12.454 [Test worker] DEBUG org.opensaml.core.xml.io.MarshallerFactory - Registering marshaller, org.opensaml.saml.saml2.metadata.impl.SPSSODescriptorMarshaller, for object type {urn:oasis:names:tc:SAML:2.0:metadata}SPSSODescriptor
14:58:12.454 [Test worker] DEBUG org.opensaml.core.xml.io.UnmarshallerFactory - Registering unmarshaller, org.opensaml.saml.saml2.metadata.impl.SPSSODescriptorUnmarshaller, for object type, {urn:oasis:names:tc:SAML:2.0:metadata}SPSSODescriptor
14:58:12.454 [Test worker] DEBUG org.opensaml.core.xml.config.XMLConfigurator - {urn:oasis:names:tc:SAML:2.0:metadata}SPSSODescriptor intialized and configuration cached
14:58:12.454 [Test worker] DEBUG org.opensaml.core.xml.config.XMLConfigurator - Initializing object provider {urn:oasis:names:tc:SAML:2.0:metadata}SPSSODescriptorType
14:58:12.454 [Test worker] DEBUG org.opensaml.core.xml.config.XMLObjectProviderRegistry - Registering new builder, marshaller, and unmarshaller for {urn:oasis:names:tc:SAML:2.0:metadata}SPSSODescriptorType
14:58:12.454 [Test worker] DEBUG org.opensaml.core.xml.XMLObjectBuilderFactory - Registering builder org.opensaml.saml.saml2.metadata.impl.SPSSODescriptorBuilder under key {urn:oasis:names:tc:SAML:2.0:metadata}SPSSODescriptorType
14:58:12.454 [Test worker] DEBUG org.opensaml.core.xml.io.MarshallerFactory - Registering marshaller, org.opensaml.saml.saml2.metadata.impl.SPSSODescriptorMarshaller, for object type {urn:oasis:names:tc:SAML:2.0:metadata}SPSSODescriptorType
14:58:12.454 [Test worker] DEBUG org.opensaml.core.xml.io.UnmarshallerFactory - Registering unmarshaller, org.opensaml.saml.saml2.metadata.impl.SPSSODescriptorUnmarshaller, for object type, {urn:oasis:names:tc:SAML:2.0:metadata}SPSSODescriptorType
14:58:12.454 [Test worker] DEBUG org.opensaml.core.xml.config.XMLConfigurator - {urn:oasis:names:tc:SAML:2.0:metadata}SPSSODescriptorType intialized and configuration cached
14:58:12.455 [Test worker] DEBUG org.opensaml.core.xml.config.XMLConfigurator - Initializing object provider {urn:oasis:names:tc:SAML:2.0:metadata}SurName
14:58:12.455 [Test worker] DEBUG org.opensaml.core.xml.config.XMLObjectProviderRegistry - Registering new builder, marshaller, and unmarshaller for {urn:oasis:names:tc:SAML:2.0:metadata}SurName
14:58:12.455 [Test worker] DEBUG org.opensaml.core.xml.XMLObjectBuilderFactory - Registering builder org.opensaml.saml.saml2.metadata.impl.SurNameBuilder under key {urn:oasis:names:tc:SAML:2.0:metadata}SurName
14:58:12.455 [Test worker] DEBUG org.opensaml.core.xml.io.MarshallerFactory - Registering marshaller, org.opensaml.saml.saml2.metadata.impl.SurNameMarshaller, for object type {urn:oasis:names:tc:SAML:2.0:metadata}SurName
14:58:12.455 [Test worker] DEBUG org.opensaml.core.xml.io.UnmarshallerFactory - Registering unmarshaller, org.opensaml.saml.saml2.metadata.impl.SurNameUnmarshaller, for object type, {urn:oasis:names:tc:SAML:2.0:metadata}SurName
14:58:12.455 [Test worker] DEBUG org.opensaml.core.xml.config.XMLConfigurator - {urn:oasis:names:tc:SAML:2.0:metadata}SurName intialized and configuration cached
14:58:12.455 [Test worker] DEBUG org.opensaml.core.xml.config.XMLConfigurator - Initializing object provider {urn:oasis:names:tc:SAML:2.0:metadata}TelephoneNumber
14:58:12.455 [Test worker] DEBUG org.opensaml.core.xml.config.XMLObjectProviderRegistry - Registering new builder, marshaller, and unmarshaller for {urn:oasis:names:tc:SAML:2.0:metadata}TelephoneNumber
14:58:12.455 [Test worker] DEBUG org.opensaml.core.xml.XMLObjectBuilderFactory - Registering builder org.opensaml.saml.saml2.metadata.impl.TelephoneNumberBuilder under key {urn:oasis:names:tc:SAML:2.0:metadata}TelephoneNumber
14:58:12.455 [Test worker] DEBUG org.opensaml.core.xml.io.MarshallerFactory - Registering marshaller, org.opensaml.saml.saml2.metadata.impl.TelephoneNumberMarshaller, for object type {urn:oasis:names:tc:SAML:2.0:metadata}TelephoneNumber
14:58:12.455 [Test worker] DEBUG org.opensaml.core.xml.io.UnmarshallerFactory - Registering unmarshaller, org.opensaml.saml.saml2.metadata.impl.TelephoneNumberUnmarshaller, for object type, {urn:oasis:names:tc:SAML:2.0:metadata}TelephoneNumber
14:58:12.455 [Test worker] DEBUG org.opensaml.core.xml.config.XMLConfigurator - {urn:oasis:names:tc:SAML:2.0:metadata}TelephoneNumber intialized and configuration cached
14:58:12.455 [Test worker] DEBUG org.opensaml.core.xml.config.XMLConfigurator - ObjectProviders load complete
14:58:12.455 [Test worker] DEBUG org.opensaml.core.xml.config.AbstractXMLObjectProviderInitializer - Loading XMLObject provider configuration from resource 'saml2-metadata-idp-discovery-config.xml'
14:58:12.455 [Test worker] DEBUG org.opensaml.core.xml.config.XMLConfigurator - Loading configuration from XML Document
14:58:12.455 [Test worker] DEBUG org.opensaml.core.xml.config.XMLConfigurator - Schema validating configuration Document
14:58:12.456 [Test worker] DEBUG org.opensaml.core.xml.config.XMLConfigurator - Configuration document validated
14:58:12.456 [Test worker] DEBUG org.opensaml.core.xml.config.XMLConfigurator - Preparing to load ObjectProviders
14:58:12.456 [Test worker] DEBUG org.opensaml.core.xml.config.XMLConfigurator - Initializing object provider {urn:oasis:names:tc:SAML:profiles:SSO:idp-discovery-protocol}DiscoveryResponse
14:58:12.456 [Test worker] DEBUG org.opensaml.core.xml.config.XMLObjectProviderRegistry - Registering new builder, marshaller, and unmarshaller for {urn:oasis:names:tc:SAML:profiles:SSO:idp-discovery-protocol}DiscoveryResponse
14:58:12.456 [Test worker] DEBUG org.opensaml.core.xml.XMLObjectBuilderFactory - Registering builder org.opensaml.saml.ext.idpdisco.impl.DiscoveryResponseBuilder under key {urn:oasis:names:tc:SAML:profiles:SSO:idp-discovery-protocol}DiscoveryResponse
14:58:12.456 [Test worker] DEBUG org.opensaml.core.xml.io.MarshallerFactory - Registering marshaller, org.opensaml.saml.ext.idpdisco.impl.DiscoveryResponseMarshaller, for object type {urn:oasis:names:tc:SAML:profiles:SSO:idp-discovery-protocol}DiscoveryResponse
14:58:12.456 [Test worker] DEBUG org.opensaml.core.xml.io.UnmarshallerFactory - Registering unmarshaller, org.opensaml.saml.ext.idpdisco.impl.DiscoveryResponseUnmarshaller, for object type, {urn:oasis:names:tc:SAML:profiles:SSO:idp-discovery-protocol}DiscoveryResponse
14:58:12.456 [Test worker] DEBUG org.opensaml.core.xml.config.XMLConfigurator - {urn:oasis:names:tc:SAML:profiles:SSO:idp-discovery-protocol}DiscoveryResponse intialized and configuration cached
14:58:12.456 [Test worker] DEBUG org.opensaml.core.xml.config.XMLConfigurator - ObjectProviders load complete
14:58:12.456 [Test worker] DEBUG org.opensaml.core.xml.config.AbstractXMLObjectProviderInitializer - Loading XMLObject provider configuration from resource 'saml2-metadata-query-config.xml'
14:58:12.456 [Test worker] DEBUG org.opensaml.core.xml.config.XMLConfigurator - Loading configuration from XML Document
14:58:12.457 [Test worker] DEBUG org.opensaml.core.xml.config.XMLConfigurator - Schema validating configuration Document
14:58:12.457 [Test worker] DEBUG org.opensaml.core.xml.config.XMLConfigurator - Configuration document validated
14:58:12.457 [Test worker] DEBUG org.opensaml.core.xml.config.XMLConfigurator - Preparing to load ObjectProviders
14:58:12.457 [Test worker] DEBUG org.opensaml.core.xml.config.XMLConfigurator - Initializing object provider {urn:oasis:names:tc:SAML:metadata:ext:query}ActionNamespace
14:58:12.457 [Test worker] DEBUG org.opensaml.core.xml.config.XMLObjectProviderRegistry - Registering new builder, marshaller, and unmarshaller for {urn:oasis:names:tc:SAML:metadata:ext:query}ActionNamespace
14:58:12.457 [Test worker] DEBUG org.opensaml.core.xml.XMLObjectBuilderFactory - Registering builder org.opensaml.saml.ext.saml2mdquery.impl.ActionNamespaceBuilder under key {urn:oasis:names:tc:SAML:metadata:ext:query}ActionNamespace
14:58:12.457 [Test worker] DEBUG org.opensaml.core.xml.io.MarshallerFactory - Registering marshaller, org.opensaml.saml.ext.saml2mdquery.impl.ActionNamespaceMarshaller, for object type {urn:oasis:names:tc:SAML:metadata:ext:query}ActionNamespace
14:58:12.457 [Test worker] DEBUG org.opensaml.core.xml.io.UnmarshallerFactory - Registering unmarshaller, org.opensaml.saml.ext.saml2mdquery.impl.ActionNamespaceUnmarshaller, for object type, {urn:oasis:names:tc:SAML:metadata:ext:query}ActionNamespace
14:58:12.457 [Test worker] DEBUG org.opensaml.core.xml.config.XMLConfigurator - {urn:oasis:names:tc:SAML:metadata:ext:query}ActionNamespace intialized and configuration cached
14:58:12.457 [Test worker] DEBUG org.opensaml.core.xml.config.XMLConfigurator - Initializing object provider {urn:oasis:names:tc:SAML:metadata:ext:query}AttributeQueryDescriptorType
14:58:12.457 [Test worker] DEBUG org.opensaml.core.xml.config.XMLObjectProviderRegistry - Registering new builder, marshaller, and unmarshaller for {urn:oasis:names:tc:SAML:metadata:ext:query}AttributeQueryDescriptorType
14:58:12.457 [Test worker] DEBUG org.opensaml.core.xml.XMLObjectBuilderFactory - Registering builder org.opensaml.saml.ext.saml2mdquery.impl.AttributeQueryDescriptorTypeBuilder under key {urn:oasis:names:tc:SAML:metadata:ext:query}AttributeQueryDescriptorType
14:58:12.457 [Test worker] DEBUG org.opensaml.core.xml.io.MarshallerFactory - Registering marshaller, org.opensaml.saml.ext.saml2mdquery.impl.AttributeQueryDescriptorTypeMarshaller, for object type {urn:oasis:names:tc:SAML:metadata:ext:query}AttributeQueryDescriptorType
14:58:12.457 [Test worker] DEBUG org.opensaml.core.xml.io.UnmarshallerFactory - Registering unmarshaller, org.opensaml.saml.ext.saml2mdquery.impl.AttributeQueryDescriptorTypeUnmarshaller, for object type, {urn:oasis:names:tc:SAML:metadata:ext:query}AttributeQueryDescriptorType
14:58:12.457 [Test worker] DEBUG org.opensaml.core.xml.config.XMLConfigurator - {urn:oasis:names:tc:SAML:metadata:ext:query}AttributeQueryDescriptorType intialized and configuration cached
14:58:12.457 [Test worker] DEBUG org.opensaml.core.xml.config.XMLConfigurator - Initializing object provider {urn:oasis:names:tc:SAML:metadata:ext:query}AuthnQueryDescriptorType
14:58:12.457 [Test worker] DEBUG org.opensaml.core.xml.config.XMLObjectProviderRegistry - Registering new builder, marshaller, and unmarshaller for {urn:oasis:names:tc:SAML:metadata:ext:query}AuthnQueryDescriptorType
14:58:12.457 [Test worker] DEBUG org.opensaml.core.xml.XMLObjectBuilderFactory - Registering builder org.opensaml.saml.ext.saml2mdquery.impl.AuthnQueryDescriptorTypeBuilder under key {urn:oasis:names:tc:SAML:metadata:ext:query}AuthnQueryDescriptorType
14:58:12.457 [Test worker] DEBUG org.opensaml.core.xml.io.MarshallerFactory - Registering marshaller, org.opensaml.saml.ext.saml2mdquery.impl.AuthnQueryDescriptorTypeMarshaller, for object type {urn:oasis:names:tc:SAML:metadata:ext:query}AuthnQueryDescriptorType
14:58:12.457 [Test worker] DEBUG org.opensaml.core.xml.io.UnmarshallerFactory - Registering unmarshaller, org.opensaml.saml.ext.saml2mdquery.impl.AuthnQueryDescriptorTypeUnmarshaller, for object type, {urn:oasis:names:tc:SAML:metadata:ext:query}AuthnQueryDescriptorType
14:58:12.457 [Test worker] DEBUG org.opensaml.core.xml.config.XMLConfigurator - {urn:oasis:names:tc:SAML:metadata:ext:query}AuthnQueryDescriptorType intialized and configuration cached
14:58:12.457 [Test worker] DEBUG org.opensaml.core.xml.config.XMLConfigurator - Initializing object provider {urn:oasis:names:tc:SAML:metadata:ext:query}AuthzDecisionQueryDescriptorType
14:58:12.457 [Test worker] DEBUG org.opensaml.core.xml.config.XMLObjectProviderRegistry - Registering new builder, marshaller, and unmarshaller for {urn:oasis:names:tc:SAML:metadata:ext:query}AuthzDecisionQueryDescriptorType
14:58:12.457 [Test worker] DEBUG org.opensaml.core.xml.XMLObjectBuilderFactory - Registering builder org.opensaml.saml.ext.saml2mdquery.impl.AuthzDecisionQueryDescriptorTypeBuilder under key {urn:oasis:names:tc:SAML:metadata:ext:query}AuthzDecisionQueryDescriptorType
14:58:12.457 [Test worker] DEBUG org.opensaml.core.xml.io.MarshallerFactory - Registering marshaller, org.opensaml.saml.ext.saml2mdquery.impl.AuthzDecisionQueryDescriptorTypeMarshaller, for object type {urn:oasis:names:tc:SAML:metadata:ext:query}AuthzDecisionQueryDescriptorType
14:58:12.457 [Test worker] DEBUG org.opensaml.core.xml.io.UnmarshallerFactory - Registering unmarshaller, org.opensaml.saml.ext.saml2mdquery.impl.AuthzDecisionQueryDescriptorTypeUnmarshaller, for object type, {urn:oasis:names:tc:SAML:metadata:ext:query}AuthzDecisionQueryDescriptorType
14:58:12.457 [Test worker] DEBUG org.opensaml.core.xml.config.XMLConfigurator - {urn:oasis:names:tc:SAML:metadata:ext:query}AuthzDecisionQueryDescriptorType intialized and configuration cached
14:58:12.457 [Test worker] DEBUG org.opensaml.core.xml.config.XMLConfigurator - ObjectProviders load complete
14:58:12.457 [Test worker] DEBUG org.opensaml.core.xml.config.AbstractXMLObjectProviderInitializer - Loading XMLObject provider configuration from resource 'saml2-metadata-reqinit-config.xml'
14:58:12.458 [Test worker] DEBUG org.opensaml.core.xml.config.XMLConfigurator - Loading configuration from XML Document
14:58:12.458 [Test worker] DEBUG org.opensaml.core.xml.config.XMLConfigurator - Schema validating configuration Document
14:58:12.459 [Test worker] DEBUG org.opensaml.core.xml.config.XMLConfigurator - Configuration document validated
14:58:12.459 [Test worker] DEBUG org.opensaml.core.xml.config.XMLConfigurator - Preparing to load ObjectProviders
14:58:12.459 [Test worker] DEBUG org.opensaml.core.xml.config.XMLConfigurator - Initializing object provider {urn:oasis:names:tc:SAML:profiles:SSO:request-init}RequestInitiator
14:58:12.459 [Test worker] DEBUG org.opensaml.core.xml.config.XMLObjectProviderRegistry - Registering new builder, marshaller, and unmarshaller for {urn:oasis:names:tc:SAML:profiles:SSO:request-init}RequestInitiator
14:58:12.459 [Test worker] DEBUG org.opensaml.core.xml.XMLObjectBuilderFactory - Registering builder org.opensaml.saml.ext.saml2mdreqinit.impl.RequestInitiatorBuilder under key {urn:oasis:names:tc:SAML:profiles:SSO:request-init}RequestInitiator
14:58:12.459 [Test worker] DEBUG org.opensaml.core.xml.io.MarshallerFactory - Registering marshaller, org.opensaml.saml.ext.saml2mdreqinit.impl.RequestInitiatorMarshaller, for object type {urn:oasis:names:tc:SAML:profiles:SSO:request-init}RequestInitiator
14:58:12.459 [Test worker] DEBUG org.opensaml.core.xml.io.UnmarshallerFactory - Registering unmarshaller, org.opensaml.saml.ext.saml2mdreqinit.impl.RequestInitiatorUnmarshaller, for object type, {urn:oasis:names:tc:SAML:profiles:SSO:request-init}RequestInitiator
14:58:12.459 [Test worker] DEBUG org.opensaml.core.xml.config.XMLConfigurator - {urn:oasis:names:tc:SAML:profiles:SSO:request-init}RequestInitiator intialized and configuration cached
14:58:12.459 [Test worker] DEBUG org.opensaml.core.xml.config.XMLConfigurator - ObjectProviders load complete
14:58:12.459 [Test worker] DEBUG org.opensaml.core.xml.config.AbstractXMLObjectProviderInitializer - Loading XMLObject provider configuration from resource 'saml2-metadata-ui-config.xml'
14:58:12.460 [Test worker] DEBUG org.opensaml.core.xml.config.XMLConfigurator - Loading configuration from XML Document
14:58:12.460 [Test worker] DEBUG org.opensaml.core.xml.config.XMLConfigurator - Schema validating configuration Document
14:58:12.461 [Test worker] DEBUG org.opensaml.core.xml.config.XMLConfigurator - Configuration document validated
14:58:12.461 [Test worker] DEBUG org.opensaml.core.xml.config.XMLConfigurator - Preparing to load ObjectProviders
14:58:12.461 [Test worker] DEBUG org.opensaml.core.xml.config.XMLConfigurator - Initializing object provider {urn:oasis:names:tc:SAML:metadata:ui}Description
14:58:12.461 [Test worker] DEBUG org.opensaml.core.xml.config.XMLObjectProviderRegistry - Registering new builder, marshaller, and unmarshaller for {urn:oasis:names:tc:SAML:metadata:ui}Description
14:58:12.461 [Test worker] DEBUG org.opensaml.core.xml.XMLObjectBuilderFactory - Registering builder org.opensaml.saml.ext.saml2mdui.impl.DescriptionBuilder under key {urn:oasis:names:tc:SAML:metadata:ui}Description
14:58:12.461 [Test worker] DEBUG org.opensaml.core.xml.io.MarshallerFactory - Registering marshaller, org.opensaml.saml.ext.saml2mdui.impl.DescriptionMarshaller, for object type {urn:oasis:names:tc:SAML:metadata:ui}Description
14:58:12.461 [Test worker] DEBUG org.opensaml.core.xml.io.UnmarshallerFactory - Registering unmarshaller, org.opensaml.saml.ext.saml2mdui.impl.DescriptionUnmarshaller, for object type, {urn:oasis:names:tc:SAML:metadata:ui}Description
14:58:12.461 [Test worker] DEBUG org.opensaml.core.xml.config.XMLConfigurator - {urn:oasis:names:tc:SAML:metadata:ui}Description intialized and configuration cached
14:58:12.461 [Test worker] DEBUG org.opensaml.core.xml.config.XMLConfigurator - Initializing object provider {urn:oasis:names:tc:SAML:metadata:ui}DiscoHints
14:58:12.461 [Test worker] DEBUG org.opensaml.core.xml.config.XMLObjectProviderRegistry - Registering new builder, marshaller, and unmarshaller for {urn:oasis:names:tc:SAML:metadata:ui}DiscoHints
14:58:12.461 [Test worker] DEBUG org.opensaml.core.xml.XMLObjectBuilderFactory - Registering builder org.opensaml.saml.ext.saml2mdui.impl.DiscoHintsBuilder under key {urn:oasis:names:tc:SAML:metadata:ui}DiscoHints
14:58:12.461 [Test worker] DEBUG org.opensaml.core.xml.io.MarshallerFactory - Registering marshaller, org.opensaml.saml.ext.saml2mdui.impl.DiscoHintsMarshaller, for object type {urn:oasis:names:tc:SAML:metadata:ui}DiscoHints
14:58:12.461 [Test worker] DEBUG org.opensaml.core.xml.io.UnmarshallerFactory - Registering unmarshaller, org.opensaml.saml.ext.saml2mdui.impl.DiscoHintsUnmarshaller, for object type, {urn:oasis:names:tc:SAML:metadata:ui}DiscoHints
14:58:12.461 [Test worker] DEBUG org.opensaml.core.xml.config.XMLConfigurator - {urn:oasis:names:tc:SAML:metadata:ui}DiscoHints intialized and configuration cached
14:58:12.461 [Test worker] DEBUG org.opensaml.core.xml.config.XMLConfigurator - Initializing object provider {urn:oasis:names:tc:SAML:metadata:ui}DiscoHintsType
14:58:12.461 [Test worker] DEBUG org.opensaml.core.xml.config.XMLObjectProviderRegistry - Registering new builder, marshaller, and unmarshaller for {urn:oasis:names:tc:SAML:metadata:ui}DiscoHintsType
14:58:12.461 [Test worker] DEBUG org.opensaml.core.xml.XMLObjectBuilderFactory - Registering builder org.opensaml.saml.ext.saml2mdui.impl.DiscoHintsBuilder under key {urn:oasis:names:tc:SAML:metadata:ui}DiscoHintsType
14:58:12.461 [Test worker] DEBUG org.opensaml.core.xml.io.MarshallerFactory - Registering marshaller, org.opensaml.saml.ext.saml2mdui.impl.DiscoHintsMarshaller, for object type {urn:oasis:names:tc:SAML:metadata:ui}DiscoHintsType
14:58:12.461 [Test worker] DEBUG org.opensaml.core.xml.io.UnmarshallerFactory - Registering unmarshaller, org.opensaml.saml.ext.saml2mdui.impl.DiscoHintsUnmarshaller, for object type, {urn:oasis:names:tc:SAML:metadata:ui}DiscoHintsType
14:58:12.461 [Test worker] DEBUG org.opensaml.core.xml.config.XMLConfigurator - {urn:oasis:names:tc:SAML:metadata:ui}DiscoHintsType intialized and configuration cached
14:58:12.461 [Test worker] DEBUG org.opensaml.core.xml.config.XMLConfigurator - Initializing object provider {urn:oasis:names:tc:SAML:metadata:ui}Keywords
14:58:12.461 [Test worker] DEBUG org.opensaml.core.xml.config.XMLObjectProviderRegistry - Registering new builder, marshaller, and unmarshaller for {urn:oasis:names:tc:SAML:metadata:ui}Keywords
14:58:12.461 [Test worker] DEBUG org.opensaml.core.xml.XMLObjectBuilderFactory - Registering builder org.opensaml.saml.ext.saml2mdui.impl.KeywordsBuilder under key {urn:oasis:names:tc:SAML:metadata:ui}Keywords
14:58:12.461 [Test worker] DEBUG org.opensaml.core.xml.io.MarshallerFactory - Registering marshaller, org.opensaml.saml.ext.saml2mdui.impl.KeywordsMarshaller, for object type {urn:oasis:names:tc:SAML:metadata:ui}Keywords
14:58:12.461 [Test worker] DEBUG org.opensaml.core.xml.io.UnmarshallerFactory - Registering unmarshaller, org.opensaml.saml.ext.saml2mdui.impl.KeywordsUnmarshaller, for object type, {urn:oasis:names:tc:SAML:metadata:ui}Keywords
14:58:12.461 [Test worker] DEBUG org.opensaml.core.xml.config.XMLConfigurator - {urn:oasis:names:tc:SAML:metadata:ui}Keywords intialized and configuration cached
14:58:12.461 [Test worker] DEBUG org.opensaml.core.xml.config.XMLConfigurator - Initializing object provider {urn:oasis:names:tc:SAML:metadata:ui}KeywordsType
14:58:12.461 [Test worker] DEBUG org.opensaml.core.xml.config.XMLObjectProviderRegistry - Registering new builder, marshaller, and unmarshaller for {urn:oasis:names:tc:SAML:metadata:ui}KeywordsType
14:58:12.461 [Test worker] DEBUG org.opensaml.core.xml.XMLObjectBuilderFactory - Registering builder org.opensaml.saml.ext.saml2mdui.impl.KeywordsBuilder under key {urn:oasis:names:tc:SAML:metadata:ui}KeywordsType
14:58:12.462 [Test worker] DEBUG org.opensaml.core.xml.io.MarshallerFactory - Registering marshaller, org.opensaml.saml.ext.saml2mdui.impl.KeywordsMarshaller, for object type {urn:oasis:names:tc:SAML:metadata:ui}KeywordsType
14:58:12.462 [Test worker] DEBUG org.opensaml.core.xml.io.UnmarshallerFactory - Registering unmarshaller, org.opensaml.saml.ext.saml2mdui.impl.KeywordsUnmarshaller, for object type, {urn:oasis:names:tc:SAML:metadata:ui}KeywordsType
14:58:12.462 [Test worker] DEBUG org.opensaml.core.xml.config.XMLConfigurator - {urn:oasis:names:tc:SAML:metadata:ui}KeywordsType intialized and configuration cached
14:58:12.462 [Test worker] DEBUG org.opensaml.core.xml.config.XMLConfigurator - Initializing object provider {urn:oasis:names:tc:SAML:metadata:ui}DisplayName
14:58:12.462 [Test worker] DEBUG org.opensaml.core.xml.config.XMLObjectProviderRegistry - Registering new builder, marshaller, and unmarshaller for {urn:oasis:names:tc:SAML:metadata:ui}DisplayName
14:58:12.462 [Test worker] DEBUG org.opensaml.core.xml.XMLObjectBuilderFactory - Registering builder org.opensaml.saml.ext.saml2mdui.impl.DisplayNameBuilder under key {urn:oasis:names:tc:SAML:metadata:ui}DisplayName
14:58:12.462 [Test worker] DEBUG org.opensaml.core.xml.io.MarshallerFactory - Registering marshaller, org.opensaml.saml.ext.saml2mdui.impl.DisplayNameMarshaller, for object type {urn:oasis:names:tc:SAML:metadata:ui}DisplayName
14:58:12.462 [Test worker] DEBUG org.opensaml.core.xml.io.UnmarshallerFactory - Registering unmarshaller, org.opensaml.saml.ext.saml2mdui.impl.DisplayNameUnmarshaller, for object type, {urn:oasis:names:tc:SAML:metadata:ui}DisplayName
14:58:12.462 [Test worker] DEBUG org.opensaml.core.xml.config.XMLConfigurator - {urn:oasis:names:tc:SAML:metadata:ui}DisplayName intialized and configuration cached
14:58:12.462 [Test worker] DEBUG org.opensaml.core.xml.config.XMLConfigurator - Initializing object provider {urn:oasis:names:tc:SAML:metadata:ui}DomainHint
14:58:12.462 [Test worker] DEBUG org.opensaml.core.xml.config.XMLObjectProviderRegistry - Registering new builder, marshaller, and unmarshaller for {urn:oasis:names:tc:SAML:metadata:ui}DomainHint
14:58:12.462 [Test worker] DEBUG org.opensaml.core.xml.XMLObjectBuilderFactory - Registering builder org.opensaml.saml.ext.saml2mdui.impl.DomainHintBuilder under key {urn:oasis:names:tc:SAML:metadata:ui}DomainHint
14:58:12.462 [Test worker] DEBUG org.opensaml.core.xml.io.MarshallerFactory - Registering marshaller, org.opensaml.saml.ext.saml2mdui.impl.DomainHintMarshaller, for object type {urn:oasis:names:tc:SAML:metadata:ui}DomainHint
14:58:12.462 [Test worker] DEBUG org.opensaml.core.xml.io.UnmarshallerFactory - Registering unmarshaller, org.opensaml.saml.ext.saml2mdui.impl.DomainHintUnmarshaller, for object type, {urn:oasis:names:tc:SAML:metadata:ui}DomainHint
14:58:12.462 [Test worker] DEBUG org.opensaml.core.xml.config.XMLConfigurator - {urn:oasis:names:tc:SAML:metadata:ui}DomainHint intialized and configuration cached
14:58:12.462 [Test worker] DEBUG org.opensaml.core.xml.config.XMLConfigurator - Initializing object provider {urn:oasis:names:tc:SAML:metadata:ui}GeolocationHint
14:58:12.462 [Test worker] DEBUG org.opensaml.core.xml.config.XMLObjectProviderRegistry - Registering new builder, marshaller, and unmarshaller for {urn:oasis:names:tc:SAML:metadata:ui}GeolocationHint
14:58:12.462 [Test worker] DEBUG org.opensaml.core.xml.XMLObjectBuilderFactory - Registering builder org.opensaml.saml.ext.saml2mdui.impl.GeolocationHintBuilder under key {urn:oasis:names:tc:SAML:metadata:ui}GeolocationHint
14:58:12.462 [Test worker] DEBUG org.opensaml.core.xml.io.MarshallerFactory - Registering marshaller, org.opensaml.saml.ext.saml2mdui.impl.GeolocationHintMarshaller, for object type {urn:oasis:names:tc:SAML:metadata:ui}GeolocationHint
14:58:12.462 [Test worker] DEBUG org.opensaml.core.xml.io.UnmarshallerFactory - Registering unmarshaller, org.opensaml.saml.ext.saml2mdui.impl.GeolocationHintUnmarshaller, for object type, {urn:oasis:names:tc:SAML:metadata:ui}GeolocationHint
14:58:12.462 [Test worker] DEBUG org.opensaml.core.xml.config.XMLConfigurator - {urn:oasis:names:tc:SAML:metadata:ui}GeolocationHint intialized and configuration cached
14:58:12.462 [Test worker] DEBUG org.opensaml.core.xml.config.XMLConfigurator - Initializing object provider {urn:oasis:names:tc:SAML:metadata:ui}InformationURL
14:58:12.462 [Test worker] DEBUG org.opensaml.core.xml.config.XMLObjectProviderRegistry - Registering new builder, marshaller, and unmarshaller for {urn:oasis:names:tc:SAML:metadata:ui}InformationURL
14:58:12.462 [Test worker] DEBUG org.opensaml.core.xml.XMLObjectBuilderFactory - Registering builder org.opensaml.saml.ext.saml2mdui.impl.InformationURLBuilder under key {urn:oasis:names:tc:SAML:metadata:ui}InformationURL
14:58:12.462 [Test worker] DEBUG org.opensaml.core.xml.io.MarshallerFactory - Registering marshaller, org.opensaml.saml.ext.saml2mdui.impl.InformationURLMarshaller, for object type {urn:oasis:names:tc:SAML:metadata:ui}InformationURL
14:58:12.462 [Test worker] DEBUG org.opensaml.core.xml.io.UnmarshallerFactory - Registering unmarshaller, org.opensaml.saml.ext.saml2mdui.impl.InformationURLUnmarshaller, for object type, {urn:oasis:names:tc:SAML:metadata:ui}InformationURL
14:58:12.462 [Test worker] DEBUG org.opensaml.core.xml.config.XMLConfigurator - {urn:oasis:names:tc:SAML:metadata:ui}InformationURL intialized and configuration cached
14:58:12.462 [Test worker] DEBUG org.opensaml.core.xml.config.XMLConfigurator - Initializing object provider {urn:oasis:names:tc:SAML:metadata:ui}IPHint
14:58:12.462 [Test worker] DEBUG org.opensaml.core.xml.config.XMLObjectProviderRegistry - Registering new builder, marshaller, and unmarshaller for {urn:oasis:names:tc:SAML:metadata:ui}IPHint
14:58:12.462 [Test worker] DEBUG org.opensaml.core.xml.XMLObjectBuilderFactory - Registering builder org.opensaml.saml.ext.saml2mdui.impl.IPHintBuilder under key {urn:oasis:names:tc:SAML:metadata:ui}IPHint
14:58:12.462 [Test worker] DEBUG org.opensaml.core.xml.io.MarshallerFactory - Registering marshaller, org.opensaml.saml.ext.saml2mdui.impl.IPHintMarshaller, for object type {urn:oasis:names:tc:SAML:metadata:ui}IPHint
14:58:12.462 [Test worker] DEBUG org.opensaml.core.xml.io.UnmarshallerFactory - Registering unmarshaller, org.opensaml.saml.ext.saml2mdui.impl.IPHintUnmarshaller, for object type, {urn:oasis:names:tc:SAML:metadata:ui}IPHint
14:58:12.462 [Test worker] DEBUG org.opensaml.core.xml.config.XMLConfigurator - {urn:oasis:names:tc:SAML:metadata:ui}IPHint intialized and configuration cached
14:58:12.462 [Test worker] DEBUG org.opensaml.core.xml.config.XMLConfigurator - Initializing object provider {urn:oasis:names:tc:SAML:metadata:ui}Logo
14:58:12.462 [Test worker] DEBUG org.opensaml.core.xml.config.XMLObjectProviderRegistry - Registering new builder, marshaller, and unmarshaller for {urn:oasis:names:tc:SAML:metadata:ui}Logo
14:58:12.462 [Test worker] DEBUG org.opensaml.core.xml.XMLObjectBuilderFactory - Registering builder org.opensaml.saml.ext.saml2mdui.impl.LogoBuilder under key {urn:oasis:names:tc:SAML:metadata:ui}Logo
14:58:12.462 [Test worker] DEBUG org.opensaml.core.xml.io.MarshallerFactory - Registering marshaller, org.opensaml.saml.ext.saml2mdui.impl.LogoMarshaller, for object type {urn:oasis:names:tc:SAML:metadata:ui}Logo
14:58:12.462 [Test worker] DEBUG org.opensaml.core.xml.io.UnmarshallerFactory - Registering unmarshaller, org.opensaml.saml.ext.saml2mdui.impl.LogoUnmarshaller, for object type, {urn:oasis:names:tc:SAML:metadata:ui}Logo
14:58:12.462 [Test worker] DEBUG org.opensaml.core.xml.config.XMLConfigurator - {urn:oasis:names:tc:SAML:metadata:ui}Logo intialized and configuration cached
14:58:12.462 [Test worker] DEBUG org.opensaml.core.xml.config.XMLConfigurator - Initializing object provider {urn:oasis:names:tc:SAML:metadata:ui}LogoType
14:58:12.462 [Test worker] DEBUG org.opensaml.core.xml.config.XMLObjectProviderRegistry - Registering new builder, marshaller, and unmarshaller for {urn:oasis:names:tc:SAML:metadata:ui}LogoType
14:58:12.462 [Test worker] DEBUG org.opensaml.core.xml.XMLObjectBuilderFactory - Registering builder org.opensaml.saml.ext.saml2mdui.impl.LogoBuilder under key {urn:oasis:names:tc:SAML:metadata:ui}LogoType
14:58:12.462 [Test worker] DEBUG org.opensaml.core.xml.io.MarshallerFactory - Registering marshaller, org.opensaml.saml.ext.saml2mdui.impl.LogoMarshaller, for object type {urn:oasis:names:tc:SAML:metadata:ui}LogoType
14:58:12.462 [Test worker] DEBUG org.opensaml.core.xml.io.UnmarshallerFactory - Registering unmarshaller, org.opensaml.saml.ext.saml2mdui.impl.LogoUnmarshaller, for object type, {urn:oasis:names:tc:SAML:metadata:ui}LogoType
14:58:12.462 [Test worker] DEBUG org.opensaml.core.xml.config.XMLConfigurator - {urn:oasis:names:tc:SAML:metadata:ui}LogoType intialized and configuration cached
14:58:12.462 [Test worker] DEBUG org.opensaml.core.xml.config.XMLConfigurator - Initializing object provider {urn:oasis:names:tc:SAML:metadata:ui}PrivacyStatementURL
14:58:12.462 [Test worker] DEBUG org.opensaml.core.xml.config.XMLObjectProviderRegistry - Registering new builder, marshaller, and unmarshaller for {urn:oasis:names:tc:SAML:metadata:ui}PrivacyStatementURL
14:58:12.462 [Test worker] DEBUG org.opensaml.core.xml.XMLObjectBuilderFactory - Registering builder org.opensaml.saml.ext.saml2mdui.impl.PrivacyStatementURLBuilder under key {urn:oasis:names:tc:SAML:metadata:ui}PrivacyStatementURL
14:58:12.462 [Test worker] DEBUG org.opensaml.core.xml.io.MarshallerFactory - Registering marshaller, org.opensaml.saml.ext.saml2mdui.impl.PrivacyStatementURLMarshaller, for object type {urn:oasis:names:tc:SAML:metadata:ui}PrivacyStatementURL
14:58:12.462 [Test worker] DEBUG org.opensaml.core.xml.io.UnmarshallerFactory - Registering unmarshaller, org.opensaml.saml.ext.saml2mdui.impl.PrivacyStatementURLUnmarshaller, for object type, {urn:oasis:names:tc:SAML:metadata:ui}PrivacyStatementURL
14:58:12.462 [Test worker] DEBUG org.opensaml.core.xml.config.XMLConfigurator - {urn:oasis:names:tc:SAML:metadata:ui}PrivacyStatementURL intialized and configuration cached
14:58:12.462 [Test worker] DEBUG org.opensaml.core.xml.config.XMLConfigurator - Initializing object provider {urn:oasis:names:tc:SAML:metadata:ui}UIInfo
14:58:12.462 [Test worker] DEBUG org.opensaml.core.xml.config.XMLObjectProviderRegistry - Registering new builder, marshaller, and unmarshaller for {urn:oasis:names:tc:SAML:metadata:ui}UIInfo
14:58:12.462 [Test worker] DEBUG org.opensaml.core.xml.XMLObjectBuilderFactory - Registering builder org.opensaml.saml.ext.saml2mdui.impl.UIInfoBuilder under key {urn:oasis:names:tc:SAML:metadata:ui}UIInfo
14:58:12.462 [Test worker] DEBUG org.opensaml.core.xml.io.MarshallerFactory - Registering marshaller, org.opensaml.saml.ext.saml2mdui.impl.UIInfoMarshaller, for object type {urn:oasis:names:tc:SAML:metadata:ui}UIInfo
14:58:12.462 [Test worker] DEBUG org.opensaml.core.xml.io.UnmarshallerFactory - Registering unmarshaller, org.opensaml.saml.ext.saml2mdui.impl.UIInfoUnmarshaller, for object type, {urn:oasis:names:tc:SAML:metadata:ui}UIInfo
14:58:12.462 [Test worker] DEBUG org.opensaml.core.xml.config.XMLConfigurator - {urn:oasis:names:tc:SAML:metadata:ui}UIInfo intialized and configuration cached
14:58:12.462 [Test worker] DEBUG org.opensaml.core.xml.config.XMLConfigurator - Initializing object provider {urn:oasis:names:tc:SAML:metadata:ui}UIInfoType
14:58:12.462 [Test worker] DEBUG org.opensaml.core.xml.config.XMLObjectProviderRegistry - Registering new builder, marshaller, and unmarshaller for {urn:oasis:names:tc:SAML:metadata:ui}UIInfoType
14:58:12.462 [Test worker] DEBUG org.opensaml.core.xml.XMLObjectBuilderFactory - Registering builder org.opensaml.saml.ext.saml2mdui.impl.UIInfoBuilder under key {urn:oasis:names:tc:SAML:metadata:ui}UIInfoType
14:58:12.462 [Test worker] DEBUG org.opensaml.core.xml.io.MarshallerFactory - Registering marshaller, org.opensaml.saml.ext.saml2mdui.impl.UIInfoMarshaller, for object type {urn:oasis:names:tc:SAML:metadata:ui}UIInfoType
14:58:12.462 [Test worker] DEBUG org.opensaml.core.xml.io.UnmarshallerFactory - Registering unmarshaller, org.opensaml.saml.ext.saml2mdui.impl.UIInfoUnmarshaller, for object type, {urn:oasis:names:tc:SAML:metadata:ui}UIInfoType
14:58:12.462 [Test worker] DEBUG org.opensaml.core.xml.config.XMLConfigurator - {urn:oasis:names:tc:SAML:metadata:ui}UIInfoType intialized and configuration cached
14:58:12.462 [Test worker] DEBUG org.opensaml.core.xml.config.XMLConfigurator - ObjectProviders load complete
14:58:12.462 [Test worker] DEBUG org.opensaml.core.xml.config.AbstractXMLObjectProviderInitializer - Loading XMLObject provider configuration from resource 'saml2-metadata-rpi-config.xml'
14:58:12.463 [Test worker] DEBUG org.opensaml.core.xml.config.XMLConfigurator - Loading configuration from XML Document
14:58:12.464 [Test worker] DEBUG org.opensaml.core.xml.config.XMLConfigurator - Schema validating configuration Document
14:58:12.464 [Test worker] DEBUG org.opensaml.core.xml.config.XMLConfigurator - Configuration document validated
14:58:12.464 [Test worker] DEBUG org.opensaml.core.xml.config.XMLConfigurator - Preparing to load ObjectProviders
14:58:12.464 [Test worker] DEBUG org.opensaml.core.xml.config.XMLConfigurator - Initializing object provider {urn:oasis:names:tc:SAML:metadata:rpi}Publication
14:58:12.464 [Test worker] DEBUG org.opensaml.core.xml.config.XMLObjectProviderRegistry - Registering new builder, marshaller, and unmarshaller for {urn:oasis:names:tc:SAML:metadata:rpi}Publication
14:58:12.464 [Test worker] DEBUG org.opensaml.core.xml.XMLObjectBuilderFactory - Registering builder org.opensaml.saml.ext.saml2mdrpi.impl.PublicationBuilder under key {urn:oasis:names:tc:SAML:metadata:rpi}Publication
14:58:12.464 [Test worker] DEBUG org.opensaml.core.xml.io.MarshallerFactory - Registering marshaller, org.opensaml.saml.ext.saml2mdrpi.impl.PublicationMarshaller, for object type {urn:oasis:names:tc:SAML:metadata:rpi}Publication
14:58:12.464 [Test worker] DEBUG org.opensaml.core.xml.io.UnmarshallerFactory - Registering unmarshaller, org.opensaml.saml.ext.saml2mdrpi.impl.PublicationUnmarshaller, for object type, {urn:oasis:names:tc:SAML:metadata:rpi}Publication
14:58:12.464 [Test worker] DEBUG org.opensaml.core.xml.config.XMLConfigurator - {urn:oasis:names:tc:SAML:metadata:rpi}Publication intialized and configuration cached
14:58:12.464 [Test worker] DEBUG org.opensaml.core.xml.config.XMLConfigurator - Initializing object provider {urn:oasis:names:tc:SAML:metadata:rpi}PublicationType
14:58:12.464 [Test worker] DEBUG org.opensaml.core.xml.config.XMLObjectProviderRegistry - Registering new builder, marshaller, and unmarshaller for {urn:oasis:names:tc:SAML:metadata:rpi}PublicationType
14:58:12.464 [Test worker] DEBUG org.opensaml.core.xml.XMLObjectBuilderFactory - Registering builder org.opensaml.saml.ext.saml2mdrpi.impl.PublicationBuilder under key {urn:oasis:names:tc:SAML:metadata:rpi}PublicationType
14:58:12.464 [Test worker] DEBUG org.opensaml.core.xml.io.MarshallerFactory - Registering marshaller, org.opensaml.saml.ext.saml2mdrpi.impl.PublicationMarshaller, for object type {urn:oasis:names:tc:SAML:metadata:rpi}PublicationType
14:58:12.464 [Test worker] DEBUG org.opensaml.core.xml.io.UnmarshallerFactory - Registering unmarshaller, org.opensaml.saml.ext.saml2mdrpi.impl.PublicationUnmarshaller, for object type, {urn:oasis:names:tc:SAML:metadata:rpi}PublicationType
14:58:12.464 [Test worker] DEBUG org.opensaml.core.xml.config.XMLConfigurator - {urn:oasis:names:tc:SAML:metadata:rpi}PublicationType intialized and configuration cached
14:58:12.465 [Test worker] DEBUG org.opensaml.core.xml.config.XMLConfigurator - Initializing object provider {urn:oasis:names:tc:SAML:metadata:rpi}PublicationInfo
14:58:12.465 [Test worker] DEBUG org.opensaml.core.xml.config.XMLObjectProviderRegistry - Registering new builder, marshaller, and unmarshaller for {urn:oasis:names:tc:SAML:metadata:rpi}PublicationInfo
14:58:12.465 [Test worker] DEBUG org.opensaml.core.xml.XMLObjectBuilderFactory - Registering builder org.opensaml.saml.ext.saml2mdrpi.impl.PublicationInfoBuilder under key {urn:oasis:names:tc:SAML:metadata:rpi}PublicationInfo
14:58:12.465 [Test worker] DEBUG org.opensaml.core.xml.io.MarshallerFactory - Registering marshaller, org.opensaml.saml.ext.saml2mdrpi.impl.PublicationInfoMarshaller, for object type {urn:oasis:names:tc:SAML:metadata:rpi}PublicationInfo
14:58:12.465 [Test worker] DEBUG org.opensaml.core.xml.io.UnmarshallerFactory - Registering unmarshaller, org.opensaml.saml.ext.saml2mdrpi.impl.PublicationInfoUnmarshaller, for object type, {urn:oasis:names:tc:SAML:metadata:rpi}PublicationInfo
14:58:12.465 [Test worker] DEBUG org.opensaml.core.xml.config.XMLConfigurator - {urn:oasis:names:tc:SAML:metadata:rpi}PublicationInfo intialized and configuration cached
14:58:12.465 [Test worker] DEBUG org.opensaml.core.xml.config.XMLConfigurator - Initializing object provider {urn:oasis:names:tc:SAML:metadata:rpi}PublicationInfoType
14:58:12.465 [Test worker] DEBUG org.opensaml.core.xml.config.XMLObjectProviderRegistry - Registering new builder, marshaller, and unmarshaller for {urn:oasis:names:tc:SAML:metadata:rpi}PublicationInfoType
14:58:12.465 [Test worker] DEBUG org.opensaml.core.xml.XMLObjectBuilderFactory - Registering builder org.opensaml.saml.ext.saml2mdrpi.impl.PublicationInfoBuilder under key {urn:oasis:names:tc:SAML:metadata:rpi}PublicationInfoType
14:58:12.465 [Test worker] DEBUG org.opensaml.core.xml.io.MarshallerFactory - Registering marshaller, org.opensaml.saml.ext.saml2mdrpi.impl.PublicationInfoMarshaller, for object type {urn:oasis:names:tc:SAML:metadata:rpi}PublicationInfoType
14:58:12.465 [Test worker] DEBUG org.opensaml.core.xml.io.UnmarshallerFactory - Registering unmarshaller, org.opensaml.saml.ext.saml2mdrpi.impl.PublicationInfoUnmarshaller, for object type, {urn:oasis:names:tc:SAML:metadata:rpi}PublicationInfoType
14:58:12.465 [Test worker] DEBUG org.opensaml.core.xml.config.XMLConfigurator - {urn:oasis:names:tc:SAML:metadata:rpi}PublicationInfoType intialized and configuration cached
14:58:12.465 [Test worker] DEBUG org.opensaml.core.xml.config.XMLConfigurator - Initializing object provider {urn:oasis:names:tc:SAML:metadata:rpi}PublicationPath
14:58:12.465 [Test worker] DEBUG org.opensaml.core.xml.config.XMLObjectProviderRegistry - Registering new builder, marshaller, and unmarshaller for {urn:oasis:names:tc:SAML:metadata:rpi}PublicationPath
14:58:12.465 [Test worker] DEBUG org.opensaml.core.xml.XMLObjectBuilderFactory - Registering builder org.opensaml.saml.ext.saml2mdrpi.impl.PublicationPathBuilder under key {urn:oasis:names:tc:SAML:metadata:rpi}PublicationPath
14:58:12.465 [Test worker] DEBUG org.opensaml.core.xml.io.MarshallerFactory - Registering marshaller, org.opensaml.saml.ext.saml2mdrpi.impl.PublicationPathMarshaller, for object type {urn:oasis:names:tc:SAML:metadata:rpi}PublicationPath
14:58:12.465 [Test worker] DEBUG org.opensaml.core.xml.io.UnmarshallerFactory - Registering unmarshaller, org.opensaml.saml.ext.saml2mdrpi.impl.PublicationPathUnmarshaller, for object type, {urn:oasis:names:tc:SAML:metadata:rpi}PublicationPath
14:58:12.465 [Test worker] DEBUG org.opensaml.core.xml.config.XMLConfigurator - {urn:oasis:names:tc:SAML:metadata:rpi}PublicationPath intialized and configuration cached
14:58:12.465 [Test worker] DEBUG org.opensaml.core.xml.config.XMLConfigurator - Initializing object provider {urn:oasis:names:tc:SAML:metadata:rpi}PublicationPathType
14:58:12.465 [Test worker] DEBUG org.opensaml.core.xml.config.XMLObjectProviderRegistry - Registering new builder, marshaller, and unmarshaller for {urn:oasis:names:tc:SAML:metadata:rpi}PublicationPathType
14:58:12.465 [Test worker] DEBUG org.opensaml.core.xml.XMLObjectBuilderFactory - Registering builder org.opensaml.saml.ext.saml2mdrpi.impl.PublicationPathBuilder under key {urn:oasis:names:tc:SAML:metadata:rpi}PublicationPathType
14:58:12.465 [Test worker] DEBUG org.opensaml.core.xml.io.MarshallerFactory - Registering marshaller, org.opensaml.saml.ext.saml2mdrpi.impl.PublicationPathMarshaller, for object type {urn:oasis:names:tc:SAML:metadata:rpi}PublicationPathType
14:58:12.465 [Test worker] DEBUG org.opensaml.core.xml.io.UnmarshallerFactory - Registering unmarshaller, org.opensaml.saml.ext.saml2mdrpi.impl.PublicationPathUnmarshaller, for object type, {urn:oasis:names:tc:SAML:metadata:rpi}PublicationPathType
14:58:12.465 [Test worker] DEBUG org.opensaml.core.xml.config.XMLConfigurator - {urn:oasis:names:tc:SAML:metadata:rpi}PublicationPathType intialized and configuration cached
14:58:12.465 [Test worker] DEBUG org.opensaml.core.xml.config.XMLConfigurator - Initializing object provider {urn:oasis:names:tc:SAML:metadata:rpi}UsagePolicy
14:58:12.465 [Test worker] DEBUG org.opensaml.core.xml.config.XMLObjectProviderRegistry - Registering new builder, marshaller, and unmarshaller for {urn:oasis:names:tc:SAML:metadata:rpi}UsagePolicy
14:58:12.465 [Test worker] DEBUG org.opensaml.core.xml.XMLObjectBuilderFactory - Registering builder org.opensaml.saml.ext.saml2mdrpi.impl.UsagePolicyBuilder under key {urn:oasis:names:tc:SAML:metadata:rpi}UsagePolicy
14:58:12.465 [Test worker] DEBUG org.opensaml.core.xml.io.MarshallerFactory - Registering marshaller, org.opensaml.saml.ext.saml2mdrpi.impl.UsagePolicyMarshaller, for object type {urn:oasis:names:tc:SAML:metadata:rpi}UsagePolicy
14:58:12.465 [Test worker] DEBUG org.opensaml.core.xml.io.UnmarshallerFactory - Registering unmarshaller, org.opensaml.saml.ext.saml2mdrpi.impl.UsagePolicyUnmarshaller, for object type, {urn:oasis:names:tc:SAML:metadata:rpi}UsagePolicy
14:58:12.465 [Test worker] DEBUG org.opensaml.core.xml.config.XMLConfigurator - {urn:oasis:names:tc:SAML:metadata:rpi}UsagePolicy intialized and configuration cached
14:58:12.465 [Test worker] DEBUG org.opensaml.core.xml.config.XMLConfigurator - Initializing object provider {urn:oasis:names:tc:SAML:metadata:rpi}RegistrationPolicy
14:58:12.465 [Test worker] DEBUG org.opensaml.core.xml.config.XMLObjectProviderRegistry - Registering new builder, marshaller, and unmarshaller for {urn:oasis:names:tc:SAML:metadata:rpi}RegistrationPolicy
14:58:12.465 [Test worker] DEBUG org.opensaml.core.xml.XMLObjectBuilderFactory - Registering builder org.opensaml.saml.ext.saml2mdrpi.impl.RegistrationPolicyBuilder under key {urn:oasis:names:tc:SAML:metadata:rpi}RegistrationPolicy
14:58:12.465 [Test worker] DEBUG org.opensaml.core.xml.io.MarshallerFactory - Registering marshaller, org.opensaml.saml.ext.saml2mdrpi.impl.RegistrationPolicyMarshaller, for object type {urn:oasis:names:tc:SAML:metadata:rpi}RegistrationPolicy
14:58:12.465 [Test worker] DEBUG org.opensaml.core.xml.io.UnmarshallerFactory - Registering unmarshaller, org.opensaml.saml.ext.saml2mdrpi.impl.RegistrationPolicyUnmarshaller, for object type, {urn:oasis:names:tc:SAML:metadata:rpi}RegistrationPolicy
14:58:12.465 [Test worker] DEBUG org.opensaml.core.xml.config.XMLConfigurator - {urn:oasis:names:tc:SAML:metadata:rpi}RegistrationPolicy intialized and configuration cached
14:58:12.465 [Test worker] DEBUG org.opensaml.core.xml.config.XMLConfigurator - Initializing object provider {urn:oasis:names:tc:SAML:metadata:rpi}RegistrationInfo
14:58:12.465 [Test worker] DEBUG org.opensaml.core.xml.config.XMLObjectProviderRegistry - Registering new builder, marshaller, and unmarshaller for {urn:oasis:names:tc:SAML:metadata:rpi}RegistrationInfo
14:58:12.465 [Test worker] DEBUG org.opensaml.core.xml.XMLObjectBuilderFactory - Registering builder org.opensaml.saml.ext.saml2mdrpi.impl.RegistrationInfoBuilder under key {urn:oasis:names:tc:SAML:metadata:rpi}RegistrationInfo
14:58:12.465 [Test worker] DEBUG org.opensaml.core.xml.io.MarshallerFactory - Registering marshaller, org.opensaml.saml.ext.saml2mdrpi.impl.RegistrationInfoMarshaller, for object type {urn:oasis:names:tc:SAML:metadata:rpi}RegistrationInfo
14:58:12.465 [Test worker] DEBUG org.opensaml.core.xml.io.UnmarshallerFactory - Registering unmarshaller, org.opensaml.saml.ext.saml2mdrpi.impl.RegistrationInfoUnmarshaller, for object type, {urn:oasis:names:tc:SAML:metadata:rpi}RegistrationInfo
14:58:12.465 [Test worker] DEBUG org.opensaml.core.xml.config.XMLConfigurator - {urn:oasis:names:tc:SAML:metadata:rpi}RegistrationInfo intialized and configuration cached
14:58:12.465 [Test worker] DEBUG org.opensaml.core.xml.config.XMLConfigurator - Initializing object provider {urn:oasis:names:tc:SAML:metadata:rpi}RegistrationInfoType
14:58:12.465 [Test worker] DEBUG org.opensaml.core.xml.config.XMLObjectProviderRegistry - Registering new builder, marshaller, and unmarshaller for {urn:oasis:names:tc:SAML:metadata:rpi}RegistrationInfoType
14:58:12.465 [Test worker] DEBUG org.opensaml.core.xml.XMLObjectBuilderFactory - Registering builder org.opensaml.saml.ext.saml2mdrpi.impl.RegistrationInfoBuilder under key {urn:oasis:names:tc:SAML:metadata:rpi}RegistrationInfoType
14:58:12.465 [Test worker] DEBUG org.opensaml.core.xml.io.MarshallerFactory - Registering marshaller, org.opensaml.saml.ext.saml2mdrpi.impl.RegistrationInfoMarshaller, for object type {urn:oasis:names:tc:SAML:metadata:rpi}RegistrationInfoType
14:58:12.465 [Test worker] DEBUG org.opensaml.core.xml.io.UnmarshallerFactory - Registering unmarshaller, org.opensaml.saml.ext.saml2mdrpi.impl.RegistrationInfoUnmarshaller, for object type, {urn:oasis:names:tc:SAML:metadata:rpi}RegistrationInfoType
14:58:12.465 [Test worker] DEBUG org.opensaml.core.xml.config.XMLConfigurator - {urn:oasis:names:tc:SAML:metadata:rpi}RegistrationInfoType intialized and configuration cached
14:58:12.465 [Test worker] DEBUG org.opensaml.core.xml.config.XMLConfigurator - ObjectProviders load complete
14:58:12.465 [Test worker] DEBUG org.opensaml.core.xml.config.AbstractXMLObjectProviderInitializer - Loading XMLObject provider configuration from resource 'saml2-protocol-config.xml'
14:58:12.467 [Test worker] DEBUG org.opensaml.core.xml.config.XMLConfigurator - Loading configuration from XML Document
14:58:12.467 [Test worker] DEBUG org.opensaml.core.xml.config.XMLConfigurator - Schema validating configuration Document
14:58:12.468 [Test worker] DEBUG org.opensaml.core.xml.config.XMLConfigurator - Configuration document validated
14:58:12.468 [Test worker] DEBUG org.opensaml.core.xml.config.XMLConfigurator - Preparing to load ObjectProviders
14:58:12.468 [Test worker] DEBUG org.opensaml.core.xml.config.XMLConfigurator - Initializing object provider {urn:oasis:names:tc:SAML:2.0:protocol}Artifact
14:58:12.468 [Test worker] DEBUG org.opensaml.core.xml.config.XMLObjectProviderRegistry - Registering new builder, marshaller, and unmarshaller for {urn:oasis:names:tc:SAML:2.0:protocol}Artifact
14:58:12.468 [Test worker] DEBUG org.opensaml.core.xml.XMLObjectBuilderFactory - Registering builder org.opensaml.saml.saml2.core.impl.ArtifactBuilder under key {urn:oasis:names:tc:SAML:2.0:protocol}Artifact
14:58:12.468 [Test worker] DEBUG org.opensaml.core.xml.io.MarshallerFactory - Registering marshaller, org.opensaml.saml.saml2.core.impl.ArtifactMarshaller, for object type {urn:oasis:names:tc:SAML:2.0:protocol}Artifact
14:58:12.468 [Test worker] DEBUG org.opensaml.core.xml.io.UnmarshallerFactory - Registering unmarshaller, org.opensaml.saml.saml2.core.impl.ArtifactUnmarshaller, for object type, {urn:oasis:names:tc:SAML:2.0:protocol}Artifact
14:58:12.468 [Test worker] DEBUG org.opensaml.core.xml.config.XMLConfigurator - {urn:oasis:names:tc:SAML:2.0:protocol}Artifact intialized and configuration cached
14:58:12.468 [Test worker] DEBUG org.opensaml.core.xml.config.XMLConfigurator - Initializing object provider {urn:oasis:names:tc:SAML:2.0:protocol}ArtifactResolve
14:58:12.468 [Test worker] DEBUG org.opensaml.core.xml.config.XMLObjectProviderRegistry - Registering new builder, marshaller, and unmarshaller for {urn:oasis:names:tc:SAML:2.0:protocol}ArtifactResolve
14:58:12.468 [Test worker] DEBUG org.opensaml.core.xml.XMLObjectBuilderFactory - Registering builder org.opensaml.saml.saml2.core.impl.ArtifactResolveBuilder under key {urn:oasis:names:tc:SAML:2.0:protocol}ArtifactResolve
14:58:12.468 [Test worker] DEBUG org.opensaml.core.xml.io.MarshallerFactory - Registering marshaller, org.opensaml.saml.saml2.core.impl.ArtifactResolveMarshaller, for object type {urn:oasis:names:tc:SAML:2.0:protocol}ArtifactResolve
14:58:12.468 [Test worker] DEBUG org.opensaml.core.xml.io.UnmarshallerFactory - Registering unmarshaller, org.opensaml.saml.saml2.core.impl.ArtifactResolveUnmarshaller, for object type, {urn:oasis:names:tc:SAML:2.0:protocol}ArtifactResolve
14:58:12.468 [Test worker] DEBUG org.opensaml.core.xml.config.XMLConfigurator - {urn:oasis:names:tc:SAML:2.0:protocol}ArtifactResolve intialized and configuration cached
14:58:12.468 [Test worker] DEBUG org.opensaml.core.xml.config.XMLConfigurator - Initializing object provider {urn:oasis:names:tc:SAML:2.0:protocol}ArtifactResolveType
14:58:12.468 [Test worker] DEBUG org.opensaml.core.xml.config.XMLObjectProviderRegistry - Registering new builder, marshaller, and unmarshaller for {urn:oasis:names:tc:SAML:2.0:protocol}ArtifactResolveType
14:58:12.468 [Test worker] DEBUG org.opensaml.core.xml.XMLObjectBuilderFactory - Registering builder org.opensaml.saml.saml2.core.impl.ArtifactResolveBuilder under key {urn:oasis:names:tc:SAML:2.0:protocol}ArtifactResolveType
14:58:12.468 [Test worker] DEBUG org.opensaml.core.xml.io.MarshallerFactory - Registering marshaller, org.opensaml.saml.saml2.core.impl.ArtifactResolveMarshaller, for object type {urn:oasis:names:tc:SAML:2.0:protocol}ArtifactResolveType
14:58:12.468 [Test worker] DEBUG org.opensaml.core.xml.io.UnmarshallerFactory - Registering unmarshaller, org.opensaml.saml.saml2.core.impl.ArtifactResolveUnmarshaller, for object type, {urn:oasis:names:tc:SAML:2.0:protocol}ArtifactResolveType
14:58:12.468 [Test worker] DEBUG org.opensaml.core.xml.config.XMLConfigurator - {urn:oasis:names:tc:SAML:2.0:protocol}ArtifactResolveType intialized and configuration cached
14:58:12.469 [Test worker] DEBUG org.opensaml.core.xml.config.XMLConfigurator - Initializing object provider {urn:oasis:names:tc:SAML:2.0:protocol}ArtifactResponse
14:58:12.469 [Test worker] DEBUG org.opensaml.core.xml.config.XMLObjectProviderRegistry - Registering new builder, marshaller, and unmarshaller for {urn:oasis:names:tc:SAML:2.0:protocol}ArtifactResponse
14:58:12.469 [Test worker] DEBUG org.opensaml.core.xml.XMLObjectBuilderFactory - Registering builder org.opensaml.saml.saml2.core.impl.ArtifactResponseBuilder under key {urn:oasis:names:tc:SAML:2.0:protocol}ArtifactResponse
14:58:12.469 [Test worker] DEBUG org.opensaml.core.xml.io.MarshallerFactory - Registering marshaller, org.opensaml.saml.saml2.core.impl.ArtifactResponseMarshaller, for object type {urn:oasis:names:tc:SAML:2.0:protocol}ArtifactResponse
14:58:12.469 [Test worker] DEBUG org.opensaml.core.xml.io.UnmarshallerFactory - Registering unmarshaller, org.opensaml.saml.saml2.core.impl.ArtifactResponseUnmarshaller, for object type, {urn:oasis:names:tc:SAML:2.0:protocol}ArtifactResponse
14:58:12.469 [Test worker] DEBUG org.opensaml.core.xml.config.XMLConfigurator - {urn:oasis:names:tc:SAML:2.0:protocol}ArtifactResponse intialized and configuration cached
14:58:12.469 [Test worker] DEBUG org.opensaml.core.xml.config.XMLConfigurator - Initializing object provider {urn:oasis:names:tc:SAML:2.0:protocol}ArtifactResponseType
14:58:12.469 [Test worker] DEBUG org.opensaml.core.xml.config.XMLObjectProviderRegistry - Registering new builder, marshaller, and unmarshaller for {urn:oasis:names:tc:SAML:2.0:protocol}ArtifactResponseType
14:58:12.469 [Test worker] DEBUG org.opensaml.core.xml.XMLObjectBuilderFactory - Registering builder org.opensaml.saml.saml2.core.impl.ArtifactResponseBuilder under key {urn:oasis:names:tc:SAML:2.0:protocol}ArtifactResponseType
14:58:12.469 [Test worker] DEBUG org.opensaml.core.xml.io.MarshallerFactory - Registering marshaller, org.opensaml.saml.saml2.core.impl.ArtifactResponseMarshaller, for object type {urn:oasis:names:tc:SAML:2.0:protocol}ArtifactResponseType
14:58:12.469 [Test worker] DEBUG org.opensaml.core.xml.io.UnmarshallerFactory - Registering unmarshaller, org.opensaml.saml.saml2.core.impl.ArtifactResponseUnmarshaller, for object type, {urn:oasis:names:tc:SAML:2.0:protocol}ArtifactResponseType
14:58:12.469 [Test worker] DEBUG org.opensaml.core.xml.config.XMLConfigurator - {urn:oasis:names:tc:SAML:2.0:protocol}ArtifactResponseType intialized and configuration cached
14:58:12.469 [Test worker] DEBUG org.opensaml.core.xml.config.XMLConfigurator - Initializing object provider {urn:oasis:names:tc:SAML:2.0:protocol}AssertionIDRequest
14:58:12.469 [Test worker] DEBUG org.opensaml.core.xml.config.XMLObjectProviderRegistry - Registering new builder, marshaller, and unmarshaller for {urn:oasis:names:tc:SAML:2.0:protocol}AssertionIDRequest
14:58:12.469 [Test worker] DEBUG org.opensaml.core.xml.XMLObjectBuilderFactory - Registering builder org.opensaml.saml.saml2.core.impl.AssertionIDRequestBuilder under key {urn:oasis:names:tc:SAML:2.0:protocol}AssertionIDRequest
14:58:12.469 [Test worker] DEBUG org.opensaml.core.xml.io.MarshallerFactory - Registering marshaller, org.opensaml.saml.saml2.core.impl.AssertionIDRequestMarshaller, for object type {urn:oasis:names:tc:SAML:2.0:protocol}AssertionIDRequest
14:58:12.469 [Test worker] DEBUG org.opensaml.core.xml.io.UnmarshallerFactory - Registering unmarshaller, org.opensaml.saml.saml2.core.impl.AssertionIDRequestUnmarshaller, for object type, {urn:oasis:names:tc:SAML:2.0:protocol}AssertionIDRequest
14:58:12.469 [Test worker] DEBUG org.opensaml.core.xml.config.XMLConfigurator - {urn:oasis:names:tc:SAML:2.0:protocol}AssertionIDRequest intialized and configuration cached
14:58:12.469 [Test worker] DEBUG org.opensaml.core.xml.config.XMLConfigurator - Initializing object provider {urn:oasis:names:tc:SAML:2.0:protocol}AssertionIDRequestType
14:58:12.469 [Test worker] DEBUG org.opensaml.core.xml.config.XMLObjectProviderRegistry - Registering new builder, marshaller, and unmarshaller for {urn:oasis:names:tc:SAML:2.0:protocol}AssertionIDRequestType
14:58:12.469 [Test worker] DEBUG org.opensaml.core.xml.XMLObjectBuilderFactory - Registering builder org.opensaml.saml.saml2.core.impl.AssertionIDRequestBuilder under key {urn:oasis:names:tc:SAML:2.0:protocol}AssertionIDRequestType
14:58:12.469 [Test worker] DEBUG org.opensaml.core.xml.io.MarshallerFactory - Registering marshaller, org.opensaml.saml.saml2.core.impl.AssertionIDRequestMarshaller, for object type {urn:oasis:names:tc:SAML:2.0:protocol}AssertionIDRequestType
14:58:12.469 [Test worker] DEBUG org.opensaml.core.xml.io.UnmarshallerFactory - Registering unmarshaller, org.opensaml.saml.saml2.core.impl.AssertionIDRequestUnmarshaller, for object type, {urn:oasis:names:tc:SAML:2.0:protocol}AssertionIDRequestType
14:58:12.469 [Test worker] DEBUG org.opensaml.core.xml.config.XMLConfigurator - {urn:oasis:names:tc:SAML:2.0:protocol}AssertionIDRequestType intialized and configuration cached
14:58:12.469 [Test worker] DEBUG org.opensaml.core.xml.config.XMLConfigurator - Initializing object provider {urn:oasis:names:tc:SAML:2.0:protocol}AttributeQuery
14:58:12.469 [Test worker] DEBUG org.opensaml.core.xml.config.XMLObjectProviderRegistry - Registering new builder, marshaller, and unmarshaller for {urn:oasis:names:tc:SAML:2.0:protocol}AttributeQuery
14:58:12.469 [Test worker] DEBUG org.opensaml.core.xml.XMLObjectBuilderFactory - Registering builder org.opensaml.saml.saml2.core.impl.AttributeQueryBuilder under key {urn:oasis:names:tc:SAML:2.0:protocol}AttributeQuery
14:58:12.469 [Test worker] DEBUG org.opensaml.core.xml.io.MarshallerFactory - Registering marshaller, org.opensaml.saml.saml2.core.impl.AttributeQueryMarshaller, for object type {urn:oasis:names:tc:SAML:2.0:protocol}AttributeQuery
14:58:12.469 [Test worker] DEBUG org.opensaml.core.xml.io.UnmarshallerFactory - Registering unmarshaller, org.opensaml.saml.saml2.core.impl.AttributeQueryUnmarshaller, for object type, {urn:oasis:names:tc:SAML:2.0:protocol}AttributeQuery
14:58:12.469 [Test worker] DEBUG org.opensaml.core.xml.config.XMLConfigurator - {urn:oasis:names:tc:SAML:2.0:protocol}AttributeQuery intialized and configuration cached
14:58:12.469 [Test worker] DEBUG org.opensaml.core.xml.config.XMLConfigurator - Initializing object provider {urn:oasis:names:tc:SAML:2.0:protocol}AttributeQueryType
14:58:12.469 [Test worker] DEBUG org.opensaml.core.xml.config.XMLObjectProviderRegistry - Registering new builder, marshaller, and unmarshaller for {urn:oasis:names:tc:SAML:2.0:protocol}AttributeQueryType
14:58:12.469 [Test worker] DEBUG org.opensaml.core.xml.XMLObjectBuilderFactory - Registering builder org.opensaml.saml.saml2.core.impl.AttributeQueryBuilder under key {urn:oasis:names:tc:SAML:2.0:protocol}AttributeQueryType
14:58:12.469 [Test worker] DEBUG org.opensaml.core.xml.io.MarshallerFactory - Registering marshaller, org.opensaml.saml.saml2.core.impl.AttributeQueryMarshaller, for object type {urn:oasis:names:tc:SAML:2.0:protocol}AttributeQueryType
14:58:12.469 [Test worker] DEBUG org.opensaml.core.xml.io.UnmarshallerFactory - Registering unmarshaller, org.opensaml.saml.saml2.core.impl.AttributeQueryUnmarshaller, for object type, {urn:oasis:names:tc:SAML:2.0:protocol}AttributeQueryType
14:58:12.469 [Test worker] DEBUG org.opensaml.core.xml.config.XMLConfigurator - {urn:oasis:names:tc:SAML:2.0:protocol}AttributeQueryType intialized and configuration cached
14:58:12.469 [Test worker] DEBUG org.opensaml.core.xml.config.XMLConfigurator - Initializing object provider {urn:oasis:names:tc:SAML:2.0:protocol}AuthnQuery
14:58:12.469 [Test worker] DEBUG org.opensaml.core.xml.config.XMLObjectProviderRegistry - Registering new builder, marshaller, and unmarshaller for {urn:oasis:names:tc:SAML:2.0:protocol}AuthnQuery
14:58:12.469 [Test worker] DEBUG org.opensaml.core.xml.XMLObjectBuilderFactory - Registering builder org.opensaml.saml.saml2.core.impl.AuthnQueryBuilder under key {urn:oasis:names:tc:SAML:2.0:protocol}AuthnQuery
14:58:12.469 [Test worker] DEBUG org.opensaml.core.xml.io.MarshallerFactory - Registering marshaller, org.opensaml.saml.saml2.core.impl.AuthnQueryMarshaller, for object type {urn:oasis:names:tc:SAML:2.0:protocol}AuthnQuery
14:58:12.469 [Test worker] DEBUG org.opensaml.core.xml.io.UnmarshallerFactory - Registering unmarshaller, org.opensaml.saml.saml2.core.impl.AuthnQueryUnmarshaller, for object type, {urn:oasis:names:tc:SAML:2.0:protocol}AuthnQuery
14:58:12.469 [Test worker] DEBUG org.opensaml.core.xml.config.XMLConfigurator - {urn:oasis:names:tc:SAML:2.0:protocol}AuthnQuery intialized and configuration cached
14:58:12.469 [Test worker] DEBUG org.opensaml.core.xml.config.XMLConfigurator - Initializing object provider {urn:oasis:names:tc:SAML:2.0:protocol}AuthnQueryType
14:58:12.469 [Test worker] DEBUG org.opensaml.core.xml.config.XMLObjectProviderRegistry - Registering new builder, marshaller, and unmarshaller for {urn:oasis:names:tc:SAML:2.0:protocol}AuthnQueryType
14:58:12.469 [Test worker] DEBUG org.opensaml.core.xml.XMLObjectBuilderFactory - Registering builder org.opensaml.saml.saml2.core.impl.AuthnQueryBuilder under key {urn:oasis:names:tc:SAML:2.0:protocol}AuthnQueryType
14:58:12.469 [Test worker] DEBUG org.opensaml.core.xml.io.MarshallerFactory - Registering marshaller, org.opensaml.saml.saml2.core.impl.AuthnQueryMarshaller, for object type {urn:oasis:names:tc:SAML:2.0:protocol}AuthnQueryType
14:58:12.469 [Test worker] DEBUG org.opensaml.core.xml.io.UnmarshallerFactory - Registering unmarshaller, org.opensaml.saml.saml2.core.impl.AuthnQueryUnmarshaller, for object type, {urn:oasis:names:tc:SAML:2.0:protocol}AuthnQueryType
14:58:12.469 [Test worker] DEBUG org.opensaml.core.xml.config.XMLConfigurator - {urn:oasis:names:tc:SAML:2.0:protocol}AuthnQueryType intialized and configuration cached
14:58:12.469 [Test worker] DEBUG org.opensaml.core.xml.config.XMLConfigurator - Initializing object provider {urn:oasis:names:tc:SAML:2.0:protocol}AuthnRequest
14:58:12.469 [Test worker] DEBUG org.opensaml.core.xml.config.XMLObjectProviderRegistry - Registering new builder, marshaller, and unmarshaller for {urn:oasis:names:tc:SAML:2.0:protocol}AuthnRequest
14:58:12.469 [Test worker] DEBUG org.opensaml.core.xml.XMLObjectBuilderFactory - Registering builder org.opensaml.saml.saml2.core.impl.AuthnRequestBuilder under key {urn:oasis:names:tc:SAML:2.0:protocol}AuthnRequest
14:58:12.469 [Test worker] DEBUG org.opensaml.core.xml.io.MarshallerFactory - Registering marshaller, org.opensaml.saml.saml2.core.impl.AuthnRequestMarshaller, for object type {urn:oasis:names:tc:SAML:2.0:protocol}AuthnRequest
14:58:12.469 [Test worker] DEBUG org.opensaml.core.xml.io.UnmarshallerFactory - Registering unmarshaller, org.opensaml.saml.saml2.core.impl.AuthnRequestUnmarshaller, for object type, {urn:oasis:names:tc:SAML:2.0:protocol}AuthnRequest
14:58:12.469 [Test worker] DEBUG org.opensaml.core.xml.config.XMLConfigurator - {urn:oasis:names:tc:SAML:2.0:protocol}AuthnRequest intialized and configuration cached
14:58:12.469 [Test worker] DEBUG org.opensaml.core.xml.config.XMLConfigurator - Initializing object provider {urn:oasis:names:tc:SAML:2.0:protocol}AuthnRequestType
14:58:12.469 [Test worker] DEBUG org.opensaml.core.xml.config.XMLObjectProviderRegistry - Registering new builder, marshaller, and unmarshaller for {urn:oasis:names:tc:SAML:2.0:protocol}AuthnRequestType
14:58:12.469 [Test worker] DEBUG org.opensaml.core.xml.XMLObjectBuilderFactory - Registering builder org.opensaml.saml.saml2.core.impl.AuthnRequestBuilder under key {urn:oasis:names:tc:SAML:2.0:protocol}AuthnRequestType
14:58:12.469 [Test worker] DEBUG org.opensaml.core.xml.io.MarshallerFactory - Registering marshaller, org.opensaml.saml.saml2.core.impl.AuthnRequestMarshaller, for object type {urn:oasis:names:tc:SAML:2.0:protocol}AuthnRequestType
14:58:12.469 [Test worker] DEBUG org.opensaml.core.xml.io.UnmarshallerFactory - Registering unmarshaller, org.opensaml.saml.saml2.core.impl.AuthnRequestUnmarshaller, for object type, {urn:oasis:names:tc:SAML:2.0:protocol}AuthnRequestType
14:58:12.469 [Test worker] DEBUG org.opensaml.core.xml.config.XMLConfigurator - {urn:oasis:names:tc:SAML:2.0:protocol}AuthnRequestType intialized and configuration cached
14:58:12.469 [Test worker] DEBUG org.opensaml.core.xml.config.XMLConfigurator - Initializing object provider {urn:oasis:names:tc:SAML:2.0:protocol}AuthzDecisionQuery
14:58:12.469 [Test worker] DEBUG org.opensaml.core.xml.config.XMLObjectProviderRegistry - Registering new builder, marshaller, and unmarshaller for {urn:oasis:names:tc:SAML:2.0:protocol}AuthzDecisionQuery
14:58:12.469 [Test worker] DEBUG org.opensaml.core.xml.XMLObjectBuilderFactory - Registering builder org.opensaml.saml.saml2.core.impl.AuthzDecisionQueryBuilder under key {urn:oasis:names:tc:SAML:2.0:protocol}AuthzDecisionQuery
14:58:12.469 [Test worker] DEBUG org.opensaml.core.xml.io.MarshallerFactory - Registering marshaller, org.opensaml.saml.saml2.core.impl.AuthzDecisionQueryMarshaller, for object type {urn:oasis:names:tc:SAML:2.0:protocol}AuthzDecisionQuery
14:58:12.469 [Test worker] DEBUG org.opensaml.core.xml.io.UnmarshallerFactory - Registering unmarshaller, org.opensaml.saml.saml2.core.impl.AuthzDecisionQueryUnmarshaller, for object type, {urn:oasis:names:tc:SAML:2.0:protocol}AuthzDecisionQuery
14:58:12.469 [Test worker] DEBUG org.opensaml.core.xml.config.XMLConfigurator - {urn:oasis:names:tc:SAML:2.0:protocol}AuthzDecisionQuery intialized and configuration cached
14:58:12.469 [Test worker] DEBUG org.opensaml.core.xml.config.XMLConfigurator - Initializing object provider {urn:oasis:names:tc:SAML:2.0:protocol}AuthzDecisionQueryType
14:58:12.469 [Test worker] DEBUG org.opensaml.core.xml.config.XMLObjectProviderRegistry - Registering new builder, marshaller, and unmarshaller for {urn:oasis:names:tc:SAML:2.0:protocol}AuthzDecisionQueryType
14:58:12.469 [Test worker] DEBUG org.opensaml.core.xml.XMLObjectBuilderFactory - Registering builder org.opensaml.saml.saml2.core.impl.AuthzDecisionQueryBuilder under key {urn:oasis:names:tc:SAML:2.0:protocol}AuthzDecisionQueryType
14:58:12.469 [Test worker] DEBUG org.opensaml.core.xml.io.MarshallerFactory - Registering marshaller, org.opensaml.saml.saml2.core.impl.AuthzDecisionQueryMarshaller, for object type {urn:oasis:names:tc:SAML:2.0:protocol}AuthzDecisionQueryType
14:58:12.469 [Test worker] DEBUG org.opensaml.core.xml.io.UnmarshallerFactory - Registering unmarshaller, org.opensaml.saml.saml2.core.impl.AuthzDecisionQueryUnmarshaller, for object type, {urn:oasis:names:tc:SAML:2.0:protocol}AuthzDecisionQueryType
14:58:12.470 [Test worker] DEBUG org.opensaml.core.xml.config.XMLConfigurator - {urn:oasis:names:tc:SAML:2.0:protocol}AuthzDecisionQueryType intialized and configuration cached
14:58:12.470 [Test worker] DEBUG org.opensaml.core.xml.config.XMLConfigurator - Initializing object provider {urn:oasis:names:tc:SAML:2.0:protocol}Extensions
14:58:12.470 [Test worker] DEBUG org.opensaml.core.xml.config.XMLObjectProviderRegistry - Registering new builder, marshaller, and unmarshaller for {urn:oasis:names:tc:SAML:2.0:protocol}Extensions
14:58:12.470 [Test worker] DEBUG org.opensaml.core.xml.XMLObjectBuilderFactory - Registering builder org.opensaml.saml.saml2.core.impl.ExtensionsBuilder under key {urn:oasis:names:tc:SAML:2.0:protocol}Extensions
14:58:12.470 [Test worker] DEBUG org.opensaml.core.xml.io.MarshallerFactory - Registering marshaller, org.opensaml.saml.saml2.core.impl.ExtensionsMarshaller, for object type {urn:oasis:names:tc:SAML:2.0:protocol}Extensions
14:58:12.470 [Test worker] DEBUG org.opensaml.core.xml.io.UnmarshallerFactory - Registering unmarshaller, org.opensaml.saml.saml2.core.impl.ExtensionsUnmarshaller, for object type, {urn:oasis:names:tc:SAML:2.0:protocol}Extensions
14:58:12.470 [Test worker] DEBUG org.opensaml.core.xml.config.XMLConfigurator - {urn:oasis:names:tc:SAML:2.0:protocol}Extensions intialized and configuration cached
14:58:12.470 [Test worker] DEBUG org.opensaml.core.xml.config.XMLConfigurator - Initializing object provider {urn:oasis:names:tc:SAML:2.0:protocol}ExtensionsType
14:58:12.470 [Test worker] DEBUG org.opensaml.core.xml.config.XMLObjectProviderRegistry - Registering new builder, marshaller, and unmarshaller for {urn:oasis:names:tc:SAML:2.0:protocol}ExtensionsType
14:58:12.470 [Test worker] DEBUG org.opensaml.core.xml.XMLObjectBuilderFactory - Registering builder org.opensaml.saml.saml2.core.impl.ExtensionsBuilder under key {urn:oasis:names:tc:SAML:2.0:protocol}ExtensionsType
14:58:12.470 [Test worker] DEBUG org.opensaml.core.xml.io.MarshallerFactory - Registering marshaller, org.opensaml.saml.saml2.core.impl.ExtensionsMarshaller, for object type {urn:oasis:names:tc:SAML:2.0:protocol}ExtensionsType
14:58:12.470 [Test worker] DEBUG org.opensaml.core.xml.io.UnmarshallerFactory - Registering unmarshaller, org.opensaml.saml.saml2.core.impl.ExtensionsUnmarshaller, for object type, {urn:oasis:names:tc:SAML:2.0:protocol}ExtensionsType
14:58:12.470 [Test worker] DEBUG org.opensaml.core.xml.config.XMLConfigurator - {urn:oasis:names:tc:SAML:2.0:protocol}ExtensionsType intialized and configuration cached
14:58:12.470 [Test worker] DEBUG org.opensaml.core.xml.config.XMLConfigurator - Initializing object provider {urn:oasis:names:tc:SAML:2.0:protocol}GetComplete
14:58:12.470 [Test worker] DEBUG org.opensaml.core.xml.config.XMLObjectProviderRegistry - Registering new builder, marshaller, and unmarshaller for {urn:oasis:names:tc:SAML:2.0:protocol}GetComplete
14:58:12.470 [Test worker] DEBUG org.opensaml.core.xml.XMLObjectBuilderFactory - Registering builder org.opensaml.saml.saml2.core.impl.GetCompleteBuilder under key {urn:oasis:names:tc:SAML:2.0:protocol}GetComplete
14:58:12.470 [Test worker] DEBUG org.opensaml.core.xml.io.MarshallerFactory - Registering marshaller, org.opensaml.saml.saml2.core.impl.GetCompleteMarshaller, for object type {urn:oasis:names:tc:SAML:2.0:protocol}GetComplete
14:58:12.470 [Test worker] DEBUG org.opensaml.core.xml.io.UnmarshallerFactory - Registering unmarshaller, org.opensaml.saml.saml2.core.impl.GetCompleteUnmarshaller, for object type, {urn:oasis:names:tc:SAML:2.0:protocol}GetComplete
14:58:12.470 [Test worker] DEBUG org.opensaml.core.xml.config.XMLConfigurator - {urn:oasis:names:tc:SAML:2.0:protocol}GetComplete intialized and configuration cached
14:58:12.470 [Test worker] DEBUG org.opensaml.core.xml.config.XMLConfigurator - Initializing object provider {urn:oasis:names:tc:SAML:2.0:protocol}IDPEntry
14:58:12.470 [Test worker] DEBUG org.opensaml.core.xml.config.XMLObjectProviderRegistry - Registering new builder, marshaller, and unmarshaller for {urn:oasis:names:tc:SAML:2.0:protocol}IDPEntry
14:58:12.470 [Test worker] DEBUG org.opensaml.core.xml.XMLObjectBuilderFactory - Registering builder org.opensaml.saml.saml2.core.impl.IDPEntryBuilder under key {urn:oasis:names:tc:SAML:2.0:protocol}IDPEntry
14:58:12.470 [Test worker] DEBUG org.opensaml.core.xml.io.MarshallerFactory - Registering marshaller, org.opensaml.saml.saml2.core.impl.IDPEntryMarshaller, for object type {urn:oasis:names:tc:SAML:2.0:protocol}IDPEntry
14:58:12.470 [Test worker] DEBUG org.opensaml.core.xml.io.UnmarshallerFactory - Registering unmarshaller, org.opensaml.saml.saml2.core.impl.IDPEntryUnmarshaller, for object type, {urn:oasis:names:tc:SAML:2.0:protocol}IDPEntry
14:58:12.470 [Test worker] DEBUG org.opensaml.core.xml.config.XMLConfigurator - {urn:oasis:names:tc:SAML:2.0:protocol}IDPEntry intialized and configuration cached
14:58:12.470 [Test worker] DEBUG org.opensaml.core.xml.config.XMLConfigurator - Initializing object provider {urn:oasis:names:tc:SAML:2.0:protocol}IDPEntryType
14:58:12.470 [Test worker] DEBUG org.opensaml.core.xml.config.XMLObjectProviderRegistry - Registering new builder, marshaller, and unmarshaller for {urn:oasis:names:tc:SAML:2.0:protocol}IDPEntryType
14:58:12.470 [Test worker] DEBUG org.opensaml.core.xml.XMLObjectBuilderFactory - Registering builder org.opensaml.saml.saml2.core.impl.IDPEntryBuilder under key {urn:oasis:names:tc:SAML:2.0:protocol}IDPEntryType
14:58:12.470 [Test worker] DEBUG org.opensaml.core.xml.io.MarshallerFactory - Registering marshaller, org.opensaml.saml.saml2.core.impl.IDPEntryMarshaller, for object type {urn:oasis:names:tc:SAML:2.0:protocol}IDPEntryType
14:58:12.470 [Test worker] DEBUG org.opensaml.core.xml.io.UnmarshallerFactory - Registering unmarshaller, org.opensaml.saml.saml2.core.impl.IDPEntryUnmarshaller, for object type, {urn:oasis:names:tc:SAML:2.0:protocol}IDPEntryType
14:58:12.470 [Test worker] DEBUG org.opensaml.core.xml.config.XMLConfigurator - {urn:oasis:names:tc:SAML:2.0:protocol}IDPEntryType intialized and configuration cached
14:58:12.470 [Test worker] DEBUG org.opensaml.core.xml.config.XMLConfigurator - Initializing object provider {urn:oasis:names:tc:SAML:2.0:protocol}IDPList
14:58:12.470 [Test worker] DEBUG org.opensaml.core.xml.config.XMLObjectProviderRegistry - Registering new builder, marshaller, and unmarshaller for {urn:oasis:names:tc:SAML:2.0:protocol}IDPList
14:58:12.470 [Test worker] DEBUG org.opensaml.core.xml.XMLObjectBuilderFactory - Registering builder org.opensaml.saml.saml2.core.impl.IDPListBuilder under key {urn:oasis:names:tc:SAML:2.0:protocol}IDPList
14:58:12.470 [Test worker] DEBUG org.opensaml.core.xml.io.MarshallerFactory - Registering marshaller, org.opensaml.saml.saml2.core.impl.IDPListMarshaller, for object type {urn:oasis:names:tc:SAML:2.0:protocol}IDPList
14:58:12.470 [Test worker] DEBUG org.opensaml.core.xml.io.UnmarshallerFactory - Registering unmarshaller, org.opensaml.saml.saml2.core.impl.IDPListUnmarshaller, for object type, {urn:oasis:names:tc:SAML:2.0:protocol}IDPList
14:58:12.470 [Test worker] DEBUG org.opensaml.core.xml.config.XMLConfigurator - {urn:oasis:names:tc:SAML:2.0:protocol}IDPList intialized and configuration cached
14:58:12.470 [Test worker] DEBUG org.opensaml.core.xml.config.XMLConfigurator - Initializing object provider {urn:oasis:names:tc:SAML:2.0:protocol}IDPListType
14:58:12.470 [Test worker] DEBUG org.opensaml.core.xml.config.XMLObjectProviderRegistry - Registering new builder, marshaller, and unmarshaller for {urn:oasis:names:tc:SAML:2.0:protocol}IDPListType
14:58:12.470 [Test worker] DEBUG org.opensaml.core.xml.XMLObjectBuilderFactory - Registering builder org.opensaml.saml.saml2.core.impl.IDPListBuilder under key {urn:oasis:names:tc:SAML:2.0:protocol}IDPListType
14:58:12.470 [Test worker] DEBUG org.opensaml.core.xml.io.MarshallerFactory - Registering marshaller, org.opensaml.saml.saml2.core.impl.IDPListMarshaller, for object type {urn:oasis:names:tc:SAML:2.0:protocol}IDPListType
14:58:12.470 [Test worker] DEBUG org.opensaml.core.xml.io.UnmarshallerFactory - Registering unmarshaller, org.opensaml.saml.saml2.core.impl.IDPListUnmarshaller, for object type, {urn:oasis:names:tc:SAML:2.0:protocol}IDPListType
14:58:12.470 [Test worker] DEBUG org.opensaml.core.xml.config.XMLConfigurator - {urn:oasis:names:tc:SAML:2.0:protocol}IDPListType intialized and configuration cached
14:58:12.470 [Test worker] DEBUG org.opensaml.core.xml.config.XMLConfigurator - Initializing object provider {urn:oasis:names:tc:SAML:2.0:protocol}LogoutRequest
14:58:12.470 [Test worker] DEBUG org.opensaml.core.xml.config.XMLObjectProviderRegistry - Registering new builder, marshaller, and unmarshaller for {urn:oasis:names:tc:SAML:2.0:protocol}LogoutRequest
14:58:12.470 [Test worker] DEBUG org.opensaml.core.xml.XMLObjectBuilderFactory - Registering builder org.opensaml.saml.saml2.core.impl.LogoutRequestBuilder under key {urn:oasis:names:tc:SAML:2.0:protocol}LogoutRequest
14:58:12.470 [Test worker] DEBUG org.opensaml.core.xml.io.MarshallerFactory - Registering marshaller, org.opensaml.saml.saml2.core.impl.LogoutRequestMarshaller, for object type {urn:oasis:names:tc:SAML:2.0:protocol}LogoutRequest
14:58:12.470 [Test worker] DEBUG org.opensaml.core.xml.io.UnmarshallerFactory - Registering unmarshaller, org.opensaml.saml.saml2.core.impl.LogoutRequestUnmarshaller, for object type, {urn:oasis:names:tc:SAML:2.0:protocol}LogoutRequest
14:58:12.470 [Test worker] DEBUG org.opensaml.core.xml.config.XMLConfigurator - {urn:oasis:names:tc:SAML:2.0:protocol}LogoutRequest intialized and configuration cached
14:58:12.470 [Test worker] DEBUG org.opensaml.core.xml.config.XMLConfigurator - Initializing object provider {urn:oasis:names:tc:SAML:2.0:protocol}LogoutRequestType
14:58:12.470 [Test worker] DEBUG org.opensaml.core.xml.config.XMLObjectProviderRegistry - Registering new builder, marshaller, and unmarshaller for {urn:oasis:names:tc:SAML:2.0:protocol}LogoutRequestType
14:58:12.470 [Test worker] DEBUG org.opensaml.core.xml.XMLObjectBuilderFactory - Registering builder org.opensaml.saml.saml2.core.impl.LogoutRequestBuilder under key {urn:oasis:names:tc:SAML:2.0:protocol}LogoutRequestType
14:58:12.470 [Test worker] DEBUG org.opensaml.core.xml.io.MarshallerFactory - Registering marshaller, org.opensaml.saml.saml2.core.impl.LogoutRequestMarshaller, for object type {urn:oasis:names:tc:SAML:2.0:protocol}LogoutRequestType
14:58:12.470 [Test worker] DEBUG org.opensaml.core.xml.io.UnmarshallerFactory - Registering unmarshaller, org.opensaml.saml.saml2.core.impl.LogoutRequestUnmarshaller, for object type, {urn:oasis:names:tc:SAML:2.0:protocol}LogoutRequestType
14:58:12.470 [Test worker] DEBUG org.opensaml.core.xml.config.XMLConfigurator - {urn:oasis:names:tc:SAML:2.0:protocol}LogoutRequestType intialized and configuration cached
14:58:12.470 [Test worker] DEBUG org.opensaml.core.xml.config.XMLConfigurator - Initializing object provider {urn:oasis:names:tc:SAML:2.0:protocol}LogoutResponse
14:58:12.470 [Test worker] DEBUG org.opensaml.core.xml.config.XMLObjectProviderRegistry - Registering new builder, marshaller, and unmarshaller for {urn:oasis:names:tc:SAML:2.0:protocol}LogoutResponse
14:58:12.470 [Test worker] DEBUG org.opensaml.core.xml.XMLObjectBuilderFactory - Registering builder org.opensaml.saml.saml2.core.impl.LogoutResponseBuilder under key {urn:oasis:names:tc:SAML:2.0:protocol}LogoutResponse
14:58:12.470 [Test worker] DEBUG org.opensaml.core.xml.io.MarshallerFactory - Registering marshaller, org.opensaml.saml.saml2.core.impl.LogoutResponseMarshaller, for object type {urn:oasis:names:tc:SAML:2.0:protocol}LogoutResponse
14:58:12.470 [Test worker] DEBUG org.opensaml.core.xml.io.UnmarshallerFactory - Registering unmarshaller, org.opensaml.saml.saml2.core.impl.LogoutResponseUnmarshaller, for object type, {urn:oasis:names:tc:SAML:2.0:protocol}LogoutResponse
14:58:12.470 [Test worker] DEBUG org.opensaml.core.xml.config.XMLConfigurator - {urn:oasis:names:tc:SAML:2.0:protocol}LogoutResponse intialized and configuration cached
14:58:12.470 [Test worker] DEBUG org.opensaml.core.xml.config.XMLConfigurator - Initializing object provider {urn:oasis:names:tc:SAML:2.0:protocol}LogoutResponseType
14:58:12.470 [Test worker] DEBUG org.opensaml.core.xml.config.XMLObjectProviderRegistry - Registering new builder, marshaller, and unmarshaller for {urn:oasis:names:tc:SAML:2.0:protocol}LogoutResponseType
14:58:12.470 [Test worker] DEBUG org.opensaml.core.xml.XMLObjectBuilderFactory - Registering builder org.opensaml.saml.saml2.core.impl.LogoutResponseBuilder under key {urn:oasis:names:tc:SAML:2.0:protocol}LogoutResponseType
14:58:12.470 [Test worker] DEBUG org.opensaml.core.xml.io.MarshallerFactory - Registering marshaller, org.opensaml.saml.saml2.core.impl.LogoutResponseMarshaller, for object type {urn:oasis:names:tc:SAML:2.0:protocol}LogoutResponseType
14:58:12.470 [Test worker] DEBUG org.opensaml.core.xml.io.UnmarshallerFactory - Registering unmarshaller, org.opensaml.saml.saml2.core.impl.LogoutResponseUnmarshaller, for object type, {urn:oasis:names:tc:SAML:2.0:protocol}LogoutResponseType
14:58:12.470 [Test worker] DEBUG org.opensaml.core.xml.config.XMLConfigurator - {urn:oasis:names:tc:SAML:2.0:protocol}LogoutResponseType intialized and configuration cached
14:58:12.470 [Test worker] DEBUG org.opensaml.core.xml.config.XMLConfigurator - Initializing object provider {urn:oasis:names:tc:SAML:2.0:protocol}ManageNameIDRequest
14:58:12.470 [Test worker] DEBUG org.opensaml.core.xml.config.XMLObjectProviderRegistry - Registering new builder, marshaller, and unmarshaller for {urn:oasis:names:tc:SAML:2.0:protocol}ManageNameIDRequest
14:58:12.470 [Test worker] DEBUG org.opensaml.core.xml.XMLObjectBuilderFactory - Registering builder org.opensaml.saml.saml2.core.impl.ManageNameIDRequestBuilder under key {urn:oasis:names:tc:SAML:2.0:protocol}ManageNameIDRequest
14:58:12.470 [Test worker] DEBUG org.opensaml.core.xml.io.MarshallerFactory - Registering marshaller, org.opensaml.saml.saml2.core.impl.ManageNameIDRequestMarshaller, for object type {urn:oasis:names:tc:SAML:2.0:protocol}ManageNameIDRequest
14:58:12.471 [Test worker] DEBUG org.opensaml.core.xml.io.UnmarshallerFactory - Registering unmarshaller, org.opensaml.saml.saml2.core.impl.ManageNameIDRequestUnmarshaller, for object type, {urn:oasis:names:tc:SAML:2.0:protocol}ManageNameIDRequest
14:58:12.471 [Test worker] DEBUG org.opensaml.core.xml.config.XMLConfigurator - {urn:oasis:names:tc:SAML:2.0:protocol}ManageNameIDRequest intialized and configuration cached
14:58:12.471 [Test worker] DEBUG org.opensaml.core.xml.config.XMLConfigurator - Initializing object provider {urn:oasis:names:tc:SAML:2.0:protocol}ManageNameIDRequestType
14:58:12.471 [Test worker] DEBUG org.opensaml.core.xml.config.XMLObjectProviderRegistry - Registering new builder, marshaller, and unmarshaller for {urn:oasis:names:tc:SAML:2.0:protocol}ManageNameIDRequestType
14:58:12.471 [Test worker] DEBUG org.opensaml.core.xml.XMLObjectBuilderFactory - Registering builder org.opensaml.saml.saml2.core.impl.ManageNameIDRequestBuilder under key {urn:oasis:names:tc:SAML:2.0:protocol}ManageNameIDRequestType
14:58:12.471 [Test worker] DEBUG org.opensaml.core.xml.io.MarshallerFactory - Registering marshaller, org.opensaml.saml.saml2.core.impl.ManageNameIDRequestMarshaller, for object type {urn:oasis:names:tc:SAML:2.0:protocol}ManageNameIDRequestType
14:58:12.471 [Test worker] DEBUG org.opensaml.core.xml.io.UnmarshallerFactory - Registering unmarshaller, org.opensaml.saml.saml2.core.impl.ManageNameIDRequestUnmarshaller, for object type, {urn:oasis:names:tc:SAML:2.0:protocol}ManageNameIDRequestType
14:58:12.471 [Test worker] DEBUG org.opensaml.core.xml.config.XMLConfigurator - {urn:oasis:names:tc:SAML:2.0:protocol}ManageNameIDRequestType intialized and configuration cached
14:58:12.471 [Test worker] DEBUG org.opensaml.core.xml.config.XMLConfigurator - Initializing object provider {urn:oasis:names:tc:SAML:2.0:protocol}ManageNameIDResponse
14:58:12.471 [Test worker] DEBUG org.opensaml.core.xml.config.XMLObjectProviderRegistry - Registering new builder, marshaller, and unmarshaller for {urn:oasis:names:tc:SAML:2.0:protocol}ManageNameIDResponse
14:58:12.471 [Test worker] DEBUG org.opensaml.core.xml.XMLObjectBuilderFactory - Registering builder org.opensaml.saml.saml2.core.impl.ManageNameIDResponseBuilder under key {urn:oasis:names:tc:SAML:2.0:protocol}ManageNameIDResponse
14:58:12.471 [Test worker] DEBUG org.opensaml.core.xml.io.MarshallerFactory - Registering marshaller, org.opensaml.saml.saml2.core.impl.ManageNameIDResponseMarshaller, for object type {urn:oasis:names:tc:SAML:2.0:protocol}ManageNameIDResponse
14:58:12.471 [Test worker] DEBUG org.opensaml.core.xml.io.UnmarshallerFactory - Registering unmarshaller, org.opensaml.saml.saml2.core.impl.ManageNameIDResponseUnmarshaller, for object type, {urn:oasis:names:tc:SAML:2.0:protocol}ManageNameIDResponse
14:58:12.471 [Test worker] DEBUG org.opensaml.core.xml.config.XMLConfigurator - {urn:oasis:names:tc:SAML:2.0:protocol}ManageNameIDResponse intialized and configuration cached
14:58:12.471 [Test worker] DEBUG org.opensaml.core.xml.config.XMLConfigurator - Initializing object provider {urn:oasis:names:tc:SAML:2.0:protocol}ManageNameIDResponseType
14:58:12.471 [Test worker] DEBUG org.opensaml.core.xml.config.XMLObjectProviderRegistry - Registering new builder, marshaller, and unmarshaller for {urn:oasis:names:tc:SAML:2.0:protocol}ManageNameIDResponseType
14:58:12.471 [Test worker] DEBUG org.opensaml.core.xml.XMLObjectBuilderFactory - Registering builder org.opensaml.saml.saml2.core.impl.ManageNameIDResponseBuilder under key {urn:oasis:names:tc:SAML:2.0:protocol}ManageNameIDResponseType
14:58:12.471 [Test worker] DEBUG org.opensaml.core.xml.io.MarshallerFactory - Registering marshaller, org.opensaml.saml.saml2.core.impl.ManageNameIDResponseMarshaller, for object type {urn:oasis:names:tc:SAML:2.0:protocol}ManageNameIDResponseType
14:58:12.471 [Test worker] DEBUG org.opensaml.core.xml.io.UnmarshallerFactory - Registering unmarshaller, org.opensaml.saml.saml2.core.impl.ManageNameIDResponseUnmarshaller, for object type, {urn:oasis:names:tc:SAML:2.0:protocol}ManageNameIDResponseType
14:58:12.471 [Test worker] DEBUG org.opensaml.core.xml.config.XMLConfigurator - {urn:oasis:names:tc:SAML:2.0:protocol}ManageNameIDResponseType intialized and configuration cached
14:58:12.471 [Test worker] DEBUG org.opensaml.core.xml.config.XMLConfigurator - Initializing object provider {urn:oasis:names:tc:SAML:2.0:protocol}NameIDMappingRequest
14:58:12.471 [Test worker] DEBUG org.opensaml.core.xml.config.XMLObjectProviderRegistry - Registering new builder, marshaller, and unmarshaller for {urn:oasis:names:tc:SAML:2.0:protocol}NameIDMappingRequest
14:58:12.471 [Test worker] DEBUG org.opensaml.core.xml.XMLObjectBuilderFactory - Registering builder org.opensaml.saml.saml2.core.impl.NameIDMappingRequestBuilder under key {urn:oasis:names:tc:SAML:2.0:protocol}NameIDMappingRequest
14:58:12.471 [Test worker] DEBUG org.opensaml.core.xml.io.MarshallerFactory - Registering marshaller, org.opensaml.saml.saml2.core.impl.NameIDMappingRequestMarshaller, for object type {urn:oasis:names:tc:SAML:2.0:protocol}NameIDMappingRequest
14:58:12.471 [Test worker] DEBUG org.opensaml.core.xml.io.UnmarshallerFactory - Registering unmarshaller, org.opensaml.saml.saml2.core.impl.NameIDMappingRequestUnmarshaller, for object type, {urn:oasis:names:tc:SAML:2.0:protocol}NameIDMappingRequest
14:58:12.471 [Test worker] DEBUG org.opensaml.core.xml.config.XMLConfigurator - {urn:oasis:names:tc:SAML:2.0:protocol}NameIDMappingRequest intialized and configuration cached
14:58:12.471 [Test worker] DEBUG org.opensaml.core.xml.config.XMLConfigurator - Initializing object provider {urn:oasis:names:tc:SAML:2.0:protocol}NameIDMappingRequestType
14:58:12.471 [Test worker] DEBUG org.opensaml.core.xml.config.XMLObjectProviderRegistry - Registering new builder, marshaller, and unmarshaller for {urn:oasis:names:tc:SAML:2.0:protocol}NameIDMappingRequestType
14:58:12.471 [Test worker] DEBUG org.opensaml.core.xml.XMLObjectBuilderFactory - Registering builder org.opensaml.saml.saml2.core.impl.NameIDMappingRequestBuilder under key {urn:oasis:names:tc:SAML:2.0:protocol}NameIDMappingRequestType
14:58:12.471 [Test worker] DEBUG org.opensaml.core.xml.io.MarshallerFactory - Registering marshaller, org.opensaml.saml.saml2.core.impl.NameIDMappingRequestMarshaller, for object type {urn:oasis:names:tc:SAML:2.0:protocol}NameIDMappingRequestType
14:58:12.471 [Test worker] DEBUG org.opensaml.core.xml.io.UnmarshallerFactory - Registering unmarshaller, org.opensaml.saml.saml2.core.impl.NameIDMappingRequestUnmarshaller, for object type, {urn:oasis:names:tc:SAML:2.0:protocol}NameIDMappingRequestType
14:58:12.471 [Test worker] DEBUG org.opensaml.core.xml.config.XMLConfigurator - {urn:oasis:names:tc:SAML:2.0:protocol}NameIDMappingRequestType intialized and configuration cached
14:58:12.471 [Test worker] DEBUG org.opensaml.core.xml.config.XMLConfigurator - Initializing object provider {urn:oasis:names:tc:SAML:2.0:protocol}NameIDMappingResponse
14:58:12.471 [Test worker] DEBUG org.opensaml.core.xml.config.XMLObjectProviderRegistry - Registering new builder, marshaller, and unmarshaller for {urn:oasis:names:tc:SAML:2.0:protocol}NameIDMappingResponse
14:58:12.471 [Test worker] DEBUG org.opensaml.core.xml.XMLObjectBuilderFactory - Registering builder org.opensaml.saml.saml2.core.impl.NameIDMappingResponseBuilder under key {urn:oasis:names:tc:SAML:2.0:protocol}NameIDMappingResponse
14:58:12.471 [Test worker] DEBUG org.opensaml.core.xml.io.MarshallerFactory - Registering marshaller, org.opensaml.saml.saml2.core.impl.NameIDMappingResponseMarshaller, for object type {urn:oasis:names:tc:SAML:2.0:protocol}NameIDMappingResponse
14:58:12.471 [Test worker] DEBUG org.opensaml.core.xml.io.UnmarshallerFactory - Registering unmarshaller, org.opensaml.saml.saml2.core.impl.NameIDMappingResponseUnmarshaller, for object type, {urn:oasis:names:tc:SAML:2.0:protocol}NameIDMappingResponse
14:58:12.471 [Test worker] DEBUG org.opensaml.core.xml.config.XMLConfigurator - {urn:oasis:names:tc:SAML:2.0:protocol}NameIDMappingResponse intialized and configuration cached
14:58:12.471 [Test worker] DEBUG org.opensaml.core.xml.config.XMLConfigurator - Initializing object provider {urn:oasis:names:tc:SAML:2.0:protocol}NameIDMappingResponseType
14:58:12.471 [Test worker] DEBUG org.opensaml.core.xml.config.XMLObjectProviderRegistry - Registering new builder, marshaller, and unmarshaller for {urn:oasis:names:tc:SAML:2.0:protocol}NameIDMappingResponseType
14:58:12.471 [Test worker] DEBUG org.opensaml.core.xml.XMLObjectBuilderFactory - Registering builder org.opensaml.saml.saml2.core.impl.NameIDMappingResponseBuilder under key {urn:oasis:names:tc:SAML:2.0:protocol}NameIDMappingResponseType
14:58:12.471 [Test worker] DEBUG org.opensaml.core.xml.io.MarshallerFactory - Registering marshaller, org.opensaml.saml.saml2.core.impl.NameIDMappingResponseMarshaller, for object type {urn:oasis:names:tc:SAML:2.0:protocol}NameIDMappingResponseType
14:58:12.471 [Test worker] DEBUG org.opensaml.core.xml.io.UnmarshallerFactory - Registering unmarshaller, org.opensaml.saml.saml2.core.impl.NameIDMappingResponseUnmarshaller, for object type, {urn:oasis:names:tc:SAML:2.0:protocol}NameIDMappingResponseType
14:58:12.471 [Test worker] DEBUG org.opensaml.core.xml.config.XMLConfigurator - {urn:oasis:names:tc:SAML:2.0:protocol}NameIDMappingResponseType intialized and configuration cached
14:58:12.471 [Test worker] DEBUG org.opensaml.core.xml.config.XMLConfigurator - Initializing object provider {urn:oasis:names:tc:SAML:2.0:protocol}NameIDPolicy
14:58:12.471 [Test worker] DEBUG org.opensaml.core.xml.config.XMLObjectProviderRegistry - Registering new builder, marshaller, and unmarshaller for {urn:oasis:names:tc:SAML:2.0:protocol}NameIDPolicy
14:58:12.471 [Test worker] DEBUG org.opensaml.core.xml.XMLObjectBuilderFactory - Registering builder org.opensaml.saml.saml2.core.impl.NameIDPolicyBuilder under key {urn:oasis:names:tc:SAML:2.0:protocol}NameIDPolicy
14:58:12.471 [Test worker] DEBUG org.opensaml.core.xml.io.MarshallerFactory - Registering marshaller, org.opensaml.saml.saml2.core.impl.NameIDPolicyMarshaller, for object type {urn:oasis:names:tc:SAML:2.0:protocol}NameIDPolicy
14:58:12.471 [Test worker] DEBUG org.opensaml.core.xml.io.UnmarshallerFactory - Registering unmarshaller, org.opensaml.saml.saml2.core.impl.NameIDPolicyUnmarshaller, for object type, {urn:oasis:names:tc:SAML:2.0:protocol}NameIDPolicy
14:58:12.471 [Test worker] DEBUG org.opensaml.core.xml.config.XMLConfigurator - {urn:oasis:names:tc:SAML:2.0:protocol}NameIDPolicy intialized and configuration cached
14:58:12.471 [Test worker] DEBUG org.opensaml.core.xml.config.XMLConfigurator - Initializing object provider {urn:oasis:names:tc:SAML:2.0:protocol}NameIDPolicyType
14:58:12.471 [Test worker] DEBUG org.opensaml.core.xml.config.XMLObjectProviderRegistry - Registering new builder, marshaller, and unmarshaller for {urn:oasis:names:tc:SAML:2.0:protocol}NameIDPolicyType
14:58:12.471 [Test worker] DEBUG org.opensaml.core.xml.XMLObjectBuilderFactory - Registering builder org.opensaml.saml.saml2.core.impl.NameIDPolicyBuilder under key {urn:oasis:names:tc:SAML:2.0:protocol}NameIDPolicyType
14:58:12.471 [Test worker] DEBUG org.opensaml.core.xml.io.MarshallerFactory - Registering marshaller, org.opensaml.saml.saml2.core.impl.NameIDPolicyMarshaller, for object type {urn:oasis:names:tc:SAML:2.0:protocol}NameIDPolicyType
14:58:12.471 [Test worker] DEBUG org.opensaml.core.xml.io.UnmarshallerFactory - Registering unmarshaller, org.opensaml.saml.saml2.core.impl.NameIDPolicyUnmarshaller, for object type, {urn:oasis:names:tc:SAML:2.0:protocol}NameIDPolicyType
14:58:12.471 [Test worker] DEBUG org.opensaml.core.xml.config.XMLConfigurator - {urn:oasis:names:tc:SAML:2.0:protocol}NameIDPolicyType intialized and configuration cached
14:58:12.471 [Test worker] DEBUG org.opensaml.core.xml.config.XMLConfigurator - Initializing object provider {urn:oasis:names:tc:SAML:2.0:protocol}NewEncryptedID
14:58:12.471 [Test worker] DEBUG org.opensaml.core.xml.config.XMLObjectProviderRegistry - Registering new builder, marshaller, and unmarshaller for {urn:oasis:names:tc:SAML:2.0:protocol}NewEncryptedID
14:58:12.471 [Test worker] DEBUG org.opensaml.core.xml.XMLObjectBuilderFactory - Registering builder org.opensaml.saml.saml2.core.impl.NewEncryptedIDBuilder under key {urn:oasis:names:tc:SAML:2.0:protocol}NewEncryptedID
14:58:12.471 [Test worker] DEBUG org.opensaml.core.xml.io.MarshallerFactory - Registering marshaller, org.opensaml.saml.saml2.core.impl.NewEncryptedIDMarshaller, for object type {urn:oasis:names:tc:SAML:2.0:protocol}NewEncryptedID
14:58:12.471 [Test worker] DEBUG org.opensaml.core.xml.io.UnmarshallerFactory - Registering unmarshaller, org.opensaml.saml.saml2.core.impl.NewEncryptedIDUnmarshaller, for object type, {urn:oasis:names:tc:SAML:2.0:protocol}NewEncryptedID
14:58:12.471 [Test worker] DEBUG org.opensaml.core.xml.config.XMLConfigurator - {urn:oasis:names:tc:SAML:2.0:protocol}NewEncryptedID intialized and configuration cached
14:58:12.471 [Test worker] DEBUG org.opensaml.core.xml.config.XMLConfigurator - Initializing object provider {urn:oasis:names:tc:SAML:2.0:protocol}NewID
14:58:12.471 [Test worker] DEBUG org.opensaml.core.xml.config.XMLObjectProviderRegistry - Registering new builder, marshaller, and unmarshaller for {urn:oasis:names:tc:SAML:2.0:protocol}NewID
14:58:12.471 [Test worker] DEBUG org.opensaml.core.xml.XMLObjectBuilderFactory - Registering builder org.opensaml.saml.saml2.core.impl.NewIDBuilder under key {urn:oasis:names:tc:SAML:2.0:protocol}NewID
14:58:12.471 [Test worker] DEBUG org.opensaml.core.xml.io.MarshallerFactory - Registering marshaller, org.opensaml.saml.saml2.core.impl.NewIDMarshaller, for object type {urn:oasis:names:tc:SAML:2.0:protocol}NewID
14:58:12.472 [Test worker] DEBUG org.opensaml.core.xml.io.UnmarshallerFactory - Registering unmarshaller, org.opensaml.saml.saml2.core.impl.NewIDUnmarshaller, for object type, {urn:oasis:names:tc:SAML:2.0:protocol}NewID
14:58:12.472 [Test worker] DEBUG org.opensaml.core.xml.config.XMLConfigurator - {urn:oasis:names:tc:SAML:2.0:protocol}NewID intialized and configuration cached
14:58:12.472 [Test worker] DEBUG org.opensaml.core.xml.config.XMLConfigurator - Initializing object provider {urn:oasis:names:tc:SAML:2.0:protocol}RequestedAuthnContext
14:58:12.472 [Test worker] DEBUG org.opensaml.core.xml.config.XMLObjectProviderRegistry - Registering new builder, marshaller, and unmarshaller for {urn:oasis:names:tc:SAML:2.0:protocol}RequestedAuthnContext
14:58:12.472 [Test worker] DEBUG org.opensaml.core.xml.XMLObjectBuilderFactory - Registering builder org.opensaml.saml.saml2.core.impl.RequestedAuthnContextBuilder under key {urn:oasis:names:tc:SAML:2.0:protocol}RequestedAuthnContext
14:58:12.472 [Test worker] DEBUG org.opensaml.core.xml.io.MarshallerFactory - Registering marshaller, org.opensaml.saml.saml2.core.impl.RequestedAuthnContextMarshaller, for object type {urn:oasis:names:tc:SAML:2.0:protocol}RequestedAuthnContext
14:58:12.472 [Test worker] DEBUG org.opensaml.core.xml.io.UnmarshallerFactory - Registering unmarshaller, org.opensaml.saml.saml2.core.impl.RequestedAuthnContextUnmarshaller, for object type, {urn:oasis:names:tc:SAML:2.0:protocol}RequestedAuthnContext
14:58:12.472 [Test worker] DEBUG org.opensaml.core.xml.config.XMLConfigurator - {urn:oasis:names:tc:SAML:2.0:protocol}RequestedAuthnContext intialized and configuration cached
14:58:12.472 [Test worker] DEBUG org.opensaml.core.xml.config.XMLConfigurator - Initializing object provider {urn:oasis:names:tc:SAML:2.0:protocol}RequestedAuthnContextType
14:58:12.472 [Test worker] DEBUG org.opensaml.core.xml.config.XMLObjectProviderRegistry - Registering new builder, marshaller, and unmarshaller for {urn:oasis:names:tc:SAML:2.0:protocol}RequestedAuthnContextType
14:58:12.472 [Test worker] DEBUG org.opensaml.core.xml.XMLObjectBuilderFactory - Registering builder org.opensaml.saml.saml2.core.impl.RequestedAuthnContextBuilder under key {urn:oasis:names:tc:SAML:2.0:protocol}RequestedAuthnContextType
14:58:12.472 [Test worker] DEBUG org.opensaml.core.xml.io.MarshallerFactory - Registering marshaller, org.opensaml.saml.saml2.core.impl.RequestedAuthnContextMarshaller, for object type {urn:oasis:names:tc:SAML:2.0:protocol}RequestedAuthnContextType
14:58:12.472 [Test worker] DEBUG org.opensaml.core.xml.io.UnmarshallerFactory - Registering unmarshaller, org.opensaml.saml.saml2.core.impl.RequestedAuthnContextUnmarshaller, for object type, {urn:oasis:names:tc:SAML:2.0:protocol}RequestedAuthnContextType
14:58:12.472 [Test worker] DEBUG org.opensaml.core.xml.config.XMLConfigurator - {urn:oasis:names:tc:SAML:2.0:protocol}RequestedAuthnContextType intialized and configuration cached
14:58:12.472 [Test worker] DEBUG org.opensaml.core.xml.config.XMLConfigurator - Initializing object provider {urn:oasis:names:tc:SAML:2.0:protocol}RequesterID
14:58:12.472 [Test worker] DEBUG org.opensaml.core.xml.config.XMLObjectProviderRegistry - Registering new builder, marshaller, and unmarshaller for {urn:oasis:names:tc:SAML:2.0:protocol}RequesterID
14:58:12.472 [Test worker] DEBUG org.opensaml.core.xml.XMLObjectBuilderFactory - Registering builder org.opensaml.saml.saml2.core.impl.RequesterIDBuilder under key {urn:oasis:names:tc:SAML:2.0:protocol}RequesterID
14:58:12.472 [Test worker] DEBUG org.opensaml.core.xml.io.MarshallerFactory - Registering marshaller, org.opensaml.saml.saml2.core.impl.RequesterIDMarshaller, for object type {urn:oasis:names:tc:SAML:2.0:protocol}RequesterID
14:58:12.472 [Test worker] DEBUG org.opensaml.core.xml.io.UnmarshallerFactory - Registering unmarshaller, org.opensaml.saml.saml2.core.impl.RequesterIDUnmarshaller, for object type, {urn:oasis:names:tc:SAML:2.0:protocol}RequesterID
14:58:12.472 [Test worker] DEBUG org.opensaml.core.xml.config.XMLConfigurator - {urn:oasis:names:tc:SAML:2.0:protocol}RequesterID intialized and configuration cached
14:58:12.472 [Test worker] DEBUG org.opensaml.core.xml.config.XMLConfigurator - Initializing object provider {urn:oasis:names:tc:SAML:2.0:protocol}Response
14:58:12.472 [Test worker] DEBUG org.opensaml.core.xml.config.XMLObjectProviderRegistry - Registering new builder, marshaller, and unmarshaller for {urn:oasis:names:tc:SAML:2.0:protocol}Response
14:58:12.472 [Test worker] DEBUG org.opensaml.core.xml.XMLObjectBuilderFactory - Registering builder org.opensaml.saml.saml2.core.impl.ResponseBuilder under key {urn:oasis:names:tc:SAML:2.0:protocol}Response
14:58:12.472 [Test worker] DEBUG org.opensaml.core.xml.io.MarshallerFactory - Registering marshaller, org.opensaml.saml.saml2.core.impl.ResponseMarshaller, for object type {urn:oasis:names:tc:SAML:2.0:protocol}Response
14:58:12.472 [Test worker] DEBUG org.opensaml.core.xml.io.UnmarshallerFactory - Registering unmarshaller, org.opensaml.saml.saml2.core.impl.ResponseUnmarshaller, for object type, {urn:oasis:names:tc:SAML:2.0:protocol}Response
14:58:12.472 [Test worker] DEBUG org.opensaml.core.xml.config.XMLConfigurator - {urn:oasis:names:tc:SAML:2.0:protocol}Response intialized and configuration cached
14:58:12.472 [Test worker] DEBUG org.opensaml.core.xml.config.XMLConfigurator - Initializing object provider {urn:oasis:names:tc:SAML:2.0:protocol}Scoping
14:58:12.472 [Test worker] DEBUG org.opensaml.core.xml.config.XMLObjectProviderRegistry - Registering new builder, marshaller, and unmarshaller for {urn:oasis:names:tc:SAML:2.0:protocol}Scoping
14:58:12.472 [Test worker] DEBUG org.opensaml.core.xml.XMLObjectBuilderFactory - Registering builder org.opensaml.saml.saml2.core.impl.ScopingBuilder under key {urn:oasis:names:tc:SAML:2.0:protocol}Scoping
14:58:12.472 [Test worker] DEBUG org.opensaml.core.xml.io.MarshallerFactory - Registering marshaller, org.opensaml.saml.saml2.core.impl.ScopingMarshaller, for object type {urn:oasis:names:tc:SAML:2.0:protocol}Scoping
14:58:12.472 [Test worker] DEBUG org.opensaml.core.xml.io.UnmarshallerFactory - Registering unmarshaller, org.opensaml.saml.saml2.core.impl.ScopingUnmarshaller, for object type, {urn:oasis:names:tc:SAML:2.0:protocol}Scoping
14:58:12.472 [Test worker] DEBUG org.opensaml.core.xml.config.XMLConfigurator - {urn:oasis:names:tc:SAML:2.0:protocol}Scoping intialized and configuration cached
14:58:12.472 [Test worker] DEBUG org.opensaml.core.xml.config.XMLConfigurator - Initializing object provider {urn:oasis:names:tc:SAML:2.0:protocol}ScopingType
14:58:12.472 [Test worker] DEBUG org.opensaml.core.xml.config.XMLObjectProviderRegistry - Registering new builder, marshaller, and unmarshaller for {urn:oasis:names:tc:SAML:2.0:protocol}ScopingType
14:58:12.472 [Test worker] DEBUG org.opensaml.core.xml.XMLObjectBuilderFactory - Registering builder org.opensaml.saml.saml2.core.impl.ScopingBuilder under key {urn:oasis:names:tc:SAML:2.0:protocol}ScopingType
14:58:12.472 [Test worker] DEBUG org.opensaml.core.xml.io.MarshallerFactory - Registering marshaller, org.opensaml.saml.saml2.core.impl.ScopingMarshaller, for object type {urn:oasis:names:tc:SAML:2.0:protocol}ScopingType
14:58:12.472 [Test worker] DEBUG org.opensaml.core.xml.io.UnmarshallerFactory - Registering unmarshaller, org.opensaml.saml.saml2.core.impl.ScopingUnmarshaller, for object type, {urn:oasis:names:tc:SAML:2.0:protocol}ScopingType
14:58:12.472 [Test worker] DEBUG org.opensaml.core.xml.config.XMLConfigurator - {urn:oasis:names:tc:SAML:2.0:protocol}ScopingType intialized and configuration cached
14:58:12.472 [Test worker] DEBUG org.opensaml.core.xml.config.XMLConfigurator - Initializing object provider {urn:oasis:names:tc:SAML:2.0:protocol}SessionIndex
14:58:12.472 [Test worker] DEBUG org.opensaml.core.xml.config.XMLObjectProviderRegistry - Registering new builder, marshaller, and unmarshaller for {urn:oasis:names:tc:SAML:2.0:protocol}SessionIndex
14:58:12.472 [Test worker] DEBUG org.opensaml.core.xml.XMLObjectBuilderFactory - Registering builder org.opensaml.saml.saml2.core.impl.SessionIndexBuilder under key {urn:oasis:names:tc:SAML:2.0:protocol}SessionIndex
14:58:12.472 [Test worker] DEBUG org.opensaml.core.xml.io.MarshallerFactory - Registering marshaller, org.opensaml.saml.saml2.core.impl.SessionIndexMarshaller, for object type {urn:oasis:names:tc:SAML:2.0:protocol}SessionIndex
14:58:12.472 [Test worker] DEBUG org.opensaml.core.xml.io.UnmarshallerFactory - Registering unmarshaller, org.opensaml.saml.saml2.core.impl.SessionIndexUnmarshaller, for object type, {urn:oasis:names:tc:SAML:2.0:protocol}SessionIndex
14:58:12.472 [Test worker] DEBUG org.opensaml.core.xml.config.XMLConfigurator - {urn:oasis:names:tc:SAML:2.0:protocol}SessionIndex intialized and configuration cached
14:58:12.472 [Test worker] DEBUG org.opensaml.core.xml.config.XMLConfigurator - Initializing object provider {urn:oasis:names:tc:SAML:2.0:protocol}Status
14:58:12.472 [Test worker] DEBUG org.opensaml.core.xml.config.XMLObjectProviderRegistry - Registering new builder, marshaller, and unmarshaller for {urn:oasis:names:tc:SAML:2.0:protocol}Status
14:58:12.472 [Test worker] DEBUG org.opensaml.core.xml.XMLObjectBuilderFactory - Registering builder org.opensaml.saml.saml2.core.impl.StatusBuilder under key {urn:oasis:names:tc:SAML:2.0:protocol}Status
14:58:12.472 [Test worker] DEBUG org.opensaml.core.xml.io.MarshallerFactory - Registering marshaller, org.opensaml.saml.saml2.core.impl.StatusMarshaller, for object type {urn:oasis:names:tc:SAML:2.0:protocol}Status
14:58:12.472 [Test worker] DEBUG org.opensaml.core.xml.io.UnmarshallerFactory - Registering unmarshaller, org.opensaml.saml.saml2.core.impl.StatusUnmarshaller, for object type, {urn:oasis:names:tc:SAML:2.0:protocol}Status
14:58:12.472 [Test worker] DEBUG org.opensaml.core.xml.config.XMLConfigurator - {urn:oasis:names:tc:SAML:2.0:protocol}Status intialized and configuration cached
14:58:12.472 [Test worker] DEBUG org.opensaml.core.xml.config.XMLConfigurator - Initializing object provider {urn:oasis:names:tc:SAML:2.0:protocol}StatusType
14:58:12.472 [Test worker] DEBUG org.opensaml.core.xml.config.XMLObjectProviderRegistry - Registering new builder, marshaller, and unmarshaller for {urn:oasis:names:tc:SAML:2.0:protocol}StatusType
14:58:12.472 [Test worker] DEBUG org.opensaml.core.xml.XMLObjectBuilderFactory - Registering builder org.opensaml.saml.saml2.core.impl.StatusBuilder under key {urn:oasis:names:tc:SAML:2.0:protocol}StatusType
14:58:12.472 [Test worker] DEBUG org.opensaml.core.xml.io.MarshallerFactory - Registering marshaller, org.opensaml.saml.saml2.core.impl.StatusMarshaller, for object type {urn:oasis:names:tc:SAML:2.0:protocol}StatusType
14:58:12.472 [Test worker] DEBUG org.opensaml.core.xml.io.UnmarshallerFactory - Registering unmarshaller, org.opensaml.saml.saml2.core.impl.StatusUnmarshaller, for object type, {urn:oasis:names:tc:SAML:2.0:protocol}StatusType
14:58:12.472 [Test worker] DEBUG org.opensaml.core.xml.config.XMLConfigurator - {urn:oasis:names:tc:SAML:2.0:protocol}StatusType intialized and configuration cached
14:58:12.472 [Test worker] DEBUG org.opensaml.core.xml.config.XMLConfigurator - Initializing object provider {urn:oasis:names:tc:SAML:2.0:protocol}StatusCode
14:58:12.472 [Test worker] DEBUG org.opensaml.core.xml.config.XMLObjectProviderRegistry - Registering new builder, marshaller, and unmarshaller for {urn:oasis:names:tc:SAML:2.0:protocol}StatusCode
14:58:12.472 [Test worker] DEBUG org.opensaml.core.xml.XMLObjectBuilderFactory - Registering builder org.opensaml.saml.saml2.core.impl.StatusCodeBuilder under key {urn:oasis:names:tc:SAML:2.0:protocol}StatusCode
14:58:12.472 [Test worker] DEBUG org.opensaml.core.xml.io.MarshallerFactory - Registering marshaller, org.opensaml.saml.saml2.core.impl.StatusCodeMarshaller, for object type {urn:oasis:names:tc:SAML:2.0:protocol}StatusCode
14:58:12.472 [Test worker] DEBUG org.opensaml.core.xml.io.UnmarshallerFactory - Registering unmarshaller, org.opensaml.saml.saml2.core.impl.StatusCodeUnmarshaller, for object type, {urn:oasis:names:tc:SAML:2.0:protocol}StatusCode
14:58:12.472 [Test worker] DEBUG org.opensaml.core.xml.config.XMLConfigurator - {urn:oasis:names:tc:SAML:2.0:protocol}StatusCode intialized and configuration cached
14:58:12.472 [Test worker] DEBUG org.opensaml.core.xml.config.XMLConfigurator - Initializing object provider {urn:oasis:names:tc:SAML:2.0:protocol}StatusCodeType
14:58:12.472 [Test worker] DEBUG org.opensaml.core.xml.config.XMLObjectProviderRegistry - Registering new builder, marshaller, and unmarshaller for {urn:oasis:names:tc:SAML:2.0:protocol}StatusCodeType
14:58:12.472 [Test worker] DEBUG org.opensaml.core.xml.XMLObjectBuilderFactory - Registering builder org.opensaml.saml.saml2.core.impl.StatusCodeBuilder under key {urn:oasis:names:tc:SAML:2.0:protocol}StatusCodeType
14:58:12.472 [Test worker] DEBUG org.opensaml.core.xml.io.MarshallerFactory - Registering marshaller, org.opensaml.saml.saml2.core.impl.StatusCodeMarshaller, for object type {urn:oasis:names:tc:SAML:2.0:protocol}StatusCodeType
14:58:12.472 [Test worker] DEBUG org.opensaml.core.xml.io.UnmarshallerFactory - Registering unmarshaller, org.opensaml.saml.saml2.core.impl.StatusCodeUnmarshaller, for object type, {urn:oasis:names:tc:SAML:2.0:protocol}StatusCodeType
14:58:12.472 [Test worker] DEBUG org.opensaml.core.xml.config.XMLConfigurator - {urn:oasis:names:tc:SAML:2.0:protocol}StatusCodeType intialized and configuration cached
14:58:12.473 [Test worker] DEBUG org.opensaml.core.xml.config.XMLConfigurator - Initializing object provider {urn:oasis:names:tc:SAML:2.0:protocol}StatusDetail
14:58:12.473 [Test worker] DEBUG org.opensaml.core.xml.config.XMLObjectProviderRegistry - Registering new builder, marshaller, and unmarshaller for {urn:oasis:names:tc:SAML:2.0:protocol}StatusDetail
14:58:12.473 [Test worker] DEBUG org.opensaml.core.xml.XMLObjectBuilderFactory - Registering builder org.opensaml.saml.saml2.core.impl.StatusDetailBuilder under key {urn:oasis:names:tc:SAML:2.0:protocol}StatusDetail
14:58:12.473 [Test worker] DEBUG org.opensaml.core.xml.io.MarshallerFactory - Registering marshaller, org.opensaml.saml.saml2.core.impl.StatusDetailMarshaller, for object type {urn:oasis:names:tc:SAML:2.0:protocol}StatusDetail
14:58:12.473 [Test worker] DEBUG org.opensaml.core.xml.io.UnmarshallerFactory - Registering unmarshaller, org.opensaml.saml.saml2.core.impl.StatusDetailUnmarshaller, for object type, {urn:oasis:names:tc:SAML:2.0:protocol}StatusDetail
14:58:12.473 [Test worker] DEBUG org.opensaml.core.xml.config.XMLConfigurator - {urn:oasis:names:tc:SAML:2.0:protocol}StatusDetail intialized and configuration cached
14:58:12.473 [Test worker] DEBUG org.opensaml.core.xml.config.XMLConfigurator - Initializing object provider {urn:oasis:names:tc:SAML:2.0:protocol}StatusDetailType
14:58:12.473 [Test worker] DEBUG org.opensaml.core.xml.config.XMLObjectProviderRegistry - Registering new builder, marshaller, and unmarshaller for {urn:oasis:names:tc:SAML:2.0:protocol}StatusDetailType
14:58:12.473 [Test worker] DEBUG org.opensaml.core.xml.XMLObjectBuilderFactory - Registering builder org.opensaml.saml.saml2.core.impl.StatusDetailBuilder under key {urn:oasis:names:tc:SAML:2.0:protocol}StatusDetailType
14:58:12.473 [Test worker] DEBUG org.opensaml.core.xml.io.MarshallerFactory - Registering marshaller, org.opensaml.saml.saml2.core.impl.StatusDetailMarshaller, for object type {urn:oasis:names:tc:SAML:2.0:protocol}StatusDetailType
14:58:12.473 [Test worker] DEBUG org.opensaml.core.xml.io.UnmarshallerFactory - Registering unmarshaller, org.opensaml.saml.saml2.core.impl.StatusDetailUnmarshaller, for object type, {urn:oasis:names:tc:SAML:2.0:protocol}StatusDetailType
14:58:12.473 [Test worker] DEBUG org.opensaml.core.xml.config.XMLConfigurator - {urn:oasis:names:tc:SAML:2.0:protocol}StatusDetailType intialized and configuration cached
14:58:12.473 [Test worker] DEBUG org.opensaml.core.xml.config.XMLConfigurator - Initializing object provider {urn:oasis:names:tc:SAML:2.0:protocol}StatusMessage
14:58:12.473 [Test worker] DEBUG org.opensaml.core.xml.config.XMLObjectProviderRegistry - Registering new builder, marshaller, and unmarshaller for {urn:oasis:names:tc:SAML:2.0:protocol}StatusMessage
14:58:12.473 [Test worker] DEBUG org.opensaml.core.xml.XMLObjectBuilderFactory - Registering builder org.opensaml.saml.saml2.core.impl.StatusMessageBuilder under key {urn:oasis:names:tc:SAML:2.0:protocol}StatusMessage
14:58:12.473 [Test worker] DEBUG org.opensaml.core.xml.io.MarshallerFactory - Registering marshaller, org.opensaml.saml.saml2.core.impl.StatusMessageMarshaller, for object type {urn:oasis:names:tc:SAML:2.0:protocol}StatusMessage
14:58:12.473 [Test worker] DEBUG org.opensaml.core.xml.io.UnmarshallerFactory - Registering unmarshaller, org.opensaml.saml.saml2.core.impl.StatusMessageUnmarshaller, for object type, {urn:oasis:names:tc:SAML:2.0:protocol}StatusMessage
14:58:12.473 [Test worker] DEBUG org.opensaml.core.xml.config.XMLConfigurator - {urn:oasis:names:tc:SAML:2.0:protocol}StatusMessage intialized and configuration cached
14:58:12.473 [Test worker] DEBUG org.opensaml.core.xml.config.XMLConfigurator - Initializing object provider {urn:oasis:names:tc:SAML:2.0:protocol}Terminate
14:58:12.473 [Test worker] DEBUG org.opensaml.core.xml.config.XMLObjectProviderRegistry - Registering new builder, marshaller, and unmarshaller for {urn:oasis:names:tc:SAML:2.0:protocol}Terminate
14:58:12.473 [Test worker] DEBUG org.opensaml.core.xml.XMLObjectBuilderFactory - Registering builder org.opensaml.saml.saml2.core.impl.TerminateBuilder under key {urn:oasis:names:tc:SAML:2.0:protocol}Terminate
14:58:12.473 [Test worker] DEBUG org.opensaml.core.xml.io.MarshallerFactory - Registering marshaller, org.opensaml.saml.saml2.core.impl.TerminateMarshaller, for object type {urn:oasis:names:tc:SAML:2.0:protocol}Terminate
14:58:12.473 [Test worker] DEBUG org.opensaml.core.xml.io.UnmarshallerFactory - Registering unmarshaller, org.opensaml.saml.saml2.core.impl.TerminateUnmarshaller, for object type, {urn:oasis:names:tc:SAML:2.0:protocol}Terminate
14:58:12.473 [Test worker] DEBUG org.opensaml.core.xml.config.XMLConfigurator - {urn:oasis:names:tc:SAML:2.0:protocol}Terminate intialized and configuration cached
14:58:12.473 [Test worker] DEBUG org.opensaml.core.xml.config.XMLConfigurator - Initializing object provider {urn:oasis:names:tc:SAML:2.0:protocol}TerminateType
14:58:12.473 [Test worker] DEBUG org.opensaml.core.xml.config.XMLObjectProviderRegistry - Registering new builder, marshaller, and unmarshaller for {urn:oasis:names:tc:SAML:2.0:protocol}TerminateType
14:58:12.473 [Test worker] DEBUG org.opensaml.core.xml.XMLObjectBuilderFactory - Registering builder org.opensaml.saml.saml2.core.impl.TerminateBuilder under key {urn:oasis:names:tc:SAML:2.0:protocol}TerminateType
14:58:12.473 [Test worker] DEBUG org.opensaml.core.xml.io.MarshallerFactory - Registering marshaller, org.opensaml.saml.saml2.core.impl.TerminateMarshaller, for object type {urn:oasis:names:tc:SAML:2.0:protocol}TerminateType
14:58:12.473 [Test worker] DEBUG org.opensaml.core.xml.io.UnmarshallerFactory - Registering unmarshaller, org.opensaml.saml.saml2.core.impl.TerminateUnmarshaller, for object type, {urn:oasis:names:tc:SAML:2.0:protocol}TerminateType
14:58:12.473 [Test worker] DEBUG org.opensaml.core.xml.config.XMLConfigurator - {urn:oasis:names:tc:SAML:2.0:protocol}TerminateType intialized and configuration cached
14:58:12.473 [Test worker] DEBUG org.opensaml.core.xml.config.XMLConfigurator - ObjectProviders load complete
14:58:12.473 [Test worker] DEBUG org.opensaml.core.xml.config.AbstractXMLObjectProviderInitializer - Loading XMLObject provider configuration from resource 'saml2-protocol-thirdparty-config.xml'
14:58:12.474 [Test worker] DEBUG org.opensaml.core.xml.config.XMLConfigurator - Loading configuration from XML Document
14:58:12.474 [Test worker] DEBUG org.opensaml.core.xml.config.XMLConfigurator - Schema validating configuration Document
14:58:12.474 [Test worker] DEBUG org.opensaml.core.xml.config.XMLConfigurator - Configuration document validated
14:58:12.474 [Test worker] DEBUG org.opensaml.core.xml.config.XMLConfigurator - Preparing to load ObjectProviders
14:58:12.474 [Test worker] DEBUG org.opensaml.core.xml.config.XMLConfigurator - Initializing object provider {urn:oasis:names:tc:SAML:protocol:ext:third-party}RespondTo
14:58:12.474 [Test worker] DEBUG org.opensaml.core.xml.config.XMLObjectProviderRegistry - Registering new builder, marshaller, and unmarshaller for {urn:oasis:names:tc:SAML:protocol:ext:third-party}RespondTo
14:58:12.474 [Test worker] DEBUG org.opensaml.core.xml.XMLObjectBuilderFactory - Registering builder org.opensaml.saml.ext.samlpthrpty.impl.RespondToBuilder under key {urn:oasis:names:tc:SAML:protocol:ext:third-party}RespondTo
14:58:12.474 [Test worker] DEBUG org.opensaml.core.xml.io.MarshallerFactory - Registering marshaller, org.opensaml.saml.ext.samlpthrpty.impl.RespondToMarshaller, for object type {urn:oasis:names:tc:SAML:protocol:ext:third-party}RespondTo
14:58:12.474 [Test worker] DEBUG org.opensaml.core.xml.io.UnmarshallerFactory - Registering unmarshaller, org.opensaml.saml.ext.samlpthrpty.impl.RespondToUnmarshaller, for object type, {urn:oasis:names:tc:SAML:protocol:ext:third-party}RespondTo
14:58:12.474 [Test worker] DEBUG org.opensaml.core.xml.config.XMLConfigurator - {urn:oasis:names:tc:SAML:protocol:ext:third-party}RespondTo intialized and configuration cached
14:58:12.474 [Test worker] DEBUG org.opensaml.core.xml.config.XMLConfigurator - ObjectProviders load complete
14:58:12.474 [Test worker] DEBUG org.opensaml.core.xml.config.AbstractXMLObjectProviderInitializer - Loading XMLObject provider configuration from resource 'saml2-protocol-aslo-config.xml'
14:58:12.475 [Test worker] DEBUG org.opensaml.core.xml.config.XMLConfigurator - Loading configuration from XML Document
14:58:12.475 [Test worker] DEBUG org.opensaml.core.xml.config.XMLConfigurator - Schema validating configuration Document
14:58:12.476 [Test worker] DEBUG org.opensaml.core.xml.config.XMLConfigurator - Configuration document validated
14:58:12.476 [Test worker] DEBUG org.opensaml.core.xml.config.XMLConfigurator - Preparing to load ObjectProviders
14:58:12.476 [Test worker] DEBUG org.opensaml.core.xml.config.XMLConfigurator - Initializing object provider {urn:oasis:names:tc:SAML:2.0:protocol:ext:async-slo}Asynchronous
14:58:12.476 [Test worker] DEBUG org.opensaml.core.xml.config.XMLObjectProviderRegistry - Registering new builder, marshaller, and unmarshaller for {urn:oasis:names:tc:SAML:2.0:protocol:ext:async-slo}Asynchronous
14:58:12.476 [Test worker] DEBUG org.opensaml.core.xml.XMLObjectBuilderFactory - Registering builder org.opensaml.saml.ext.saml2aslo.impl.AsynchronousBuilder under key {urn:oasis:names:tc:SAML:2.0:protocol:ext:async-slo}Asynchronous
14:58:12.476 [Test worker] DEBUG org.opensaml.core.xml.io.MarshallerFactory - Registering marshaller, org.opensaml.saml.ext.saml2aslo.impl.AsynchronousMarshaller, for object type {urn:oasis:names:tc:SAML:2.0:protocol:ext:async-slo}Asynchronous
14:58:12.476 [Test worker] DEBUG org.opensaml.core.xml.io.UnmarshallerFactory - Registering unmarshaller, org.opensaml.saml.ext.saml2aslo.impl.AsynchronousUnmarshaller, for object type, {urn:oasis:names:tc:SAML:2.0:protocol:ext:async-slo}Asynchronous
14:58:12.476 [Test worker] DEBUG org.opensaml.core.xml.config.XMLConfigurator - {urn:oasis:names:tc:SAML:2.0:protocol:ext:async-slo}Asynchronous intialized and configuration cached
14:58:12.476 [Test worker] DEBUG org.opensaml.core.xml.config.XMLConfigurator - Initializing object provider {urn:oasis:names:tc:SAML:2.0:protocol:ext:async-slo}AsynchronousType
14:58:12.476 [Test worker] DEBUG org.opensaml.core.xml.config.XMLObjectProviderRegistry - Registering new builder, marshaller, and unmarshaller for {urn:oasis:names:tc:SAML:2.0:protocol:ext:async-slo}AsynchronousType
14:58:12.476 [Test worker] DEBUG org.opensaml.core.xml.XMLObjectBuilderFactory - Registering builder org.opensaml.saml.ext.saml2aslo.impl.AsynchronousBuilder under key {urn:oasis:names:tc:SAML:2.0:protocol:ext:async-slo}AsynchronousType
14:58:12.476 [Test worker] DEBUG org.opensaml.core.xml.io.MarshallerFactory - Registering marshaller, org.opensaml.saml.ext.saml2aslo.impl.AsynchronousMarshaller, for object type {urn:oasis:names:tc:SAML:2.0:protocol:ext:async-slo}AsynchronousType
14:58:12.476 [Test worker] DEBUG org.opensaml.core.xml.io.UnmarshallerFactory - Registering unmarshaller, org.opensaml.saml.ext.saml2aslo.impl.AsynchronousUnmarshaller, for object type, {urn:oasis:names:tc:SAML:2.0:protocol:ext:async-slo}AsynchronousType
14:58:12.476 [Test worker] DEBUG org.opensaml.core.xml.config.XMLConfigurator - {urn:oasis:names:tc:SAML:2.0:protocol:ext:async-slo}AsynchronousType intialized and configuration cached
14:58:12.476 [Test worker] DEBUG org.opensaml.core.xml.config.XMLConfigurator - ObjectProviders load complete
14:58:12.476 [Test worker] DEBUG org.opensaml.core.xml.config.AbstractXMLObjectProviderInitializer - Loading XMLObject provider configuration from resource 'saml2-channel-binding-config.xml'
14:58:12.476 [Test worker] DEBUG org.opensaml.core.xml.config.XMLConfigurator - Loading configuration from XML Document
14:58:12.476 [Test worker] DEBUG org.opensaml.core.xml.config.XMLConfigurator - Schema validating configuration Document
14:58:12.477 [Test worker] DEBUG org.opensaml.core.xml.config.XMLConfigurator - Configuration document validated
14:58:12.477 [Test worker] DEBUG org.opensaml.core.xml.config.XMLConfigurator - Preparing to load ObjectProviders
14:58:12.477 [Test worker] DEBUG org.opensaml.core.xml.config.XMLConfigurator - Initializing object provider {urn:oasis:names:tc:SAML:protocol:ext:channel-binding}ChannelBindings
14:58:12.477 [Test worker] DEBUG org.opensaml.core.xml.config.XMLObjectProviderRegistry - Registering new builder, marshaller, and unmarshaller for {urn:oasis:names:tc:SAML:protocol:ext:channel-binding}ChannelBindings
14:58:12.477 [Test worker] DEBUG org.opensaml.core.xml.XMLObjectBuilderFactory - Registering builder org.opensaml.saml.ext.saml2cb.impl.ChannelBindingsBuilder under key {urn:oasis:names:tc:SAML:protocol:ext:channel-binding}ChannelBindings
14:58:12.477 [Test worker] DEBUG org.opensaml.core.xml.io.MarshallerFactory - Registering marshaller, org.opensaml.saml.ext.saml2cb.impl.ChannelBindingsMarshaller, for object type {urn:oasis:names:tc:SAML:protocol:ext:channel-binding}ChannelBindings
14:58:12.477 [Test worker] DEBUG org.opensaml.core.xml.io.UnmarshallerFactory - Registering unmarshaller, org.opensaml.saml.ext.saml2cb.impl.ChannelBindingsUnmarshaller, for object type, {urn:oasis:names:tc:SAML:protocol:ext:channel-binding}ChannelBindings
14:58:12.477 [Test worker] DEBUG org.opensaml.core.xml.config.XMLConfigurator - {urn:oasis:names:tc:SAML:protocol:ext:channel-binding}ChannelBindings intialized and configuration cached
14:58:12.477 [Test worker] DEBUG org.opensaml.core.xml.config.XMLConfigurator - Initializing object provider {urn:oasis:names:tc:SAML:protocol:ext:channel-binding}ChannelBindingsType
14:58:12.477 [Test worker] DEBUG org.opensaml.core.xml.config.XMLObjectProviderRegistry - Registering new builder, marshaller, and unmarshaller for {urn:oasis:names:tc:SAML:protocol:ext:channel-binding}ChannelBindingsType
14:58:12.477 [Test worker] DEBUG org.opensaml.core.xml.XMLObjectBuilderFactory - Registering builder org.opensaml.saml.ext.saml2cb.impl.ChannelBindingsBuilder under key {urn:oasis:names:tc:SAML:protocol:ext:channel-binding}ChannelBindingsType
14:58:12.477 [Test worker] DEBUG org.opensaml.core.xml.io.MarshallerFactory - Registering marshaller, org.opensaml.saml.ext.saml2cb.impl.ChannelBindingsMarshaller, for object type {urn:oasis:names:tc:SAML:protocol:ext:channel-binding}ChannelBindingsType
14:58:12.477 [Test worker] DEBUG org.opensaml.core.xml.io.UnmarshallerFactory - Registering unmarshaller, org.opensaml.saml.ext.saml2cb.impl.ChannelBindingsUnmarshaller, for object type, {urn:oasis:names:tc:SAML:protocol:ext:channel-binding}ChannelBindingsType
14:58:12.477 [Test worker] DEBUG org.opensaml.core.xml.config.XMLConfigurator - {urn:oasis:names:tc:SAML:protocol:ext:channel-binding}ChannelBindingsType intialized and configuration cached
14:58:12.477 [Test worker] DEBUG org.opensaml.core.xml.config.XMLConfigurator - ObjectProviders load complete
14:58:12.477 [Test worker] DEBUG org.opensaml.core.xml.config.AbstractXMLObjectProviderInitializer - Loading XMLObject provider configuration from resource 'saml-ec-gss-config.xml'
14:58:12.478 [Test worker] DEBUG org.opensaml.core.xml.config.XMLConfigurator - Loading configuration from XML Document
14:58:12.478 [Test worker] DEBUG org.opensaml.core.xml.config.XMLConfigurator - Schema validating configuration Document
14:58:12.478 [Test worker] DEBUG org.opensaml.core.xml.config.XMLConfigurator - Configuration document validated
14:58:12.478 [Test worker] DEBUG org.opensaml.core.xml.config.XMLConfigurator - Preparing to load ObjectProviders
14:58:12.478 [Test worker] DEBUG org.opensaml.core.xml.config.XMLConfigurator - Initializing object provider {urn:ietf:params:xml:ns:samlec}EncType
14:58:12.478 [Test worker] DEBUG org.opensaml.core.xml.config.XMLObjectProviderRegistry - Registering new builder, marshaller, and unmarshaller for {urn:ietf:params:xml:ns:samlec}EncType
14:58:12.478 [Test worker] DEBUG org.opensaml.core.xml.XMLObjectBuilderFactory - Registering builder org.opensaml.saml.ext.samlec.impl.EncTypeBuilder under key {urn:ietf:params:xml:ns:samlec}EncType
14:58:12.478 [Test worker] DEBUG org.opensaml.core.xml.io.MarshallerFactory - Registering marshaller, org.opensaml.core.xml.schema.impl.XSStringMarshaller, for object type {urn:ietf:params:xml:ns:samlec}EncType
14:58:12.478 [Test worker] DEBUG org.opensaml.core.xml.io.UnmarshallerFactory - Registering unmarshaller, org.opensaml.core.xml.schema.impl.XSStringUnmarshaller, for object type, {urn:ietf:params:xml:ns:samlec}EncType
14:58:12.478 [Test worker] DEBUG org.opensaml.core.xml.config.XMLConfigurator - {urn:ietf:params:xml:ns:samlec}EncType intialized and configuration cached
14:58:12.478 [Test worker] DEBUG org.opensaml.core.xml.config.XMLConfigurator - Initializing object provider {urn:ietf:params:xml:ns:samlec}GeneratedKey
14:58:12.478 [Test worker] DEBUG org.opensaml.core.xml.config.XMLObjectProviderRegistry - Registering new builder, marshaller, and unmarshaller for {urn:ietf:params:xml:ns:samlec}GeneratedKey
14:58:12.479 [Test worker] DEBUG org.opensaml.core.xml.XMLObjectBuilderFactory - Registering builder org.opensaml.saml.ext.samlec.impl.GeneratedKeyBuilder under key {urn:ietf:params:xml:ns:samlec}GeneratedKey
14:58:12.479 [Test worker] DEBUG org.opensaml.core.xml.io.MarshallerFactory - Registering marshaller, org.opensaml.saml.ext.samlec.impl.GeneratedKeyMarshaller, for object type {urn:ietf:params:xml:ns:samlec}GeneratedKey
14:58:12.479 [Test worker] DEBUG org.opensaml.core.xml.io.UnmarshallerFactory - Registering unmarshaller, org.opensaml.saml.ext.samlec.impl.GeneratedKeyUnmarshaller, for object type, {urn:ietf:params:xml:ns:samlec}GeneratedKey
14:58:12.479 [Test worker] DEBUG org.opensaml.core.xml.config.XMLConfigurator - {urn:ietf:params:xml:ns:samlec}GeneratedKey intialized and configuration cached
14:58:12.479 [Test worker] DEBUG org.opensaml.core.xml.config.XMLConfigurator - Initializing object provider {urn:ietf:params:xml:ns:samlec}GeneratedKeyType
14:58:12.479 [Test worker] DEBUG org.opensaml.core.xml.config.XMLObjectProviderRegistry - Registering new builder, marshaller, and unmarshaller for {urn:ietf:params:xml:ns:samlec}GeneratedKeyType
14:58:12.479 [Test worker] DEBUG org.opensaml.core.xml.XMLObjectBuilderFactory - Registering builder org.opensaml.saml.ext.samlec.impl.GeneratedKeyBuilder under key {urn:ietf:params:xml:ns:samlec}GeneratedKeyType
14:58:12.479 [Test worker] DEBUG org.opensaml.core.xml.io.MarshallerFactory - Registering marshaller, org.opensaml.saml.ext.samlec.impl.GeneratedKeyMarshaller, for object type {urn:ietf:params:xml:ns:samlec}GeneratedKeyType
14:58:12.479 [Test worker] DEBUG org.opensaml.core.xml.io.UnmarshallerFactory - Registering unmarshaller, org.opensaml.saml.ext.samlec.impl.GeneratedKeyUnmarshaller, for object type, {urn:ietf:params:xml:ns:samlec}GeneratedKeyType
14:58:12.479 [Test worker] DEBUG org.opensaml.core.xml.config.XMLConfigurator - {urn:ietf:params:xml:ns:samlec}GeneratedKeyType intialized and configuration cached
14:58:12.479 [Test worker] DEBUG org.opensaml.core.xml.config.XMLConfigurator - Initializing object provider {urn:ietf:params:xml:ns:samlec}SessionKey
14:58:12.479 [Test worker] DEBUG org.opensaml.core.xml.config.XMLObjectProviderRegistry - Registering new builder, marshaller, and unmarshaller for {urn:ietf:params:xml:ns:samlec}SessionKey
14:58:12.479 [Test worker] DEBUG org.opensaml.core.xml.XMLObjectBuilderFactory - Registering builder org.opensaml.saml.ext.samlec.impl.SessionKeyBuilder under key {urn:ietf:params:xml:ns:samlec}SessionKey
14:58:12.479 [Test worker] DEBUG org.opensaml.core.xml.io.MarshallerFactory - Registering marshaller, org.opensaml.saml.ext.samlec.impl.SessionKeyMarshaller, for object type {urn:ietf:params:xml:ns:samlec}SessionKey
14:58:12.479 [Test worker] DEBUG org.opensaml.core.xml.io.UnmarshallerFactory - Registering unmarshaller, org.opensaml.saml.ext.samlec.impl.SessionKeyUnmarshaller, for object type, {urn:ietf:params:xml:ns:samlec}SessionKey
14:58:12.479 [Test worker] DEBUG org.opensaml.core.xml.config.XMLConfigurator - {urn:ietf:params:xml:ns:samlec}SessionKey intialized and configuration cached
14:58:12.479 [Test worker] DEBUG org.opensaml.core.xml.config.XMLConfigurator - Initializing object provider {urn:ietf:params:xml:ns:samlec}SessionKeyType
14:58:12.479 [Test worker] DEBUG org.opensaml.core.xml.config.XMLObjectProviderRegistry - Registering new builder, marshaller, and unmarshaller for {urn:ietf:params:xml:ns:samlec}SessionKeyType
14:58:12.479 [Test worker] DEBUG org.opensaml.core.xml.XMLObjectBuilderFactory - Registering builder org.opensaml.saml.ext.samlec.impl.SessionKeyBuilder under key {urn:ietf:params:xml:ns:samlec}SessionKeyType
14:58:12.479 [Test worker] DEBUG org.opensaml.core.xml.io.MarshallerFactory - Registering marshaller, org.opensaml.saml.ext.samlec.impl.SessionKeyMarshaller, for object type {urn:ietf:params:xml:ns:samlec}SessionKeyType
14:58:12.479 [Test worker] DEBUG org.opensaml.core.xml.io.UnmarshallerFactory - Registering unmarshaller, org.opensaml.saml.ext.samlec.impl.SessionKeyUnmarshaller, for object type, {urn:ietf:params:xml:ns:samlec}SessionKeyType
14:58:12.479 [Test worker] DEBUG org.opensaml.core.xml.config.XMLConfigurator - {urn:ietf:params:xml:ns:samlec}SessionKeyType intialized and configuration cached
14:58:12.479 [Test worker] DEBUG org.opensaml.core.xml.config.XMLConfigurator - ObjectProviders load complete
14:58:12.479 [Test worker] DEBUG org.opensaml.core.config.InitializationService - Initializing module initializer implementation: org.opensaml.saml.config.SAMLConfigurationInitializer
14:58:12.479 [Test worker] DEBUG org.opensaml.saml.config.SAMLConfigurationInitializer - Initializing SAML Artifact builder factories
14:58:12.479 [Test worker] DEBUG org.opensaml.core.config.InitializationService - Initializing module initializer implementation: org.opensaml.xmlsec.config.JavaCryptoValidationInitializer
14:58:12.479 [Test worker] DEBUG org.opensaml.core.config.InitializationService - Initializing module initializer implementation: org.opensaml.xmlsec.config.XMLObjectProviderInitializer
14:58:12.482 [Test worker] DEBUG org.opensaml.core.xml.config.AbstractXMLObjectProviderInitializer - Loading XMLObject provider configuration from resource 'signature-config.xml'
14:58:12.484 [Test worker] DEBUG org.opensaml.core.xml.config.XMLConfigurator - Loading configuration from XML Document
14:58:12.484 [Test worker] DEBUG org.opensaml.core.xml.config.XMLConfigurator - Schema validating configuration Document
14:58:12.485 [Test worker] DEBUG org.opensaml.core.xml.config.XMLConfigurator - Configuration document validated
14:58:12.485 [Test worker] DEBUG org.opensaml.core.xml.config.XMLConfigurator - Preparing to load ObjectProviders
14:58:12.485 [Test worker] DEBUG org.opensaml.core.xml.config.XMLConfigurator - Initializing object provider {http://www.w3.org/2000/09/xmldsig#}CryptoBinary
14:58:12.485 [Test worker] DEBUG org.opensaml.core.xml.config.XMLObjectProviderRegistry - Registering new builder, marshaller, and unmarshaller for {http://www.w3.org/2000/09/xmldsig#}CryptoBinary
14:58:12.485 [Test worker] DEBUG org.opensaml.core.xml.XMLObjectBuilderFactory - Registering builder org.opensaml.xmlsec.signature.impl.CryptoBinaryBuilder under key {http://www.w3.org/2000/09/xmldsig#}CryptoBinary
14:58:12.485 [Test worker] DEBUG org.opensaml.core.xml.io.MarshallerFactory - Registering marshaller, org.opensaml.xmlsec.signature.impl.CryptoBinaryMarshaller, for object type {http://www.w3.org/2000/09/xmldsig#}CryptoBinary
14:58:12.485 [Test worker] DEBUG org.opensaml.core.xml.io.UnmarshallerFactory - Registering unmarshaller, org.opensaml.xmlsec.signature.impl.CryptoBinaryUnmarshaller, for object type, {http://www.w3.org/2000/09/xmldsig#}CryptoBinary
14:58:12.485 [Test worker] DEBUG org.opensaml.core.xml.config.XMLConfigurator - {http://www.w3.org/2000/09/xmldsig#}CryptoBinary intialized and configuration cached
14:58:12.485 [Test worker] DEBUG org.opensaml.core.xml.config.XMLConfigurator - Initializing object provider {http://www.w3.org/2000/09/xmldsig#}DigestMethod
14:58:12.485 [Test worker] DEBUG org.opensaml.core.xml.config.XMLObjectProviderRegistry - Registering new builder, marshaller, and unmarshaller for {http://www.w3.org/2000/09/xmldsig#}DigestMethod
14:58:12.485 [Test worker] DEBUG org.opensaml.core.xml.XMLObjectBuilderFactory - Registering builder org.opensaml.xmlsec.signature.impl.DigestMethodBuilder under key {http://www.w3.org/2000/09/xmldsig#}DigestMethod
14:58:12.485 [Test worker] DEBUG org.opensaml.core.xml.io.MarshallerFactory - Registering marshaller, org.opensaml.xmlsec.signature.impl.DigestMethodMarshaller, for object type {http://www.w3.org/2000/09/xmldsig#}DigestMethod
14:58:12.485 [Test worker] DEBUG org.opensaml.core.xml.io.UnmarshallerFactory - Registering unmarshaller, org.opensaml.xmlsec.signature.impl.DigestMethodUnmarshaller, for object type, {http://www.w3.org/2000/09/xmldsig#}DigestMethod
14:58:12.485 [Test worker] DEBUG org.opensaml.core.xml.config.XMLConfigurator - {http://www.w3.org/2000/09/xmldsig#}DigestMethod intialized and configuration cached
14:58:12.485 [Test worker] DEBUG org.opensaml.core.xml.config.XMLConfigurator - Initializing object provider {http://www.w3.org/2000/09/xmldsig#}DSAKeyValue
14:58:12.485 [Test worker] DEBUG org.opensaml.core.xml.config.XMLObjectProviderRegistry - Registering new builder, marshaller, and unmarshaller for {http://www.w3.org/2000/09/xmldsig#}DSAKeyValue
14:58:12.485 [Test worker] DEBUG org.opensaml.core.xml.XMLObjectBuilderFactory - Registering builder org.opensaml.xmlsec.signature.impl.DSAKeyValueBuilder under key {http://www.w3.org/2000/09/xmldsig#}DSAKeyValue
14:58:12.485 [Test worker] DEBUG org.opensaml.core.xml.io.MarshallerFactory - Registering marshaller, org.opensaml.xmlsec.signature.impl.DSAKeyValueMarshaller, for object type {http://www.w3.org/2000/09/xmldsig#}DSAKeyValue
14:58:12.485 [Test worker] DEBUG org.opensaml.core.xml.io.UnmarshallerFactory - Registering unmarshaller, org.opensaml.xmlsec.signature.impl.DSAKeyValueUnmarshaller, for object type, {http://www.w3.org/2000/09/xmldsig#}DSAKeyValue
14:58:12.485 [Test worker] DEBUG org.opensaml.core.xml.config.XMLConfigurator - {http://www.w3.org/2000/09/xmldsig#}DSAKeyValue intialized and configuration cached
14:58:12.485 [Test worker] DEBUG org.opensaml.core.xml.config.XMLConfigurator - Initializing object provider {http://www.w3.org/2000/09/xmldsig#}Exponent
14:58:12.485 [Test worker] DEBUG org.opensaml.core.xml.config.XMLObjectProviderRegistry - Registering new builder, marshaller, and unmarshaller for {http://www.w3.org/2000/09/xmldsig#}Exponent
14:58:12.485 [Test worker] DEBUG org.opensaml.core.xml.XMLObjectBuilderFactory - Registering builder org.opensaml.xmlsec.signature.impl.ExponentBuilder under key {http://www.w3.org/2000/09/xmldsig#}Exponent
14:58:12.485 [Test worker] DEBUG org.opensaml.core.xml.io.MarshallerFactory - Registering marshaller, org.opensaml.xmlsec.signature.impl.CryptoBinaryMarshaller, for object type {http://www.w3.org/2000/09/xmldsig#}Exponent
14:58:12.485 [Test worker] DEBUG org.opensaml.core.xml.io.UnmarshallerFactory - Registering unmarshaller, org.opensaml.xmlsec.signature.impl.CryptoBinaryUnmarshaller, for object type, {http://www.w3.org/2000/09/xmldsig#}Exponent
14:58:12.485 [Test worker] DEBUG org.opensaml.core.xml.config.XMLConfigurator - {http://www.w3.org/2000/09/xmldsig#}Exponent intialized and configuration cached
14:58:12.486 [Test worker] DEBUG org.opensaml.core.xml.config.XMLConfigurator - Initializing object provider {http://www.w3.org/2000/09/xmldsig#}G
14:58:12.486 [Test worker] DEBUG org.opensaml.core.xml.config.XMLObjectProviderRegistry - Registering new builder, marshaller, and unmarshaller for {http://www.w3.org/2000/09/xmldsig#}G
14:58:12.486 [Test worker] DEBUG org.opensaml.core.xml.XMLObjectBuilderFactory - Registering builder org.opensaml.xmlsec.signature.impl.GBuilder under key {http://www.w3.org/2000/09/xmldsig#}G
14:58:12.486 [Test worker] DEBUG org.opensaml.core.xml.io.MarshallerFactory - Registering marshaller, org.opensaml.xmlsec.signature.impl.CryptoBinaryMarshaller, for object type {http://www.w3.org/2000/09/xmldsig#}G
14:58:12.486 [Test worker] DEBUG org.opensaml.core.xml.io.UnmarshallerFactory - Registering unmarshaller, org.opensaml.xmlsec.signature.impl.CryptoBinaryUnmarshaller, for object type, {http://www.w3.org/2000/09/xmldsig#}G
14:58:12.486 [Test worker] DEBUG org.opensaml.core.xml.config.XMLConfigurator - {http://www.w3.org/2000/09/xmldsig#}G intialized and configuration cached
14:58:12.486 [Test worker] DEBUG org.opensaml.core.xml.config.XMLConfigurator - Initializing object provider {http://www.w3.org/2000/09/xmldsig#}J
14:58:12.486 [Test worker] DEBUG org.opensaml.core.xml.config.XMLObjectProviderRegistry - Registering new builder, marshaller, and unmarshaller for {http://www.w3.org/2000/09/xmldsig#}J
14:58:12.486 [Test worker] DEBUG org.opensaml.core.xml.XMLObjectBuilderFactory - Registering builder org.opensaml.xmlsec.signature.impl.JBuilder under key {http://www.w3.org/2000/09/xmldsig#}J
14:58:12.486 [Test worker] DEBUG org.opensaml.core.xml.io.MarshallerFactory - Registering marshaller, org.opensaml.xmlsec.signature.impl.CryptoBinaryMarshaller, for object type {http://www.w3.org/2000/09/xmldsig#}J
14:58:12.486 [Test worker] DEBUG org.opensaml.core.xml.io.UnmarshallerFactory - Registering unmarshaller, org.opensaml.xmlsec.signature.impl.CryptoBinaryUnmarshaller, for object type, {http://www.w3.org/2000/09/xmldsig#}J
14:58:12.486 [Test worker] DEBUG org.opensaml.core.xml.config.XMLConfigurator - {http://www.w3.org/2000/09/xmldsig#}J intialized and configuration cached
14:58:12.486 [Test worker] DEBUG org.opensaml.core.xml.config.XMLConfigurator - Initializing object provider {http://www.w3.org/2000/09/xmldsig#}KeyInfo
14:58:12.486 [Test worker] DEBUG org.opensaml.core.xml.config.XMLObjectProviderRegistry - Registering new builder, marshaller, and unmarshaller for {http://www.w3.org/2000/09/xmldsig#}KeyInfo
14:58:12.486 [Test worker] DEBUG org.opensaml.core.xml.XMLObjectBuilderFactory - Registering builder org.opensaml.xmlsec.signature.impl.KeyInfoBuilder under key {http://www.w3.org/2000/09/xmldsig#}KeyInfo
14:58:12.486 [Test worker] DEBUG org.opensaml.core.xml.io.MarshallerFactory - Registering marshaller, org.opensaml.xmlsec.signature.impl.KeyInfoMarshaller, for object type {http://www.w3.org/2000/09/xmldsig#}KeyInfo
14:58:12.486 [Test worker] DEBUG org.opensaml.core.xml.io.UnmarshallerFactory - Registering unmarshaller, org.opensaml.xmlsec.signature.impl.KeyInfoUnmarshaller, for object type, {http://www.w3.org/2000/09/xmldsig#}KeyInfo
14:58:12.486 [Test worker] DEBUG org.opensaml.core.xml.config.XMLConfigurator - {http://www.w3.org/2000/09/xmldsig#}KeyInfo intialized and configuration cached
14:58:12.486 [Test worker] DEBUG org.opensaml.core.xml.config.XMLConfigurator - Initializing object provider {http://www.w3.org/2000/09/xmldsig#}KeyName
14:58:12.486 [Test worker] DEBUG org.opensaml.core.xml.config.XMLObjectProviderRegistry - Registering new builder, marshaller, and unmarshaller for {http://www.w3.org/2000/09/xmldsig#}KeyName
14:58:12.486 [Test worker] DEBUG org.opensaml.core.xml.XMLObjectBuilderFactory - Registering builder org.opensaml.xmlsec.signature.impl.KeyNameBuilder under key {http://www.w3.org/2000/09/xmldsig#}KeyName
14:58:12.486 [Test worker] DEBUG org.opensaml.core.xml.io.MarshallerFactory - Registering marshaller, org.opensaml.core.xml.schema.impl.XSStringMarshaller, for object type {http://www.w3.org/2000/09/xmldsig#}KeyName
14:58:12.486 [Test worker] DEBUG org.opensaml.core.xml.io.UnmarshallerFactory - Registering unmarshaller, org.opensaml.core.xml.schema.impl.XSStringUnmarshaller, for object type, {http://www.w3.org/2000/09/xmldsig#}KeyName
14:58:12.486 [Test worker] DEBUG org.opensaml.core.xml.config.XMLConfigurator - {http://www.w3.org/2000/09/xmldsig#}KeyName intialized and configuration cached
14:58:12.486 [Test worker] DEBUG org.opensaml.core.xml.config.XMLConfigurator - Initializing object provider {http://www.w3.org/2000/09/xmldsig#}KeyValue
14:58:12.486 [Test worker] DEBUG org.opensaml.core.xml.config.XMLObjectProviderRegistry - Registering new builder, marshaller, and unmarshaller for {http://www.w3.org/2000/09/xmldsig#}KeyValue
14:58:12.486 [Test worker] DEBUG org.opensaml.core.xml.XMLObjectBuilderFactory - Registering builder org.opensaml.xmlsec.signature.impl.KeyValueBuilder under key {http://www.w3.org/2000/09/xmldsig#}KeyValue
14:58:12.486 [Test worker] DEBUG org.opensaml.core.xml.io.MarshallerFactory - Registering marshaller, org.opensaml.xmlsec.signature.impl.KeyValueMarshaller, for object type {http://www.w3.org/2000/09/xmldsig#}KeyValue
14:58:12.486 [Test worker] DEBUG org.opensaml.core.xml.io.UnmarshallerFactory - Registering unmarshaller, org.opensaml.xmlsec.signature.impl.KeyValueUnmarshaller, for object type, {http://www.w3.org/2000/09/xmldsig#}KeyValue
14:58:12.486 [Test worker] DEBUG org.opensaml.core.xml.config.XMLConfigurator - {http://www.w3.org/2000/09/xmldsig#}KeyValue intialized and configuration cached
14:58:12.486 [Test worker] DEBUG org.opensaml.core.xml.config.XMLConfigurator - Initializing object provider {http://www.w3.org/2000/09/xmldsig#}MgmtData
14:58:12.486 [Test worker] DEBUG org.opensaml.core.xml.config.XMLObjectProviderRegistry - Registering new builder, marshaller, and unmarshaller for {http://www.w3.org/2000/09/xmldsig#}MgmtData
14:58:12.486 [Test worker] DEBUG org.opensaml.core.xml.XMLObjectBuilderFactory - Registering builder org.opensaml.xmlsec.signature.impl.MgmtDataBuilder under key {http://www.w3.org/2000/09/xmldsig#}MgmtData
14:58:12.486 [Test worker] DEBUG org.opensaml.core.xml.io.MarshallerFactory - Registering marshaller, org.opensaml.core.xml.schema.impl.XSStringMarshaller, for object type {http://www.w3.org/2000/09/xmldsig#}MgmtData
14:58:12.486 [Test worker] DEBUG org.opensaml.core.xml.io.UnmarshallerFactory - Registering unmarshaller, org.opensaml.core.xml.schema.impl.XSStringUnmarshaller, for object type, {http://www.w3.org/2000/09/xmldsig#}MgmtData
14:58:12.486 [Test worker] DEBUG org.opensaml.core.xml.config.XMLConfigurator - {http://www.w3.org/2000/09/xmldsig#}MgmtData intialized and configuration cached
14:58:12.486 [Test worker] DEBUG org.opensaml.core.xml.config.XMLConfigurator - Initializing object provider {http://www.w3.org/2000/09/xmldsig#}Modulus
14:58:12.486 [Test worker] DEBUG org.opensaml.core.xml.config.XMLObjectProviderRegistry - Registering new builder, marshaller, and unmarshaller for {http://www.w3.org/2000/09/xmldsig#}Modulus
14:58:12.486 [Test worker] DEBUG org.opensaml.core.xml.XMLObjectBuilderFactory - Registering builder org.opensaml.xmlsec.signature.impl.ModulusBuilder under key {http://www.w3.org/2000/09/xmldsig#}Modulus
14:58:12.486 [Test worker] DEBUG org.opensaml.core.xml.io.MarshallerFactory - Registering marshaller, org.opensaml.xmlsec.signature.impl.CryptoBinaryMarshaller, for object type {http://www.w3.org/2000/09/xmldsig#}Modulus
14:58:12.486 [Test worker] DEBUG org.opensaml.core.xml.io.UnmarshallerFactory - Registering unmarshaller, org.opensaml.xmlsec.signature.impl.CryptoBinaryUnmarshaller, for object type, {http://www.w3.org/2000/09/xmldsig#}Modulus
14:58:12.486 [Test worker] DEBUG org.opensaml.core.xml.config.XMLConfigurator - {http://www.w3.org/2000/09/xmldsig#}Modulus intialized and configuration cached
14:58:12.486 [Test worker] DEBUG org.opensaml.core.xml.config.XMLConfigurator - Initializing object provider {http://www.w3.org/2000/09/xmldsig#}P
14:58:12.486 [Test worker] DEBUG org.opensaml.core.xml.config.XMLObjectProviderRegistry - Registering new builder, marshaller, and unmarshaller for {http://www.w3.org/2000/09/xmldsig#}P
14:58:12.486 [Test worker] DEBUG org.opensaml.core.xml.XMLObjectBuilderFactory - Registering builder org.opensaml.xmlsec.signature.impl.PBuilder under key {http://www.w3.org/2000/09/xmldsig#}P
14:58:12.486 [Test worker] DEBUG org.opensaml.core.xml.io.MarshallerFactory - Registering marshaller, org.opensaml.xmlsec.signature.impl.CryptoBinaryMarshaller, for object type {http://www.w3.org/2000/09/xmldsig#}P
14:58:12.486 [Test worker] DEBUG org.opensaml.core.xml.io.UnmarshallerFactory - Registering unmarshaller, org.opensaml.xmlsec.signature.impl.CryptoBinaryUnmarshaller, for object type, {http://www.w3.org/2000/09/xmldsig#}P
14:58:12.486 [Test worker] DEBUG org.opensaml.core.xml.config.XMLConfigurator - {http://www.w3.org/2000/09/xmldsig#}P intialized and configuration cached
14:58:12.486 [Test worker] DEBUG org.opensaml.core.xml.config.XMLConfigurator - Initializing object provider {http://www.w3.org/2000/09/xmldsig#}PgenCounter
14:58:12.486 [Test worker] DEBUG org.opensaml.core.xml.config.XMLObjectProviderRegistry - Registering new builder, marshaller, and unmarshaller for {http://www.w3.org/2000/09/xmldsig#}PgenCounter
14:58:12.486 [Test worker] DEBUG org.opensaml.core.xml.XMLObjectBuilderFactory - Registering builder org.opensaml.xmlsec.signature.impl.PgenCounterBuilder under key {http://www.w3.org/2000/09/xmldsig#}PgenCounter
14:58:12.486 [Test worker] DEBUG org.opensaml.core.xml.io.MarshallerFactory - Registering marshaller, org.opensaml.xmlsec.signature.impl.CryptoBinaryMarshaller, for object type {http://www.w3.org/2000/09/xmldsig#}PgenCounter
14:58:12.486 [Test worker] DEBUG org.opensaml.core.xml.io.UnmarshallerFactory - Registering unmarshaller, org.opensaml.xmlsec.signature.impl.CryptoBinaryUnmarshaller, for object type, {http://www.w3.org/2000/09/xmldsig#}PgenCounter
14:58:12.486 [Test worker] DEBUG org.opensaml.core.xml.config.XMLConfigurator - {http://www.w3.org/2000/09/xmldsig#}PgenCounter intialized and configuration cached
14:58:12.486 [Test worker] DEBUG org.opensaml.core.xml.config.XMLConfigurator - Initializing object provider {http://www.w3.org/2000/09/xmldsig#}PGPData
14:58:12.486 [Test worker] DEBUG org.opensaml.core.xml.config.XMLObjectProviderRegistry - Registering new builder, marshaller, and unmarshaller for {http://www.w3.org/2000/09/xmldsig#}PGPData
14:58:12.486 [Test worker] DEBUG org.opensaml.core.xml.XMLObjectBuilderFactory - Registering builder org.opensaml.xmlsec.signature.impl.PGPDataBuilder under key {http://www.w3.org/2000/09/xmldsig#}PGPData
14:58:12.486 [Test worker] DEBUG org.opensaml.core.xml.io.MarshallerFactory - Registering marshaller, org.opensaml.xmlsec.signature.impl.PGPDataMarshaller, for object type {http://www.w3.org/2000/09/xmldsig#}PGPData
14:58:12.486 [Test worker] DEBUG org.opensaml.core.xml.io.UnmarshallerFactory - Registering unmarshaller, org.opensaml.xmlsec.signature.impl.PGPDataUnmarshaller, for object type, {http://www.w3.org/2000/09/xmldsig#}PGPData
14:58:12.486 [Test worker] DEBUG org.opensaml.core.xml.config.XMLConfigurator - {http://www.w3.org/2000/09/xmldsig#}PGPData intialized and configuration cached
14:58:12.486 [Test worker] DEBUG org.opensaml.core.xml.config.XMLConfigurator - Initializing object provider {http://www.w3.org/2000/09/xmldsig#}PGPKeyID
14:58:12.486 [Test worker] DEBUG org.opensaml.core.xml.config.XMLObjectProviderRegistry - Registering new builder, marshaller, and unmarshaller for {http://www.w3.org/2000/09/xmldsig#}PGPKeyID
14:58:12.486 [Test worker] DEBUG org.opensaml.core.xml.XMLObjectBuilderFactory - Registering builder org.opensaml.xmlsec.signature.impl.PGPKeyIDBuilder under key {http://www.w3.org/2000/09/xmldsig#}PGPKeyID
14:58:12.486 [Test worker] DEBUG org.opensaml.core.xml.io.MarshallerFactory - Registering marshaller, org.opensaml.core.xml.schema.impl.XSBase64BinaryMarshaller, for object type {http://www.w3.org/2000/09/xmldsig#}PGPKeyID
14:58:12.486 [Test worker] DEBUG org.opensaml.core.xml.io.UnmarshallerFactory - Registering unmarshaller, org.opensaml.core.xml.schema.impl.XSBase64BinaryUnmarshaller, for object type, {http://www.w3.org/2000/09/xmldsig#}PGPKeyID
14:58:12.486 [Test worker] DEBUG org.opensaml.core.xml.config.XMLConfigurator - {http://www.w3.org/2000/09/xmldsig#}PGPKeyID intialized and configuration cached
14:58:12.486 [Test worker] DEBUG org.opensaml.core.xml.config.XMLConfigurator - Initializing object provider {http://www.w3.org/2000/09/xmldsig#}PGPKeyPacket
14:58:12.486 [Test worker] DEBUG org.opensaml.core.xml.config.XMLObjectProviderRegistry - Registering new builder, marshaller, and unmarshaller for {http://www.w3.org/2000/09/xmldsig#}PGPKeyPacket
14:58:12.486 [Test worker] DEBUG org.opensaml.core.xml.XMLObjectBuilderFactory - Registering builder org.opensaml.xmlsec.signature.impl.PGPKeyPacketBuilder under key {http://www.w3.org/2000/09/xmldsig#}PGPKeyPacket
14:58:12.486 [Test worker] DEBUG org.opensaml.core.xml.io.MarshallerFactory - Registering marshaller, org.opensaml.core.xml.schema.impl.XSBase64BinaryMarshaller, for object type {http://www.w3.org/2000/09/xmldsig#}PGPKeyPacket
14:58:12.486 [Test worker] DEBUG org.opensaml.core.xml.io.UnmarshallerFactory - Registering unmarshaller, org.opensaml.core.xml.schema.impl.XSBase64BinaryUnmarshaller, for object type, {http://www.w3.org/2000/09/xmldsig#}PGPKeyPacket
14:58:12.486 [Test worker] DEBUG org.opensaml.core.xml.config.XMLConfigurator - {http://www.w3.org/2000/09/xmldsig#}PGPKeyPacket intialized and configuration cached
14:58:12.486 [Test worker] DEBUG org.opensaml.core.xml.config.XMLConfigurator - Initializing object provider {http://www.w3.org/2000/09/xmldsig#}Q
14:58:12.487 [Test worker] DEBUG org.opensaml.core.xml.config.XMLObjectProviderRegistry - Registering new builder, marshaller, and unmarshaller for {http://www.w3.org/2000/09/xmldsig#}Q
14:58:12.487 [Test worker] DEBUG org.opensaml.core.xml.XMLObjectBuilderFactory - Registering builder org.opensaml.xmlsec.signature.impl.QBuilder under key {http://www.w3.org/2000/09/xmldsig#}Q
14:58:12.487 [Test worker] DEBUG org.opensaml.core.xml.io.MarshallerFactory - Registering marshaller, org.opensaml.xmlsec.signature.impl.CryptoBinaryMarshaller, for object type {http://www.w3.org/2000/09/xmldsig#}Q
14:58:12.487 [Test worker] DEBUG org.opensaml.core.xml.io.UnmarshallerFactory - Registering unmarshaller, org.opensaml.xmlsec.signature.impl.CryptoBinaryUnmarshaller, for object type, {http://www.w3.org/2000/09/xmldsig#}Q
14:58:12.487 [Test worker] DEBUG org.opensaml.core.xml.config.XMLConfigurator - {http://www.w3.org/2000/09/xmldsig#}Q intialized and configuration cached
14:58:12.487 [Test worker] DEBUG org.opensaml.core.xml.config.XMLConfigurator - Initializing object provider {http://www.w3.org/2000/09/xmldsig#}RetrievalMethod
14:58:12.487 [Test worker] DEBUG org.opensaml.core.xml.config.XMLObjectProviderRegistry - Registering new builder, marshaller, and unmarshaller for {http://www.w3.org/2000/09/xmldsig#}RetrievalMethod
14:58:12.487 [Test worker] DEBUG org.opensaml.core.xml.XMLObjectBuilderFactory - Registering builder org.opensaml.xmlsec.signature.impl.RetrievalMethodBuilder under key {http://www.w3.org/2000/09/xmldsig#}RetrievalMethod
14:58:12.487 [Test worker] DEBUG org.opensaml.core.xml.io.MarshallerFactory - Registering marshaller, org.opensaml.xmlsec.signature.impl.RetrievalMethodMarshaller, for object type {http://www.w3.org/2000/09/xmldsig#}RetrievalMethod
14:58:12.487 [Test worker] DEBUG org.opensaml.core.xml.io.UnmarshallerFactory - Registering unmarshaller, org.opensaml.xmlsec.signature.impl.RetrievalMethodUnmarshaller, for object type, {http://www.w3.org/2000/09/xmldsig#}RetrievalMethod
14:58:12.487 [Test worker] DEBUG org.opensaml.core.xml.config.XMLConfigurator - {http://www.w3.org/2000/09/xmldsig#}RetrievalMethod intialized and configuration cached
14:58:12.487 [Test worker] DEBUG org.opensaml.core.xml.config.XMLConfigurator - Initializing object provider {http://www.w3.org/2000/09/xmldsig#}RSAKeyValue
14:58:12.487 [Test worker] DEBUG org.opensaml.core.xml.config.XMLObjectProviderRegistry - Registering new builder, marshaller, and unmarshaller for {http://www.w3.org/2000/09/xmldsig#}RSAKeyValue
14:58:12.487 [Test worker] DEBUG org.opensaml.core.xml.XMLObjectBuilderFactory - Registering builder org.opensaml.xmlsec.signature.impl.RSAKeyValueBuilder under key {http://www.w3.org/2000/09/xmldsig#}RSAKeyValue
14:58:12.487 [Test worker] DEBUG org.opensaml.core.xml.io.MarshallerFactory - Registering marshaller, org.opensaml.xmlsec.signature.impl.RSAKeyValueMarshaller, for object type {http://www.w3.org/2000/09/xmldsig#}RSAKeyValue
14:58:12.487 [Test worker] DEBUG org.opensaml.core.xml.io.UnmarshallerFactory - Registering unmarshaller, org.opensaml.xmlsec.signature.impl.RSAKeyValueUnmarshaller, for object type, {http://www.w3.org/2000/09/xmldsig#}RSAKeyValue
14:58:12.487 [Test worker] DEBUG org.opensaml.core.xml.config.XMLConfigurator - {http://www.w3.org/2000/09/xmldsig#}RSAKeyValue intialized and configuration cached
14:58:12.487 [Test worker] DEBUG org.opensaml.core.xml.config.XMLConfigurator - Initializing object provider {http://www.w3.org/2000/09/xmldsig#}Seed
14:58:12.487 [Test worker] DEBUG org.opensaml.core.xml.config.XMLObjectProviderRegistry - Registering new builder, marshaller, and unmarshaller for {http://www.w3.org/2000/09/xmldsig#}Seed
14:58:12.487 [Test worker] DEBUG org.opensaml.core.xml.XMLObjectBuilderFactory - Registering builder org.opensaml.xmlsec.signature.impl.SeedBuilder under key {http://www.w3.org/2000/09/xmldsig#}Seed
14:58:12.487 [Test worker] DEBUG org.opensaml.core.xml.io.MarshallerFactory - Registering marshaller, org.opensaml.xmlsec.signature.impl.CryptoBinaryMarshaller, for object type {http://www.w3.org/2000/09/xmldsig#}Seed
14:58:12.487 [Test worker] DEBUG org.opensaml.core.xml.io.UnmarshallerFactory - Registering unmarshaller, org.opensaml.xmlsec.signature.impl.CryptoBinaryUnmarshaller, for object type, {http://www.w3.org/2000/09/xmldsig#}Seed
14:58:12.487 [Test worker] DEBUG org.opensaml.core.xml.config.XMLConfigurator - {http://www.w3.org/2000/09/xmldsig#}Seed intialized and configuration cached
14:58:12.487 [Test worker] DEBUG org.opensaml.core.xml.config.XMLConfigurator - Initializing object provider {http://www.w3.org/2000/09/xmldsig#}Signature
14:58:12.487 [Test worker] DEBUG org.opensaml.core.xml.config.XMLObjectProviderRegistry - Registering new builder, marshaller, and unmarshaller for {http://www.w3.org/2000/09/xmldsig#}Signature
14:58:12.487 [Test worker] DEBUG org.opensaml.core.xml.XMLObjectBuilderFactory - Registering builder org.opensaml.xmlsec.signature.impl.SignatureBuilder under key {http://www.w3.org/2000/09/xmldsig#}Signature
14:58:12.487 [Test worker] DEBUG org.opensaml.core.xml.io.MarshallerFactory - Registering marshaller, org.opensaml.xmlsec.signature.impl.SignatureMarshaller, for object type {http://www.w3.org/2000/09/xmldsig#}Signature
14:58:12.487 [Test worker] DEBUG org.opensaml.core.xml.io.UnmarshallerFactory - Registering unmarshaller, org.opensaml.xmlsec.signature.impl.SignatureUnmarshaller, for object type, {http://www.w3.org/2000/09/xmldsig#}Signature
14:58:12.487 [Test worker] DEBUG org.opensaml.core.xml.config.XMLConfigurator - {http://www.w3.org/2000/09/xmldsig#}Signature intialized and configuration cached
14:58:12.487 [Test worker] DEBUG org.opensaml.core.xml.config.XMLConfigurator - Initializing object provider {http://www.w3.org/2000/09/xmldsig#}SignatureType
14:58:12.487 [Test worker] DEBUG org.opensaml.core.xml.config.XMLObjectProviderRegistry - Registering new builder, marshaller, and unmarshaller for {http://www.w3.org/2000/09/xmldsig#}SignatureType
14:58:12.487 [Test worker] DEBUG org.opensaml.core.xml.XMLObjectBuilderFactory - Registering builder org.opensaml.xmlsec.signature.impl.SignatureBuilder under key {http://www.w3.org/2000/09/xmldsig#}SignatureType
14:58:12.487 [Test worker] DEBUG org.opensaml.core.xml.io.MarshallerFactory - Registering marshaller, org.opensaml.xmlsec.signature.impl.SignatureMarshaller, for object type {http://www.w3.org/2000/09/xmldsig#}SignatureType
14:58:12.487 [Test worker] DEBUG org.opensaml.core.xml.io.UnmarshallerFactory - Registering unmarshaller, org.opensaml.xmlsec.signature.impl.SignatureUnmarshaller, for object type, {http://www.w3.org/2000/09/xmldsig#}SignatureType
14:58:12.487 [Test worker] DEBUG org.opensaml.core.xml.config.XMLConfigurator - {http://www.w3.org/2000/09/xmldsig#}SignatureType intialized and configuration cached
14:58:12.487 [Test worker] DEBUG org.opensaml.core.xml.config.XMLConfigurator - Initializing object provider {http://www.w3.org/2000/09/xmldsig#}SPKIData
14:58:12.487 [Test worker] DEBUG org.opensaml.core.xml.config.XMLObjectProviderRegistry - Registering new builder, marshaller, and unmarshaller for {http://www.w3.org/2000/09/xmldsig#}SPKIData
14:58:12.487 [Test worker] DEBUG org.opensaml.core.xml.XMLObjectBuilderFactory - Registering builder org.opensaml.xmlsec.signature.impl.SPKIDataBuilder under key {http://www.w3.org/2000/09/xmldsig#}SPKIData
14:58:12.487 [Test worker] DEBUG org.opensaml.core.xml.io.MarshallerFactory - Registering marshaller, org.opensaml.xmlsec.signature.impl.SPKIDataMarshaller, for object type {http://www.w3.org/2000/09/xmldsig#}SPKIData
14:58:12.487 [Test worker] DEBUG org.opensaml.core.xml.io.UnmarshallerFactory - Registering unmarshaller, org.opensaml.xmlsec.signature.impl.SPKIDataUnmarshaller, for object type, {http://www.w3.org/2000/09/xmldsig#}SPKIData
14:58:12.487 [Test worker] DEBUG org.opensaml.core.xml.config.XMLConfigurator - {http://www.w3.org/2000/09/xmldsig#}SPKIData intialized and configuration cached
14:58:12.487 [Test worker] DEBUG org.opensaml.core.xml.config.XMLConfigurator - Initializing object provider {http://www.w3.org/2000/09/xmldsig#}SPKISexp
14:58:12.487 [Test worker] DEBUG org.opensaml.core.xml.config.XMLObjectProviderRegistry - Registering new builder, marshaller, and unmarshaller for {http://www.w3.org/2000/09/xmldsig#}SPKISexp
14:58:12.487 [Test worker] DEBUG org.opensaml.core.xml.XMLObjectBuilderFactory - Registering builder org.opensaml.xmlsec.signature.impl.SPKISexpBuilder under key {http://www.w3.org/2000/09/xmldsig#}SPKISexp
14:58:12.487 [Test worker] DEBUG org.opensaml.core.xml.io.MarshallerFactory - Registering marshaller, org.opensaml.core.xml.schema.impl.XSBase64BinaryMarshaller, for object type {http://www.w3.org/2000/09/xmldsig#}SPKISexp
14:58:12.487 [Test worker] DEBUG org.opensaml.core.xml.io.UnmarshallerFactory - Registering unmarshaller, org.opensaml.core.xml.schema.impl.XSBase64BinaryUnmarshaller, for object type, {http://www.w3.org/2000/09/xmldsig#}SPKISexp
14:58:12.487 [Test worker] DEBUG org.opensaml.core.xml.config.XMLConfigurator - {http://www.w3.org/2000/09/xmldsig#}SPKISexp intialized and configuration cached
14:58:12.487 [Test worker] DEBUG org.opensaml.core.xml.config.XMLConfigurator - Initializing object provider {http://www.w3.org/2000/09/xmldsig#}Transform
14:58:12.487 [Test worker] DEBUG org.opensaml.core.xml.config.XMLObjectProviderRegistry - Registering new builder, marshaller, and unmarshaller for {http://www.w3.org/2000/09/xmldsig#}Transform
14:58:12.487 [Test worker] DEBUG org.opensaml.core.xml.XMLObjectBuilderFactory - Registering builder org.opensaml.xmlsec.signature.impl.TransformBuilder under key {http://www.w3.org/2000/09/xmldsig#}Transform
14:58:12.487 [Test worker] DEBUG org.opensaml.core.xml.io.MarshallerFactory - Registering marshaller, org.opensaml.xmlsec.signature.impl.TransformMarshaller, for object type {http://www.w3.org/2000/09/xmldsig#}Transform
14:58:12.487 [Test worker] DEBUG org.opensaml.core.xml.io.UnmarshallerFactory - Registering unmarshaller, org.opensaml.xmlsec.signature.impl.TransformUnmarshaller, for object type, {http://www.w3.org/2000/09/xmldsig#}Transform
14:58:12.487 [Test worker] DEBUG org.opensaml.core.xml.config.XMLConfigurator - {http://www.w3.org/2000/09/xmldsig#}Transform intialized and configuration cached
14:58:12.487 [Test worker] DEBUG org.opensaml.core.xml.config.XMLConfigurator - Initializing object provider {http://www.w3.org/2000/09/xmldsig#}Transforms
14:58:12.487 [Test worker] DEBUG org.opensaml.core.xml.config.XMLObjectProviderRegistry - Registering new builder, marshaller, and unmarshaller for {http://www.w3.org/2000/09/xmldsig#}Transforms
14:58:12.487 [Test worker] DEBUG org.opensaml.core.xml.XMLObjectBuilderFactory - Registering builder org.opensaml.xmlsec.signature.impl.TransformsBuilder under key {http://www.w3.org/2000/09/xmldsig#}Transforms
14:58:12.487 [Test worker] DEBUG org.opensaml.core.xml.io.MarshallerFactory - Registering marshaller, org.opensaml.xmlsec.signature.impl.TransformsMarshaller, for object type {http://www.w3.org/2000/09/xmldsig#}Transforms
14:58:12.487 [Test worker] DEBUG org.opensaml.core.xml.io.UnmarshallerFactory - Registering unmarshaller, org.opensaml.xmlsec.signature.impl.TransformsUnmarshaller, for object type, {http://www.w3.org/2000/09/xmldsig#}Transforms
14:58:12.487 [Test worker] DEBUG org.opensaml.core.xml.config.XMLConfigurator - {http://www.w3.org/2000/09/xmldsig#}Transforms intialized and configuration cached
14:58:12.487 [Test worker] DEBUG org.opensaml.core.xml.config.XMLConfigurator - Initializing object provider {http://www.w3.org/2000/09/xmldsig#}XPath
14:58:12.487 [Test worker] DEBUG org.opensaml.core.xml.config.XMLObjectProviderRegistry - Registering new builder, marshaller, and unmarshaller for {http://www.w3.org/2000/09/xmldsig#}XPath
14:58:12.487 [Test worker] DEBUG org.opensaml.core.xml.XMLObjectBuilderFactory - Registering builder org.opensaml.xmlsec.signature.impl.XPathBuilder under key {http://www.w3.org/2000/09/xmldsig#}XPath
14:58:12.487 [Test worker] DEBUG org.opensaml.core.xml.io.MarshallerFactory - Registering marshaller, org.opensaml.core.xml.schema.impl.XSStringMarshaller, for object type {http://www.w3.org/2000/09/xmldsig#}XPath
14:58:12.487 [Test worker] DEBUG org.opensaml.core.xml.io.UnmarshallerFactory - Registering unmarshaller, org.opensaml.core.xml.schema.impl.XSStringUnmarshaller, for object type, {http://www.w3.org/2000/09/xmldsig#}XPath
14:58:12.487 [Test worker] DEBUG org.opensaml.core.xml.config.XMLConfigurator - {http://www.w3.org/2000/09/xmldsig#}XPath intialized and configuration cached
14:58:12.487 [Test worker] DEBUG org.opensaml.core.xml.config.XMLConfigurator - Initializing object provider {http://www.w3.org/2000/09/xmldsig#}X509Certificate
14:58:12.487 [Test worker] DEBUG org.opensaml.core.xml.config.XMLObjectProviderRegistry - Registering new builder, marshaller, and unmarshaller for {http://www.w3.org/2000/09/xmldsig#}X509Certificate
14:58:12.487 [Test worker] DEBUG org.opensaml.core.xml.XMLObjectBuilderFactory - Registering builder org.opensaml.xmlsec.signature.impl.X509CertificateBuilder under key {http://www.w3.org/2000/09/xmldsig#}X509Certificate
14:58:12.487 [Test worker] DEBUG org.opensaml.core.xml.io.MarshallerFactory - Registering marshaller, org.opensaml.core.xml.schema.impl.XSBase64BinaryMarshaller, for object type {http://www.w3.org/2000/09/xmldsig#}X509Certificate
14:58:12.487 [Test worker] DEBUG org.opensaml.core.xml.io.UnmarshallerFactory - Registering unmarshaller, org.opensaml.core.xml.schema.impl.XSBase64BinaryUnmarshaller, for object type, {http://www.w3.org/2000/09/xmldsig#}X509Certificate
14:58:12.488 [Test worker] DEBUG org.opensaml.core.xml.config.XMLConfigurator - {http://www.w3.org/2000/09/xmldsig#}X509Certificate intialized and configuration cached
14:58:12.488 [Test worker] DEBUG org.opensaml.core.xml.config.XMLConfigurator - Initializing object provider {http://www.w3.org/2000/09/xmldsig#}X509CRL
14:58:12.488 [Test worker] DEBUG org.opensaml.core.xml.config.XMLObjectProviderRegistry - Registering new builder, marshaller, and unmarshaller for {http://www.w3.org/2000/09/xmldsig#}X509CRL
14:58:12.488 [Test worker] DEBUG org.opensaml.core.xml.XMLObjectBuilderFactory - Registering builder org.opensaml.xmlsec.signature.impl.X509CRLBuilder under key {http://www.w3.org/2000/09/xmldsig#}X509CRL
14:58:12.488 [Test worker] DEBUG org.opensaml.core.xml.io.MarshallerFactory - Registering marshaller, org.opensaml.core.xml.schema.impl.XSBase64BinaryMarshaller, for object type {http://www.w3.org/2000/09/xmldsig#}X509CRL
14:58:12.488 [Test worker] DEBUG org.opensaml.core.xml.io.UnmarshallerFactory - Registering unmarshaller, org.opensaml.core.xml.schema.impl.XSBase64BinaryUnmarshaller, for object type, {http://www.w3.org/2000/09/xmldsig#}X509CRL
14:58:12.488 [Test worker] DEBUG org.opensaml.core.xml.config.XMLConfigurator - {http://www.w3.org/2000/09/xmldsig#}X509CRL intialized and configuration cached
14:58:12.488 [Test worker] DEBUG org.opensaml.core.xml.config.XMLConfigurator - Initializing object provider {http://www.w3.org/2000/09/xmldsig#}X509Data
14:58:12.488 [Test worker] DEBUG org.opensaml.core.xml.config.XMLObjectProviderRegistry - Registering new builder, marshaller, and unmarshaller for {http://www.w3.org/2000/09/xmldsig#}X509Data
14:58:12.488 [Test worker] DEBUG org.opensaml.core.xml.XMLObjectBuilderFactory - Registering builder org.opensaml.xmlsec.signature.impl.X509DataBuilder under key {http://www.w3.org/2000/09/xmldsig#}X509Data
14:58:12.488 [Test worker] DEBUG org.opensaml.core.xml.io.MarshallerFactory - Registering marshaller, org.opensaml.xmlsec.signature.impl.X509DataMarshaller, for object type {http://www.w3.org/2000/09/xmldsig#}X509Data
14:58:12.488 [Test worker] DEBUG org.opensaml.core.xml.io.UnmarshallerFactory - Registering unmarshaller, org.opensaml.xmlsec.signature.impl.X509DataUnmarshaller, for object type, {http://www.w3.org/2000/09/xmldsig#}X509Data
14:58:12.488 [Test worker] DEBUG org.opensaml.core.xml.config.XMLConfigurator - {http://www.w3.org/2000/09/xmldsig#}X509Data intialized and configuration cached
14:58:12.488 [Test worker] DEBUG org.opensaml.core.xml.config.XMLConfigurator - Initializing object provider {http://www.w3.org/2000/09/xmldsig#}X509IssuerName
14:58:12.488 [Test worker] DEBUG org.opensaml.core.xml.config.XMLObjectProviderRegistry - Registering new builder, marshaller, and unmarshaller for {http://www.w3.org/2000/09/xmldsig#}X509IssuerName
14:58:12.488 [Test worker] DEBUG org.opensaml.core.xml.XMLObjectBuilderFactory - Registering builder org.opensaml.xmlsec.signature.impl.X509IssuerNameBuilder under key {http://www.w3.org/2000/09/xmldsig#}X509IssuerName
14:58:12.488 [Test worker] DEBUG org.opensaml.core.xml.io.MarshallerFactory - Registering marshaller, org.opensaml.core.xml.schema.impl.XSStringMarshaller, for object type {http://www.w3.org/2000/09/xmldsig#}X509IssuerName
14:58:12.488 [Test worker] DEBUG org.opensaml.core.xml.io.UnmarshallerFactory - Registering unmarshaller, org.opensaml.core.xml.schema.impl.XSStringUnmarshaller, for object type, {http://www.w3.org/2000/09/xmldsig#}X509IssuerName
14:58:12.488 [Test worker] DEBUG org.opensaml.core.xml.config.XMLConfigurator - {http://www.w3.org/2000/09/xmldsig#}X509IssuerName intialized and configuration cached
14:58:12.488 [Test worker] DEBUG org.opensaml.core.xml.config.XMLConfigurator - Initializing object provider {http://www.w3.org/2000/09/xmldsig#}X509IssuerSerial
14:58:12.488 [Test worker] DEBUG org.opensaml.core.xml.config.XMLObjectProviderRegistry - Registering new builder, marshaller, and unmarshaller for {http://www.w3.org/2000/09/xmldsig#}X509IssuerSerial
14:58:12.488 [Test worker] DEBUG org.opensaml.core.xml.XMLObjectBuilderFactory - Registering builder org.opensaml.xmlsec.signature.impl.X509IssuerSerialBuilder under key {http://www.w3.org/2000/09/xmldsig#}X509IssuerSerial
14:58:12.488 [Test worker] DEBUG org.opensaml.core.xml.io.MarshallerFactory - Registering marshaller, org.opensaml.xmlsec.signature.impl.X509IssuerSerialMarshaller, for object type {http://www.w3.org/2000/09/xmldsig#}X509IssuerSerial
14:58:12.488 [Test worker] DEBUG org.opensaml.core.xml.io.UnmarshallerFactory - Registering unmarshaller, org.opensaml.xmlsec.signature.impl.X509IssuerSerialUnmarshaller, for object type, {http://www.w3.org/2000/09/xmldsig#}X509IssuerSerial
14:58:12.488 [Test worker] DEBUG org.opensaml.core.xml.config.XMLConfigurator - {http://www.w3.org/2000/09/xmldsig#}X509IssuerSerial intialized and configuration cached
14:58:12.488 [Test worker] DEBUG org.opensaml.core.xml.config.XMLConfigurator - Initializing object provider {http://www.w3.org/2000/09/xmldsig#}X509SerialNumber
14:58:12.488 [Test worker] DEBUG org.opensaml.core.xml.config.XMLObjectProviderRegistry - Registering new builder, marshaller, and unmarshaller for {http://www.w3.org/2000/09/xmldsig#}X509SerialNumber
14:58:12.488 [Test worker] DEBUG org.opensaml.core.xml.XMLObjectBuilderFactory - Registering builder org.opensaml.xmlsec.signature.impl.X509SerialNumberBuilder under key {http://www.w3.org/2000/09/xmldsig#}X509SerialNumber
14:58:12.488 [Test worker] DEBUG org.opensaml.core.xml.io.MarshallerFactory - Registering marshaller, org.opensaml.xmlsec.signature.impl.X509SerialNumberMarshaller, for object type {http://www.w3.org/2000/09/xmldsig#}X509SerialNumber
14:58:12.488 [Test worker] DEBUG org.opensaml.core.xml.io.UnmarshallerFactory - Registering unmarshaller, org.opensaml.xmlsec.signature.impl.X509SerialNumberUnmarshaller, for object type, {http://www.w3.org/2000/09/xmldsig#}X509SerialNumber
14:58:12.488 [Test worker] DEBUG org.opensaml.core.xml.config.XMLConfigurator - {http://www.w3.org/2000/09/xmldsig#}X509SerialNumber intialized and configuration cached
14:58:12.488 [Test worker] DEBUG org.opensaml.core.xml.config.XMLConfigurator - Initializing object provider {http://www.w3.org/2000/09/xmldsig#}X509SKI
14:58:12.488 [Test worker] DEBUG org.opensaml.core.xml.config.XMLObjectProviderRegistry - Registering new builder, marshaller, and unmarshaller for {http://www.w3.org/2000/09/xmldsig#}X509SKI
14:58:12.488 [Test worker] DEBUG org.opensaml.core.xml.XMLObjectBuilderFactory - Registering builder org.opensaml.xmlsec.signature.impl.X509SKIBuilder under key {http://www.w3.org/2000/09/xmldsig#}X509SKI
14:58:12.488 [Test worker] DEBUG org.opensaml.core.xml.io.MarshallerFactory - Registering marshaller, org.opensaml.core.xml.schema.impl.XSBase64BinaryMarshaller, for object type {http://www.w3.org/2000/09/xmldsig#}X509SKI
14:58:12.488 [Test worker] DEBUG org.opensaml.core.xml.io.UnmarshallerFactory - Registering unmarshaller, org.opensaml.core.xml.schema.impl.XSBase64BinaryUnmarshaller, for object type, {http://www.w3.org/2000/09/xmldsig#}X509SKI
14:58:12.488 [Test worker] DEBUG org.opensaml.core.xml.config.XMLConfigurator - {http://www.w3.org/2000/09/xmldsig#}X509SKI intialized and configuration cached
14:58:12.488 [Test worker] DEBUG org.opensaml.core.xml.config.XMLConfigurator - Initializing object provider {http://www.w3.org/2000/09/xmldsig#}X509SubjectName
14:58:12.488 [Test worker] DEBUG org.opensaml.core.xml.config.XMLObjectProviderRegistry - Registering new builder, marshaller, and unmarshaller for {http://www.w3.org/2000/09/xmldsig#}X509SubjectName
14:58:12.488 [Test worker] DEBUG org.opensaml.core.xml.XMLObjectBuilderFactory - Registering builder org.opensaml.xmlsec.signature.impl.X509SubjectNameBuilder under key {http://www.w3.org/2000/09/xmldsig#}X509SubjectName
14:58:12.488 [Test worker] DEBUG org.opensaml.core.xml.io.MarshallerFactory - Registering marshaller, org.opensaml.core.xml.schema.impl.XSStringMarshaller, for object type {http://www.w3.org/2000/09/xmldsig#}X509SubjectName
14:58:12.488 [Test worker] DEBUG org.opensaml.core.xml.io.UnmarshallerFactory - Registering unmarshaller, org.opensaml.core.xml.schema.impl.XSStringUnmarshaller, for object type, {http://www.w3.org/2000/09/xmldsig#}X509SubjectName
14:58:12.488 [Test worker] DEBUG org.opensaml.core.xml.config.XMLConfigurator - {http://www.w3.org/2000/09/xmldsig#}X509SubjectName intialized and configuration cached
14:58:12.488 [Test worker] DEBUG org.opensaml.core.xml.config.XMLConfigurator - Initializing object provider {http://www.w3.org/2000/09/xmldsig#}Y
14:58:12.488 [Test worker] DEBUG org.opensaml.core.xml.config.XMLObjectProviderRegistry - Registering new builder, marshaller, and unmarshaller for {http://www.w3.org/2000/09/xmldsig#}Y
14:58:12.488 [Test worker] DEBUG org.opensaml.core.xml.XMLObjectBuilderFactory - Registering builder org.opensaml.xmlsec.signature.impl.YBuilder under key {http://www.w3.org/2000/09/xmldsig#}Y
14:58:12.488 [Test worker] DEBUG org.opensaml.core.xml.io.MarshallerFactory - Registering marshaller, org.opensaml.xmlsec.signature.impl.CryptoBinaryMarshaller, for object type {http://www.w3.org/2000/09/xmldsig#}Y
14:58:12.488 [Test worker] DEBUG org.opensaml.core.xml.io.UnmarshallerFactory - Registering unmarshaller, org.opensaml.xmlsec.signature.impl.CryptoBinaryUnmarshaller, for object type, {http://www.w3.org/2000/09/xmldsig#}Y
14:58:12.488 [Test worker] DEBUG org.opensaml.core.xml.config.XMLConfigurator - {http://www.w3.org/2000/09/xmldsig#}Y intialized and configuration cached
14:58:12.488 [Test worker] DEBUG org.opensaml.core.xml.config.XMLConfigurator - Initializing object provider {http://www.w3.org/2009/xmldsig11#}DEREncodedKeyValue
14:58:12.488 [Test worker] DEBUG org.opensaml.core.xml.config.XMLObjectProviderRegistry - Registering new builder, marshaller, and unmarshaller for {http://www.w3.org/2009/xmldsig11#}DEREncodedKeyValue
14:58:12.488 [Test worker] DEBUG org.opensaml.core.xml.XMLObjectBuilderFactory - Registering builder org.opensaml.xmlsec.signature.impl.DEREncodedKeyValueBuilder under key {http://www.w3.org/2009/xmldsig11#}DEREncodedKeyValue
14:58:12.488 [Test worker] DEBUG org.opensaml.core.xml.io.MarshallerFactory - Registering marshaller, org.opensaml.xmlsec.signature.impl.DEREncodedKeyValueMarshaller, for object type {http://www.w3.org/2009/xmldsig11#}DEREncodedKeyValue
14:58:12.488 [Test worker] DEBUG org.opensaml.core.xml.io.UnmarshallerFactory - Registering unmarshaller, org.opensaml.xmlsec.signature.impl.DEREncodedKeyValueUnmarshaller, for object type, {http://www.w3.org/2009/xmldsig11#}DEREncodedKeyValue
14:58:12.488 [Test worker] DEBUG org.opensaml.core.xml.config.XMLConfigurator - {http://www.w3.org/2009/xmldsig11#}DEREncodedKeyValue intialized and configuration cached
14:58:12.488 [Test worker] DEBUG org.opensaml.core.xml.config.XMLConfigurator - Initializing object provider {http://www.w3.org/2009/xmldsig11#}ECKeyValue
14:58:12.488 [Test worker] DEBUG org.opensaml.core.xml.config.XMLObjectProviderRegistry - Registering new builder, marshaller, and unmarshaller for {http://www.w3.org/2009/xmldsig11#}ECKeyValue
14:58:12.488 [Test worker] DEBUG org.opensaml.core.xml.XMLObjectBuilderFactory - Registering builder org.opensaml.xmlsec.signature.impl.ECKeyValueBuilder under key {http://www.w3.org/2009/xmldsig11#}ECKeyValue
14:58:12.488 [Test worker] DEBUG org.opensaml.core.xml.io.MarshallerFactory - Registering marshaller, org.opensaml.xmlsec.signature.impl.ECKeyValueMarshaller, for object type {http://www.w3.org/2009/xmldsig11#}ECKeyValue
14:58:12.488 [Test worker] DEBUG org.opensaml.core.xml.io.UnmarshallerFactory - Registering unmarshaller, org.opensaml.xmlsec.signature.impl.ECKeyValueUnmarshaller, for object type, {http://www.w3.org/2009/xmldsig11#}ECKeyValue
14:58:12.488 [Test worker] DEBUG org.opensaml.core.xml.config.XMLConfigurator - {http://www.w3.org/2009/xmldsig11#}ECKeyValue intialized and configuration cached
14:58:12.488 [Test worker] DEBUG org.opensaml.core.xml.config.XMLConfigurator - Initializing object provider {http://www.w3.org/2009/xmldsig11#}KeyInfoReference
14:58:12.488 [Test worker] DEBUG org.opensaml.core.xml.config.XMLObjectProviderRegistry - Registering new builder, marshaller, and unmarshaller for {http://www.w3.org/2009/xmldsig11#}KeyInfoReference
14:58:12.488 [Test worker] DEBUG org.opensaml.core.xml.XMLObjectBuilderFactory - Registering builder org.opensaml.xmlsec.signature.impl.KeyInfoReferenceBuilder under key {http://www.w3.org/2009/xmldsig11#}KeyInfoReference
14:58:12.488 [Test worker] DEBUG org.opensaml.core.xml.io.MarshallerFactory - Registering marshaller, org.opensaml.xmlsec.signature.impl.KeyInfoReferenceMarshaller, for object type {http://www.w3.org/2009/xmldsig11#}KeyInfoReference
14:58:12.488 [Test worker] DEBUG org.opensaml.core.xml.io.UnmarshallerFactory - Registering unmarshaller, org.opensaml.xmlsec.signature.impl.KeyInfoReferenceUnmarshaller, for object type, {http://www.w3.org/2009/xmldsig11#}KeyInfoReference
14:58:12.488 [Test worker] DEBUG org.opensaml.core.xml.config.XMLConfigurator - {http://www.w3.org/2009/xmldsig11#}KeyInfoReference intialized and configuration cached
14:58:12.488 [Test worker] DEBUG org.opensaml.core.xml.config.XMLConfigurator - Initializing object provider {http://www.w3.org/2009/xmldsig11#}NamedCurve
14:58:12.489 [Test worker] DEBUG org.opensaml.core.xml.config.XMLObjectProviderRegistry - Registering new builder, marshaller, and unmarshaller for {http://www.w3.org/2009/xmldsig11#}NamedCurve
14:58:12.489 [Test worker] DEBUG org.opensaml.core.xml.XMLObjectBuilderFactory - Registering builder org.opensaml.xmlsec.signature.impl.NamedCurveBuilder under key {http://www.w3.org/2009/xmldsig11#}NamedCurve
14:58:12.489 [Test worker] DEBUG org.opensaml.core.xml.io.MarshallerFactory - Registering marshaller, org.opensaml.xmlsec.signature.impl.NamedCurveMarshaller, for object type {http://www.w3.org/2009/xmldsig11#}NamedCurve
14:58:12.489 [Test worker] DEBUG org.opensaml.core.xml.io.UnmarshallerFactory - Registering unmarshaller, org.opensaml.xmlsec.signature.impl.NamedCurveUnmarshaller, for object type, {http://www.w3.org/2009/xmldsig11#}NamedCurve
14:58:12.489 [Test worker] DEBUG org.opensaml.core.xml.config.XMLConfigurator - {http://www.w3.org/2009/xmldsig11#}NamedCurve intialized and configuration cached
14:58:12.489 [Test worker] DEBUG org.opensaml.core.xml.config.XMLConfigurator - Initializing object provider {http://www.w3.org/2009/xmldsig11#}PublicKey
14:58:12.489 [Test worker] DEBUG org.opensaml.core.xml.config.XMLObjectProviderRegistry - Registering new builder, marshaller, and unmarshaller for {http://www.w3.org/2009/xmldsig11#}PublicKey
14:58:12.489 [Test worker] DEBUG org.opensaml.core.xml.XMLObjectBuilderFactory - Registering builder org.opensaml.xmlsec.signature.impl.PublicKeyBuilder under key {http://www.w3.org/2009/xmldsig11#}PublicKey
14:58:12.489 [Test worker] DEBUG org.opensaml.core.xml.io.MarshallerFactory - Registering marshaller, org.opensaml.xmlsec.signature.impl.CryptoBinaryMarshaller, for object type {http://www.w3.org/2009/xmldsig11#}PublicKey
14:58:12.489 [Test worker] DEBUG org.opensaml.core.xml.io.UnmarshallerFactory - Registering unmarshaller, org.opensaml.xmlsec.signature.impl.CryptoBinaryUnmarshaller, for object type, {http://www.w3.org/2009/xmldsig11#}PublicKey
14:58:12.489 [Test worker] DEBUG org.opensaml.core.xml.config.XMLConfigurator - {http://www.w3.org/2009/xmldsig11#}PublicKey intialized and configuration cached
14:58:12.489 [Test worker] DEBUG org.opensaml.core.xml.config.XMLConfigurator - Initializing object provider {http://www.w3.org/2009/xmldsig11#}X509Digest
14:58:12.489 [Test worker] DEBUG org.opensaml.core.xml.config.XMLObjectProviderRegistry - Registering new builder, marshaller, and unmarshaller for {http://www.w3.org/2009/xmldsig11#}X509Digest
14:58:12.489 [Test worker] DEBUG org.opensaml.core.xml.XMLObjectBuilderFactory - Registering builder org.opensaml.xmlsec.signature.impl.X509DigestBuilder under key {http://www.w3.org/2009/xmldsig11#}X509Digest
14:58:12.489 [Test worker] DEBUG org.opensaml.core.xml.io.MarshallerFactory - Registering marshaller, org.opensaml.xmlsec.signature.impl.X509DigestMarshaller, for object type {http://www.w3.org/2009/xmldsig11#}X509Digest
14:58:12.489 [Test worker] DEBUG org.opensaml.core.xml.io.UnmarshallerFactory - Registering unmarshaller, org.opensaml.xmlsec.signature.impl.X509DigestUnmarshaller, for object type, {http://www.w3.org/2009/xmldsig11#}X509Digest
14:58:12.489 [Test worker] DEBUG org.opensaml.core.xml.config.XMLConfigurator - {http://www.w3.org/2009/xmldsig11#}X509Digest intialized and configuration cached
14:58:12.489 [Test worker] DEBUG org.opensaml.core.xml.config.XMLConfigurator - ObjectProviders load complete
14:58:12.489 [Test worker] DEBUG org.opensaml.core.xml.config.AbstractXMLObjectProviderInitializer - Loading XMLObject provider configuration from resource 'encryption-config.xml'
14:58:12.490 [Test worker] DEBUG org.opensaml.core.xml.config.XMLConfigurator - Loading configuration from XML Document
14:58:12.491 [Test worker] DEBUG org.opensaml.core.xml.config.XMLConfigurator - Schema validating configuration Document
14:58:12.492 [Test worker] DEBUG org.opensaml.core.xml.config.XMLConfigurator - Configuration document validated
14:58:12.492 [Test worker] DEBUG org.opensaml.core.xml.config.XMLConfigurator - Preparing to load ObjectProviders
14:58:12.492 [Test worker] DEBUG org.opensaml.core.xml.config.XMLConfigurator - Initializing object provider {http://www.w3.org/2001/04/xmlenc#}AgreementMethod
14:58:12.492 [Test worker] DEBUG org.opensaml.core.xml.config.XMLObjectProviderRegistry - Registering new builder, marshaller, and unmarshaller for {http://www.w3.org/2001/04/xmlenc#}AgreementMethod
14:58:12.492 [Test worker] DEBUG org.opensaml.core.xml.XMLObjectBuilderFactory - Registering builder org.opensaml.xmlsec.encryption.impl.AgreementMethodBuilder under key {http://www.w3.org/2001/04/xmlenc#}AgreementMethod
14:58:12.492 [Test worker] DEBUG org.opensaml.core.xml.io.MarshallerFactory - Registering marshaller, org.opensaml.xmlsec.encryption.impl.AgreementMethodMarshaller, for object type {http://www.w3.org/2001/04/xmlenc#}AgreementMethod
14:58:12.492 [Test worker] DEBUG org.opensaml.core.xml.io.UnmarshallerFactory - Registering unmarshaller, org.opensaml.xmlsec.encryption.impl.AgreementMethodUnmarshaller, for object type, {http://www.w3.org/2001/04/xmlenc#}AgreementMethod
14:58:12.492 [Test worker] DEBUG org.opensaml.core.xml.config.XMLConfigurator - {http://www.w3.org/2001/04/xmlenc#}AgreementMethod intialized and configuration cached
14:58:12.492 [Test worker] DEBUG org.opensaml.core.xml.config.XMLConfigurator - Initializing object provider {http://www.w3.org/2001/04/xmlenc#}CarriedKeyName
14:58:12.492 [Test worker] DEBUG org.opensaml.core.xml.config.XMLObjectProviderRegistry - Registering new builder, marshaller, and unmarshaller for {http://www.w3.org/2001/04/xmlenc#}CarriedKeyName
14:58:12.492 [Test worker] DEBUG org.opensaml.core.xml.XMLObjectBuilderFactory - Registering builder org.opensaml.xmlsec.encryption.impl.CarriedKeyNameBuilder under key {http://www.w3.org/2001/04/xmlenc#}CarriedKeyName
14:58:12.492 [Test worker] DEBUG org.opensaml.core.xml.io.MarshallerFactory - Registering marshaller, org.opensaml.core.xml.schema.impl.XSStringMarshaller, for object type {http://www.w3.org/2001/04/xmlenc#}CarriedKeyName
14:58:12.492 [Test worker] DEBUG org.opensaml.core.xml.io.UnmarshallerFactory - Registering unmarshaller, org.opensaml.core.xml.schema.impl.XSStringUnmarshaller, for object type, {http://www.w3.org/2001/04/xmlenc#}CarriedKeyName
14:58:12.492 [Test worker] DEBUG org.opensaml.core.xml.config.XMLConfigurator - {http://www.w3.org/2001/04/xmlenc#}CarriedKeyName intialized and configuration cached
14:58:12.492 [Test worker] DEBUG org.opensaml.core.xml.config.XMLConfigurator - Initializing object provider {http://www.w3.org/2001/04/xmlenc#}CipherData
14:58:12.492 [Test worker] DEBUG org.opensaml.core.xml.config.XMLObjectProviderRegistry - Registering new builder, marshaller, and unmarshaller for {http://www.w3.org/2001/04/xmlenc#}CipherData
14:58:12.492 [Test worker] DEBUG org.opensaml.core.xml.XMLObjectBuilderFactory - Registering builder org.opensaml.xmlsec.encryption.impl.CipherDataBuilder under key {http://www.w3.org/2001/04/xmlenc#}CipherData
14:58:12.492 [Test worker] DEBUG org.opensaml.core.xml.io.MarshallerFactory - Registering marshaller, org.opensaml.xmlsec.encryption.impl.CipherDataMarshaller, for object type {http://www.w3.org/2001/04/xmlenc#}CipherData
14:58:12.492 [Test worker] DEBUG org.opensaml.core.xml.io.UnmarshallerFactory - Registering unmarshaller, org.opensaml.xmlsec.encryption.impl.CipherDataUnmarshaller, for object type, {http://www.w3.org/2001/04/xmlenc#}CipherData
14:58:12.492 [Test worker] DEBUG org.opensaml.core.xml.config.XMLConfigurator - {http://www.w3.org/2001/04/xmlenc#}CipherData intialized and configuration cached
14:58:12.492 [Test worker] DEBUG org.opensaml.core.xml.config.XMLConfigurator - Initializing object provider {http://www.w3.org/2001/04/xmlenc#}CipherReference
14:58:12.492 [Test worker] DEBUG org.opensaml.core.xml.config.XMLObjectProviderRegistry - Registering new builder, marshaller, and unmarshaller for {http://www.w3.org/2001/04/xmlenc#}CipherReference
14:58:12.492 [Test worker] DEBUG org.opensaml.core.xml.XMLObjectBuilderFactory - Registering builder org.opensaml.xmlsec.encryption.impl.CipherReferenceBuilder under key {http://www.w3.org/2001/04/xmlenc#}CipherReference
14:58:12.492 [Test worker] DEBUG org.opensaml.core.xml.io.MarshallerFactory - Registering marshaller, org.opensaml.xmlsec.encryption.impl.CipherReferenceMarshaller, for object type {http://www.w3.org/2001/04/xmlenc#}CipherReference
14:58:12.492 [Test worker] DEBUG org.opensaml.core.xml.io.UnmarshallerFactory - Registering unmarshaller, org.opensaml.xmlsec.encryption.impl.CipherReferenceUnmarshaller, for object type, {http://www.w3.org/2001/04/xmlenc#}CipherReference
14:58:12.492 [Test worker] DEBUG org.opensaml.core.xml.config.XMLConfigurator - {http://www.w3.org/2001/04/xmlenc#}CipherReference intialized and configuration cached
14:58:12.492 [Test worker] DEBUG org.opensaml.core.xml.config.XMLConfigurator - Initializing object provider {http://www.w3.org/2001/04/xmlenc#}CipherValue
14:58:12.492 [Test worker] DEBUG org.opensaml.core.xml.config.XMLObjectProviderRegistry - Registering new builder, marshaller, and unmarshaller for {http://www.w3.org/2001/04/xmlenc#}CipherValue
14:58:12.492 [Test worker] DEBUG org.opensaml.core.xml.XMLObjectBuilderFactory - Registering builder org.opensaml.xmlsec.encryption.impl.CipherValueBuilder under key {http://www.w3.org/2001/04/xmlenc#}CipherValue
14:58:12.492 [Test worker] DEBUG org.opensaml.core.xml.io.MarshallerFactory - Registering marshaller, org.opensaml.core.xml.schema.impl.XSBase64BinaryMarshaller, for object type {http://www.w3.org/2001/04/xmlenc#}CipherValue
14:58:12.492 [Test worker] DEBUG org.opensaml.core.xml.io.UnmarshallerFactory - Registering unmarshaller, org.opensaml.core.xml.schema.impl.XSBase64BinaryUnmarshaller, for object type, {http://www.w3.org/2001/04/xmlenc#}CipherValue
14:58:12.492 [Test worker] DEBUG org.opensaml.core.xml.config.XMLConfigurator - {http://www.w3.org/2001/04/xmlenc#}CipherValue intialized and configuration cached
14:58:12.492 [Test worker] DEBUG org.opensaml.core.xml.config.XMLConfigurator - Initializing object provider {http://www.w3.org/2001/04/xmlenc#}DataReference
14:58:12.492 [Test worker] DEBUG org.opensaml.core.xml.config.XMLObjectProviderRegistry - Registering new builder, marshaller, and unmarshaller for {http://www.w3.org/2001/04/xmlenc#}DataReference
14:58:12.492 [Test worker] DEBUG org.opensaml.core.xml.XMLObjectBuilderFactory - Registering builder org.opensaml.xmlsec.encryption.impl.DataReferenceBuilder under key {http://www.w3.org/2001/04/xmlenc#}DataReference
14:58:12.492 [Test worker] DEBUG org.opensaml.core.xml.io.MarshallerFactory - Registering marshaller, org.opensaml.xmlsec.encryption.impl.DataReferenceMarshaller, for object type {http://www.w3.org/2001/04/xmlenc#}DataReference
14:58:12.492 [Test worker] DEBUG org.opensaml.core.xml.io.UnmarshallerFactory - Registering unmarshaller, org.opensaml.xmlsec.encryption.impl.DataReferenceUnmarshaller, for object type, {http://www.w3.org/2001/04/xmlenc#}DataReference
14:58:12.492 [Test worker] DEBUG org.opensaml.core.xml.config.XMLConfigurator - {http://www.w3.org/2001/04/xmlenc#}DataReference intialized and configuration cached
14:58:12.492 [Test worker] DEBUG org.opensaml.core.xml.config.XMLConfigurator - Initializing object provider {http://www.w3.org/2001/04/xmlenc#}DHKeyValue
14:58:12.492 [Test worker] DEBUG org.opensaml.core.xml.config.XMLObjectProviderRegistry - Registering new builder, marshaller, and unmarshaller for {http://www.w3.org/2001/04/xmlenc#}DHKeyValue
14:58:12.492 [Test worker] DEBUG org.opensaml.core.xml.XMLObjectBuilderFactory - Registering builder org.opensaml.xmlsec.encryption.impl.DHKeyValueBuilder under key {http://www.w3.org/2001/04/xmlenc#}DHKeyValue
14:58:12.492 [Test worker] DEBUG org.opensaml.core.xml.io.MarshallerFactory - Registering marshaller, org.opensaml.xmlsec.encryption.impl.DHKeyValueMarshaller, for object type {http://www.w3.org/2001/04/xmlenc#}DHKeyValue
14:58:12.492 [Test worker] DEBUG org.opensaml.core.xml.io.UnmarshallerFactory - Registering unmarshaller, org.opensaml.xmlsec.encryption.impl.DHKeyValueUnmarshaller, for object type, {http://www.w3.org/2001/04/xmlenc#}DHKeyValue
14:58:12.492 [Test worker] DEBUG org.opensaml.core.xml.config.XMLConfigurator - {http://www.w3.org/2001/04/xmlenc#}DHKeyValue intialized and configuration cached
14:58:12.492 [Test worker] DEBUG org.opensaml.core.xml.config.XMLConfigurator - Initializing object provider {http://www.w3.org/2001/04/xmlenc#}EncryptedData
14:58:12.492 [Test worker] DEBUG org.opensaml.core.xml.config.XMLObjectProviderRegistry - Registering new builder, marshaller, and unmarshaller for {http://www.w3.org/2001/04/xmlenc#}EncryptedData
14:58:12.492 [Test worker] DEBUG org.opensaml.core.xml.XMLObjectBuilderFactory - Registering builder org.opensaml.xmlsec.encryption.impl.EncryptedDataBuilder under key {http://www.w3.org/2001/04/xmlenc#}EncryptedData
14:58:12.492 [Test worker] DEBUG org.opensaml.core.xml.io.MarshallerFactory - Registering marshaller, org.opensaml.xmlsec.encryption.impl.EncryptedDataMarshaller, for object type {http://www.w3.org/2001/04/xmlenc#}EncryptedData
14:58:12.492 [Test worker] DEBUG org.opensaml.core.xml.io.UnmarshallerFactory - Registering unmarshaller, org.opensaml.xmlsec.encryption.impl.EncryptedDataUnmarshaller, for object type, {http://www.w3.org/2001/04/xmlenc#}EncryptedData
14:58:12.492 [Test worker] DEBUG org.opensaml.core.xml.config.XMLConfigurator - {http://www.w3.org/2001/04/xmlenc#}EncryptedData intialized and configuration cached
14:58:12.492 [Test worker] DEBUG org.opensaml.core.xml.config.XMLConfigurator - Initializing object provider {http://www.w3.org/2001/04/xmlenc#}EncryptedKey
14:58:12.492 [Test worker] DEBUG org.opensaml.core.xml.config.XMLObjectProviderRegistry - Registering new builder, marshaller, and unmarshaller for {http://www.w3.org/2001/04/xmlenc#}EncryptedKey
14:58:12.492 [Test worker] DEBUG org.opensaml.core.xml.XMLObjectBuilderFactory - Registering builder org.opensaml.xmlsec.encryption.impl.EncryptedKeyBuilder under key {http://www.w3.org/2001/04/xmlenc#}EncryptedKey
14:58:12.492 [Test worker] DEBUG org.opensaml.core.xml.io.MarshallerFactory - Registering marshaller, org.opensaml.xmlsec.encryption.impl.EncryptedKeyMarshaller, for object type {http://www.w3.org/2001/04/xmlenc#}EncryptedKey
14:58:12.492 [Test worker] DEBUG org.opensaml.core.xml.io.UnmarshallerFactory - Registering unmarshaller, org.opensaml.xmlsec.encryption.impl.EncryptedKeyUnmarshaller, for object type, {http://www.w3.org/2001/04/xmlenc#}EncryptedKey
14:58:12.493 [Test worker] DEBUG org.opensaml.core.xml.config.XMLConfigurator - {http://www.w3.org/2001/04/xmlenc#}EncryptedKey intialized and configuration cached
14:58:12.493 [Test worker] DEBUG org.opensaml.core.xml.config.XMLConfigurator - Initializing object provider {http://www.w3.org/2001/04/xmlenc#}EncryptionMethod
14:58:12.493 [Test worker] DEBUG org.opensaml.core.xml.config.XMLObjectProviderRegistry - Registering new builder, marshaller, and unmarshaller for {http://www.w3.org/2001/04/xmlenc#}EncryptionMethod
14:58:12.493 [Test worker] DEBUG org.opensaml.core.xml.XMLObjectBuilderFactory - Registering builder org.opensaml.xmlsec.encryption.impl.EncryptionMethodBuilder under key {http://www.w3.org/2001/04/xmlenc#}EncryptionMethod
14:58:12.493 [Test worker] DEBUG org.opensaml.core.xml.io.MarshallerFactory - Registering marshaller, org.opensaml.xmlsec.encryption.impl.EncryptionMethodMarshaller, for object type {http://www.w3.org/2001/04/xmlenc#}EncryptionMethod
14:58:12.493 [Test worker] DEBUG org.opensaml.core.xml.io.UnmarshallerFactory - Registering unmarshaller, org.opensaml.xmlsec.encryption.impl.EncryptionMethodUnmarshaller, for object type, {http://www.w3.org/2001/04/xmlenc#}EncryptionMethod
14:58:12.493 [Test worker] DEBUG org.opensaml.core.xml.config.XMLConfigurator - {http://www.w3.org/2001/04/xmlenc#}EncryptionMethod intialized and configuration cached
14:58:12.493 [Test worker] DEBUG org.opensaml.core.xml.config.XMLConfigurator - Initializing object provider {http://www.w3.org/2001/04/xmlenc#}EncryptionProperties
14:58:12.493 [Test worker] DEBUG org.opensaml.core.xml.config.XMLObjectProviderRegistry - Registering new builder, marshaller, and unmarshaller for {http://www.w3.org/2001/04/xmlenc#}EncryptionProperties
14:58:12.493 [Test worker] DEBUG org.opensaml.core.xml.XMLObjectBuilderFactory - Registering builder org.opensaml.xmlsec.encryption.impl.EncryptionPropertiesBuilder under key {http://www.w3.org/2001/04/xmlenc#}EncryptionProperties
14:58:12.493 [Test worker] DEBUG org.opensaml.core.xml.io.MarshallerFactory - Registering marshaller, org.opensaml.xmlsec.encryption.impl.EncryptionPropertiesMarshaller, for object type {http://www.w3.org/2001/04/xmlenc#}EncryptionProperties
14:58:12.493 [Test worker] DEBUG org.opensaml.core.xml.io.UnmarshallerFactory - Registering unmarshaller, org.opensaml.xmlsec.encryption.impl.EncryptionPropertiesUnmarshaller, for object type, {http://www.w3.org/2001/04/xmlenc#}EncryptionProperties
14:58:12.493 [Test worker] DEBUG org.opensaml.core.xml.config.XMLConfigurator - {http://www.w3.org/2001/04/xmlenc#}EncryptionProperties intialized and configuration cached
14:58:12.493 [Test worker] DEBUG org.opensaml.core.xml.config.XMLConfigurator - Initializing object provider {http://www.w3.org/2001/04/xmlenc#}EncryptionProperty
14:58:12.493 [Test worker] DEBUG org.opensaml.core.xml.config.XMLObjectProviderRegistry - Registering new builder, marshaller, and unmarshaller for {http://www.w3.org/2001/04/xmlenc#}EncryptionProperty
14:58:12.493 [Test worker] DEBUG org.opensaml.core.xml.XMLObjectBuilderFactory - Registering builder org.opensaml.xmlsec.encryption.impl.EncryptionPropertyBuilder under key {http://www.w3.org/2001/04/xmlenc#}EncryptionProperty
14:58:12.493 [Test worker] DEBUG org.opensaml.core.xml.io.MarshallerFactory - Registering marshaller, org.opensaml.xmlsec.encryption.impl.EncryptionPropertyMarshaller, for object type {http://www.w3.org/2001/04/xmlenc#}EncryptionProperty
14:58:12.493 [Test worker] DEBUG org.opensaml.core.xml.io.UnmarshallerFactory - Registering unmarshaller, org.opensaml.xmlsec.encryption.impl.EncryptionPropertyUnmarshaller, for object type, {http://www.w3.org/2001/04/xmlenc#}EncryptionProperty
14:58:12.493 [Test worker] DEBUG org.opensaml.core.xml.config.XMLConfigurator - {http://www.w3.org/2001/04/xmlenc#}EncryptionProperty intialized and configuration cached
14:58:12.493 [Test worker] DEBUG org.opensaml.core.xml.config.XMLConfigurator - Initializing object provider {http://www.w3.org/2001/04/xmlenc#}Generator
14:58:12.493 [Test worker] DEBUG org.opensaml.core.xml.config.XMLObjectProviderRegistry - Registering new builder, marshaller, and unmarshaller for {http://www.w3.org/2001/04/xmlenc#}Generator
14:58:12.493 [Test worker] DEBUG org.opensaml.core.xml.XMLObjectBuilderFactory - Registering builder org.opensaml.xmlsec.encryption.impl.GeneratorBuilder under key {http://www.w3.org/2001/04/xmlenc#}Generator
14:58:12.493 [Test worker] DEBUG org.opensaml.core.xml.io.MarshallerFactory - Registering marshaller, org.opensaml.xmlsec.signature.impl.CryptoBinaryMarshaller, for object type {http://www.w3.org/2001/04/xmlenc#}Generator
14:58:12.493 [Test worker] DEBUG org.opensaml.core.xml.io.UnmarshallerFactory - Registering unmarshaller, org.opensaml.xmlsec.signature.impl.CryptoBinaryUnmarshaller, for object type, {http://www.w3.org/2001/04/xmlenc#}Generator
14:58:12.493 [Test worker] DEBUG org.opensaml.core.xml.config.XMLConfigurator - {http://www.w3.org/2001/04/xmlenc#}Generator intialized and configuration cached
14:58:12.493 [Test worker] DEBUG org.opensaml.core.xml.config.XMLConfigurator - Initializing object provider {http://www.w3.org/2001/04/xmlenc#}KA-Nonce
14:58:12.493 [Test worker] DEBUG org.opensaml.core.xml.config.XMLObjectProviderRegistry - Registering new builder, marshaller, and unmarshaller for {http://www.w3.org/2001/04/xmlenc#}KA-Nonce
14:58:12.493 [Test worker] DEBUG org.opensaml.core.xml.XMLObjectBuilderFactory - Registering builder org.opensaml.xmlsec.encryption.impl.KANonceBuilder under key {http://www.w3.org/2001/04/xmlenc#}KA-Nonce
14:58:12.493 [Test worker] DEBUG org.opensaml.core.xml.io.MarshallerFactory - Registering marshaller, org.opensaml.core.xml.schema.impl.XSBase64BinaryMarshaller, for object type {http://www.w3.org/2001/04/xmlenc#}KA-Nonce
14:58:12.493 [Test worker] DEBUG org.opensaml.core.xml.io.UnmarshallerFactory - Registering unmarshaller, org.opensaml.core.xml.schema.impl.XSBase64BinaryUnmarshaller, for object type, {http://www.w3.org/2001/04/xmlenc#}KA-Nonce
14:58:12.493 [Test worker] DEBUG org.opensaml.core.xml.config.XMLConfigurator - {http://www.w3.org/2001/04/xmlenc#}KA-Nonce intialized and configuration cached
14:58:12.493 [Test worker] DEBUG org.opensaml.core.xml.config.XMLConfigurator - Initializing object provider {http://www.w3.org/2001/04/xmlenc#}KeyReference
14:58:12.493 [Test worker] DEBUG org.opensaml.core.xml.config.XMLObjectProviderRegistry - Registering new builder, marshaller, and unmarshaller for {http://www.w3.org/2001/04/xmlenc#}KeyReference
14:58:12.493 [Test worker] DEBUG org.opensaml.core.xml.XMLObjectBuilderFactory - Registering builder org.opensaml.xmlsec.encryption.impl.KeyReferenceBuilder under key {http://www.w3.org/2001/04/xmlenc#}KeyReference
14:58:12.493 [Test worker] DEBUG org.opensaml.core.xml.io.MarshallerFactory - Registering marshaller, org.opensaml.xmlsec.encryption.impl.KeyReferenceMarshaller, for object type {http://www.w3.org/2001/04/xmlenc#}KeyReference
14:58:12.493 [Test worker] DEBUG org.opensaml.core.xml.io.UnmarshallerFactory - Registering unmarshaller, org.opensaml.xmlsec.encryption.impl.KeyReferenceUnmarshaller, for object type, {http://www.w3.org/2001/04/xmlenc#}KeyReference
14:58:12.493 [Test worker] DEBUG org.opensaml.core.xml.config.XMLConfigurator - {http://www.w3.org/2001/04/xmlenc#}KeyReference intialized and configuration cached
14:58:12.493 [Test worker] DEBUG org.opensaml.core.xml.config.XMLConfigurator - Initializing object provider {http://www.w3.org/2001/04/xmlenc#}KeySize
14:58:12.493 [Test worker] DEBUG org.opensaml.core.xml.config.XMLObjectProviderRegistry - Registering new builder, marshaller, and unmarshaller for {http://www.w3.org/2001/04/xmlenc#}KeySize
14:58:12.493 [Test worker] DEBUG org.opensaml.core.xml.XMLObjectBuilderFactory - Registering builder org.opensaml.xmlsec.encryption.impl.KeySizeBuilder under key {http://www.w3.org/2001/04/xmlenc#}KeySize
14:58:12.493 [Test worker] DEBUG org.opensaml.core.xml.io.MarshallerFactory - Registering marshaller, org.opensaml.core.xml.schema.impl.XSIntegerMarshaller, for object type {http://www.w3.org/2001/04/xmlenc#}KeySize
14:58:12.493 [Test worker] DEBUG org.opensaml.core.xml.io.UnmarshallerFactory - Registering unmarshaller, org.opensaml.core.xml.schema.impl.XSIntegerUnmarshaller, for object type, {http://www.w3.org/2001/04/xmlenc#}KeySize
14:58:12.493 [Test worker] DEBUG org.opensaml.core.xml.config.XMLConfigurator - {http://www.w3.org/2001/04/xmlenc#}KeySize intialized and configuration cached
14:58:12.493 [Test worker] DEBUG org.opensaml.core.xml.config.XMLConfigurator - Initializing object provider {http://www.w3.org/2001/04/xmlenc#}OAEPparams
14:58:12.493 [Test worker] DEBUG org.opensaml.core.xml.config.XMLObjectProviderRegistry - Registering new builder, marshaller, and unmarshaller for {http://www.w3.org/2001/04/xmlenc#}OAEPparams
14:58:12.493 [Test worker] DEBUG org.opensaml.core.xml.XMLObjectBuilderFactory - Registering builder org.opensaml.xmlsec.encryption.impl.OAEPparamsBuilder under key {http://www.w3.org/2001/04/xmlenc#}OAEPparams
14:58:12.493 [Test worker] DEBUG org.opensaml.core.xml.io.MarshallerFactory - Registering marshaller, org.opensaml.core.xml.schema.impl.XSBase64BinaryMarshaller, for object type {http://www.w3.org/2001/04/xmlenc#}OAEPparams
14:58:12.493 [Test worker] DEBUG org.opensaml.core.xml.io.UnmarshallerFactory - Registering unmarshaller, org.opensaml.core.xml.schema.impl.XSBase64BinaryUnmarshaller, for object type, {http://www.w3.org/2001/04/xmlenc#}OAEPparams
14:58:12.493 [Test worker] DEBUG org.opensaml.core.xml.config.XMLConfigurator - {http://www.w3.org/2001/04/xmlenc#}OAEPparams intialized and configuration cached
14:58:12.493 [Test worker] DEBUG org.opensaml.core.xml.config.XMLConfigurator - Initializing object provider {http://www.w3.org/2001/04/xmlenc#}OriginatorKeyInfo
14:58:12.493 [Test worker] DEBUG org.opensaml.core.xml.config.XMLObjectProviderRegistry - Registering new builder, marshaller, and unmarshaller for {http://www.w3.org/2001/04/xmlenc#}OriginatorKeyInfo
14:58:12.493 [Test worker] DEBUG org.opensaml.core.xml.XMLObjectBuilderFactory - Registering builder org.opensaml.xmlsec.encryption.impl.OriginatorKeyInfoBuilder under key {http://www.w3.org/2001/04/xmlenc#}OriginatorKeyInfo
14:58:12.493 [Test worker] DEBUG org.opensaml.core.xml.io.MarshallerFactory - Registering marshaller, org.opensaml.xmlsec.encryption.impl.OriginatorKeyInfoMarshaller, for object type {http://www.w3.org/2001/04/xmlenc#}OriginatorKeyInfo
14:58:12.493 [Test worker] DEBUG org.opensaml.core.xml.io.UnmarshallerFactory - Registering unmarshaller, org.opensaml.xmlsec.encryption.impl.OriginatorKeyInfoUnmarshaller, for object type, {http://www.w3.org/2001/04/xmlenc#}OriginatorKeyInfo
14:58:12.493 [Test worker] DEBUG org.opensaml.core.xml.config.XMLConfigurator - {http://www.w3.org/2001/04/xmlenc#}OriginatorKeyInfo intialized and configuration cached
14:58:12.493 [Test worker] DEBUG org.opensaml.core.xml.config.XMLConfigurator - Initializing object provider {http://www.w3.org/2001/04/xmlenc#}P
14:58:12.493 [Test worker] DEBUG org.opensaml.core.xml.config.XMLObjectProviderRegistry - Registering new builder, marshaller, and unmarshaller for {http://www.w3.org/2001/04/xmlenc#}P
14:58:12.493 [Test worker] DEBUG org.opensaml.core.xml.XMLObjectBuilderFactory - Registering builder org.opensaml.xmlsec.encryption.impl.PBuilder under key {http://www.w3.org/2001/04/xmlenc#}P
14:58:12.493 [Test worker] DEBUG org.opensaml.core.xml.io.MarshallerFactory - Registering marshaller, org.opensaml.xmlsec.signature.impl.CryptoBinaryMarshaller, for object type {http://www.w3.org/2001/04/xmlenc#}P
14:58:12.493 [Test worker] DEBUG org.opensaml.core.xml.io.UnmarshallerFactory - Registering unmarshaller, org.opensaml.xmlsec.signature.impl.CryptoBinaryUnmarshaller, for object type, {http://www.w3.org/2001/04/xmlenc#}P
14:58:12.493 [Test worker] DEBUG org.opensaml.core.xml.config.XMLConfigurator - {http://www.w3.org/2001/04/xmlenc#}P intialized and configuration cached
14:58:12.493 [Test worker] DEBUG org.opensaml.core.xml.config.XMLConfigurator - Initializing object provider {http://www.w3.org/2001/04/xmlenc#}pgenCounter
14:58:12.493 [Test worker] DEBUG org.opensaml.core.xml.config.XMLObjectProviderRegistry - Registering new builder, marshaller, and unmarshaller for {http://www.w3.org/2001/04/xmlenc#}pgenCounter
14:58:12.493 [Test worker] DEBUG org.opensaml.core.xml.XMLObjectBuilderFactory - Registering builder org.opensaml.xmlsec.encryption.impl.PgenCounterBuilder under key {http://www.w3.org/2001/04/xmlenc#}pgenCounter
14:58:12.493 [Test worker] DEBUG org.opensaml.core.xml.io.MarshallerFactory - Registering marshaller, org.opensaml.xmlsec.signature.impl.CryptoBinaryMarshaller, for object type {http://www.w3.org/2001/04/xmlenc#}pgenCounter
14:58:12.493 [Test worker] DEBUG org.opensaml.core.xml.io.UnmarshallerFactory - Registering unmarshaller, org.opensaml.xmlsec.signature.impl.CryptoBinaryUnmarshaller, for object type, {http://www.w3.org/2001/04/xmlenc#}pgenCounter
14:58:12.493 [Test worker] DEBUG org.opensaml.core.xml.config.XMLConfigurator - {http://www.w3.org/2001/04/xmlenc#}pgenCounter intialized and configuration cached
14:58:12.493 [Test worker] DEBUG org.opensaml.core.xml.config.XMLConfigurator - Initializing object provider {http://www.w3.org/2001/04/xmlenc#}Public
14:58:12.493 [Test worker] DEBUG org.opensaml.core.xml.config.XMLObjectProviderRegistry - Registering new builder, marshaller, and unmarshaller for {http://www.w3.org/2001/04/xmlenc#}Public
14:58:12.493 [Test worker] DEBUG org.opensaml.core.xml.XMLObjectBuilderFactory - Registering builder org.opensaml.xmlsec.encryption.impl.PublicBuilder under key {http://www.w3.org/2001/04/xmlenc#}Public
14:58:12.493 [Test worker] DEBUG org.opensaml.core.xml.io.MarshallerFactory - Registering marshaller, org.opensaml.xmlsec.signature.impl.CryptoBinaryMarshaller, for object type {http://www.w3.org/2001/04/xmlenc#}Public
14:58:12.493 [Test worker] DEBUG org.opensaml.core.xml.io.UnmarshallerFactory - Registering unmarshaller, org.opensaml.xmlsec.signature.impl.CryptoBinaryUnmarshaller, for object type, {http://www.w3.org/2001/04/xmlenc#}Public
14:58:12.493 [Test worker] DEBUG org.opensaml.core.xml.config.XMLConfigurator - {http://www.w3.org/2001/04/xmlenc#}Public intialized and configuration cached
14:58:12.493 [Test worker] DEBUG org.opensaml.core.xml.config.XMLConfigurator - Initializing object provider {http://www.w3.org/2001/04/xmlenc#}Q
14:58:12.493 [Test worker] DEBUG org.opensaml.core.xml.config.XMLObjectProviderRegistry - Registering new builder, marshaller, and unmarshaller for {http://www.w3.org/2001/04/xmlenc#}Q
14:58:12.493 [Test worker] DEBUG org.opensaml.core.xml.XMLObjectBuilderFactory - Registering builder org.opensaml.xmlsec.encryption.impl.QBuilder under key {http://www.w3.org/2001/04/xmlenc#}Q
14:58:12.493 [Test worker] DEBUG org.opensaml.core.xml.io.MarshallerFactory - Registering marshaller, org.opensaml.xmlsec.signature.impl.CryptoBinaryMarshaller, for object type {http://www.w3.org/2001/04/xmlenc#}Q
14:58:12.493 [Test worker] DEBUG org.opensaml.core.xml.io.UnmarshallerFactory - Registering unmarshaller, org.opensaml.xmlsec.signature.impl.CryptoBinaryUnmarshaller, for object type, {http://www.w3.org/2001/04/xmlenc#}Q
14:58:12.493 [Test worker] DEBUG org.opensaml.core.xml.config.XMLConfigurator - {http://www.w3.org/2001/04/xmlenc#}Q intialized and configuration cached
14:58:12.493 [Test worker] DEBUG org.opensaml.core.xml.config.XMLConfigurator - Initializing object provider {http://www.w3.org/2001/04/xmlenc#}RecipientKeyInfo
14:58:12.494 [Test worker] DEBUG org.opensaml.core.xml.config.XMLObjectProviderRegistry - Registering new builder, marshaller, and unmarshaller for {http://www.w3.org/2001/04/xmlenc#}RecipientKeyInfo
14:58:12.494 [Test worker] DEBUG org.opensaml.core.xml.XMLObjectBuilderFactory - Registering builder org.opensaml.xmlsec.encryption.impl.RecipientKeyInfoBuilder under key {http://www.w3.org/2001/04/xmlenc#}RecipientKeyInfo
14:58:12.494 [Test worker] DEBUG org.opensaml.core.xml.io.MarshallerFactory - Registering marshaller, org.opensaml.xmlsec.encryption.impl.RecipientKeyInfoMarshaller, for object type {http://www.w3.org/2001/04/xmlenc#}RecipientKeyInfo
14:58:12.494 [Test worker] DEBUG org.opensaml.core.xml.io.UnmarshallerFactory - Registering unmarshaller, org.opensaml.xmlsec.encryption.impl.RecipientKeyInfoUnmarshaller, for object type, {http://www.w3.org/2001/04/xmlenc#}RecipientKeyInfo
14:58:12.494 [Test worker] DEBUG org.opensaml.core.xml.config.XMLConfigurator - {http://www.w3.org/2001/04/xmlenc#}RecipientKeyInfo intialized and configuration cached
14:58:12.494 [Test worker] DEBUG org.opensaml.core.xml.config.XMLConfigurator - Initializing object provider {http://www.w3.org/2001/04/xmlenc#}ReferenceList
14:58:12.494 [Test worker] DEBUG org.opensaml.core.xml.config.XMLObjectProviderRegistry - Registering new builder, marshaller, and unmarshaller for {http://www.w3.org/2001/04/xmlenc#}ReferenceList
14:58:12.494 [Test worker] DEBUG org.opensaml.core.xml.XMLObjectBuilderFactory - Registering builder org.opensaml.xmlsec.encryption.impl.ReferenceListBuilder under key {http://www.w3.org/2001/04/xmlenc#}ReferenceList
14:58:12.494 [Test worker] DEBUG org.opensaml.core.xml.io.MarshallerFactory - Registering marshaller, org.opensaml.xmlsec.encryption.impl.ReferenceListMarshaller, for object type {http://www.w3.org/2001/04/xmlenc#}ReferenceList
14:58:12.494 [Test worker] DEBUG org.opensaml.core.xml.io.UnmarshallerFactory - Registering unmarshaller, org.opensaml.xmlsec.encryption.impl.ReferenceListUnmarshaller, for object type, {http://www.w3.org/2001/04/xmlenc#}ReferenceList
14:58:12.494 [Test worker] DEBUG org.opensaml.core.xml.config.XMLConfigurator - {http://www.w3.org/2001/04/xmlenc#}ReferenceList intialized and configuration cached
14:58:12.494 [Test worker] DEBUG org.opensaml.core.xml.config.XMLConfigurator - Initializing object provider {http://www.w3.org/2001/04/xmlenc#}seed
14:58:12.494 [Test worker] DEBUG org.opensaml.core.xml.config.XMLObjectProviderRegistry - Registering new builder, marshaller, and unmarshaller for {http://www.w3.org/2001/04/xmlenc#}seed
14:58:12.494 [Test worker] DEBUG org.opensaml.core.xml.XMLObjectBuilderFactory - Registering builder org.opensaml.xmlsec.encryption.impl.SeedBuilder under key {http://www.w3.org/2001/04/xmlenc#}seed
14:58:12.494 [Test worker] DEBUG org.opensaml.core.xml.io.MarshallerFactory - Registering marshaller, org.opensaml.xmlsec.signature.impl.CryptoBinaryMarshaller, for object type {http://www.w3.org/2001/04/xmlenc#}seed
14:58:12.494 [Test worker] DEBUG org.opensaml.core.xml.io.UnmarshallerFactory - Registering unmarshaller, org.opensaml.xmlsec.signature.impl.CryptoBinaryUnmarshaller, for object type, {http://www.w3.org/2001/04/xmlenc#}seed
14:58:12.494 [Test worker] DEBUG org.opensaml.core.xml.config.XMLConfigurator - {http://www.w3.org/2001/04/xmlenc#}seed intialized and configuration cached
14:58:12.494 [Test worker] DEBUG org.opensaml.core.xml.config.XMLConfigurator - Initializing object provider {http://www.w3.org/2001/04/xmlenc#}Transforms
14:58:12.494 [Test worker] DEBUG org.opensaml.core.xml.config.XMLObjectProviderRegistry - Registering new builder, marshaller, and unmarshaller for {http://www.w3.org/2001/04/xmlenc#}Transforms
14:58:12.494 [Test worker] DEBUG org.opensaml.core.xml.XMLObjectBuilderFactory - Registering builder org.opensaml.xmlsec.encryption.impl.TransformsBuilder under key {http://www.w3.org/2001/04/xmlenc#}Transforms
14:58:12.494 [Test worker] DEBUG org.opensaml.core.xml.io.MarshallerFactory - Registering marshaller, org.opensaml.xmlsec.encryption.impl.TransformsMarshaller, for object type {http://www.w3.org/2001/04/xmlenc#}Transforms
14:58:12.494 [Test worker] DEBUG org.opensaml.core.xml.io.UnmarshallerFactory - Registering unmarshaller, org.opensaml.xmlsec.encryption.impl.TransformsUnmarshaller, for object type, {http://www.w3.org/2001/04/xmlenc#}Transforms
14:58:12.494 [Test worker] DEBUG org.opensaml.core.xml.config.XMLConfigurator - {http://www.w3.org/2001/04/xmlenc#}Transforms intialized and configuration cached
14:58:12.494 [Test worker] DEBUG org.opensaml.core.xml.config.XMLConfigurator - Initializing object provider {http://www.w3.org/2009/xmlenc11#}MGF
14:58:12.494 [Test worker] DEBUG org.opensaml.core.xml.config.XMLObjectProviderRegistry - Registering new builder, marshaller, and unmarshaller for {http://www.w3.org/2009/xmlenc11#}MGF
14:58:12.494 [Test worker] DEBUG org.opensaml.core.xml.XMLObjectBuilderFactory - Registering builder org.opensaml.xmlsec.encryption.impl.MGFBuilder under key {http://www.w3.org/2009/xmlenc11#}MGF
14:58:12.494 [Test worker] DEBUG org.opensaml.core.xml.io.MarshallerFactory - Registering marshaller, org.opensaml.xmlsec.encryption.impl.MGFMarshaller, for object type {http://www.w3.org/2009/xmlenc11#}MGF
14:58:12.494 [Test worker] DEBUG org.opensaml.core.xml.io.UnmarshallerFactory - Registering unmarshaller, org.opensaml.xmlsec.encryption.impl.MGFUnmarshaller, for object type, {http://www.w3.org/2009/xmlenc11#}MGF
14:58:12.494 [Test worker] DEBUG org.opensaml.core.xml.config.XMLConfigurator - {http://www.w3.org/2009/xmlenc11#}MGF intialized and configuration cached
14:58:12.494 [Test worker] DEBUG org.opensaml.core.xml.config.XMLConfigurator - ObjectProviders load complete
14:58:12.494 [Test worker] DEBUG org.opensaml.core.config.InitializationService - Initializing module initializer implementation: org.opensaml.xmlsec.config.ApacheXMLSecurityInitializer
14:58:12.494 [Test worker] DEBUG org.opensaml.xmlsec.config.ApacheXMLSecurityInitializer - Apache XMLSecurity library was already initialized, skipping...
14:58:12.494 [Test worker] DEBUG org.opensaml.core.config.InitializationService - Initializing module initializer implementation: org.opensaml.xmlsec.config.GlobalSecurityConfigurationInitializer
14:58:12.494 [Test worker] DEBUG org.opensaml.core.config.InitializationService - Initializing module initializer implementation: org.opensaml.soap.config.XMLObjectProviderInitializer
14:58:12.497 [Test worker] DEBUG org.opensaml.core.xml.config.AbstractXMLObjectProviderInitializer - Loading XMLObject provider configuration from resource 'soap11-config.xml'
14:58:12.498 [Test worker] DEBUG org.opensaml.core.xml.config.XMLConfigurator - Loading configuration from XML Document
14:58:12.498 [Test worker] DEBUG org.opensaml.core.xml.config.XMLConfigurator - Schema validating configuration Document
14:58:12.499 [Test worker] DEBUG org.opensaml.core.xml.config.XMLConfigurator - Configuration document validated
14:58:12.499 [Test worker] DEBUG org.opensaml.core.xml.config.XMLConfigurator - Preparing to load ObjectProviders
14:58:12.499 [Test worker] DEBUG org.opensaml.core.xml.config.XMLConfigurator - Initializing object provider {http://schemas.xmlsoap.org/soap/envelope/}Body
14:58:12.499 [Test worker] DEBUG org.opensaml.core.xml.config.XMLObjectProviderRegistry - Registering new builder, marshaller, and unmarshaller for {http://schemas.xmlsoap.org/soap/envelope/}Body
14:58:12.499 [Test worker] DEBUG org.opensaml.core.xml.XMLObjectBuilderFactory - Registering builder org.opensaml.soap.soap11.impl.BodyBuilder under key {http://schemas.xmlsoap.org/soap/envelope/}Body
14:58:12.499 [Test worker] DEBUG org.opensaml.core.xml.io.MarshallerFactory - Registering marshaller, org.opensaml.soap.soap11.impl.BodyMarshaller, for object type {http://schemas.xmlsoap.org/soap/envelope/}Body
14:58:12.499 [Test worker] DEBUG org.opensaml.core.xml.io.UnmarshallerFactory - Registering unmarshaller, org.opensaml.soap.soap11.impl.BodyUnmarshaller, for object type, {http://schemas.xmlsoap.org/soap/envelope/}Body
14:58:12.499 [Test worker] DEBUG org.opensaml.core.xml.config.XMLConfigurator - {http://schemas.xmlsoap.org/soap/envelope/}Body intialized and configuration cached
14:58:12.499 [Test worker] DEBUG org.opensaml.core.xml.config.XMLConfigurator - Initializing object provider detail
14:58:12.499 [Test worker] DEBUG org.opensaml.core.xml.config.XMLObjectProviderRegistry - Registering new builder, marshaller, and unmarshaller for detail
14:58:12.499 [Test worker] DEBUG org.opensaml.core.xml.XMLObjectBuilderFactory - Registering builder org.opensaml.soap.soap11.impl.DetailBuilder under key detail
14:58:12.499 [Test worker] DEBUG org.opensaml.core.xml.io.MarshallerFactory - Registering marshaller, org.opensaml.soap.soap11.impl.DetailMarshaller, for object type detail
14:58:12.499 [Test worker] DEBUG org.opensaml.core.xml.io.UnmarshallerFactory - Registering unmarshaller, org.opensaml.soap.soap11.impl.DetailUnmarshaller, for object type, detail
14:58:12.499 [Test worker] DEBUG org.opensaml.core.xml.config.XMLConfigurator - detail intialized and configuration cached
14:58:12.499 [Test worker] DEBUG org.opensaml.core.xml.config.XMLConfigurator - Initializing object provider {http://schemas.xmlsoap.org/soap/envelope/}Envelope
14:58:12.499 [Test worker] DEBUG org.opensaml.core.xml.config.XMLObjectProviderRegistry - Registering new builder, marshaller, and unmarshaller for {http://schemas.xmlsoap.org/soap/envelope/}Envelope
14:58:12.499 [Test worker] DEBUG org.opensaml.core.xml.XMLObjectBuilderFactory - Registering builder org.opensaml.soap.soap11.impl.EnvelopeBuilder under key {http://schemas.xmlsoap.org/soap/envelope/}Envelope
14:58:12.499 [Test worker] DEBUG org.opensaml.core.xml.io.MarshallerFactory - Registering marshaller, org.opensaml.soap.soap11.impl.EnvelopeMarshaller, for object type {http://schemas.xmlsoap.org/soap/envelope/}Envelope
14:58:12.499 [Test worker] DEBUG org.opensaml.core.xml.io.UnmarshallerFactory - Registering unmarshaller, org.opensaml.soap.soap11.impl.EnvelopeUnmarshaller, for object type, {http://schemas.xmlsoap.org/soap/envelope/}Envelope
14:58:12.499 [Test worker] DEBUG org.opensaml.core.xml.config.XMLConfigurator - {http://schemas.xmlsoap.org/soap/envelope/}Envelope intialized and configuration cached
14:58:12.499 [Test worker] DEBUG org.opensaml.core.xml.config.XMLConfigurator - Initializing object provider {http://schemas.xmlsoap.org/soap/envelope/}Fault
14:58:12.499 [Test worker] DEBUG org.opensaml.core.xml.config.XMLObjectProviderRegistry - Registering new builder, marshaller, and unmarshaller for {http://schemas.xmlsoap.org/soap/envelope/}Fault
14:58:12.499 [Test worker] DEBUG org.opensaml.core.xml.XMLObjectBuilderFactory - Registering builder org.opensaml.soap.soap11.impl.FaultBuilder under key {http://schemas.xmlsoap.org/soap/envelope/}Fault
14:58:12.499 [Test worker] DEBUG org.opensaml.core.xml.io.MarshallerFactory - Registering marshaller, org.opensaml.soap.soap11.impl.FaultMarshaller, for object type {http://schemas.xmlsoap.org/soap/envelope/}Fault
14:58:12.499 [Test worker] DEBUG org.opensaml.core.xml.io.UnmarshallerFactory - Registering unmarshaller, org.opensaml.soap.soap11.impl.FaultUnmarshaller, for object type, {http://schemas.xmlsoap.org/soap/envelope/}Fault
14:58:12.499 [Test worker] DEBUG org.opensaml.core.xml.config.XMLConfigurator - {http://schemas.xmlsoap.org/soap/envelope/}Fault intialized and configuration cached
14:58:12.499 [Test worker] DEBUG org.opensaml.core.xml.config.XMLConfigurator - Initializing object provider faultactor
14:58:12.499 [Test worker] DEBUG org.opensaml.core.xml.config.XMLObjectProviderRegistry - Registering new builder, marshaller, and unmarshaller for faultactor
14:58:12.499 [Test worker] DEBUG org.opensaml.core.xml.XMLObjectBuilderFactory - Registering builder org.opensaml.soap.soap11.impl.FaultActorBuilder under key faultactor
14:58:12.499 [Test worker] DEBUG org.opensaml.core.xml.io.MarshallerFactory - Registering marshaller, org.opensaml.core.xml.schema.impl.XSURIMarshaller, for object type faultactor
14:58:12.499 [Test worker] DEBUG org.opensaml.core.xml.io.UnmarshallerFactory - Registering unmarshaller, org.opensaml.core.xml.schema.impl.XSURIUnmarshaller, for object type, faultactor
14:58:12.499 [Test worker] DEBUG org.opensaml.core.xml.config.XMLConfigurator - faultactor intialized and configuration cached
14:58:12.499 [Test worker] DEBUG org.opensaml.core.xml.config.XMLConfigurator - Initializing object provider faultcode
14:58:12.499 [Test worker] DEBUG org.opensaml.core.xml.config.XMLObjectProviderRegistry - Registering new builder, marshaller, and unmarshaller for faultcode
14:58:12.499 [Test worker] DEBUG org.opensaml.core.xml.XMLObjectBuilderFactory - Registering builder org.opensaml.soap.soap11.impl.FaultCodeBuilder under key faultcode
14:58:12.499 [Test worker] DEBUG org.opensaml.core.xml.io.MarshallerFactory - Registering marshaller, org.opensaml.core.xml.schema.impl.XSQNameMarshaller, for object type faultcode
14:58:12.499 [Test worker] DEBUG org.opensaml.core.xml.io.UnmarshallerFactory - Registering unmarshaller, org.opensaml.core.xml.schema.impl.XSQNameUnmarshaller, for object type, faultcode
14:58:12.499 [Test worker] DEBUG org.opensaml.core.xml.config.XMLConfigurator - faultcode intialized and configuration cached
14:58:12.499 [Test worker] DEBUG org.opensaml.core.xml.config.XMLConfigurator - Initializing object provider faultstring
14:58:12.499 [Test worker] DEBUG org.opensaml.core.xml.config.XMLObjectProviderRegistry - Registering new builder, marshaller, and unmarshaller for faultstring
14:58:12.499 [Test worker] DEBUG org.opensaml.core.xml.XMLObjectBuilderFactory - Registering builder org.opensaml.soap.soap11.impl.FaultStringBuilder under key faultstring
14:58:12.499 [Test worker] DEBUG org.opensaml.core.xml.io.MarshallerFactory - Registering marshaller, org.opensaml.core.xml.schema.impl.XSStringMarshaller, for object type faultstring
14:58:12.499 [Test worker] DEBUG org.opensaml.core.xml.io.UnmarshallerFactory - Registering unmarshaller, org.opensaml.core.xml.schema.impl.XSStringUnmarshaller, for object type, faultstring
14:58:12.499 [Test worker] DEBUG org.opensaml.core.xml.config.XMLConfigurator - faultstring intialized and configuration cached
14:58:12.499 [Test worker] DEBUG org.opensaml.core.xml.config.XMLConfigurator - Initializing object provider {http://schemas.xmlsoap.org/soap/envelope/}Header
14:58:12.500 [Test worker] DEBUG org.opensaml.core.xml.config.XMLObjectProviderRegistry - Registering new builder, marshaller, and unmarshaller for {http://schemas.xmlsoap.org/soap/envelope/}Header
14:58:12.500 [Test worker] DEBUG org.opensaml.core.xml.XMLObjectBuilderFactory - Registering builder org.opensaml.soap.soap11.impl.HeaderBuilder under key {http://schemas.xmlsoap.org/soap/envelope/}Header
14:58:12.500 [Test worker] DEBUG org.opensaml.core.xml.io.MarshallerFactory - Registering marshaller, org.opensaml.soap.soap11.impl.HeaderMarshaller, for object type {http://schemas.xmlsoap.org/soap/envelope/}Header
14:58:12.500 [Test worker] DEBUG org.opensaml.core.xml.io.UnmarshallerFactory - Registering unmarshaller, org.opensaml.soap.soap11.impl.HeaderUnmarshaller, for object type, {http://schemas.xmlsoap.org/soap/envelope/}Header
14:58:12.500 [Test worker] DEBUG org.opensaml.core.xml.config.XMLConfigurator - {http://schemas.xmlsoap.org/soap/envelope/}Header intialized and configuration cached
14:58:12.500 [Test worker] DEBUG org.opensaml.core.xml.config.XMLConfigurator - ObjectProviders load complete
14:58:12.500 [Test worker] DEBUG org.opensaml.core.xml.config.AbstractXMLObjectProviderInitializer - Loading XMLObject provider configuration from resource 'wsaddressing-config.xml'
14:58:12.500 [Test worker] DEBUG org.opensaml.core.xml.config.XMLConfigurator - Loading configuration from XML Document
14:58:12.501 [Test worker] DEBUG org.opensaml.core.xml.config.XMLConfigurator - Schema validating configuration Document
14:58:12.501 [Test worker] DEBUG org.opensaml.core.xml.config.XMLConfigurator - Configuration document validated
14:58:12.501 [Test worker] DEBUG org.opensaml.core.xml.config.XMLConfigurator - Preparing to load ObjectProviders
14:58:12.501 [Test worker] DEBUG org.opensaml.core.xml.config.XMLConfigurator - Initializing object provider {http://www.w3.org/2005/08/addressing}Action
14:58:12.501 [Test worker] DEBUG org.opensaml.core.xml.config.XMLObjectProviderRegistry - Registering new builder, marshaller, and unmarshaller for {http://www.w3.org/2005/08/addressing}Action
14:58:12.501 [Test worker] DEBUG org.opensaml.core.xml.XMLObjectBuilderFactory - Registering builder org.opensaml.soap.wsaddressing.impl.ActionBuilder under key {http://www.w3.org/2005/08/addressing}Action
14:58:12.501 [Test worker] DEBUG org.opensaml.core.xml.io.MarshallerFactory - Registering marshaller, org.opensaml.soap.wsaddressing.impl.ActionMarshaller, for object type {http://www.w3.org/2005/08/addressing}Action
14:58:12.501 [Test worker] DEBUG org.opensaml.core.xml.io.UnmarshallerFactory - Registering unmarshaller, org.opensaml.soap.wsaddressing.impl.ActionUnmarshaller, for object type, {http://www.w3.org/2005/08/addressing}Action
14:58:12.501 [Test worker] DEBUG org.opensaml.core.xml.config.XMLConfigurator - {http://www.w3.org/2005/08/addressing}Action intialized and configuration cached
14:58:12.501 [Test worker] DEBUG org.opensaml.core.xml.config.XMLConfigurator - Initializing object provider {http://www.w3.org/2005/08/addressing}Address
14:58:12.501 [Test worker] DEBUG org.opensaml.core.xml.config.XMLObjectProviderRegistry - Registering new builder, marshaller, and unmarshaller for {http://www.w3.org/2005/08/addressing}Address
14:58:12.501 [Test worker] DEBUG org.opensaml.core.xml.XMLObjectBuilderFactory - Registering builder org.opensaml.soap.wsaddressing.impl.AddressBuilder under key {http://www.w3.org/2005/08/addressing}Address
14:58:12.501 [Test worker] DEBUG org.opensaml.core.xml.io.MarshallerFactory - Registering marshaller, org.opensaml.soap.wsaddressing.impl.AddressMarshaller, for object type {http://www.w3.org/2005/08/addressing}Address
14:58:12.501 [Test worker] DEBUG org.opensaml.core.xml.io.UnmarshallerFactory - Registering unmarshaller, org.opensaml.soap.wsaddressing.impl.AddressUnmarshaller, for object type, {http://www.w3.org/2005/08/addressing}Address
14:58:12.501 [Test worker] DEBUG org.opensaml.core.xml.config.XMLConfigurator - {http://www.w3.org/2005/08/addressing}Address intialized and configuration cached
14:58:12.501 [Test worker] DEBUG org.opensaml.core.xml.config.XMLConfigurator - Initializing object provider {http://www.w3.org/2005/08/addressing}EndpointReference
14:58:12.501 [Test worker] DEBUG org.opensaml.core.xml.config.XMLObjectProviderRegistry - Registering new builder, marshaller, and unmarshaller for {http://www.w3.org/2005/08/addressing}EndpointReference
14:58:12.501 [Test worker] DEBUG org.opensaml.core.xml.XMLObjectBuilderFactory - Registering builder org.opensaml.soap.wsaddressing.impl.EndpointReferenceBuilder under key {http://www.w3.org/2005/08/addressing}EndpointReference
14:58:12.501 [Test worker] DEBUG org.opensaml.core.xml.io.MarshallerFactory - Registering marshaller, org.opensaml.soap.wsaddressing.impl.EndpointReferenceMarshaller, for object type {http://www.w3.org/2005/08/addressing}EndpointReference
14:58:12.501 [Test worker] DEBUG org.opensaml.core.xml.io.UnmarshallerFactory - Registering unmarshaller, org.opensaml.soap.wsaddressing.impl.EndpointReferenceUnmarshaller, for object type, {http://www.w3.org/2005/08/addressing}EndpointReference
14:58:12.501 [Test worker] DEBUG org.opensaml.core.xml.config.XMLConfigurator - {http://www.w3.org/2005/08/addressing}EndpointReference intialized and configuration cached
14:58:12.501 [Test worker] DEBUG org.opensaml.core.xml.config.XMLConfigurator - Initializing object provider {http://www.w3.org/2005/08/addressing}FaultTo
14:58:12.501 [Test worker] DEBUG org.opensaml.core.xml.config.XMLObjectProviderRegistry - Registering new builder, marshaller, and unmarshaller for {http://www.w3.org/2005/08/addressing}FaultTo
14:58:12.501 [Test worker] DEBUG org.opensaml.core.xml.XMLObjectBuilderFactory - Registering builder org.opensaml.soap.wsaddressing.impl.FaultToBuilder under key {http://www.w3.org/2005/08/addressing}FaultTo
14:58:12.501 [Test worker] DEBUG org.opensaml.core.xml.io.MarshallerFactory - Registering marshaller, org.opensaml.soap.wsaddressing.impl.FaultToMarshaller, for object type {http://www.w3.org/2005/08/addressing}FaultTo
14:58:12.501 [Test worker] DEBUG org.opensaml.core.xml.io.UnmarshallerFactory - Registering unmarshaller, org.opensaml.soap.wsaddressing.impl.FaultToUnmarshaller, for object type, {http://www.w3.org/2005/08/addressing}FaultTo
14:58:12.501 [Test worker] DEBUG org.opensaml.core.xml.config.XMLConfigurator - {http://www.w3.org/2005/08/addressing}FaultTo intialized and configuration cached
14:58:12.501 [Test worker] DEBUG org.opensaml.core.xml.config.XMLConfigurator - Initializing object provider {http://www.w3.org/2005/08/addressing}From
14:58:12.501 [Test worker] DEBUG org.opensaml.core.xml.config.XMLObjectProviderRegistry - Registering new builder, marshaller, and unmarshaller for {http://www.w3.org/2005/08/addressing}From
14:58:12.502 [Test worker] DEBUG org.opensaml.core.xml.XMLObjectBuilderFactory - Registering builder org.opensaml.soap.wsaddressing.impl.FromBuilder under key {http://www.w3.org/2005/08/addressing}From
14:58:12.502 [Test worker] DEBUG org.opensaml.core.xml.io.MarshallerFactory - Registering marshaller, org.opensaml.soap.wsaddressing.impl.FromMarshaller, for object type {http://www.w3.org/2005/08/addressing}From
14:58:12.502 [Test worker] DEBUG org.opensaml.core.xml.io.UnmarshallerFactory - Registering unmarshaller, org.opensaml.soap.wsaddressing.impl.FromUnmarshaller, for object type, {http://www.w3.org/2005/08/addressing}From
14:58:12.502 [Test worker] DEBUG org.opensaml.core.xml.config.XMLConfigurator - {http://www.w3.org/2005/08/addressing}From intialized and configuration cached
14:58:12.502 [Test worker] DEBUG org.opensaml.core.xml.config.XMLConfigurator - Initializing object provider {http://www.w3.org/2005/08/addressing}MessageID
14:58:12.502 [Test worker] DEBUG org.opensaml.core.xml.config.XMLObjectProviderRegistry - Registering new builder, marshaller, and unmarshaller for {http://www.w3.org/2005/08/addressing}MessageID
14:58:12.502 [Test worker] DEBUG org.opensaml.core.xml.XMLObjectBuilderFactory - Registering builder org.opensaml.soap.wsaddressing.impl.MessageIDBuilder under key {http://www.w3.org/2005/08/addressing}MessageID
14:58:12.502 [Test worker] DEBUG org.opensaml.core.xml.io.MarshallerFactory - Registering marshaller, org.opensaml.soap.wsaddressing.impl.MessageIDMarshaller, for object type {http://www.w3.org/2005/08/addressing}MessageID
14:58:12.502 [Test worker] DEBUG org.opensaml.core.xml.io.UnmarshallerFactory - Registering unmarshaller, org.opensaml.soap.wsaddressing.impl.MessageIDUnmarshaller, for object type, {http://www.w3.org/2005/08/addressing}MessageID
14:58:12.502 [Test worker] DEBUG org.opensaml.core.xml.config.XMLConfigurator - {http://www.w3.org/2005/08/addressing}MessageID intialized and configuration cached
14:58:12.502 [Test worker] DEBUG org.opensaml.core.xml.config.XMLConfigurator - Initializing object provider {http://www.w3.org/2005/08/addressing}Metadata
14:58:12.502 [Test worker] DEBUG org.opensaml.core.xml.config.XMLObjectProviderRegistry - Registering new builder, marshaller, and unmarshaller for {http://www.w3.org/2005/08/addressing}Metadata
14:58:12.502 [Test worker] DEBUG org.opensaml.core.xml.XMLObjectBuilderFactory - Registering builder org.opensaml.soap.wsaddressing.impl.MetadataBuilder under key {http://www.w3.org/2005/08/addressing}Metadata
14:58:12.502 [Test worker] DEBUG org.opensaml.core.xml.io.MarshallerFactory - Registering marshaller, org.opensaml.soap.wsaddressing.impl.MetadataMarshaller, for object type {http://www.w3.org/2005/08/addressing}Metadata
14:58:12.502 [Test worker] DEBUG org.opensaml.core.xml.io.UnmarshallerFactory - Registering unmarshaller, org.opensaml.soap.wsaddressing.impl.MetadataUnmarshaller, for object type, {http://www.w3.org/2005/08/addressing}Metadata
14:58:12.502 [Test worker] DEBUG org.opensaml.core.xml.config.XMLConfigurator - {http://www.w3.org/2005/08/addressing}Metadata intialized and configuration cached
14:58:12.502 [Test worker] DEBUG org.opensaml.core.xml.config.XMLConfigurator - Initializing object provider {http://www.w3.org/2005/08/addressing}ProblemAction
14:58:12.502 [Test worker] DEBUG org.opensaml.core.xml.config.XMLObjectProviderRegistry - Registering new builder, marshaller, and unmarshaller for {http://www.w3.org/2005/08/addressing}ProblemAction
14:58:12.502 [Test worker] DEBUG org.opensaml.core.xml.XMLObjectBuilderFactory - Registering builder org.opensaml.soap.wsaddressing.impl.ProblemActionBuilder under key {http://www.w3.org/2005/08/addressing}ProblemAction
14:58:12.502 [Test worker] DEBUG org.opensaml.core.xml.io.MarshallerFactory - Registering marshaller, org.opensaml.soap.wsaddressing.impl.ProblemActionMarshaller, for object type {http://www.w3.org/2005/08/addressing}ProblemAction
14:58:12.502 [Test worker] DEBUG org.opensaml.core.xml.io.UnmarshallerFactory - Registering unmarshaller, org.opensaml.soap.wsaddressing.impl.ProblemActionUnmarshaller, for object type, {http://www.w3.org/2005/08/addressing}ProblemAction
14:58:12.502 [Test worker] DEBUG org.opensaml.core.xml.config.XMLConfigurator - {http://www.w3.org/2005/08/addressing}ProblemAction intialized and configuration cached
14:58:12.502 [Test worker] DEBUG org.opensaml.core.xml.config.XMLConfigurator - Initializing object provider {http://www.w3.org/2005/08/addressing}ProblemHeaderQName
14:58:12.502 [Test worker] DEBUG org.opensaml.core.xml.config.XMLObjectProviderRegistry - Registering new builder, marshaller, and unmarshaller for {http://www.w3.org/2005/08/addressing}ProblemHeaderQName
14:58:12.502 [Test worker] DEBUG org.opensaml.core.xml.XMLObjectBuilderFactory - Registering builder org.opensaml.soap.wsaddressing.impl.ProblemHeaderQNameBuilder under key {http://www.w3.org/2005/08/addressing}ProblemHeaderQName
14:58:12.502 [Test worker] DEBUG org.opensaml.core.xml.io.MarshallerFactory - Registering marshaller, org.opensaml.soap.wsaddressing.impl.ProblemHeaderQNameMarshaller, for object type {http://www.w3.org/2005/08/addressing}ProblemHeaderQName
14:58:12.502 [Test worker] DEBUG org.opensaml.core.xml.io.UnmarshallerFactory - Registering unmarshaller, org.opensaml.soap.wsaddressing.impl.ProblemHeaderQNameUnmarshaller, for object type, {http://www.w3.org/2005/08/addressing}ProblemHeaderQName
14:58:12.502 [Test worker] DEBUG org.opensaml.core.xml.config.XMLConfigurator - {http://www.w3.org/2005/08/addressing}ProblemHeaderQName intialized and configuration cached
14:58:12.502 [Test worker] DEBUG org.opensaml.core.xml.config.XMLConfigurator - Initializing object provider {http://www.w3.org/2005/08/addressing}ProblemIRI
14:58:12.502 [Test worker] DEBUG org.opensaml.core.xml.config.XMLObjectProviderRegistry - Registering new builder, marshaller, and unmarshaller for {http://www.w3.org/2005/08/addressing}ProblemIRI
14:58:12.502 [Test worker] DEBUG org.opensaml.core.xml.XMLObjectBuilderFactory - Registering builder org.opensaml.soap.wsaddressing.impl.ProblemIRIBuilder under key {http://www.w3.org/2005/08/addressing}ProblemIRI
14:58:12.502 [Test worker] DEBUG org.opensaml.core.xml.io.MarshallerFactory - Registering marshaller, org.opensaml.soap.wsaddressing.impl.ProblemIRIMarshaller, for object type {http://www.w3.org/2005/08/addressing}ProblemIRI
14:58:12.502 [Test worker] DEBUG org.opensaml.core.xml.io.UnmarshallerFactory - Registering unmarshaller, org.opensaml.soap.wsaddressing.impl.ProblemIRIUnmarshaller, for object type, {http://www.w3.org/2005/08/addressing}ProblemIRI
14:58:12.502 [Test worker] DEBUG org.opensaml.core.xml.config.XMLConfigurator - {http://www.w3.org/2005/08/addressing}ProblemIRI intialized and configuration cached
14:58:12.502 [Test worker] DEBUG org.opensaml.core.xml.config.XMLConfigurator - Initializing object provider {http://www.w3.org/2005/08/addressing}ReferenceParameters
14:58:12.502 [Test worker] DEBUG org.opensaml.core.xml.config.XMLObjectProviderRegistry - Registering new builder, marshaller, and unmarshaller for {http://www.w3.org/2005/08/addressing}ReferenceParameters
14:58:12.502 [Test worker] DEBUG org.opensaml.core.xml.XMLObjectBuilderFactory - Registering builder org.opensaml.soap.wsaddressing.impl.ReferenceParametersBuilder under key {http://www.w3.org/2005/08/addressing}ReferenceParameters
14:58:12.502 [Test worker] DEBUG org.opensaml.core.xml.io.MarshallerFactory - Registering marshaller, org.opensaml.soap.wsaddressing.impl.ReferenceParametersMarshaller, for object type {http://www.w3.org/2005/08/addressing}ReferenceParameters
14:58:12.502 [Test worker] DEBUG org.opensaml.core.xml.io.UnmarshallerFactory - Registering unmarshaller, org.opensaml.soap.wsaddressing.impl.ReferenceParametersUnmarshaller, for object type, {http://www.w3.org/2005/08/addressing}ReferenceParameters
14:58:12.502 [Test worker] DEBUG org.opensaml.core.xml.config.XMLConfigurator - {http://www.w3.org/2005/08/addressing}ReferenceParameters intialized and configuration cached
14:58:12.502 [Test worker] DEBUG org.opensaml.core.xml.config.XMLConfigurator - Initializing object provider {http://www.w3.org/2005/08/addressing}RelatesTo
14:58:12.502 [Test worker] DEBUG org.opensaml.core.xml.config.XMLObjectProviderRegistry - Registering new builder, marshaller, and unmarshaller for {http://www.w3.org/2005/08/addressing}RelatesTo
14:58:12.502 [Test worker] DEBUG org.opensaml.core.xml.XMLObjectBuilderFactory - Registering builder org.opensaml.soap.wsaddressing.impl.RelatesToBuilder under key {http://www.w3.org/2005/08/addressing}RelatesTo
14:58:12.502 [Test worker] DEBUG org.opensaml.core.xml.io.MarshallerFactory - Registering marshaller, org.opensaml.soap.wsaddressing.impl.RelatesToMarshaller, for object type {http://www.w3.org/2005/08/addressing}RelatesTo
14:58:12.502 [Test worker] DEBUG org.opensaml.core.xml.io.UnmarshallerFactory - Registering unmarshaller, org.opensaml.soap.wsaddressing.impl.RelatesToUnmarshaller, for object type, {http://www.w3.org/2005/08/addressing}RelatesTo
14:58:12.502 [Test worker] DEBUG org.opensaml.core.xml.config.XMLConfigurator - {http://www.w3.org/2005/08/addressing}RelatesTo intialized and configuration cached
14:58:12.502 [Test worker] DEBUG org.opensaml.core.xml.config.XMLConfigurator - Initializing object provider {http://www.w3.org/2005/08/addressing}ReplyTo
14:58:12.502 [Test worker] DEBUG org.opensaml.core.xml.config.XMLObjectProviderRegistry - Registering new builder, marshaller, and unmarshaller for {http://www.w3.org/2005/08/addressing}ReplyTo
14:58:12.502 [Test worker] DEBUG org.opensaml.core.xml.XMLObjectBuilderFactory - Registering builder org.opensaml.soap.wsaddressing.impl.ReplyToBuilder under key {http://www.w3.org/2005/08/addressing}ReplyTo
14:58:12.502 [Test worker] DEBUG org.opensaml.core.xml.io.MarshallerFactory - Registering marshaller, org.opensaml.soap.wsaddressing.impl.ReplyToMarshaller, for object type {http://www.w3.org/2005/08/addressing}ReplyTo
14:58:12.502 [Test worker] DEBUG org.opensaml.core.xml.io.UnmarshallerFactory - Registering unmarshaller, org.opensaml.soap.wsaddressing.impl.ReplyToUnmarshaller, for object type, {http://www.w3.org/2005/08/addressing}ReplyTo
14:58:12.502 [Test worker] DEBUG org.opensaml.core.xml.config.XMLConfigurator - {http://www.w3.org/2005/08/addressing}ReplyTo intialized and configuration cached
14:58:12.502 [Test worker] DEBUG org.opensaml.core.xml.config.XMLConfigurator - Initializing object provider {http://www.w3.org/2005/08/addressing}RetryAfter
14:58:12.502 [Test worker] DEBUG org.opensaml.core.xml.config.XMLObjectProviderRegistry - Registering new builder, marshaller, and unmarshaller for {http://www.w3.org/2005/08/addressing}RetryAfter
14:58:12.502 [Test worker] DEBUG org.opensaml.core.xml.XMLObjectBuilderFactory - Registering builder org.opensaml.soap.wsaddressing.impl.RetryAfterBuilder under key {http://www.w3.org/2005/08/addressing}RetryAfter
14:58:12.502 [Test worker] DEBUG org.opensaml.core.xml.io.MarshallerFactory - Registering marshaller, org.opensaml.soap.wsaddressing.impl.RetryAfterMarshaller, for object type {http://www.w3.org/2005/08/addressing}RetryAfter
14:58:12.502 [Test worker] DEBUG org.opensaml.core.xml.io.UnmarshallerFactory - Registering unmarshaller, org.opensaml.soap.wsaddressing.impl.RetryAfterUnmarshaller, for object type, {http://www.w3.org/2005/08/addressing}RetryAfter
14:58:12.502 [Test worker] DEBUG org.opensaml.core.xml.config.XMLConfigurator - {http://www.w3.org/2005/08/addressing}RetryAfter intialized and configuration cached
14:58:12.502 [Test worker] DEBUG org.opensaml.core.xml.config.XMLConfigurator - Initializing object provider {http://www.w3.org/2005/08/addressing}SoapAction
14:58:12.502 [Test worker] DEBUG org.opensaml.core.xml.config.XMLObjectProviderRegistry - Registering new builder, marshaller, and unmarshaller for {http://www.w3.org/2005/08/addressing}SoapAction
14:58:12.502 [Test worker] DEBUG org.opensaml.core.xml.XMLObjectBuilderFactory - Registering builder org.opensaml.soap.wsaddressing.impl.SoapActionBuilder under key {http://www.w3.org/2005/08/addressing}SoapAction
14:58:12.502 [Test worker] DEBUG org.opensaml.core.xml.io.MarshallerFactory - Registering marshaller, org.opensaml.soap.wsaddressing.impl.SoapActionMarshaller, for object type {http://www.w3.org/2005/08/addressing}SoapAction
14:58:12.502 [Test worker] DEBUG org.opensaml.core.xml.io.UnmarshallerFactory - Registering unmarshaller, org.opensaml.soap.wsaddressing.impl.SoapActionUnmarshaller, for object type, {http://www.w3.org/2005/08/addressing}SoapAction
14:58:12.502 [Test worker] DEBUG org.opensaml.core.xml.config.XMLConfigurator - {http://www.w3.org/2005/08/addressing}SoapAction intialized and configuration cached
14:58:12.502 [Test worker] DEBUG org.opensaml.core.xml.config.XMLConfigurator - Initializing object provider {http://www.w3.org/2005/08/addressing}To
14:58:12.502 [Test worker] DEBUG org.opensaml.core.xml.config.XMLObjectProviderRegistry - Registering new builder, marshaller, and unmarshaller for {http://www.w3.org/2005/08/addressing}To
14:58:12.502 [Test worker] DEBUG org.opensaml.core.xml.XMLObjectBuilderFactory - Registering builder org.opensaml.soap.wsaddressing.impl.ToBuilder under key {http://www.w3.org/2005/08/addressing}To
14:58:12.502 [Test worker] DEBUG org.opensaml.core.xml.io.MarshallerFactory - Registering marshaller, org.opensaml.soap.wsaddressing.impl.ToMarshaller, for object type {http://www.w3.org/2005/08/addressing}To
14:58:12.502 [Test worker] DEBUG org.opensaml.core.xml.io.UnmarshallerFactory - Registering unmarshaller, org.opensaml.soap.wsaddressing.impl.ToUnmarshaller, for object type, {http://www.w3.org/2005/08/addressing}To
14:58:12.502 [Test worker] DEBUG org.opensaml.core.xml.config.XMLConfigurator - {http://www.w3.org/2005/08/addressing}To intialized and configuration cached
14:58:12.502 [Test worker] DEBUG org.opensaml.core.xml.config.XMLConfigurator - ObjectProviders load complete
14:58:12.502 [Test worker] DEBUG org.opensaml.core.xml.config.AbstractXMLObjectProviderInitializer - Loading XMLObject provider configuration from resource 'wsfed11-protocol-config.xml'
14:58:12.503 [Test worker] DEBUG org.opensaml.core.xml.config.XMLConfigurator - Loading configuration from XML Document
14:58:12.503 [Test worker] DEBUG org.opensaml.core.xml.config.XMLConfigurator - Schema validating configuration Document
14:58:12.504 [Test worker] DEBUG org.opensaml.core.xml.config.XMLConfigurator - Configuration document validated
14:58:12.504 [Test worker] DEBUG org.opensaml.core.xml.config.XMLConfigurator - Preparing to load ObjectProviders
14:58:12.504 [Test worker] DEBUG org.opensaml.core.xml.config.XMLConfigurator - Initializing object provider {http://schemas.xmlsoap.org/ws/2004/08/addressing}Address
14:58:12.504 [Test worker] DEBUG org.opensaml.core.xml.config.XMLObjectProviderRegistry - Registering new builder, marshaller, and unmarshaller for {http://schemas.xmlsoap.org/ws/2004/08/addressing}Address
14:58:12.504 [Test worker] DEBUG org.opensaml.core.xml.XMLObjectBuilderFactory - Registering builder org.opensaml.soap.wsfed.impl.AddressBuilder under key {http://schemas.xmlsoap.org/ws/2004/08/addressing}Address
14:58:12.504 [Test worker] DEBUG org.opensaml.core.xml.io.MarshallerFactory - Registering marshaller, org.opensaml.soap.wsfed.impl.AddressMarshaller, for object type {http://schemas.xmlsoap.org/ws/2004/08/addressing}Address
14:58:12.504 [Test worker] DEBUG org.opensaml.core.xml.io.UnmarshallerFactory - Registering unmarshaller, org.opensaml.soap.wsfed.impl.AddressUnmarshaller, for object type, {http://schemas.xmlsoap.org/ws/2004/08/addressing}Address
14:58:12.504 [Test worker] DEBUG org.opensaml.core.xml.config.XMLConfigurator - {http://schemas.xmlsoap.org/ws/2004/08/addressing}Address intialized and configuration cached
14:58:12.504 [Test worker] DEBUG org.opensaml.core.xml.config.XMLConfigurator - Initializing object provider {http://schemas.xmlsoap.org/ws/2004/09/policy}AppliesTo
14:58:12.504 [Test worker] DEBUG org.opensaml.core.xml.config.XMLObjectProviderRegistry - Registering new builder, marshaller, and unmarshaller for {http://schemas.xmlsoap.org/ws/2004/09/policy}AppliesTo
14:58:12.504 [Test worker] DEBUG org.opensaml.core.xml.XMLObjectBuilderFactory - Registering builder org.opensaml.soap.wsfed.impl.AppliesToBuilder under key {http://schemas.xmlsoap.org/ws/2004/09/policy}AppliesTo
14:58:12.504 [Test worker] DEBUG org.opensaml.core.xml.io.MarshallerFactory - Registering marshaller, org.opensaml.soap.wsfed.impl.AppliesToMarshaller, for object type {http://schemas.xmlsoap.org/ws/2004/09/policy}AppliesTo
14:58:12.504 [Test worker] DEBUG org.opensaml.core.xml.io.UnmarshallerFactory - Registering unmarshaller, org.opensaml.soap.wsfed.impl.AppliesToUnmarshaller, for object type, {http://schemas.xmlsoap.org/ws/2004/09/policy}AppliesTo
14:58:12.504 [Test worker] DEBUG org.opensaml.core.xml.config.XMLConfigurator - {http://schemas.xmlsoap.org/ws/2004/09/policy}AppliesTo intialized and configuration cached
14:58:12.504 [Test worker] DEBUG org.opensaml.core.xml.config.XMLConfigurator - Initializing object provider {http://schemas.xmlsoap.org/ws/2004/08/addressing}EndPointReference
14:58:12.504 [Test worker] DEBUG org.opensaml.core.xml.config.XMLObjectProviderRegistry - Registering new builder, marshaller, and unmarshaller for {http://schemas.xmlsoap.org/ws/2004/08/addressing}EndPointReference
14:58:12.504 [Test worker] DEBUG org.opensaml.core.xml.XMLObjectBuilderFactory - Registering builder org.opensaml.soap.wsfed.impl.EndPointReferenceBuilder under key {http://schemas.xmlsoap.org/ws/2004/08/addressing}EndPointReference
14:58:12.504 [Test worker] DEBUG org.opensaml.core.xml.io.MarshallerFactory - Registering marshaller, org.opensaml.soap.wsfed.impl.EndPointReferenceMarshaller, for object type {http://schemas.xmlsoap.org/ws/2004/08/addressing}EndPointReference
14:58:12.504 [Test worker] DEBUG org.opensaml.core.xml.io.UnmarshallerFactory - Registering unmarshaller, org.opensaml.soap.wsfed.impl.EndPointReferenceUnmarshaller, for object type, {http://schemas.xmlsoap.org/ws/2004/08/addressing}EndPointReference
14:58:12.504 [Test worker] DEBUG org.opensaml.core.xml.config.XMLConfigurator - {http://schemas.xmlsoap.org/ws/2004/08/addressing}EndPointReference intialized and configuration cached
14:58:12.504 [Test worker] DEBUG org.opensaml.core.xml.config.XMLConfigurator - Initializing object provider {http://schemas.xmlsoap.org/ws/2005/02/trust}RequestedSecurityToken
14:58:12.504 [Test worker] DEBUG org.opensaml.core.xml.config.XMLObjectProviderRegistry - Registering new builder, marshaller, and unmarshaller for {http://schemas.xmlsoap.org/ws/2005/02/trust}RequestedSecurityToken
14:58:12.504 [Test worker] DEBUG org.opensaml.core.xml.XMLObjectBuilderFactory - Registering builder org.opensaml.soap.wsfed.impl.RequestedSecurityTokenBuilder under key {http://schemas.xmlsoap.org/ws/2005/02/trust}RequestedSecurityToken
14:58:12.504 [Test worker] DEBUG org.opensaml.core.xml.io.MarshallerFactory - Registering marshaller, org.opensaml.soap.wsfed.impl.RequestedSecurityTokenMarshaller, for object type {http://schemas.xmlsoap.org/ws/2005/02/trust}RequestedSecurityToken
14:58:12.504 [Test worker] DEBUG org.opensaml.core.xml.io.UnmarshallerFactory - Registering unmarshaller, org.opensaml.soap.wsfed.impl.RequestedSecurityTokenUnmarshaller, for object type, {http://schemas.xmlsoap.org/ws/2005/02/trust}RequestedSecurityToken
14:58:12.504 [Test worker] DEBUG org.opensaml.core.xml.config.XMLConfigurator - {http://schemas.xmlsoap.org/ws/2005/02/trust}RequestedSecurityToken intialized and configuration cached
14:58:12.504 [Test worker] DEBUG org.opensaml.core.xml.config.XMLConfigurator - Initializing object provider {http://schemas.xmlsoap.org/ws/2005/02/trust}RequestSecurityTokenResponse
14:58:12.504 [Test worker] DEBUG org.opensaml.core.xml.config.XMLObjectProviderRegistry - Registering new builder, marshaller, and unmarshaller for {http://schemas.xmlsoap.org/ws/2005/02/trust}RequestSecurityTokenResponse
14:58:12.504 [Test worker] DEBUG org.opensaml.core.xml.XMLObjectBuilderFactory - Registering builder org.opensaml.soap.wsfed.impl.RequestSecurityTokenResponseBuilder under key {http://schemas.xmlsoap.org/ws/2005/02/trust}RequestSecurityTokenResponse
14:58:12.504 [Test worker] DEBUG org.opensaml.core.xml.io.MarshallerFactory - Registering marshaller, org.opensaml.soap.wsfed.impl.RequestSecurityTokenResponseMarshaller, for object type {http://schemas.xmlsoap.org/ws/2005/02/trust}RequestSecurityTokenResponse
14:58:12.504 [Test worker] DEBUG org.opensaml.core.xml.io.UnmarshallerFactory - Registering unmarshaller, org.opensaml.soap.wsfed.impl.RequestSecurityTokenResponseUnmarshaller, for object type, {http://schemas.xmlsoap.org/ws/2005/02/trust}RequestSecurityTokenResponse
14:58:12.504 [Test worker] DEBUG org.opensaml.core.xml.config.XMLConfigurator - {http://schemas.xmlsoap.org/ws/2005/02/trust}RequestSecurityTokenResponse intialized and configuration cached
14:58:12.504 [Test worker] DEBUG org.opensaml.core.xml.config.XMLConfigurator - ObjectProviders load complete
14:58:12.504 [Test worker] DEBUG org.opensaml.core.xml.config.AbstractXMLObjectProviderInitializer - Loading XMLObject provider configuration from resource 'wspolicy-config.xml'
14:58:12.505 [Test worker] DEBUG org.opensaml.core.xml.config.XMLConfigurator - Loading configuration from XML Document
14:58:12.505 [Test worker] DEBUG org.opensaml.core.xml.config.XMLConfigurator - Schema validating configuration Document
14:58:12.505 [Test worker] DEBUG org.opensaml.core.xml.config.XMLConfigurator - Configuration document validated
14:58:12.505 [Test worker] DEBUG org.opensaml.core.xml.config.XMLConfigurator - Preparing to load ObjectProviders
14:58:12.505 [Test worker] DEBUG org.opensaml.core.xml.config.XMLConfigurator - Initializing object provider {http://schemas.xmlsoap.org/ws/2004/09/policy}All
14:58:12.505 [Test worker] DEBUG org.opensaml.core.xml.config.XMLObjectProviderRegistry - Registering new builder, marshaller, and unmarshaller for {http://schemas.xmlsoap.org/ws/2004/09/policy}All
14:58:12.505 [Test worker] DEBUG org.opensaml.core.xml.XMLObjectBuilderFactory - Registering builder org.opensaml.soap.wspolicy.impl.AllBuilder under key {http://schemas.xmlsoap.org/ws/2004/09/policy}All
14:58:12.505 [Test worker] DEBUG org.opensaml.core.xml.io.MarshallerFactory - Registering marshaller, org.opensaml.soap.wspolicy.impl.AllMarshaller, for object type {http://schemas.xmlsoap.org/ws/2004/09/policy}All
14:58:12.505 [Test worker] DEBUG org.opensaml.core.xml.io.UnmarshallerFactory - Registering unmarshaller, org.opensaml.soap.wspolicy.impl.AllUnmarshaller, for object type, {http://schemas.xmlsoap.org/ws/2004/09/policy}All
14:58:12.505 [Test worker] DEBUG org.opensaml.core.xml.config.XMLConfigurator - {http://schemas.xmlsoap.org/ws/2004/09/policy}All intialized and configuration cached
14:58:12.505 [Test worker] DEBUG org.opensaml.core.xml.config.XMLConfigurator - Initializing object provider {http://schemas.xmlsoap.org/ws/2004/09/policy}AppliesTo
14:58:12.505 [Test worker] DEBUG org.opensaml.core.xml.config.XMLObjectProviderRegistry - Registering new builder, marshaller, and unmarshaller for {http://schemas.xmlsoap.org/ws/2004/09/policy}AppliesTo
14:58:12.505 [Test worker] DEBUG org.opensaml.core.xml.XMLObjectBuilderFactory - Registering builder org.opensaml.soap.wspolicy.impl.AppliesToBuilder under key {http://schemas.xmlsoap.org/ws/2004/09/policy}AppliesTo
14:58:12.505 [Test worker] DEBUG org.opensaml.core.xml.io.MarshallerFactory - Registering marshaller, org.opensaml.soap.wspolicy.impl.AppliesToMarshaller, for object type {http://schemas.xmlsoap.org/ws/2004/09/policy}AppliesTo
14:58:12.505 [Test worker] DEBUG org.opensaml.core.xml.io.UnmarshallerFactory - Registering unmarshaller, org.opensaml.soap.wspolicy.impl.AppliesToUnmarshaller, for object type, {http://schemas.xmlsoap.org/ws/2004/09/policy}AppliesTo
14:58:12.505 [Test worker] DEBUG org.opensaml.core.xml.config.XMLConfigurator - {http://schemas.xmlsoap.org/ws/2004/09/policy}AppliesTo intialized and configuration cached
14:58:12.505 [Test worker] DEBUG org.opensaml.core.xml.config.XMLConfigurator - Initializing object provider {http://schemas.xmlsoap.org/ws/2004/09/policy}ExactlyOne
14:58:12.506 [Test worker] DEBUG org.opensaml.core.xml.config.XMLObjectProviderRegistry - Registering new builder, marshaller, and unmarshaller for {http://schemas.xmlsoap.org/ws/2004/09/policy}ExactlyOne
14:58:12.506 [Test worker] DEBUG org.opensaml.core.xml.XMLObjectBuilderFactory - Registering builder org.opensaml.soap.wspolicy.impl.ExactlyOneBuilder under key {http://schemas.xmlsoap.org/ws/2004/09/policy}ExactlyOne
14:58:12.506 [Test worker] DEBUG org.opensaml.core.xml.io.MarshallerFactory - Registering marshaller, org.opensaml.soap.wspolicy.impl.ExactlyOneMarshaller, for object type {http://schemas.xmlsoap.org/ws/2004/09/policy}ExactlyOne
14:58:12.506 [Test worker] DEBUG org.opensaml.core.xml.io.UnmarshallerFactory - Registering unmarshaller, org.opensaml.soap.wspolicy.impl.ExactlyOneUnmarshaller, for object type, {http://schemas.xmlsoap.org/ws/2004/09/policy}ExactlyOne
14:58:12.506 [Test worker] DEBUG org.opensaml.core.xml.config.XMLConfigurator - {http://schemas.xmlsoap.org/ws/2004/09/policy}ExactlyOne intialized and configuration cached
14:58:12.506 [Test worker] DEBUG org.opensaml.core.xml.config.XMLConfigurator - Initializing object provider {http://schemas.xmlsoap.org/ws/2004/09/policy}Policy
14:58:12.506 [Test worker] DEBUG org.opensaml.core.xml.config.XMLObjectProviderRegistry - Registering new builder, marshaller, and unmarshaller for {http://schemas.xmlsoap.org/ws/2004/09/policy}Policy
14:58:12.506 [Test worker] DEBUG org.opensaml.core.xml.XMLObjectBuilderFactory - Registering builder org.opensaml.soap.wspolicy.impl.PolicyBuilder under key {http://schemas.xmlsoap.org/ws/2004/09/policy}Policy
14:58:12.506 [Test worker] DEBUG org.opensaml.core.xml.io.MarshallerFactory - Registering marshaller, org.opensaml.soap.wspolicy.impl.PolicyMarshaller, for object type {http://schemas.xmlsoap.org/ws/2004/09/policy}Policy
14:58:12.506 [Test worker] DEBUG org.opensaml.core.xml.io.UnmarshallerFactory - Registering unmarshaller, org.opensaml.soap.wspolicy.impl.PolicyUnmarshaller, for object type, {http://schemas.xmlsoap.org/ws/2004/09/policy}Policy
14:58:12.506 [Test worker] DEBUG org.opensaml.core.xml.config.XMLConfigurator - {http://schemas.xmlsoap.org/ws/2004/09/policy}Policy intialized and configuration cached
14:58:12.506 [Test worker] DEBUG org.opensaml.core.xml.config.XMLConfigurator - Initializing object provider {http://schemas.xmlsoap.org/ws/2004/09/policy}PolicyAttachment
14:58:12.506 [Test worker] DEBUG org.opensaml.core.xml.config.XMLObjectProviderRegistry - Registering new builder, marshaller, and unmarshaller for {http://schemas.xmlsoap.org/ws/2004/09/policy}PolicyAttachment
14:58:12.506 [Test worker] DEBUG org.opensaml.core.xml.XMLObjectBuilderFactory - Registering builder org.opensaml.soap.wspolicy.impl.PolicyAttachmentBuilder under key {http://schemas.xmlsoap.org/ws/2004/09/policy}PolicyAttachment
14:58:12.506 [Test worker] DEBUG org.opensaml.core.xml.io.MarshallerFactory - Registering marshaller, org.opensaml.soap.wspolicy.impl.PolicyAttachmentMarshaller, for object type {http://schemas.xmlsoap.org/ws/2004/09/policy}PolicyAttachment
14:58:12.506 [Test worker] DEBUG org.opensaml.core.xml.io.UnmarshallerFactory - Registering unmarshaller, org.opensaml.soap.wspolicy.impl.PolicyAttachmentUnmarshaller, for object type, {http://schemas.xmlsoap.org/ws/2004/09/policy}PolicyAttachment
14:58:12.506 [Test worker] DEBUG org.opensaml.core.xml.config.XMLConfigurator - {http://schemas.xmlsoap.org/ws/2004/09/policy}PolicyAttachment intialized and configuration cached
14:58:12.506 [Test worker] DEBUG org.opensaml.core.xml.config.XMLConfigurator - Initializing object provider {http://schemas.xmlsoap.org/ws/2004/09/policy}PolicyReference
14:58:12.506 [Test worker] DEBUG org.opensaml.core.xml.config.XMLObjectProviderRegistry - Registering new builder, marshaller, and unmarshaller for {http://schemas.xmlsoap.org/ws/2004/09/policy}PolicyReference
14:58:12.506 [Test worker] DEBUG org.opensaml.core.xml.XMLObjectBuilderFactory - Registering builder org.opensaml.soap.wspolicy.impl.PolicyReferenceBuilder under key {http://schemas.xmlsoap.org/ws/2004/09/policy}PolicyReference
14:58:12.506 [Test worker] DEBUG org.opensaml.core.xml.io.MarshallerFactory - Registering marshaller, org.opensaml.soap.wspolicy.impl.PolicyReferenceMarshaller, for object type {http://schemas.xmlsoap.org/ws/2004/09/policy}PolicyReference
14:58:12.506 [Test worker] DEBUG org.opensaml.core.xml.io.UnmarshallerFactory - Registering unmarshaller, org.opensaml.soap.wspolicy.impl.PolicyReferenceUnmarshaller, for object type, {http://schemas.xmlsoap.org/ws/2004/09/policy}PolicyReference
14:58:12.506 [Test worker] DEBUG org.opensaml.core.xml.config.XMLConfigurator - {http://schemas.xmlsoap.org/ws/2004/09/policy}PolicyReference intialized and configuration cached
14:58:12.506 [Test worker] DEBUG org.opensaml.core.xml.config.XMLConfigurator - ObjectProviders load complete
14:58:12.506 [Test worker] DEBUG org.opensaml.core.xml.config.AbstractXMLObjectProviderInitializer - Loading XMLObject provider configuration from resource 'wssecurity-config.xml'
14:58:12.507 [Test worker] DEBUG org.opensaml.core.xml.config.XMLConfigurator - Loading configuration from XML Document
14:58:12.507 [Test worker] DEBUG org.opensaml.core.xml.config.XMLConfigurator - Schema validating configuration Document
14:58:12.508 [Test worker] DEBUG org.opensaml.core.xml.config.XMLConfigurator - Configuration document validated
14:58:12.508 [Test worker] DEBUG org.opensaml.core.xml.config.XMLConfigurator - Preparing to load ObjectProviders
14:58:12.508 [Test worker] DEBUG org.opensaml.core.xml.config.XMLConfigurator - Initializing object provider {http://docs.oasis-open.org/wss/2004/01/oasis-200401-wss-wssecurity-secext-1.0.xsd}BinarySecurityToken
14:58:12.508 [Test worker] DEBUG org.opensaml.core.xml.config.XMLObjectProviderRegistry - Registering new builder, marshaller, and unmarshaller for {http://docs.oasis-open.org/wss/2004/01/oasis-200401-wss-wssecurity-secext-1.0.xsd}BinarySecurityToken
14:58:12.508 [Test worker] DEBUG org.opensaml.core.xml.XMLObjectBuilderFactory - Registering builder org.opensaml.soap.wssecurity.impl.BinarySecurityTokenBuilder under key {http://docs.oasis-open.org/wss/2004/01/oasis-200401-wss-wssecurity-secext-1.0.xsd}BinarySecurityToken
14:58:12.508 [Test worker] DEBUG org.opensaml.core.xml.io.MarshallerFactory - Registering marshaller, org.opensaml.soap.wssecurity.impl.BinarySecurityTokenMarshaller, for object type {http://docs.oasis-open.org/wss/2004/01/oasis-200401-wss-wssecurity-secext-1.0.xsd}BinarySecurityToken
14:58:12.508 [Test worker] DEBUG org.opensaml.core.xml.io.UnmarshallerFactory - Registering unmarshaller, org.opensaml.soap.wssecurity.impl.BinarySecurityTokenUnmarshaller, for object type, {http://docs.oasis-open.org/wss/2004/01/oasis-200401-wss-wssecurity-secext-1.0.xsd}BinarySecurityToken
14:58:12.508 [Test worker] DEBUG org.opensaml.core.xml.config.XMLConfigurator - {http://docs.oasis-open.org/wss/2004/01/oasis-200401-wss-wssecurity-secext-1.0.xsd}BinarySecurityToken intialized and configuration cached
14:58:12.508 [Test worker] DEBUG org.opensaml.core.xml.config.XMLConfigurator - Initializing object provider {http://docs.oasis-open.org/wss/2004/01/oasis-200401-wss-wssecurity-utility-1.0.xsd}Created
14:58:12.508 [Test worker] DEBUG org.opensaml.core.xml.config.XMLObjectProviderRegistry - Registering new builder, marshaller, and unmarshaller for {http://docs.oasis-open.org/wss/2004/01/oasis-200401-wss-wssecurity-utility-1.0.xsd}Created
14:58:12.508 [Test worker] DEBUG org.opensaml.core.xml.XMLObjectBuilderFactory - Registering builder org.opensaml.soap.wssecurity.impl.CreatedBuilder under key {http://docs.oasis-open.org/wss/2004/01/oasis-200401-wss-wssecurity-utility-1.0.xsd}Created
14:58:12.508 [Test worker] DEBUG org.opensaml.core.xml.io.MarshallerFactory - Registering marshaller, org.opensaml.soap.wssecurity.impl.CreatedMarshaller, for object type {http://docs.oasis-open.org/wss/2004/01/oasis-200401-wss-wssecurity-utility-1.0.xsd}Created
14:58:12.508 [Test worker] DEBUG org.opensaml.core.xml.io.UnmarshallerFactory - Registering unmarshaller, org.opensaml.soap.wssecurity.impl.CreatedUnmarshaller, for object type, {http://docs.oasis-open.org/wss/2004/01/oasis-200401-wss-wssecurity-utility-1.0.xsd}Created
14:58:12.508 [Test worker] DEBUG org.opensaml.core.xml.config.XMLConfigurator - {http://docs.oasis-open.org/wss/2004/01/oasis-200401-wss-wssecurity-utility-1.0.xsd}Created intialized and configuration cached
14:58:12.508 [Test worker] DEBUG org.opensaml.core.xml.config.XMLConfigurator - Initializing object provider {http://docs.oasis-open.org/wss/2004/01/oasis-200401-wss-wssecurity-secext-1.0.xsd}Embedded
14:58:12.508 [Test worker] DEBUG org.opensaml.core.xml.config.XMLObjectProviderRegistry - Registering new builder, marshaller, and unmarshaller for {http://docs.oasis-open.org/wss/2004/01/oasis-200401-wss-wssecurity-secext-1.0.xsd}Embedded
14:58:12.508 [Test worker] DEBUG org.opensaml.core.xml.XMLObjectBuilderFactory - Registering builder org.opensaml.soap.wssecurity.impl.EmbeddedBuilder under key {http://docs.oasis-open.org/wss/2004/01/oasis-200401-wss-wssecurity-secext-1.0.xsd}Embedded
14:58:12.508 [Test worker] DEBUG org.opensaml.core.xml.io.MarshallerFactory - Registering marshaller, org.opensaml.soap.wssecurity.impl.EmbeddedMarshaller, for object type {http://docs.oasis-open.org/wss/2004/01/oasis-200401-wss-wssecurity-secext-1.0.xsd}Embedded
14:58:12.508 [Test worker] DEBUG org.opensaml.core.xml.io.UnmarshallerFactory - Registering unmarshaller, org.opensaml.soap.wssecurity.impl.EmbeddedUnmarshaller, for object type, {http://docs.oasis-open.org/wss/2004/01/oasis-200401-wss-wssecurity-secext-1.0.xsd}Embedded
14:58:12.508 [Test worker] DEBUG org.opensaml.core.xml.config.XMLConfigurator - {http://docs.oasis-open.org/wss/2004/01/oasis-200401-wss-wssecurity-secext-1.0.xsd}Embedded intialized and configuration cached
14:58:12.508 [Test worker] DEBUG org.opensaml.core.xml.config.XMLConfigurator - Initializing object provider {http://docs.oasis-open.org/wss/oasis-wss-wssecurity-secext-1.1.xsd}EncryptedHeader
14:58:12.508 [Test worker] DEBUG org.opensaml.core.xml.config.XMLObjectProviderRegistry - Registering new builder, marshaller, and unmarshaller for {http://docs.oasis-open.org/wss/oasis-wss-wssecurity-secext-1.1.xsd}EncryptedHeader
14:58:12.508 [Test worker] DEBUG org.opensaml.core.xml.XMLObjectBuilderFactory - Registering builder org.opensaml.soap.wssecurity.impl.EncryptedHeaderBuilder under key {http://docs.oasis-open.org/wss/oasis-wss-wssecurity-secext-1.1.xsd}EncryptedHeader
14:58:12.508 [Test worker] DEBUG org.opensaml.core.xml.io.MarshallerFactory - Registering marshaller, org.opensaml.soap.wssecurity.impl.EncryptedHeaderMarshaller, for object type {http://docs.oasis-open.org/wss/oasis-wss-wssecurity-secext-1.1.xsd}EncryptedHeader
14:58:12.508 [Test worker] DEBUG org.opensaml.core.xml.io.UnmarshallerFactory - Registering unmarshaller, org.opensaml.soap.wssecurity.impl.EncryptedHeaderUnmarshaller, for object type, {http://docs.oasis-open.org/wss/oasis-wss-wssecurity-secext-1.1.xsd}EncryptedHeader
14:58:12.508 [Test worker] DEBUG org.opensaml.core.xml.config.XMLConfigurator - {http://docs.oasis-open.org/wss/oasis-wss-wssecurity-secext-1.1.xsd}EncryptedHeader intialized and configuration cached
14:58:12.508 [Test worker] DEBUG org.opensaml.core.xml.config.XMLConfigurator - Initializing object provider {http://docs.oasis-open.org/wss/2004/01/oasis-200401-wss-wssecurity-utility-1.0.xsd}Expires
14:58:12.508 [Test worker] DEBUG org.opensaml.core.xml.config.XMLObjectProviderRegistry - Registering new builder, marshaller, and unmarshaller for {http://docs.oasis-open.org/wss/2004/01/oasis-200401-wss-wssecurity-utility-1.0.xsd}Expires
14:58:12.508 [Test worker] DEBUG org.opensaml.core.xml.XMLObjectBuilderFactory - Registering builder org.opensaml.soap.wssecurity.impl.ExpiresBuilder under key {http://docs.oasis-open.org/wss/2004/01/oasis-200401-wss-wssecurity-utility-1.0.xsd}Expires
14:58:12.508 [Test worker] DEBUG org.opensaml.core.xml.io.MarshallerFactory - Registering marshaller, org.opensaml.soap.wssecurity.impl.ExpiresMarshaller, for object type {http://docs.oasis-open.org/wss/2004/01/oasis-200401-wss-wssecurity-utility-1.0.xsd}Expires
14:58:12.508 [Test worker] DEBUG org.opensaml.core.xml.io.UnmarshallerFactory - Registering unmarshaller, org.opensaml.soap.wssecurity.impl.ExpiresUnmarshaller, for object type, {http://docs.oasis-open.org/wss/2004/01/oasis-200401-wss-wssecurity-utility-1.0.xsd}Expires
14:58:12.508 [Test worker] DEBUG org.opensaml.core.xml.config.XMLConfigurator - {http://docs.oasis-open.org/wss/2004/01/oasis-200401-wss-wssecurity-utility-1.0.xsd}Expires intialized and configuration cached
14:58:12.508 [Test worker] DEBUG org.opensaml.core.xml.config.XMLConfigurator - Initializing object provider {http://docs.oasis-open.org/wss/oasis-wss-wssecurity-secext-1.1.xsd}Iteration
14:58:12.508 [Test worker] DEBUG org.opensaml.core.xml.config.XMLObjectProviderRegistry - Registering new builder, marshaller, and unmarshaller for {http://docs.oasis-open.org/wss/oasis-wss-wssecurity-secext-1.1.xsd}Iteration
14:58:12.508 [Test worker] DEBUG org.opensaml.core.xml.XMLObjectBuilderFactory - Registering builder org.opensaml.soap.wssecurity.impl.IterationBuilder under key {http://docs.oasis-open.org/wss/oasis-wss-wssecurity-secext-1.1.xsd}Iteration
14:58:12.508 [Test worker] DEBUG org.opensaml.core.xml.io.MarshallerFactory - Registering marshaller, org.opensaml.soap.wssecurity.impl.IterationMarshaller, for object type {http://docs.oasis-open.org/wss/oasis-wss-wssecurity-secext-1.1.xsd}Iteration
14:58:12.508 [Test worker] DEBUG org.opensaml.core.xml.io.UnmarshallerFactory - Registering unmarshaller, org.opensaml.soap.wssecurity.impl.IterationUnmarshaller, for object type, {http://docs.oasis-open.org/wss/oasis-wss-wssecurity-secext-1.1.xsd}Iteration
14:58:12.508 [Test worker] DEBUG org.opensaml.core.xml.config.XMLConfigurator - {http://docs.oasis-open.org/wss/oasis-wss-wssecurity-secext-1.1.xsd}Iteration intialized and configuration cached
14:58:12.508 [Test worker] DEBUG org.opensaml.core.xml.config.XMLConfigurator - Initializing object provider {http://docs.oasis-open.org/wss/2004/01/oasis-200401-wss-wssecurity-secext-1.0.xsd}KeyIdentifier
14:58:12.508 [Test worker] DEBUG org.opensaml.core.xml.config.XMLObjectProviderRegistry - Registering new builder, marshaller, and unmarshaller for {http://docs.oasis-open.org/wss/2004/01/oasis-200401-wss-wssecurity-secext-1.0.xsd}KeyIdentifier
14:58:12.508 [Test worker] DEBUG org.opensaml.core.xml.XMLObjectBuilderFactory - Registering builder org.opensaml.soap.wssecurity.impl.KeyIdentifierBuilder under key {http://docs.oasis-open.org/wss/2004/01/oasis-200401-wss-wssecurity-secext-1.0.xsd}KeyIdentifier
14:58:12.509 [Test worker] DEBUG org.opensaml.core.xml.io.MarshallerFactory - Registering marshaller, org.opensaml.soap.wssecurity.impl.KeyIdentifierMarshaller, for object type {http://docs.oasis-open.org/wss/2004/01/oasis-200401-wss-wssecurity-secext-1.0.xsd}KeyIdentifier
14:58:12.509 [Test worker] DEBUG org.opensaml.core.xml.io.UnmarshallerFactory - Registering unmarshaller, org.opensaml.soap.wssecurity.impl.KeyIdentifierUnmarshaller, for object type, {http://docs.oasis-open.org/wss/2004/01/oasis-200401-wss-wssecurity-secext-1.0.xsd}KeyIdentifier
14:58:12.509 [Test worker] DEBUG org.opensaml.core.xml.config.XMLConfigurator - {http://docs.oasis-open.org/wss/2004/01/oasis-200401-wss-wssecurity-secext-1.0.xsd}KeyIdentifier intialized and configuration cached
14:58:12.509 [Test worker] DEBUG org.opensaml.core.xml.config.XMLConfigurator - Initializing object provider {http://docs.oasis-open.org/wss/2004/01/oasis-200401-wss-wssecurity-secext-1.0.xsd}Nonce
14:58:12.509 [Test worker] DEBUG org.opensaml.core.xml.config.XMLObjectProviderRegistry - Registering new builder, marshaller, and unmarshaller for {http://docs.oasis-open.org/wss/2004/01/oasis-200401-wss-wssecurity-secext-1.0.xsd}Nonce
14:58:12.509 [Test worker] DEBUG org.opensaml.core.xml.XMLObjectBuilderFactory - Registering builder org.opensaml.soap.wssecurity.impl.NonceBuilder under key {http://docs.oasis-open.org/wss/2004/01/oasis-200401-wss-wssecurity-secext-1.0.xsd}Nonce
14:58:12.509 [Test worker] DEBUG org.opensaml.core.xml.io.MarshallerFactory - Registering marshaller, org.opensaml.soap.wssecurity.impl.NonceMarshaller, for object type {http://docs.oasis-open.org/wss/2004/01/oasis-200401-wss-wssecurity-secext-1.0.xsd}Nonce
14:58:12.509 [Test worker] DEBUG org.opensaml.core.xml.io.UnmarshallerFactory - Registering unmarshaller, org.opensaml.soap.wssecurity.impl.NonceUnmarshaller, for object type, {http://docs.oasis-open.org/wss/2004/01/oasis-200401-wss-wssecurity-secext-1.0.xsd}Nonce
14:58:12.509 [Test worker] DEBUG org.opensaml.core.xml.config.XMLConfigurator - {http://docs.oasis-open.org/wss/2004/01/oasis-200401-wss-wssecurity-secext-1.0.xsd}Nonce intialized and configuration cached
14:58:12.509 [Test worker] DEBUG org.opensaml.core.xml.config.XMLConfigurator - Initializing object provider {http://docs.oasis-open.org/wss/2004/01/oasis-200401-wss-wssecurity-secext-1.0.xsd}Password
14:58:12.509 [Test worker] DEBUG org.opensaml.core.xml.config.XMLObjectProviderRegistry - Registering new builder, marshaller, and unmarshaller for {http://docs.oasis-open.org/wss/2004/01/oasis-200401-wss-wssecurity-secext-1.0.xsd}Password
14:58:12.509 [Test worker] DEBUG org.opensaml.core.xml.XMLObjectBuilderFactory - Registering builder org.opensaml.soap.wssecurity.impl.PasswordBuilder under key {http://docs.oasis-open.org/wss/2004/01/oasis-200401-wss-wssecurity-secext-1.0.xsd}Password
14:58:12.509 [Test worker] DEBUG org.opensaml.core.xml.io.MarshallerFactory - Registering marshaller, org.opensaml.soap.wssecurity.impl.PasswordMarshaller, for object type {http://docs.oasis-open.org/wss/2004/01/oasis-200401-wss-wssecurity-secext-1.0.xsd}Password
14:58:12.509 [Test worker] DEBUG org.opensaml.core.xml.io.UnmarshallerFactory - Registering unmarshaller, org.opensaml.soap.wssecurity.impl.PasswordUnmarshaller, for object type, {http://docs.oasis-open.org/wss/2004/01/oasis-200401-wss-wssecurity-secext-1.0.xsd}Password
14:58:12.509 [Test worker] DEBUG org.opensaml.core.xml.config.XMLConfigurator - {http://docs.oasis-open.org/wss/2004/01/oasis-200401-wss-wssecurity-secext-1.0.xsd}Password intialized and configuration cached
14:58:12.509 [Test worker] DEBUG org.opensaml.core.xml.config.XMLConfigurator - Initializing object provider {http://docs.oasis-open.org/wss/2004/01/oasis-200401-wss-wssecurity-secext-1.0.xsd}Reference
14:58:12.509 [Test worker] DEBUG org.opensaml.core.xml.config.XMLObjectProviderRegistry - Registering new builder, marshaller, and unmarshaller for {http://docs.oasis-open.org/wss/2004/01/oasis-200401-wss-wssecurity-secext-1.0.xsd}Reference
14:58:12.509 [Test worker] DEBUG org.opensaml.core.xml.XMLObjectBuilderFactory - Registering builder org.opensaml.soap.wssecurity.impl.ReferenceBuilder under key {http://docs.oasis-open.org/wss/2004/01/oasis-200401-wss-wssecurity-secext-1.0.xsd}Reference
14:58:12.509 [Test worker] DEBUG org.opensaml.core.xml.io.MarshallerFactory - Registering marshaller, org.opensaml.soap.wssecurity.impl.ReferenceMarshaller, for object type {http://docs.oasis-open.org/wss/2004/01/oasis-200401-wss-wssecurity-secext-1.0.xsd}Reference
14:58:12.509 [Test worker] DEBUG org.opensaml.core.xml.io.UnmarshallerFactory - Registering unmarshaller, org.opensaml.soap.wssecurity.impl.ReferenceUnmarshaller, for object type, {http://docs.oasis-open.org/wss/2004/01/oasis-200401-wss-wssecurity-secext-1.0.xsd}Reference
14:58:12.509 [Test worker] DEBUG org.opensaml.core.xml.config.XMLConfigurator - {http://docs.oasis-open.org/wss/2004/01/oasis-200401-wss-wssecurity-secext-1.0.xsd}Reference intialized and configuration cached
14:58:12.509 [Test worker] DEBUG org.opensaml.core.xml.config.XMLConfigurator - Initializing object provider {http://docs.oasis-open.org/wss/oasis-wss-wssecurity-secext-1.1.xsd}Salt
14:58:12.509 [Test worker] DEBUG org.opensaml.core.xml.config.XMLObjectProviderRegistry - Registering new builder, marshaller, and unmarshaller for {http://docs.oasis-open.org/wss/oasis-wss-wssecurity-secext-1.1.xsd}Salt
14:58:12.509 [Test worker] DEBUG org.opensaml.core.xml.XMLObjectBuilderFactory - Registering builder org.opensaml.soap.wssecurity.impl.SaltBuilder under key {http://docs.oasis-open.org/wss/oasis-wss-wssecurity-secext-1.1.xsd}Salt
14:58:12.509 [Test worker] DEBUG org.opensaml.core.xml.io.MarshallerFactory - Registering marshaller, org.opensaml.soap.wssecurity.impl.SaltMarshaller, for object type {http://docs.oasis-open.org/wss/oasis-wss-wssecurity-secext-1.1.xsd}Salt
14:58:12.509 [Test worker] DEBUG org.opensaml.core.xml.io.UnmarshallerFactory - Registering unmarshaller, org.opensaml.soap.wssecurity.impl.SaltUnmarshaller, for object type, {http://docs.oasis-open.org/wss/oasis-wss-wssecurity-secext-1.1.xsd}Salt
14:58:12.509 [Test worker] DEBUG org.opensaml.core.xml.config.XMLConfigurator - {http://docs.oasis-open.org/wss/oasis-wss-wssecurity-secext-1.1.xsd}Salt intialized and configuration cached
14:58:12.509 [Test worker] DEBUG org.opensaml.core.xml.config.XMLConfigurator - Initializing object provider {http://docs.oasis-open.org/wss/2004/01/oasis-200401-wss-wssecurity-secext-1.0.xsd}Security
14:58:12.509 [Test worker] DEBUG org.opensaml.core.xml.config.XMLObjectProviderRegistry - Registering new builder, marshaller, and unmarshaller for {http://docs.oasis-open.org/wss/2004/01/oasis-200401-wss-wssecurity-secext-1.0.xsd}Security
14:58:12.509 [Test worker] DEBUG org.opensaml.core.xml.XMLObjectBuilderFactory - Registering builder org.opensaml.soap.wssecurity.impl.SecurityBuilder under key {http://docs.oasis-open.org/wss/2004/01/oasis-200401-wss-wssecurity-secext-1.0.xsd}Security
14:58:12.509 [Test worker] DEBUG org.opensaml.core.xml.io.MarshallerFactory - Registering marshaller, org.opensaml.soap.wssecurity.impl.SecurityMarshaller, for object type {http://docs.oasis-open.org/wss/2004/01/oasis-200401-wss-wssecurity-secext-1.0.xsd}Security
14:58:12.509 [Test worker] DEBUG org.opensaml.core.xml.io.UnmarshallerFactory - Registering unmarshaller, org.opensaml.soap.wssecurity.impl.SecurityUnmarshaller, for object type, {http://docs.oasis-open.org/wss/2004/01/oasis-200401-wss-wssecurity-secext-1.0.xsd}Security
14:58:12.509 [Test worker] DEBUG org.opensaml.core.xml.config.XMLConfigurator - {http://docs.oasis-open.org/wss/2004/01/oasis-200401-wss-wssecurity-secext-1.0.xsd}Security intialized and configuration cached
14:58:12.509 [Test worker] DEBUG org.opensaml.core.xml.config.XMLConfigurator - Initializing object provider {http://docs.oasis-open.org/wss/2004/01/oasis-200401-wss-wssecurity-secext-1.0.xsd}SecurityTokenReference
14:58:12.509 [Test worker] DEBUG org.opensaml.core.xml.config.XMLObjectProviderRegistry - Registering new builder, marshaller, and unmarshaller for {http://docs.oasis-open.org/wss/2004/01/oasis-200401-wss-wssecurity-secext-1.0.xsd}SecurityTokenReference
14:58:12.509 [Test worker] DEBUG org.opensaml.core.xml.XMLObjectBuilderFactory - Registering builder org.opensaml.soap.wssecurity.impl.SecurityTokenReferenceBuilder under key {http://docs.oasis-open.org/wss/2004/01/oasis-200401-wss-wssecurity-secext-1.0.xsd}SecurityTokenReference
14:58:12.509 [Test worker] DEBUG org.opensaml.core.xml.io.MarshallerFactory - Registering marshaller, org.opensaml.soap.wssecurity.impl.SecurityTokenReferenceMarshaller, for object type {http://docs.oasis-open.org/wss/2004/01/oasis-200401-wss-wssecurity-secext-1.0.xsd}SecurityTokenReference
14:58:12.509 [Test worker] DEBUG org.opensaml.core.xml.io.UnmarshallerFactory - Registering unmarshaller, org.opensaml.soap.wssecurity.impl.SecurityTokenReferenceUnmarshaller, for object type, {http://docs.oasis-open.org/wss/2004/01/oasis-200401-wss-wssecurity-secext-1.0.xsd}SecurityTokenReference
14:58:12.509 [Test worker] DEBUG org.opensaml.core.xml.config.XMLConfigurator - {http://docs.oasis-open.org/wss/2004/01/oasis-200401-wss-wssecurity-secext-1.0.xsd}SecurityTokenReference intialized and configuration cached
14:58:12.509 [Test worker] DEBUG org.opensaml.core.xml.config.XMLConfigurator - Initializing object provider {http://docs.oasis-open.org/wss/2004/01/oasis-200401-wss-wssecurity-utility-1.0.xsd}SignatureConfirmation
14:58:12.509 [Test worker] DEBUG org.opensaml.core.xml.config.XMLObjectProviderRegistry - Registering new builder, marshaller, and unmarshaller for {http://docs.oasis-open.org/wss/2004/01/oasis-200401-wss-wssecurity-utility-1.0.xsd}SignatureConfirmation
14:58:12.509 [Test worker] DEBUG org.opensaml.core.xml.XMLObjectBuilderFactory - Registering builder org.opensaml.soap.wssecurity.impl.SignatureConfirmationBuilder under key {http://docs.oasis-open.org/wss/2004/01/oasis-200401-wss-wssecurity-utility-1.0.xsd}SignatureConfirmation
14:58:12.509 [Test worker] DEBUG org.opensaml.core.xml.io.MarshallerFactory - Registering marshaller, org.opensaml.soap.wssecurity.impl.SignatureConfirmationMarshaller, for object type {http://docs.oasis-open.org/wss/2004/01/oasis-200401-wss-wssecurity-utility-1.0.xsd}SignatureConfirmation
14:58:12.509 [Test worker] DEBUG org.opensaml.core.xml.io.UnmarshallerFactory - Registering unmarshaller, org.opensaml.soap.wssecurity.impl.SignatureConfirmationUnmarshaller, for object type, {http://docs.oasis-open.org/wss/2004/01/oasis-200401-wss-wssecurity-utility-1.0.xsd}SignatureConfirmation
14:58:12.509 [Test worker] DEBUG org.opensaml.core.xml.config.XMLConfigurator - {http://docs.oasis-open.org/wss/2004/01/oasis-200401-wss-wssecurity-utility-1.0.xsd}SignatureConfirmation intialized and configuration cached
14:58:12.509 [Test worker] DEBUG org.opensaml.core.xml.config.XMLConfigurator - Initializing object provider {http://docs.oasis-open.org/wss/2004/01/oasis-200401-wss-wssecurity-utility-1.0.xsd}Timestamp
14:58:12.509 [Test worker] DEBUG org.opensaml.core.xml.config.XMLObjectProviderRegistry - Registering new builder, marshaller, and unmarshaller for {http://docs.oasis-open.org/wss/2004/01/oasis-200401-wss-wssecurity-utility-1.0.xsd}Timestamp
14:58:12.509 [Test worker] DEBUG org.opensaml.core.xml.XMLObjectBuilderFactory - Registering builder org.opensaml.soap.wssecurity.impl.TimestampBuilder under key {http://docs.oasis-open.org/wss/2004/01/oasis-200401-wss-wssecurity-utility-1.0.xsd}Timestamp
14:58:12.509 [Test worker] DEBUG org.opensaml.core.xml.io.MarshallerFactory - Registering marshaller, org.opensaml.soap.wssecurity.impl.TimestampMarshaller, for object type {http://docs.oasis-open.org/wss/2004/01/oasis-200401-wss-wssecurity-utility-1.0.xsd}Timestamp
14:58:12.509 [Test worker] DEBUG org.opensaml.core.xml.io.UnmarshallerFactory - Registering unmarshaller, org.opensaml.soap.wssecurity.impl.TimestampUnmarshaller, for object type, {http://docs.oasis-open.org/wss/2004/01/oasis-200401-wss-wssecurity-utility-1.0.xsd}Timestamp
14:58:12.509 [Test worker] DEBUG org.opensaml.core.xml.config.XMLConfigurator - {http://docs.oasis-open.org/wss/2004/01/oasis-200401-wss-wssecurity-utility-1.0.xsd}Timestamp intialized and configuration cached
14:58:12.509 [Test worker] DEBUG org.opensaml.core.xml.config.XMLConfigurator - Initializing object provider {http://docs.oasis-open.org/wss/2004/01/oasis-200401-wss-wssecurity-secext-1.0.xsd}TransformationParameters
14:58:12.509 [Test worker] DEBUG org.opensaml.core.xml.config.XMLObjectProviderRegistry - Registering new builder, marshaller, and unmarshaller for {http://docs.oasis-open.org/wss/2004/01/oasis-200401-wss-wssecurity-secext-1.0.xsd}TransformationParameters
14:58:12.509 [Test worker] DEBUG org.opensaml.core.xml.XMLObjectBuilderFactory - Registering builder org.opensaml.soap.wssecurity.impl.TransformationParametersBuilder under key {http://docs.oasis-open.org/wss/2004/01/oasis-200401-wss-wssecurity-secext-1.0.xsd}TransformationParameters
14:58:12.509 [Test worker] DEBUG org.opensaml.core.xml.io.MarshallerFactory - Registering marshaller, org.opensaml.soap.wssecurity.impl.TransformationParametersMarshaller, for object type {http://docs.oasis-open.org/wss/2004/01/oasis-200401-wss-wssecurity-secext-1.0.xsd}TransformationParameters
14:58:12.509 [Test worker] DEBUG org.opensaml.core.xml.io.UnmarshallerFactory - Registering unmarshaller, org.opensaml.soap.wssecurity.impl.TransformationParametersUnmarshaller, for object type, {http://docs.oasis-open.org/wss/2004/01/oasis-200401-wss-wssecurity-secext-1.0.xsd}TransformationParameters
14:58:12.509 [Test worker] DEBUG org.opensaml.core.xml.config.XMLConfigurator - {http://docs.oasis-open.org/wss/2004/01/oasis-200401-wss-wssecurity-secext-1.0.xsd}TransformationParameters intialized and configuration cached
14:58:12.509 [Test worker] DEBUG org.opensaml.core.xml.config.XMLConfigurator - Initializing object provider {http://docs.oasis-open.org/wss/2004/01/oasis-200401-wss-wssecurity-secext-1.0.xsd}Username
14:58:12.509 [Test worker] DEBUG org.opensaml.core.xml.config.XMLObjectProviderRegistry - Registering new builder, marshaller, and unmarshaller for {http://docs.oasis-open.org/wss/2004/01/oasis-200401-wss-wssecurity-secext-1.0.xsd}Username
14:58:12.509 [Test worker] DEBUG org.opensaml.core.xml.XMLObjectBuilderFactory - Registering builder org.opensaml.soap.wssecurity.impl.UsernameBuilder under key {http://docs.oasis-open.org/wss/2004/01/oasis-200401-wss-wssecurity-secext-1.0.xsd}Username
14:58:12.509 [Test worker] DEBUG org.opensaml.core.xml.io.MarshallerFactory - Registering marshaller, org.opensaml.soap.wssecurity.impl.UsernameMarshaller, for object type {http://docs.oasis-open.org/wss/2004/01/oasis-200401-wss-wssecurity-secext-1.0.xsd}Username
14:58:12.509 [Test worker] DEBUG org.opensaml.core.xml.io.UnmarshallerFactory - Registering unmarshaller, org.opensaml.soap.wssecurity.impl.UsernameUnmarshaller, for object type, {http://docs.oasis-open.org/wss/2004/01/oasis-200401-wss-wssecurity-secext-1.0.xsd}Username
14:58:12.509 [Test worker] DEBUG org.opensaml.core.xml.config.XMLConfigurator - {http://docs.oasis-open.org/wss/2004/01/oasis-200401-wss-wssecurity-secext-1.0.xsd}Username intialized and configuration cached
14:58:12.509 [Test worker] DEBUG org.opensaml.core.xml.config.XMLConfigurator - Initializing object provider {http://docs.oasis-open.org/wss/2004/01/oasis-200401-wss-wssecurity-secext-1.0.xsd}UsernameToken
14:58:12.509 [Test worker] DEBUG org.opensaml.core.xml.config.XMLObjectProviderRegistry - Registering new builder, marshaller, and unmarshaller for {http://docs.oasis-open.org/wss/2004/01/oasis-200401-wss-wssecurity-secext-1.0.xsd}UsernameToken
14:58:12.509 [Test worker] DEBUG org.opensaml.core.xml.XMLObjectBuilderFactory - Registering builder org.opensaml.soap.wssecurity.impl.UsernameTokenBuilder under key {http://docs.oasis-open.org/wss/2004/01/oasis-200401-wss-wssecurity-secext-1.0.xsd}UsernameToken
14:58:12.509 [Test worker] DEBUG org.opensaml.core.xml.io.MarshallerFactory - Registering marshaller, org.opensaml.soap.wssecurity.impl.UsernameTokenMarshaller, for object type {http://docs.oasis-open.org/wss/2004/01/oasis-200401-wss-wssecurity-secext-1.0.xsd}UsernameToken
14:58:12.510 [Test worker] DEBUG org.opensaml.core.xml.io.UnmarshallerFactory - Registering unmarshaller, org.opensaml.soap.wssecurity.impl.UsernameTokenUnmarshaller, for object type, {http://docs.oasis-open.org/wss/2004/01/oasis-200401-wss-wssecurity-secext-1.0.xsd}UsernameToken
14:58:12.510 [Test worker] DEBUG org.opensaml.core.xml.config.XMLConfigurator - {http://docs.oasis-open.org/wss/2004/01/oasis-200401-wss-wssecurity-secext-1.0.xsd}UsernameToken intialized and configuration cached
14:58:12.510 [Test worker] DEBUG org.opensaml.core.xml.config.XMLConfigurator - ObjectProviders load complete
14:58:12.510 [Test worker] DEBUG org.opensaml.core.xml.config.XMLConfigurator - Preparing to load IDAttributes
14:58:12.510 [Test worker] DEBUG org.opensaml.core.xml.config.XMLConfigurator - IDAttribute {http://docs.oasis-open.org/wss/2004/01/oasis-200401-wss-wssecurity-utility-1.0.xsd}Id has been registered
14:58:12.510 [Test worker] DEBUG org.opensaml.core.xml.config.XMLConfigurator - IDAttributes load complete
14:58:12.510 [Test worker] DEBUG org.opensaml.core.xml.config.AbstractXMLObjectProviderInitializer - Loading XMLObject provider configuration from resource 'wstrust-config.xml'
14:58:12.511 [Test worker] DEBUG org.opensaml.core.xml.config.XMLConfigurator - Loading configuration from XML Document
14:58:12.512 [Test worker] DEBUG org.opensaml.core.xml.config.XMLConfigurator - Schema validating configuration Document
14:58:12.513 [Test worker] DEBUG org.opensaml.core.xml.config.XMLConfigurator - Configuration document validated
14:58:12.513 [Test worker] DEBUG org.opensaml.core.xml.config.XMLConfigurator - Preparing to load ObjectProviders
14:58:12.513 [Test worker] DEBUG org.opensaml.core.xml.config.XMLConfigurator - Initializing object provider {http://docs.oasis-open.org/ws-sx/ws-trust/200512}AllowPostdating
14:58:12.513 [Test worker] DEBUG org.opensaml.core.xml.config.XMLObjectProviderRegistry - Registering new builder, marshaller, and unmarshaller for {http://docs.oasis-open.org/ws-sx/ws-trust/200512}AllowPostdating
14:58:12.513 [Test worker] DEBUG org.opensaml.core.xml.XMLObjectBuilderFactory - Registering builder org.opensaml.soap.wstrust.impl.AllowPostdatingBuilder under key {http://docs.oasis-open.org/ws-sx/ws-trust/200512}AllowPostdating
14:58:12.513 [Test worker] DEBUG org.opensaml.core.xml.io.MarshallerFactory - Registering marshaller, org.opensaml.soap.wstrust.impl.AllowPostdatingMarshaller, for object type {http://docs.oasis-open.org/ws-sx/ws-trust/200512}AllowPostdating
14:58:12.513 [Test worker] DEBUG org.opensaml.core.xml.io.UnmarshallerFactory - Registering unmarshaller, org.opensaml.soap.wstrust.impl.AllowPostdatingUnmarshaller, for object type, {http://docs.oasis-open.org/ws-sx/ws-trust/200512}AllowPostdating
14:58:12.513 [Test worker] DEBUG org.opensaml.core.xml.config.XMLConfigurator - {http://docs.oasis-open.org/ws-sx/ws-trust/200512}AllowPostdating intialized and configuration cached
14:58:12.513 [Test worker] DEBUG org.opensaml.core.xml.config.XMLConfigurator - Initializing object provider {http://docs.oasis-open.org/ws-sx/ws-trust/200512}AuthenticationType
14:58:12.513 [Test worker] DEBUG org.opensaml.core.xml.config.XMLObjectProviderRegistry - Registering new builder, marshaller, and unmarshaller for {http://docs.oasis-open.org/ws-sx/ws-trust/200512}AuthenticationType
14:58:12.513 [Test worker] DEBUG org.opensaml.core.xml.XMLObjectBuilderFactory - Registering builder org.opensaml.soap.wstrust.impl.AuthenticationTypeBuilder under key {http://docs.oasis-open.org/ws-sx/ws-trust/200512}AuthenticationType
14:58:12.513 [Test worker] DEBUG org.opensaml.core.xml.io.MarshallerFactory - Registering marshaller, org.opensaml.soap.wstrust.impl.AuthenticationTypeMarshaller, for object type {http://docs.oasis-open.org/ws-sx/ws-trust/200512}AuthenticationType
14:58:12.513 [Test worker] DEBUG org.opensaml.core.xml.io.UnmarshallerFactory - Registering unmarshaller, org.opensaml.soap.wstrust.impl.AuthenticationTypeUnmarshaller, for object type, {http://docs.oasis-open.org/ws-sx/ws-trust/200512}AuthenticationType
14:58:12.513 [Test worker] DEBUG org.opensaml.core.xml.config.XMLConfigurator - {http://docs.oasis-open.org/ws-sx/ws-trust/200512}AuthenticationType intialized and configuration cached
14:58:12.513 [Test worker] DEBUG org.opensaml.core.xml.config.XMLConfigurator - Initializing object provider {http://docs.oasis-open.org/ws-sx/ws-trust/200512}Authenticator
14:58:12.513 [Test worker] DEBUG org.opensaml.core.xml.config.XMLObjectProviderRegistry - Registering new builder, marshaller, and unmarshaller for {http://docs.oasis-open.org/ws-sx/ws-trust/200512}Authenticator
14:58:12.513 [Test worker] DEBUG org.opensaml.core.xml.XMLObjectBuilderFactory - Registering builder org.opensaml.soap.wstrust.impl.AuthenticatorBuilder under key {http://docs.oasis-open.org/ws-sx/ws-trust/200512}Authenticator
14:58:12.513 [Test worker] DEBUG org.opensaml.core.xml.io.MarshallerFactory - Registering marshaller, org.opensaml.soap.wstrust.impl.AuthenticatorMarshaller, for object type {http://docs.oasis-open.org/ws-sx/ws-trust/200512}Authenticator
14:58:12.513 [Test worker] DEBUG org.opensaml.core.xml.io.UnmarshallerFactory - Registering unmarshaller, org.opensaml.soap.wstrust.impl.AuthenticatorUnmarshaller, for object type, {http://docs.oasis-open.org/ws-sx/ws-trust/200512}Authenticator
14:58:12.513 [Test worker] DEBUG org.opensaml.core.xml.config.XMLConfigurator - {http://docs.oasis-open.org/ws-sx/ws-trust/200512}Authenticator intialized and configuration cached
14:58:12.513 [Test worker] DEBUG org.opensaml.core.xml.config.XMLConfigurator - Initializing object provider {http://docs.oasis-open.org/ws-sx/ws-trust/200512}BinaryExchange
14:58:12.513 [Test worker] DEBUG org.opensaml.core.xml.config.XMLObjectProviderRegistry - Registering new builder, marshaller, and unmarshaller for {http://docs.oasis-open.org/ws-sx/ws-trust/200512}BinaryExchange
14:58:12.513 [Test worker] DEBUG org.opensaml.core.xml.XMLObjectBuilderFactory - Registering builder org.opensaml.soap.wstrust.impl.BinaryExchangeBuilder under key {http://docs.oasis-open.org/ws-sx/ws-trust/200512}BinaryExchange
14:58:12.513 [Test worker] DEBUG org.opensaml.core.xml.io.MarshallerFactory - Registering marshaller, org.opensaml.soap.wstrust.impl.BinaryExchangeMarshaller, for object type {http://docs.oasis-open.org/ws-sx/ws-trust/200512}BinaryExchange
14:58:12.513 [Test worker] DEBUG org.opensaml.core.xml.io.UnmarshallerFactory - Registering unmarshaller, org.opensaml.soap.wstrust.impl.BinaryExchangeUnmarshaller, for object type, {http://docs.oasis-open.org/ws-sx/ws-trust/200512}BinaryExchange
14:58:12.513 [Test worker] DEBUG org.opensaml.core.xml.config.XMLConfigurator - {http://docs.oasis-open.org/ws-sx/ws-trust/200512}BinaryExchange intialized and configuration cached
14:58:12.513 [Test worker] DEBUG org.opensaml.core.xml.config.XMLConfigurator - Initializing object provider {http://docs.oasis-open.org/ws-sx/ws-trust/200512}BinarySecret
14:58:12.513 [Test worker] DEBUG org.opensaml.core.xml.config.XMLObjectProviderRegistry - Registering new builder, marshaller, and unmarshaller for {http://docs.oasis-open.org/ws-sx/ws-trust/200512}BinarySecret
14:58:12.513 [Test worker] DEBUG org.opensaml.core.xml.XMLObjectBuilderFactory - Registering builder org.opensaml.soap.wstrust.impl.BinarySecretBuilder under key {http://docs.oasis-open.org/ws-sx/ws-trust/200512}BinarySecret
14:58:12.513 [Test worker] DEBUG org.opensaml.core.xml.io.MarshallerFactory - Registering marshaller, org.opensaml.soap.wstrust.impl.BinarySecretMarshaller, for object type {http://docs.oasis-open.org/ws-sx/ws-trust/200512}BinarySecret
14:58:12.513 [Test worker] DEBUG org.opensaml.core.xml.io.UnmarshallerFactory - Registering unmarshaller, org.opensaml.soap.wstrust.impl.BinarySecretUnmarshaller, for object type, {http://docs.oasis-open.org/ws-sx/ws-trust/200512}BinarySecret
14:58:12.513 [Test worker] DEBUG org.opensaml.core.xml.config.XMLConfigurator - {http://docs.oasis-open.org/ws-sx/ws-trust/200512}BinarySecret intialized and configuration cached
14:58:12.513 [Test worker] DEBUG org.opensaml.core.xml.config.XMLConfigurator - Initializing object provider {http://docs.oasis-open.org/ws-sx/ws-trust/200512}CancelTarget
14:58:12.513 [Test worker] DEBUG org.opensaml.core.xml.config.XMLObjectProviderRegistry - Registering new builder, marshaller, and unmarshaller for {http://docs.oasis-open.org/ws-sx/ws-trust/200512}CancelTarget
14:58:12.513 [Test worker] DEBUG org.opensaml.core.xml.XMLObjectBuilderFactory - Registering builder org.opensaml.soap.wstrust.impl.CancelTargetBuilder under key {http://docs.oasis-open.org/ws-sx/ws-trust/200512}CancelTarget
14:58:12.513 [Test worker] DEBUG org.opensaml.core.xml.io.MarshallerFactory - Registering marshaller, org.opensaml.soap.wstrust.impl.CancelTargetMarshaller, for object type {http://docs.oasis-open.org/ws-sx/ws-trust/200512}CancelTarget
14:58:12.513 [Test worker] DEBUG org.opensaml.core.xml.io.UnmarshallerFactory - Registering unmarshaller, org.opensaml.soap.wstrust.impl.CancelTargetUnmarshaller, for object type, {http://docs.oasis-open.org/ws-sx/ws-trust/200512}CancelTarget
14:58:12.513 [Test worker] DEBUG org.opensaml.core.xml.config.XMLConfigurator - {http://docs.oasis-open.org/ws-sx/ws-trust/200512}CancelTarget intialized and configuration cached
14:58:12.513 [Test worker] DEBUG org.opensaml.core.xml.config.XMLConfigurator - Initializing object provider {http://docs.oasis-open.org/ws-sx/ws-trust/200512}CanonicalizationAlgorithm
14:58:12.513 [Test worker] DEBUG org.opensaml.core.xml.config.XMLObjectProviderRegistry - Registering new builder, marshaller, and unmarshaller for {http://docs.oasis-open.org/ws-sx/ws-trust/200512}CanonicalizationAlgorithm
14:58:12.513 [Test worker] DEBUG org.opensaml.core.xml.XMLObjectBuilderFactory - Registering builder org.opensaml.soap.wstrust.impl.CanonicalizationAlgorithmBuilder under key {http://docs.oasis-open.org/ws-sx/ws-trust/200512}CanonicalizationAlgorithm
14:58:12.513 [Test worker] DEBUG org.opensaml.core.xml.io.MarshallerFactory - Registering marshaller, org.opensaml.soap.wstrust.impl.CanonicalizationAlgorithmMarshaller, for object type {http://docs.oasis-open.org/ws-sx/ws-trust/200512}CanonicalizationAlgorithm
14:58:12.513 [Test worker] DEBUG org.opensaml.core.xml.io.UnmarshallerFactory - Registering unmarshaller, org.opensaml.soap.wstrust.impl.CanonicalizationAlgorithmUnmarshaller, for object type, {http://docs.oasis-open.org/ws-sx/ws-trust/200512}CanonicalizationAlgorithm
14:58:12.513 [Test worker] DEBUG org.opensaml.core.xml.config.XMLConfigurator - {http://docs.oasis-open.org/ws-sx/ws-trust/200512}CanonicalizationAlgorithm intialized and configuration cached
14:58:12.513 [Test worker] DEBUG org.opensaml.core.xml.config.XMLConfigurator - Initializing object provider {http://docs.oasis-open.org/ws-sx/ws-trust/200512}Challenge
14:58:12.513 [Test worker] DEBUG org.opensaml.core.xml.config.XMLObjectProviderRegistry - Registering new builder, marshaller, and unmarshaller for {http://docs.oasis-open.org/ws-sx/ws-trust/200512}Challenge
14:58:12.513 [Test worker] DEBUG org.opensaml.core.xml.XMLObjectBuilderFactory - Registering builder org.opensaml.soap.wstrust.impl.ChallengeBuilder under key {http://docs.oasis-open.org/ws-sx/ws-trust/200512}Challenge
14:58:12.513 [Test worker] DEBUG org.opensaml.core.xml.io.MarshallerFactory - Registering marshaller, org.opensaml.soap.wstrust.impl.ChallengeMarshaller, for object type {http://docs.oasis-open.org/ws-sx/ws-trust/200512}Challenge
14:58:12.513 [Test worker] DEBUG org.opensaml.core.xml.io.UnmarshallerFactory - Registering unmarshaller, org.opensaml.soap.wstrust.impl.ChallengeUnmarshaller, for object type, {http://docs.oasis-open.org/ws-sx/ws-trust/200512}Challenge
14:58:12.513 [Test worker] DEBUG org.opensaml.core.xml.config.XMLConfigurator - {http://docs.oasis-open.org/ws-sx/ws-trust/200512}Challenge intialized and configuration cached
14:58:12.513 [Test worker] DEBUG org.opensaml.core.xml.config.XMLConfigurator - Initializing object provider {http://docs.oasis-open.org/ws-sx/ws-trust/200512}Claims
14:58:12.513 [Test worker] DEBUG org.opensaml.core.xml.config.XMLObjectProviderRegistry - Registering new builder, marshaller, and unmarshaller for {http://docs.oasis-open.org/ws-sx/ws-trust/200512}Claims
14:58:12.514 [Test worker] DEBUG org.opensaml.core.xml.XMLObjectBuilderFactory - Registering builder org.opensaml.soap.wstrust.impl.ClaimsBuilder under key {http://docs.oasis-open.org/ws-sx/ws-trust/200512}Claims
14:58:12.514 [Test worker] DEBUG org.opensaml.core.xml.io.MarshallerFactory - Registering marshaller, org.opensaml.soap.wstrust.impl.ClaimsMarshaller, for object type {http://docs.oasis-open.org/ws-sx/ws-trust/200512}Claims
14:58:12.514 [Test worker] DEBUG org.opensaml.core.xml.io.UnmarshallerFactory - Registering unmarshaller, org.opensaml.soap.wstrust.impl.ClaimsUnmarshaller, for object type, {http://docs.oasis-open.org/ws-sx/ws-trust/200512}Claims
14:58:12.514 [Test worker] DEBUG org.opensaml.core.xml.config.XMLConfigurator - {http://docs.oasis-open.org/ws-sx/ws-trust/200512}Claims intialized and configuration cached
14:58:12.514 [Test worker] DEBUG org.opensaml.core.xml.config.XMLConfigurator - Initializing object provider {http://docs.oasis-open.org/ws-sx/ws-trust/200512}Code
14:58:12.514 [Test worker] DEBUG org.opensaml.core.xml.config.XMLObjectProviderRegistry - Registering new builder, marshaller, and unmarshaller for {http://docs.oasis-open.org/ws-sx/ws-trust/200512}Code
14:58:12.514 [Test worker] DEBUG org.opensaml.core.xml.XMLObjectBuilderFactory - Registering builder org.opensaml.soap.wstrust.impl.CodeBuilder under key {http://docs.oasis-open.org/ws-sx/ws-trust/200512}Code
14:58:12.514 [Test worker] DEBUG org.opensaml.core.xml.io.MarshallerFactory - Registering marshaller, org.opensaml.soap.wstrust.impl.CodeMarshaller, for object type {http://docs.oasis-open.org/ws-sx/ws-trust/200512}Code
14:58:12.514 [Test worker] DEBUG org.opensaml.core.xml.io.UnmarshallerFactory - Registering unmarshaller, org.opensaml.soap.wstrust.impl.CodeUnmarshaller, for object type, {http://docs.oasis-open.org/ws-sx/ws-trust/200512}Code
14:58:12.514 [Test worker] DEBUG org.opensaml.core.xml.config.XMLConfigurator - {http://docs.oasis-open.org/ws-sx/ws-trust/200512}Code intialized and configuration cached
14:58:12.514 [Test worker] DEBUG org.opensaml.core.xml.config.XMLConfigurator - Initializing object provider {http://docs.oasis-open.org/ws-sx/ws-trust/200512}CombinedHash
14:58:12.514 [Test worker] DEBUG org.opensaml.core.xml.config.XMLObjectProviderRegistry - Registering new builder, marshaller, and unmarshaller for {http://docs.oasis-open.org/ws-sx/ws-trust/200512}CombinedHash
14:58:12.514 [Test worker] DEBUG org.opensaml.core.xml.XMLObjectBuilderFactory - Registering builder org.opensaml.soap.wstrust.impl.CombinedHashBuilder under key {http://docs.oasis-open.org/ws-sx/ws-trust/200512}CombinedHash
14:58:12.514 [Test worker] DEBUG org.opensaml.core.xml.io.MarshallerFactory - Registering marshaller, org.opensaml.soap.wstrust.impl.CombinedHashMarshaller, for object type {http://docs.oasis-open.org/ws-sx/ws-trust/200512}CombinedHash
14:58:12.514 [Test worker] DEBUG org.opensaml.core.xml.io.UnmarshallerFactory - Registering unmarshaller, org.opensaml.soap.wstrust.impl.CombinedHashUnmarshaller, for object type, {http://docs.oasis-open.org/ws-sx/ws-trust/200512}CombinedHash
14:58:12.514 [Test worker] DEBUG org.opensaml.core.xml.config.XMLConfigurator - {http://docs.oasis-open.org/ws-sx/ws-trust/200512}CombinedHash intialized and configuration cached
14:58:12.514 [Test worker] DEBUG org.opensaml.core.xml.config.XMLConfigurator - Initializing object provider {http://docs.oasis-open.org/ws-sx/ws-trust/200512}ComputedKey
14:58:12.514 [Test worker] DEBUG org.opensaml.core.xml.config.XMLObjectProviderRegistry - Registering new builder, marshaller, and unmarshaller for {http://docs.oasis-open.org/ws-sx/ws-trust/200512}ComputedKey
14:58:12.514 [Test worker] DEBUG org.opensaml.core.xml.XMLObjectBuilderFactory - Registering builder org.opensaml.soap.wstrust.impl.ComputedKeyBuilder under key {http://docs.oasis-open.org/ws-sx/ws-trust/200512}ComputedKey
14:58:12.514 [Test worker] DEBUG org.opensaml.core.xml.io.MarshallerFactory - Registering marshaller, org.opensaml.soap.wstrust.impl.ComputedKeyMarshaller, for object type {http://docs.oasis-open.org/ws-sx/ws-trust/200512}ComputedKey
14:58:12.514 [Test worker] DEBUG org.opensaml.core.xml.io.UnmarshallerFactory - Registering unmarshaller, org.opensaml.soap.wstrust.impl.ComputedKeyUnmarshaller, for object type, {http://docs.oasis-open.org/ws-sx/ws-trust/200512}ComputedKey
14:58:12.514 [Test worker] DEBUG org.opensaml.core.xml.config.XMLConfigurator - {http://docs.oasis-open.org/ws-sx/ws-trust/200512}ComputedKey intialized and configuration cached
14:58:12.514 [Test worker] DEBUG org.opensaml.core.xml.config.XMLConfigurator - Initializing object provider {http://docs.oasis-open.org/ws-sx/ws-trust/200512}ComputedKeyAlgorithm
14:58:12.514 [Test worker] DEBUG org.opensaml.core.xml.config.XMLObjectProviderRegistry - Registering new builder, marshaller, and unmarshaller for {http://docs.oasis-open.org/ws-sx/ws-trust/200512}ComputedKeyAlgorithm
14:58:12.514 [Test worker] DEBUG org.opensaml.core.xml.XMLObjectBuilderFactory - Registering builder org.opensaml.soap.wstrust.impl.ComputedKeyAlgorithmBuilder under key {http://docs.oasis-open.org/ws-sx/ws-trust/200512}ComputedKeyAlgorithm
14:58:12.514 [Test worker] DEBUG org.opensaml.core.xml.io.MarshallerFactory - Registering marshaller, org.opensaml.soap.wstrust.impl.ComputedKeyAlgorithmMarshaller, for object type {http://docs.oasis-open.org/ws-sx/ws-trust/200512}ComputedKeyAlgorithm
14:58:12.514 [Test worker] DEBUG org.opensaml.core.xml.io.UnmarshallerFactory - Registering unmarshaller, org.opensaml.soap.wstrust.impl.ComputedKeyAlgorithmUnmarshaller, for object type, {http://docs.oasis-open.org/ws-sx/ws-trust/200512}ComputedKeyAlgorithm
14:58:12.514 [Test worker] DEBUG org.opensaml.core.xml.config.XMLConfigurator - {http://docs.oasis-open.org/ws-sx/ws-trust/200512}ComputedKeyAlgorithm intialized and configuration cached
14:58:12.514 [Test worker] DEBUG org.opensaml.core.xml.config.XMLConfigurator - Initializing object provider {http://docs.oasis-open.org/ws-sx/ws-trust/200512}Delegatable
14:58:12.514 [Test worker] DEBUG org.opensaml.core.xml.config.XMLObjectProviderRegistry - Registering new builder, marshaller, and unmarshaller for {http://docs.oasis-open.org/ws-sx/ws-trust/200512}Delegatable
14:58:12.514 [Test worker] DEBUG org.opensaml.core.xml.XMLObjectBuilderFactory - Registering builder org.opensaml.soap.wstrust.impl.DelegatableBuilder under key {http://docs.oasis-open.org/ws-sx/ws-trust/200512}Delegatable
14:58:12.514 [Test worker] DEBUG org.opensaml.core.xml.io.MarshallerFactory - Registering marshaller, org.opensaml.soap.wstrust.impl.DelegatableMarshaller, for object type {http://docs.oasis-open.org/ws-sx/ws-trust/200512}Delegatable
14:58:12.514 [Test worker] DEBUG org.opensaml.core.xml.io.UnmarshallerFactory - Registering unmarshaller, org.opensaml.soap.wstrust.impl.DelegatableUnmarshaller, for object type, {http://docs.oasis-open.org/ws-sx/ws-trust/200512}Delegatable
14:58:12.514 [Test worker] DEBUG org.opensaml.core.xml.config.XMLConfigurator - {http://docs.oasis-open.org/ws-sx/ws-trust/200512}Delegatable intialized and configuration cached
14:58:12.514 [Test worker] DEBUG org.opensaml.core.xml.config.XMLConfigurator - Initializing object provider {http://docs.oasis-open.org/ws-sx/ws-trust/200512}DelegateTo
14:58:12.514 [Test worker] DEBUG org.opensaml.core.xml.config.XMLObjectProviderRegistry - Registering new builder, marshaller, and unmarshaller for {http://docs.oasis-open.org/ws-sx/ws-trust/200512}DelegateTo
14:58:12.514 [Test worker] DEBUG org.opensaml.core.xml.XMLObjectBuilderFactory - Registering builder org.opensaml.soap.wstrust.impl.DelegateToBuilder under key {http://docs.oasis-open.org/ws-sx/ws-trust/200512}DelegateTo
14:58:12.514 [Test worker] DEBUG org.opensaml.core.xml.io.MarshallerFactory - Registering marshaller, org.opensaml.soap.wstrust.impl.DelegateToMarshaller, for object type {http://docs.oasis-open.org/ws-sx/ws-trust/200512}DelegateTo
14:58:12.514 [Test worker] DEBUG org.opensaml.core.xml.io.UnmarshallerFactory - Registering unmarshaller, org.opensaml.soap.wstrust.impl.DelegateToUnmarshaller, for object type, {http://docs.oasis-open.org/ws-sx/ws-trust/200512}DelegateTo
14:58:12.514 [Test worker] DEBUG org.opensaml.core.xml.config.XMLConfigurator - {http://docs.oasis-open.org/ws-sx/ws-trust/200512}DelegateTo intialized and configuration cached
14:58:12.514 [Test worker] DEBUG org.opensaml.core.xml.config.XMLConfigurator - Initializing object provider {http://docs.oasis-open.org/ws-sx/ws-trust/200512}Encryption
14:58:12.514 [Test worker] DEBUG org.opensaml.core.xml.config.XMLObjectProviderRegistry - Registering new builder, marshaller, and unmarshaller for {http://docs.oasis-open.org/ws-sx/ws-trust/200512}Encryption
14:58:12.514 [Test worker] DEBUG org.opensaml.core.xml.XMLObjectBuilderFactory - Registering builder org.opensaml.soap.wstrust.impl.EncryptionBuilder under key {http://docs.oasis-open.org/ws-sx/ws-trust/200512}Encryption
14:58:12.514 [Test worker] DEBUG org.opensaml.core.xml.io.MarshallerFactory - Registering marshaller, org.opensaml.soap.wstrust.impl.EncryptionMarshaller, for object type {http://docs.oasis-open.org/ws-sx/ws-trust/200512}Encryption
14:58:12.514 [Test worker] DEBUG org.opensaml.core.xml.io.UnmarshallerFactory - Registering unmarshaller, org.opensaml.soap.wstrust.impl.EncryptionUnmarshaller, for object type, {http://docs.oasis-open.org/ws-sx/ws-trust/200512}Encryption
14:58:12.514 [Test worker] DEBUG org.opensaml.core.xml.config.XMLConfigurator - {http://docs.oasis-open.org/ws-sx/ws-trust/200512}Encryption intialized and configuration cached
14:58:12.514 [Test worker] DEBUG org.opensaml.core.xml.config.XMLConfigurator - Initializing object provider {http://docs.oasis-open.org/ws-sx/ws-trust/200512}EncryptionAlgorithm
14:58:12.514 [Test worker] DEBUG org.opensaml.core.xml.config.XMLObjectProviderRegistry - Registering new builder, marshaller, and unmarshaller for {http://docs.oasis-open.org/ws-sx/ws-trust/200512}EncryptionAlgorithm
14:58:12.514 [Test worker] DEBUG org.opensaml.core.xml.XMLObjectBuilderFactory - Registering builder org.opensaml.soap.wstrust.impl.EncryptionAlgorithmBuilder under key {http://docs.oasis-open.org/ws-sx/ws-trust/200512}EncryptionAlgorithm
14:58:12.514 [Test worker] DEBUG org.opensaml.core.xml.io.MarshallerFactory - Registering marshaller, org.opensaml.soap.wstrust.impl.EncryptionAlgorithmMarshaller, for object type {http://docs.oasis-open.org/ws-sx/ws-trust/200512}EncryptionAlgorithm
14:58:12.514 [Test worker] DEBUG org.opensaml.core.xml.io.UnmarshallerFactory - Registering unmarshaller, org.opensaml.soap.wstrust.impl.EncryptionAlgorithmUnmarshaller, for object type, {http://docs.oasis-open.org/ws-sx/ws-trust/200512}EncryptionAlgorithm
14:58:12.514 [Test worker] DEBUG org.opensaml.core.xml.config.XMLConfigurator - {http://docs.oasis-open.org/ws-sx/ws-trust/200512}EncryptionAlgorithm intialized and configuration cached
14:58:12.514 [Test worker] DEBUG org.opensaml.core.xml.config.XMLConfigurator - Initializing object provider {http://docs.oasis-open.org/ws-sx/ws-trust/200512}EncryptWith
14:58:12.514 [Test worker] DEBUG org.opensaml.core.xml.config.XMLObjectProviderRegistry - Registering new builder, marshaller, and unmarshaller for {http://docs.oasis-open.org/ws-sx/ws-trust/200512}EncryptWith
14:58:12.514 [Test worker] DEBUG org.opensaml.core.xml.XMLObjectBuilderFactory - Registering builder org.opensaml.soap.wstrust.impl.EncryptWithBuilder under key {http://docs.oasis-open.org/ws-sx/ws-trust/200512}EncryptWith
14:58:12.514 [Test worker] DEBUG org.opensaml.core.xml.io.MarshallerFactory - Registering marshaller, org.opensaml.soap.wstrust.impl.EncryptWithMarshaller, for object type {http://docs.oasis-open.org/ws-sx/ws-trust/200512}EncryptWith
14:58:12.514 [Test worker] DEBUG org.opensaml.core.xml.io.UnmarshallerFactory - Registering unmarshaller, org.opensaml.soap.wstrust.impl.EncryptWithUnmarshaller, for object type, {http://docs.oasis-open.org/ws-sx/ws-trust/200512}EncryptWith
14:58:12.514 [Test worker] DEBUG org.opensaml.core.xml.config.XMLConfigurator - {http://docs.oasis-open.org/ws-sx/ws-trust/200512}EncryptWith intialized and configuration cached
14:58:12.514 [Test worker] DEBUG org.opensaml.core.xml.config.XMLConfigurator - Initializing object provider {http://docs.oasis-open.org/ws-sx/ws-trust/200512}Entropy
14:58:12.514 [Test worker] DEBUG org.opensaml.core.xml.config.XMLObjectProviderRegistry - Registering new builder, marshaller, and unmarshaller for {http://docs.oasis-open.org/ws-sx/ws-trust/200512}Entropy
14:58:12.514 [Test worker] DEBUG org.opensaml.core.xml.XMLObjectBuilderFactory - Registering builder org.opensaml.soap.wstrust.impl.EntropyBuilder under key {http://docs.oasis-open.org/ws-sx/ws-trust/200512}Entropy
14:58:12.514 [Test worker] DEBUG org.opensaml.core.xml.io.MarshallerFactory - Registering marshaller, org.opensaml.soap.wstrust.impl.EntropyMarshaller, for object type {http://docs.oasis-open.org/ws-sx/ws-trust/200512}Entropy
14:58:12.514 [Test worker] DEBUG org.opensaml.core.xml.io.UnmarshallerFactory - Registering unmarshaller, org.opensaml.soap.wstrust.impl.EntropyUnmarshaller, for object type, {http://docs.oasis-open.org/ws-sx/ws-trust/200512}Entropy
14:58:12.514 [Test worker] DEBUG org.opensaml.core.xml.config.XMLConfigurator - {http://docs.oasis-open.org/ws-sx/ws-trust/200512}Entropy intialized and configuration cached
14:58:12.515 [Test worker] DEBUG org.opensaml.core.xml.config.XMLConfigurator - Initializing object provider {http://docs.oasis-open.org/ws-sx/ws-trust/200512}Forwardable
14:58:12.515 [Test worker] DEBUG org.opensaml.core.xml.config.XMLObjectProviderRegistry - Registering new builder, marshaller, and unmarshaller for {http://docs.oasis-open.org/ws-sx/ws-trust/200512}Forwardable
14:58:12.515 [Test worker] DEBUG org.opensaml.core.xml.XMLObjectBuilderFactory - Registering builder org.opensaml.soap.wstrust.impl.ForwardableBuilder under key {http://docs.oasis-open.org/ws-sx/ws-trust/200512}Forwardable
14:58:12.515 [Test worker] DEBUG org.opensaml.core.xml.io.MarshallerFactory - Registering marshaller, org.opensaml.soap.wstrust.impl.ForwardableMarshaller, for object type {http://docs.oasis-open.org/ws-sx/ws-trust/200512}Forwardable
14:58:12.515 [Test worker] DEBUG org.opensaml.core.xml.io.UnmarshallerFactory - Registering unmarshaller, org.opensaml.soap.wstrust.impl.ForwardableUnmarshaller, for object type, {http://docs.oasis-open.org/ws-sx/ws-trust/200512}Forwardable
14:58:12.515 [Test worker] DEBUG org.opensaml.core.xml.config.XMLConfigurator - {http://docs.oasis-open.org/ws-sx/ws-trust/200512}Forwardable intialized and configuration cached
14:58:12.515 [Test worker] DEBUG org.opensaml.core.xml.config.XMLConfigurator - Initializing object provider {http://docs.oasis-open.org/ws-sx/ws-trust/200512}IssuedTokens
14:58:12.515 [Test worker] DEBUG org.opensaml.core.xml.config.XMLObjectProviderRegistry - Registering new builder, marshaller, and unmarshaller for {http://docs.oasis-open.org/ws-sx/ws-trust/200512}IssuedTokens
14:58:12.515 [Test worker] DEBUG org.opensaml.core.xml.XMLObjectBuilderFactory - Registering builder org.opensaml.soap.wstrust.impl.IssuedTokensBuilder under key {http://docs.oasis-open.org/ws-sx/ws-trust/200512}IssuedTokens
14:58:12.515 [Test worker] DEBUG org.opensaml.core.xml.io.MarshallerFactory - Registering marshaller, org.opensaml.soap.wstrust.impl.IssuedTokensMarshaller, for object type {http://docs.oasis-open.org/ws-sx/ws-trust/200512}IssuedTokens
14:58:12.515 [Test worker] DEBUG org.opensaml.core.xml.io.UnmarshallerFactory - Registering unmarshaller, org.opensaml.soap.wstrust.impl.IssuedTokensUnmarshaller, for object type, {http://docs.oasis-open.org/ws-sx/ws-trust/200512}IssuedTokens
14:58:12.515 [Test worker] DEBUG org.opensaml.core.xml.config.XMLConfigurator - {http://docs.oasis-open.org/ws-sx/ws-trust/200512}IssuedTokens intialized and configuration cached
14:58:12.515 [Test worker] DEBUG org.opensaml.core.xml.config.XMLConfigurator - Initializing object provider {http://docs.oasis-open.org/ws-sx/ws-trust/200512}Issuer
14:58:12.515 [Test worker] DEBUG org.opensaml.core.xml.config.XMLObjectProviderRegistry - Registering new builder, marshaller, and unmarshaller for {http://docs.oasis-open.org/ws-sx/ws-trust/200512}Issuer
14:58:12.515 [Test worker] DEBUG org.opensaml.core.xml.XMLObjectBuilderFactory - Registering builder org.opensaml.soap.wstrust.impl.IssuerBuilder under key {http://docs.oasis-open.org/ws-sx/ws-trust/200512}Issuer
14:58:12.515 [Test worker] DEBUG org.opensaml.core.xml.io.MarshallerFactory - Registering marshaller, org.opensaml.soap.wstrust.impl.IssuerMarshaller, for object type {http://docs.oasis-open.org/ws-sx/ws-trust/200512}Issuer
14:58:12.515 [Test worker] DEBUG org.opensaml.core.xml.io.UnmarshallerFactory - Registering unmarshaller, org.opensaml.soap.wstrust.impl.IssuerUnmarshaller, for object type, {http://docs.oasis-open.org/ws-sx/ws-trust/200512}Issuer
14:58:12.515 [Test worker] DEBUG org.opensaml.core.xml.config.XMLConfigurator - {http://docs.oasis-open.org/ws-sx/ws-trust/200512}Issuer intialized and configuration cached
14:58:12.515 [Test worker] DEBUG org.opensaml.core.xml.config.XMLConfigurator - Initializing object provider {http://docs.oasis-open.org/ws-sx/ws-trust/200512}KeyExchangeToken
14:58:12.515 [Test worker] DEBUG org.opensaml.core.xml.config.XMLObjectProviderRegistry - Registering new builder, marshaller, and unmarshaller for {http://docs.oasis-open.org/ws-sx/ws-trust/200512}KeyExchangeToken
14:58:12.515 [Test worker] DEBUG org.opensaml.core.xml.XMLObjectBuilderFactory - Registering builder org.opensaml.soap.wstrust.impl.KeyExchangeTokenBuilder under key {http://docs.oasis-open.org/ws-sx/ws-trust/200512}KeyExchangeToken
14:58:12.515 [Test worker] DEBUG org.opensaml.core.xml.io.MarshallerFactory - Registering marshaller, org.opensaml.soap.wstrust.impl.KeyExchangeTokenMarshaller, for object type {http://docs.oasis-open.org/ws-sx/ws-trust/200512}KeyExchangeToken
14:58:12.515 [Test worker] DEBUG org.opensaml.core.xml.io.UnmarshallerFactory - Registering unmarshaller, org.opensaml.soap.wstrust.impl.KeyExchangeTokenUnmarshaller, for object type, {http://docs.oasis-open.org/ws-sx/ws-trust/200512}KeyExchangeToken
14:58:12.515 [Test worker] DEBUG org.opensaml.core.xml.config.XMLConfigurator - {http://docs.oasis-open.org/ws-sx/ws-trust/200512}KeyExchangeToken intialized and configuration cached
14:58:12.515 [Test worker] DEBUG org.opensaml.core.xml.config.XMLConfigurator - Initializing object provider {http://docs.oasis-open.org/ws-sx/ws-trust/200512}KeySize
14:58:12.515 [Test worker] DEBUG org.opensaml.core.xml.config.XMLObjectProviderRegistry - Registering new builder, marshaller, and unmarshaller for {http://docs.oasis-open.org/ws-sx/ws-trust/200512}KeySize
14:58:12.515 [Test worker] DEBUG org.opensaml.core.xml.XMLObjectBuilderFactory - Registering builder org.opensaml.soap.wstrust.impl.KeySizeBuilder under key {http://docs.oasis-open.org/ws-sx/ws-trust/200512}KeySize
14:58:12.515 [Test worker] DEBUG org.opensaml.core.xml.io.MarshallerFactory - Registering marshaller, org.opensaml.soap.wstrust.impl.KeySizeMarshaller, for object type {http://docs.oasis-open.org/ws-sx/ws-trust/200512}KeySize
14:58:12.515 [Test worker] DEBUG org.opensaml.core.xml.io.UnmarshallerFactory - Registering unmarshaller, org.opensaml.soap.wstrust.impl.KeySizeUnmarshaller, for object type, {http://docs.oasis-open.org/ws-sx/ws-trust/200512}KeySize
14:58:12.515 [Test worker] DEBUG org.opensaml.core.xml.config.XMLConfigurator - {http://docs.oasis-open.org/ws-sx/ws-trust/200512}KeySize intialized and configuration cached
14:58:12.515 [Test worker] DEBUG org.opensaml.core.xml.config.XMLConfigurator - Initializing object provider {http://docs.oasis-open.org/ws-sx/ws-trust/200512}KeyType
14:58:12.515 [Test worker] DEBUG org.opensaml.core.xml.config.XMLObjectProviderRegistry - Registering new builder, marshaller, and unmarshaller for {http://docs.oasis-open.org/ws-sx/ws-trust/200512}KeyType
14:58:12.515 [Test worker] DEBUG org.opensaml.core.xml.XMLObjectBuilderFactory - Registering builder org.opensaml.soap.wstrust.impl.KeyTypeBuilder under key {http://docs.oasis-open.org/ws-sx/ws-trust/200512}KeyType
14:58:12.515 [Test worker] DEBUG org.opensaml.core.xml.io.MarshallerFactory - Registering marshaller, org.opensaml.soap.wstrust.impl.KeyTypeMarshaller, for object type {http://docs.oasis-open.org/ws-sx/ws-trust/200512}KeyType
14:58:12.515 [Test worker] DEBUG org.opensaml.core.xml.io.UnmarshallerFactory - Registering unmarshaller, org.opensaml.soap.wstrust.impl.KeyTypeUnmarshaller, for object type, {http://docs.oasis-open.org/ws-sx/ws-trust/200512}KeyType
14:58:12.515 [Test worker] DEBUG org.opensaml.core.xml.config.XMLConfigurator - {http://docs.oasis-open.org/ws-sx/ws-trust/200512}KeyType intialized and configuration cached
14:58:12.515 [Test worker] DEBUG org.opensaml.core.xml.config.XMLConfigurator - Initializing object provider {http://docs.oasis-open.org/ws-sx/ws-trust/200512}KeyWrapAlgorithm
14:58:12.515 [Test worker] DEBUG org.opensaml.core.xml.config.XMLObjectProviderRegistry - Registering new builder, marshaller, and unmarshaller for {http://docs.oasis-open.org/ws-sx/ws-trust/200512}KeyWrapAlgorithm
14:58:12.515 [Test worker] DEBUG org.opensaml.core.xml.XMLObjectBuilderFactory - Registering builder org.opensaml.soap.wstrust.impl.KeyWrapAlgorithmBuilder under key {http://docs.oasis-open.org/ws-sx/ws-trust/200512}KeyWrapAlgorithm
14:58:12.515 [Test worker] DEBUG org.opensaml.core.xml.io.MarshallerFactory - Registering marshaller, org.opensaml.soap.wstrust.impl.KeyWrapAlgorithmMarshaller, for object type {http://docs.oasis-open.org/ws-sx/ws-trust/200512}KeyWrapAlgorithm
14:58:12.515 [Test worker] DEBUG org.opensaml.core.xml.io.UnmarshallerFactory - Registering unmarshaller, org.opensaml.soap.wstrust.impl.KeyWrapAlgorithmUnmarshaller, for object type, {http://docs.oasis-open.org/ws-sx/ws-trust/200512}KeyWrapAlgorithm
14:58:12.515 [Test worker] DEBUG org.opensaml.core.xml.config.XMLConfigurator - {http://docs.oasis-open.org/ws-sx/ws-trust/200512}KeyWrapAlgorithm intialized and configuration cached
14:58:12.515 [Test worker] DEBUG org.opensaml.core.xml.config.XMLConfigurator - Initializing object provider {http://docs.oasis-open.org/ws-sx/ws-trust/200512}Lifetime
14:58:12.515 [Test worker] DEBUG org.opensaml.core.xml.config.XMLObjectProviderRegistry - Registering new builder, marshaller, and unmarshaller for {http://docs.oasis-open.org/ws-sx/ws-trust/200512}Lifetime
14:58:12.515 [Test worker] DEBUG org.opensaml.core.xml.XMLObjectBuilderFactory - Registering builder org.opensaml.soap.wstrust.impl.LifetimeBuilder under key {http://docs.oasis-open.org/ws-sx/ws-trust/200512}Lifetime
14:58:12.515 [Test worker] DEBUG org.opensaml.core.xml.io.MarshallerFactory - Registering marshaller, org.opensaml.soap.wstrust.impl.LifetimeMarshaller, for object type {http://docs.oasis-open.org/ws-sx/ws-trust/200512}Lifetime
14:58:12.515 [Test worker] DEBUG org.opensaml.core.xml.io.UnmarshallerFactory - Registering unmarshaller, org.opensaml.soap.wstrust.impl.LifetimeUnmarshaller, for object type, {http://docs.oasis-open.org/ws-sx/ws-trust/200512}Lifetime
14:58:12.515 [Test worker] DEBUG org.opensaml.core.xml.config.XMLConfigurator - {http://docs.oasis-open.org/ws-sx/ws-trust/200512}Lifetime intialized and configuration cached
14:58:12.515 [Test worker] DEBUG org.opensaml.core.xml.config.XMLConfigurator - Initializing object provider {http://docs.oasis-open.org/ws-sx/ws-trust/200512}OnBehalfOf
14:58:12.515 [Test worker] DEBUG org.opensaml.core.xml.config.XMLObjectProviderRegistry - Registering new builder, marshaller, and unmarshaller for {http://docs.oasis-open.org/ws-sx/ws-trust/200512}OnBehalfOf
14:58:12.515 [Test worker] DEBUG org.opensaml.core.xml.XMLObjectBuilderFactory - Registering builder org.opensaml.soap.wstrust.impl.OnBehalfOfBuilder under key {http://docs.oasis-open.org/ws-sx/ws-trust/200512}OnBehalfOf
14:58:12.515 [Test worker] DEBUG org.opensaml.core.xml.io.MarshallerFactory - Registering marshaller, org.opensaml.soap.wstrust.impl.OnBehalfOfMarshaller, for object type {http://docs.oasis-open.org/ws-sx/ws-trust/200512}OnBehalfOf
14:58:12.515 [Test worker] DEBUG org.opensaml.core.xml.io.UnmarshallerFactory - Registering unmarshaller, org.opensaml.soap.wstrust.impl.OnBehalfOfUnmarshaller, for object type, {http://docs.oasis-open.org/ws-sx/ws-trust/200512}OnBehalfOf
14:58:12.515 [Test worker] DEBUG org.opensaml.core.xml.config.XMLConfigurator - {http://docs.oasis-open.org/ws-sx/ws-trust/200512}OnBehalfOf intialized and configuration cached
14:58:12.515 [Test worker] DEBUG org.opensaml.core.xml.config.XMLConfigurator - Initializing object provider {http://docs.oasis-open.org/ws-sx/ws-trust/200512}Participant
14:58:12.515 [Test worker] DEBUG org.opensaml.core.xml.config.XMLObjectProviderRegistry - Registering new builder, marshaller, and unmarshaller for {http://docs.oasis-open.org/ws-sx/ws-trust/200512}Participant
14:58:12.515 [Test worker] DEBUG org.opensaml.core.xml.XMLObjectBuilderFactory - Registering builder org.opensaml.soap.wstrust.impl.ParticipantBuilder under key {http://docs.oasis-open.org/ws-sx/ws-trust/200512}Participant
14:58:12.515 [Test worker] DEBUG org.opensaml.core.xml.io.MarshallerFactory - Registering marshaller, org.opensaml.soap.wstrust.impl.ParticipantMarshaller, for object type {http://docs.oasis-open.org/ws-sx/ws-trust/200512}Participant
14:58:12.515 [Test worker] DEBUG org.opensaml.core.xml.io.UnmarshallerFactory - Registering unmarshaller, org.opensaml.soap.wstrust.impl.ParticipantUnmarshaller, for object type, {http://docs.oasis-open.org/ws-sx/ws-trust/200512}Participant
14:58:12.515 [Test worker] DEBUG org.opensaml.core.xml.config.XMLConfigurator - {http://docs.oasis-open.org/ws-sx/ws-trust/200512}Participant intialized and configuration cached
14:58:12.515 [Test worker] DEBUG org.opensaml.core.xml.config.XMLConfigurator - Initializing object provider {http://docs.oasis-open.org/ws-sx/ws-trust/200512}Participants
14:58:12.516 [Test worker] DEBUG org.opensaml.core.xml.config.XMLObjectProviderRegistry - Registering new builder, marshaller, and unmarshaller for {http://docs.oasis-open.org/ws-sx/ws-trust/200512}Participants
14:58:12.516 [Test worker] DEBUG org.opensaml.core.xml.XMLObjectBuilderFactory - Registering builder org.opensaml.soap.wstrust.impl.ParticipantsBuilder under key {http://docs.oasis-open.org/ws-sx/ws-trust/200512}Participants
14:58:12.516 [Test worker] DEBUG org.opensaml.core.xml.io.MarshallerFactory - Registering marshaller, org.opensaml.soap.wstrust.impl.ParticipantsMarshaller, for object type {http://docs.oasis-open.org/ws-sx/ws-trust/200512}Participants
14:58:12.516 [Test worker] DEBUG org.opensaml.core.xml.io.UnmarshallerFactory - Registering unmarshaller, org.opensaml.soap.wstrust.impl.ParticipantsUnmarshaller, for object type, {http://docs.oasis-open.org/ws-sx/ws-trust/200512}Participants
14:58:12.516 [Test worker] DEBUG org.opensaml.core.xml.config.XMLConfigurator - {http://docs.oasis-open.org/ws-sx/ws-trust/200512}Participants intialized and configuration cached
14:58:12.516 [Test worker] DEBUG org.opensaml.core.xml.config.XMLConfigurator - Initializing object provider {http://docs.oasis-open.org/ws-sx/ws-trust/200512}Primary
14:58:12.516 [Test worker] DEBUG org.opensaml.core.xml.config.XMLObjectProviderRegistry - Registering new builder, marshaller, and unmarshaller for {http://docs.oasis-open.org/ws-sx/ws-trust/200512}Primary
14:58:12.516 [Test worker] DEBUG org.opensaml.core.xml.XMLObjectBuilderFactory - Registering builder org.opensaml.soap.wstrust.impl.PrimaryBuilder under key {http://docs.oasis-open.org/ws-sx/ws-trust/200512}Primary
14:58:12.516 [Test worker] DEBUG org.opensaml.core.xml.io.MarshallerFactory - Registering marshaller, org.opensaml.soap.wstrust.impl.PrimaryMarshaller, for object type {http://docs.oasis-open.org/ws-sx/ws-trust/200512}Primary
14:58:12.516 [Test worker] DEBUG org.opensaml.core.xml.io.UnmarshallerFactory - Registering unmarshaller, org.opensaml.soap.wstrust.impl.PrimaryUnmarshaller, for object type, {http://docs.oasis-open.org/ws-sx/ws-trust/200512}Primary
14:58:12.516 [Test worker] DEBUG org.opensaml.core.xml.config.XMLConfigurator - {http://docs.oasis-open.org/ws-sx/ws-trust/200512}Primary intialized and configuration cached
14:58:12.516 [Test worker] DEBUG org.opensaml.core.xml.config.XMLConfigurator - Initializing object provider {http://docs.oasis-open.org/ws-sx/ws-trust/200512}ProofEncryption
14:58:12.516 [Test worker] DEBUG org.opensaml.core.xml.config.XMLObjectProviderRegistry - Registering new builder, marshaller, and unmarshaller for {http://docs.oasis-open.org/ws-sx/ws-trust/200512}ProofEncryption
14:58:12.516 [Test worker] DEBUG org.opensaml.core.xml.XMLObjectBuilderFactory - Registering builder org.opensaml.soap.wstrust.impl.ProofEncryptionBuilder under key {http://docs.oasis-open.org/ws-sx/ws-trust/200512}ProofEncryption
14:58:12.516 [Test worker] DEBUG org.opensaml.core.xml.io.MarshallerFactory - Registering marshaller, org.opensaml.soap.wstrust.impl.ProofEncryptionMarshaller, for object type {http://docs.oasis-open.org/ws-sx/ws-trust/200512}ProofEncryption
14:58:12.516 [Test worker] DEBUG org.opensaml.core.xml.io.UnmarshallerFactory - Registering unmarshaller, org.opensaml.soap.wstrust.impl.ProofEncryptionUnmarshaller, for object type, {http://docs.oasis-open.org/ws-sx/ws-trust/200512}ProofEncryption
14:58:12.516 [Test worker] DEBUG org.opensaml.core.xml.config.XMLConfigurator - {http://docs.oasis-open.org/ws-sx/ws-trust/200512}ProofEncryption intialized and configuration cached
14:58:12.516 [Test worker] DEBUG org.opensaml.core.xml.config.XMLConfigurator - Initializing object provider {http://docs.oasis-open.org/ws-sx/ws-trust/200512}Reason
14:58:12.516 [Test worker] DEBUG org.opensaml.core.xml.config.XMLObjectProviderRegistry - Registering new builder, marshaller, and unmarshaller for {http://docs.oasis-open.org/ws-sx/ws-trust/200512}Reason
14:58:12.516 [Test worker] DEBUG org.opensaml.core.xml.XMLObjectBuilderFactory - Registering builder org.opensaml.soap.wstrust.impl.ReasonBuilder under key {http://docs.oasis-open.org/ws-sx/ws-trust/200512}Reason
14:58:12.516 [Test worker] DEBUG org.opensaml.core.xml.io.MarshallerFactory - Registering marshaller, org.opensaml.soap.wstrust.impl.ReasonMarshaller, for object type {http://docs.oasis-open.org/ws-sx/ws-trust/200512}Reason
14:58:12.516 [Test worker] DEBUG org.opensaml.core.xml.io.UnmarshallerFactory - Registering unmarshaller, org.opensaml.soap.wstrust.impl.ReasonUnmarshaller, for object type, {http://docs.oasis-open.org/ws-sx/ws-trust/200512}Reason
14:58:12.516 [Test worker] DEBUG org.opensaml.core.xml.config.XMLConfigurator - {http://docs.oasis-open.org/ws-sx/ws-trust/200512}Reason intialized and configuration cached
14:58:12.516 [Test worker] DEBUG org.opensaml.core.xml.config.XMLConfigurator - Initializing object provider {http://docs.oasis-open.org/ws-sx/ws-trust/200512}Renewing
14:58:12.516 [Test worker] DEBUG org.opensaml.core.xml.config.XMLObjectProviderRegistry - Registering new builder, marshaller, and unmarshaller for {http://docs.oasis-open.org/ws-sx/ws-trust/200512}Renewing
14:58:12.516 [Test worker] DEBUG org.opensaml.core.xml.XMLObjectBuilderFactory - Registering builder org.opensaml.soap.wstrust.impl.RenewingBuilder under key {http://docs.oasis-open.org/ws-sx/ws-trust/200512}Renewing
14:58:12.516 [Test worker] DEBUG org.opensaml.core.xml.io.MarshallerFactory - Registering marshaller, org.opensaml.soap.wstrust.impl.RenewingMarshaller, for object type {http://docs.oasis-open.org/ws-sx/ws-trust/200512}Renewing
14:58:12.516 [Test worker] DEBUG org.opensaml.core.xml.io.UnmarshallerFactory - Registering unmarshaller, org.opensaml.soap.wstrust.impl.RenewingUnmarshaller, for object type, {http://docs.oasis-open.org/ws-sx/ws-trust/200512}Renewing
14:58:12.516 [Test worker] DEBUG org.opensaml.core.xml.config.XMLConfigurator - {http://docs.oasis-open.org/ws-sx/ws-trust/200512}Renewing intialized and configuration cached
14:58:12.516 [Test worker] DEBUG org.opensaml.core.xml.config.XMLConfigurator - Initializing object provider {http://docs.oasis-open.org/ws-sx/ws-trust/200512}RenewTarget
14:58:12.516 [Test worker] DEBUG org.opensaml.core.xml.config.XMLObjectProviderRegistry - Registering new builder, marshaller, and unmarshaller for {http://docs.oasis-open.org/ws-sx/ws-trust/200512}RenewTarget
14:58:12.516 [Test worker] DEBUG org.opensaml.core.xml.XMLObjectBuilderFactory - Registering builder org.opensaml.soap.wstrust.impl.RenewTargetBuilder under key {http://docs.oasis-open.org/ws-sx/ws-trust/200512}RenewTarget
14:58:12.516 [Test worker] DEBUG org.opensaml.core.xml.io.MarshallerFactory - Registering marshaller, org.opensaml.soap.wstrust.impl.RenewTargetMarshaller, for object type {http://docs.oasis-open.org/ws-sx/ws-trust/200512}RenewTarget
14:58:12.516 [Test worker] DEBUG org.opensaml.core.xml.io.UnmarshallerFactory - Registering unmarshaller, org.opensaml.soap.wstrust.impl.RenewTargetUnmarshaller, for object type, {http://docs.oasis-open.org/ws-sx/ws-trust/200512}RenewTarget
14:58:12.516 [Test worker] DEBUG org.opensaml.core.xml.config.XMLConfigurator - {http://docs.oasis-open.org/ws-sx/ws-trust/200512}RenewTarget intialized and configuration cached
14:58:12.516 [Test worker] DEBUG org.opensaml.core.xml.config.XMLConfigurator - Initializing object provider {http://docs.oasis-open.org/ws-sx/ws-trust/200512}RequestedAttachedReference
14:58:12.516 [Test worker] DEBUG org.opensaml.core.xml.config.XMLObjectProviderRegistry - Registering new builder, marshaller, and unmarshaller for {http://docs.oasis-open.org/ws-sx/ws-trust/200512}RequestedAttachedReference
14:58:12.516 [Test worker] DEBUG org.opensaml.core.xml.XMLObjectBuilderFactory - Registering builder org.opensaml.soap.wstrust.impl.RequestedAttachedReferenceBuilder under key {http://docs.oasis-open.org/ws-sx/ws-trust/200512}RequestedAttachedReference
14:58:12.516 [Test worker] DEBUG org.opensaml.core.xml.io.MarshallerFactory - Registering marshaller, org.opensaml.soap.wstrust.impl.RequestedAttachedReferenceMarshaller, for object type {http://docs.oasis-open.org/ws-sx/ws-trust/200512}RequestedAttachedReference
14:58:12.516 [Test worker] DEBUG org.opensaml.core.xml.io.UnmarshallerFactory - Registering unmarshaller, org.opensaml.soap.wstrust.impl.RequestedAttachedReferenceUnmarshaller, for object type, {http://docs.oasis-open.org/ws-sx/ws-trust/200512}RequestedAttachedReference
14:58:12.516 [Test worker] DEBUG org.opensaml.core.xml.config.XMLConfigurator - {http://docs.oasis-open.org/ws-sx/ws-trust/200512}RequestedAttachedReference intialized and configuration cached
14:58:12.516 [Test worker] DEBUG org.opensaml.core.xml.config.XMLConfigurator - Initializing object provider {http://docs.oasis-open.org/ws-sx/ws-trust/200512}RequestedProofToken
14:58:12.516 [Test worker] DEBUG org.opensaml.core.xml.config.XMLObjectProviderRegistry - Registering new builder, marshaller, and unmarshaller for {http://docs.oasis-open.org/ws-sx/ws-trust/200512}RequestedProofToken
14:58:12.516 [Test worker] DEBUG org.opensaml.core.xml.XMLObjectBuilderFactory - Registering builder org.opensaml.soap.wstrust.impl.RequestedProofTokenBuilder under key {http://docs.oasis-open.org/ws-sx/ws-trust/200512}RequestedProofToken
14:58:12.516 [Test worker] DEBUG org.opensaml.core.xml.io.MarshallerFactory - Registering marshaller, org.opensaml.soap.wstrust.impl.RequestedProofTokenMarshaller, for object type {http://docs.oasis-open.org/ws-sx/ws-trust/200512}RequestedProofToken
14:58:12.516 [Test worker] DEBUG org.opensaml.core.xml.io.UnmarshallerFactory - Registering unmarshaller, org.opensaml.soap.wstrust.impl.RequestedProofTokenUnmarshaller, for object type, {http://docs.oasis-open.org/ws-sx/ws-trust/200512}RequestedProofToken
14:58:12.516 [Test worker] DEBUG org.opensaml.core.xml.config.XMLConfigurator - {http://docs.oasis-open.org/ws-sx/ws-trust/200512}RequestedProofToken intialized and configuration cached
14:58:12.516 [Test worker] DEBUG org.opensaml.core.xml.config.XMLConfigurator - Initializing object provider {http://docs.oasis-open.org/ws-sx/ws-trust/200512}RequestedSecurityToken
14:58:12.516 [Test worker] DEBUG org.opensaml.core.xml.config.XMLObjectProviderRegistry - Registering new builder, marshaller, and unmarshaller for {http://docs.oasis-open.org/ws-sx/ws-trust/200512}RequestedSecurityToken
14:58:12.516 [Test worker] DEBUG org.opensaml.core.xml.XMLObjectBuilderFactory - Registering builder org.opensaml.soap.wstrust.impl.RequestedSecurityTokenBuilder under key {http://docs.oasis-open.org/ws-sx/ws-trust/200512}RequestedSecurityToken
14:58:12.516 [Test worker] DEBUG org.opensaml.core.xml.io.MarshallerFactory - Registering marshaller, org.opensaml.soap.wstrust.impl.RequestedSecurityTokenMarshaller, for object type {http://docs.oasis-open.org/ws-sx/ws-trust/200512}RequestedSecurityToken
14:58:12.516 [Test worker] DEBUG org.opensaml.core.xml.io.UnmarshallerFactory - Registering unmarshaller, org.opensaml.soap.wstrust.impl.RequestedSecurityTokenUnmarshaller, for object type, {http://docs.oasis-open.org/ws-sx/ws-trust/200512}RequestedSecurityToken
14:58:12.516 [Test worker] DEBUG org.opensaml.core.xml.config.XMLConfigurator - {http://docs.oasis-open.org/ws-sx/ws-trust/200512}RequestedSecurityToken intialized and configuration cached
14:58:12.516 [Test worker] DEBUG org.opensaml.core.xml.config.XMLConfigurator - Initializing object provider {http://docs.oasis-open.org/ws-sx/ws-trust/200512}RequestedTokenCancelled
14:58:12.516 [Test worker] DEBUG org.opensaml.core.xml.config.XMLObjectProviderRegistry - Registering new builder, marshaller, and unmarshaller for {http://docs.oasis-open.org/ws-sx/ws-trust/200512}RequestedTokenCancelled
14:58:12.516 [Test worker] DEBUG org.opensaml.core.xml.XMLObjectBuilderFactory - Registering builder org.opensaml.soap.wstrust.impl.RequestedTokenCancelledBuilder under key {http://docs.oasis-open.org/ws-sx/ws-trust/200512}RequestedTokenCancelled
14:58:12.516 [Test worker] DEBUG org.opensaml.core.xml.io.MarshallerFactory - Registering marshaller, org.opensaml.soap.wstrust.impl.RequestedTokenCancelledMarshaller, for object type {http://docs.oasis-open.org/ws-sx/ws-trust/200512}RequestedTokenCancelled
14:58:12.516 [Test worker] DEBUG org.opensaml.core.xml.io.UnmarshallerFactory - Registering unmarshaller, org.opensaml.soap.wstrust.impl.RequestedTokenCancelledUnmarshaller, for object type, {http://docs.oasis-open.org/ws-sx/ws-trust/200512}RequestedTokenCancelled
14:58:12.516 [Test worker] DEBUG org.opensaml.core.xml.config.XMLConfigurator - {http://docs.oasis-open.org/ws-sx/ws-trust/200512}RequestedTokenCancelled intialized and configuration cached
14:58:12.516 [Test worker] DEBUG org.opensaml.core.xml.config.XMLConfigurator - Initializing object provider {http://docs.oasis-open.org/ws-sx/ws-trust/200512}RequestedUnattachedReference
14:58:12.516 [Test worker] DEBUG org.opensaml.core.xml.config.XMLObjectProviderRegistry - Registering new builder, marshaller, and unmarshaller for {http://docs.oasis-open.org/ws-sx/ws-trust/200512}RequestedUnattachedReference
14:58:12.516 [Test worker] DEBUG org.opensaml.core.xml.XMLObjectBuilderFactory - Registering builder org.opensaml.soap.wstrust.impl.RequestedUnattachedReferenceBuilder under key {http://docs.oasis-open.org/ws-sx/ws-trust/200512}RequestedUnattachedReference
14:58:12.516 [Test worker] DEBUG org.opensaml.core.xml.io.MarshallerFactory - Registering marshaller, org.opensaml.soap.wstrust.impl.RequestedUnattachedReferenceMarshaller, for object type {http://docs.oasis-open.org/ws-sx/ws-trust/200512}RequestedUnattachedReference
14:58:12.516 [Test worker] DEBUG org.opensaml.core.xml.io.UnmarshallerFactory - Registering unmarshaller, org.opensaml.soap.wstrust.impl.RequestedUnattachedReferenceUnmarshaller, for object type, {http://docs.oasis-open.org/ws-sx/ws-trust/200512}RequestedUnattachedReference
14:58:12.516 [Test worker] DEBUG org.opensaml.core.xml.config.XMLConfigurator - {http://docs.oasis-open.org/ws-sx/ws-trust/200512}RequestedUnattachedReference intialized and configuration cached
14:58:12.517 [Test worker] DEBUG org.opensaml.core.xml.config.XMLConfigurator - Initializing object provider {http://docs.oasis-open.org/ws-sx/ws-trust/200512}RequestKET
14:58:12.517 [Test worker] DEBUG org.opensaml.core.xml.config.XMLObjectProviderRegistry - Registering new builder, marshaller, and unmarshaller for {http://docs.oasis-open.org/ws-sx/ws-trust/200512}RequestKET
14:58:12.517 [Test worker] DEBUG org.opensaml.core.xml.XMLObjectBuilderFactory - Registering builder org.opensaml.soap.wstrust.impl.RequestKETBuilder under key {http://docs.oasis-open.org/ws-sx/ws-trust/200512}RequestKET
14:58:12.517 [Test worker] DEBUG org.opensaml.core.xml.io.MarshallerFactory - Registering marshaller, org.opensaml.soap.wstrust.impl.RequestKETMarshaller, for object type {http://docs.oasis-open.org/ws-sx/ws-trust/200512}RequestKET
14:58:12.517 [Test worker] DEBUG org.opensaml.core.xml.io.UnmarshallerFactory - Registering unmarshaller, org.opensaml.soap.wstrust.impl.RequestKETUnmarshaller, for object type, {http://docs.oasis-open.org/ws-sx/ws-trust/200512}RequestKET
14:58:12.517 [Test worker] DEBUG org.opensaml.core.xml.config.XMLConfigurator - {http://docs.oasis-open.org/ws-sx/ws-trust/200512}RequestKET intialized and configuration cached
14:58:12.517 [Test worker] DEBUG org.opensaml.core.xml.config.XMLConfigurator - Initializing object provider {http://docs.oasis-open.org/ws-sx/ws-trust/200512}RequestSecurityToken
14:58:12.517 [Test worker] DEBUG org.opensaml.core.xml.config.XMLObjectProviderRegistry - Registering new builder, marshaller, and unmarshaller for {http://docs.oasis-open.org/ws-sx/ws-trust/200512}RequestSecurityToken
14:58:12.517 [Test worker] DEBUG org.opensaml.core.xml.XMLObjectBuilderFactory - Registering builder org.opensaml.soap.wstrust.impl.RequestSecurityTokenBuilder under key {http://docs.oasis-open.org/ws-sx/ws-trust/200512}RequestSecurityToken
14:58:12.517 [Test worker] DEBUG org.opensaml.core.xml.io.MarshallerFactory - Registering marshaller, org.opensaml.soap.wstrust.impl.RequestSecurityTokenMarshaller, for object type {http://docs.oasis-open.org/ws-sx/ws-trust/200512}RequestSecurityToken
14:58:12.517 [Test worker] DEBUG org.opensaml.core.xml.io.UnmarshallerFactory - Registering unmarshaller, org.opensaml.soap.wstrust.impl.RequestSecurityTokenUnmarshaller, for object type, {http://docs.oasis-open.org/ws-sx/ws-trust/200512}RequestSecurityToken
14:58:12.517 [Test worker] DEBUG org.opensaml.core.xml.config.XMLConfigurator - {http://docs.oasis-open.org/ws-sx/ws-trust/200512}RequestSecurityToken intialized and configuration cached
14:58:12.517 [Test worker] DEBUG org.opensaml.core.xml.config.XMLConfigurator - Initializing object provider {http://docs.oasis-open.org/ws-sx/ws-trust/200512}RequestSecurityTokenCollection
14:58:12.517 [Test worker] DEBUG org.opensaml.core.xml.config.XMLObjectProviderRegistry - Registering new builder, marshaller, and unmarshaller for {http://docs.oasis-open.org/ws-sx/ws-trust/200512}RequestSecurityTokenCollection
14:58:12.517 [Test worker] DEBUG org.opensaml.core.xml.XMLObjectBuilderFactory - Registering builder org.opensaml.soap.wstrust.impl.RequestSecurityTokenCollectionBuilder under key {http://docs.oasis-open.org/ws-sx/ws-trust/200512}RequestSecurityTokenCollection
14:58:12.517 [Test worker] DEBUG org.opensaml.core.xml.io.MarshallerFactory - Registering marshaller, org.opensaml.soap.wstrust.impl.RequestSecurityTokenCollectionMarshaller, for object type {http://docs.oasis-open.org/ws-sx/ws-trust/200512}RequestSecurityTokenCollection
14:58:12.517 [Test worker] DEBUG org.opensaml.core.xml.io.UnmarshallerFactory - Registering unmarshaller, org.opensaml.soap.wstrust.impl.RequestSecurityTokenCollectionUnmarshaller, for object type, {http://docs.oasis-open.org/ws-sx/ws-trust/200512}RequestSecurityTokenCollection
14:58:12.517 [Test worker] DEBUG org.opensaml.core.xml.config.XMLConfigurator - {http://docs.oasis-open.org/ws-sx/ws-trust/200512}RequestSecurityTokenCollection intialized and configuration cached
14:58:12.517 [Test worker] DEBUG org.opensaml.core.xml.config.XMLConfigurator - Initializing object provider {http://docs.oasis-open.org/ws-sx/ws-trust/200512}RequestSecurityTokenResponse
14:58:12.517 [Test worker] DEBUG org.opensaml.core.xml.config.XMLObjectProviderRegistry - Registering new builder, marshaller, and unmarshaller for {http://docs.oasis-open.org/ws-sx/ws-trust/200512}RequestSecurityTokenResponse
14:58:12.517 [Test worker] DEBUG org.opensaml.core.xml.XMLObjectBuilderFactory - Registering builder org.opensaml.soap.wstrust.impl.RequestSecurityTokenResponseBuilder under key {http://docs.oasis-open.org/ws-sx/ws-trust/200512}RequestSecurityTokenResponse
14:58:12.517 [Test worker] DEBUG org.opensaml.core.xml.io.MarshallerFactory - Registering marshaller, org.opensaml.soap.wstrust.impl.RequestSecurityTokenResponseMarshaller, for object type {http://docs.oasis-open.org/ws-sx/ws-trust/200512}RequestSecurityTokenResponse
14:58:12.517 [Test worker] DEBUG org.opensaml.core.xml.io.UnmarshallerFactory - Registering unmarshaller, org.opensaml.soap.wstrust.impl.RequestSecurityTokenResponseUnmarshaller, for object type, {http://docs.oasis-open.org/ws-sx/ws-trust/200512}RequestSecurityTokenResponse
14:58:12.517 [Test worker] DEBUG org.opensaml.core.xml.config.XMLConfigurator - {http://docs.oasis-open.org/ws-sx/ws-trust/200512}RequestSecurityTokenResponse intialized and configuration cached
14:58:12.517 [Test worker] DEBUG org.opensaml.core.xml.config.XMLConfigurator - Initializing object provider {http://docs.oasis-open.org/ws-sx/ws-trust/200512}RequestSecurityTokenResponseCollection
14:58:12.517 [Test worker] DEBUG org.opensaml.core.xml.config.XMLObjectProviderRegistry - Registering new builder, marshaller, and unmarshaller for {http://docs.oasis-open.org/ws-sx/ws-trust/200512}RequestSecurityTokenResponseCollection
14:58:12.517 [Test worker] DEBUG org.opensaml.core.xml.XMLObjectBuilderFactory - Registering builder org.opensaml.soap.wstrust.impl.RequestSecurityTokenResponseCollectionBuilder under key {http://docs.oasis-open.org/ws-sx/ws-trust/200512}RequestSecurityTokenResponseCollection
14:58:12.517 [Test worker] DEBUG org.opensaml.core.xml.io.MarshallerFactory - Registering marshaller, org.opensaml.soap.wstrust.impl.RequestSecurityTokenResponseCollectionMarshaller, for object type {http://docs.oasis-open.org/ws-sx/ws-trust/200512}RequestSecurityTokenResponseCollection
14:58:12.517 [Test worker] DEBUG org.opensaml.core.xml.io.UnmarshallerFactory - Registering unmarshaller, org.opensaml.soap.wstrust.impl.RequestSecurityTokenResponseCollectionUnmarshaller, for object type, {http://docs.oasis-open.org/ws-sx/ws-trust/200512}RequestSecurityTokenResponseCollection
14:58:12.517 [Test worker] DEBUG org.opensaml.core.xml.config.XMLConfigurator - {http://docs.oasis-open.org/ws-sx/ws-trust/200512}RequestSecurityTokenResponseCollection intialized and configuration cached
14:58:12.517 [Test worker] DEBUG org.opensaml.core.xml.config.XMLConfigurator - Initializing object provider {http://docs.oasis-open.org/ws-sx/ws-trust/200512}RequestType
14:58:12.517 [Test worker] DEBUG org.opensaml.core.xml.config.XMLObjectProviderRegistry - Registering new builder, marshaller, and unmarshaller for {http://docs.oasis-open.org/ws-sx/ws-trust/200512}RequestType
14:58:12.517 [Test worker] DEBUG org.opensaml.core.xml.XMLObjectBuilderFactory - Registering builder org.opensaml.soap.wstrust.impl.RequestTypeBuilder under key {http://docs.oasis-open.org/ws-sx/ws-trust/200512}RequestType
14:58:12.517 [Test worker] DEBUG org.opensaml.core.xml.io.MarshallerFactory - Registering marshaller, org.opensaml.soap.wstrust.impl.RequestTypeMarshaller, for object type {http://docs.oasis-open.org/ws-sx/ws-trust/200512}RequestType
14:58:12.517 [Test worker] DEBUG org.opensaml.core.xml.io.UnmarshallerFactory - Registering unmarshaller, org.opensaml.soap.wstrust.impl.RequestTypeUnmarshaller, for object type, {http://docs.oasis-open.org/ws-sx/ws-trust/200512}RequestType
14:58:12.517 [Test worker] DEBUG org.opensaml.core.xml.config.XMLConfigurator - {http://docs.oasis-open.org/ws-sx/ws-trust/200512}RequestType intialized and configuration cached
14:58:12.517 [Test worker] DEBUG org.opensaml.core.xml.config.XMLConfigurator - Initializing object provider {http://docs.oasis-open.org/ws-sx/ws-trust/200512}SignatureAlgorithm
14:58:12.517 [Test worker] DEBUG org.opensaml.core.xml.config.XMLObjectProviderRegistry - Registering new builder, marshaller, and unmarshaller for {http://docs.oasis-open.org/ws-sx/ws-trust/200512}SignatureAlgorithm
14:58:12.517 [Test worker] DEBUG org.opensaml.core.xml.XMLObjectBuilderFactory - Registering builder org.opensaml.soap.wstrust.impl.SignatureAlgorithmBuilder under key {http://docs.oasis-open.org/ws-sx/ws-trust/200512}SignatureAlgorithm
14:58:12.517 [Test worker] DEBUG org.opensaml.core.xml.io.MarshallerFactory - Registering marshaller, org.opensaml.soap.wstrust.impl.SignatureAlgorithmMarshaller, for object type {http://docs.oasis-open.org/ws-sx/ws-trust/200512}SignatureAlgorithm
14:58:12.517 [Test worker] DEBUG org.opensaml.core.xml.io.UnmarshallerFactory - Registering unmarshaller, org.opensaml.soap.wstrust.impl.SignatureAlgorithmUnmarshaller, for object type, {http://docs.oasis-open.org/ws-sx/ws-trust/200512}SignatureAlgorithm
14:58:12.517 [Test worker] DEBUG org.opensaml.core.xml.config.XMLConfigurator - {http://docs.oasis-open.org/ws-sx/ws-trust/200512}SignatureAlgorithm intialized and configuration cached
14:58:12.517 [Test worker] DEBUG org.opensaml.core.xml.config.XMLConfigurator - Initializing object provider {http://docs.oasis-open.org/ws-sx/ws-trust/200512}SignChallenge
14:58:12.517 [Test worker] DEBUG org.opensaml.core.xml.config.XMLObjectProviderRegistry - Registering new builder, marshaller, and unmarshaller for {http://docs.oasis-open.org/ws-sx/ws-trust/200512}SignChallenge
14:58:12.517 [Test worker] DEBUG org.opensaml.core.xml.XMLObjectBuilderFactory - Registering builder org.opensaml.soap.wstrust.impl.SignChallengeBuilder under key {http://docs.oasis-open.org/ws-sx/ws-trust/200512}SignChallenge
14:58:12.517 [Test worker] DEBUG org.opensaml.core.xml.io.MarshallerFactory - Registering marshaller, org.opensaml.soap.wstrust.impl.SignChallengeMarshaller, for object type {http://docs.oasis-open.org/ws-sx/ws-trust/200512}SignChallenge
14:58:12.517 [Test worker] DEBUG org.opensaml.core.xml.io.UnmarshallerFactory - Registering unmarshaller, org.opensaml.soap.wstrust.impl.SignChallengeUnmarshaller, for object type, {http://docs.oasis-open.org/ws-sx/ws-trust/200512}SignChallenge
14:58:12.517 [Test worker] DEBUG org.opensaml.core.xml.config.XMLConfigurator - {http://docs.oasis-open.org/ws-sx/ws-trust/200512}SignChallenge intialized and configuration cached
14:58:12.517 [Test worker] DEBUG org.opensaml.core.xml.config.XMLConfigurator - Initializing object provider {http://docs.oasis-open.org/ws-sx/ws-trust/200512}SignChallengeResponse
14:58:12.517 [Test worker] DEBUG org.opensaml.core.xml.config.XMLObjectProviderRegistry - Registering new builder, marshaller, and unmarshaller for {http://docs.oasis-open.org/ws-sx/ws-trust/200512}SignChallengeResponse
14:58:12.517 [Test worker] DEBUG org.opensaml.core.xml.XMLObjectBuilderFactory - Registering builder org.opensaml.soap.wstrust.impl.SignChallengeResponseBuilder under key {http://docs.oasis-open.org/ws-sx/ws-trust/200512}SignChallengeResponse
14:58:12.517 [Test worker] DEBUG org.opensaml.core.xml.io.MarshallerFactory - Registering marshaller, org.opensaml.soap.wstrust.impl.SignChallengeResponseMarshaller, for object type {http://docs.oasis-open.org/ws-sx/ws-trust/200512}SignChallengeResponse
14:58:12.517 [Test worker] DEBUG org.opensaml.core.xml.io.UnmarshallerFactory - Registering unmarshaller, org.opensaml.soap.wstrust.impl.SignChallengeResponseUnmarshaller, for object type, {http://docs.oasis-open.org/ws-sx/ws-trust/200512}SignChallengeResponse
14:58:12.517 [Test worker] DEBUG org.opensaml.core.xml.config.XMLConfigurator - {http://docs.oasis-open.org/ws-sx/ws-trust/200512}SignChallengeResponse intialized and configuration cached
14:58:12.517 [Test worker] DEBUG org.opensaml.core.xml.config.XMLConfigurator - Initializing object provider {http://docs.oasis-open.org/ws-sx/ws-trust/200512}SignWith
14:58:12.517 [Test worker] DEBUG org.opensaml.core.xml.config.XMLObjectProviderRegistry - Registering new builder, marshaller, and unmarshaller for {http://docs.oasis-open.org/ws-sx/ws-trust/200512}SignWith
14:58:12.518 [Test worker] DEBUG org.opensaml.core.xml.XMLObjectBuilderFactory - Registering builder org.opensaml.soap.wstrust.impl.SignWithBuilder under key {http://docs.oasis-open.org/ws-sx/ws-trust/200512}SignWith
14:58:12.518 [Test worker] DEBUG org.opensaml.core.xml.io.MarshallerFactory - Registering marshaller, org.opensaml.soap.wstrust.impl.SignWithMarshaller, for object type {http://docs.oasis-open.org/ws-sx/ws-trust/200512}SignWith
14:58:12.518 [Test worker] DEBUG org.opensaml.core.xml.io.UnmarshallerFactory - Registering unmarshaller, org.opensaml.soap.wstrust.impl.SignWithUnmarshaller, for object type, {http://docs.oasis-open.org/ws-sx/ws-trust/200512}SignWith
14:58:12.518 [Test worker] DEBUG org.opensaml.core.xml.config.XMLConfigurator - {http://docs.oasis-open.org/ws-sx/ws-trust/200512}SignWith intialized and configuration cached
14:58:12.518 [Test worker] DEBUG org.opensaml.core.xml.config.XMLConfigurator - Initializing object provider {http://docs.oasis-open.org/ws-sx/ws-trust/200512}Status
14:58:12.518 [Test worker] DEBUG org.opensaml.core.xml.config.XMLObjectProviderRegistry - Registering new builder, marshaller, and unmarshaller for {http://docs.oasis-open.org/ws-sx/ws-trust/200512}Status
14:58:12.518 [Test worker] DEBUG org.opensaml.core.xml.XMLObjectBuilderFactory - Registering builder org.opensaml.soap.wstrust.impl.StatusBuilder under key {http://docs.oasis-open.org/ws-sx/ws-trust/200512}Status
14:58:12.518 [Test worker] DEBUG org.opensaml.core.xml.io.MarshallerFactory - Registering marshaller, org.opensaml.soap.wstrust.impl.StatusMarshaller, for object type {http://docs.oasis-open.org/ws-sx/ws-trust/200512}Status
14:58:12.518 [Test worker] DEBUG org.opensaml.core.xml.io.UnmarshallerFactory - Registering unmarshaller, org.opensaml.soap.wstrust.impl.StatusUnmarshaller, for object type, {http://docs.oasis-open.org/ws-sx/ws-trust/200512}Status
14:58:12.518 [Test worker] DEBUG org.opensaml.core.xml.config.XMLConfigurator - {http://docs.oasis-open.org/ws-sx/ws-trust/200512}Status intialized and configuration cached
14:58:12.518 [Test worker] DEBUG org.opensaml.core.xml.config.XMLConfigurator - Initializing object provider {http://docs.oasis-open.org/ws-sx/ws-trust/200512}TokenType
14:58:12.518 [Test worker] DEBUG org.opensaml.core.xml.config.XMLObjectProviderRegistry - Registering new builder, marshaller, and unmarshaller for {http://docs.oasis-open.org/ws-sx/ws-trust/200512}TokenType
14:58:12.518 [Test worker] DEBUG org.opensaml.core.xml.XMLObjectBuilderFactory - Registering builder org.opensaml.soap.wstrust.impl.TokenTypeBuilder under key {http://docs.oasis-open.org/ws-sx/ws-trust/200512}TokenType
14:58:12.518 [Test worker] DEBUG org.opensaml.core.xml.io.MarshallerFactory - Registering marshaller, org.opensaml.soap.wstrust.impl.TokenTypeMarshaller, for object type {http://docs.oasis-open.org/ws-sx/ws-trust/200512}TokenType
14:58:12.518 [Test worker] DEBUG org.opensaml.core.xml.io.UnmarshallerFactory - Registering unmarshaller, org.opensaml.soap.wstrust.impl.TokenTypeUnmarshaller, for object type, {http://docs.oasis-open.org/ws-sx/ws-trust/200512}TokenType
14:58:12.518 [Test worker] DEBUG org.opensaml.core.xml.config.XMLConfigurator - {http://docs.oasis-open.org/ws-sx/ws-trust/200512}TokenType intialized and configuration cached
14:58:12.518 [Test worker] DEBUG org.opensaml.core.xml.config.XMLConfigurator - Initializing object provider {http://docs.oasis-open.org/ws-sx/ws-trust/200512}UseKey
14:58:12.518 [Test worker] DEBUG org.opensaml.core.xml.config.XMLObjectProviderRegistry - Registering new builder, marshaller, and unmarshaller for {http://docs.oasis-open.org/ws-sx/ws-trust/200512}UseKey
14:58:12.518 [Test worker] DEBUG org.opensaml.core.xml.XMLObjectBuilderFactory - Registering builder org.opensaml.soap.wstrust.impl.UseKeyBuilder under key {http://docs.oasis-open.org/ws-sx/ws-trust/200512}UseKey
14:58:12.518 [Test worker] DEBUG org.opensaml.core.xml.io.MarshallerFactory - Registering marshaller, org.opensaml.soap.wstrust.impl.UseKeyMarshaller, for object type {http://docs.oasis-open.org/ws-sx/ws-trust/200512}UseKey
14:58:12.518 [Test worker] DEBUG org.opensaml.core.xml.io.UnmarshallerFactory - Registering unmarshaller, org.opensaml.soap.wstrust.impl.UseKeyUnmarshaller, for object type, {http://docs.oasis-open.org/ws-sx/ws-trust/200512}UseKey
14:58:12.518 [Test worker] DEBUG org.opensaml.core.xml.config.XMLConfigurator - {http://docs.oasis-open.org/ws-sx/ws-trust/200512}UseKey intialized and configuration cached
14:58:12.518 [Test worker] DEBUG org.opensaml.core.xml.config.XMLConfigurator - Initializing object provider {http://docs.oasis-open.org/ws-sx/ws-trust/200512}ValidateTarget
14:58:12.518 [Test worker] DEBUG org.opensaml.core.xml.config.XMLObjectProviderRegistry - Registering new builder, marshaller, and unmarshaller for {http://docs.oasis-open.org/ws-sx/ws-trust/200512}ValidateTarget
14:58:12.518 [Test worker] DEBUG org.opensaml.core.xml.XMLObjectBuilderFactory - Registering builder org.opensaml.soap.wstrust.impl.ValidateTargetBuilder under key {http://docs.oasis-open.org/ws-sx/ws-trust/200512}ValidateTarget
14:58:12.518 [Test worker] DEBUG org.opensaml.core.xml.io.MarshallerFactory - Registering marshaller, org.opensaml.soap.wstrust.impl.ValidateTargetMarshaller, for object type {http://docs.oasis-open.org/ws-sx/ws-trust/200512}ValidateTarget
14:58:12.518 [Test worker] DEBUG org.opensaml.core.xml.io.UnmarshallerFactory - Registering unmarshaller, org.opensaml.soap.wstrust.impl.ValidateTargetUnmarshaller, for object type, {http://docs.oasis-open.org/ws-sx/ws-trust/200512}ValidateTarget
14:58:12.518 [Test worker] DEBUG org.opensaml.core.xml.config.XMLConfigurator - {http://docs.oasis-open.org/ws-sx/ws-trust/200512}ValidateTarget intialized and configuration cached
14:58:12.518 [Test worker] DEBUG org.opensaml.core.xml.config.XMLConfigurator - ObjectProviders load complete
14:58:12.518 [Test worker] DEBUG org.opensaml.core.config.InitializationService - Initializing module initializer implementation: org.opensaml.xmlsec.config.GlobalAlgorithmRegistryInitializer
14:58:12.519 [Test worker] DEBUG org.opensaml.xmlsec.config.GlobalAlgorithmRegistryInitializer - Registering AlgorithmDescriptor of type 'BlockEncryption' with URI 'http://www.w3.org/2001/04/xmlenc#aes128-cbc': org.opensaml.xmlsec.algorithm.descriptors.BlockEncryptionAES128CBC
14:58:12.519 [Test worker] DEBUG org.opensaml.xmlsec.algorithm.AlgorithmRegistry - Registering algorithm descriptor with URI: http://www.w3.org/2001/04/xmlenc#aes128-cbc
14:58:12.519 [Test worker] DEBUG org.opensaml.xmlsec.config.GlobalAlgorithmRegistryInitializer - Registering AlgorithmDescriptor of type 'BlockEncryption' with URI 'http://www.w3.org/2009/xmlenc11#aes128-gcm': org.opensaml.xmlsec.algorithm.descriptors.BlockEncryptionAES128GCM
14:58:12.519 [Test worker] DEBUG org.opensaml.xmlsec.algorithm.AlgorithmRegistry - Registering algorithm descriptor with URI: http://www.w3.org/2009/xmlenc11#aes128-gcm
14:58:12.519 [Test worker] DEBUG org.opensaml.xmlsec.config.GlobalAlgorithmRegistryInitializer - Registering AlgorithmDescriptor of type 'BlockEncryption' with URI 'http://www.w3.org/2001/04/xmlenc#aes192-cbc': org.opensaml.xmlsec.algorithm.descriptors.BlockEncryptionAES192CBC
14:58:12.519 [Test worker] DEBUG org.opensaml.xmlsec.algorithm.AlgorithmRegistry - Registering algorithm descriptor with URI: http://www.w3.org/2001/04/xmlenc#aes192-cbc
14:58:12.520 [Test worker] DEBUG org.opensaml.xmlsec.config.GlobalAlgorithmRegistryInitializer - Registering AlgorithmDescriptor of type 'BlockEncryption' with URI 'http://www.w3.org/2009/xmlenc11#aes192-gcm': org.opensaml.xmlsec.algorithm.descriptors.BlockEncryptionAES192GCM
14:58:12.520 [Test worker] DEBUG org.opensaml.xmlsec.algorithm.AlgorithmRegistry - Registering algorithm descriptor with URI: http://www.w3.org/2009/xmlenc11#aes192-gcm
14:58:12.520 [Test worker] DEBUG org.opensaml.xmlsec.config.GlobalAlgorithmRegistryInitializer - Registering AlgorithmDescriptor of type 'BlockEncryption' with URI 'http://www.w3.org/2001/04/xmlenc#aes256-cbc': org.opensaml.xmlsec.algorithm.descriptors.BlockEncryptionAES256CBC
14:58:12.520 [Test worker] DEBUG org.opensaml.xmlsec.algorithm.AlgorithmRegistry - Registering algorithm descriptor with URI: http://www.w3.org/2001/04/xmlenc#aes256-cbc
14:58:12.520 [Test worker] DEBUG org.opensaml.xmlsec.config.GlobalAlgorithmRegistryInitializer - Registering AlgorithmDescriptor of type 'BlockEncryption' with URI 'http://www.w3.org/2009/xmlenc11#aes256-gcm': org.opensaml.xmlsec.algorithm.descriptors.BlockEncryptionAES256GCM
14:58:12.520 [Test worker] DEBUG org.opensaml.xmlsec.algorithm.AlgorithmRegistry - Registering algorithm descriptor with URI: http://www.w3.org/2009/xmlenc11#aes256-gcm
14:58:12.520 [Test worker] DEBUG org.opensaml.xmlsec.config.GlobalAlgorithmRegistryInitializer - Registering AlgorithmDescriptor of type 'BlockEncryption' with URI 'http://www.w3.org/2001/04/xmlenc#tripledes-cbc': org.opensaml.xmlsec.algorithm.descriptors.BlockEncryptionDESede
14:58:12.520 [Test worker] DEBUG org.opensaml.xmlsec.algorithm.AlgorithmRegistry - Registering algorithm descriptor with URI: http://www.w3.org/2001/04/xmlenc#tripledes-cbc
14:58:12.520 [Test worker] DEBUG org.opensaml.xmlsec.config.GlobalAlgorithmRegistryInitializer - Registering AlgorithmDescriptor of type 'MessageDigest' with URI 'http://www.w3.org/2001/04/xmldsig-more#md5': org.opensaml.xmlsec.algorithm.descriptors.DigestMD5
14:58:12.520 [Test worker] DEBUG org.opensaml.xmlsec.algorithm.AlgorithmRegistry - Registering algorithm descriptor with URI: http://www.w3.org/2001/04/xmldsig-more#md5
14:58:12.520 [Test worker] DEBUG org.opensaml.xmlsec.config.GlobalAlgorithmRegistryInitializer - Registering AlgorithmDescriptor of type 'MessageDigest' with URI 'http://www.w3.org/2001/04/xmlenc#ripemd160': org.opensaml.xmlsec.algorithm.descriptors.DigestRIPEMD160
14:58:12.520 [Test worker] DEBUG org.opensaml.xmlsec.algorithm.AlgorithmRegistry - Registering algorithm descriptor with URI: http://www.w3.org/2001/04/xmlenc#ripemd160
14:58:12.521 [Test worker] DEBUG org.opensaml.xmlsec.algorithm.AlgorithmRegistry - AlgorithmDescriptor failed runtime support check: http://www.w3.org/2001/04/xmlenc#ripemd160
java.security.NoSuchAlgorithmException: RIPEMD160 MessageDigest not available
	at sun.security.jca.GetInstance.getInstance(GetInstance.java:159)
	at java.security.Security.getImpl(Security.java:695)
	at java.security.MessageDigest.getInstance(MessageDigest.java:167)
	at org.opensaml.xmlsec.algorithm.AlgorithmRegistry.checkRuntimeSupports(AlgorithmRegistry.java:271)
	at org.opensaml.xmlsec.algorithm.AlgorithmRegistry.index(AlgorithmRegistry.java:203)
	at org.opensaml.xmlsec.algorithm.AlgorithmRegistry.register(AlgorithmRegistry.java:138)
	at org.opensaml.xmlsec.config.GlobalAlgorithmRegistryInitializer.init(GlobalAlgorithmRegistryInitializer.java:49)
	at org.opensaml.core.config.InitializationService.initialize(InitializationService.java:56)
	at uk.gov.ida.saml.serializers.XmlObjectToBase64EncodedStringTransformerTest.setup(XmlObjectToBase64EncodedStringTransformerTest.java:23)
	at sun.reflect.NativeMethodAccessorImpl.invoke0(Native Method)
	at sun.reflect.NativeMethodAccessorImpl.invoke(NativeMethodAccessorImpl.java:62)
	at sun.reflect.DelegatingMethodAccessorImpl.invoke(DelegatingMethodAccessorImpl.java:43)
	at java.lang.reflect.Method.invoke(Method.java:498)
	at org.junit.runners.model.FrameworkMethod$1.runReflectiveCall(FrameworkMethod.java:50)
	at org.junit.internal.runners.model.ReflectiveCallable.run(ReflectiveCallable.java:12)
	at org.junit.runners.model.FrameworkMethod.invokeExplosively(FrameworkMethod.java:47)
	at org.junit.internal.runners.statements.RunBefores.evaluate(RunBefores.java:24)
	at org.junit.runners.ParentRunner.runLeaf(ParentRunner.java:325)
	at org.junit.runners.BlockJUnit4ClassRunner.runChild(BlockJUnit4ClassRunner.java:78)
	at org.junit.runners.BlockJUnit4ClassRunner.runChild(BlockJUnit4ClassRunner.java:57)
	at org.junit.runners.ParentRunner$3.run(ParentRunner.java:290)
	at org.junit.runners.ParentRunner$1.schedule(ParentRunner.java:71)
	at org.junit.runners.ParentRunner.runChildren(ParentRunner.java:288)
	at org.junit.runners.ParentRunner.access$000(ParentRunner.java:58)
	at org.junit.runners.ParentRunner$2.evaluate(ParentRunner.java:268)
	at org.junit.runners.ParentRunner.run(ParentRunner.java:363)
	at org.gradle.api.internal.tasks.testing.junit.JUnitTestClassExecuter.runTestClass(JUnitTestClassExecuter.java:114)
	at org.gradle.api.internal.tasks.testing.junit.JUnitTestClassExecuter.execute(JUnitTestClassExecuter.java:57)
	at org.gradle.api.internal.tasks.testing.junit.JUnitTestClassProcessor.processTestClass(JUnitTestClassProcessor.java:66)
	at org.gradle.api.internal.tasks.testing.SuiteTestClassProcessor.processTestClass(SuiteTestClassProcessor.java:51)
	at sun.reflect.NativeMethodAccessorImpl.invoke0(Native Method)
	at sun.reflect.NativeMethodAccessorImpl.invoke(NativeMethodAccessorImpl.java:62)
	at sun.reflect.DelegatingMethodAccessorImpl.invoke(DelegatingMethodAccessorImpl.java:43)
	at java.lang.reflect.Method.invoke(Method.java:498)
	at org.gradle.internal.dispatch.ReflectionDispatch.dispatch(ReflectionDispatch.java:35)
	at org.gradle.internal.dispatch.ReflectionDispatch.dispatch(ReflectionDispatch.java:24)
	at org.gradle.internal.dispatch.ContextClassLoaderDispatch.dispatch(ContextClassLoaderDispatch.java:32)
	at org.gradle.internal.dispatch.ProxyDispatchAdapter$DispatchingInvocationHandler.invoke(ProxyDispatchAdapter.java:93)
	at com.sun.proxy.$Proxy1.processTestClass(Unknown Source)
	at org.gradle.api.internal.tasks.testing.worker.TestWorker.processTestClass(TestWorker.java:109)
	at sun.reflect.NativeMethodAccessorImpl.invoke0(Native Method)
	at sun.reflect.NativeMethodAccessorImpl.invoke(NativeMethodAccessorImpl.java:62)
	at sun.reflect.DelegatingMethodAccessorImpl.invoke(DelegatingMethodAccessorImpl.java:43)
	at java.lang.reflect.Method.invoke(Method.java:498)
	at org.gradle.internal.dispatch.ReflectionDispatch.dispatch(ReflectionDispatch.java:35)
	at org.gradle.internal.dispatch.ReflectionDispatch.dispatch(ReflectionDispatch.java:24)
	at org.gradle.internal.remote.internal.hub.MessageHubBackedObjectConnection$DispatchWrapper.dispatch(MessageHubBackedObjectConnection.java:146)
	at org.gradle.internal.remote.internal.hub.MessageHubBackedObjectConnection$DispatchWrapper.dispatch(MessageHubBackedObjectConnection.java:128)
	at org.gradle.internal.remote.internal.hub.MessageHub$Handler.run(MessageHub.java:404)
	at org.gradle.internal.concurrent.ExecutorPolicy$CatchAndRecordFailures.onExecute(ExecutorPolicy.java:63)
	at org.gradle.internal.concurrent.StoppableExecutorImpl$1.run(StoppableExecutorImpl.java:46)
	at java.util.concurrent.ThreadPoolExecutor.runWorker(ThreadPoolExecutor.java:1149)
	at java.util.concurrent.ThreadPoolExecutor$Worker.run(ThreadPoolExecutor.java:624)
	at org.gradle.internal.concurrent.ThreadFactoryImpl$ManagedThreadRunnable.run(ThreadFactoryImpl.java:55)
	at java.lang.Thread.run(Thread.java:748)
14:58:12.521 [Test worker] INFO org.opensaml.xmlsec.algorithm.AlgorithmRegistry - Algorithm failed runtime support check, will not be usable: http://www.w3.org/2001/04/xmlenc#ripemd160
14:58:12.521 [Test worker] DEBUG org.opensaml.xmlsec.config.GlobalAlgorithmRegistryInitializer - Registering AlgorithmDescriptor of type 'MessageDigest' with URI 'http://www.w3.org/2000/09/xmldsig#sha1': org.opensaml.xmlsec.algorithm.descriptors.DigestSHA1
14:58:12.521 [Test worker] DEBUG org.opensaml.xmlsec.algorithm.AlgorithmRegistry - Registering algorithm descriptor with URI: http://www.w3.org/2000/09/xmldsig#sha1
14:58:12.521 [Test worker] DEBUG org.opensaml.xmlsec.config.GlobalAlgorithmRegistryInitializer - Registering AlgorithmDescriptor of type 'MessageDigest' with URI 'http://www.w3.org/2001/04/xmldsig-more#sha224': org.opensaml.xmlsec.algorithm.descriptors.DigestSHA224
14:58:12.521 [Test worker] DEBUG org.opensaml.xmlsec.algorithm.AlgorithmRegistry - Registering algorithm descriptor with URI: http://www.w3.org/2001/04/xmldsig-more#sha224
14:58:12.521 [Test worker] DEBUG org.opensaml.xmlsec.config.GlobalAlgorithmRegistryInitializer - Registering AlgorithmDescriptor of type 'MessageDigest' with URI 'http://www.w3.org/2001/04/xmlenc#sha256': org.opensaml.xmlsec.algorithm.descriptors.DigestSHA256
14:58:12.521 [Test worker] DEBUG org.opensaml.xmlsec.algorithm.AlgorithmRegistry - Registering algorithm descriptor with URI: http://www.w3.org/2001/04/xmlenc#sha256
14:58:12.521 [Test worker] DEBUG org.opensaml.xmlsec.config.GlobalAlgorithmRegistryInitializer - Registering AlgorithmDescriptor of type 'MessageDigest' with URI 'http://www.w3.org/2001/04/xmldsig-more#sha384': org.opensaml.xmlsec.algorithm.descriptors.DigestSHA384
14:58:12.521 [Test worker] DEBUG org.opensaml.xmlsec.algorithm.AlgorithmRegistry - Registering algorithm descriptor with URI: http://www.w3.org/2001/04/xmldsig-more#sha384
14:58:12.521 [Test worker] DEBUG org.opensaml.xmlsec.config.GlobalAlgorithmRegistryInitializer - Registering AlgorithmDescriptor of type 'MessageDigest' with URI 'http://www.w3.org/2001/04/xmlenc#sha512': org.opensaml.xmlsec.algorithm.descriptors.DigestSHA512
14:58:12.521 [Test worker] DEBUG org.opensaml.xmlsec.algorithm.AlgorithmRegistry - Registering algorithm descriptor with URI: http://www.w3.org/2001/04/xmlenc#sha512
14:58:12.521 [Test worker] DEBUG org.opensaml.xmlsec.config.GlobalAlgorithmRegistryInitializer - Registering AlgorithmDescriptor of type 'Mac' with URI 'http://www.w3.org/2001/04/xmldsig-more#hmac-md5': org.opensaml.xmlsec.algorithm.descriptors.HMACMD5
14:58:12.521 [Test worker] DEBUG org.opensaml.xmlsec.algorithm.AlgorithmRegistry - Registering algorithm descriptor with URI: http://www.w3.org/2001/04/xmldsig-more#hmac-md5
14:58:12.521 [Test worker] DEBUG org.opensaml.xmlsec.config.GlobalAlgorithmRegistryInitializer - Registering AlgorithmDescriptor of type 'Mac' with URI 'http://www.w3.org/2001/04/xmldsig-more#hmac-ripemd160': org.opensaml.xmlsec.algorithm.descriptors.HMACRIPEMD160
14:58:12.521 [Test worker] DEBUG org.opensaml.xmlsec.algorithm.AlgorithmRegistry - Registering algorithm descriptor with URI: http://www.w3.org/2001/04/xmldsig-more#hmac-ripemd160
14:58:12.522 [Test worker] DEBUG org.opensaml.xmlsec.algorithm.AlgorithmRegistry - AlgorithmDescriptor failed runtime support check: http://www.w3.org/2001/04/xmldsig-more#hmac-ripemd160
java.security.NoSuchAlgorithmException: Algorithm HMACRIPEMD160 not available
	at javax.crypto.Mac.getInstance(Mac.java:181)
	at org.opensaml.xmlsec.algorithm.AlgorithmRegistry.checkRuntimeSupports(AlgorithmRegistry.java:267)
	at org.opensaml.xmlsec.algorithm.AlgorithmRegistry.index(AlgorithmRegistry.java:203)
	at org.opensaml.xmlsec.algorithm.AlgorithmRegistry.register(AlgorithmRegistry.java:138)
	at org.opensaml.xmlsec.config.GlobalAlgorithmRegistryInitializer.init(GlobalAlgorithmRegistryInitializer.java:49)
	at org.opensaml.core.config.InitializationService.initialize(InitializationService.java:56)
	at uk.gov.ida.saml.serializers.XmlObjectToBase64EncodedStringTransformerTest.setup(XmlObjectToBase64EncodedStringTransformerTest.java:23)
	at sun.reflect.NativeMethodAccessorImpl.invoke0(Native Method)
	at sun.reflect.NativeMethodAccessorImpl.invoke(NativeMethodAccessorImpl.java:62)
	at sun.reflect.DelegatingMethodAccessorImpl.invoke(DelegatingMethodAccessorImpl.java:43)
	at java.lang.reflect.Method.invoke(Method.java:498)
	at org.junit.runners.model.FrameworkMethod$1.runReflectiveCall(FrameworkMethod.java:50)
	at org.junit.internal.runners.model.ReflectiveCallable.run(ReflectiveCallable.java:12)
	at org.junit.runners.model.FrameworkMethod.invokeExplosively(FrameworkMethod.java:47)
	at org.junit.internal.runners.statements.RunBefores.evaluate(RunBefores.java:24)
	at org.junit.runners.ParentRunner.runLeaf(ParentRunner.java:325)
	at org.junit.runners.BlockJUnit4ClassRunner.runChild(BlockJUnit4ClassRunner.java:78)
	at org.junit.runners.BlockJUnit4ClassRunner.runChild(BlockJUnit4ClassRunner.java:57)
	at org.junit.runners.ParentRunner$3.run(ParentRunner.java:290)
	at org.junit.runners.ParentRunner$1.schedule(ParentRunner.java:71)
	at org.junit.runners.ParentRunner.runChildren(ParentRunner.java:288)
	at org.junit.runners.ParentRunner.access$000(ParentRunner.java:58)
	at org.junit.runners.ParentRunner$2.evaluate(ParentRunner.java:268)
	at org.junit.runners.ParentRunner.run(ParentRunner.java:363)
	at org.gradle.api.internal.tasks.testing.junit.JUnitTestClassExecuter.runTestClass(JUnitTestClassExecuter.java:114)
	at org.gradle.api.internal.tasks.testing.junit.JUnitTestClassExecuter.execute(JUnitTestClassExecuter.java:57)
	at org.gradle.api.internal.tasks.testing.junit.JUnitTestClassProcessor.processTestClass(JUnitTestClassProcessor.java:66)
	at org.gradle.api.internal.tasks.testing.SuiteTestClassProcessor.processTestClass(SuiteTestClassProcessor.java:51)
	at sun.reflect.NativeMethodAccessorImpl.invoke0(Native Method)
	at sun.reflect.NativeMethodAccessorImpl.invoke(NativeMethodAccessorImpl.java:62)
	at sun.reflect.DelegatingMethodAccessorImpl.invoke(DelegatingMethodAccessorImpl.java:43)
	at java.lang.reflect.Method.invoke(Method.java:498)
	at org.gradle.internal.dispatch.ReflectionDispatch.dispatch(ReflectionDispatch.java:35)
	at org.gradle.internal.dispatch.ReflectionDispatch.dispatch(ReflectionDispatch.java:24)
	at org.gradle.internal.dispatch.ContextClassLoaderDispatch.dispatch(ContextClassLoaderDispatch.java:32)
	at org.gradle.internal.dispatch.ProxyDispatchAdapter$DispatchingInvocationHandler.invoke(ProxyDispatchAdapter.java:93)
	at com.sun.proxy.$Proxy1.processTestClass(Unknown Source)
	at org.gradle.api.internal.tasks.testing.worker.TestWorker.processTestClass(TestWorker.java:109)
	at sun.reflect.NativeMethodAccessorImpl.invoke0(Native Method)
	at sun.reflect.NativeMethodAccessorImpl.invoke(NativeMethodAccessorImpl.java:62)
	at sun.reflect.DelegatingMethodAccessorImpl.invoke(DelegatingMethodAccessorImpl.java:43)
	at java.lang.reflect.Method.invoke(Method.java:498)
	at org.gradle.internal.dispatch.ReflectionDispatch.dispatch(ReflectionDispatch.java:35)
	at org.gradle.internal.dispatch.ReflectionDispatch.dispatch(ReflectionDispatch.java:24)
	at org.gradle.internal.remote.internal.hub.MessageHubBackedObjectConnection$DispatchWrapper.dispatch(MessageHubBackedObjectConnection.java:146)
	at org.gradle.internal.remote.internal.hub.MessageHubBackedObjectConnection$DispatchWrapper.dispatch(MessageHubBackedObjectConnection.java:128)
	at org.gradle.internal.remote.internal.hub.MessageHub$Handler.run(MessageHub.java:404)
	at org.gradle.internal.concurrent.ExecutorPolicy$CatchAndRecordFailures.onExecute(ExecutorPolicy.java:63)
	at org.gradle.internal.concurrent.StoppableExecutorImpl$1.run(StoppableExecutorImpl.java:46)
	at java.util.concurrent.ThreadPoolExecutor.runWorker(ThreadPoolExecutor.java:1149)
	at java.util.concurrent.ThreadPoolExecutor$Worker.run(ThreadPoolExecutor.java:624)
	at org.gradle.internal.concurrent.ThreadFactoryImpl$ManagedThreadRunnable.run(ThreadFactoryImpl.java:55)
	at java.lang.Thread.run(Thread.java:748)
14:58:12.522 [Test worker] INFO org.opensaml.xmlsec.algorithm.AlgorithmRegistry - Algorithm failed runtime support check, will not be usable: http://www.w3.org/2001/04/xmldsig-more#hmac-ripemd160
14:58:12.522 [Test worker] DEBUG org.opensaml.xmlsec.config.GlobalAlgorithmRegistryInitializer - Registering AlgorithmDescriptor of type 'Mac' with URI 'http://www.w3.org/2000/09/xmldsig#hmac-sha1': org.opensaml.xmlsec.algorithm.descriptors.HMACSHA1
14:58:12.522 [Test worker] DEBUG org.opensaml.xmlsec.algorithm.AlgorithmRegistry - Registering algorithm descriptor with URI: http://www.w3.org/2000/09/xmldsig#hmac-sha1
14:58:12.522 [Test worker] DEBUG org.opensaml.xmlsec.config.GlobalAlgorithmRegistryInitializer - Registering AlgorithmDescriptor of type 'Mac' with URI 'http://www.w3.org/2001/04/xmldsig-more#hmac-sha224': org.opensaml.xmlsec.algorithm.descriptors.HMACSHA224
14:58:12.522 [Test worker] DEBUG org.opensaml.xmlsec.algorithm.AlgorithmRegistry - Registering algorithm descriptor with URI: http://www.w3.org/2001/04/xmldsig-more#hmac-sha224
14:58:12.522 [Test worker] DEBUG org.opensaml.xmlsec.config.GlobalAlgorithmRegistryInitializer - Registering AlgorithmDescriptor of type 'Mac' with URI 'http://www.w3.org/2001/04/xmldsig-more#hmac-sha256': org.opensaml.xmlsec.algorithm.descriptors.HMACSHA256
14:58:12.522 [Test worker] DEBUG org.opensaml.xmlsec.algorithm.AlgorithmRegistry - Registering algorithm descriptor with URI: http://www.w3.org/2001/04/xmldsig-more#hmac-sha256
14:58:12.522 [Test worker] DEBUG org.opensaml.xmlsec.config.GlobalAlgorithmRegistryInitializer - Registering AlgorithmDescriptor of type 'Mac' with URI 'http://www.w3.org/2001/04/xmldsig-more#hmac-sha384': org.opensaml.xmlsec.algorithm.descriptors.HMACSHA384
14:58:12.522 [Test worker] DEBUG org.opensaml.xmlsec.algorithm.AlgorithmRegistry - Registering algorithm descriptor with URI: http://www.w3.org/2001/04/xmldsig-more#hmac-sha384
14:58:12.522 [Test worker] DEBUG org.opensaml.xmlsec.config.GlobalAlgorithmRegistryInitializer - Registering AlgorithmDescriptor of type 'Mac' with URI 'http://www.w3.org/2001/04/xmldsig-more#hmac-sha512': org.opensaml.xmlsec.algorithm.descriptors.HMACSHA512
14:58:12.522 [Test worker] DEBUG org.opensaml.xmlsec.algorithm.AlgorithmRegistry - Registering algorithm descriptor with URI: http://www.w3.org/2001/04/xmldsig-more#hmac-sha512
14:58:12.522 [Test worker] DEBUG org.opensaml.xmlsec.config.GlobalAlgorithmRegistryInitializer - Registering AlgorithmDescriptor of type 'KeyTransport' with URI 'http://www.w3.org/2001/04/xmlenc#rsa-1_5': org.opensaml.xmlsec.algorithm.descriptors.KeyTransportRSA15
14:58:12.522 [Test worker] DEBUG org.opensaml.xmlsec.algorithm.AlgorithmRegistry - Registering algorithm descriptor with URI: http://www.w3.org/2001/04/xmlenc#rsa-1_5
14:58:12.522 [Test worker] DEBUG org.opensaml.xmlsec.config.GlobalAlgorithmRegistryInitializer - Registering AlgorithmDescriptor of type 'KeyTransport' with URI 'http://www.w3.org/2009/xmlenc11#rsa-oaep': org.opensaml.xmlsec.algorithm.descriptors.KeyTransportRSAOAEP
14:58:12.522 [Test worker] DEBUG org.opensaml.xmlsec.algorithm.AlgorithmRegistry - Registering algorithm descriptor with URI: http://www.w3.org/2009/xmlenc11#rsa-oaep
14:58:12.522 [Test worker] DEBUG org.opensaml.xmlsec.config.GlobalAlgorithmRegistryInitializer - Registering AlgorithmDescriptor of type 'KeyTransport' with URI 'http://www.w3.org/2001/04/xmlenc#rsa-oaep-mgf1p': org.opensaml.xmlsec.algorithm.descriptors.KeyTransportRSAOAEPMGF1P
14:58:12.522 [Test worker] DEBUG org.opensaml.xmlsec.algorithm.AlgorithmRegistry - Registering algorithm descriptor with URI: http://www.w3.org/2001/04/xmlenc#rsa-oaep-mgf1p
14:58:12.522 [Test worker] DEBUG org.opensaml.xmlsec.config.GlobalAlgorithmRegistryInitializer - Registering AlgorithmDescriptor of type 'Signature' with URI 'http://www.w3.org/2000/09/xmldsig#dsa-sha1': org.opensaml.xmlsec.algorithm.descriptors.SignatureDSASHA1
14:58:12.523 [Test worker] DEBUG org.opensaml.xmlsec.algorithm.AlgorithmRegistry - Registering algorithm descriptor with URI: http://www.w3.org/2000/09/xmldsig#dsa-sha1
14:58:12.523 [Test worker] DEBUG org.opensaml.xmlsec.config.GlobalAlgorithmRegistryInitializer - Registering AlgorithmDescriptor of type 'Signature' with URI 'http://www.w3.org/2009/xmldsig11#dsa-sha256': org.opensaml.xmlsec.algorithm.descriptors.SignatureDSASHA256
14:58:12.523 [Test worker] DEBUG org.opensaml.xmlsec.algorithm.AlgorithmRegistry - Registering algorithm descriptor with URI: http://www.w3.org/2009/xmldsig11#dsa-sha256
14:58:12.523 [Test worker] DEBUG org.opensaml.xmlsec.config.GlobalAlgorithmRegistryInitializer - Registering AlgorithmDescriptor of type 'Signature' with URI 'http://www.w3.org/2001/04/xmldsig-more#ecdsa-sha1': org.opensaml.xmlsec.algorithm.descriptors.SignatureECDSASHA1
14:58:12.523 [Test worker] DEBUG org.opensaml.xmlsec.algorithm.AlgorithmRegistry - Registering algorithm descriptor with URI: http://www.w3.org/2001/04/xmldsig-more#ecdsa-sha1
14:58:12.523 [Test worker] DEBUG org.opensaml.xmlsec.config.GlobalAlgorithmRegistryInitializer - Registering AlgorithmDescriptor of type 'Signature' with URI 'http://www.w3.org/2001/04/xmldsig-more#ecdsa-sha224': org.opensaml.xmlsec.algorithm.descriptors.SignatureECDSASHA224
14:58:12.523 [Test worker] DEBUG org.opensaml.xmlsec.algorithm.AlgorithmRegistry - Registering algorithm descriptor with URI: http://www.w3.org/2001/04/xmldsig-more#ecdsa-sha224
14:58:12.523 [Test worker] DEBUG org.opensaml.xmlsec.config.GlobalAlgorithmRegistryInitializer - Registering AlgorithmDescriptor of type 'Signature' with URI 'http://www.w3.org/2001/04/xmldsig-more#ecdsa-sha256': org.opensaml.xmlsec.algorithm.descriptors.SignatureECDSASHA256
14:58:12.523 [Test worker] DEBUG org.opensaml.xmlsec.algorithm.AlgorithmRegistry - Registering algorithm descriptor with URI: http://www.w3.org/2001/04/xmldsig-more#ecdsa-sha256
14:58:12.523 [Test worker] DEBUG org.opensaml.xmlsec.config.GlobalAlgorithmRegistryInitializer - Registering AlgorithmDescriptor of type 'Signature' with URI 'http://www.w3.org/2001/04/xmldsig-more#ecdsa-sha384': org.opensaml.xmlsec.algorithm.descriptors.SignatureECDSASHA384
14:58:12.523 [Test worker] DEBUG org.opensaml.xmlsec.algorithm.AlgorithmRegistry - Registering algorithm descriptor with URI: http://www.w3.org/2001/04/xmldsig-more#ecdsa-sha384
14:58:12.523 [Test worker] DEBUG org.opensaml.xmlsec.config.GlobalAlgorithmRegistryInitializer - Registering AlgorithmDescriptor of type 'Signature' with URI 'http://www.w3.org/2001/04/xmldsig-more#ecdsa-sha512': org.opensaml.xmlsec.algorithm.descriptors.SignatureECDSASHA512
14:58:12.523 [Test worker] DEBUG org.opensaml.xmlsec.algorithm.AlgorithmRegistry - Registering algorithm descriptor with URI: http://www.w3.org/2001/04/xmldsig-more#ecdsa-sha512
14:58:12.523 [Test worker] DEBUG org.opensaml.xmlsec.config.GlobalAlgorithmRegistryInitializer - Registering AlgorithmDescriptor of type 'Signature' with URI 'http://www.w3.org/2001/04/xmldsig-more#rsa-md5': org.opensaml.xmlsec.algorithm.descriptors.SignatureRSAMD5
14:58:12.523 [Test worker] DEBUG org.opensaml.xmlsec.algorithm.AlgorithmRegistry - Registering algorithm descriptor with URI: http://www.w3.org/2001/04/xmldsig-more#rsa-md5
14:58:12.523 [Test worker] DEBUG org.opensaml.xmlsec.config.GlobalAlgorithmRegistryInitializer - Registering AlgorithmDescriptor of type 'Signature' with URI 'http://www.w3.org/2001/04/xmldsig-more#rsa-ripemd160': org.opensaml.xmlsec.algorithm.descriptors.SignatureRSARIPEMD160
14:58:12.523 [Test worker] DEBUG org.opensaml.xmlsec.algorithm.AlgorithmRegistry - Registering algorithm descriptor with URI: http://www.w3.org/2001/04/xmldsig-more#rsa-ripemd160
14:58:12.523 [Test worker] DEBUG org.opensaml.xmlsec.algorithm.AlgorithmRegistry - AlgorithmDescriptor failed runtime support check: http://www.w3.org/2001/04/xmldsig-more#rsa-ripemd160
java.security.NoSuchAlgorithmException: RIPEMD160withRSA Signature not available
	at java.security.Signature.getInstance(Signature.java:229)
	at org.opensaml.xmlsec.algorithm.AlgorithmRegistry.checkRuntimeSupports(AlgorithmRegistry.java:263)
	at org.opensaml.xmlsec.algorithm.AlgorithmRegistry.index(AlgorithmRegistry.java:203)
	at org.opensaml.xmlsec.algorithm.AlgorithmRegistry.register(AlgorithmRegistry.java:138)
	at org.opensaml.xmlsec.config.GlobalAlgorithmRegistryInitializer.init(GlobalAlgorithmRegistryInitializer.java:49)
	at org.opensaml.core.config.InitializationService.initialize(InitializationService.java:56)
	at uk.gov.ida.saml.serializers.XmlObjectToBase64EncodedStringTransformerTest.setup(XmlObjectToBase64EncodedStringTransformerTest.java:23)
	at sun.reflect.NativeMethodAccessorImpl.invoke0(Native Method)
	at sun.reflect.NativeMethodAccessorImpl.invoke(NativeMethodAccessorImpl.java:62)
	at sun.reflect.DelegatingMethodAccessorImpl.invoke(DelegatingMethodAccessorImpl.java:43)
	at java.lang.reflect.Method.invoke(Method.java:498)
	at org.junit.runners.model.FrameworkMethod$1.runReflectiveCall(FrameworkMethod.java:50)
	at org.junit.internal.runners.model.ReflectiveCallable.run(ReflectiveCallable.java:12)
	at org.junit.runners.model.FrameworkMethod.invokeExplosively(FrameworkMethod.java:47)
	at org.junit.internal.runners.statements.RunBefores.evaluate(RunBefores.java:24)
	at org.junit.runners.ParentRunner.runLeaf(ParentRunner.java:325)
	at org.junit.runners.BlockJUnit4ClassRunner.runChild(BlockJUnit4ClassRunner.java:78)
	at org.junit.runners.BlockJUnit4ClassRunner.runChild(BlockJUnit4ClassRunner.java:57)
	at org.junit.runners.ParentRunner$3.run(ParentRunner.java:290)
	at org.junit.runners.ParentRunner$1.schedule(ParentRunner.java:71)
	at org.junit.runners.ParentRunner.runChildren(ParentRunner.java:288)
	at org.junit.runners.ParentRunner.access$000(ParentRunner.java:58)
	at org.junit.runners.ParentRunner$2.evaluate(ParentRunner.java:268)
	at org.junit.runners.ParentRunner.run(ParentRunner.java:363)
	at org.gradle.api.internal.tasks.testing.junit.JUnitTestClassExecuter.runTestClass(JUnitTestClassExecuter.java:114)
	at org.gradle.api.internal.tasks.testing.junit.JUnitTestClassExecuter.execute(JUnitTestClassExecuter.java:57)
	at org.gradle.api.internal.tasks.testing.junit.JUnitTestClassProcessor.processTestClass(JUnitTestClassProcessor.java:66)
	at org.gradle.api.internal.tasks.testing.SuiteTestClassProcessor.processTestClass(SuiteTestClassProcessor.java:51)
	at sun.reflect.NativeMethodAccessorImpl.invoke0(Native Method)
	at sun.reflect.NativeMethodAccessorImpl.invoke(NativeMethodAccessorImpl.java:62)
	at sun.reflect.DelegatingMethodAccessorImpl.invoke(DelegatingMethodAccessorImpl.java:43)
	at java.lang.reflect.Method.invoke(Method.java:498)
	at org.gradle.internal.dispatch.ReflectionDispatch.dispatch(ReflectionDispatch.java:35)
	at org.gradle.internal.dispatch.ReflectionDispatch.dispatch(ReflectionDispatch.java:24)
	at org.gradle.internal.dispatch.ContextClassLoaderDispatch.dispatch(ContextClassLoaderDispatch.java:32)
	at org.gradle.internal.dispatch.ProxyDispatchAdapter$DispatchingInvocationHandler.invoke(ProxyDispatchAdapter.java:93)
	at com.sun.proxy.$Proxy1.processTestClass(Unknown Source)
	at org.gradle.api.internal.tasks.testing.worker.TestWorker.processTestClass(TestWorker.java:109)
	at sun.reflect.NativeMethodAccessorImpl.invoke0(Native Method)
	at sun.reflect.NativeMethodAccessorImpl.invoke(NativeMethodAccessorImpl.java:62)
	at sun.reflect.DelegatingMethodAccessorImpl.invoke(DelegatingMethodAccessorImpl.java:43)
	at java.lang.reflect.Method.invoke(Method.java:498)
	at org.gradle.internal.dispatch.ReflectionDispatch.dispatch(ReflectionDispatch.java:35)
	at org.gradle.internal.dispatch.ReflectionDispatch.dispatch(ReflectionDispatch.java:24)
	at org.gradle.internal.remote.internal.hub.MessageHubBackedObjectConnection$DispatchWrapper.dispatch(MessageHubBackedObjectConnection.java:146)
	at org.gradle.internal.remote.internal.hub.MessageHubBackedObjectConnection$DispatchWrapper.dispatch(MessageHubBackedObjectConnection.java:128)
	at org.gradle.internal.remote.internal.hub.MessageHub$Handler.run(MessageHub.java:404)
	at org.gradle.internal.concurrent.ExecutorPolicy$CatchAndRecordFailures.onExecute(ExecutorPolicy.java:63)
	at org.gradle.internal.concurrent.StoppableExecutorImpl$1.run(StoppableExecutorImpl.java:46)
	at java.util.concurrent.ThreadPoolExecutor.runWorker(ThreadPoolExecutor.java:1149)
	at java.util.concurrent.ThreadPoolExecutor$Worker.run(ThreadPoolExecutor.java:624)
	at org.gradle.internal.concurrent.ThreadFactoryImpl$ManagedThreadRunnable.run(ThreadFactoryImpl.java:55)
	at java.lang.Thread.run(Thread.java:748)
14:58:12.523 [Test worker] INFO org.opensaml.xmlsec.algorithm.AlgorithmRegistry - Algorithm failed runtime support check, will not be usable: http://www.w3.org/2001/04/xmldsig-more#rsa-ripemd160
14:58:12.523 [Test worker] DEBUG org.opensaml.xmlsec.config.GlobalAlgorithmRegistryInitializer - Registering AlgorithmDescriptor of type 'Signature' with URI 'http://www.w3.org/2000/09/xmldsig#rsa-sha1': org.opensaml.xmlsec.algorithm.descriptors.SignatureRSASHA1
14:58:12.523 [Test worker] DEBUG org.opensaml.xmlsec.algorithm.AlgorithmRegistry - Registering algorithm descriptor with URI: http://www.w3.org/2000/09/xmldsig#rsa-sha1
14:58:12.523 [Test worker] DEBUG org.opensaml.xmlsec.config.GlobalAlgorithmRegistryInitializer - Registering AlgorithmDescriptor of type 'Signature' with URI 'http://www.w3.org/2001/04/xmldsig-more#rsa-sha224': org.opensaml.xmlsec.algorithm.descriptors.SignatureRSASHA224
14:58:12.523 [Test worker] DEBUG org.opensaml.xmlsec.algorithm.AlgorithmRegistry - Registering algorithm descriptor with URI: http://www.w3.org/2001/04/xmldsig-more#rsa-sha224
14:58:12.523 [Test worker] DEBUG org.opensaml.xmlsec.config.GlobalAlgorithmRegistryInitializer - Registering AlgorithmDescriptor of type 'Signature' with URI 'http://www.w3.org/2001/04/xmldsig-more#rsa-sha256': org.opensaml.xmlsec.algorithm.descriptors.SignatureRSASHA256
14:58:12.523 [Test worker] DEBUG org.opensaml.xmlsec.algorithm.AlgorithmRegistry - Registering algorithm descriptor with URI: http://www.w3.org/2001/04/xmldsig-more#rsa-sha256
14:58:12.523 [Test worker] DEBUG org.opensaml.xmlsec.config.GlobalAlgorithmRegistryInitializer - Registering AlgorithmDescriptor of type 'Signature' with URI 'http://www.w3.org/2001/04/xmldsig-more#rsa-sha384': org.opensaml.xmlsec.algorithm.descriptors.SignatureRSASHA384
14:58:12.523 [Test worker] DEBUG org.opensaml.xmlsec.algorithm.AlgorithmRegistry - Registering algorithm descriptor with URI: http://www.w3.org/2001/04/xmldsig-more#rsa-sha384
14:58:12.523 [Test worker] DEBUG org.opensaml.xmlsec.config.GlobalAlgorithmRegistryInitializer - Registering AlgorithmDescriptor of type 'Signature' with URI 'http://www.w3.org/2001/04/xmldsig-more#rsa-sha512': org.opensaml.xmlsec.algorithm.descriptors.SignatureRSASHA512
14:58:12.523 [Test worker] DEBUG org.opensaml.xmlsec.algorithm.AlgorithmRegistry - Registering algorithm descriptor with URI: http://www.w3.org/2001/04/xmldsig-more#rsa-sha512
14:58:12.523 [Test worker] DEBUG org.opensaml.xmlsec.config.GlobalAlgorithmRegistryInitializer - Registering AlgorithmDescriptor of type 'SymmetricKeyWrap' with URI 'http://www.w3.org/2001/04/xmlenc#kw-aes128': org.opensaml.xmlsec.algorithm.descriptors.SymmetricKeyWrapAES128
14:58:12.524 [Test worker] DEBUG org.opensaml.xmlsec.algorithm.AlgorithmRegistry - Registering algorithm descriptor with URI: http://www.w3.org/2001/04/xmlenc#kw-aes128
14:58:12.524 [Test worker] DEBUG org.opensaml.xmlsec.config.GlobalAlgorithmRegistryInitializer - Registering AlgorithmDescriptor of type 'SymmetricKeyWrap' with URI 'http://www.w3.org/2001/04/xmlenc#kw-aes192': org.opensaml.xmlsec.algorithm.descriptors.SymmetricKeyWrapAES192
14:58:12.524 [Test worker] DEBUG org.opensaml.xmlsec.algorithm.AlgorithmRegistry - Registering algorithm descriptor with URI: http://www.w3.org/2001/04/xmlenc#kw-aes192
14:58:12.524 [Test worker] DEBUG org.opensaml.xmlsec.config.GlobalAlgorithmRegistryInitializer - Registering AlgorithmDescriptor of type 'SymmetricKeyWrap' with URI 'http://www.w3.org/2001/04/xmlenc#kw-aes256': org.opensaml.xmlsec.algorithm.descriptors.SymmetricKeyWrapAES256
14:58:12.524 [Test worker] DEBUG org.opensaml.xmlsec.algorithm.AlgorithmRegistry - Registering algorithm descriptor with URI: http://www.w3.org/2001/04/xmlenc#kw-aes256
14:58:12.524 [Test worker] DEBUG org.opensaml.xmlsec.config.GlobalAlgorithmRegistryInitializer - Registering AlgorithmDescriptor of type 'SymmetricKeyWrap' with URI 'http://www.w3.org/2001/04/xmlenc#kw-tripledes': org.opensaml.xmlsec.algorithm.descriptors.SymmetricKeyWrapDESede
14:58:12.524 [Test worker] DEBUG org.opensaml.xmlsec.algorithm.AlgorithmRegistry - Registering algorithm descriptor with URI: http://www.w3.org/2001/04/xmlenc#kw-tripledes
14:58:12.524 [Test worker] DEBUG org.opensaml.core.config.InitializationService - Initializing module initializer implementation: org.opensaml.security.config.ClientTLSValidationConfiguratonInitializer
14:58:12.524 [Test worker] DEBUG org.opensaml.core.config.InitializationService - Initializing module initializer implementation: org.opensaml.core.xml.config.XMLObjectProviderInitializer
14:58:12.526 [Test worker] DEBUG org.opensaml.core.xml.config.AbstractXMLObjectProviderInitializer - Loading XMLObject provider configuration from resource 'default-config.xml'
14:58:12.527 [Test worker] DEBUG org.opensaml.core.xml.config.XMLConfigurator - Loading configuration from XML Document
14:58:12.527 [Test worker] DEBUG org.opensaml.core.xml.config.XMLConfigurator - Schema validating configuration Document
14:58:12.527 [Test worker] DEBUG org.opensaml.core.xml.config.XMLConfigurator - Configuration document validated
14:58:12.527 [Test worker] DEBUG org.opensaml.core.xml.config.XMLConfigurator - Preparing to load ObjectProviders
14:58:12.527 [Test worker] DEBUG org.opensaml.core.xml.config.XMLConfigurator - Initializing object provider {http://www.opensaml.org/xmltooling-config}DEFAULT
14:58:12.528 [Test worker] DEBUG org.opensaml.core.xml.config.XMLObjectProviderRegistry - Registering new builder, marshaller, and unmarshaller for {http://www.opensaml.org/xmltooling-config}DEFAULT
14:58:12.528 [Test worker] DEBUG org.opensaml.core.xml.XMLObjectBuilderFactory - Registering builder org.opensaml.core.xml.schema.impl.XSAnyBuilder under key {http://www.opensaml.org/xmltooling-config}DEFAULT
14:58:12.528 [Test worker] DEBUG org.opensaml.core.xml.io.MarshallerFactory - Registering marshaller, org.opensaml.core.xml.schema.impl.XSAnyMarshaller, for object type {http://www.opensaml.org/xmltooling-config}DEFAULT
14:58:12.528 [Test worker] DEBUG org.opensaml.core.xml.io.UnmarshallerFactory - Registering unmarshaller, org.opensaml.core.xml.schema.impl.XSAnyUnmarshaller, for object type, {http://www.opensaml.org/xmltooling-config}DEFAULT
14:58:12.528 [Test worker] DEBUG org.opensaml.core.xml.config.XMLConfigurator - {http://www.opensaml.org/xmltooling-config}DEFAULT intialized and configuration cached
14:58:12.528 [Test worker] DEBUG org.opensaml.core.xml.config.XMLConfigurator - ObjectProviders load complete
14:58:12.528 [Test worker] DEBUG org.opensaml.core.xml.config.AbstractXMLObjectProviderInitializer - Loading XMLObject provider configuration from resource 'schema-config.xml'
14:58:12.528 [Test worker] DEBUG org.opensaml.core.xml.config.XMLConfigurator - Loading configuration from XML Document
14:58:12.528 [Test worker] DEBUG org.opensaml.core.xml.config.XMLConfigurator - Schema validating configuration Document
14:58:12.529 [Test worker] DEBUG org.opensaml.core.xml.config.XMLConfigurator - Configuration document validated
14:58:12.529 [Test worker] DEBUG org.opensaml.core.xml.config.XMLConfigurator - Preparing to load ObjectProviders
14:58:12.529 [Test worker] DEBUG org.opensaml.core.xml.config.XMLConfigurator - Initializing object provider {http://www.w3.org/2001/XMLSchema}anyType
14:58:12.529 [Test worker] DEBUG org.opensaml.core.xml.config.XMLObjectProviderRegistry - Registering new builder, marshaller, and unmarshaller for {http://www.w3.org/2001/XMLSchema}anyType
14:58:12.529 [Test worker] DEBUG org.opensaml.core.xml.XMLObjectBuilderFactory - Registering builder org.opensaml.core.xml.schema.impl.XSAnyBuilder under key {http://www.w3.org/2001/XMLSchema}anyType
14:58:12.529 [Test worker] DEBUG org.opensaml.core.xml.io.MarshallerFactory - Registering marshaller, org.opensaml.core.xml.schema.impl.XSAnyMarshaller, for object type {http://www.w3.org/2001/XMLSchema}anyType
14:58:12.529 [Test worker] DEBUG org.opensaml.core.xml.io.UnmarshallerFactory - Registering unmarshaller, org.opensaml.core.xml.schema.impl.XSAnyUnmarshaller, for object type, {http://www.w3.org/2001/XMLSchema}anyType
14:58:12.529 [Test worker] DEBUG org.opensaml.core.xml.config.XMLConfigurator - {http://www.w3.org/2001/XMLSchema}anyType intialized and configuration cached
14:58:12.529 [Test worker] DEBUG org.opensaml.core.xml.config.XMLConfigurator - Initializing object provider {http://www.w3.org/2001/XMLSchema}string
14:58:12.529 [Test worker] DEBUG org.opensaml.core.xml.config.XMLObjectProviderRegistry - Registering new builder, marshaller, and unmarshaller for {http://www.w3.org/2001/XMLSchema}string
14:58:12.529 [Test worker] DEBUG org.opensaml.core.xml.XMLObjectBuilderFactory - Registering builder org.opensaml.core.xml.schema.impl.XSStringBuilder under key {http://www.w3.org/2001/XMLSchema}string
14:58:12.529 [Test worker] DEBUG org.opensaml.core.xml.io.MarshallerFactory - Registering marshaller, org.opensaml.core.xml.schema.impl.XSStringMarshaller, for object type {http://www.w3.org/2001/XMLSchema}string
14:58:12.529 [Test worker] DEBUG org.opensaml.core.xml.io.UnmarshallerFactory - Registering unmarshaller, org.opensaml.core.xml.schema.impl.XSStringUnmarshaller, for object type, {http://www.w3.org/2001/XMLSchema}string
14:58:12.529 [Test worker] DEBUG org.opensaml.core.xml.config.XMLConfigurator - {http://www.w3.org/2001/XMLSchema}string intialized and configuration cached
14:58:12.529 [Test worker] DEBUG org.opensaml.core.xml.config.XMLConfigurator - Initializing object provider {http://www.w3.org/2001/XMLSchema}dateTime
14:58:12.529 [Test worker] DEBUG org.opensaml.core.xml.config.XMLObjectProviderRegistry - Registering new builder, marshaller, and unmarshaller for {http://www.w3.org/2001/XMLSchema}dateTime
14:58:12.529 [Test worker] DEBUG org.opensaml.core.xml.XMLObjectBuilderFactory - Registering builder org.opensaml.core.xml.schema.impl.XSDateTimeBuilder under key {http://www.w3.org/2001/XMLSchema}dateTime
14:58:12.529 [Test worker] DEBUG org.opensaml.core.xml.io.MarshallerFactory - Registering marshaller, org.opensaml.core.xml.schema.impl.XSDateTimeMarshaller, for object type {http://www.w3.org/2001/XMLSchema}dateTime
14:58:12.529 [Test worker] DEBUG org.opensaml.core.xml.io.UnmarshallerFactory - Registering unmarshaller, org.opensaml.core.xml.schema.impl.XSDateTimeUnmarshaller, for object type, {http://www.w3.org/2001/XMLSchema}dateTime
14:58:12.529 [Test worker] DEBUG org.opensaml.core.xml.config.XMLConfigurator - {http://www.w3.org/2001/XMLSchema}dateTime intialized and configuration cached
14:58:12.529 [Test worker] DEBUG org.opensaml.core.xml.config.XMLConfigurator - Initializing object provider {http://www.w3.org/2001/XMLSchema}QName
14:58:12.529 [Test worker] DEBUG org.opensaml.core.xml.config.XMLObjectProviderRegistry - Registering new builder, marshaller, and unmarshaller for {http://www.w3.org/2001/XMLSchema}QName
14:58:12.529 [Test worker] DEBUG org.opensaml.core.xml.XMLObjectBuilderFactory - Registering builder org.opensaml.core.xml.schema.impl.XSQNameBuilder under key {http://www.w3.org/2001/XMLSchema}QName
14:58:12.529 [Test worker] DEBUG org.opensaml.core.xml.io.MarshallerFactory - Registering marshaller, org.opensaml.core.xml.schema.impl.XSQNameMarshaller, for object type {http://www.w3.org/2001/XMLSchema}QName
14:58:12.529 [Test worker] DEBUG org.opensaml.core.xml.io.UnmarshallerFactory - Registering unmarshaller, org.opensaml.core.xml.schema.impl.XSQNameUnmarshaller, for object type, {http://www.w3.org/2001/XMLSchema}QName
14:58:12.529 [Test worker] DEBUG org.opensaml.core.xml.config.XMLConfigurator - {http://www.w3.org/2001/XMLSchema}QName intialized and configuration cached
14:58:12.529 [Test worker] DEBUG org.opensaml.core.xml.config.XMLConfigurator - Initializing object provider {http://www.w3.org/2001/XMLSchema}base64Binary
14:58:12.529 [Test worker] DEBUG org.opensaml.core.xml.config.XMLObjectProviderRegistry - Registering new builder, marshaller, and unmarshaller for {http://www.w3.org/2001/XMLSchema}base64Binary
14:58:12.529 [Test worker] DEBUG org.opensaml.core.xml.XMLObjectBuilderFactory - Registering builder org.opensaml.core.xml.schema.impl.XSBase64BinaryBuilder under key {http://www.w3.org/2001/XMLSchema}base64Binary
14:58:12.529 [Test worker] DEBUG org.opensaml.core.xml.io.MarshallerFactory - Registering marshaller, org.opensaml.core.xml.schema.impl.XSBase64BinaryMarshaller, for object type {http://www.w3.org/2001/XMLSchema}base64Binary
14:58:12.529 [Test worker] DEBUG org.opensaml.core.xml.io.UnmarshallerFactory - Registering unmarshaller, org.opensaml.core.xml.schema.impl.XSBase64BinaryUnmarshaller, for object type, {http://www.w3.org/2001/XMLSchema}base64Binary
14:58:12.529 [Test worker] DEBUG org.opensaml.core.xml.config.XMLConfigurator - {http://www.w3.org/2001/XMLSchema}base64Binary intialized and configuration cached
14:58:12.529 [Test worker] DEBUG org.opensaml.core.xml.config.XMLConfigurator - Initializing object provider {http://www.w3.org/2001/XMLSchema}integer
14:58:12.529 [Test worker] DEBUG org.opensaml.core.xml.config.XMLObjectProviderRegistry - Registering new builder, marshaller, and unmarshaller for {http://www.w3.org/2001/XMLSchema}integer
14:58:12.529 [Test worker] DEBUG org.opensaml.core.xml.XMLObjectBuilderFactory - Registering builder org.opensaml.core.xml.schema.impl.XSIntegerBuilder under key {http://www.w3.org/2001/XMLSchema}integer
14:58:12.529 [Test worker] DEBUG org.opensaml.core.xml.io.MarshallerFactory - Registering marshaller, org.opensaml.core.xml.schema.impl.XSIntegerMarshaller, for object type {http://www.w3.org/2001/XMLSchema}integer
14:58:12.529 [Test worker] DEBUG org.opensaml.core.xml.io.UnmarshallerFactory - Registering unmarshaller, org.opensaml.core.xml.schema.impl.XSIntegerUnmarshaller, for object type, {http://www.w3.org/2001/XMLSchema}integer
14:58:12.529 [Test worker] DEBUG org.opensaml.core.xml.config.XMLConfigurator - {http://www.w3.org/2001/XMLSchema}integer intialized and configuration cached
14:58:12.529 [Test worker] DEBUG org.opensaml.core.xml.config.XMLConfigurator - Initializing object provider {http://www.w3.org/2001/XMLSchema}anyURI
14:58:12.529 [Test worker] DEBUG org.opensaml.core.xml.config.XMLObjectProviderRegistry - Registering new builder, marshaller, and unmarshaller for {http://www.w3.org/2001/XMLSchema}anyURI
14:58:12.529 [Test worker] DEBUG org.opensaml.core.xml.XMLObjectBuilderFactory - Registering builder org.opensaml.core.xml.schema.impl.XSURIBuilder under key {http://www.w3.org/2001/XMLSchema}anyURI
14:58:12.529 [Test worker] DEBUG org.opensaml.core.xml.io.MarshallerFactory - Registering marshaller, org.opensaml.core.xml.schema.impl.XSURIMarshaller, for object type {http://www.w3.org/2001/XMLSchema}anyURI
14:58:12.529 [Test worker] DEBUG org.opensaml.core.xml.io.UnmarshallerFactory - Registering unmarshaller, org.opensaml.core.xml.schema.impl.XSURIUnmarshaller, for object type, {http://www.w3.org/2001/XMLSchema}anyURI
14:58:12.530 [Test worker] DEBUG org.opensaml.core.xml.config.XMLConfigurator - {http://www.w3.org/2001/XMLSchema}anyURI intialized and configuration cached
14:58:12.530 [Test worker] DEBUG org.opensaml.core.xml.config.XMLConfigurator - Initializing object provider {http://www.w3.org/2001/XMLSchema}boolean
14:58:12.530 [Test worker] DEBUG org.opensaml.core.xml.config.XMLObjectProviderRegistry - Registering new builder, marshaller, and unmarshaller for {http://www.w3.org/2001/XMLSchema}boolean
14:58:12.530 [Test worker] DEBUG org.opensaml.core.xml.XMLObjectBuilderFactory - Registering builder org.opensaml.core.xml.schema.impl.XSBooleanBuilder under key {http://www.w3.org/2001/XMLSchema}boolean
14:58:12.530 [Test worker] DEBUG org.opensaml.core.xml.io.MarshallerFactory - Registering marshaller, org.opensaml.core.xml.schema.impl.XSBooleanMarshaller, for object type {http://www.w3.org/2001/XMLSchema}boolean
14:58:12.530 [Test worker] DEBUG org.opensaml.core.xml.io.UnmarshallerFactory - Registering unmarshaller, org.opensaml.core.xml.schema.impl.XSBooleanUnmarshaller, for object type, {http://www.w3.org/2001/XMLSchema}boolean
14:58:12.530 [Test worker] DEBUG org.opensaml.core.xml.config.XMLConfigurator - {http://www.w3.org/2001/XMLSchema}boolean intialized and configuration cached
14:58:12.530 [Test worker] DEBUG org.opensaml.core.xml.config.XMLConfigurator - ObjectProviders load complete
14:58:12.530 [Test worker] DEBUG org.opensaml.core.config.InitializationService - Initializing module initializer implementation: org.opensaml.core.xml.config.GlobalParserPoolInitializer
14:58:12.532 [Test worker] DEBUG org.opensaml.core.config.InitializationService - Initializing module initializer implementation: org.opensaml.core.metrics.impl.MetricRegistryInitializer
14:58:12.534 [Test worker] DEBUG org.opensaml.core.xml.util.XMLObjectSupport - Marshalling XMLObject
]]></system-out>
  <system-err><![CDATA[]]></system-err>
</testsuite>
