<?xml version="1.0" encoding="UTF-8"?>
<testsuite name="uk.gov.ida.saml.hub.factories.EidasAttributeFactoryTest" tests="6" skipped="0" failures="0" errors="0" timestamp="2018-04-03T13:58:18" hostname="gds8080.local" time="0.004">
  <properties/>
  <testcase name="createFamilyName" classname="uk.gov.ida.saml.hub.factories.EidasAttributeFactoryTest" time="0.001"/>
  <testcase name="createPersonIdentifier" classname="uk.gov.ida.saml.hub.factories.EidasAttributeFactoryTest" time="0.001"/>
  <testcase name="createCurrentAddress" classname="uk.gov.ida.saml.hub.factories.EidasAttributeFactoryTest" time="0.0"/>
  <testcase name="createDateOfBirth" classname="uk.gov.ida.saml.hub.factories.EidasAttributeFactoryTest" time="0.0"/>
  <testcase name="createFirstNameAttribute" classname="uk.gov.ida.saml.hub.factories.EidasAttributeFactoryTest" time="0.001"/>
  <testcase name="createGender" classname="uk.gov.ida.saml.hub.factories.EidasAttributeFactoryTest" time="0.0"/>
  <system-out><![CDATA[]]></system-out>
  <system-err><![CDATA[]]></system-err>
</testsuite>
