<?xml version="1.0" encoding="UTF-8"?>
<testsuite name="uk.gov.ida.saml.core.transformers.outbound.IdaResponseToSamlResponseTransformerTest" tests="5" skipped="0" failures="0" errors="0" timestamp="2018-04-03T13:58:18" hostname="gds8080.local" time="0.007">
  <properties/>
  <testcase name="transform_shouldTransformResponseId" classname="uk.gov.ida.saml.core.transformers.outbound.IdaResponseToSamlResponseTransformerTest" time="0.006"/>
  <testcase name="transform_shouldNotTransformInResponseToIfMissing" classname="uk.gov.ida.saml.core.transformers.outbound.IdaResponseToSamlResponseTransformerTest" time="0.0"/>
  <testcase name="transform_shouldTransformIssuer" classname="uk.gov.ida.saml.core.transformers.outbound.IdaResponseToSamlResponseTransformerTest" time="0.0"/>
  <testcase name="transform_shouldTransformIssueInstant" classname="uk.gov.ida.saml.core.transformers.outbound.IdaResponseToSamlResponseTransformerTest" time="0.001"/>
  <testcase name="transform_shouldTransformInResponseToIfPresent" classname="uk.gov.ida.saml.core.transformers.outbound.IdaResponseToSamlResponseTransformerTest" time="0.0"/>
  <system-out><![CDATA[]]></system-out>
  <system-err><![CDATA[]]></system-err>
</testsuite>
