<?xml version="1.0" encoding="UTF-8"?>
<testsuite name="uk.gov.ida.saml.hub.factories.AttributeFactory_1_1Test" tests="18" skipped="0" failures="0" errors="0" timestamp="2018-04-03T13:58:18" hostname="gds8080.local" time="0.01">
  <properties/>
  <testcase name="createGpg45StatusAttribute_shouldSetUpTheAttribute" classname="uk.gov.ida.saml.hub.factories.AttributeFactory_1_1Test" time="0.001"/>
  <testcase name="createDateOfBirthAttribute_shouldSetUpTheAttribute" classname="uk.gov.ida.saml.hub.factories.AttributeFactory_1_1Test" time="0.001"/>
  <testcase name="createCurrentAddressAttribute_shouldHandleMissingUPRN" classname="uk.gov.ida.saml.hub.factories.AttributeFactory_1_1Test" time="0.001"/>
  <testcase name="createIdpFraudEventIdAttribute_shouldSetUpTheAttribute" classname="uk.gov.ida.saml.hub.factories.AttributeFactory_1_1Test" time="0.0"/>
  <testcase name="createPreviousAddressAttribute_shouldSetUpTheAttribute" classname="uk.gov.ida.saml.hub.factories.AttributeFactory_1_1Test" time="0.001"/>
  <testcase name="createMiddlenameAttribute_shouldSetUpTheAttribute" classname="uk.gov.ida.saml.hub.factories.AttributeFactory_1_1Test" time="0.0"/>
  <testcase name="createCurrentAddressAttribute_shouldHandleMissingInternationalPostCode" classname="uk.gov.ida.saml.hub.factories.AttributeFactory_1_1Test" time="0.001"/>
  <testcase name="createGenderAttribute_shouldSetUpTheAttribute" classname="uk.gov.ida.saml.hub.factories.AttributeFactory_1_1Test" time="0.0"/>
  <testcase name="createIpAddressAttribute_shouldSetUpTheAttribute" classname="uk.gov.ida.saml.hub.factories.AttributeFactory_1_1Test" time="0.0"/>
  <testcase name="createCurrentAddressAttribute_shouldHandleMissingToDate" classname="uk.gov.ida.saml.hub.factories.AttributeFactory_1_1Test" time="0.001"/>
  <testcase name="createPreviousAddressAttribute_shouldHandleMultipleValues" classname="uk.gov.ida.saml.hub.factories.AttributeFactory_1_1Test" time="0.0"/>
  <testcase name="createPreviousAddressAttribute_shouldHandleMissingToDate" classname="uk.gov.ida.saml.hub.factories.AttributeFactory_1_1Test" time="0.0"/>
  <testcase name="createCycle3Attribute_shouldSetUpTheAttribute" classname="uk.gov.ida.saml.hub.factories.AttributeFactory_1_1Test" time="0.001"/>
  <testcase name="createFirstNameAttribute_shouldHandleMultipleValues" classname="uk.gov.ida.saml.hub.factories.AttributeFactory_1_1Test" time="0.001"/>
  <testcase name="createFirstNameAttribute_shouldSetUpTheAttribute" classname="uk.gov.ida.saml.hub.factories.AttributeFactory_1_1Test" time="0.0"/>
  <testcase name="createSurnameAttribute_shouldSetUpTheAttribute" classname="uk.gov.ida.saml.hub.factories.AttributeFactory_1_1Test" time="0.0"/>
  <testcase name="createCurrentAddressAttribute_shouldHandleMissingPostCode" classname="uk.gov.ida.saml.hub.factories.AttributeFactory_1_1Test" time="0.0"/>
  <testcase name="createCurrentAddressAttribute_shouldSetUpTheAttribute" classname="uk.gov.ida.saml.hub.factories.AttributeFactory_1_1Test" time="0.0"/>
  <system-out><![CDATA[]]></system-out>
  <system-err><![CDATA[]]></system-err>
</testsuite>
