<?xml version="1.0" encoding="UTF-8"?>
<testsuite name="uk.gov.ida.saml.core.transformers.outbound.decorators.ResponseSignatureCreatorTest" tests="2" skipped="0" failures="0" errors="0" timestamp="2018-04-03T13:58:18" hostname="gds8080.local" time="0.025">
  <properties/>
  <testcase name="decorate_shouldGetSignatureAndAssignIt" classname="uk.gov.ida.saml.core.transformers.outbound.decorators.ResponseSignatureCreatorTest" time="0.018"/>
  <testcase name="decorate_shouldAssignSignatureToResponse" classname="uk.gov.ida.saml.core.transformers.outbound.decorators.ResponseSignatureCreatorTest" time="0.007"/>
  <system-out><![CDATA[]]></system-out>
  <system-err><![CDATA[]]></system-err>
</testsuite>
