<?xml version="1.0" encoding="UTF-8"?>
<testsuite name="uk.gov.ida.saml.core.transformers.AuthnContextFactoryTest" tests="4" skipped="0" failures="0" errors="0" timestamp="2018-04-03T13:58:18" hostname="gds8080.local" time="0.003">
  <properties/>
  <testcase name="transform_shouldCorrectlyTransformValidValues" classname="uk.gov.ida.saml.core.transformers.AuthnContextFactoryTest" time="0.002"/>
  <testcase name="shouldBeAbleToMapFromEidasToLoA" classname="uk.gov.ida.saml.core.transformers.AuthnContextFactoryTest" time="0.0"/>
  <testcase name="shouldThrowExceptionWhenMappingInvalidEidasToLoA" classname="uk.gov.ida.saml.core.transformers.AuthnContextFactoryTest" time="0.001"/>
  <testcase name="transform_shouldThrowExceptionIfInvalidValue" classname="uk.gov.ida.saml.core.transformers.AuthnContextFactoryTest" time="0.0"/>
  <system-out><![CDATA[]]></system-out>
  <system-err><![CDATA[]]></system-err>
</testsuite>
