<?xml version="1.0" encoding="UTF-8"?>
<testsuite name="uk.gov.ida.saml.core.transformers.IdentityProviderAssertionUnmarshallerTest" tests="4" skipped="0" failures="0" errors="0" timestamp="2018-04-03T13:58:18" hostname="gds8080.local" time="0.178">
  <properties/>
  <testcase name="transform_shouldDelegateAuthnStatementTransformationWhenAssertionContainsAuthnStatement" classname="uk.gov.ida.saml.core.transformers.IdentityProviderAssertionUnmarshallerTest" time="0.122"/>
  <testcase name="transform_shouldTransformSubjectConfirmationData" classname="uk.gov.ida.saml.core.transformers.IdentityProviderAssertionUnmarshallerTest" time="0.017"/>
  <testcase name="transform_shouldTransformResponseWhenNoMatchingDatasetIsPresent" classname="uk.gov.ida.saml.core.transformers.IdentityProviderAssertionUnmarshallerTest" time="0.013"/>
  <testcase name="transform_shouldDelegateMatchingDatasetTransformationWhenAssertionContainsMatchingDataset" classname="uk.gov.ida.saml.core.transformers.IdentityProviderAssertionUnmarshallerTest" time="0.025"/>
  <system-out><![CDATA[14:58:18.397 [Test worker] DEBUG org.opensaml.saml.common.SAMLObjectSupport - Examining signed object for content references with exclusive canonicalization transform
14:58:18.397 [Test worker] DEBUG org.opensaml.saml.common.SAMLObjectSupport - Saw exclusive transform, declaring non-visible namespaces on signed object
14:58:18.405 [Test worker] DEBUG org.opensaml.xmlsec.signature.impl.SignatureMarshaller - Starting to marshall {http://www.w3.org/2000/09/xmldsig#}Signature
14:58:18.405 [Test worker] DEBUG org.opensaml.xmlsec.signature.impl.SignatureMarshaller - Creating XMLSignature object
14:58:18.410 [Test worker] DEBUG org.apache.xml.security.algorithms.SignatureAlgorithm - Create URI "http://www.w3.org/2001/04/xmldsig-more#rsa-sha256" class "class org.apache.xml.security.algorithms.implementations.SignatureBaseRSA$SignatureRSASHA256"
14:58:18.410 [Test worker] DEBUG org.apache.xml.security.algorithms.JCEMapper - Request for URI http://www.w3.org/2001/04/xmldsig-more#rsa-sha256
14:58:18.410 [Test worker] DEBUG org.apache.xml.security.algorithms.implementations.SignatureBaseRSA - Created SignatureRSA using SHA256withRSA
14:58:18.410 [Test worker] DEBUG org.opensaml.xmlsec.signature.impl.SignatureMarshaller - Adding content to XMLSignature.
14:58:18.411 [Test worker] DEBUG org.apache.xml.security.transforms.Transforms - Transforms.addTransform(http://www.w3.org/2000/09/xmldsig#enveloped-signature)
14:58:18.411 [Test worker] DEBUG org.apache.xml.security.transforms.Transform - Create URI "http://www.w3.org/2000/09/xmldsig#enveloped-signature" class "class org.apache.xml.security.transforms.implementations.TransformEnvelopedSignature"
14:58:18.411 [Test worker] DEBUG org.apache.xml.security.transforms.Transform - The NodeList is null
14:58:18.411 [Test worker] DEBUG org.apache.xml.security.transforms.Transforms - Transforms.addTransform(http://www.w3.org/2000/09/xmldsig#enveloped-signature)
14:58:18.411 [Test worker] DEBUG org.apache.xml.security.transforms.Transforms - Transforms.addTransform(http://www.w3.org/2001/10/xml-exc-c14n#)
14:58:18.411 [Test worker] DEBUG org.apache.xml.security.transforms.Transform - Create URI "http://www.w3.org/2001/10/xml-exc-c14n#" class "class org.apache.xml.security.transforms.implementations.TransformC14NExclusive"
14:58:18.411 [Test worker] DEBUG org.apache.xml.security.transforms.Transform - The NodeList is null
14:58:18.411 [Test worker] DEBUG org.apache.xml.security.transforms.Transforms - Transforms.addTransform(http://www.w3.org/2001/10/xml-exc-c14n#)
14:58:18.412 [Test worker] DEBUG org.apache.xml.security.utils.ElementProxy - setElement("ds:Transform", "null")
14:58:18.412 [Test worker] DEBUG org.opensaml.saml.common.SAMLObjectContentReference - Adding list of inclusive namespaces for signature exclusive canonicalization transform
14:58:18.414 [Test worker] DEBUG org.opensaml.xmlsec.signature.impl.SignatureMarshaller - Creating Signature DOM element
14:58:18.418 [Test worker] DEBUG org.opensaml.xmlsec.signature.support.Signer - Using a signer of implemenation: org.opensaml.xmlsec.signature.support.provider.ApacheSantuarioSignerProviderImpl
14:58:18.418 [Test worker] DEBUG org.opensaml.xmlsec.signature.support.provider.ApacheSantuarioSignerProviderImpl - Computing signature over XMLSignature object
14:58:18.419 [Test worker] DEBUG org.apache.xml.security.algorithms.JCEMapper - Request for URI http://www.w3.org/2001/04/xmlenc#sha256
14:58:18.419 [Test worker] DEBUG org.apache.xml.security.utils.resolver.ResourceResolver - I was asked to create a ResourceResolver and got 0
14:58:18.420 [Test worker] DEBUG org.apache.xml.security.utils.resolver.ResourceResolver - check resolvability by class org.apache.xml.security.utils.resolver.ResourceResolver
14:58:18.420 [Test worker] DEBUG org.apache.xml.security.utils.resolver.implementations.ResolverFragment - State I can resolve reference: "#some-assertion-id"
14:58:18.420 [Test worker] DEBUG org.apache.xml.security.utils.resolver.implementations.ResolverFragment - Try to catch an Element with ID some-assertion-id and Element was [saml2:Assertion: null]
14:58:18.421 [Test worker] DEBUG org.apache.xml.security.utils.ElementProxy - setElement("ds:Transform", "null")
14:58:18.421 [Test worker] DEBUG org.apache.xml.security.transforms.Transforms - Perform the (0)th http://www.w3.org/2000/09/xmldsig#enveloped-signature transform
14:58:18.422 [Test worker] DEBUG org.apache.xml.security.utils.ElementProxy - setElement("ds:Transform", "null")
14:58:18.422 [Test worker] DEBUG org.apache.xml.security.transforms.Transforms - Perform the (1)th http://www.w3.org/2001/10/xml-exc-c14n# transform
14:58:18.422 [Test worker] DEBUG org.apache.xml.security.utils.ElementProxy - setElement("ec:InclusiveNamespaces", "null")
14:58:18.425 [Test worker] DEBUG org.apache.xml.security.utils.DigesterOutputStream - Pre-digested input:
14:58:18.426 [Test worker] DEBUG org.apache.xml.security.utils.DigesterOutputStream - <saml2:Assertion xmlns:ida="http://www.cabinetoffice.gov.uk/resource-library/ida/attributes" xmlns:saml2="urn:oasis:names:tc:SAML:2.0:assertion" xmlns:xsi="http://www.w3.org/2001/XMLSchema-instance" ID="some-assertion-id" IssueInstant="2018-04-03T13:58:18.392Z" Version="2.0" xsi:type="saml2:AssertionType"><saml2:Issuer>a-test-entity</saml2:Issuer><saml2:Subject xsi:type="saml2:SubjectType"><saml2:NameID Format="urn:oasis:names:tc:SAML:2.0:nameid-format:persistent">default-pid</saml2:NameID><saml2:SubjectConfirmation Method="urn:oasis:names:tc:SAML:2.0:cm:bearer" xsi:type="saml2:SubjectConfirmationType"><saml2:SubjectConfirmationData InResponseTo="default-request-id" NotOnOrAfter="2018-04-03T14:13:18.351Z" Recipient="https://signin.service.gov.uk" xsi:type="saml2:SubjectConfirmationDataType"></saml2:SubjectConfirmationData></saml2:SubjectConfirmation></saml2:Subject><saml2:Conditions xsi:type="saml2:ConditionsType"><saml2:AudienceRestriction xsi:type="saml2:AudienceRestrictionType"><saml2:Audience>https://signin.service.gov.uk</saml2:Audience></saml2:AudienceRestriction></saml2:Conditions><saml2:AttributeStatement xsi:type="saml2:AttributeStatementType"><saml2:Attribute FriendlyName="IPAddress" Name="TXN_IPaddress" xsi:type="saml2:AttributeType"><saml2:AttributeValue ida:Verified="false" xsi:type="ida:IPAddressType">1.2.3.4</saml2:AttributeValue></saml2:Attribute></saml2:AttributeStatement><saml2:AuthnStatement AuthnInstant="2018-04-03T13:58:18.393Z" xsi:type="saml2:AuthnStatementType"><saml2:AuthnContext><saml2:AuthnContextClassRef>urn:uk:gov:cabinet-office:tc:saml:authn-context:level2</saml2:AuthnContextClassRef></saml2:AuthnContext></saml2:AuthnStatement></saml2:Assertion>
14:58:18.428 [Test worker] DEBUG org.apache.xml.security.utils.SignerOutputStream - Canonicalized SignedInfo:
14:58:18.428 [Test worker] DEBUG org.apache.xml.security.utils.SignerOutputStream - <ds:SignedInfo xmlns:ds="http://www.w3.org/2000/09/xmldsig#">
<ds:CanonicalizationMethod Algorithm="http://www.w3.org/2001/10/xml-exc-c14n#"></ds:CanonicalizationMethod>
<ds:SignatureMethod Algorithm="http://www.w3.org/2001/04/xmldsig-more#rsa-sha256"></ds:SignatureMethod>
<ds:Reference URI="#some-assertion-id">
<ds:Transforms>
<ds:Transform Algorithm="http://www.w3.org/2000/09/xmldsig#enveloped-signature"></ds:Transform>
<ds:Transform Algorithm="http://www.w3.org/2001/10/xml-exc-c14n#"><ec:InclusiveNamespaces xmlns:ec="http://www.w3.org/2001/10/xml-exc-c14n#" PrefixList="ida"></ec:InclusiveNamespaces></ds:Transform>
</ds:Transforms>
<ds:DigestMethod Algorithm="http://www.w3.org/2001/04/xmlenc#sha256"></ds:DigestMethod>
<ds:DigestValue>W4KcGJbMUwTVJZQOVYe2WgcTTc0pym5yu9535lYObjI=</ds:DigestValue>
</ds:Reference>
</ds:SignedInfo>
14:58:18.465 [Test worker] DEBUG org.opensaml.saml.common.SAMLObjectSupport - Examining signed object for content references with exclusive canonicalization transform
14:58:18.465 [Test worker] DEBUG org.opensaml.saml.common.SAMLObjectSupport - Saw exclusive transform, declaring non-visible namespaces on signed object
14:58:18.466 [Test worker] DEBUG org.opensaml.xmlsec.signature.impl.SignatureMarshaller - Starting to marshall {http://www.w3.org/2000/09/xmldsig#}Signature
14:58:18.466 [Test worker] DEBUG org.opensaml.xmlsec.signature.impl.SignatureMarshaller - Creating XMLSignature object
14:58:18.466 [Test worker] DEBUG org.apache.xml.security.algorithms.SignatureAlgorithm - Create URI "http://www.w3.org/2001/04/xmldsig-more#rsa-sha256" class "class org.apache.xml.security.algorithms.implementations.SignatureBaseRSA$SignatureRSASHA256"
14:58:18.466 [Test worker] DEBUG org.apache.xml.security.algorithms.JCEMapper - Request for URI http://www.w3.org/2001/04/xmldsig-more#rsa-sha256
14:58:18.466 [Test worker] DEBUG org.apache.xml.security.algorithms.implementations.SignatureBaseRSA - Created SignatureRSA using SHA256withRSA
14:58:18.466 [Test worker] DEBUG org.opensaml.xmlsec.signature.impl.SignatureMarshaller - Adding content to XMLSignature.
14:58:18.466 [Test worker] DEBUG org.apache.xml.security.transforms.Transforms - Transforms.addTransform(http://www.w3.org/2000/09/xmldsig#enveloped-signature)
14:58:18.466 [Test worker] DEBUG org.apache.xml.security.transforms.Transform - Create URI "http://www.w3.org/2000/09/xmldsig#enveloped-signature" class "class org.apache.xml.security.transforms.implementations.TransformEnvelopedSignature"
14:58:18.466 [Test worker] DEBUG org.apache.xml.security.transforms.Transform - The NodeList is null
14:58:18.466 [Test worker] DEBUG org.apache.xml.security.transforms.Transforms - Transforms.addTransform(http://www.w3.org/2000/09/xmldsig#enveloped-signature)
14:58:18.466 [Test worker] DEBUG org.apache.xml.security.transforms.Transforms - Transforms.addTransform(http://www.w3.org/2001/10/xml-exc-c14n#)
14:58:18.466 [Test worker] DEBUG org.apache.xml.security.transforms.Transform - Create URI "http://www.w3.org/2001/10/xml-exc-c14n#" class "class org.apache.xml.security.transforms.implementations.TransformC14NExclusive"
14:58:18.466 [Test worker] DEBUG org.apache.xml.security.transforms.Transform - The NodeList is null
14:58:18.466 [Test worker] DEBUG org.apache.xml.security.transforms.Transforms - Transforms.addTransform(http://www.w3.org/2001/10/xml-exc-c14n#)
14:58:18.466 [Test worker] DEBUG org.apache.xml.security.utils.ElementProxy - setElement("ds:Transform", "null")
14:58:18.466 [Test worker] DEBUG org.opensaml.saml.common.SAMLObjectContentReference - Adding list of inclusive namespaces for signature exclusive canonicalization transform
14:58:18.466 [Test worker] DEBUG org.opensaml.xmlsec.signature.impl.SignatureMarshaller - Creating Signature DOM element
14:58:18.467 [Test worker] DEBUG org.opensaml.xmlsec.signature.support.Signer - Using a signer of implemenation: org.opensaml.xmlsec.signature.support.provider.ApacheSantuarioSignerProviderImpl
14:58:18.467 [Test worker] DEBUG org.opensaml.xmlsec.signature.support.provider.ApacheSantuarioSignerProviderImpl - Computing signature over XMLSignature object
14:58:18.467 [Test worker] DEBUG org.apache.xml.security.algorithms.JCEMapper - Request for URI http://www.w3.org/2001/04/xmlenc#sha256
14:58:18.467 [Test worker] DEBUG org.apache.xml.security.utils.resolver.ResourceResolver - I was asked to create a ResourceResolver and got 0
14:58:18.467 [Test worker] DEBUG org.apache.xml.security.utils.resolver.ResourceResolver - check resolvability by class org.apache.xml.security.utils.resolver.ResourceResolver
14:58:18.467 [Test worker] DEBUG org.apache.xml.security.utils.resolver.implementations.ResolverFragment - State I can resolve reference: "#some-assertion-id"
14:58:18.467 [Test worker] DEBUG org.apache.xml.security.utils.resolver.implementations.ResolverFragment - Try to catch an Element with ID some-assertion-id and Element was [saml2:Assertion: null]
14:58:18.467 [Test worker] DEBUG org.apache.xml.security.utils.ElementProxy - setElement("ds:Transform", "null")
14:58:18.467 [Test worker] DEBUG org.apache.xml.security.transforms.Transforms - Perform the (0)th http://www.w3.org/2000/09/xmldsig#enveloped-signature transform
14:58:18.467 [Test worker] DEBUG org.apache.xml.security.utils.ElementProxy - setElement("ds:Transform", "null")
14:58:18.467 [Test worker] DEBUG org.apache.xml.security.transforms.Transforms - Perform the (1)th http://www.w3.org/2001/10/xml-exc-c14n# transform
14:58:18.467 [Test worker] DEBUG org.apache.xml.security.utils.DigesterOutputStream - Pre-digested input:
14:58:18.467 [Test worker] DEBUG org.apache.xml.security.utils.DigesterOutputStream - <saml2:Assertion xmlns:saml2="urn:oasis:names:tc:SAML:2.0:assertion" xmlns:xsi="http://www.w3.org/2001/XMLSchema-instance" ID="some-assertion-id" IssueInstant="2018-04-03T13:58:18.465Z" Version="2.0" xsi:type="saml2:AssertionType"><saml2:Issuer>a-test-entity</saml2:Issuer><saml2:Subject xsi:type="saml2:SubjectType"><saml2:NameID Format="urn:oasis:names:tc:SAML:2.0:nameid-format:persistent">default-pid</saml2:NameID><saml2:SubjectConfirmation Method="urn:oasis:names:tc:SAML:2.0:cm:bearer" xsi:type="saml2:SubjectConfirmationType"><saml2:SubjectConfirmationData InResponseTo="default-request-id" NotOnOrAfter="2018-04-03T14:13:18.464Z" Recipient="https://signin.service.gov.uk" xsi:type="saml2:SubjectConfirmationDataType"></saml2:SubjectConfirmationData></saml2:SubjectConfirmation></saml2:Subject><saml2:Conditions xsi:type="saml2:ConditionsType"><saml2:AudienceRestriction xsi:type="saml2:AudienceRestrictionType"><saml2:Audience>https://signin.service.gov.uk</saml2:Audience></saml2:AudienceRestriction></saml2:Conditions></saml2:Assertion>
14:58:18.468 [Test worker] DEBUG org.apache.xml.security.utils.SignerOutputStream - Canonicalized SignedInfo:
14:58:18.468 [Test worker] DEBUG org.apache.xml.security.utils.SignerOutputStream - <ds:SignedInfo xmlns:ds="http://www.w3.org/2000/09/xmldsig#">
<ds:CanonicalizationMethod Algorithm="http://www.w3.org/2001/10/xml-exc-c14n#"></ds:CanonicalizationMethod>
<ds:SignatureMethod Algorithm="http://www.w3.org/2001/04/xmldsig-more#rsa-sha256"></ds:SignatureMethod>
<ds:Reference URI="#some-assertion-id">
<ds:Transforms>
<ds:Transform Algorithm="http://www.w3.org/2000/09/xmldsig#enveloped-signature"></ds:Transform>
<ds:Transform Algorithm="http://www.w3.org/2001/10/xml-exc-c14n#"></ds:Transform>
</ds:Transforms>
<ds:DigestMethod Algorithm="http://www.w3.org/2001/04/xmlenc#sha256"></ds:DigestMethod>
<ds:DigestValue>vj22bHDZiv+mLF/IaEMOfEh5Y3ZRdpfAaewGt/Kmw6g=</ds:DigestValue>
</ds:Reference>
</ds:SignedInfo>
14:58:18.483 [Test worker] DEBUG org.opensaml.saml.common.SAMLObjectSupport - Examining signed object for content references with exclusive canonicalization transform
14:58:18.483 [Test worker] DEBUG org.opensaml.saml.common.SAMLObjectSupport - Saw exclusive transform, declaring non-visible namespaces on signed object
14:58:18.483 [Test worker] DEBUG org.opensaml.xmlsec.signature.impl.SignatureMarshaller - Starting to marshall {http://www.w3.org/2000/09/xmldsig#}Signature
14:58:18.483 [Test worker] DEBUG org.opensaml.xmlsec.signature.impl.SignatureMarshaller - Creating XMLSignature object
14:58:18.483 [Test worker] DEBUG org.apache.xml.security.algorithms.SignatureAlgorithm - Create URI "http://www.w3.org/2001/04/xmldsig-more#rsa-sha256" class "class org.apache.xml.security.algorithms.implementations.SignatureBaseRSA$SignatureRSASHA256"
14:58:18.483 [Test worker] DEBUG org.apache.xml.security.algorithms.JCEMapper - Request for URI http://www.w3.org/2001/04/xmldsig-more#rsa-sha256
14:58:18.483 [Test worker] DEBUG org.apache.xml.security.algorithms.implementations.SignatureBaseRSA - Created SignatureRSA using SHA256withRSA
14:58:18.483 [Test worker] DEBUG org.opensaml.xmlsec.signature.impl.SignatureMarshaller - Adding content to XMLSignature.
14:58:18.483 [Test worker] DEBUG org.apache.xml.security.transforms.Transforms - Transforms.addTransform(http://www.w3.org/2000/09/xmldsig#enveloped-signature)
14:58:18.483 [Test worker] DEBUG org.apache.xml.security.transforms.Transform - Create URI "http://www.w3.org/2000/09/xmldsig#enveloped-signature" class "class org.apache.xml.security.transforms.implementations.TransformEnvelopedSignature"
14:58:18.483 [Test worker] DEBUG org.apache.xml.security.transforms.Transform - The NodeList is null
14:58:18.483 [Test worker] DEBUG org.apache.xml.security.transforms.Transforms - Transforms.addTransform(http://www.w3.org/2000/09/xmldsig#enveloped-signature)
14:58:18.483 [Test worker] DEBUG org.apache.xml.security.transforms.Transforms - Transforms.addTransform(http://www.w3.org/2001/10/xml-exc-c14n#)
14:58:18.483 [Test worker] DEBUG org.apache.xml.security.transforms.Transform - Create URI "http://www.w3.org/2001/10/xml-exc-c14n#" class "class org.apache.xml.security.transforms.implementations.TransformC14NExclusive"
14:58:18.483 [Test worker] DEBUG org.apache.xml.security.transforms.Transform - The NodeList is null
14:58:18.483 [Test worker] DEBUG org.apache.xml.security.transforms.Transforms - Transforms.addTransform(http://www.w3.org/2001/10/xml-exc-c14n#)
14:58:18.483 [Test worker] DEBUG org.apache.xml.security.utils.ElementProxy - setElement("ds:Transform", "null")
14:58:18.483 [Test worker] DEBUG org.opensaml.saml.common.SAMLObjectContentReference - Adding list of inclusive namespaces for signature exclusive canonicalization transform
14:58:18.484 [Test worker] DEBUG org.opensaml.xmlsec.signature.impl.SignatureMarshaller - Creating Signature DOM element
14:58:18.484 [Test worker] DEBUG org.opensaml.xmlsec.signature.support.Signer - Using a signer of implemenation: org.opensaml.xmlsec.signature.support.provider.ApacheSantuarioSignerProviderImpl
14:58:18.484 [Test worker] DEBUG org.opensaml.xmlsec.signature.support.provider.ApacheSantuarioSignerProviderImpl - Computing signature over XMLSignature object
14:58:18.484 [Test worker] DEBUG org.apache.xml.security.algorithms.JCEMapper - Request for URI http://www.w3.org/2001/04/xmlenc#sha256
14:58:18.484 [Test worker] DEBUG org.apache.xml.security.utils.resolver.ResourceResolver - I was asked to create a ResourceResolver and got 0
14:58:18.484 [Test worker] DEBUG org.apache.xml.security.utils.resolver.ResourceResolver - check resolvability by class org.apache.xml.security.utils.resolver.ResourceResolver
14:58:18.484 [Test worker] DEBUG org.apache.xml.security.utils.resolver.implementations.ResolverFragment - State I can resolve reference: "#some-assertion-id"
14:58:18.484 [Test worker] DEBUG org.apache.xml.security.utils.resolver.implementations.ResolverFragment - Try to catch an Element with ID some-assertion-id and Element was [saml2:Assertion: null]
14:58:18.484 [Test worker] DEBUG org.apache.xml.security.utils.ElementProxy - setElement("ds:Transform", "null")
14:58:18.484 [Test worker] DEBUG org.apache.xml.security.transforms.Transforms - Perform the (0)th http://www.w3.org/2000/09/xmldsig#enveloped-signature transform
14:58:18.484 [Test worker] DEBUG org.apache.xml.security.utils.ElementProxy - setElement("ds:Transform", "null")
14:58:18.484 [Test worker] DEBUG org.apache.xml.security.transforms.Transforms - Perform the (1)th http://www.w3.org/2001/10/xml-exc-c14n# transform
14:58:18.485 [Test worker] DEBUG org.apache.xml.security.utils.DigesterOutputStream - Pre-digested input:
14:58:18.485 [Test worker] DEBUG org.apache.xml.security.utils.DigesterOutputStream - <saml2:Assertion xmlns:saml2="urn:oasis:names:tc:SAML:2.0:assertion" xmlns:xsi="http://www.w3.org/2001/XMLSchema-instance" ID="some-assertion-id" IssueInstant="2018-04-03T13:58:18.482Z" Version="2.0" xsi:type="saml2:AssertionType"><saml2:Issuer>a-test-entity</saml2:Issuer><saml2:Subject xsi:type="saml2:SubjectType"><saml2:NameID Format="urn:oasis:names:tc:SAML:2.0:nameid-format:persistent">default-pid</saml2:NameID><saml2:SubjectConfirmation Method="urn:oasis:names:tc:SAML:2.0:cm:bearer" xsi:type="saml2:SubjectConfirmationType"><saml2:SubjectConfirmationData InResponseTo="default-request-id" NotOnOrAfter="2018-04-03T14:13:18.482Z" Recipient="https://signin.service.gov.uk" xsi:type="saml2:SubjectConfirmationDataType"></saml2:SubjectConfirmationData></saml2:SubjectConfirmation></saml2:Subject><saml2:Conditions xsi:type="saml2:ConditionsType"><saml2:AudienceRestriction xsi:type="saml2:AudienceRestrictionType"><saml2:Audience>https://signin.service.gov.uk</saml2:Audience></saml2:AudienceRestriction></saml2:Conditions></saml2:Assertion>
14:58:18.485 [Test worker] DEBUG org.apache.xml.security.utils.SignerOutputStream - Canonicalized SignedInfo:
14:58:18.485 [Test worker] DEBUG org.apache.xml.security.utils.SignerOutputStream - <ds:SignedInfo xmlns:ds="http://www.w3.org/2000/09/xmldsig#">
<ds:CanonicalizationMethod Algorithm="http://www.w3.org/2001/10/xml-exc-c14n#"></ds:CanonicalizationMethod>
<ds:SignatureMethod Algorithm="http://www.w3.org/2001/04/xmldsig-more#rsa-sha256"></ds:SignatureMethod>
<ds:Reference URI="#some-assertion-id">
<ds:Transforms>
<ds:Transform Algorithm="http://www.w3.org/2000/09/xmldsig#enveloped-signature"></ds:Transform>
<ds:Transform Algorithm="http://www.w3.org/2001/10/xml-exc-c14n#"></ds:Transform>
</ds:Transforms>
<ds:DigestMethod Algorithm="http://www.w3.org/2001/04/xmlenc#sha256"></ds:DigestMethod>
<ds:DigestValue>lgVCjPPTW9Aw1OQtjOF+KvuTQT4T1M7GzCeqrdYZOTQ=</ds:DigestValue>
</ds:Reference>
</ds:SignedInfo>
14:58:18.507 [Test worker] DEBUG org.opensaml.saml.common.SAMLObjectSupport - Examining signed object for content references with exclusive canonicalization transform
14:58:18.507 [Test worker] DEBUG org.opensaml.saml.common.SAMLObjectSupport - Saw exclusive transform, declaring non-visible namespaces on signed object
14:58:18.508 [Test worker] DEBUG org.opensaml.xmlsec.signature.impl.SignatureMarshaller - Starting to marshall {http://www.w3.org/2000/09/xmldsig#}Signature
14:58:18.508 [Test worker] DEBUG org.opensaml.xmlsec.signature.impl.SignatureMarshaller - Creating XMLSignature object
14:58:18.508 [Test worker] DEBUG org.apache.xml.security.algorithms.SignatureAlgorithm - Create URI "http://www.w3.org/2001/04/xmldsig-more#rsa-sha256" class "class org.apache.xml.security.algorithms.implementations.SignatureBaseRSA$SignatureRSASHA256"
14:58:18.508 [Test worker] DEBUG org.apache.xml.security.algorithms.JCEMapper - Request for URI http://www.w3.org/2001/04/xmldsig-more#rsa-sha256
14:58:18.508 [Test worker] DEBUG org.apache.xml.security.algorithms.implementations.SignatureBaseRSA - Created SignatureRSA using SHA256withRSA
14:58:18.508 [Test worker] DEBUG org.opensaml.xmlsec.signature.impl.SignatureMarshaller - Adding content to XMLSignature.
14:58:18.508 [Test worker] DEBUG org.apache.xml.security.transforms.Transforms - Transforms.addTransform(http://www.w3.org/2000/09/xmldsig#enveloped-signature)
14:58:18.508 [Test worker] DEBUG org.apache.xml.security.transforms.Transform - Create URI "http://www.w3.org/2000/09/xmldsig#enveloped-signature" class "class org.apache.xml.security.transforms.implementations.TransformEnvelopedSignature"
14:58:18.509 [Test worker] DEBUG org.apache.xml.security.transforms.Transform - The NodeList is null
14:58:18.509 [Test worker] DEBUG org.apache.xml.security.transforms.Transforms - Transforms.addTransform(http://www.w3.org/2000/09/xmldsig#enveloped-signature)
14:58:18.509 [Test worker] DEBUG org.apache.xml.security.transforms.Transforms - Transforms.addTransform(http://www.w3.org/2001/10/xml-exc-c14n#)
14:58:18.509 [Test worker] DEBUG org.apache.xml.security.transforms.Transform - Create URI "http://www.w3.org/2001/10/xml-exc-c14n#" class "class org.apache.xml.security.transforms.implementations.TransformC14NExclusive"
14:58:18.509 [Test worker] DEBUG org.apache.xml.security.transforms.Transform - The NodeList is null
14:58:18.509 [Test worker] DEBUG org.apache.xml.security.transforms.Transforms - Transforms.addTransform(http://www.w3.org/2001/10/xml-exc-c14n#)
14:58:18.509 [Test worker] DEBUG org.apache.xml.security.utils.ElementProxy - setElement("ds:Transform", "null")
14:58:18.509 [Test worker] DEBUG org.opensaml.saml.common.SAMLObjectContentReference - Adding list of inclusive namespaces for signature exclusive canonicalization transform
14:58:18.509 [Test worker] DEBUG org.opensaml.xmlsec.signature.impl.SignatureMarshaller - Creating Signature DOM element
14:58:18.511 [Test worker] DEBUG org.opensaml.xmlsec.signature.support.Signer - Using a signer of implemenation: org.opensaml.xmlsec.signature.support.provider.ApacheSantuarioSignerProviderImpl
14:58:18.511 [Test worker] DEBUG org.opensaml.xmlsec.signature.support.provider.ApacheSantuarioSignerProviderImpl - Computing signature over XMLSignature object
14:58:18.511 [Test worker] DEBUG org.apache.xml.security.algorithms.JCEMapper - Request for URI http://www.w3.org/2001/04/xmlenc#sha256
14:58:18.511 [Test worker] DEBUG org.apache.xml.security.utils.resolver.ResourceResolver - I was asked to create a ResourceResolver and got 0
14:58:18.511 [Test worker] DEBUG org.apache.xml.security.utils.resolver.ResourceResolver - check resolvability by class org.apache.xml.security.utils.resolver.ResourceResolver
14:58:18.511 [Test worker] DEBUG org.apache.xml.security.utils.resolver.implementations.ResolverFragment - State I can resolve reference: "#some-assertion-id"
14:58:18.511 [Test worker] DEBUG org.apache.xml.security.utils.resolver.implementations.ResolverFragment - Try to catch an Element with ID some-assertion-id and Element was [saml2:Assertion: null]
14:58:18.511 [Test worker] DEBUG org.apache.xml.security.utils.ElementProxy - setElement("ds:Transform", "null")
14:58:18.511 [Test worker] DEBUG org.apache.xml.security.transforms.Transforms - Perform the (0)th http://www.w3.org/2000/09/xmldsig#enveloped-signature transform
14:58:18.511 [Test worker] DEBUG org.apache.xml.security.utils.ElementProxy - setElement("ds:Transform", "null")
14:58:18.511 [Test worker] DEBUG org.apache.xml.security.transforms.Transforms - Perform the (1)th http://www.w3.org/2001/10/xml-exc-c14n# transform
14:58:18.511 [Test worker] DEBUG org.apache.xml.security.utils.ElementProxy - setElement("ec:InclusiveNamespaces", "null")
14:58:18.513 [Test worker] DEBUG org.apache.xml.security.utils.DigesterOutputStream - Pre-digested input:
14:58:18.513 [Test worker] DEBUG org.apache.xml.security.utils.DigesterOutputStream - <saml2:Assertion xmlns:ida="http://www.cabinetoffice.gov.uk/resource-library/ida/attributes" xmlns:saml2="urn:oasis:names:tc:SAML:2.0:assertion" xmlns:xsi="http://www.w3.org/2001/XMLSchema-instance" ID="some-assertion-id" IssueInstant="2018-04-03T13:58:18.507Z" Version="2.0" xsi:type="saml2:AssertionType"><saml2:Issuer>a-test-entity</saml2:Issuer><saml2:Subject xsi:type="saml2:SubjectType"><saml2:NameID Format="urn:oasis:names:tc:SAML:2.0:nameid-format:persistent">default-pid</saml2:NameID><saml2:SubjectConfirmation Method="urn:oasis:names:tc:SAML:2.0:cm:bearer" xsi:type="saml2:SubjectConfirmationType"><saml2:SubjectConfirmationData InResponseTo="default-request-id" NotOnOrAfter="2018-04-03T14:13:18.506Z" Recipient="https://signin.service.gov.uk" xsi:type="saml2:SubjectConfirmationDataType"></saml2:SubjectConfirmationData></saml2:SubjectConfirmation></saml2:Subject><saml2:Conditions xsi:type="saml2:ConditionsType"><saml2:AudienceRestriction xsi:type="saml2:AudienceRestrictionType"><saml2:Audience>https://signin.service.gov.uk</saml2:Audience></saml2:AudienceRestriction></saml2:Conditions><saml2:AttributeStatement xsi:type="saml2:AttributeStatementType"><saml2:Attribute FriendlyName="Firstname" Name="MDS_firstname" NameFormat="urn:oasis:names:tc:SAML:2.0:attrname-format:unspecified" xsi:type="saml2:AttributeType"><saml2:AttributeValue ida:Language="en-GB" ida:To="1066-01-05" ida:Verified="false" xsi:type="ida:PersonNameType">John</saml2:AttributeValue></saml2:Attribute><saml2:Attribute FriendlyName="Middlename(s)" Name="MDS_middlename" NameFormat="urn:oasis:names:tc:SAML:2.0:attrname-format:unspecified" xsi:type="saml2:AttributeType"><saml2:AttributeValue ida:Language="en-GB" ida:Verified="false" xsi:type="ida:PersonNameType">John</saml2:AttributeValue></saml2:Attribute><saml2:Attribute FriendlyName="Surname" Name="MDS_surname" NameFormat="urn:oasis:names:tc:SAML:2.0:attrname-format:unspecified" xsi:type="saml2:AttributeType"><saml2:AttributeValue ida:Language="en-GB" ida:Verified="false" xsi:type="ida:PersonNameType">John</saml2:AttributeValue></saml2:Attribute><saml2:Attribute FriendlyName="Gender" Name="MDS_gender" NameFormat="urn:oasis:names:tc:SAML:2.0:attrname-format:unspecified" xsi:type="saml2:AttributeType"><saml2:AttributeValue ida:Verified="false" xsi:type="ida:GenderType">Male</saml2:AttributeValue></saml2:Attribute><saml2:Attribute FriendlyName="Date of Birth" Name="MDS_dateofbirth" NameFormat="urn:oasis:names:tc:SAML:2.0:attrname-format:unspecified" xsi:type="saml2:AttributeType"><saml2:AttributeValue ida:Verified="false" xsi:type="ida:DateType">1991-04-12</saml2:AttributeValue></saml2:Attribute><saml2:Attribute FriendlyName="Current Address" Name="MDS_currentaddress" NameFormat="urn:oasis:names:tc:SAML:2.0:attrname-format:unspecified" xsi:type="saml2:AttributeType"></saml2:Attribute><saml2:Attribute FriendlyName="Previous Address" Name="MDS_previousaddress" NameFormat="urn:oasis:names:tc:SAML:2.0:attrname-format:unspecified" xsi:type="saml2:AttributeType"><saml2:AttributeValue ida:Verified="false" xsi:type="ida:AddressType"><ida:PostCode>RG99 1YY</ida:PostCode><ida:InternationalPostCode>RG88 1ZZ</ida:InternationalPostCode><ida:UPRN>79347894352</ida:UPRN></saml2:AttributeValue></saml2:Attribute></saml2:AttributeStatement></saml2:Assertion>
14:58:18.513 [Test worker] DEBUG org.apache.xml.security.utils.SignerOutputStream - Canonicalized SignedInfo:
14:58:18.513 [Test worker] DEBUG org.apache.xml.security.utils.SignerOutputStream - <ds:SignedInfo xmlns:ds="http://www.w3.org/2000/09/xmldsig#">
<ds:CanonicalizationMethod Algorithm="http://www.w3.org/2001/10/xml-exc-c14n#"></ds:CanonicalizationMethod>
<ds:SignatureMethod Algorithm="http://www.w3.org/2001/04/xmldsig-more#rsa-sha256"></ds:SignatureMethod>
<ds:Reference URI="#some-assertion-id">
<ds:Transforms>
<ds:Transform Algorithm="http://www.w3.org/2000/09/xmldsig#enveloped-signature"></ds:Transform>
<ds:Transform Algorithm="http://www.w3.org/2001/10/xml-exc-c14n#"><ec:InclusiveNamespaces xmlns:ec="http://www.w3.org/2001/10/xml-exc-c14n#" PrefixList="ida"></ec:InclusiveNamespaces></ds:Transform>
</ds:Transforms>
<ds:DigestMethod Algorithm="http://www.w3.org/2001/04/xmlenc#sha256"></ds:DigestMethod>
<ds:DigestValue>j2EPWAxdmF4gK/2Y8BMebyhj/CECnf5zDcWVsIUZeoQ=</ds:DigestValue>
</ds:Reference>
</ds:SignedInfo>
]]></system-out>
  <system-err><![CDATA[]]></system-err>
</testsuite>
