<?xml version="1.0" encoding="UTF-8"?>
<testsuite name="uk.gov.ida.saml.core.transformers.outbound.OutboundAssertionToSubjectTransformerTest" tests="2" skipped="0" failures="0" errors="0" timestamp="2018-04-03T13:58:18" hostname="gds8080.local" time="0.014">
  <properties/>
  <testcase name="transform_shouldTransformPersistentId" classname="uk.gov.ida.saml.core.transformers.outbound.OutboundAssertionToSubjectTransformerTest" time="0.004"/>
  <testcase name="transform_shouldAddSubjectConfirmationData" classname="uk.gov.ida.saml.core.transformers.outbound.OutboundAssertionToSubjectTransformerTest" time="0.01"/>
  <system-out><![CDATA[]]></system-out>
  <system-err><![CDATA[]]></system-err>
</testsuite>
