<?xml version="1.0" encoding="UTF-8"?>
<testsuite name="uk.gov.ida.saml.core.transformers.outbound.decorators.SamlResponseAssertionEncrypterTest" tests="2" skipped="0" failures="0" errors="0" timestamp="2018-04-03T13:58:18" hostname="gds8080.local" time="0.028">
  <properties/>
  <testcase name="decorate_shouldWrapEncryptionAssertionInSamlExceptionWhenEncryptionFails" classname="uk.gov.ida.saml.core.transformers.outbound.decorators.SamlResponseAssertionEncrypterTest" time="0.027"/>
  <testcase name="shouldConvertAssertionIntoEncryptedAssertion" classname="uk.gov.ida.saml.core.transformers.outbound.decorators.SamlResponseAssertionEncrypterTest" time="0.001"/>
  <system-out><![CDATA[]]></system-out>
  <system-err><![CDATA[]]></system-err>
</testsuite>
