<?xml version="1.0" encoding="UTF-8"?>
<testsuite name="uk.gov.ida.saml.hub.validators.StringSizeValidatorTest" tests="3" skipped="0" failures="0" errors="0" timestamp="2018-04-03T13:58:18" hostname="gds8080.local" time="0.003">
  <properties/>
  <testcase name="shouldFailIfStringSizeIsLessThanLowerLimit" classname="uk.gov.ida.saml.hub.validators.StringSizeValidatorTest" time="0.002"/>
  <testcase name="shouldPassIfStringSizeIsBetweenLowerAndUpperLimits" classname="uk.gov.ida.saml.hub.validators.StringSizeValidatorTest" time="0.0"/>
  <testcase name="shouldFailIfStringSizeIsMoreThanUpperLimit" classname="uk.gov.ida.saml.hub.validators.StringSizeValidatorTest" time="0.001"/>
  <system-out><![CDATA[]]></system-out>
  <system-err><![CDATA[]]></system-err>
</testsuite>
