<?xml version="1.0" encoding="UTF-8"?>
<testsuite name="uk.gov.ida.saml.core.extensions.impl.VerifiedMarshallerTest" tests="3" skipped="0" failures="0" errors="0" timestamp="2018-04-03T13:57:56" hostname="gds8080.local" time="0.002">
  <properties/>
  <testcase name="marshall_shouldMarshallVerifiedValueWhenFalse" classname="uk.gov.ida.saml.core.extensions.impl.VerifiedMarshallerTest" time="0.001"/>
  <testcase name="marshall_shouldEnsureXsiNamespaceDefinitionIsIncluded" classname="uk.gov.ida.saml.core.extensions.impl.VerifiedMarshallerTest" time="0.0"/>
  <testcase name="marshall_shouldMarshallVerifiedValueWhenTrue" classname="uk.gov.ida.saml.core.extensions.impl.VerifiedMarshallerTest" time="0.0"/>
  <system-out><![CDATA[]]></system-out>
  <system-err><![CDATA[]]></system-err>
</testsuite>
