<?xml version="1.0" encoding="UTF-8"?>
<testsuite name="uk.gov.ida.saml.core.extensions.impl.AddressMarshallerTest" tests="14" skipped="0" failures="0" errors="0" timestamp="2018-04-03T13:57:56" hostname="gds8080.local" time="0.021">
  <properties/>
  <testcase name="marshall_shouldMarshallFromDateWithNamespacePrefix" classname="uk.gov.ida.saml.core.extensions.impl.AddressMarshallerTest" time="0.009"/>
  <testcase name="marshall_shouldNotAddFromDateAttributeWhenNoFromDateIsSet" classname="uk.gov.ida.saml.core.extensions.impl.AddressMarshallerTest" time="0.001"/>
  <testcase name="marshall_shouldNotAddToDateAttributeWhenNoToDateIsSet" classname="uk.gov.ida.saml.core.extensions.impl.AddressMarshallerTest" time="0.0"/>
  <testcase name="marshall_shouldMarshallVerifiedWhenTrue" classname="uk.gov.ida.saml.core.extensions.impl.AddressMarshallerTest" time="0.0"/>
  <testcase name="marshall_shouldMarshallFromDateInCorrectFormat" classname="uk.gov.ida.saml.core.extensions.impl.AddressMarshallerTest" time="0.001"/>
  <testcase name="marshall_shouldNotAddInternationalPostCodeElementWhenNotSet" classname="uk.gov.ida.saml.core.extensions.impl.AddressMarshallerTest" time="0.003"/>
  <testcase name="marshall_shouldMarshallToDateWithNamespacePrefix" classname="uk.gov.ida.saml.core.extensions.impl.AddressMarshallerTest" time="0.001"/>
  <testcase name="marshall_shouldMarshallVerifiedWithNamespacePrefix" classname="uk.gov.ida.saml.core.extensions.impl.AddressMarshallerTest" time="0.001"/>
  <testcase name="marshall_shouldMarshallAddress" classname="uk.gov.ida.saml.core.extensions.impl.AddressMarshallerTest" time="0.001"/>
  <testcase name="marshall_shouldEnsureXsiNamespaceDefinitionIsIncluded" classname="uk.gov.ida.saml.core.extensions.impl.AddressMarshallerTest" time="0.0"/>
  <testcase name="marshall_shouldMarshallVerifiedWhenFalse" classname="uk.gov.ida.saml.core.extensions.impl.AddressMarshallerTest" time="0.001"/>
  <testcase name="marshall_shouldNotAddPostCodeElementWhenNotSet" classname="uk.gov.ida.saml.core.extensions.impl.AddressMarshallerTest" time="0.0"/>
  <testcase name="marshall_shouldNotAddUPRNElementWhenNotSet" classname="uk.gov.ida.saml.core.extensions.impl.AddressMarshallerTest" time="0.0"/>
  <testcase name="marshall_shouldMarshallToDateInCorrectFormat" classname="uk.gov.ida.saml.core.extensions.impl.AddressMarshallerTest" time="0.001"/>
  <system-out><![CDATA[]]></system-out>
  <system-err><![CDATA[]]></system-err>
</testsuite>
