<?xml version="1.0" encoding="UTF-8"?>
<testsuite name="uk.gov.ida.saml.core.extensions.eidas.impl.GenderMarshallerTest" tests="1" skipped="0" failures="0" errors="0" timestamp="2018-04-03T13:57:56" hostname="gds8080.local" time="0.002">
  <properties/>
  <testcase name="shouldMarshallGender" classname="uk.gov.ida.saml.core.extensions.eidas.impl.GenderMarshallerTest" time="0.002"/>
  <system-out><![CDATA[]]></system-out>
  <system-err><![CDATA[]]></system-err>
</testsuite>
