<?xml version="1.0" encoding="UTF-8"?>
<testsuite name="uk.gov.ida.saml.core.extensions.impl.GenderUnmarshallerTest" tests="4" skipped="0" failures="0" errors="0" timestamp="2018-04-03T13:57:56" hostname="gds8080.local" time="0.004">
  <properties/>
  <testcase name="unmarshall_shouldSetValue" classname="uk.gov.ida.saml.core.extensions.impl.GenderUnmarshallerTest" time="0.001"/>
  <testcase name="unmarshall_shouldSetVerifiedWhenTrue" classname="uk.gov.ida.saml.core.extensions.impl.GenderUnmarshallerTest" time="0.001"/>
  <testcase name="unmarshall_shouldSetVerifiedToDefaultWhenAbsent" classname="uk.gov.ida.saml.core.extensions.impl.GenderUnmarshallerTest" time="0.001"/>
  <testcase name="unmarshall_shouldSetVerifiedWhenFalse" classname="uk.gov.ida.saml.core.extensions.impl.GenderUnmarshallerTest" time="0.001"/>
  <system-out><![CDATA[14:57:56.690 [Test worker] DEBUG org.opensaml.core.xml.io.AbstractXMLObjectUnmarshaller - Ignoring unknown attribute {http://www.cabinetoffice.gov.uk/resource-library/ida/attributes}Language
]]></system-out>
  <system-err><![CDATA[]]></system-err>
</testsuite>
