<?xml version="1.0" encoding="UTF-8"?>
<testsuite name="uk.gov.ida.saml.core.extensions.impl.AddressUnmarshallerTest" tests="4" skipped="0" failures="0" errors="0" timestamp="2018-04-03T13:57:56" hostname="gds8080.local" time="0.014">
  <properties/>
  <testcase name="unmarshall_shouldUnmarshallVerifiedWhenTrue" classname="uk.gov.ida.saml.core.extensions.impl.AddressUnmarshallerTest" time="0.002"/>
  <testcase name="unmarshall_shouldUnmarshallAnAddress" classname="uk.gov.ida.saml.core.extensions.impl.AddressUnmarshallerTest" time="0.01"/>
  <testcase name="unmarshall_shouldUnmarshallVerifiedWhenFalse" classname="uk.gov.ida.saml.core.extensions.impl.AddressUnmarshallerTest" time="0.001"/>
  <testcase name="unmarshall_shouldSetVerifiedToDefaultValueWhenAbsent" classname="uk.gov.ida.saml.core.extensions.impl.AddressUnmarshallerTest" time="0.001"/>
  <system-out><![CDATA[]]></system-out>
  <system-err><![CDATA[]]></system-err>
</testsuite>
