<?xml version="1.0" encoding="UTF-8"?>
<testsuite name="uk.gov.ida.saml.core.extensions.impl.DateMarshallerTest" tests="9" skipped="0" failures="0" errors="0" timestamp="2018-04-03T13:57:56" hostname="gds8080.local" time="0.004">
  <properties/>
  <testcase name="marshall_shouldMarshallFromDateWithNamespacePrefix" classname="uk.gov.ida.saml.core.extensions.impl.DateMarshallerTest" time="0.001"/>
  <testcase name="marshall_shouldMarshallVerifiedWhenTrue" classname="uk.gov.ida.saml.core.extensions.impl.DateMarshallerTest" time="0.0"/>
  <testcase name="marshall_shouldMarshallFromDateInCorrectFormat" classname="uk.gov.ida.saml.core.extensions.impl.DateMarshallerTest" time="0.001"/>
  <testcase name="marshall_shouldMarshallDateTime" classname="uk.gov.ida.saml.core.extensions.impl.DateMarshallerTest" time="0.0"/>
  <testcase name="marshall_shouldMarshallToDateWithNamespacePrefix" classname="uk.gov.ida.saml.core.extensions.impl.DateMarshallerTest" time="0.001"/>
  <testcase name="marshall_shouldEnsureXsiNamespaceDefinitionIsInluded" classname="uk.gov.ida.saml.core.extensions.impl.DateMarshallerTest" time="0.0"/>
  <testcase name="marshall_shouldMarshallVerifiedWithPrefix" classname="uk.gov.ida.saml.core.extensions.impl.DateMarshallerTest" time="0.0"/>
  <testcase name="marshall_shouldMarshallVerifiedWhenFalse" classname="uk.gov.ida.saml.core.extensions.impl.DateMarshallerTest" time="0.001"/>
  <testcase name="marshall_shouldMarshallToDateInCorrectFormat" classname="uk.gov.ida.saml.core.extensions.impl.DateMarshallerTest" time="0.0"/>
  <system-out><![CDATA[]]></system-out>
  <system-err><![CDATA[]]></system-err>
</testsuite>
