<?xml version="1.0" encoding="UTF-8"?>
<testsuite name="uk.gov.ida.saml.core.extensions.impl.DateUnmarshallerTest" tests="4" skipped="0" failures="0" errors="0" timestamp="2018-04-03T13:57:56" hostname="gds8080.local" time="0.006">
  <properties/>
  <testcase name="unmarshall_shouldSetValue" classname="uk.gov.ida.saml.core.extensions.impl.DateUnmarshallerTest" time="0.002"/>
  <testcase name="unmarshall_shouldSetVerifiedWhenTrue" classname="uk.gov.ida.saml.core.extensions.impl.DateUnmarshallerTest" time="0.001"/>
  <testcase name="unmarshall_shouldSetVerifiedWhenToDefaultValueWhenAbsent" classname="uk.gov.ida.saml.core.extensions.impl.DateUnmarshallerTest" time="0.001"/>
  <testcase name="unmarshall_shouldSetVerifiedWhenFalse" classname="uk.gov.ida.saml.core.extensions.impl.DateUnmarshallerTest" time="0.002"/>
  <system-out><![CDATA[]]></system-out>
  <system-err><![CDATA[]]></system-err>
</testsuite>
