<?xml version="1.0" encoding="UTF-8"?>
<testsuite name="uk.gov.ida.saml.security.validators.issuer.IssuerValidatorTest" tests="5" skipped="0" failures="0" errors="0" timestamp="2018-04-03T13:58:09" hostname="gds8080.local" time="0.002">
  <properties/>
  <testcase name="validate_shouldThrowExceptionIfIssuerIdIsMissing" classname="uk.gov.ida.saml.security.validators.issuer.IssuerValidatorTest" time="0.001"/>
  <testcase name="validate_shouldThrowExceptionIfIssuerElementIsMissing" classname="uk.gov.ida.saml.security.validators.issuer.IssuerValidatorTest" time="0.001"/>
  <testcase name="validate_shouldDoNothingIfIssuerFormatAttributeIsMissing" classname="uk.gov.ida.saml.security.validators.issuer.IssuerValidatorTest" time="0.0"/>
  <testcase name="validate_shouldDoNothingIfIssuerFormatAttributeHasValidValue" classname="uk.gov.ida.saml.security.validators.issuer.IssuerValidatorTest" time="0.0"/>
  <testcase name="validate_shouldThrowExceptionIfIssuerFormatAttributeHasInvalidValue" classname="uk.gov.ida.saml.security.validators.issuer.IssuerValidatorTest" time="0.0"/>
  <system-out><![CDATA[]]></system-out>
  <system-err><![CDATA[]]></system-err>
</testsuite>
