<?xml version="1.0" encoding="UTF-8"?>
<testsuite name="uk.gov.ida.saml.security.SamlMessageSignatureValidatorTest" tests="9" skipped="0" failures="0" errors="0" timestamp="2018-04-03T13:58:09" hostname="gds8080.local" time="0.055">
  <properties/>
  <testcase name="validate_shouldReturnBadResponseIfIssuerIsEmpty" classname="uk.gov.ida.saml.security.SamlMessageSignatureValidatorTest" time="0.005"/>
  <testcase name="validateWithIssue_shouldReturnBadResponseIfRequestSignatureIsBad" classname="uk.gov.ida.saml.security.SamlMessageSignatureValidatorTest" time="0.006"/>
  <testcase name="validate_shouldAcceptSignedAttributeQuery" classname="uk.gov.ida.saml.security.SamlMessageSignatureValidatorTest" time="0.01"/>
  <testcase name="validateWithIssue_shouldReturnBadResponseIfRequestSignatureIsMissing" classname="uk.gov.ida.saml.security.SamlMessageSignatureValidatorTest" time="0.0"/>
  <testcase name="validate_shouldAcceptSignedAssertion" classname="uk.gov.ida.saml.security.SamlMessageSignatureValidatorTest" time="0.008"/>
  <testcase name="validateWithIssue_shouldReturnBadResponseIfRequestIsNotSigned" classname="uk.gov.ida.saml.security.SamlMessageSignatureValidatorTest" time="0.001"/>
  <testcase name="validate_shouldAcceptSignedResponse" classname="uk.gov.ida.saml.security.SamlMessageSignatureValidatorTest" time="0.017"/>
  <testcase name="validate_shouldAcceptSignedAuthnRequest" classname="uk.gov.ida.saml.security.SamlMessageSignatureValidatorTest" time="0.007"/>
  <testcase name="validate_shouldReturnBadResponseIfIssuerIsMissing" classname="uk.gov.ida.saml.security.SamlMessageSignatureValidatorTest" time="0.0"/>
  <system-out><![CDATA[14:58:09.737 [Test worker] DEBUG org.opensaml.saml.common.SAMLObjectSupport - Examining signed object for content references with exclusive canonicalization transform
14:58:09.737 [Test worker] DEBUG org.opensaml.xmlsec.signature.impl.SignatureMarshaller - Starting to marshall {http://www.w3.org/2000/09/xmldsig#}Signature
14:58:09.737 [Test worker] DEBUG org.opensaml.xmlsec.signature.impl.SignatureMarshaller - Creating XMLSignature object
14:58:09.737 [Test worker] DEBUG org.apache.xml.security.algorithms.SignatureAlgorithm - Create URI "http://www.w3.org/2001/04/xmldsig-more#rsa-sha256" class "class org.apache.xml.security.algorithms.implementations.SignatureBaseRSA$SignatureRSASHA256"
14:58:09.738 [Test worker] DEBUG org.apache.xml.security.algorithms.JCEMapper - Request for URI http://www.w3.org/2001/04/xmldsig-more#rsa-sha256
14:58:09.738 [Test worker] DEBUG org.apache.xml.security.algorithms.implementations.SignatureBaseRSA - Created SignatureRSA using SHA256withRSA
14:58:09.738 [Test worker] DEBUG org.opensaml.xmlsec.signature.impl.SignatureMarshaller - Adding content to XMLSignature.
14:58:09.738 [Test worker] DEBUG org.apache.xml.security.transforms.Transforms - Transforms.addTransform(http://www.w3.org/2000/09/xmldsig#enveloped-signature)
14:58:09.738 [Test worker] DEBUG org.apache.xml.security.transforms.Transform - Create URI "http://www.w3.org/2000/09/xmldsig#enveloped-signature" class "class org.apache.xml.security.transforms.implementations.TransformEnvelopedSignature"
14:58:09.738 [Test worker] DEBUG org.apache.xml.security.transforms.Transform - The NodeList is null
14:58:09.738 [Test worker] DEBUG org.apache.xml.security.transforms.Transforms - Transforms.addTransform(http://www.w3.org/2000/09/xmldsig#enveloped-signature)
14:58:09.738 [Test worker] DEBUG org.apache.xml.security.transforms.Transforms - Transforms.addTransform(http://www.w3.org/2001/10/xml-exc-c14n#)
14:58:09.738 [Test worker] DEBUG org.apache.xml.security.transforms.Transform - Create URI "http://www.w3.org/2001/10/xml-exc-c14n#" class "class org.apache.xml.security.transforms.implementations.TransformC14NExclusive"
14:58:09.738 [Test worker] DEBUG org.apache.xml.security.transforms.Transform - The NodeList is null
14:58:09.738 [Test worker] DEBUG org.apache.xml.security.transforms.Transforms - Transforms.addTransform(http://www.w3.org/2001/10/xml-exc-c14n#)
14:58:09.738 [Test worker] DEBUG org.opensaml.xmlsec.signature.impl.SignatureMarshaller - Creating Signature DOM element
14:58:09.738 [Test worker] DEBUG org.opensaml.xmlsec.signature.support.Signer - Using a signer of implemenation: org.opensaml.xmlsec.signature.support.provider.ApacheSantuarioSignerProviderImpl
14:58:09.738 [Test worker] DEBUG org.opensaml.xmlsec.signature.support.provider.ApacheSantuarioSignerProviderImpl - Computing signature over XMLSignature object
14:58:09.738 [Test worker] DEBUG org.apache.xml.security.algorithms.JCEMapper - Request for URI http://www.w3.org/2001/04/xmlenc#sha256
14:58:09.738 [Test worker] DEBUG org.apache.xml.security.utils.resolver.ResourceResolver - I was asked to create a ResourceResolver and got 0
14:58:09.738 [Test worker] DEBUG org.apache.xml.security.utils.resolver.ResourceResolver - check resolvability by class org.apache.xml.security.utils.resolver.ResourceResolver
14:58:09.738 [Test worker] DEBUG org.apache.xml.security.utils.resolver.implementations.ResolverFragment - State I can resolve reference: "#_9970e757-a513-4245-b9ff-638c6c192c04"
14:58:09.738 [Test worker] DEBUG org.apache.xml.security.utils.resolver.implementations.ResolverFragment - Try to catch an Element with ID _9970e757-a513-4245-b9ff-638c6c192c04 and Element was [saml2p:AuthnRequest: null]
14:58:09.738 [Test worker] DEBUG org.apache.xml.security.utils.ElementProxy - setElement("ds:Transform", "null")
14:58:09.738 [Test worker] DEBUG org.apache.xml.security.transforms.Transforms - Perform the (0)th http://www.w3.org/2000/09/xmldsig#enveloped-signature transform
14:58:09.738 [Test worker] DEBUG org.apache.xml.security.utils.ElementProxy - setElement("ds:Transform", "null")
14:58:09.738 [Test worker] DEBUG org.apache.xml.security.transforms.Transforms - Perform the (1)th http://www.w3.org/2001/10/xml-exc-c14n# transform
14:58:09.738 [Test worker] DEBUG org.apache.xml.security.utils.DigesterOutputStream - Pre-digested input:
14:58:09.738 [Test worker] DEBUG org.apache.xml.security.utils.DigesterOutputStream - <saml2p:AuthnRequest xmlns:saml2p="urn:oasis:names:tc:SAML:2.0:protocol" xmlns:xsi="http://www.w3.org/2001/XMLSchema-instance" ID="_9970e757-a513-4245-b9ff-638c6c192c04" IssueInstant="2018-04-03T13:58:09.736Z" ProtocolBinding="urn:oasis:names:tc:SAML:2.0:bindings:HTTP-POST" Version="2.0" xsi:type="saml2p:AuthnRequestType"><saml2:Issuer xmlns:saml2="urn:oasis:names:tc:SAML:2.0:assertion">https://signin.service.gov.uk</saml2:Issuer><saml2p:RequestedAuthnContext Comparison="minimum"></saml2p:RequestedAuthnContext></saml2p:AuthnRequest>
14:58:09.738 [Test worker] DEBUG org.apache.xml.security.utils.SignerOutputStream - Canonicalized SignedInfo:
14:58:09.738 [Test worker] DEBUG org.apache.xml.security.utils.SignerOutputStream - <ds:SignedInfo xmlns:ds="http://www.w3.org/2000/09/xmldsig#">
<ds:CanonicalizationMethod Algorithm="http://www.w3.org/2001/10/xml-exc-c14n#"></ds:CanonicalizationMethod>
<ds:SignatureMethod Algorithm="http://www.w3.org/2001/04/xmldsig-more#rsa-sha256"></ds:SignatureMethod>
<ds:Reference URI="#_9970e757-a513-4245-b9ff-638c6c192c04">
<ds:Transforms>
<ds:Transform Algorithm="http://www.w3.org/2000/09/xmldsig#enveloped-signature"></ds:Transform>
<ds:Transform Algorithm="http://www.w3.org/2001/10/xml-exc-c14n#"></ds:Transform>
</ds:Transforms>
<ds:DigestMethod Algorithm="http://www.w3.org/2001/04/xmlenc#sha256"></ds:DigestMethod>
<ds:DigestValue>VJDJR9NY8OWco78s9OFl0DMfdaTWfX8G8pMptoz+SJA=</ds:DigestValue>
</ds:Reference>
</ds:SignedInfo>
14:58:09.739 [Test worker] DEBUG org.apache.xml.security.utils.ElementProxy - setElement("ds:Transform", "null")
14:58:09.739 [Test worker] DEBUG org.opensaml.saml.security.impl.SAMLSignatureProfileValidator - Saw Enveloped signature transform
14:58:09.739 [Test worker] DEBUG org.apache.xml.security.utils.ElementProxy - setElement("ds:Transform", "null")
14:58:09.739 [Test worker] DEBUG org.opensaml.saml.security.impl.SAMLSignatureProfileValidator - Saw Exclusive C14N signature transform
14:58:09.740 [Test worker] DEBUG org.opensaml.xmlsec.signature.support.impl.BaseSignatureTrustEngine - Performing signature algorithm whitelist/blacklist validation using params from CriteriaSet
14:58:09.740 [Test worker] DEBUG org.opensaml.xmlsec.signature.support.impl.SignatureAlgorithmValidator - Validating SignedInfo/SignatureMethod/@Algorithm against whitelist/blacklist: http://www.w3.org/2001/04/xmldsig-more#rsa-sha256
14:58:09.740 [Test worker] DEBUG org.opensaml.xmlsec.signature.support.impl.SignatureAlgorithmValidator - Validating algorithm URI against whitelist and blacklist: algorithm: http://www.w3.org/2001/04/xmldsig-more#rsa-sha256, whitelist: [http://www.w3.org/2001/04/xmldsig-more#rsa-sha512, http://www.w3.org/2000/09/xmldsig#sha1, http://www.w3.org/2001/04/xmlenc#sha512, http://www.w3.org/2001/04/xmldsig-more#rsa-sha256, http://www.w3.org/2001/04/xmlenc#sha256, http://www.w3.org/2000/09/xmldsig#rsa-sha1], blacklist: []
14:58:09.740 [Test worker] DEBUG org.opensaml.xmlsec.algorithm.AlgorithmSupport - Saw non-null algorithm blacklist: []
14:58:09.740 [Test worker] DEBUG org.opensaml.xmlsec.algorithm.AlgorithmSupport - Algorithm passed blacklist validation: http://www.w3.org/2001/04/xmldsig-more#rsa-sha256
14:58:09.740 [Test worker] DEBUG org.opensaml.xmlsec.algorithm.AlgorithmSupport - Saw non-null algorithm whitelist: [http://www.w3.org/2001/04/xmldsig-more#rsa-sha512, http://www.w3.org/2000/09/xmldsig#sha1, http://www.w3.org/2001/04/xmlenc#sha512, http://www.w3.org/2001/04/xmldsig-more#rsa-sha256, http://www.w3.org/2001/04/xmlenc#sha256, http://www.w3.org/2000/09/xmldsig#rsa-sha1]
14:58:09.740 [Test worker] DEBUG org.opensaml.xmlsec.algorithm.AlgorithmSupport - Algorithm passed whitelist validation: http://www.w3.org/2001/04/xmldsig-more#rsa-sha256
14:58:09.740 [Test worker] DEBUG org.opensaml.xmlsec.signature.support.impl.SignatureAlgorithmValidator - Validating SignedInfo/Reference/DigestMethod/@Algorithm against whitelist/blacklist: http://www.w3.org/2001/04/xmlenc#sha256
14:58:09.740 [Test worker] DEBUG org.opensaml.xmlsec.signature.support.impl.SignatureAlgorithmValidator - Validating algorithm URI against whitelist and blacklist: algorithm: http://www.w3.org/2001/04/xmlenc#sha256, whitelist: [http://www.w3.org/2001/04/xmldsig-more#rsa-sha512, http://www.w3.org/2000/09/xmldsig#sha1, http://www.w3.org/2001/04/xmlenc#sha512, http://www.w3.org/2001/04/xmldsig-more#rsa-sha256, http://www.w3.org/2001/04/xmlenc#sha256, http://www.w3.org/2000/09/xmldsig#rsa-sha1], blacklist: []
14:58:09.740 [Test worker] DEBUG org.opensaml.xmlsec.algorithm.AlgorithmSupport - Saw non-null algorithm blacklist: []
14:58:09.740 [Test worker] DEBUG org.opensaml.xmlsec.algorithm.AlgorithmSupport - Algorithm passed blacklist validation: http://www.w3.org/2001/04/xmlenc#sha256
14:58:09.740 [Test worker] DEBUG org.opensaml.xmlsec.algorithm.AlgorithmSupport - Saw non-null algorithm whitelist: [http://www.w3.org/2001/04/xmldsig-more#rsa-sha512, http://www.w3.org/2000/09/xmldsig#sha1, http://www.w3.org/2001/04/xmlenc#sha512, http://www.w3.org/2001/04/xmldsig-more#rsa-sha256, http://www.w3.org/2001/04/xmlenc#sha256, http://www.w3.org/2000/09/xmldsig#rsa-sha1]
14:58:09.740 [Test worker] DEBUG org.opensaml.xmlsec.algorithm.AlgorithmSupport - Algorithm passed whitelist validation: http://www.w3.org/2001/04/xmlenc#sha256
14:58:09.740 [Test worker] DEBUG org.opensaml.xmlsec.signature.support.impl.BaseSignatureTrustEngine - Attempting to verify signature and establish trust using KeyInfo-derived credentials
14:58:09.740 [Test worker] DEBUG org.opensaml.xmlsec.signature.support.impl.BaseSignatureTrustEngine - Signature contained no KeyInfo element, could not resolve verification credentials
14:58:09.740 [Test worker] DEBUG org.opensaml.xmlsec.signature.support.impl.BaseSignatureTrustEngine - Failed to verify signature and/or establish trust using any KeyInfo-derived credentials
14:58:09.740 [Test worker] DEBUG org.opensaml.xmlsec.signature.support.impl.ExplicitKeySignatureTrustEngine - Attempting to verify signature using trusted credentials
14:58:09.740 [Test worker] DEBUG org.opensaml.xmlsec.signature.support.SignatureValidationProvider - Using a validation provider of implementation: org.opensaml.xmlsec.signature.support.provider.ApacheSantuarioSignatureValidationProviderImpl
14:58:09.740 [Test worker] DEBUG org.opensaml.xmlsec.signature.support.provider.ApacheSantuarioSignatureValidationProviderImpl - Attempting to validate signature using key from supplied credential
14:58:09.740 [Test worker] DEBUG org.opensaml.xmlsec.signature.support.provider.ApacheSantuarioSignatureValidationProviderImpl - Accessing XMLSignature object
14:58:09.740 [Test worker] DEBUG org.opensaml.xmlsec.signature.support.provider.ApacheSantuarioSignatureValidationProviderImpl - Validating signature with signature algorithm URI: http://www.w3.org/2001/04/xmldsig-more#rsa-sha256
14:58:09.740 [Test worker] DEBUG org.opensaml.xmlsec.signature.support.provider.ApacheSantuarioSignatureValidationProviderImpl - Validation credential key algorithm 'RSA', key instance class 'sun.security.rsa.RSAPublicKeyImpl'
14:58:09.740 [Test worker] DEBUG org.apache.xml.security.signature.XMLSignature - signatureMethodURI = http://www.w3.org/2001/04/xmldsig-more#rsa-sha256
14:58:09.740 [Test worker] DEBUG org.apache.xml.security.signature.XMLSignature - jceSigAlgorithm    = SHA256withRSA
14:58:09.740 [Test worker] DEBUG org.apache.xml.security.signature.XMLSignature - jceSigProvider     = SunRsaSign
14:58:09.740 [Test worker] DEBUG org.apache.xml.security.signature.XMLSignature - PublicKey = Sun RSA public key, 2048 bits
  modulus: 25998853806074907922736536937144192810524126200249845203941498583957653002742012081024851371701765572997964410773213417627351163207763916839110493186842727422105108695847327425148517951272422220366166787137233228070807559064518855586460848701406111149789270506162893565711430566183449983164245901187970559589037577615433138971451632097660130400984021863805390812022721378617499178820332971373486312850645816708350643062789774826141511451391051956832621350686324922826347973370110492133155768037641842259670336438666133242469461046538870604952985498558023280525040790594650803517622806143906741297205357832508919936977
  public exponent: 65537
14:58:09.740 [Test worker] DEBUG org.apache.xml.security.utils.SignerOutputStream - Canonicalized SignedInfo:
14:58:09.740 [Test worker] DEBUG org.apache.xml.security.utils.SignerOutputStream - <ds:SignedInfo xmlns:ds="http://www.w3.org/2000/09/xmldsig#">
<ds:CanonicalizationMethod Algorithm="http://www.w3.org/2001/10/xml-exc-c14n#"></ds:CanonicalizationMethod>
<ds:SignatureMethod Algorithm="http://www.w3.org/2001/04/xmldsig-more#rsa-sha256"></ds:SignatureMethod>
<ds:Reference URI="#_9970e757-a513-4245-b9ff-638c6c192c04">
<ds:Transforms>
<ds:Transform Algorithm="http://www.w3.org/2000/09/xmldsig#enveloped-signature"></ds:Transform>
<ds:Transform Algorithm="http://www.w3.org/2001/10/xml-exc-c14n#"></ds:Transform>
</ds:Transforms>
<ds:DigestMethod Algorithm="http://www.w3.org/2001/04/xmlenc#sha256"></ds:DigestMethod>
<ds:DigestValue>VJDJR9NY8OWco78s9OFl0DMfdaTWfX8G8pMptoz+SJA=</ds:DigestValue>
</ds:Reference>
</ds:SignedInfo>
14:58:09.741 [Test worker] DEBUG org.opensaml.xmlsec.signature.support.impl.BaseSignatureTrustEngine - Signature validation using candidate validation credential failed
org.opensaml.xmlsec.signature.support.SignatureException: Unable to evaluate key against signature
	at org.opensaml.xmlsec.signature.support.provider.ApacheSantuarioSignatureValidationProviderImpl.validate(ApacheSantuarioSignatureValidationProviderImpl.java:75)
	at org.opensaml.xmlsec.signature.support.SignatureValidator.validate(SignatureValidator.java:54)
	at org.opensaml.xmlsec.signature.support.impl.BaseSignatureTrustEngine.verifySignature(BaseSignatureTrustEngine.java:242)
	at org.opensaml.xmlsec.signature.support.impl.ExplicitKeySignatureTrustEngine.doValidate(ExplicitKeySignatureTrustEngine.java:119)
	at org.opensaml.xmlsec.signature.support.impl.BaseSignatureTrustEngine.validate(BaseSignatureTrustEngine.java:105)
	at org.opensaml.xmlsec.signature.support.impl.BaseSignatureTrustEngine.validate(BaseSignatureTrustEngine.java:62)
	at uk.gov.ida.saml.security.SignatureValidator.validate(SignatureValidator.java:48)
	at uk.gov.ida.saml.security.SamlMessageSignatureValidator.validateWithIssuer(SamlMessageSignatureValidator.java:67)
	at uk.gov.ida.saml.security.SamlMessageSignatureValidator.validateWithIssuer(SamlMessageSignatureValidator.java:56)
	at uk.gov.ida.saml.security.SamlMessageSignatureValidator.validate(SamlMessageSignatureValidator.java:45)
	at uk.gov.ida.saml.security.SamlMessageSignatureValidatorTest.validateWithIssue_shouldReturnBadResponseIfRequestSignatureIsBad(SamlMessageSignatureValidatorTest.java:68)
	at sun.reflect.NativeMethodAccessorImpl.invoke0(Native Method)
	at sun.reflect.NativeMethodAccessorImpl.invoke(NativeMethodAccessorImpl.java:62)
	at sun.reflect.DelegatingMethodAccessorImpl.invoke(DelegatingMethodAccessorImpl.java:43)
	at java.lang.reflect.Method.invoke(Method.java:498)
	at org.junit.runners.model.FrameworkMethod$1.runReflectiveCall(FrameworkMethod.java:50)
	at org.junit.internal.runners.model.ReflectiveCallable.run(ReflectiveCallable.java:12)
	at org.junit.runners.model.FrameworkMethod.invokeExplosively(FrameworkMethod.java:47)
	at org.junit.internal.runners.statements.InvokeMethod.evaluate(InvokeMethod.java:17)
	at org.junit.runners.ParentRunner.runLeaf(ParentRunner.java:325)
	at org.junit.runners.BlockJUnit4ClassRunner.runChild(BlockJUnit4ClassRunner.java:78)
	at org.junit.runners.BlockJUnit4ClassRunner.runChild(BlockJUnit4ClassRunner.java:57)
	at org.junit.runners.ParentRunner$3.run(ParentRunner.java:290)
	at org.junit.runners.ParentRunner$1.schedule(ParentRunner.java:71)
	at org.junit.runners.ParentRunner.runChildren(ParentRunner.java:288)
	at org.junit.runners.ParentRunner.access$000(ParentRunner.java:58)
	at org.junit.runners.ParentRunner$2.evaluate(ParentRunner.java:268)
	at org.junit.runners.ParentRunner.run(ParentRunner.java:363)
	at org.mockito.internal.runners.JUnit45AndHigherRunnerImpl.run(JUnit45AndHigherRunnerImpl.java:37)
	at org.mockito.runners.MockitoJUnitRunner.run(MockitoJUnitRunner.java:62)
	at org.gradle.api.internal.tasks.testing.junit.JUnitTestClassExecuter.runTestClass(JUnitTestClassExecuter.java:114)
	at org.gradle.api.internal.tasks.testing.junit.JUnitTestClassExecuter.execute(JUnitTestClassExecuter.java:57)
	at org.gradle.api.internal.tasks.testing.junit.JUnitTestClassProcessor.processTestClass(JUnitTestClassProcessor.java:66)
	at org.gradle.api.internal.tasks.testing.SuiteTestClassProcessor.processTestClass(SuiteTestClassProcessor.java:51)
	at sun.reflect.NativeMethodAccessorImpl.invoke0(Native Method)
	at sun.reflect.NativeMethodAccessorImpl.invoke(NativeMethodAccessorImpl.java:62)
	at sun.reflect.DelegatingMethodAccessorImpl.invoke(DelegatingMethodAccessorImpl.java:43)
	at java.lang.reflect.Method.invoke(Method.java:498)
	at org.gradle.internal.dispatch.ReflectionDispatch.dispatch(ReflectionDispatch.java:35)
	at org.gradle.internal.dispatch.ReflectionDispatch.dispatch(ReflectionDispatch.java:24)
	at org.gradle.internal.dispatch.ContextClassLoaderDispatch.dispatch(ContextClassLoaderDispatch.java:32)
	at org.gradle.internal.dispatch.ProxyDispatchAdapter$DispatchingInvocationHandler.invoke(ProxyDispatchAdapter.java:93)
	at com.sun.proxy.$Proxy1.processTestClass(Unknown Source)
	at org.gradle.api.internal.tasks.testing.worker.TestWorker.processTestClass(TestWorker.java:109)
	at sun.reflect.NativeMethodAccessorImpl.invoke0(Native Method)
	at sun.reflect.NativeMethodAccessorImpl.invoke(NativeMethodAccessorImpl.java:62)
	at sun.reflect.DelegatingMethodAccessorImpl.invoke(DelegatingMethodAccessorImpl.java:43)
	at java.lang.reflect.Method.invoke(Method.java:498)
	at org.gradle.internal.dispatch.ReflectionDispatch.dispatch(ReflectionDispatch.java:35)
	at org.gradle.internal.dispatch.ReflectionDispatch.dispatch(ReflectionDispatch.java:24)
	at org.gradle.internal.remote.internal.hub.MessageHubBackedObjectConnection$DispatchWrapper.dispatch(MessageHubBackedObjectConnection.java:146)
	at org.gradle.internal.remote.internal.hub.MessageHubBackedObjectConnection$DispatchWrapper.dispatch(MessageHubBackedObjectConnection.java:128)
	at org.gradle.internal.remote.internal.hub.MessageHub$Handler.run(MessageHub.java:404)
	at org.gradle.internal.concurrent.ExecutorPolicy$CatchAndRecordFailures.onExecute(ExecutorPolicy.java:63)
	at org.gradle.internal.concurrent.StoppableExecutorImpl$1.run(StoppableExecutorImpl.java:46)
	at java.util.concurrent.ThreadPoolExecutor.runWorker(ThreadPoolExecutor.java:1149)
	at java.util.concurrent.ThreadPoolExecutor$Worker.run(ThreadPoolExecutor.java:624)
	at org.gradle.internal.concurrent.ThreadFactoryImpl$ManagedThreadRunnable.run(ThreadFactoryImpl.java:55)
	at java.lang.Thread.run(Thread.java:748)
Caused by: org.apache.xml.security.signature.XMLSignatureException: Signature length not correct: got 128 but was expecting 256
	at org.apache.xml.security.algorithms.implementations.SignatureBaseRSA.engineVerify(SignatureBaseRSA.java:92)
	at org.apache.xml.security.algorithms.SignatureAlgorithm.verify(SignatureAlgorithm.java:301)
	at org.apache.xml.security.signature.XMLSignature.checkSignatureValue(XMLSignature.java:759)
	at org.opensaml.xmlsec.signature.support.provider.ApacheSantuarioSignatureValidationProviderImpl.validate(ApacheSantuarioSignatureValidationProviderImpl.java:70)
	... 58 common frames omitted
Caused by: java.security.SignatureException: Signature length not correct: got 128 but was expecting 256
	at sun.security.rsa.RSASignature.engineVerify(RSASignature.java:189)
	at java.security.Signature$Delegate.engineVerify(Signature.java:1223)
	at java.security.Signature.verify(Signature.java:656)
	at org.apache.xml.security.algorithms.implementations.SignatureBaseRSA.engineVerify(SignatureBaseRSA.java:90)
	... 61 common frames omitted
14:58:09.741 [Test worker] DEBUG org.opensaml.xmlsec.signature.support.impl.ExplicitKeySignatureTrustEngine - Failed to verify signature using either KeyInfo-derived or directly trusted credentials
14:58:09.744 [Test worker] DEBUG org.opensaml.saml.common.SAMLObjectSupport - Examining signed object for content references with exclusive canonicalization transform
14:58:09.744 [Test worker] DEBUG org.opensaml.saml.common.SAMLObjectSupport - Saw exclusive transform, declaring non-visible namespaces on signed object
14:58:09.744 [Test worker] DEBUG org.opensaml.xmlsec.signature.impl.SignatureMarshaller - Starting to marshall {http://www.w3.org/2000/09/xmldsig#}Signature
14:58:09.745 [Test worker] DEBUG org.opensaml.xmlsec.signature.impl.SignatureMarshaller - Creating XMLSignature object
14:58:09.745 [Test worker] DEBUG org.apache.xml.security.algorithms.SignatureAlgorithm - Create URI "http://www.w3.org/2001/04/xmldsig-more#rsa-sha256" class "class org.apache.xml.security.algorithms.implementations.SignatureBaseRSA$SignatureRSASHA256"
14:58:09.745 [Test worker] DEBUG org.apache.xml.security.algorithms.JCEMapper - Request for URI http://www.w3.org/2001/04/xmldsig-more#rsa-sha256
14:58:09.745 [Test worker] DEBUG org.apache.xml.security.algorithms.implementations.SignatureBaseRSA - Created SignatureRSA using SHA256withRSA
14:58:09.745 [Test worker] DEBUG org.opensaml.xmlsec.signature.impl.SignatureMarshaller - Adding content to XMLSignature.
14:58:09.745 [Test worker] DEBUG org.apache.xml.security.transforms.Transforms - Transforms.addTransform(http://www.w3.org/2000/09/xmldsig#enveloped-signature)
14:58:09.745 [Test worker] DEBUG org.apache.xml.security.transforms.Transform - Create URI "http://www.w3.org/2000/09/xmldsig#enveloped-signature" class "class org.apache.xml.security.transforms.implementations.TransformEnvelopedSignature"
14:58:09.745 [Test worker] DEBUG org.apache.xml.security.transforms.Transform - The NodeList is null
14:58:09.745 [Test worker] DEBUG org.apache.xml.security.transforms.Transforms - Transforms.addTransform(http://www.w3.org/2000/09/xmldsig#enveloped-signature)
14:58:09.745 [Test worker] DEBUG org.apache.xml.security.transforms.Transforms - Transforms.addTransform(http://www.w3.org/2001/10/xml-exc-c14n#)
14:58:09.745 [Test worker] DEBUG org.apache.xml.security.transforms.Transform - Create URI "http://www.w3.org/2001/10/xml-exc-c14n#" class "class org.apache.xml.security.transforms.implementations.TransformC14NExclusive"
14:58:09.745 [Test worker] DEBUG org.apache.xml.security.transforms.Transform - The NodeList is null
14:58:09.745 [Test worker] DEBUG org.apache.xml.security.transforms.Transforms - Transforms.addTransform(http://www.w3.org/2001/10/xml-exc-c14n#)
14:58:09.745 [Test worker] DEBUG org.apache.xml.security.utils.ElementProxy - setElement("ds:Transform", "null")
14:58:09.745 [Test worker] DEBUG org.opensaml.saml.common.SAMLObjectContentReference - Adding list of inclusive namespaces for signature exclusive canonicalization transform
14:58:09.745 [Test worker] DEBUG org.opensaml.xmlsec.signature.impl.SignatureMarshaller - Creating Signature DOM element
14:58:09.745 [Test worker] DEBUG org.opensaml.xmlsec.signature.support.Signer - Using a signer of implemenation: org.opensaml.xmlsec.signature.support.provider.ApacheSantuarioSignerProviderImpl
14:58:09.745 [Test worker] DEBUG org.opensaml.xmlsec.signature.support.provider.ApacheSantuarioSignerProviderImpl - Computing signature over XMLSignature object
14:58:09.745 [Test worker] DEBUG org.apache.xml.security.algorithms.JCEMapper - Request for URI http://www.w3.org/2001/04/xmlenc#sha256
14:58:09.745 [Test worker] DEBUG org.apache.xml.security.utils.resolver.ResourceResolver - I was asked to create a ResourceResolver and got 0
14:58:09.745 [Test worker] DEBUG org.apache.xml.security.utils.resolver.ResourceResolver - check resolvability by class org.apache.xml.security.utils.resolver.ResourceResolver
14:58:09.745 [Test worker] DEBUG org.apache.xml.security.utils.resolver.implementations.ResolverFragment - State I can resolve reference: "#anId"
14:58:09.745 [Test worker] DEBUG org.apache.xml.security.utils.resolver.implementations.ResolverFragment - Try to catch an Element with ID anId and Element was [saml2p:AttributeQuery: null]
14:58:09.745 [Test worker] DEBUG org.apache.xml.security.utils.ElementProxy - setElement("ds:Transform", "null")
14:58:09.745 [Test worker] DEBUG org.apache.xml.security.transforms.Transforms - Perform the (0)th http://www.w3.org/2000/09/xmldsig#enveloped-signature transform
14:58:09.745 [Test worker] DEBUG org.apache.xml.security.utils.ElementProxy - setElement("ds:Transform", "null")
14:58:09.745 [Test worker] DEBUG org.apache.xml.security.transforms.Transforms - Perform the (1)th http://www.w3.org/2001/10/xml-exc-c14n# transform
14:58:09.745 [Test worker] DEBUG org.apache.xml.security.utils.DigesterOutputStream - Pre-digested input:
14:58:09.745 [Test worker] DEBUG org.apache.xml.security.utils.DigesterOutputStream - <saml2p:AttributeQuery xmlns:saml2p="urn:oasis:names:tc:SAML:2.0:protocol" xmlns:xsi="http://www.w3.org/2001/XMLSchema-instance" ID="anId" Version="2.0" xsi:type="saml2p:AttributeQueryType"><saml2:Issuer xmlns:saml2="urn:oasis:names:tc:SAML:2.0:assertion">a-test-entity</saml2:Issuer><saml2:Subject xmlns:saml2="urn:oasis:names:tc:SAML:2.0:assertion" xsi:type="saml2:SubjectType"><saml2:NameID Format="urn:oasis:names:tc:SAML:2.0:nameid-format:persistent"></saml2:NameID><saml2:SubjectConfirmation Method="urn:oasis:names:tc:SAML:2.0:cm:bearer" xsi:type="saml2:SubjectConfirmationType"><saml2:SubjectConfirmationData InResponseTo="default-request-id" NotOnOrAfter="2018-04-03T14:13:09.742Z" Recipient="https://signin.service.gov.uk" xsi:type="saml2:SubjectConfirmationDataType"></saml2:SubjectConfirmationData></saml2:SubjectConfirmation></saml2:Subject></saml2p:AttributeQuery>
14:58:09.745 [Test worker] DEBUG org.apache.xml.security.utils.SignerOutputStream - Canonicalized SignedInfo:
14:58:09.746 [Test worker] DEBUG org.apache.xml.security.utils.SignerOutputStream - <ds:SignedInfo xmlns:ds="http://www.w3.org/2000/09/xmldsig#">
<ds:CanonicalizationMethod Algorithm="http://www.w3.org/2001/10/xml-exc-c14n#"></ds:CanonicalizationMethod>
<ds:SignatureMethod Algorithm="http://www.w3.org/2001/04/xmldsig-more#rsa-sha256"></ds:SignatureMethod>
<ds:Reference URI="#anId">
<ds:Transforms>
<ds:Transform Algorithm="http://www.w3.org/2000/09/xmldsig#enveloped-signature"></ds:Transform>
<ds:Transform Algorithm="http://www.w3.org/2001/10/xml-exc-c14n#"></ds:Transform>
</ds:Transforms>
<ds:DigestMethod Algorithm="http://www.w3.org/2001/04/xmlenc#sha256"></ds:DigestMethod>
<ds:DigestValue>2pYBb6xOZLj5QUZw/wuAWR7JjtzJGDGJ1a1y8NQEGtU=</ds:DigestValue>
</ds:Reference>
</ds:SignedInfo>
14:58:09.749 [Test worker] DEBUG org.apache.xml.security.utils.ElementProxy - setElement("ds:Transform", "null")
14:58:09.749 [Test worker] DEBUG org.opensaml.saml.security.impl.SAMLSignatureProfileValidator - Saw Enveloped signature transform
14:58:09.749 [Test worker] DEBUG org.apache.xml.security.utils.ElementProxy - setElement("ds:Transform", "null")
14:58:09.749 [Test worker] DEBUG org.opensaml.saml.security.impl.SAMLSignatureProfileValidator - Saw Exclusive C14N signature transform
14:58:09.750 [Test worker] DEBUG org.opensaml.xmlsec.signature.support.impl.BaseSignatureTrustEngine - Performing signature algorithm whitelist/blacklist validation using params from CriteriaSet
14:58:09.750 [Test worker] DEBUG org.opensaml.xmlsec.signature.support.impl.SignatureAlgorithmValidator - Validating SignedInfo/SignatureMethod/@Algorithm against whitelist/blacklist: http://www.w3.org/2001/04/xmldsig-more#rsa-sha256
14:58:09.750 [Test worker] DEBUG org.opensaml.xmlsec.signature.support.impl.SignatureAlgorithmValidator - Validating algorithm URI against whitelist and blacklist: algorithm: http://www.w3.org/2001/04/xmldsig-more#rsa-sha256, whitelist: [http://www.w3.org/2001/04/xmldsig-more#rsa-sha512, http://www.w3.org/2000/09/xmldsig#sha1, http://www.w3.org/2001/04/xmlenc#sha512, http://www.w3.org/2001/04/xmldsig-more#rsa-sha256, http://www.w3.org/2001/04/xmlenc#sha256, http://www.w3.org/2000/09/xmldsig#rsa-sha1], blacklist: []
14:58:09.750 [Test worker] DEBUG org.opensaml.xmlsec.algorithm.AlgorithmSupport - Saw non-null algorithm blacklist: []
14:58:09.750 [Test worker] DEBUG org.opensaml.xmlsec.algorithm.AlgorithmSupport - Algorithm passed blacklist validation: http://www.w3.org/2001/04/xmldsig-more#rsa-sha256
14:58:09.750 [Test worker] DEBUG org.opensaml.xmlsec.algorithm.AlgorithmSupport - Saw non-null algorithm whitelist: [http://www.w3.org/2001/04/xmldsig-more#rsa-sha512, http://www.w3.org/2000/09/xmldsig#sha1, http://www.w3.org/2001/04/xmlenc#sha512, http://www.w3.org/2001/04/xmldsig-more#rsa-sha256, http://www.w3.org/2001/04/xmlenc#sha256, http://www.w3.org/2000/09/xmldsig#rsa-sha1]
14:58:09.750 [Test worker] DEBUG org.opensaml.xmlsec.algorithm.AlgorithmSupport - Algorithm passed whitelist validation: http://www.w3.org/2001/04/xmldsig-more#rsa-sha256
14:58:09.750 [Test worker] DEBUG org.opensaml.xmlsec.signature.support.impl.SignatureAlgorithmValidator - Validating SignedInfo/Reference/DigestMethod/@Algorithm against whitelist/blacklist: http://www.w3.org/2001/04/xmlenc#sha256
14:58:09.750 [Test worker] DEBUG org.opensaml.xmlsec.signature.support.impl.SignatureAlgorithmValidator - Validating algorithm URI against whitelist and blacklist: algorithm: http://www.w3.org/2001/04/xmlenc#sha256, whitelist: [http://www.w3.org/2001/04/xmldsig-more#rsa-sha512, http://www.w3.org/2000/09/xmldsig#sha1, http://www.w3.org/2001/04/xmlenc#sha512, http://www.w3.org/2001/04/xmldsig-more#rsa-sha256, http://www.w3.org/2001/04/xmlenc#sha256, http://www.w3.org/2000/09/xmldsig#rsa-sha1], blacklist: []
14:58:09.750 [Test worker] DEBUG org.opensaml.xmlsec.algorithm.AlgorithmSupport - Saw non-null algorithm blacklist: []
14:58:09.750 [Test worker] DEBUG org.opensaml.xmlsec.algorithm.AlgorithmSupport - Algorithm passed blacklist validation: http://www.w3.org/2001/04/xmlenc#sha256
14:58:09.750 [Test worker] DEBUG org.opensaml.xmlsec.algorithm.AlgorithmSupport - Saw non-null algorithm whitelist: [http://www.w3.org/2001/04/xmldsig-more#rsa-sha512, http://www.w3.org/2000/09/xmldsig#sha1, http://www.w3.org/2001/04/xmlenc#sha512, http://www.w3.org/2001/04/xmldsig-more#rsa-sha256, http://www.w3.org/2001/04/xmlenc#sha256, http://www.w3.org/2000/09/xmldsig#rsa-sha1]
14:58:09.750 [Test worker] DEBUG org.opensaml.xmlsec.algorithm.AlgorithmSupport - Algorithm passed whitelist validation: http://www.w3.org/2001/04/xmlenc#sha256
14:58:09.750 [Test worker] DEBUG org.opensaml.xmlsec.signature.support.impl.BaseSignatureTrustEngine - Attempting to verify signature and establish trust using KeyInfo-derived credentials
14:58:09.750 [Test worker] DEBUG org.opensaml.xmlsec.signature.support.impl.BaseSignatureTrustEngine - Signature contained no KeyInfo element, could not resolve verification credentials
14:58:09.750 [Test worker] DEBUG org.opensaml.xmlsec.signature.support.impl.BaseSignatureTrustEngine - Failed to verify signature and/or establish trust using any KeyInfo-derived credentials
14:58:09.750 [Test worker] DEBUG org.opensaml.xmlsec.signature.support.impl.ExplicitKeySignatureTrustEngine - Attempting to verify signature using trusted credentials
14:58:09.750 [Test worker] DEBUG org.opensaml.xmlsec.signature.support.SignatureValidationProvider - Using a validation provider of implementation: org.opensaml.xmlsec.signature.support.provider.ApacheSantuarioSignatureValidationProviderImpl
14:58:09.750 [Test worker] DEBUG org.opensaml.xmlsec.signature.support.provider.ApacheSantuarioSignatureValidationProviderImpl - Attempting to validate signature using key from supplied credential
14:58:09.750 [Test worker] DEBUG org.opensaml.xmlsec.signature.support.provider.ApacheSantuarioSignatureValidationProviderImpl - Accessing XMLSignature object
14:58:09.750 [Test worker] DEBUG org.opensaml.xmlsec.signature.support.provider.ApacheSantuarioSignatureValidationProviderImpl - Validating signature with signature algorithm URI: http://www.w3.org/2001/04/xmldsig-more#rsa-sha256
14:58:09.750 [Test worker] DEBUG org.opensaml.xmlsec.signature.support.provider.ApacheSantuarioSignatureValidationProviderImpl - Validation credential key algorithm 'RSA', key instance class 'sun.security.rsa.RSAPublicKeyImpl'
14:58:09.750 [Test worker] DEBUG org.apache.xml.security.signature.XMLSignature - signatureMethodURI = http://www.w3.org/2001/04/xmldsig-more#rsa-sha256
14:58:09.750 [Test worker] DEBUG org.apache.xml.security.signature.XMLSignature - jceSigAlgorithm    = SHA256withRSA
14:58:09.750 [Test worker] DEBUG org.apache.xml.security.signature.XMLSignature - jceSigProvider     = SunRsaSign
14:58:09.750 [Test worker] DEBUG org.apache.xml.security.signature.XMLSignature - PublicKey = Sun RSA public key, 2048 bits
  modulus: 29661565466865858822213777168282943426939714058048863814131618959262055326686524034067084771065231712149539921346081944346397936363399690100840608397845307756315334022317517219876633006263454147272155286336727606522796880921103550938022720211151696581738939213739476141952593191308436813042936252687545137035166455002660478121017225183474993112090021369737861768882984387493729935697205880819466743626280109454603687587536282588576195647432312509500999623830562445007026743026958608467395710329014740842807769757806142655188427663764629833308992121291511482553904626598854250168151827151971234837768337295616595808239
  public exponent: 65537
14:58:09.750 [Test worker] DEBUG org.apache.xml.security.utils.SignerOutputStream - Canonicalized SignedInfo:
14:58:09.750 [Test worker] DEBUG org.apache.xml.security.utils.SignerOutputStream - <ds:SignedInfo xmlns:ds="http://www.w3.org/2000/09/xmldsig#">
<ds:CanonicalizationMethod Algorithm="http://www.w3.org/2001/10/xml-exc-c14n#"></ds:CanonicalizationMethod>
<ds:SignatureMethod Algorithm="http://www.w3.org/2001/04/xmldsig-more#rsa-sha256"></ds:SignatureMethod>
<ds:Reference URI="#anId">
<ds:Transforms>
<ds:Transform Algorithm="http://www.w3.org/2000/09/xmldsig#enveloped-signature"></ds:Transform>
<ds:Transform Algorithm="http://www.w3.org/2001/10/xml-exc-c14n#"></ds:Transform>
</ds:Transforms>
<ds:DigestMethod Algorithm="http://www.w3.org/2001/04/xmlenc#sha256"></ds:DigestMethod>
<ds:DigestValue>2pYBb6xOZLj5QUZw/wuAWR7JjtzJGDGJ1a1y8NQEGtU=</ds:DigestValue>
</ds:Reference>
</ds:SignedInfo>
14:58:09.751 [Test worker] DEBUG org.apache.xml.security.signature.Manifest - verify 1 References
14:58:09.751 [Test worker] DEBUG org.apache.xml.security.signature.Manifest - I am not requested to follow nested Manifests
14:58:09.751 [Test worker] DEBUG org.apache.xml.security.utils.ElementProxy - setElement("ds:Reference", "null")
14:58:09.751 [Test worker] DEBUG org.apache.xml.security.utils.ElementProxy - setElement("ds:Transforms", "null")
14:58:09.751 [Test worker] DEBUG org.apache.xml.security.algorithms.JCEMapper - Request for URI http://www.w3.org/2001/04/xmlenc#sha256
14:58:09.751 [Test worker] DEBUG org.apache.xml.security.utils.resolver.ResourceResolver - I was asked to create a ResourceResolver and got 0
14:58:09.751 [Test worker] DEBUG org.apache.xml.security.utils.resolver.ResourceResolver - check resolvability by class org.apache.xml.security.utils.resolver.ResourceResolver
14:58:09.751 [Test worker] DEBUG org.apache.xml.security.utils.resolver.implementations.ResolverFragment - State I can resolve reference: "#anId"
14:58:09.751 [Test worker] DEBUG org.apache.xml.security.utils.resolver.implementations.ResolverFragment - Try to catch an Element with ID anId and Element was [saml2p:AttributeQuery: null]
14:58:09.751 [Test worker] DEBUG org.apache.xml.security.utils.ElementProxy - setElement("ds:Transform", "null")
14:58:09.751 [Test worker] DEBUG org.apache.xml.security.transforms.Transforms - Perform the (0)th http://www.w3.org/2000/09/xmldsig#enveloped-signature transform
14:58:09.751 [Test worker] DEBUG org.apache.xml.security.utils.ElementProxy - setElement("ds:Transform", "null")
14:58:09.751 [Test worker] DEBUG org.apache.xml.security.transforms.Transforms - Perform the (1)th http://www.w3.org/2001/10/xml-exc-c14n# transform
14:58:09.751 [Test worker] DEBUG org.apache.xml.security.utils.DigesterOutputStream - Pre-digested input:
14:58:09.751 [Test worker] DEBUG org.apache.xml.security.utils.DigesterOutputStream - <saml2p:AttributeQuery xmlns:saml2p="urn:oasis:names:tc:SAML:2.0:protocol" xmlns:xsi="http://www.w3.org/2001/XMLSchema-instance" ID="anId" Version="2.0" xsi:type="saml2p:AttributeQueryType"><saml2:Issuer xmlns:saml2="urn:oasis:names:tc:SAML:2.0:assertion">a-test-entity</saml2:Issuer><saml2:Subject xmlns:saml2="urn:oasis:names:tc:SAML:2.0:assertion" xsi:type="saml2:SubjectType"><saml2:NameID Format="urn:oasis:names:tc:SAML:2.0:nameid-format:persistent"></saml2:NameID><saml2:SubjectConfirmation Method="urn:oasis:names:tc:SAML:2.0:cm:bearer" xsi:type="saml2:SubjectConfirmationType"><saml2:SubjectConfirmationData InResponseTo="default-request-id" NotOnOrAfter="2018-04-03T14:13:09.742Z" Recipient="https://signin.service.gov.uk" xsi:type="saml2:SubjectConfirmationDataType"></saml2:SubjectConfirmationData></saml2:SubjectConfirmation></saml2:Subject></saml2p:AttributeQuery>
14:58:09.751 [Test worker] DEBUG org.apache.xml.security.signature.Reference - Verification successful for URI "#anId"
14:58:09.751 [Test worker] DEBUG org.apache.xml.security.signature.Manifest - The Reference has Type 
14:58:09.751 [Test worker] DEBUG org.opensaml.xmlsec.signature.support.provider.ApacheSantuarioSignatureValidationProviderImpl - Signature validated with key from supplied credential
14:58:09.751 [Test worker] DEBUG org.opensaml.xmlsec.signature.support.impl.BaseSignatureTrustEngine - Signature validation using candidate credential was successful
14:58:09.751 [Test worker] DEBUG org.opensaml.xmlsec.signature.support.impl.ExplicitKeySignatureTrustEngine - Successfully verified signature using resolved trusted credential
14:58:09.752 [Test worker] DEBUG org.opensaml.saml.common.SAMLObjectSupport - Examining signed object for content references with exclusive canonicalization transform
14:58:09.752 [Test worker] DEBUG org.opensaml.saml.common.SAMLObjectSupport - Saw exclusive transform, declaring non-visible namespaces on signed object
14:58:09.753 [Test worker] DEBUG org.opensaml.xmlsec.signature.impl.SignatureMarshaller - Starting to marshall {http://www.w3.org/2000/09/xmldsig#}Signature
14:58:09.753 [Test worker] DEBUG org.opensaml.xmlsec.signature.impl.SignatureMarshaller - Creating XMLSignature object
14:58:09.753 [Test worker] DEBUG org.apache.xml.security.algorithms.SignatureAlgorithm - Create URI "http://www.w3.org/2001/04/xmldsig-more#rsa-sha256" class "class org.apache.xml.security.algorithms.implementations.SignatureBaseRSA$SignatureRSASHA256"
14:58:09.753 [Test worker] DEBUG org.apache.xml.security.algorithms.JCEMapper - Request for URI http://www.w3.org/2001/04/xmldsig-more#rsa-sha256
14:58:09.753 [Test worker] DEBUG org.apache.xml.security.algorithms.implementations.SignatureBaseRSA - Created SignatureRSA using SHA256withRSA
14:58:09.753 [Test worker] DEBUG org.opensaml.xmlsec.signature.impl.SignatureMarshaller - Adding content to XMLSignature.
14:58:09.753 [Test worker] DEBUG org.apache.xml.security.transforms.Transforms - Transforms.addTransform(http://www.w3.org/2000/09/xmldsig#enveloped-signature)
14:58:09.753 [Test worker] DEBUG org.apache.xml.security.transforms.Transform - Create URI "http://www.w3.org/2000/09/xmldsig#enveloped-signature" class "class org.apache.xml.security.transforms.implementations.TransformEnvelopedSignature"
14:58:09.753 [Test worker] DEBUG org.apache.xml.security.transforms.Transform - The NodeList is null
14:58:09.753 [Test worker] DEBUG org.apache.xml.security.transforms.Transforms - Transforms.addTransform(http://www.w3.org/2000/09/xmldsig#enveloped-signature)
14:58:09.753 [Test worker] DEBUG org.apache.xml.security.transforms.Transforms - Transforms.addTransform(http://www.w3.org/2001/10/xml-exc-c14n#)
14:58:09.753 [Test worker] DEBUG org.apache.xml.security.transforms.Transform - Create URI "http://www.w3.org/2001/10/xml-exc-c14n#" class "class org.apache.xml.security.transforms.implementations.TransformC14NExclusive"
14:58:09.753 [Test worker] DEBUG org.apache.xml.security.transforms.Transform - The NodeList is null
14:58:09.753 [Test worker] DEBUG org.apache.xml.security.transforms.Transforms - Transforms.addTransform(http://www.w3.org/2001/10/xml-exc-c14n#)
14:58:09.753 [Test worker] DEBUG org.apache.xml.security.utils.ElementProxy - setElement("ds:Transform", "null")
14:58:09.753 [Test worker] DEBUG org.opensaml.saml.common.SAMLObjectContentReference - Adding list of inclusive namespaces for signature exclusive canonicalization transform
14:58:09.753 [Test worker] DEBUG org.opensaml.xmlsec.signature.impl.SignatureMarshaller - Creating Signature DOM element
14:58:09.753 [Test worker] DEBUG org.opensaml.xmlsec.signature.support.Signer - Using a signer of implemenation: org.opensaml.xmlsec.signature.support.provider.ApacheSantuarioSignerProviderImpl
14:58:09.753 [Test worker] DEBUG org.opensaml.xmlsec.signature.support.provider.ApacheSantuarioSignerProviderImpl - Computing signature over XMLSignature object
14:58:09.753 [Test worker] DEBUG org.apache.xml.security.algorithms.JCEMapper - Request for URI http://www.w3.org/2001/04/xmlenc#sha256
14:58:09.753 [Test worker] DEBUG org.apache.xml.security.utils.resolver.ResourceResolver - I was asked to create a ResourceResolver and got 0
14:58:09.753 [Test worker] DEBUG org.apache.xml.security.utils.resolver.ResourceResolver - check resolvability by class org.apache.xml.security.utils.resolver.ResourceResolver
14:58:09.753 [Test worker] DEBUG org.apache.xml.security.utils.resolver.implementations.ResolverFragment - State I can resolve reference: "#some-assertion-id"
14:58:09.753 [Test worker] DEBUG org.apache.xml.security.utils.resolver.implementations.ResolverFragment - Try to catch an Element with ID some-assertion-id and Element was [saml2:Assertion: null]
14:58:09.753 [Test worker] DEBUG org.apache.xml.security.utils.ElementProxy - setElement("ds:Transform", "null")
14:58:09.753 [Test worker] DEBUG org.apache.xml.security.transforms.Transforms - Perform the (0)th http://www.w3.org/2000/09/xmldsig#enveloped-signature transform
14:58:09.753 [Test worker] DEBUG org.apache.xml.security.utils.ElementProxy - setElement("ds:Transform", "null")
14:58:09.753 [Test worker] DEBUG org.apache.xml.security.transforms.Transforms - Perform the (1)th http://www.w3.org/2001/10/xml-exc-c14n# transform
14:58:09.754 [Test worker] DEBUG org.apache.xml.security.utils.DigesterOutputStream - Pre-digested input:
14:58:09.754 [Test worker] DEBUG org.apache.xml.security.utils.DigesterOutputStream - <saml2:Assertion xmlns:saml2="urn:oasis:names:tc:SAML:2.0:assertion" xmlns:xsi="http://www.w3.org/2001/XMLSchema-instance" ID="some-assertion-id" IssueInstant="2018-04-03T13:58:09.752Z" Version="2.0" xsi:type="saml2:AssertionType"><saml2:Issuer>a-test-entity</saml2:Issuer><saml2:Subject xsi:type="saml2:SubjectType"><saml2:NameID Format="urn:oasis:names:tc:SAML:2.0:nameid-format:persistent"></saml2:NameID><saml2:SubjectConfirmation Method="urn:oasis:names:tc:SAML:2.0:cm:bearer" xsi:type="saml2:SubjectConfirmationType"><saml2:SubjectConfirmationData InResponseTo="default-request-id" NotOnOrAfter="2018-04-03T14:13:09.752Z" Recipient="https://signin.service.gov.uk" xsi:type="saml2:SubjectConfirmationDataType"></saml2:SubjectConfirmationData></saml2:SubjectConfirmation></saml2:Subject><saml2:Conditions xsi:type="saml2:ConditionsType"><saml2:AudienceRestriction xsi:type="saml2:AudienceRestrictionType"><saml2:Audience>https://signin.service.gov.uk</saml2:Audience></saml2:AudienceRestriction></saml2:Conditions></saml2:Assertion>
14:58:09.754 [Test worker] DEBUG org.apache.xml.security.utils.SignerOutputStream - Canonicalized SignedInfo:
14:58:09.754 [Test worker] DEBUG org.apache.xml.security.utils.SignerOutputStream - <ds:SignedInfo xmlns:ds="http://www.w3.org/2000/09/xmldsig#">
<ds:CanonicalizationMethod Algorithm="http://www.w3.org/2001/10/xml-exc-c14n#"></ds:CanonicalizationMethod>
<ds:SignatureMethod Algorithm="http://www.w3.org/2001/04/xmldsig-more#rsa-sha256"></ds:SignatureMethod>
<ds:Reference URI="#some-assertion-id">
<ds:Transforms>
<ds:Transform Algorithm="http://www.w3.org/2000/09/xmldsig#enveloped-signature"></ds:Transform>
<ds:Transform Algorithm="http://www.w3.org/2001/10/xml-exc-c14n#"></ds:Transform>
</ds:Transforms>
<ds:DigestMethod Algorithm="http://www.w3.org/2001/04/xmlenc#sha256"></ds:DigestMethod>
<ds:DigestValue>h6mc8GO3QbsFARRihGFzOwyiKnxTkqfS7fXtnaetUp0=</ds:DigestValue>
</ds:Reference>
</ds:SignedInfo>
14:58:09.758 [Test worker] DEBUG org.apache.xml.security.utils.ElementProxy - setElement("ds:Transform", "null")
14:58:09.758 [Test worker] DEBUG org.opensaml.saml.security.impl.SAMLSignatureProfileValidator - Saw Enveloped signature transform
14:58:09.758 [Test worker] DEBUG org.apache.xml.security.utils.ElementProxy - setElement("ds:Transform", "null")
14:58:09.758 [Test worker] DEBUG org.opensaml.saml.security.impl.SAMLSignatureProfileValidator - Saw Exclusive C14N signature transform
14:58:09.759 [Test worker] DEBUG org.opensaml.xmlsec.signature.support.impl.BaseSignatureTrustEngine - Performing signature algorithm whitelist/blacklist validation using params from CriteriaSet
14:58:09.759 [Test worker] DEBUG org.opensaml.xmlsec.signature.support.impl.SignatureAlgorithmValidator - Validating SignedInfo/SignatureMethod/@Algorithm against whitelist/blacklist: http://www.w3.org/2001/04/xmldsig-more#rsa-sha256
14:58:09.759 [Test worker] DEBUG org.opensaml.xmlsec.signature.support.impl.SignatureAlgorithmValidator - Validating algorithm URI against whitelist and blacklist: algorithm: http://www.w3.org/2001/04/xmldsig-more#rsa-sha256, whitelist: [http://www.w3.org/2001/04/xmldsig-more#rsa-sha512, http://www.w3.org/2000/09/xmldsig#sha1, http://www.w3.org/2001/04/xmlenc#sha512, http://www.w3.org/2001/04/xmldsig-more#rsa-sha256, http://www.w3.org/2001/04/xmlenc#sha256, http://www.w3.org/2000/09/xmldsig#rsa-sha1], blacklist: []
14:58:09.759 [Test worker] DEBUG org.opensaml.xmlsec.algorithm.AlgorithmSupport - Saw non-null algorithm blacklist: []
14:58:09.759 [Test worker] DEBUG org.opensaml.xmlsec.algorithm.AlgorithmSupport - Algorithm passed blacklist validation: http://www.w3.org/2001/04/xmldsig-more#rsa-sha256
14:58:09.759 [Test worker] DEBUG org.opensaml.xmlsec.algorithm.AlgorithmSupport - Saw non-null algorithm whitelist: [http://www.w3.org/2001/04/xmldsig-more#rsa-sha512, http://www.w3.org/2000/09/xmldsig#sha1, http://www.w3.org/2001/04/xmlenc#sha512, http://www.w3.org/2001/04/xmldsig-more#rsa-sha256, http://www.w3.org/2001/04/xmlenc#sha256, http://www.w3.org/2000/09/xmldsig#rsa-sha1]
14:58:09.759 [Test worker] DEBUG org.opensaml.xmlsec.algorithm.AlgorithmSupport - Algorithm passed whitelist validation: http://www.w3.org/2001/04/xmldsig-more#rsa-sha256
14:58:09.759 [Test worker] DEBUG org.opensaml.xmlsec.signature.support.impl.SignatureAlgorithmValidator - Validating SignedInfo/Reference/DigestMethod/@Algorithm against whitelist/blacklist: http://www.w3.org/2001/04/xmlenc#sha256
14:58:09.759 [Test worker] DEBUG org.opensaml.xmlsec.signature.support.impl.SignatureAlgorithmValidator - Validating algorithm URI against whitelist and blacklist: algorithm: http://www.w3.org/2001/04/xmlenc#sha256, whitelist: [http://www.w3.org/2001/04/xmldsig-more#rsa-sha512, http://www.w3.org/2000/09/xmldsig#sha1, http://www.w3.org/2001/04/xmlenc#sha512, http://www.w3.org/2001/04/xmldsig-more#rsa-sha256, http://www.w3.org/2001/04/xmlenc#sha256, http://www.w3.org/2000/09/xmldsig#rsa-sha1], blacklist: []
14:58:09.759 [Test worker] DEBUG org.opensaml.xmlsec.algorithm.AlgorithmSupport - Saw non-null algorithm blacklist: []
14:58:09.759 [Test worker] DEBUG org.opensaml.xmlsec.algorithm.AlgorithmSupport - Algorithm passed blacklist validation: http://www.w3.org/2001/04/xmlenc#sha256
14:58:09.759 [Test worker] DEBUG org.opensaml.xmlsec.algorithm.AlgorithmSupport - Saw non-null algorithm whitelist: [http://www.w3.org/2001/04/xmldsig-more#rsa-sha512, http://www.w3.org/2000/09/xmldsig#sha1, http://www.w3.org/2001/04/xmlenc#sha512, http://www.w3.org/2001/04/xmldsig-more#rsa-sha256, http://www.w3.org/2001/04/xmlenc#sha256, http://www.w3.org/2000/09/xmldsig#rsa-sha1]
14:58:09.759 [Test worker] DEBUG org.opensaml.xmlsec.algorithm.AlgorithmSupport - Algorithm passed whitelist validation: http://www.w3.org/2001/04/xmlenc#sha256
14:58:09.759 [Test worker] DEBUG org.opensaml.xmlsec.signature.support.impl.BaseSignatureTrustEngine - Attempting to verify signature and establish trust using KeyInfo-derived credentials
14:58:09.759 [Test worker] DEBUG org.opensaml.xmlsec.signature.support.impl.BaseSignatureTrustEngine - Signature contained no KeyInfo element, could not resolve verification credentials
14:58:09.759 [Test worker] DEBUG org.opensaml.xmlsec.signature.support.impl.BaseSignatureTrustEngine - Failed to verify signature and/or establish trust using any KeyInfo-derived credentials
14:58:09.759 [Test worker] DEBUG org.opensaml.xmlsec.signature.support.impl.ExplicitKeySignatureTrustEngine - Attempting to verify signature using trusted credentials
14:58:09.759 [Test worker] DEBUG org.opensaml.xmlsec.signature.support.SignatureValidationProvider - Using a validation provider of implementation: org.opensaml.xmlsec.signature.support.provider.ApacheSantuarioSignatureValidationProviderImpl
14:58:09.759 [Test worker] DEBUG org.opensaml.xmlsec.signature.support.provider.ApacheSantuarioSignatureValidationProviderImpl - Attempting to validate signature using key from supplied credential
14:58:09.759 [Test worker] DEBUG org.opensaml.xmlsec.signature.support.provider.ApacheSantuarioSignatureValidationProviderImpl - Accessing XMLSignature object
14:58:09.759 [Test worker] DEBUG org.opensaml.xmlsec.signature.support.provider.ApacheSantuarioSignatureValidationProviderImpl - Validating signature with signature algorithm URI: http://www.w3.org/2001/04/xmldsig-more#rsa-sha256
14:58:09.759 [Test worker] DEBUG org.opensaml.xmlsec.signature.support.provider.ApacheSantuarioSignatureValidationProviderImpl - Validation credential key algorithm 'RSA', key instance class 'sun.security.rsa.RSAPublicKeyImpl'
14:58:09.759 [Test worker] DEBUG org.apache.xml.security.signature.XMLSignature - signatureMethodURI = http://www.w3.org/2001/04/xmldsig-more#rsa-sha256
14:58:09.759 [Test worker] DEBUG org.apache.xml.security.signature.XMLSignature - jceSigAlgorithm    = SHA256withRSA
14:58:09.759 [Test worker] DEBUG org.apache.xml.security.signature.XMLSignature - jceSigProvider     = SunRsaSign
14:58:09.759 [Test worker] DEBUG org.apache.xml.security.signature.XMLSignature - PublicKey = Sun RSA public key, 2048 bits
  modulus: 29661565466865858822213777168282943426939714058048863814131618959262055326686524034067084771065231712149539921346081944346397936363399690100840608397845307756315334022317517219876633006263454147272155286336727606522796880921103550938022720211151696581738939213739476141952593191308436813042936252687545137035166455002660478121017225183474993112090021369737861768882984387493729935697205880819466743626280109454603687587536282588576195647432312509500999623830562445007026743026958608467395710329014740842807769757806142655188427663764629833308992121291511482553904626598854250168151827151971234837768337295616595808239
  public exponent: 65537
14:58:09.759 [Test worker] DEBUG org.apache.xml.security.utils.SignerOutputStream - Canonicalized SignedInfo:
14:58:09.759 [Test worker] DEBUG org.apache.xml.security.utils.SignerOutputStream - <ds:SignedInfo xmlns:ds="http://www.w3.org/2000/09/xmldsig#">
<ds:CanonicalizationMethod Algorithm="http://www.w3.org/2001/10/xml-exc-c14n#"></ds:CanonicalizationMethod>
<ds:SignatureMethod Algorithm="http://www.w3.org/2001/04/xmldsig-more#rsa-sha256"></ds:SignatureMethod>
<ds:Reference URI="#some-assertion-id">
<ds:Transforms>
<ds:Transform Algorithm="http://www.w3.org/2000/09/xmldsig#enveloped-signature"></ds:Transform>
<ds:Transform Algorithm="http://www.w3.org/2001/10/xml-exc-c14n#"></ds:Transform>
</ds:Transforms>
<ds:DigestMethod Algorithm="http://www.w3.org/2001/04/xmlenc#sha256"></ds:DigestMethod>
<ds:DigestValue>h6mc8GO3QbsFARRihGFzOwyiKnxTkqfS7fXtnaetUp0=</ds:DigestValue>
</ds:Reference>
</ds:SignedInfo>
14:58:09.760 [Test worker] DEBUG org.apache.xml.security.signature.Manifest - verify 1 References
14:58:09.760 [Test worker] DEBUG org.apache.xml.security.signature.Manifest - I am not requested to follow nested Manifests
14:58:09.760 [Test worker] DEBUG org.apache.xml.security.utils.ElementProxy - setElement("ds:Reference", "null")
14:58:09.760 [Test worker] DEBUG org.apache.xml.security.utils.ElementProxy - setElement("ds:Transforms", "null")
14:58:09.760 [Test worker] DEBUG org.apache.xml.security.algorithms.JCEMapper - Request for URI http://www.w3.org/2001/04/xmlenc#sha256
14:58:09.760 [Test worker] DEBUG org.apache.xml.security.utils.resolver.ResourceResolver - I was asked to create a ResourceResolver and got 0
14:58:09.760 [Test worker] DEBUG org.apache.xml.security.utils.resolver.ResourceResolver - check resolvability by class org.apache.xml.security.utils.resolver.ResourceResolver
14:58:09.760 [Test worker] DEBUG org.apache.xml.security.utils.resolver.implementations.ResolverFragment - State I can resolve reference: "#some-assertion-id"
14:58:09.760 [Test worker] DEBUG org.apache.xml.security.utils.resolver.implementations.ResolverFragment - Try to catch an Element with ID some-assertion-id and Element was [saml2:Assertion: null]
14:58:09.760 [Test worker] DEBUG org.apache.xml.security.utils.ElementProxy - setElement("ds:Transform", "null")
14:58:09.760 [Test worker] DEBUG org.apache.xml.security.transforms.Transforms - Perform the (0)th http://www.w3.org/2000/09/xmldsig#enveloped-signature transform
14:58:09.760 [Test worker] DEBUG org.apache.xml.security.utils.ElementProxy - setElement("ds:Transform", "null")
14:58:09.760 [Test worker] DEBUG org.apache.xml.security.transforms.Transforms - Perform the (1)th http://www.w3.org/2001/10/xml-exc-c14n# transform
14:58:09.760 [Test worker] DEBUG org.apache.xml.security.utils.DigesterOutputStream - Pre-digested input:
14:58:09.760 [Test worker] DEBUG org.apache.xml.security.utils.DigesterOutputStream - <saml2:Assertion xmlns:saml2="urn:oasis:names:tc:SAML:2.0:assertion" xmlns:xsi="http://www.w3.org/2001/XMLSchema-instance" ID="some-assertion-id" IssueInstant="2018-04-03T13:58:09.752Z" Version="2.0" xsi:type="saml2:AssertionType"><saml2:Issuer>a-test-entity</saml2:Issuer><saml2:Subject xsi:type="saml2:SubjectType"><saml2:NameID Format="urn:oasis:names:tc:SAML:2.0:nameid-format:persistent"></saml2:NameID><saml2:SubjectConfirmation Method="urn:oasis:names:tc:SAML:2.0:cm:bearer" xsi:type="saml2:SubjectConfirmationType"><saml2:SubjectConfirmationData InResponseTo="default-request-id" NotOnOrAfter="2018-04-03T14:13:09.752Z" Recipient="https://signin.service.gov.uk" xsi:type="saml2:SubjectConfirmationDataType"></saml2:SubjectConfirmationData></saml2:SubjectConfirmation></saml2:Subject><saml2:Conditions xsi:type="saml2:ConditionsType"><saml2:AudienceRestriction xsi:type="saml2:AudienceRestrictionType"><saml2:Audience>https://signin.service.gov.uk</saml2:Audience></saml2:AudienceRestriction></saml2:Conditions></saml2:Assertion>
14:58:09.760 [Test worker] DEBUG org.apache.xml.security.signature.Reference - Verification successful for URI "#some-assertion-id"
14:58:09.760 [Test worker] DEBUG org.apache.xml.security.signature.Manifest - The Reference has Type 
14:58:09.760 [Test worker] DEBUG org.opensaml.xmlsec.signature.support.provider.ApacheSantuarioSignatureValidationProviderImpl - Signature validated with key from supplied credential
14:58:09.760 [Test worker] DEBUG org.opensaml.xmlsec.signature.support.impl.BaseSignatureTrustEngine - Signature validation using candidate credential was successful
14:58:09.760 [Test worker] DEBUG org.opensaml.xmlsec.signature.support.impl.ExplicitKeySignatureTrustEngine - Successfully verified signature using resolved trusted credential
14:58:09.761 [Test worker] DEBUG org.opensaml.saml.common.SAMLObjectSupport - Examining signed object for content references with exclusive canonicalization transform
14:58:09.761 [Test worker] DEBUG org.opensaml.xmlsec.signature.impl.SignatureMarshaller - Starting to marshall {http://www.w3.org/2000/09/xmldsig#}Signature
14:58:09.761 [Test worker] DEBUG org.opensaml.xmlsec.signature.impl.SignatureMarshaller - Creating XMLSignature object
14:58:09.761 [Test worker] DEBUG org.apache.xml.security.algorithms.SignatureAlgorithm - Create URI "http://www.w3.org/2001/04/xmldsig-more#rsa-sha256" class "class org.apache.xml.security.algorithms.implementations.SignatureBaseRSA$SignatureRSASHA256"
14:58:09.761 [Test worker] DEBUG org.apache.xml.security.algorithms.JCEMapper - Request for URI http://www.w3.org/2001/04/xmldsig-more#rsa-sha256
14:58:09.761 [Test worker] DEBUG org.apache.xml.security.algorithms.implementations.SignatureBaseRSA - Created SignatureRSA using SHA256withRSA
14:58:09.761 [Test worker] DEBUG org.opensaml.xmlsec.signature.impl.SignatureMarshaller - Adding content to XMLSignature.
14:58:09.761 [Test worker] DEBUG org.apache.xml.security.transforms.Transforms - Transforms.addTransform(http://www.w3.org/2000/09/xmldsig#enveloped-signature)
14:58:09.761 [Test worker] DEBUG org.apache.xml.security.transforms.Transform - Create URI "http://www.w3.org/2000/09/xmldsig#enveloped-signature" class "class org.apache.xml.security.transforms.implementations.TransformEnvelopedSignature"
14:58:09.761 [Test worker] DEBUG org.apache.xml.security.transforms.Transform - The NodeList is null
14:58:09.761 [Test worker] DEBUG org.apache.xml.security.transforms.Transforms - Transforms.addTransform(http://www.w3.org/2000/09/xmldsig#enveloped-signature)
14:58:09.761 [Test worker] DEBUG org.apache.xml.security.transforms.Transforms - Transforms.addTransform(http://www.w3.org/2001/10/xml-exc-c14n#)
14:58:09.761 [Test worker] DEBUG org.apache.xml.security.transforms.Transform - Create URI "http://www.w3.org/2001/10/xml-exc-c14n#" class "class org.apache.xml.security.transforms.implementations.TransformC14NExclusive"
14:58:09.761 [Test worker] DEBUG org.apache.xml.security.transforms.Transform - The NodeList is null
14:58:09.761 [Test worker] DEBUG org.apache.xml.security.transforms.Transforms - Transforms.addTransform(http://www.w3.org/2001/10/xml-exc-c14n#)
14:58:09.761 [Test worker] DEBUG org.opensaml.xmlsec.signature.impl.SignatureMarshaller - Creating Signature DOM element
14:58:09.762 [Test worker] DEBUG org.opensaml.saml.common.SAMLObjectSupport - Examining signed object for content references with exclusive canonicalization transform
14:58:09.762 [Test worker] DEBUG org.opensaml.saml.common.SAMLObjectSupport - Saw exclusive transform, declaring non-visible namespaces on signed object
14:58:09.762 [Test worker] DEBUG org.opensaml.xmlsec.signature.impl.SignatureMarshaller - Starting to marshall {http://www.w3.org/2000/09/xmldsig#}Signature
14:58:09.762 [Test worker] DEBUG org.opensaml.xmlsec.signature.impl.SignatureMarshaller - Creating XMLSignature object
14:58:09.762 [Test worker] DEBUG org.apache.xml.security.algorithms.SignatureAlgorithm - Create URI "http://www.w3.org/2001/04/xmldsig-more#rsa-sha256" class "class org.apache.xml.security.algorithms.implementations.SignatureBaseRSA$SignatureRSASHA256"
14:58:09.762 [Test worker] DEBUG org.apache.xml.security.algorithms.JCEMapper - Request for URI http://www.w3.org/2001/04/xmldsig-more#rsa-sha256
14:58:09.762 [Test worker] DEBUG org.apache.xml.security.algorithms.implementations.SignatureBaseRSA - Created SignatureRSA using SHA256withRSA
14:58:09.762 [Test worker] DEBUG org.opensaml.xmlsec.signature.impl.SignatureMarshaller - Adding content to XMLSignature.
14:58:09.762 [Test worker] DEBUG org.apache.xml.security.transforms.Transforms - Transforms.addTransform(http://www.w3.org/2000/09/xmldsig#enveloped-signature)
14:58:09.762 [Test worker] DEBUG org.apache.xml.security.transforms.Transform - Create URI "http://www.w3.org/2000/09/xmldsig#enveloped-signature" class "class org.apache.xml.security.transforms.implementations.TransformEnvelopedSignature"
14:58:09.762 [Test worker] DEBUG org.apache.xml.security.transforms.Transform - The NodeList is null
14:58:09.762 [Test worker] DEBUG org.apache.xml.security.transforms.Transforms - Transforms.addTransform(http://www.w3.org/2000/09/xmldsig#enveloped-signature)
14:58:09.762 [Test worker] DEBUG org.apache.xml.security.transforms.Transforms - Transforms.addTransform(http://www.w3.org/2001/10/xml-exc-c14n#)
14:58:09.762 [Test worker] DEBUG org.apache.xml.security.transforms.Transform - Create URI "http://www.w3.org/2001/10/xml-exc-c14n#" class "class org.apache.xml.security.transforms.implementations.TransformC14NExclusive"
14:58:09.762 [Test worker] DEBUG org.apache.xml.security.transforms.Transform - The NodeList is null
14:58:09.762 [Test worker] DEBUG org.apache.xml.security.transforms.Transforms - Transforms.addTransform(http://www.w3.org/2001/10/xml-exc-c14n#)
14:58:09.762 [Test worker] DEBUG org.apache.xml.security.utils.ElementProxy - setElement("ds:Transform", "null")
14:58:09.762 [Test worker] DEBUG org.opensaml.saml.common.SAMLObjectContentReference - Adding list of inclusive namespaces for signature exclusive canonicalization transform
14:58:09.762 [Test worker] DEBUG org.opensaml.xmlsec.signature.impl.SignatureMarshaller - Creating Signature DOM element
14:58:09.762 [Test worker] DEBUG org.opensaml.xmlsec.signature.support.Signer - Using a signer of implemenation: org.opensaml.xmlsec.signature.support.provider.ApacheSantuarioSignerProviderImpl
14:58:09.762 [Test worker] DEBUG org.opensaml.xmlsec.signature.support.provider.ApacheSantuarioSignerProviderImpl - Computing signature over XMLSignature object
14:58:09.763 [Test worker] DEBUG org.apache.xml.security.algorithms.JCEMapper - Request for URI http://www.w3.org/2001/04/xmlenc#sha256
14:58:09.763 [Test worker] DEBUG org.apache.xml.security.utils.resolver.ResourceResolver - I was asked to create a ResourceResolver and got 0
14:58:09.763 [Test worker] DEBUG org.apache.xml.security.utils.resolver.ResourceResolver - check resolvability by class org.apache.xml.security.utils.resolver.ResourceResolver
14:58:09.763 [Test worker] DEBUG org.apache.xml.security.utils.resolver.implementations.ResolverFragment - State I can resolve reference: "#some-assertion-id"
14:58:09.763 [Test worker] DEBUG org.apache.xml.security.utils.resolver.implementations.ResolverFragment - Try to catch an Element with ID some-assertion-id and Element was [saml2:Assertion: null]
14:58:09.763 [Test worker] DEBUG org.apache.xml.security.utils.ElementProxy - setElement("ds:Transform", "null")
14:58:09.763 [Test worker] DEBUG org.apache.xml.security.transforms.Transforms - Perform the (0)th http://www.w3.org/2000/09/xmldsig#enveloped-signature transform
14:58:09.763 [Test worker] DEBUG org.apache.xml.security.utils.ElementProxy - setElement("ds:Transform", "null")
14:58:09.763 [Test worker] DEBUG org.apache.xml.security.transforms.Transforms - Perform the (1)th http://www.w3.org/2001/10/xml-exc-c14n# transform
14:58:09.763 [Test worker] DEBUG org.apache.xml.security.utils.DigesterOutputStream - Pre-digested input:
14:58:09.763 [Test worker] DEBUG org.apache.xml.security.utils.DigesterOutputStream - <saml2:Assertion xmlns:saml2="urn:oasis:names:tc:SAML:2.0:assertion" xmlns:xsi="http://www.w3.org/2001/XMLSchema-instance" ID="some-assertion-id" IssueInstant="2018-04-03T13:58:09.762Z" Version="2.0" xsi:type="saml2:AssertionType"><saml2:Issuer>a-test-entity</saml2:Issuer><saml2:Subject xsi:type="saml2:SubjectType"><saml2:NameID Format="urn:oasis:names:tc:SAML:2.0:nameid-format:persistent"></saml2:NameID><saml2:SubjectConfirmation Method="urn:oasis:names:tc:SAML:2.0:cm:bearer" xsi:type="saml2:SubjectConfirmationType"><saml2:SubjectConfirmationData InResponseTo="default-request-id" NotOnOrAfter="2018-04-03T14:13:09.762Z" Recipient="https://signin.service.gov.uk" xsi:type="saml2:SubjectConfirmationDataType"></saml2:SubjectConfirmationData></saml2:SubjectConfirmation></saml2:Subject><saml2:Conditions xsi:type="saml2:ConditionsType"><saml2:AudienceRestriction xsi:type="saml2:AudienceRestrictionType"><saml2:Audience>https://signin.service.gov.uk</saml2:Audience></saml2:AudienceRestriction></saml2:Conditions></saml2:Assertion>
14:58:09.763 [Test worker] DEBUG org.apache.xml.security.utils.SignerOutputStream - Canonicalized SignedInfo:
14:58:09.763 [Test worker] DEBUG org.apache.xml.security.utils.SignerOutputStream - <ds:SignedInfo xmlns:ds="http://www.w3.org/2000/09/xmldsig#">
<ds:CanonicalizationMethod Algorithm="http://www.w3.org/2001/10/xml-exc-c14n#"></ds:CanonicalizationMethod>
<ds:SignatureMethod Algorithm="http://www.w3.org/2001/04/xmldsig-more#rsa-sha256"></ds:SignatureMethod>
<ds:Reference URI="#some-assertion-id">
<ds:Transforms>
<ds:Transform Algorithm="http://www.w3.org/2000/09/xmldsig#enveloped-signature"></ds:Transform>
<ds:Transform Algorithm="http://www.w3.org/2001/10/xml-exc-c14n#"></ds:Transform>
</ds:Transforms>
<ds:DigestMethod Algorithm="http://www.w3.org/2001/04/xmlenc#sha256"></ds:DigestMethod>
<ds:DigestValue>jpR36Cknwf1gHx1GnaEEnC0UYv2S5OkcRQy7+qABSo4=</ds:DigestValue>
</ds:Reference>
</ds:SignedInfo>
14:58:09.767 [Test worker] DEBUG org.opensaml.core.xml.util.XMLObjectSupport - Marshalling XMLObject
14:58:09.767 [Test worker] DEBUG org.opensaml.core.xml.util.XMLObjectSupport - XMLObject already had cached DOM, returning that element
14:58:09.768 [Test worker] DEBUG org.opensaml.saml.saml2.encryption.Encrypter - Assertion before encryption:
<?xml version="1.0" encoding="UTF-8"?>
<saml2:Assertion ID="some-assertion-id"
    IssueInstant="2018-04-03T13:58:09.762Z" Version="2.0"
    xmlns:saml2="urn:oasis:names:tc:SAML:2.0:assertion"
    xmlns:xsi="http://www.w3.org/2001/XMLSchema-instance" xsi:type="saml2:AssertionType">
    <saml2:Issuer>a-test-entity</saml2:Issuer>
    <ds:Signature
                xmlns:ds="http://www.w3.org/2000/09/xmldsig#">
<ds:SignedInfo>
<ds:CanonicalizationMethod
                Algorithm="http://www.w3.org/2001/10/xml-exc-c14n#"/>
<ds:SignatureMethod
                Algorithm="http://www.w3.org/2001/04/xmldsig-more#rsa-sha256"/>
<ds:Reference
                        URI="#some-assertion-id">
<ds:Transforms>
<ds:Transform
                        Algorithm="http://www.w3.org/2000/09/xmldsig#enveloped-signature"/>
<ds:Transform
                    Algorithm="http://www.w3.org/2001/10/xml-exc-c14n#"/>
</ds:Transforms>
<ds:DigestMethod Algorithm="http://www.w3.org/2001/04/xmlenc#sha256"/>
<ds:DigestValue>jpR36Cknwf1gHx1GnaEEnC0UYv2S5OkcRQy7+qABSo4=</ds:DigestValue>
</ds:Reference>
</ds:SignedInfo>
<ds:SignatureValue>
N6WldKqe2wFapEtCT8SswOWXPLprL6sgGArwdFQJqqKvWZH6aIoXgJdWn/yoUt2MgNN2J31q2VNU
bQXH2rwR8iQrroge+E749XaJEN4rxeUgXdyd48H3KlBU0gIUIvdzrL1Uy5I8gp15F2QMHvG/xsBj
dANDwKWKypune49oNH6I3RgHdxB1g6GgipgsTC7KDs9n/DS/rNYs/UqGnnocZTXAHw1ypS3BuCnJ
DhPjb8v5vWqj/DjqjBaW10I/yy+WlG7Kvzsps8KlOEr8euDaOpR7WuF49OQcIbo6OVx2u1mfF+yX
1376lZHKSZsIARkNmWZR2Z19xsw5EB3747vpYw==
</ds:SignatureValue>
</ds:Signature>
    <saml2:Subject xsi:type="saml2:SubjectType">
        <saml2:NameID Format="urn:oasis:names:tc:SAML:2.0:nameid-format:persistent"/>
        <saml2:SubjectConfirmation
            Method="urn:oasis:names:tc:SAML:2.0:cm:bearer" xsi:type="saml2:SubjectConfirmationType">
            <saml2:SubjectConfirmationData
                InResponseTo="default-request-id"
                NotOnOrAfter="2018-04-03T14:13:09.762Z"
                Recipient="https://signin.service.gov.uk" xsi:type="saml2:SubjectConfirmationDataType"/>
        </saml2:SubjectConfirmation>
    </saml2:Subject>
    <saml2:Conditions xsi:type="saml2:ConditionsType">
        <saml2:AudienceRestriction xsi:type="saml2:AudienceRestrictionType">
            <saml2:Audience>https://signin.service.gov.uk</saml2:Audience>
        </saml2:AudienceRestriction>
    </saml2:Conditions>
</saml2:Assertion>

14:58:09.768 [Test worker] DEBUG org.opensaml.xmlsec.encryption.support.Encrypter - Generating random symmetric data encryption key from algorithm URI: http://www.w3.org/2001/04/xmlenc#aes128-cbc
14:58:09.768 [Test worker] DEBUG org.opensaml.xmlsec.encryption.support.Encrypter - Encrypting XMLObject using algorithm URI http://www.w3.org/2001/04/xmlenc#aes128-cbc with content mode false
14:58:09.768 [Test worker] DEBUG org.apache.xml.security.encryption.XMLCipher - Getting XMLCipher with transformation
14:58:09.768 [Test worker] DEBUG org.apache.xml.security.encryption.XMLCipher - Constructing XMLCipher...
14:58:09.768 [Test worker] DEBUG org.apache.xml.security.algorithms.JCEMapper - Request for URI http://www.w3.org/2001/04/xmlenc#aes128-cbc
14:58:09.768 [Test worker] DEBUG org.apache.xml.security.encryption.XMLCipher - JCE Algorithm = AES/CBC/ISO10126Padding
14:58:09.768 [Test worker] DEBUG org.apache.xml.security.encryption.XMLCipher - Initializing XMLCipher...
14:58:09.768 [Test worker] DEBUG org.apache.xml.security.encryption.XMLCipher - opmode = ENCRYPT_MODE
14:58:09.768 [Test worker] DEBUG org.apache.xml.security.encryption.XMLCipher - Encrypting element...
14:58:09.768 [Test worker] DEBUG org.apache.xml.security.encryption.XMLCipher - Serialized octets:
<saml2:Assertion xmlns:saml2="urn:oasis:names:tc:SAML:2.0:assertion" xmlns:xsi="http://www.w3.org/2001/XMLSchema-instance" ID="some-assertion-id" IssueInstant="2018-04-03T13:58:09.762Z" Version="2.0" xsi:type="saml2:AssertionType"><saml2:Issuer>a-test-entity</saml2:Issuer><ds:Signature xmlns:ds="http://www.w3.org/2000/09/xmldsig#">
<ds:SignedInfo>
<ds:CanonicalizationMethod Algorithm="http://www.w3.org/2001/10/xml-exc-c14n#"></ds:CanonicalizationMethod>
<ds:SignatureMethod Algorithm="http://www.w3.org/2001/04/xmldsig-more#rsa-sha256"></ds:SignatureMethod>
<ds:Reference URI="#some-assertion-id">
<ds:Transforms>
<ds:Transform Algorithm="http://www.w3.org/2000/09/xmldsig#enveloped-signature"></ds:Transform>
<ds:Transform Algorithm="http://www.w3.org/2001/10/xml-exc-c14n#"></ds:Transform>
</ds:Transforms>
<ds:DigestMethod Algorithm="http://www.w3.org/2001/04/xmlenc#sha256"></ds:DigestMethod>
<ds:DigestValue>jpR36Cknwf1gHx1GnaEEnC0UYv2S5OkcRQy7+qABSo4=</ds:DigestValue>
</ds:Reference>
</ds:SignedInfo>
<ds:SignatureValue>
N6WldKqe2wFapEtCT8SswOWXPLprL6sgGArwdFQJqqKvWZH6aIoXgJdWn/yoUt2MgNN2J31q2VNU
bQXH2rwR8iQrroge+E749XaJEN4rxeUgXdyd48H3KlBU0gIUIvdzrL1Uy5I8gp15F2QMHvG/xsBj
dANDwKWKypune49oNH6I3RgHdxB1g6GgipgsTC7KDs9n/DS/rNYs/UqGnnocZTXAHw1ypS3BuCnJ
DhPjb8v5vWqj/DjqjBaW10I/yy+WlG7Kvzsps8KlOEr8euDaOpR7WuF49OQcIbo6OVx2u1mfF+yX
1376lZHKSZsIARkNmWZR2Z19xsw5EB3747vpYw==
</ds:SignatureValue>
</ds:Signature><saml2:Subject xsi:type="saml2:SubjectType"><saml2:NameID Format="urn:oasis:names:tc:SAML:2.0:nameid-format:persistent"></saml2:NameID><saml2:SubjectConfirmation Method="urn:oasis:names:tc:SAML:2.0:cm:bearer" xsi:type="saml2:SubjectConfirmationType"><saml2:SubjectConfirmationData InResponseTo="default-request-id" NotOnOrAfter="2018-04-03T14:13:09.762Z" Recipient="https://signin.service.gov.uk" xsi:type="saml2:SubjectConfirmationDataType"></saml2:SubjectConfirmationData></saml2:SubjectConfirmation></saml2:Subject><saml2:Conditions xsi:type="saml2:ConditionsType"><saml2:AudienceRestriction xsi:type="saml2:AudienceRestrictionType"><saml2:Audience>https://signin.service.gov.uk</saml2:Audience></saml2:AudienceRestriction></saml2:Conditions></saml2:Assertion>
14:58:09.768 [Test worker] DEBUG org.apache.xml.security.encryption.XMLCipherUtil - Saw non-AES-GCM mode block cipher, returning IvParameterSpec: http://www.w3.org/2001/04/xmlenc#aes128-cbc
14:58:09.769 [Test worker] DEBUG org.apache.xml.security.encryption.XMLCipher - Expected cipher.outputSize = 2192
14:58:09.769 [Test worker] DEBUG org.apache.xml.security.encryption.XMLCipher - Actual cipher.outputSize = 2192
14:58:09.769 [Test worker] DEBUG org.apache.xml.security.encryption.XMLCipher - Encrypted octets:
RPbxqLV9BwZHW889+M9rYxzexDz3k1eZN2h7c/IevtgXWiWSx9WOWQHiY6XFHPe4WHtZtJUShNHV
viIHIFECBk631kP16Fe05GmJcPknAiE5I8IJ4Cw1/vQYeUnQrInluKW36eMMPOsNmYvSR+6MmWFd
hDeqKMb20CCLhRdkbjbIftCrfJZ4+ovhOgGzTgCALdm/CR5sJQtJzVJYLTRBwTTmRLHPPnpthmeN
7Osd4MT6z6t8IXvtO8XFVz09YdWVR9Vi26lclJhlfxnmwrF+dnfOHFJWhQs69Ficb+MfkN3erL3C
2c4ehuX5F0VRKghiOXbvQMDpBw2dCdYhYrCdfcog3ZP5V2Llz7mMvNPATgeFndodJzVNnurgnDLK
k8xapE86m5qKTTFePQr1g9BZfKjKL1rJIaVtpXEauhC0TecB91oB6Iec10CTk4gVBV/FbaIHL9pX
AaRR5KEmd+w7CK12t0szas9CabhxM9p2ZOkKGK4hgsHHrrejnJUKgnnKC8/GIS4GuFyBX1/Ut3As
fLs4xkmn8I/xMRFbT88S91vb8h+olX6nTidULZOTaFgYBhx/Z/59M9oMubVueHpj8IULdFOM8WM6
OiNkWxuFpBtFYhWpyLToY5i04U/+eWY3L8ySmIE8ZQ/m8yhJSzad9yUJkgGOJ6xXpCfRBcJw21uI
WHbPfQjhoD9iabFFuO/9wav9Nje0GgJ0UAvo1BWoxIeHoG9qOSxJ9IgSRtDTiZCDT19N3qEucftA
i7hbypYhQCRLbVGC5LW0eCQHC3vzGRiEQ+ADDDKx1LvEOAQYE94RRqL4cp/kr6cu36MWmTntt0vY
ycx/Fg9FgGigL3F9GRpop5jsFiHc9JHZOZ028i/naa0xyYHyWIq3nRzxurtUxW2cHHtwu0HfBPDm
xgQZUn3zGhOmjXasYyqmqI4uLfbQeBV2eNTUnsiuqZqbFAls3IVQX46RxAhhsHmvqLVdHNDUkxnz
fqPalPyDZi5wl92TMQJAogVPLOvvqqwtTu0VCrR3COV12UxAq3tdPksJtZ3Plwhfq1qGfWaZEJmw
khyfhbwfBOzltt1NLEkHBQLUuiMFf5/6iMauQ6fdlkBwsJRh281lF8CG6zhcBKOBJ0Amkj5xbl5N
LgliCtK6CYtGhsGx/LqAJelUzdoC3r9a8SVeOA+SjjaeNCL2LU+nVCH11rP8xGXjyfrFfSug/DGC
AJ+UcKYO6RMN7Ngu/iSmNGWDGJ56coH9ajQV1UynPsHlvJeGSrGXHFvve7l8K8zzEPcrdDWE64lG
DqM8k3vQpVeNLnqoKyaMZ8a8wuuHZX7cRyKcvaSlogegFNKy1/A1cx0uEIKTP4ZeQJEiOIKSup/E
TGBHv8pNG+YQIf5UF1FxljDMha8fZuqMoKjavWYPKkdjBQiJFV/78xMF47XzREXs/AzMM0P5caHR
zw6JusM8gs/rNHsmH0nS5APC2ffK++ZRMWgbfotYslApTy5PXdO2/yj0wKlPfJon9hX2aYTBpCIl
V2lVf7MCUUTicZrcPpZW6WtcmmLqAzGNEkmPr6vgzU2vjHAW/YbnFQqnOAF/CpqpJUp4eNCYFmRS
RiZJi0FdswFZfdveCmELA0AgdXxqIRjdCfWbs/PLbvPqbjU2IOd6/7BAJnun3VUZ+sMxYKmMKP1S
ZbqHNWRaDz5FUV/YisQDRJflrWXcwZSY4jn6F0WHx8BGzp1Wv7tLAPtKt5RMv2aacVPivn1DU1A2
9vArOaLWtrOEvPHJhsIKfC7/v+Y3Ahx3XtEHGR6mDfHHSj+xa23Zki4Kn5yBXFCX5bs48remW0Kd
7bjfTKfLOD60n/TQCxHsvY9PigF5FGpzlTOg4XNTkozpeX13FxSOLBAqk0DAup6w3hWWJmeB33qJ
LQqcFEO+d8146VU5Ol1PsghiDq3wPTXbByBoEjJH9+8QOUxZddhlfU2yDX6oz5nfCAHZb1GiJHp6
Xw5vtyKFY/KGNyZqeJbucbmeND0flbpBc4daYwYBYd1EmRxSCKc0l1PHUmqDDludrblbba9DW9e5
GdF1BLXzEHsQtUIJRYExaTvcPCu5icply90/WlQUfrsMHKceAMyaaszPko8r9GYLTqRQB0V+iR+G
gQ9J2U11QdXNV3r7h0kNViTAyX5TnC1jrnb08DdnJf6epGN/NxKSreDfS+4OkoJAYBgtqL6U8jT2
bnoEWNfavHsL5HLsPchzZ8XDP9L1Ng2SI5palTUtsl1fRDPssTYo2LAi7TptGfdW6n90BWxDhJvQ
CprCDIDcZuSyvT8aHNXvrBKhtcZPLa85zXgtYJLANELScwsOeZ4k4MTQbP0HkVaF66sN2gTHqIlS
Ib6PxWZkQwvL1pea4ALriqrfgz1cYBnO0U9RiyhLZALhW6ClNEg+/1hkRnWPKESLvptW3e/lcnOh
ndEOE+AsQCgToQja67ZvkNMPGFs2Sn6zv8G9eJzLPvhhnQOI7H3dWImF2T3fbzgXMUMVmYrN1vIF
tHTuh1iC4PKttJ+LoGlh0jXISfdmC08DBV4JITWzJWQA+QrsMdbqWRXutJbdV0PZhzTLxWywOLvg
7zwgjMM8+0Kdf1jRBlANzMdi378txFQqlpRNbT5WihZQ4CA0rhtTvcz5wXr8y1IgXRaIrQKEHUxY
dyfhX07CsUkeszH4vgitFkYlh/ANbflx0SeErVL5535lR3AvczrkAR+MJxI6JfkJtuRfb3g3EfsX
w9nSg29W8/BT/0FoAr+ZdEWIB91rL6Wbjmti/rYV15xzF+c7QNYhPvTREqH1TVfJetbPZY9sdgmP
ELbueNLfAhwTAtaJ7n79ZJTeTLFbwL9Xwi2YTUxAC+W9Gl5khzHOdas/VI/g9O8fo0wMWyAAYB1s
mwA3Yn+quOca6MUBVqCJjg7Ul7SBIJfF6uM+/5Hg+8bHzgfM4rMSSH1l
14:58:09.769 [Test worker] DEBUG org.apache.xml.security.encryption.XMLCipher - Encrypted octets length = 2982
14:58:09.769 [Test worker] DEBUG org.opensaml.xmlsec.encryption.support.Encrypter - Encrypting encryption key with algorithm: http://www.w3.org/2001/04/xmlenc#rsa-oaep-mgf1p
14:58:09.769 [Test worker] DEBUG org.apache.xml.security.encryption.XMLCipher - Getting XMLCipher with transformation
14:58:09.769 [Test worker] DEBUG org.apache.xml.security.encryption.XMLCipher - Constructing XMLCipher...
14:58:09.769 [Test worker] DEBUG org.apache.xml.security.algorithms.JCEMapper - Request for URI http://www.w3.org/2001/04/xmlenc#rsa-oaep-mgf1p
14:58:09.769 [Test worker] DEBUG org.apache.xml.security.encryption.XMLCipher - JCE Algorithm = RSA/ECB/OAEPPadding
14:58:09.769 [Test worker] DEBUG org.apache.xml.security.encryption.XMLCipher - Initializing XMLCipher...
14:58:09.769 [Test worker] DEBUG org.apache.xml.security.encryption.XMLCipher - opmode = WRAP_MODE
14:58:09.769 [Test worker] DEBUG org.apache.xml.security.encryption.XMLCipher - Encrypting key ...
14:58:09.770 [Test worker] DEBUG org.apache.xml.security.encryption.XMLCipher - Encrypted key octets:
lj4k9GpOOq6y3E6B5JH/gQMPfGveQ7JDnpD8yfd4/K/3MUX7ConzBF1V54rukcBpS2R4xiLPYHb9
/68gSh7LR0jy5DrRjEfVkmj9YxDXhM27WthZuBZ5SuTk+yL263b02z+W6H43bM/uemmlHLDY8lvJ
uYi0XhTgL7NKIhLqcBPB/LIBd6tXZ0TkiaHtz5j9Gc1PeEcqzYCXYsk3kF2uKaqkLui9cUtCXePC
Ic6KPGj7EBR9v13KmZ0oLVDCtIYyk7Nm3JRVfQUPKlN/udIRqlkwMWgtRbzsXwbNYA2YesOeOVmR
/BCg5raYhewGz1qClcNJs/A/LbCX400GuiwuJQ==
14:58:09.770 [Test worker] DEBUG org.apache.xml.security.encryption.XMLCipher - Encrypted key octets length = 348
14:58:09.770 [Test worker] DEBUG org.opensaml.saml.saml2.encryption.Encrypter - Placing EncryptedKey elements as peers of EncryptedData in EncryptedElementType
14:58:09.770 [Test worker] DEBUG org.opensaml.saml.saml2.encryption.Encrypter - Linking single peer EncryptedKey with RetrievalMethod and DataReference
14:58:09.770 [Test worker] DEBUG org.opensaml.saml.common.SAMLObjectSupport - Examining signed object for content references with exclusive canonicalization transform
14:58:09.771 [Test worker] DEBUG org.opensaml.xmlsec.signature.impl.SignatureMarshaller - Starting to marshall {http://www.w3.org/2000/09/xmldsig#}Signature
14:58:09.771 [Test worker] DEBUG org.opensaml.xmlsec.signature.impl.SignatureMarshaller - Creating XMLSignature object
14:58:09.771 [Test worker] DEBUG org.apache.xml.security.algorithms.SignatureAlgorithm - Create URI "http://www.w3.org/2001/04/xmldsig-more#rsa-sha256" class "class org.apache.xml.security.algorithms.implementations.SignatureBaseRSA$SignatureRSASHA256"
14:58:09.771 [Test worker] DEBUG org.apache.xml.security.algorithms.JCEMapper - Request for URI http://www.w3.org/2001/04/xmldsig-more#rsa-sha256
14:58:09.771 [Test worker] DEBUG org.apache.xml.security.algorithms.implementations.SignatureBaseRSA - Created SignatureRSA using SHA256withRSA
14:58:09.771 [Test worker] DEBUG org.opensaml.xmlsec.signature.impl.SignatureMarshaller - Adding content to XMLSignature.
14:58:09.771 [Test worker] DEBUG org.apache.xml.security.transforms.Transforms - Transforms.addTransform(http://www.w3.org/2000/09/xmldsig#enveloped-signature)
14:58:09.771 [Test worker] DEBUG org.apache.xml.security.transforms.Transform - Create URI "http://www.w3.org/2000/09/xmldsig#enveloped-signature" class "class org.apache.xml.security.transforms.implementations.TransformEnvelopedSignature"
14:58:09.771 [Test worker] DEBUG org.apache.xml.security.transforms.Transform - The NodeList is null
14:58:09.771 [Test worker] DEBUG org.apache.xml.security.transforms.Transforms - Transforms.addTransform(http://www.w3.org/2000/09/xmldsig#enveloped-signature)
14:58:09.771 [Test worker] DEBUG org.apache.xml.security.transforms.Transforms - Transforms.addTransform(http://www.w3.org/2001/10/xml-exc-c14n#)
14:58:09.771 [Test worker] DEBUG org.apache.xml.security.transforms.Transform - Create URI "http://www.w3.org/2001/10/xml-exc-c14n#" class "class org.apache.xml.security.transforms.implementations.TransformC14NExclusive"
14:58:09.771 [Test worker] DEBUG org.apache.xml.security.transforms.Transform - The NodeList is null
14:58:09.771 [Test worker] DEBUG org.apache.xml.security.transforms.Transforms - Transforms.addTransform(http://www.w3.org/2001/10/xml-exc-c14n#)
14:58:09.771 [Test worker] DEBUG org.opensaml.xmlsec.signature.impl.SignatureMarshaller - Creating Signature DOM element
14:58:09.771 [Test worker] DEBUG org.opensaml.xmlsec.signature.support.Signer - Using a signer of implemenation: org.opensaml.xmlsec.signature.support.provider.ApacheSantuarioSignerProviderImpl
14:58:09.771 [Test worker] DEBUG org.opensaml.xmlsec.signature.support.provider.ApacheSantuarioSignerProviderImpl - Computing signature over XMLSignature object
14:58:09.772 [Test worker] DEBUG org.apache.xml.security.algorithms.JCEMapper - Request for URI http://www.w3.org/2001/04/xmlenc#sha256
14:58:09.772 [Test worker] DEBUG org.apache.xml.security.utils.resolver.ResourceResolver - I was asked to create a ResourceResolver and got 0
14:58:09.772 [Test worker] DEBUG org.apache.xml.security.utils.resolver.ResourceResolver - check resolvability by class org.apache.xml.security.utils.resolver.ResourceResolver
14:58:09.772 [Test worker] DEBUG org.apache.xml.security.utils.resolver.implementations.ResolverFragment - State I can resolve reference: "#default-response-id"
14:58:09.772 [Test worker] DEBUG org.apache.xml.security.utils.resolver.implementations.ResolverFragment - Try to catch an Element with ID default-response-id and Element was [saml2p:Response: null]
14:58:09.772 [Test worker] DEBUG org.apache.xml.security.utils.ElementProxy - setElement("ds:Transform", "null")
14:58:09.772 [Test worker] DEBUG org.apache.xml.security.transforms.Transforms - Perform the (0)th http://www.w3.org/2000/09/xmldsig#enveloped-signature transform
14:58:09.772 [Test worker] DEBUG org.apache.xml.security.utils.ElementProxy - setElement("ds:Transform", "null")
14:58:09.772 [Test worker] DEBUG org.apache.xml.security.transforms.Transforms - Perform the (1)th http://www.w3.org/2001/10/xml-exc-c14n# transform
14:58:09.772 [Test worker] DEBUG org.apache.xml.security.utils.DigesterOutputStream - Pre-digested input:
14:58:09.772 [Test worker] DEBUG org.apache.xml.security.utils.DigesterOutputStream - <saml2p:Response xmlns:saml2p="urn:oasis:names:tc:SAML:2.0:protocol" xmlns:xsi="http://www.w3.org/2001/XMLSchema-instance" Destination="http://destination.com" ID="default-response-id" InResponseTo="default-request-id" IssueInstant="2018-04-03T13:58:09.761Z" Version="2.0" xsi:type="saml2p:ResponseType"><saml2:Issuer xmlns:saml2="urn:oasis:names:tc:SAML:2.0:assertion">a-test-entity</saml2:Issuer><saml2p:Status xsi:type="saml2p:StatusType"><saml2p:StatusCode Value="urn:oasis:names:tc:SAML:2.0:status:Success" xsi:type="saml2p:StatusCodeType"></saml2p:StatusCode></saml2p:Status><saml2:EncryptedAssertion xmlns:saml2="urn:oasis:names:tc:SAML:2.0:assertion"><xenc:EncryptedData xmlns:xenc="http://www.w3.org/2001/04/xmlenc#" Id="_2d471b13e48cff64c821151db9e8c129" Type="http://www.w3.org/2001/04/xmlenc#Element"><xenc:EncryptionMethod Algorithm="http://www.w3.org/2001/04/xmlenc#aes128-cbc"></xenc:EncryptionMethod><ds:KeyInfo xmlns:ds="http://www.w3.org/2000/09/xmldsig#"><ds:RetrievalMethod Type="http://www.w3.org/2001/04/xmlenc#EncryptedKey" URI="#_ded4c808b51bd8989a391d06bfaac852"></ds:RetrievalMethod></ds:KeyInfo><xenc:CipherData><xenc:CipherValue>RPbxqLV9BwZHW889+M9rYxzexDz3k1eZN2h7c/IevtgXWiWSx9WOWQHiY6XFHPe4WHtZtJUShNHV
viIHIFECBk631kP16Fe05GmJcPknAiE5I8IJ4Cw1/vQYeUnQrInluKW36eMMPOsNmYvSR+6MmWFd
hDeqKMb20CCLhRdkbjbIftCrfJZ4+ovhOgGzTgCALdm/CR5sJQtJzVJYLTRBwTTmRLHPPnpthmeN
7Osd4MT6z6t8IXvtO8XFVz09YdWVR9Vi26lclJhlfxnmwrF+dnfOHFJWhQs69Ficb+MfkN3erL3C
2c4ehuX5F0VRKghiOXbvQMDpBw2dCdYhYrCdfcog3ZP5V2Llz7mMvNPATgeFndodJzVNnurgnDLK
k8xapE86m5qKTTFePQr1g9BZfKjKL1rJIaVtpXEauhC0TecB91oB6Iec10CTk4gVBV/FbaIHL9pX
AaRR5KEmd+w7CK12t0szas9CabhxM9p2ZOkKGK4hgsHHrrejnJUKgnnKC8/GIS4GuFyBX1/Ut3As
fLs4xkmn8I/xMRFbT88S91vb8h+olX6nTidULZOTaFgYBhx/Z/59M9oMubVueHpj8IULdFOM8WM6
OiNkWxuFpBtFYhWpyLToY5i04U/+eWY3L8ySmIE8ZQ/m8yhJSzad9yUJkgGOJ6xXpCfRBcJw21uI
WHbPfQjhoD9iabFFuO/9wav9Nje0GgJ0UAvo1BWoxIeHoG9qOSxJ9IgSRtDTiZCDT19N3qEucftA
i7hbypYhQCRLbVGC5LW0eCQHC3vzGRiEQ+ADDDKx1LvEOAQYE94RRqL4cp/kr6cu36MWmTntt0vY
ycx/Fg9FgGigL3F9GRpop5jsFiHc9JHZOZ028i/naa0xyYHyWIq3nRzxurtUxW2cHHtwu0HfBPDm
xgQZUn3zGhOmjXasYyqmqI4uLfbQeBV2eNTUnsiuqZqbFAls3IVQX46RxAhhsHmvqLVdHNDUkxnz
fqPalPyDZi5wl92TMQJAogVPLOvvqqwtTu0VCrR3COV12UxAq3tdPksJtZ3Plwhfq1qGfWaZEJmw
khyfhbwfBOzltt1NLEkHBQLUuiMFf5/6iMauQ6fdlkBwsJRh281lF8CG6zhcBKOBJ0Amkj5xbl5N
LgliCtK6CYtGhsGx/LqAJelUzdoC3r9a8SVeOA+SjjaeNCL2LU+nVCH11rP8xGXjyfrFfSug/DGC
AJ+UcKYO6RMN7Ngu/iSmNGWDGJ56coH9ajQV1UynPsHlvJeGSrGXHFvve7l8K8zzEPcrdDWE64lG
DqM8k3vQpVeNLnqoKyaMZ8a8wuuHZX7cRyKcvaSlogegFNKy1/A1cx0uEIKTP4ZeQJEiOIKSup/E
TGBHv8pNG+YQIf5UF1FxljDMha8fZuqMoKjavWYPKkdjBQiJFV/78xMF47XzREXs/AzMM0P5caHR
zw6JusM8gs/rNHsmH0nS5APC2ffK++ZRMWgbfotYslApTy5PXdO2/yj0wKlPfJon9hX2aYTBpCIl
V2lVf7MCUUTicZrcPpZW6WtcmmLqAzGNEkmPr6vgzU2vjHAW/YbnFQqnOAF/CpqpJUp4eNCYFmRS
RiZJi0FdswFZfdveCmELA0AgdXxqIRjdCfWbs/PLbvPqbjU2IOd6/7BAJnun3VUZ+sMxYKmMKP1S
ZbqHNWRaDz5FUV/YisQDRJflrWXcwZSY4jn6F0WHx8BGzp1Wv7tLAPtKt5RMv2aacVPivn1DU1A2
9vArOaLWtrOEvPHJhsIKfC7/v+Y3Ahx3XtEHGR6mDfHHSj+xa23Zki4Kn5yBXFCX5bs48remW0Kd
7bjfTKfLOD60n/TQCxHsvY9PigF5FGpzlTOg4XNTkozpeX13FxSOLBAqk0DAup6w3hWWJmeB33qJ
LQqcFEO+d8146VU5Ol1PsghiDq3wPTXbByBoEjJH9+8QOUxZddhlfU2yDX6oz5nfCAHZb1GiJHp6
Xw5vtyKFY/KGNyZqeJbucbmeND0flbpBc4daYwYBYd1EmRxSCKc0l1PHUmqDDludrblbba9DW9e5
GdF1BLXzEHsQtUIJRYExaTvcPCu5icply90/WlQUfrsMHKceAMyaaszPko8r9GYLTqRQB0V+iR+G
gQ9J2U11QdXNV3r7h0kNViTAyX5TnC1jrnb08DdnJf6epGN/NxKSreDfS+4OkoJAYBgtqL6U8jT2
bnoEWNfavHsL5HLsPchzZ8XDP9L1Ng2SI5palTUtsl1fRDPssTYo2LAi7TptGfdW6n90BWxDhJvQ
CprCDIDcZuSyvT8aHNXvrBKhtcZPLa85zXgtYJLANELScwsOeZ4k4MTQbP0HkVaF66sN2gTHqIlS
Ib6PxWZkQwvL1pea4ALriqrfgz1cYBnO0U9RiyhLZALhW6ClNEg+/1hkRnWPKESLvptW3e/lcnOh
ndEOE+AsQCgToQja67ZvkNMPGFs2Sn6zv8G9eJzLPvhhnQOI7H3dWImF2T3fbzgXMUMVmYrN1vIF
tHTuh1iC4PKttJ+LoGlh0jXISfdmC08DBV4JITWzJWQA+QrsMdbqWRXutJbdV0PZhzTLxWywOLvg
7zwgjMM8+0Kdf1jRBlANzMdi378txFQqlpRNbT5WihZQ4CA0rhtTvcz5wXr8y1IgXRaIrQKEHUxY
dyfhX07CsUkeszH4vgitFkYlh/ANbflx0SeErVL5535lR3AvczrkAR+MJxI6JfkJtuRfb3g3EfsX
w9nSg29W8/BT/0FoAr+ZdEWIB91rL6Wbjmti/rYV15xzF+c7QNYhPvTREqH1TVfJetbPZY9sdgmP
ELbueNLfAhwTAtaJ7n79ZJTeTLFbwL9Xwi2YTUxAC+W9Gl5khzHOdas/VI/g9O8fo0wMWyAAYB1s
mwA3Yn+quOca6MUBVqCJjg7Ul7SBIJfF6uM+/5Hg+8bHzgfM4rMSSH1l</xenc:CipherValue></xenc:CipherData></xenc:EncryptedData><xenc:EncryptedKey xmlns:xenc="http://www.w3.org/2001/04/xmlenc#" Id="_ded4c808b51bd8989a391d06bfaac852"><xenc:EncryptionMethod Algorithm="http://www.w3.org/2001/04/xmlenc#rsa-oaep-mgf1p"><ds:DigestMethod xmlns:ds="http://www.w3.org/2000/09/xmldsig#" Algorithm="http://www.w3.org/2000/09/xmldsig#sha1"></ds:DigestMethod></xenc:EncryptionMethod><xenc:CipherData><xenc:CipherValue>lj4k9GpOOq6y3E6B5JH/gQMPfGveQ7JDnpD8yfd4/K/3MUX7ConzBF1V54rukcBpS2R4xiLPYHb9
/68gSh7LR0jy5DrRjEfVkmj9YxDXhM27WthZuBZ5SuTk+yL263b02z+W6H43bM/uemmlHLDY8lvJ
uYi0XhTgL7NKIhLqcBPB/LIBd6tXZ0TkiaHtz5j9Gc1PeEcqzYCXYsk3kF2uKaqkLui9cUtCXePC
Ic6KPGj7EBR9v13KmZ0oLVDCtIYyk7Nm3JRVfQUPKlN/udIRqlkwMWgtRbzsXwbNYA2YesOeOVmR
/BCg5raYhewGz1qClcNJs/A/LbCX400GuiwuJQ==</xenc:CipherValue></xenc:CipherData><xenc:ReferenceList><xenc:DataReference URI="#_2d471b13e48cff64c821151db9e8c129"></xenc:DataReference></xenc:ReferenceList></xenc:EncryptedKey></saml2:EncryptedAssertion></saml2p:Response>
14:58:09.772 [Test worker] DEBUG org.apache.xml.security.utils.SignerOutputStream - Canonicalized SignedInfo:
14:58:09.772 [Test worker] DEBUG org.apache.xml.security.utils.SignerOutputStream - <ds:SignedInfo xmlns:ds="http://www.w3.org/2000/09/xmldsig#">
<ds:CanonicalizationMethod Algorithm="http://www.w3.org/2001/10/xml-exc-c14n#"></ds:CanonicalizationMethod>
<ds:SignatureMethod Algorithm="http://www.w3.org/2001/04/xmldsig-more#rsa-sha256"></ds:SignatureMethod>
<ds:Reference URI="#default-response-id">
<ds:Transforms>
<ds:Transform Algorithm="http://www.w3.org/2000/09/xmldsig#enveloped-signature"></ds:Transform>
<ds:Transform Algorithm="http://www.w3.org/2001/10/xml-exc-c14n#"></ds:Transform>
</ds:Transforms>
<ds:DigestMethod Algorithm="http://www.w3.org/2001/04/xmlenc#sha256"></ds:DigestMethod>
<ds:DigestValue>NEJIo8h0CkN24XMCAFOSxdQtuDNBluHSnNcoDJX5Uac=</ds:DigestValue>
</ds:Reference>
</ds:SignedInfo>
14:58:09.776 [Test worker] DEBUG org.apache.xml.security.utils.ElementProxy - setElement("ds:Transform", "null")
14:58:09.776 [Test worker] DEBUG org.opensaml.saml.security.impl.SAMLSignatureProfileValidator - Saw Enveloped signature transform
14:58:09.776 [Test worker] DEBUG org.apache.xml.security.utils.ElementProxy - setElement("ds:Transform", "null")
14:58:09.776 [Test worker] DEBUG org.opensaml.saml.security.impl.SAMLSignatureProfileValidator - Saw Exclusive C14N signature transform
14:58:09.776 [Test worker] DEBUG org.opensaml.xmlsec.signature.support.impl.BaseSignatureTrustEngine - Performing signature algorithm whitelist/blacklist validation using params from CriteriaSet
14:58:09.777 [Test worker] DEBUG org.opensaml.xmlsec.signature.support.impl.SignatureAlgorithmValidator - Validating SignedInfo/SignatureMethod/@Algorithm against whitelist/blacklist: http://www.w3.org/2001/04/xmldsig-more#rsa-sha256
14:58:09.777 [Test worker] DEBUG org.opensaml.xmlsec.signature.support.impl.SignatureAlgorithmValidator - Validating algorithm URI against whitelist and blacklist: algorithm: http://www.w3.org/2001/04/xmldsig-more#rsa-sha256, whitelist: [http://www.w3.org/2001/04/xmldsig-more#rsa-sha512, http://www.w3.org/2000/09/xmldsig#sha1, http://www.w3.org/2001/04/xmlenc#sha512, http://www.w3.org/2001/04/xmldsig-more#rsa-sha256, http://www.w3.org/2001/04/xmlenc#sha256, http://www.w3.org/2000/09/xmldsig#rsa-sha1], blacklist: []
14:58:09.777 [Test worker] DEBUG org.opensaml.xmlsec.algorithm.AlgorithmSupport - Saw non-null algorithm blacklist: []
14:58:09.777 [Test worker] DEBUG org.opensaml.xmlsec.algorithm.AlgorithmSupport - Algorithm passed blacklist validation: http://www.w3.org/2001/04/xmldsig-more#rsa-sha256
14:58:09.777 [Test worker] DEBUG org.opensaml.xmlsec.algorithm.AlgorithmSupport - Saw non-null algorithm whitelist: [http://www.w3.org/2001/04/xmldsig-more#rsa-sha512, http://www.w3.org/2000/09/xmldsig#sha1, http://www.w3.org/2001/04/xmlenc#sha512, http://www.w3.org/2001/04/xmldsig-more#rsa-sha256, http://www.w3.org/2001/04/xmlenc#sha256, http://www.w3.org/2000/09/xmldsig#rsa-sha1]
14:58:09.777 [Test worker] DEBUG org.opensaml.xmlsec.algorithm.AlgorithmSupport - Algorithm passed whitelist validation: http://www.w3.org/2001/04/xmldsig-more#rsa-sha256
14:58:09.777 [Test worker] DEBUG org.opensaml.xmlsec.signature.support.impl.SignatureAlgorithmValidator - Validating SignedInfo/Reference/DigestMethod/@Algorithm against whitelist/blacklist: http://www.w3.org/2001/04/xmlenc#sha256
14:58:09.777 [Test worker] DEBUG org.opensaml.xmlsec.signature.support.impl.SignatureAlgorithmValidator - Validating algorithm URI against whitelist and blacklist: algorithm: http://www.w3.org/2001/04/xmlenc#sha256, whitelist: [http://www.w3.org/2001/04/xmldsig-more#rsa-sha512, http://www.w3.org/2000/09/xmldsig#sha1, http://www.w3.org/2001/04/xmlenc#sha512, http://www.w3.org/2001/04/xmldsig-more#rsa-sha256, http://www.w3.org/2001/04/xmlenc#sha256, http://www.w3.org/2000/09/xmldsig#rsa-sha1], blacklist: []
14:58:09.777 [Test worker] DEBUG org.opensaml.xmlsec.algorithm.AlgorithmSupport - Saw non-null algorithm blacklist: []
14:58:09.777 [Test worker] DEBUG org.opensaml.xmlsec.algorithm.AlgorithmSupport - Algorithm passed blacklist validation: http://www.w3.org/2001/04/xmlenc#sha256
14:58:09.777 [Test worker] DEBUG org.opensaml.xmlsec.algorithm.AlgorithmSupport - Saw non-null algorithm whitelist: [http://www.w3.org/2001/04/xmldsig-more#rsa-sha512, http://www.w3.org/2000/09/xmldsig#sha1, http://www.w3.org/2001/04/xmlenc#sha512, http://www.w3.org/2001/04/xmldsig-more#rsa-sha256, http://www.w3.org/2001/04/xmlenc#sha256, http://www.w3.org/2000/09/xmldsig#rsa-sha1]
14:58:09.777 [Test worker] DEBUG org.opensaml.xmlsec.algorithm.AlgorithmSupport - Algorithm passed whitelist validation: http://www.w3.org/2001/04/xmlenc#sha256
14:58:09.777 [Test worker] DEBUG org.opensaml.xmlsec.signature.support.impl.BaseSignatureTrustEngine - Attempting to verify signature and establish trust using KeyInfo-derived credentials
14:58:09.777 [Test worker] DEBUG org.opensaml.xmlsec.signature.support.impl.BaseSignatureTrustEngine - Signature contained no KeyInfo element, could not resolve verification credentials
14:58:09.777 [Test worker] DEBUG org.opensaml.xmlsec.signature.support.impl.BaseSignatureTrustEngine - Failed to verify signature and/or establish trust using any KeyInfo-derived credentials
14:58:09.777 [Test worker] DEBUG org.opensaml.xmlsec.signature.support.impl.ExplicitKeySignatureTrustEngine - Attempting to verify signature using trusted credentials
14:58:09.777 [Test worker] DEBUG org.opensaml.xmlsec.signature.support.SignatureValidationProvider - Using a validation provider of implementation: org.opensaml.xmlsec.signature.support.provider.ApacheSantuarioSignatureValidationProviderImpl
14:58:09.777 [Test worker] DEBUG org.opensaml.xmlsec.signature.support.provider.ApacheSantuarioSignatureValidationProviderImpl - Attempting to validate signature using key from supplied credential
14:58:09.777 [Test worker] DEBUG org.opensaml.xmlsec.signature.support.provider.ApacheSantuarioSignatureValidationProviderImpl - Accessing XMLSignature object
14:58:09.777 [Test worker] DEBUG org.opensaml.xmlsec.signature.support.provider.ApacheSantuarioSignatureValidationProviderImpl - Validating signature with signature algorithm URI: http://www.w3.org/2001/04/xmldsig-more#rsa-sha256
14:58:09.777 [Test worker] DEBUG org.opensaml.xmlsec.signature.support.provider.ApacheSantuarioSignatureValidationProviderImpl - Validation credential key algorithm 'RSA', key instance class 'sun.security.rsa.RSAPublicKeyImpl'
14:58:09.777 [Test worker] DEBUG org.apache.xml.security.signature.XMLSignature - signatureMethodURI = http://www.w3.org/2001/04/xmldsig-more#rsa-sha256
14:58:09.777 [Test worker] DEBUG org.apache.xml.security.signature.XMLSignature - jceSigAlgorithm    = SHA256withRSA
14:58:09.777 [Test worker] DEBUG org.apache.xml.security.signature.XMLSignature - jceSigProvider     = SunRsaSign
14:58:09.777 [Test worker] DEBUG org.apache.xml.security.signature.XMLSignature - PublicKey = Sun RSA public key, 2048 bits
  modulus: 29661565466865858822213777168282943426939714058048863814131618959262055326686524034067084771065231712149539921346081944346397936363399690100840608397845307756315334022317517219876633006263454147272155286336727606522796880921103550938022720211151696581738939213739476141952593191308436813042936252687545137035166455002660478121017225183474993112090021369737861768882984387493729935697205880819466743626280109454603687587536282588576195647432312509500999623830562445007026743026958608467395710329014740842807769757806142655188427663764629833308992121291511482553904626598854250168151827151971234837768337295616595808239
  public exponent: 65537
14:58:09.777 [Test worker] DEBUG org.apache.xml.security.utils.SignerOutputStream - Canonicalized SignedInfo:
14:58:09.777 [Test worker] DEBUG org.apache.xml.security.utils.SignerOutputStream - <ds:SignedInfo xmlns:ds="http://www.w3.org/2000/09/xmldsig#">
<ds:CanonicalizationMethod Algorithm="http://www.w3.org/2001/10/xml-exc-c14n#"></ds:CanonicalizationMethod>
<ds:SignatureMethod Algorithm="http://www.w3.org/2001/04/xmldsig-more#rsa-sha256"></ds:SignatureMethod>
<ds:Reference URI="#default-response-id">
<ds:Transforms>
<ds:Transform Algorithm="http://www.w3.org/2000/09/xmldsig#enveloped-signature"></ds:Transform>
<ds:Transform Algorithm="http://www.w3.org/2001/10/xml-exc-c14n#"></ds:Transform>
</ds:Transforms>
<ds:DigestMethod Algorithm="http://www.w3.org/2001/04/xmlenc#sha256"></ds:DigestMethod>
<ds:DigestValue>NEJIo8h0CkN24XMCAFOSxdQtuDNBluHSnNcoDJX5Uac=</ds:DigestValue>
</ds:Reference>
</ds:SignedInfo>
14:58:09.777 [Test worker] DEBUG org.apache.xml.security.signature.Manifest - verify 1 References
14:58:09.777 [Test worker] DEBUG org.apache.xml.security.signature.Manifest - I am not requested to follow nested Manifests
14:58:09.777 [Test worker] DEBUG org.apache.xml.security.utils.ElementProxy - setElement("ds:Reference", "null")
14:58:09.777 [Test worker] DEBUG org.apache.xml.security.utils.ElementProxy - setElement("ds:Transforms", "null")
14:58:09.778 [Test worker] DEBUG org.apache.xml.security.algorithms.JCEMapper - Request for URI http://www.w3.org/2001/04/xmlenc#sha256
14:58:09.778 [Test worker] DEBUG org.apache.xml.security.utils.resolver.ResourceResolver - I was asked to create a ResourceResolver and got 0
14:58:09.778 [Test worker] DEBUG org.apache.xml.security.utils.resolver.ResourceResolver - check resolvability by class org.apache.xml.security.utils.resolver.ResourceResolver
14:58:09.778 [Test worker] DEBUG org.apache.xml.security.utils.resolver.implementations.ResolverFragment - State I can resolve reference: "#default-response-id"
14:58:09.778 [Test worker] DEBUG org.apache.xml.security.utils.resolver.implementations.ResolverFragment - Try to catch an Element with ID default-response-id and Element was [saml2p:Response: null]
14:58:09.778 [Test worker] DEBUG org.apache.xml.security.utils.ElementProxy - setElement("ds:Transform", "null")
14:58:09.778 [Test worker] DEBUG org.apache.xml.security.transforms.Transforms - Perform the (0)th http://www.w3.org/2000/09/xmldsig#enveloped-signature transform
14:58:09.778 [Test worker] DEBUG org.apache.xml.security.utils.ElementProxy - setElement("ds:Transform", "null")
14:58:09.778 [Test worker] DEBUG org.apache.xml.security.transforms.Transforms - Perform the (1)th http://www.w3.org/2001/10/xml-exc-c14n# transform
14:58:09.778 [Test worker] DEBUG org.apache.xml.security.utils.DigesterOutputStream - Pre-digested input:
14:58:09.778 [Test worker] DEBUG org.apache.xml.security.utils.DigesterOutputStream - <saml2p:Response xmlns:saml2p="urn:oasis:names:tc:SAML:2.0:protocol" xmlns:xsi="http://www.w3.org/2001/XMLSchema-instance" Destination="http://destination.com" ID="default-response-id" InResponseTo="default-request-id" IssueInstant="2018-04-03T13:58:09.761Z" Version="2.0" xsi:type="saml2p:ResponseType"><saml2:Issuer xmlns:saml2="urn:oasis:names:tc:SAML:2.0:assertion">a-test-entity</saml2:Issuer><saml2p:Status xsi:type="saml2p:StatusType"><saml2p:StatusCode Value="urn:oasis:names:tc:SAML:2.0:status:Success" xsi:type="saml2p:StatusCodeType"></saml2p:StatusCode></saml2p:Status><saml2:EncryptedAssertion xmlns:saml2="urn:oasis:names:tc:SAML:2.0:assertion"><xenc:EncryptedData xmlns:xenc="http://www.w3.org/2001/04/xmlenc#" Id="_2d471b13e48cff64c821151db9e8c129" Type="http://www.w3.org/2001/04/xmlenc#Element"><xenc:EncryptionMethod Algorithm="http://www.w3.org/2001/04/xmlenc#aes128-cbc"></xenc:EncryptionMethod><ds:KeyInfo xmlns:ds="http://www.w3.org/2000/09/xmldsig#"><ds:RetrievalMethod Type="http://www.w3.org/2001/04/xmlenc#EncryptedKey" URI="#_ded4c808b51bd8989a391d06bfaac852"></ds:RetrievalMethod></ds:KeyInfo><xenc:CipherData><xenc:CipherValue>RPbxqLV9BwZHW889+M9rYxzexDz3k1eZN2h7c/IevtgXWiWSx9WOWQHiY6XFHPe4WHtZtJUShNHV
viIHIFECBk631kP16Fe05GmJcPknAiE5I8IJ4Cw1/vQYeUnQrInluKW36eMMPOsNmYvSR+6MmWFd
hDeqKMb20CCLhRdkbjbIftCrfJZ4+ovhOgGzTgCALdm/CR5sJQtJzVJYLTRBwTTmRLHPPnpthmeN
7Osd4MT6z6t8IXvtO8XFVz09YdWVR9Vi26lclJhlfxnmwrF+dnfOHFJWhQs69Ficb+MfkN3erL3C
2c4ehuX5F0VRKghiOXbvQMDpBw2dCdYhYrCdfcog3ZP5V2Llz7mMvNPATgeFndodJzVNnurgnDLK
k8xapE86m5qKTTFePQr1g9BZfKjKL1rJIaVtpXEauhC0TecB91oB6Iec10CTk4gVBV/FbaIHL9pX
AaRR5KEmd+w7CK12t0szas9CabhxM9p2ZOkKGK4hgsHHrrejnJUKgnnKC8/GIS4GuFyBX1/Ut3As
fLs4xkmn8I/xMRFbT88S91vb8h+olX6nTidULZOTaFgYBhx/Z/59M9oMubVueHpj8IULdFOM8WM6
OiNkWxuFpBtFYhWpyLToY5i04U/+eWY3L8ySmIE8ZQ/m8yhJSzad9yUJkgGOJ6xXpCfRBcJw21uI
WHbPfQjhoD9iabFFuO/9wav9Nje0GgJ0UAvo1BWoxIeHoG9qOSxJ9IgSRtDTiZCDT19N3qEucftA
i7hbypYhQCRLbVGC5LW0eCQHC3vzGRiEQ+ADDDKx1LvEOAQYE94RRqL4cp/kr6cu36MWmTntt0vY
ycx/Fg9FgGigL3F9GRpop5jsFiHc9JHZOZ028i/naa0xyYHyWIq3nRzxurtUxW2cHHtwu0HfBPDm
xgQZUn3zGhOmjXasYyqmqI4uLfbQeBV2eNTUnsiuqZqbFAls3IVQX46RxAhhsHmvqLVdHNDUkxnz
fqPalPyDZi5wl92TMQJAogVPLOvvqqwtTu0VCrR3COV12UxAq3tdPksJtZ3Plwhfq1qGfWaZEJmw
khyfhbwfBOzltt1NLEkHBQLUuiMFf5/6iMauQ6fdlkBwsJRh281lF8CG6zhcBKOBJ0Amkj5xbl5N
LgliCtK6CYtGhsGx/LqAJelUzdoC3r9a8SVeOA+SjjaeNCL2LU+nVCH11rP8xGXjyfrFfSug/DGC
AJ+UcKYO6RMN7Ngu/iSmNGWDGJ56coH9ajQV1UynPsHlvJeGSrGXHFvve7l8K8zzEPcrdDWE64lG
DqM8k3vQpVeNLnqoKyaMZ8a8wuuHZX7cRyKcvaSlogegFNKy1/A1cx0uEIKTP4ZeQJEiOIKSup/E
TGBHv8pNG+YQIf5UF1FxljDMha8fZuqMoKjavWYPKkdjBQiJFV/78xMF47XzREXs/AzMM0P5caHR
zw6JusM8gs/rNHsmH0nS5APC2ffK++ZRMWgbfotYslApTy5PXdO2/yj0wKlPfJon9hX2aYTBpCIl
V2lVf7MCUUTicZrcPpZW6WtcmmLqAzGNEkmPr6vgzU2vjHAW/YbnFQqnOAF/CpqpJUp4eNCYFmRS
RiZJi0FdswFZfdveCmELA0AgdXxqIRjdCfWbs/PLbvPqbjU2IOd6/7BAJnun3VUZ+sMxYKmMKP1S
ZbqHNWRaDz5FUV/YisQDRJflrWXcwZSY4jn6F0WHx8BGzp1Wv7tLAPtKt5RMv2aacVPivn1DU1A2
9vArOaLWtrOEvPHJhsIKfC7/v+Y3Ahx3XtEHGR6mDfHHSj+xa23Zki4Kn5yBXFCX5bs48remW0Kd
7bjfTKfLOD60n/TQCxHsvY9PigF5FGpzlTOg4XNTkozpeX13FxSOLBAqk0DAup6w3hWWJmeB33qJ
LQqcFEO+d8146VU5Ol1PsghiDq3wPTXbByBoEjJH9+8QOUxZddhlfU2yDX6oz5nfCAHZb1GiJHp6
Xw5vtyKFY/KGNyZqeJbucbmeND0flbpBc4daYwYBYd1EmRxSCKc0l1PHUmqDDludrblbba9DW9e5
GdF1BLXzEHsQtUIJRYExaTvcPCu5icply90/WlQUfrsMHKceAMyaaszPko8r9GYLTqRQB0V+iR+G
gQ9J2U11QdXNV3r7h0kNViTAyX5TnC1jrnb08DdnJf6epGN/NxKSreDfS+4OkoJAYBgtqL6U8jT2
bnoEWNfavHsL5HLsPchzZ8XDP9L1Ng2SI5palTUtsl1fRDPssTYo2LAi7TptGfdW6n90BWxDhJvQ
CprCDIDcZuSyvT8aHNXvrBKhtcZPLa85zXgtYJLANELScwsOeZ4k4MTQbP0HkVaF66sN2gTHqIlS
Ib6PxWZkQwvL1pea4ALriqrfgz1cYBnO0U9RiyhLZALhW6ClNEg+/1hkRnWPKESLvptW3e/lcnOh
ndEOE+AsQCgToQja67ZvkNMPGFs2Sn6zv8G9eJzLPvhhnQOI7H3dWImF2T3fbzgXMUMVmYrN1vIF
tHTuh1iC4PKttJ+LoGlh0jXISfdmC08DBV4JITWzJWQA+QrsMdbqWRXutJbdV0PZhzTLxWywOLvg
7zwgjMM8+0Kdf1jRBlANzMdi378txFQqlpRNbT5WihZQ4CA0rhtTvcz5wXr8y1IgXRaIrQKEHUxY
dyfhX07CsUkeszH4vgitFkYlh/ANbflx0SeErVL5535lR3AvczrkAR+MJxI6JfkJtuRfb3g3EfsX
w9nSg29W8/BT/0FoAr+ZdEWIB91rL6Wbjmti/rYV15xzF+c7QNYhPvTREqH1TVfJetbPZY9sdgmP
ELbueNLfAhwTAtaJ7n79ZJTeTLFbwL9Xwi2YTUxAC+W9Gl5khzHOdas/VI/g9O8fo0wMWyAAYB1s
mwA3Yn+quOca6MUBVqCJjg7Ul7SBIJfF6uM+/5Hg+8bHzgfM4rMSSH1l</xenc:CipherValue></xenc:CipherData></xenc:EncryptedData><xenc:EncryptedKey xmlns:xenc="http://www.w3.org/2001/04/xmlenc#" Id="_ded4c808b51bd8989a391d06bfaac852"><xenc:EncryptionMethod Algorithm="http://www.w3.org/2001/04/xmlenc#rsa-oaep-mgf1p"><ds:DigestMethod xmlns:ds="http://www.w3.org/2000/09/xmldsig#" Algorithm="http://www.w3.org/2000/09/xmldsig#sha1"></ds:DigestMethod></xenc:EncryptionMethod><xenc:CipherData><xenc:CipherValue>lj4k9GpOOq6y3E6B5JH/gQMPfGveQ7JDnpD8yfd4/K/3MUX7ConzBF1V54rukcBpS2R4xiLPYHb9
/68gSh7LR0jy5DrRjEfVkmj9YxDXhM27WthZuBZ5SuTk+yL263b02z+W6H43bM/uemmlHLDY8lvJ
uYi0XhTgL7NKIhLqcBPB/LIBd6tXZ0TkiaHtz5j9Gc1PeEcqzYCXYsk3kF2uKaqkLui9cUtCXePC
Ic6KPGj7EBR9v13KmZ0oLVDCtIYyk7Nm3JRVfQUPKlN/udIRqlkwMWgtRbzsXwbNYA2YesOeOVmR
/BCg5raYhewGz1qClcNJs/A/LbCX400GuiwuJQ==</xenc:CipherValue></xenc:CipherData><xenc:ReferenceList><xenc:DataReference URI="#_2d471b13e48cff64c821151db9e8c129"></xenc:DataReference></xenc:ReferenceList></xenc:EncryptedKey></saml2:EncryptedAssertion></saml2p:Response>
14:58:09.778 [Test worker] DEBUG org.apache.xml.security.signature.Reference - Verification successful for URI "#default-response-id"
14:58:09.778 [Test worker] DEBUG org.apache.xml.security.signature.Manifest - The Reference has Type 
14:58:09.778 [Test worker] DEBUG org.opensaml.xmlsec.signature.support.provider.ApacheSantuarioSignatureValidationProviderImpl - Signature validated with key from supplied credential
14:58:09.778 [Test worker] DEBUG org.opensaml.xmlsec.signature.support.impl.BaseSignatureTrustEngine - Signature validation using candidate credential was successful
14:58:09.778 [Test worker] DEBUG org.opensaml.xmlsec.signature.support.impl.ExplicitKeySignatureTrustEngine - Successfully verified signature using resolved trusted credential
14:58:09.779 [Test worker] DEBUG org.opensaml.saml.common.SAMLObjectSupport - Examining signed object for content references with exclusive canonicalization transform
14:58:09.779 [Test worker] DEBUG org.opensaml.xmlsec.signature.impl.SignatureMarshaller - Starting to marshall {http://www.w3.org/2000/09/xmldsig#}Signature
14:58:09.779 [Test worker] DEBUG org.opensaml.xmlsec.signature.impl.SignatureMarshaller - Creating XMLSignature object
14:58:09.779 [Test worker] DEBUG org.apache.xml.security.algorithms.SignatureAlgorithm - Create URI "http://www.w3.org/2001/04/xmldsig-more#rsa-sha256" class "class org.apache.xml.security.algorithms.implementations.SignatureBaseRSA$SignatureRSASHA256"
14:58:09.779 [Test worker] DEBUG org.apache.xml.security.algorithms.JCEMapper - Request for URI http://www.w3.org/2001/04/xmldsig-more#rsa-sha256
14:58:09.779 [Test worker] DEBUG org.apache.xml.security.algorithms.implementations.SignatureBaseRSA - Created SignatureRSA using SHA256withRSA
14:58:09.779 [Test worker] DEBUG org.opensaml.xmlsec.signature.impl.SignatureMarshaller - Adding content to XMLSignature.
14:58:09.779 [Test worker] DEBUG org.apache.xml.security.transforms.Transforms - Transforms.addTransform(http://www.w3.org/2000/09/xmldsig#enveloped-signature)
14:58:09.779 [Test worker] DEBUG org.apache.xml.security.transforms.Transform - Create URI "http://www.w3.org/2000/09/xmldsig#enveloped-signature" class "class org.apache.xml.security.transforms.implementations.TransformEnvelopedSignature"
14:58:09.779 [Test worker] DEBUG org.apache.xml.security.transforms.Transform - The NodeList is null
14:58:09.779 [Test worker] DEBUG org.apache.xml.security.transforms.Transforms - Transforms.addTransform(http://www.w3.org/2000/09/xmldsig#enveloped-signature)
14:58:09.779 [Test worker] DEBUG org.apache.xml.security.transforms.Transforms - Transforms.addTransform(http://www.w3.org/2001/10/xml-exc-c14n#)
14:58:09.779 [Test worker] DEBUG org.apache.xml.security.transforms.Transform - Create URI "http://www.w3.org/2001/10/xml-exc-c14n#" class "class org.apache.xml.security.transforms.implementations.TransformC14NExclusive"
14:58:09.779 [Test worker] DEBUG org.apache.xml.security.transforms.Transform - The NodeList is null
14:58:09.779 [Test worker] DEBUG org.apache.xml.security.transforms.Transforms - Transforms.addTransform(http://www.w3.org/2001/10/xml-exc-c14n#)
14:58:09.779 [Test worker] DEBUG org.opensaml.xmlsec.signature.impl.SignatureMarshaller - Creating Signature DOM element
14:58:09.779 [Test worker] DEBUG org.opensaml.xmlsec.signature.support.Signer - Using a signer of implemenation: org.opensaml.xmlsec.signature.support.provider.ApacheSantuarioSignerProviderImpl
14:58:09.779 [Test worker] DEBUG org.opensaml.xmlsec.signature.support.provider.ApacheSantuarioSignerProviderImpl - Computing signature over XMLSignature object
14:58:09.779 [Test worker] DEBUG org.apache.xml.security.algorithms.JCEMapper - Request for URI http://www.w3.org/2001/04/xmlenc#sha256
14:58:09.779 [Test worker] DEBUG org.apache.xml.security.utils.resolver.ResourceResolver - I was asked to create a ResourceResolver and got 0
14:58:09.779 [Test worker] DEBUG org.apache.xml.security.utils.resolver.ResourceResolver - check resolvability by class org.apache.xml.security.utils.resolver.ResourceResolver
14:58:09.779 [Test worker] DEBUG org.apache.xml.security.utils.resolver.implementations.ResolverFragment - State I can resolve reference: "#_9970e757-a513-4245-b9ff-638c6c192c04"
14:58:09.779 [Test worker] DEBUG org.apache.xml.security.utils.resolver.implementations.ResolverFragment - Try to catch an Element with ID _9970e757-a513-4245-b9ff-638c6c192c04 and Element was [saml2p:AuthnRequest: null]
14:58:09.779 [Test worker] DEBUG org.apache.xml.security.utils.ElementProxy - setElement("ds:Transform", "null")
14:58:09.779 [Test worker] DEBUG org.apache.xml.security.transforms.Transforms - Perform the (0)th http://www.w3.org/2000/09/xmldsig#enveloped-signature transform
14:58:09.779 [Test worker] DEBUG org.apache.xml.security.utils.ElementProxy - setElement("ds:Transform", "null")
14:58:09.779 [Test worker] DEBUG org.apache.xml.security.transforms.Transforms - Perform the (1)th http://www.w3.org/2001/10/xml-exc-c14n# transform
14:58:09.779 [Test worker] DEBUG org.apache.xml.security.utils.DigesterOutputStream - Pre-digested input:
14:58:09.779 [Test worker] DEBUG org.apache.xml.security.utils.DigesterOutputStream - <saml2p:AuthnRequest xmlns:saml2p="urn:oasis:names:tc:SAML:2.0:protocol" xmlns:xsi="http://www.w3.org/2001/XMLSchema-instance" ID="_9970e757-a513-4245-b9ff-638c6c192c04" IssueInstant="2018-04-03T13:58:09.778Z" ProtocolBinding="urn:oasis:names:tc:SAML:2.0:bindings:HTTP-POST" Version="2.0" xsi:type="saml2p:AuthnRequestType"><saml2:Issuer xmlns:saml2="urn:oasis:names:tc:SAML:2.0:assertion">a-test-entity</saml2:Issuer><saml2p:RequestedAuthnContext Comparison="minimum"></saml2p:RequestedAuthnContext></saml2p:AuthnRequest>
14:58:09.780 [Test worker] DEBUG org.apache.xml.security.utils.SignerOutputStream - Canonicalized SignedInfo:
14:58:09.780 [Test worker] DEBUG org.apache.xml.security.utils.SignerOutputStream - <ds:SignedInfo xmlns:ds="http://www.w3.org/2000/09/xmldsig#">
<ds:CanonicalizationMethod Algorithm="http://www.w3.org/2001/10/xml-exc-c14n#"></ds:CanonicalizationMethod>
<ds:SignatureMethod Algorithm="http://www.w3.org/2001/04/xmldsig-more#rsa-sha256"></ds:SignatureMethod>
<ds:Reference URI="#_9970e757-a513-4245-b9ff-638c6c192c04">
<ds:Transforms>
<ds:Transform Algorithm="http://www.w3.org/2000/09/xmldsig#enveloped-signature"></ds:Transform>
<ds:Transform Algorithm="http://www.w3.org/2001/10/xml-exc-c14n#"></ds:Transform>
</ds:Transforms>
<ds:DigestMethod Algorithm="http://www.w3.org/2001/04/xmlenc#sha256"></ds:DigestMethod>
<ds:DigestValue>DLiJlZ1e2Wybj0EjtqpKMtF31ReJ9EBlwOqzjrv92Fs=</ds:DigestValue>
</ds:Reference>
</ds:SignedInfo>
14:58:09.783 [Test worker] DEBUG org.apache.xml.security.utils.ElementProxy - setElement("ds:Transform", "null")
14:58:09.783 [Test worker] DEBUG org.opensaml.saml.security.impl.SAMLSignatureProfileValidator - Saw Enveloped signature transform
14:58:09.783 [Test worker] DEBUG org.apache.xml.security.utils.ElementProxy - setElement("ds:Transform", "null")
14:58:09.783 [Test worker] DEBUG org.opensaml.saml.security.impl.SAMLSignatureProfileValidator - Saw Exclusive C14N signature transform
14:58:09.784 [Test worker] DEBUG org.opensaml.xmlsec.signature.support.impl.BaseSignatureTrustEngine - Performing signature algorithm whitelist/blacklist validation using params from CriteriaSet
14:58:09.784 [Test worker] DEBUG org.opensaml.xmlsec.signature.support.impl.SignatureAlgorithmValidator - Validating SignedInfo/SignatureMethod/@Algorithm against whitelist/blacklist: http://www.w3.org/2001/04/xmldsig-more#rsa-sha256
14:58:09.784 [Test worker] DEBUG org.opensaml.xmlsec.signature.support.impl.SignatureAlgorithmValidator - Validating algorithm URI against whitelist and blacklist: algorithm: http://www.w3.org/2001/04/xmldsig-more#rsa-sha256, whitelist: [http://www.w3.org/2001/04/xmldsig-more#rsa-sha512, http://www.w3.org/2000/09/xmldsig#sha1, http://www.w3.org/2001/04/xmlenc#sha512, http://www.w3.org/2001/04/xmldsig-more#rsa-sha256, http://www.w3.org/2001/04/xmlenc#sha256, http://www.w3.org/2000/09/xmldsig#rsa-sha1], blacklist: []
14:58:09.784 [Test worker] DEBUG org.opensaml.xmlsec.algorithm.AlgorithmSupport - Saw non-null algorithm blacklist: []
14:58:09.784 [Test worker] DEBUG org.opensaml.xmlsec.algorithm.AlgorithmSupport - Algorithm passed blacklist validation: http://www.w3.org/2001/04/xmldsig-more#rsa-sha256
14:58:09.784 [Test worker] DEBUG org.opensaml.xmlsec.algorithm.AlgorithmSupport - Saw non-null algorithm whitelist: [http://www.w3.org/2001/04/xmldsig-more#rsa-sha512, http://www.w3.org/2000/09/xmldsig#sha1, http://www.w3.org/2001/04/xmlenc#sha512, http://www.w3.org/2001/04/xmldsig-more#rsa-sha256, http://www.w3.org/2001/04/xmlenc#sha256, http://www.w3.org/2000/09/xmldsig#rsa-sha1]
14:58:09.784 [Test worker] DEBUG org.opensaml.xmlsec.algorithm.AlgorithmSupport - Algorithm passed whitelist validation: http://www.w3.org/2001/04/xmldsig-more#rsa-sha256
14:58:09.784 [Test worker] DEBUG org.opensaml.xmlsec.signature.support.impl.SignatureAlgorithmValidator - Validating SignedInfo/Reference/DigestMethod/@Algorithm against whitelist/blacklist: http://www.w3.org/2001/04/xmlenc#sha256
14:58:09.784 [Test worker] DEBUG org.opensaml.xmlsec.signature.support.impl.SignatureAlgorithmValidator - Validating algorithm URI against whitelist and blacklist: algorithm: http://www.w3.org/2001/04/xmlenc#sha256, whitelist: [http://www.w3.org/2001/04/xmldsig-more#rsa-sha512, http://www.w3.org/2000/09/xmldsig#sha1, http://www.w3.org/2001/04/xmlenc#sha512, http://www.w3.org/2001/04/xmldsig-more#rsa-sha256, http://www.w3.org/2001/04/xmlenc#sha256, http://www.w3.org/2000/09/xmldsig#rsa-sha1], blacklist: []
14:58:09.784 [Test worker] DEBUG org.opensaml.xmlsec.algorithm.AlgorithmSupport - Saw non-null algorithm blacklist: []
14:58:09.784 [Test worker] DEBUG org.opensaml.xmlsec.algorithm.AlgorithmSupport - Algorithm passed blacklist validation: http://www.w3.org/2001/04/xmlenc#sha256
14:58:09.784 [Test worker] DEBUG org.opensaml.xmlsec.algorithm.AlgorithmSupport - Saw non-null algorithm whitelist: [http://www.w3.org/2001/04/xmldsig-more#rsa-sha512, http://www.w3.org/2000/09/xmldsig#sha1, http://www.w3.org/2001/04/xmlenc#sha512, http://www.w3.org/2001/04/xmldsig-more#rsa-sha256, http://www.w3.org/2001/04/xmlenc#sha256, http://www.w3.org/2000/09/xmldsig#rsa-sha1]
14:58:09.784 [Test worker] DEBUG org.opensaml.xmlsec.algorithm.AlgorithmSupport - Algorithm passed whitelist validation: http://www.w3.org/2001/04/xmlenc#sha256
14:58:09.784 [Test worker] DEBUG org.opensaml.xmlsec.signature.support.impl.BaseSignatureTrustEngine - Attempting to verify signature and establish trust using KeyInfo-derived credentials
14:58:09.784 [Test worker] DEBUG org.opensaml.xmlsec.signature.support.impl.BaseSignatureTrustEngine - Signature contained no KeyInfo element, could not resolve verification credentials
14:58:09.784 [Test worker] DEBUG org.opensaml.xmlsec.signature.support.impl.BaseSignatureTrustEngine - Failed to verify signature and/or establish trust using any KeyInfo-derived credentials
14:58:09.784 [Test worker] DEBUG org.opensaml.xmlsec.signature.support.impl.ExplicitKeySignatureTrustEngine - Attempting to verify signature using trusted credentials
14:58:09.784 [Test worker] DEBUG org.opensaml.xmlsec.signature.support.SignatureValidationProvider - Using a validation provider of implementation: org.opensaml.xmlsec.signature.support.provider.ApacheSantuarioSignatureValidationProviderImpl
14:58:09.784 [Test worker] DEBUG org.opensaml.xmlsec.signature.support.provider.ApacheSantuarioSignatureValidationProviderImpl - Attempting to validate signature using key from supplied credential
14:58:09.784 [Test worker] DEBUG org.opensaml.xmlsec.signature.support.provider.ApacheSantuarioSignatureValidationProviderImpl - Accessing XMLSignature object
14:58:09.784 [Test worker] DEBUG org.opensaml.xmlsec.signature.support.provider.ApacheSantuarioSignatureValidationProviderImpl - Validating signature with signature algorithm URI: http://www.w3.org/2001/04/xmldsig-more#rsa-sha256
14:58:09.784 [Test worker] DEBUG org.opensaml.xmlsec.signature.support.provider.ApacheSantuarioSignatureValidationProviderImpl - Validation credential key algorithm 'RSA', key instance class 'sun.security.rsa.RSAPublicKeyImpl'
14:58:09.784 [Test worker] DEBUG org.apache.xml.security.signature.XMLSignature - signatureMethodURI = http://www.w3.org/2001/04/xmldsig-more#rsa-sha256
14:58:09.784 [Test worker] DEBUG org.apache.xml.security.signature.XMLSignature - jceSigAlgorithm    = SHA256withRSA
14:58:09.784 [Test worker] DEBUG org.apache.xml.security.signature.XMLSignature - jceSigProvider     = SunRsaSign
14:58:09.784 [Test worker] DEBUG org.apache.xml.security.signature.XMLSignature - PublicKey = Sun RSA public key, 2048 bits
  modulus: 29661565466865858822213777168282943426939714058048863814131618959262055326686524034067084771065231712149539921346081944346397936363399690100840608397845307756315334022317517219876633006263454147272155286336727606522796880921103550938022720211151696581738939213739476141952593191308436813042936252687545137035166455002660478121017225183474993112090021369737861768882984387493729935697205880819466743626280109454603687587536282588576195647432312509500999623830562445007026743026958608467395710329014740842807769757806142655188427663764629833308992121291511482553904626598854250168151827151971234837768337295616595808239
  public exponent: 65537
14:58:09.784 [Test worker] DEBUG org.apache.xml.security.utils.SignerOutputStream - Canonicalized SignedInfo:
14:58:09.784 [Test worker] DEBUG org.apache.xml.security.utils.SignerOutputStream - <ds:SignedInfo xmlns:ds="http://www.w3.org/2000/09/xmldsig#">
<ds:CanonicalizationMethod Algorithm="http://www.w3.org/2001/10/xml-exc-c14n#"></ds:CanonicalizationMethod>
<ds:SignatureMethod Algorithm="http://www.w3.org/2001/04/xmldsig-more#rsa-sha256"></ds:SignatureMethod>
<ds:Reference URI="#_9970e757-a513-4245-b9ff-638c6c192c04">
<ds:Transforms>
<ds:Transform Algorithm="http://www.w3.org/2000/09/xmldsig#enveloped-signature"></ds:Transform>
<ds:Transform Algorithm="http://www.w3.org/2001/10/xml-exc-c14n#"></ds:Transform>
</ds:Transforms>
<ds:DigestMethod Algorithm="http://www.w3.org/2001/04/xmlenc#sha256"></ds:DigestMethod>
<ds:DigestValue>DLiJlZ1e2Wybj0EjtqpKMtF31ReJ9EBlwOqzjrv92Fs=</ds:DigestValue>
</ds:Reference>
</ds:SignedInfo>
14:58:09.785 [Test worker] DEBUG org.apache.xml.security.signature.Manifest - verify 1 References
14:58:09.785 [Test worker] DEBUG org.apache.xml.security.signature.Manifest - I am not requested to follow nested Manifests
14:58:09.785 [Test worker] DEBUG org.apache.xml.security.utils.ElementProxy - setElement("ds:Reference", "null")
14:58:09.785 [Test worker] DEBUG org.apache.xml.security.utils.ElementProxy - setElement("ds:Transforms", "null")
14:58:09.785 [Test worker] DEBUG org.apache.xml.security.algorithms.JCEMapper - Request for URI http://www.w3.org/2001/04/xmlenc#sha256
14:58:09.785 [Test worker] DEBUG org.apache.xml.security.utils.resolver.ResourceResolver - I was asked to create a ResourceResolver and got 0
14:58:09.785 [Test worker] DEBUG org.apache.xml.security.utils.resolver.ResourceResolver - check resolvability by class org.apache.xml.security.utils.resolver.ResourceResolver
14:58:09.785 [Test worker] DEBUG org.apache.xml.security.utils.resolver.implementations.ResolverFragment - State I can resolve reference: "#_9970e757-a513-4245-b9ff-638c6c192c04"
14:58:09.785 [Test worker] DEBUG org.apache.xml.security.utils.resolver.implementations.ResolverFragment - Try to catch an Element with ID _9970e757-a513-4245-b9ff-638c6c192c04 and Element was [saml2p:AuthnRequest: null]
14:58:09.785 [Test worker] DEBUG org.apache.xml.security.utils.ElementProxy - setElement("ds:Transform", "null")
14:58:09.785 [Test worker] DEBUG org.apache.xml.security.transforms.Transforms - Perform the (0)th http://www.w3.org/2000/09/xmldsig#enveloped-signature transform
14:58:09.785 [Test worker] DEBUG org.apache.xml.security.utils.ElementProxy - setElement("ds:Transform", "null")
14:58:09.785 [Test worker] DEBUG org.apache.xml.security.transforms.Transforms - Perform the (1)th http://www.w3.org/2001/10/xml-exc-c14n# transform
14:58:09.785 [Test worker] DEBUG org.apache.xml.security.utils.DigesterOutputStream - Pre-digested input:
14:58:09.785 [Test worker] DEBUG org.apache.xml.security.utils.DigesterOutputStream - <saml2p:AuthnRequest xmlns:saml2p="urn:oasis:names:tc:SAML:2.0:protocol" xmlns:xsi="http://www.w3.org/2001/XMLSchema-instance" ID="_9970e757-a513-4245-b9ff-638c6c192c04" IssueInstant="2018-04-03T13:58:09.778Z" ProtocolBinding="urn:oasis:names:tc:SAML:2.0:bindings:HTTP-POST" Version="2.0" xsi:type="saml2p:AuthnRequestType"><saml2:Issuer xmlns:saml2="urn:oasis:names:tc:SAML:2.0:assertion">a-test-entity</saml2:Issuer><saml2p:RequestedAuthnContext Comparison="minimum"></saml2p:RequestedAuthnContext></saml2p:AuthnRequest>
14:58:09.785 [Test worker] DEBUG org.apache.xml.security.signature.Reference - Verification successful for URI "#_9970e757-a513-4245-b9ff-638c6c192c04"
14:58:09.785 [Test worker] DEBUG org.apache.xml.security.signature.Manifest - The Reference has Type 
14:58:09.785 [Test worker] DEBUG org.opensaml.xmlsec.signature.support.provider.ApacheSantuarioSignatureValidationProviderImpl - Signature validated with key from supplied credential
14:58:09.785 [Test worker] DEBUG org.opensaml.xmlsec.signature.support.impl.BaseSignatureTrustEngine - Signature validation using candidate credential was successful
14:58:09.785 [Test worker] DEBUG org.opensaml.xmlsec.signature.support.impl.ExplicitKeySignatureTrustEngine - Successfully verified signature using resolved trusted credential
]]></system-out>
  <system-err><![CDATA[]]></system-err>
</testsuite>
