<?xml version="1.0" encoding="UTF-8"?>
<testsuite name="uk.gov.ida.saml.security.SignatureValidatorTest" tests="8" skipped="0" failures="0" errors="0" timestamp="2018-04-03T13:58:09" hostname="gds8080.local" time="0.131">
  <properties/>
  <testcase name="shouldAllowSigningAlgorithmRsaSHA256" classname="uk.gov.ida.saml.security.SignatureValidatorTest" time="0.017"/>
  <testcase name="shouldAllowSigningAlgorithmRsaSHA512" classname="uk.gov.ida.saml.security.SignatureValidatorTest" time="0.019"/>
  <testcase name="shouldAllowSha512DigestMethod" classname="uk.gov.ida.saml.security.SignatureValidatorTest" time="0.018"/>
  <testcase name="shouldNotAllowSigningAlgorithmMD5" classname="uk.gov.ida.saml.security.SignatureValidatorTest" time="0.015"/>
  <testcase name="shouldAllowSha256DigestMethod" classname="uk.gov.ida.saml.security.SignatureValidatorTest" time="0.016"/>
  <testcase name="shouldNotAllowMD5Digests" classname="uk.gov.ida.saml.security.SignatureValidatorTest" time="0.015"/>
  <testcase name="shouldAllowSigningAlgorithmRsaSHA1" classname="uk.gov.ida.saml.security.SignatureValidatorTest" time="0.015"/>
  <testcase name="shouldAllowSha1DigestMethod" classname="uk.gov.ida.saml.security.SignatureValidatorTest" time="0.016"/>
  <system-out><![CDATA[14:58:09.789 [Test worker] DEBUG org.opensaml.saml.common.SAMLObjectSupport - Examining signed object for content references with exclusive canonicalization transform
14:58:09.789 [Test worker] DEBUG org.opensaml.saml.common.SAMLObjectSupport - Saw exclusive transform, declaring non-visible namespaces on signed object
14:58:09.789 [Test worker] DEBUG org.opensaml.xmlsec.signature.impl.SignatureMarshaller - Starting to marshall {http://www.w3.org/2000/09/xmldsig#}Signature
14:58:09.789 [Test worker] DEBUG org.opensaml.xmlsec.signature.impl.SignatureMarshaller - Creating XMLSignature object
14:58:09.789 [Test worker] DEBUG org.apache.xml.security.algorithms.SignatureAlgorithm - Create URI "http://www.w3.org/2001/04/xmldsig-more#rsa-sha256" class "class org.apache.xml.security.algorithms.implementations.SignatureBaseRSA$SignatureRSASHA256"
14:58:09.789 [Test worker] DEBUG org.apache.xml.security.algorithms.JCEMapper - Request for URI http://www.w3.org/2001/04/xmldsig-more#rsa-sha256
14:58:09.789 [Test worker] DEBUG org.apache.xml.security.algorithms.implementations.SignatureBaseRSA - Created SignatureRSA using SHA256withRSA
14:58:09.789 [Test worker] DEBUG org.opensaml.xmlsec.signature.impl.SignatureMarshaller - Adding content to XMLSignature.
14:58:09.789 [Test worker] DEBUG org.apache.xml.security.transforms.Transforms - Transforms.addTransform(http://www.w3.org/2000/09/xmldsig#enveloped-signature)
14:58:09.789 [Test worker] DEBUG org.apache.xml.security.transforms.Transform - Create URI "http://www.w3.org/2000/09/xmldsig#enveloped-signature" class "class org.apache.xml.security.transforms.implementations.TransformEnvelopedSignature"
14:58:09.789 [Test worker] DEBUG org.apache.xml.security.transforms.Transform - The NodeList is null
14:58:09.789 [Test worker] DEBUG org.apache.xml.security.transforms.Transforms - Transforms.addTransform(http://www.w3.org/2000/09/xmldsig#enveloped-signature)
14:58:09.789 [Test worker] DEBUG org.apache.xml.security.transforms.Transforms - Transforms.addTransform(http://www.w3.org/2001/10/xml-exc-c14n#)
14:58:09.789 [Test worker] DEBUG org.apache.xml.security.transforms.Transform - Create URI "http://www.w3.org/2001/10/xml-exc-c14n#" class "class org.apache.xml.security.transforms.implementations.TransformC14NExclusive"
14:58:09.789 [Test worker] DEBUG org.apache.xml.security.transforms.Transform - The NodeList is null
14:58:09.789 [Test worker] DEBUG org.apache.xml.security.transforms.Transforms - Transforms.addTransform(http://www.w3.org/2001/10/xml-exc-c14n#)
14:58:09.789 [Test worker] DEBUG org.apache.xml.security.utils.ElementProxy - setElement("ds:Transform", "null")
14:58:09.789 [Test worker] DEBUG org.opensaml.saml.common.SAMLObjectContentReference - Adding list of inclusive namespaces for signature exclusive canonicalization transform
14:58:09.789 [Test worker] DEBUG org.opensaml.xmlsec.signature.impl.SignatureMarshaller - Creating Signature DOM element
14:58:09.789 [Test worker] DEBUG org.opensaml.xmlsec.signature.support.Signer - Using a signer of implemenation: org.opensaml.xmlsec.signature.support.provider.ApacheSantuarioSignerProviderImpl
14:58:09.789 [Test worker] DEBUG org.opensaml.xmlsec.signature.support.provider.ApacheSantuarioSignerProviderImpl - Computing signature over XMLSignature object
14:58:09.789 [Test worker] DEBUG org.apache.xml.security.algorithms.JCEMapper - Request for URI http://www.w3.org/2001/04/xmlenc#sha256
14:58:09.789 [Test worker] DEBUG org.apache.xml.security.utils.resolver.ResourceResolver - I was asked to create a ResourceResolver and got 0
14:58:09.789 [Test worker] DEBUG org.apache.xml.security.utils.resolver.ResourceResolver - check resolvability by class org.apache.xml.security.utils.resolver.ResourceResolver
14:58:09.789 [Test worker] DEBUG org.apache.xml.security.utils.resolver.implementations.ResolverFragment - State I can resolve reference: "#some-assertion-id"
14:58:09.789 [Test worker] DEBUG org.apache.xml.security.utils.resolver.implementations.ResolverFragment - Try to catch an Element with ID some-assertion-id and Element was [saml2:Assertion: null]
14:58:09.789 [Test worker] DEBUG org.apache.xml.security.utils.ElementProxy - setElement("ds:Transform", "null")
14:58:09.789 [Test worker] DEBUG org.apache.xml.security.transforms.Transforms - Perform the (0)th http://www.w3.org/2000/09/xmldsig#enveloped-signature transform
14:58:09.789 [Test worker] DEBUG org.apache.xml.security.utils.ElementProxy - setElement("ds:Transform", "null")
14:58:09.789 [Test worker] DEBUG org.apache.xml.security.transforms.Transforms - Perform the (1)th http://www.w3.org/2001/10/xml-exc-c14n# transform
14:58:09.790 [Test worker] DEBUG org.apache.xml.security.utils.DigesterOutputStream - Pre-digested input:
14:58:09.790 [Test worker] DEBUG org.apache.xml.security.utils.DigesterOutputStream - <saml2:Assertion xmlns:saml2="urn:oasis:names:tc:SAML:2.0:assertion" xmlns:xsi="http://www.w3.org/2001/XMLSchema-instance" ID="some-assertion-id" IssueInstant="2018-04-03T13:58:09.789Z" Version="2.0" xsi:type="saml2:AssertionType"><saml2:Issuer>a-test-entity</saml2:Issuer><saml2:Subject xsi:type="saml2:SubjectType"><saml2:NameID Format="urn:oasis:names:tc:SAML:2.0:nameid-format:persistent"></saml2:NameID><saml2:SubjectConfirmation Method="urn:oasis:names:tc:SAML:2.0:cm:bearer" xsi:type="saml2:SubjectConfirmationType"><saml2:SubjectConfirmationData InResponseTo="default-request-id" NotOnOrAfter="2018-04-03T14:13:09.788Z" Recipient="https://signin.service.gov.uk" xsi:type="saml2:SubjectConfirmationDataType"></saml2:SubjectConfirmationData></saml2:SubjectConfirmation></saml2:Subject><saml2:Conditions xsi:type="saml2:ConditionsType"><saml2:AudienceRestriction xsi:type="saml2:AudienceRestrictionType"><saml2:Audience>https://signin.service.gov.uk</saml2:Audience></saml2:AudienceRestriction></saml2:Conditions></saml2:Assertion>
14:58:09.790 [Test worker] DEBUG org.apache.xml.security.utils.SignerOutputStream - Canonicalized SignedInfo:
14:58:09.790 [Test worker] DEBUG org.apache.xml.security.utils.SignerOutputStream - <ds:SignedInfo xmlns:ds="http://www.w3.org/2000/09/xmldsig#">
<ds:CanonicalizationMethod Algorithm="http://www.w3.org/2001/10/xml-exc-c14n#"></ds:CanonicalizationMethod>
<ds:SignatureMethod Algorithm="http://www.w3.org/2001/04/xmldsig-more#rsa-sha256"></ds:SignatureMethod>
<ds:Reference URI="#some-assertion-id">
<ds:Transforms>
<ds:Transform Algorithm="http://www.w3.org/2000/09/xmldsig#enveloped-signature"></ds:Transform>
<ds:Transform Algorithm="http://www.w3.org/2001/10/xml-exc-c14n#"></ds:Transform>
</ds:Transforms>
<ds:DigestMethod Algorithm="http://www.w3.org/2001/04/xmlenc#sha256"></ds:DigestMethod>
<ds:DigestValue>48oxjnYvmUwHA984dvp5nDiD8TvQ9+TGkrB7wAnzk9M=</ds:DigestValue>
</ds:Reference>
</ds:SignedInfo>
14:58:09.794 [Test worker] DEBUG org.opensaml.core.xml.util.XMLObjectSupport - Marshalling XMLObject
14:58:09.794 [Test worker] DEBUG org.opensaml.core.xml.util.XMLObjectSupport - XMLObject already had cached DOM, returning that element
14:58:09.794 [Test worker] DEBUG org.opensaml.saml.saml2.encryption.Encrypter - Assertion before encryption:
<?xml version="1.0" encoding="UTF-8"?>
<saml2:Assertion ID="some-assertion-id"
    IssueInstant="2018-04-03T13:58:09.789Z" Version="2.0"
    xmlns:saml2="urn:oasis:names:tc:SAML:2.0:assertion"
    xmlns:xsi="http://www.w3.org/2001/XMLSchema-instance" xsi:type="saml2:AssertionType">
    <saml2:Issuer>a-test-entity</saml2:Issuer>
    <ds:Signature
                xmlns:ds="http://www.w3.org/2000/09/xmldsig#">
<ds:SignedInfo>
<ds:CanonicalizationMethod
                Algorithm="http://www.w3.org/2001/10/xml-exc-c14n#"/>
<ds:SignatureMethod
                Algorithm="http://www.w3.org/2001/04/xmldsig-more#rsa-sha256"/>
<ds:Reference
                        URI="#some-assertion-id">
<ds:Transforms>
<ds:Transform
                        Algorithm="http://www.w3.org/2000/09/xmldsig#enveloped-signature"/>
<ds:Transform
                    Algorithm="http://www.w3.org/2001/10/xml-exc-c14n#"/>
</ds:Transforms>
<ds:DigestMethod Algorithm="http://www.w3.org/2001/04/xmlenc#sha256"/>
<ds:DigestValue>48oxjnYvmUwHA984dvp5nDiD8TvQ9+TGkrB7wAnzk9M=</ds:DigestValue>
</ds:Reference>
</ds:SignedInfo>
<ds:SignatureValue>
D/yyyXCo8yPIlPsULYf6iNsVDLhZPLkpX9GMczLb3vraRgpcjd09ICnO9wYBavJ6brx/kO0Zy20v
8uCBdXT+VU8ibxo2UFIn+3sE9AyrGxIvZr/WCcDVzf6q68tG7EW+KhoHUeisnrTNHZIk1CnZQJ1T
yXVI4P2tT7LFLzYz6CB5TgttrhxSISHfrgNHMCJGFfX3XFYzxeSU76lZ1mrhtpE3jjgpgZVBEyaA
nAO4Pa8CJGHTUy+mOgh7N4gWaWpBzBljsHFytQr99twOoTuSGC34XWu5W35FgFupxJyouHexdzI8
ypGaczoi7UgL/jQG+jKO7ChIbG0rDnLTO+F75A==
</ds:SignatureValue>
</ds:Signature>
    <saml2:Subject xsi:type="saml2:SubjectType">
        <saml2:NameID Format="urn:oasis:names:tc:SAML:2.0:nameid-format:persistent"/>
        <saml2:SubjectConfirmation
            Method="urn:oasis:names:tc:SAML:2.0:cm:bearer" xsi:type="saml2:SubjectConfirmationType">
            <saml2:SubjectConfirmationData
                InResponseTo="default-request-id"
                NotOnOrAfter="2018-04-03T14:13:09.788Z"
                Recipient="https://signin.service.gov.uk" xsi:type="saml2:SubjectConfirmationDataType"/>
        </saml2:SubjectConfirmation>
    </saml2:Subject>
    <saml2:Conditions xsi:type="saml2:ConditionsType">
        <saml2:AudienceRestriction xsi:type="saml2:AudienceRestrictionType">
            <saml2:Audience>https://signin.service.gov.uk</saml2:Audience>
        </saml2:AudienceRestriction>
    </saml2:Conditions>
</saml2:Assertion>

14:58:09.794 [Test worker] DEBUG org.opensaml.xmlsec.encryption.support.Encrypter - Generating random symmetric data encryption key from algorithm URI: http://www.w3.org/2001/04/xmlenc#aes128-cbc
14:58:09.794 [Test worker] DEBUG org.opensaml.xmlsec.encryption.support.Encrypter - Encrypting XMLObject using algorithm URI http://www.w3.org/2001/04/xmlenc#aes128-cbc with content mode false
14:58:09.794 [Test worker] DEBUG org.apache.xml.security.encryption.XMLCipher - Getting XMLCipher with transformation
14:58:09.794 [Test worker] DEBUG org.apache.xml.security.encryption.XMLCipher - Constructing XMLCipher...
14:58:09.794 [Test worker] DEBUG org.apache.xml.security.algorithms.JCEMapper - Request for URI http://www.w3.org/2001/04/xmlenc#aes128-cbc
14:58:09.794 [Test worker] DEBUG org.apache.xml.security.encryption.XMLCipher - JCE Algorithm = AES/CBC/ISO10126Padding
14:58:09.795 [Test worker] DEBUG org.apache.xml.security.encryption.XMLCipher - Initializing XMLCipher...
14:58:09.795 [Test worker] DEBUG org.apache.xml.security.encryption.XMLCipher - opmode = ENCRYPT_MODE
14:58:09.795 [Test worker] DEBUG org.apache.xml.security.encryption.XMLCipher - Encrypting element...
14:58:09.795 [Test worker] DEBUG org.apache.xml.security.encryption.XMLCipher - Serialized octets:
<saml2:Assertion xmlns:saml2="urn:oasis:names:tc:SAML:2.0:assertion" xmlns:xsi="http://www.w3.org/2001/XMLSchema-instance" ID="some-assertion-id" IssueInstant="2018-04-03T13:58:09.789Z" Version="2.0" xsi:type="saml2:AssertionType"><saml2:Issuer>a-test-entity</saml2:Issuer><ds:Signature xmlns:ds="http://www.w3.org/2000/09/xmldsig#">
<ds:SignedInfo>
<ds:CanonicalizationMethod Algorithm="http://www.w3.org/2001/10/xml-exc-c14n#"></ds:CanonicalizationMethod>
<ds:SignatureMethod Algorithm="http://www.w3.org/2001/04/xmldsig-more#rsa-sha256"></ds:SignatureMethod>
<ds:Reference URI="#some-assertion-id">
<ds:Transforms>
<ds:Transform Algorithm="http://www.w3.org/2000/09/xmldsig#enveloped-signature"></ds:Transform>
<ds:Transform Algorithm="http://www.w3.org/2001/10/xml-exc-c14n#"></ds:Transform>
</ds:Transforms>
<ds:DigestMethod Algorithm="http://www.w3.org/2001/04/xmlenc#sha256"></ds:DigestMethod>
<ds:DigestValue>48oxjnYvmUwHA984dvp5nDiD8TvQ9+TGkrB7wAnzk9M=</ds:DigestValue>
</ds:Reference>
</ds:SignedInfo>
<ds:SignatureValue>
D/yyyXCo8yPIlPsULYf6iNsVDLhZPLkpX9GMczLb3vraRgpcjd09ICnO9wYBavJ6brx/kO0Zy20v
8uCBdXT+VU8ibxo2UFIn+3sE9AyrGxIvZr/WCcDVzf6q68tG7EW+KhoHUeisnrTNHZIk1CnZQJ1T
yXVI4P2tT7LFLzYz6CB5TgttrhxSISHfrgNHMCJGFfX3XFYzxeSU76lZ1mrhtpE3jjgpgZVBEyaA
nAO4Pa8CJGHTUy+mOgh7N4gWaWpBzBljsHFytQr99twOoTuSGC34XWu5W35FgFupxJyouHexdzI8
ypGaczoi7UgL/jQG+jKO7ChIbG0rDnLTO+F75A==
</ds:SignatureValue>
</ds:Signature><saml2:Subject xsi:type="saml2:SubjectType"><saml2:NameID Format="urn:oasis:names:tc:SAML:2.0:nameid-format:persistent"></saml2:NameID><saml2:SubjectConfirmation Method="urn:oasis:names:tc:SAML:2.0:cm:bearer" xsi:type="saml2:SubjectConfirmationType"><saml2:SubjectConfirmationData InResponseTo="default-request-id" NotOnOrAfter="2018-04-03T14:13:09.788Z" Recipient="https://signin.service.gov.uk" xsi:type="saml2:SubjectConfirmationDataType"></saml2:SubjectConfirmationData></saml2:SubjectConfirmation></saml2:Subject><saml2:Conditions xsi:type="saml2:ConditionsType"><saml2:AudienceRestriction xsi:type="saml2:AudienceRestrictionType"><saml2:Audience>https://signin.service.gov.uk</saml2:Audience></saml2:AudienceRestriction></saml2:Conditions></saml2:Assertion>
14:58:09.795 [Test worker] DEBUG org.apache.xml.security.encryption.XMLCipherUtil - Saw non-AES-GCM mode block cipher, returning IvParameterSpec: http://www.w3.org/2001/04/xmlenc#aes128-cbc
14:58:09.795 [Test worker] DEBUG org.apache.xml.security.encryption.XMLCipher - Expected cipher.outputSize = 2192
14:58:09.795 [Test worker] DEBUG org.apache.xml.security.encryption.XMLCipher - Actual cipher.outputSize = 2192
14:58:09.795 [Test worker] DEBUG org.apache.xml.security.encryption.XMLCipher - Encrypted octets:
x8q1mQ/WUbcBeOteuHL1/KyhVJLjv2xj6um7q0egc0a+C0Wn5nSYI9Hj8WHLOQh9g383a7RlfQAY
X38OuUJAFLcTXFrshsVnjAhVp7ZrA4HYlFuLb+OwgLWjyIRcUFrmVzUFJgFdSbm+akWIib9mFQHs
xGzF/jQ3UYx8m1QPGF0o+rFl2MxP5voFE7GdQjt7krU7/uPBTMXkLIdxDKYmOEyVsKAQkL3Erl/C
zQ1Ob1sgWixtE7VXqTNC/iGOwmZsHaD0pr+40tmElKmSeavJcGNs+4Qyu7G5/jZvEh1KvkaDE6IC
7rPD9HbELB4Mw0W/UMXrHZjJuJi1W3Tjf6Qr4Oq4G8AUW9Lyk3ctQW582OSJA4XKD6q1q1o3qRc1
+xFyt0lUC/w6VhbW/wWeqoNVIiCM2WeRsyf5WcUgQAgWS8DM6RmgVA5sXakLZrCLk+ez9w+sjmVK
tMH7hECFr0KgX/RJlIVYkMRsJF//MAzlJS8DpcEEEqPhUeaeIofAin6rfdeq29FD58qhu2r0gs8q
8wzBqFCKZ0DhqGVqd8l21HRL2WqTFCj+o03RM75+rEgh1BWTTaKlZbKMLnitplrNIaElzapK4QgC
c4vDKCb9tYz8sbqhA0cPYfLqd4f2tL8ypCg1r4D+Y70zNSvj/SBYwHRsa/kUuzOFgcEZAe523f1R
rAQ2v8uh13khkvueMpml2dEBp3jdIIcK8Y13kntethreNSSYGxwCltu35OUkrJTMevXkXducLkwi
cXSwdYQxxXJsgO1X5orTdUCvN+YzjVtMPW8UuCUT5WLv5vGG+D15WB0DSlR/QADbkQF2cHnQ0hlX
JYcN18gvq9gkf+F7gIsULMTXLbM5+hcrJGL74hvd2sN8i3r/1JVXamSCeGwjzA8p6xlKE391eHjw
A4clSSHdkZU6WRFMIeplkf8oqgDzcKBUECbJY9I7T0L2z1fasKe8pgQ/XHDgupd69FqQgWRgTX5f
Gvk+g1E9lfkKhmVxys6fJX+MrdynZmiFWvY3Y5Jo4fby49OD+5XQGc22wWJNotfLGICKdrQ4R+T4
4bYuBErZ+Ky4/jojdYW41BsRNglfITKrvBtt+rEJKqNe2CD6mUYBsgLm+8pvajmcRO3Pz+SCsyad
j9JY7aA7H1NUMZFbVeSyBYC9u+JYt6MDo6zLU8j5BtyokMgQCx3XItV3WBIks+VJN7ER/krMrqpv
k8MM4mEBqdgqa2GOvjIjArDPKxzYtrcATrJOB4ZxEMAnQsjaFVcBzhovR1C19D34+JfeyYiGS7X2
cC5PJtjjEasfpmxFJx1oNu/Q1MjZ4+B0sz4uCAGtwARHh/NgUvSLCEYTxH23XX81WlLXyjQ0mH20
qlUNilEyBX1PWVS5arJm9sXs0qxHHyleb2+p3GkjNneECIbcSciURpCNIaYMp4Uvf7M2wliJW8D8
WCgqI7CAEMeJ/zPLresdEEXlgFHvWG2ULlptzWhKBQxanqwZGZcZtTNPulRon8mBv2ouzEWI15hm
ykdJbJqqCeqfo0m0pk3D4VARAJTpeXSOT5InA5Cg1oAmHO4pqjKkY66ih7b9UyyUnKWAMn9oH164
gxTN1YlZQcaIPg1pPv9MO0zCWasGI0gxDfNaPD8sgDFR2KQBzrGOQbcvZCPRJglORfLUA8M5l20U
4oigcKAc8aFiNnlfatWgiCRaROHMzFzjHacFqwk4/hun6JsxXcIHrbXAgXZfkoFz4x2/HFcuIrYT
8iJgMMhkyG19E7D9Qho/4EHws4JqU1TDD1Qxpdv3ow5c1ZphRqGEkfTUPFN9cWhY79b+127e1iyH
2qhrQQjfCHFyfaIt9aIC4LpmgRoeQ+1Pkr1GlZsk2QNWEC0LZyufUYdVUEqM9Qu0NkTqN17KAJq1
HvYbfO93suvdOFm4wqb4Cf2s4j+vvb8t3KQRSIJWBVoTlOb9LjqtdSsyaksQGX7USyjC4IA1N28B
9MclpFrhw4naPBigG9H0qz9QcGUUSZvYF7DpaEH82rBXZ17PNuwG3ZDj1sf6gCD27vPUM+hsqheg
87+qKKKRuYttcviGC3rmOqF7yMCWsJfW2nkaALmG/hr7uJqzDpddVVwwkI9LKD9bhmT1cPl0SFKi
7YmSq/NhE0g2FmoVCmWUqcxtYphlltSY1cisHdgEFeqTQGzjcLGF7enP52JYRpiY247pPsKhw3M/
GoRYxQEPFW6mpQR2796qltRGcr1seiwb3hyjHEjeXjfaz5oPykX7zRbDhCJsjCfDu+s/4P46a2f0
tX8x9m64X4h4hegLemJgUUSI8mFjV7pNhc5Cq9FdZCx02VZfpK8va5gc6EhU5VRtLxzm3fE14bZ8
puhPBLKym1bzec2YNuThm4EPBUesbY/mkHOiU2fwHw9XKNeiwh1ktUXNexN58nQx/elQ9qOFP+kr
ZwwMTE01vvlP1sQqVsM9qMjrSZ8mBB9PnID1BSldGpAqhrflMN/MSCgQbkl/+fafzMgNpGqZBL91
cuZ7rnIQ4F0nw0V5lT0Jf5oJB/nRQ93+lcuPoTzW29Vb+CSB1usdp30FOgilWTg2YL7Ee94JndfP
Sliq76KwFNdotSS/uWrgotOJhwURf/lb9xNP0B1aHo3dL9LZxPb1tnZuHYWS2acc4Aw6zPEGjzzO
x19uoXPL8sDE8s94Y7ihNOnYjSflmiokmE1v4/y4oLotAQa0uVY9eoguQiwWxnFuBZdDCwYfkpp/
1MBm6nL41Nq8zIM6lW73X3dk7Mej4T3NoR8RiDh8m7xOrbOB61p12d7UHL7GZty7G8fun88vBcky
MW9evFkkj+P+n5K4EM52VKSQnx/naOzGSzmSdhSulUMARz0KN7VhWjvoRkY5EbKlTnMcoK/6MjnU
4/vQxfHeFsPvN3glJbavTc0LGTIJHhLCyfVKSiVCI2LZhXILpeyykZFi
14:58:09.795 [Test worker] DEBUG org.apache.xml.security.encryption.XMLCipher - Encrypted octets length = 2982
14:58:09.796 [Test worker] DEBUG org.opensaml.xmlsec.encryption.support.Encrypter - Encrypting encryption key with algorithm: http://www.w3.org/2001/04/xmlenc#rsa-oaep-mgf1p
14:58:09.796 [Test worker] DEBUG org.apache.xml.security.encryption.XMLCipher - Getting XMLCipher with transformation
14:58:09.796 [Test worker] DEBUG org.apache.xml.security.encryption.XMLCipher - Constructing XMLCipher...
14:58:09.796 [Test worker] DEBUG org.apache.xml.security.algorithms.JCEMapper - Request for URI http://www.w3.org/2001/04/xmlenc#rsa-oaep-mgf1p
14:58:09.796 [Test worker] DEBUG org.apache.xml.security.encryption.XMLCipher - JCE Algorithm = RSA/ECB/OAEPPadding
14:58:09.796 [Test worker] DEBUG org.apache.xml.security.encryption.XMLCipher - Initializing XMLCipher...
14:58:09.796 [Test worker] DEBUG org.apache.xml.security.encryption.XMLCipher - opmode = WRAP_MODE
14:58:09.796 [Test worker] DEBUG org.apache.xml.security.encryption.XMLCipher - Encrypting key ...
14:58:09.796 [Test worker] DEBUG org.apache.xml.security.encryption.XMLCipher - Encrypted key octets:
1NOm5Tmy5d3bns9gDJpq0JTJgJ4FVtAZ13an5XOfwGXWw1BmVfsXmMpggbQD9hrms0SjeK2/WFMk
g6VjERAKQKemIYc6iTtkecEx9cKGI+3QgnSQxomhmA4o6l4/hwUSNz8/bODPLIUcxx1fGnEwbgba
HSkavq1GlroxnHn8PRn04w6YvvlTK81WvfBw/bprzgBOaJUyI8oe9i9+h3Qz8+RchaM6ggn/CSsY
gk3m0abaB8HpUtRSJf5SU8DhjUnHXMNlZVclkdcn98mbEMpAtUzfQK4gV/N3QIuYGC8khfJeYqNg
wPmoJ1NGbFFhrYffHzaBYxtsiS6jUWRfebbbhw==
14:58:09.796 [Test worker] DEBUG org.apache.xml.security.encryption.XMLCipher - Encrypted key octets length = 348
14:58:09.796 [Test worker] DEBUG org.opensaml.saml.saml2.encryption.Encrypter - Placing EncryptedKey elements as peers of EncryptedData in EncryptedElementType
14:58:09.796 [Test worker] DEBUG org.opensaml.saml.saml2.encryption.Encrypter - Linking single peer EncryptedKey with RetrievalMethod and DataReference
14:58:09.797 [Test worker] DEBUG org.opensaml.saml.common.SAMLObjectSupport - Examining signed object for content references with exclusive canonicalization transform
14:58:09.797 [Test worker] DEBUG org.opensaml.xmlsec.signature.impl.SignatureMarshaller - Starting to marshall {http://www.w3.org/2000/09/xmldsig#}Signature
14:58:09.797 [Test worker] DEBUG org.opensaml.xmlsec.signature.impl.SignatureMarshaller - Creating XMLSignature object
14:58:09.797 [Test worker] DEBUG org.apache.xml.security.algorithms.SignatureAlgorithm - Create URI "http://www.w3.org/2001/04/xmldsig-more#rsa-sha256" class "class org.apache.xml.security.algorithms.implementations.SignatureBaseRSA$SignatureRSASHA256"
14:58:09.797 [Test worker] DEBUG org.apache.xml.security.algorithms.JCEMapper - Request for URI http://www.w3.org/2001/04/xmldsig-more#rsa-sha256
14:58:09.797 [Test worker] DEBUG org.apache.xml.security.algorithms.implementations.SignatureBaseRSA - Created SignatureRSA using SHA256withRSA
14:58:09.797 [Test worker] DEBUG org.opensaml.xmlsec.signature.impl.SignatureMarshaller - Adding content to XMLSignature.
14:58:09.797 [Test worker] DEBUG org.apache.xml.security.transforms.Transforms - Transforms.addTransform(http://www.w3.org/2000/09/xmldsig#enveloped-signature)
14:58:09.797 [Test worker] DEBUG org.apache.xml.security.transforms.Transform - Create URI "http://www.w3.org/2000/09/xmldsig#enveloped-signature" class "class org.apache.xml.security.transforms.implementations.TransformEnvelopedSignature"
14:58:09.797 [Test worker] DEBUG org.apache.xml.security.transforms.Transform - The NodeList is null
14:58:09.797 [Test worker] DEBUG org.apache.xml.security.transforms.Transforms - Transforms.addTransform(http://www.w3.org/2000/09/xmldsig#enveloped-signature)
14:58:09.797 [Test worker] DEBUG org.apache.xml.security.transforms.Transforms - Transforms.addTransform(http://www.w3.org/2001/10/xml-exc-c14n#)
14:58:09.797 [Test worker] DEBUG org.apache.xml.security.transforms.Transform - Create URI "http://www.w3.org/2001/10/xml-exc-c14n#" class "class org.apache.xml.security.transforms.implementations.TransformC14NExclusive"
14:58:09.797 [Test worker] DEBUG org.apache.xml.security.transforms.Transform - The NodeList is null
14:58:09.797 [Test worker] DEBUG org.apache.xml.security.transforms.Transforms - Transforms.addTransform(http://www.w3.org/2001/10/xml-exc-c14n#)
14:58:09.797 [Test worker] DEBUG org.opensaml.xmlsec.signature.impl.SignatureMarshaller - Creating Signature DOM element
14:58:09.797 [Test worker] DEBUG org.opensaml.xmlsec.signature.support.Signer - Using a signer of implemenation: org.opensaml.xmlsec.signature.support.provider.ApacheSantuarioSignerProviderImpl
14:58:09.797 [Test worker] DEBUG org.opensaml.xmlsec.signature.support.provider.ApacheSantuarioSignerProviderImpl - Computing signature over XMLSignature object
14:58:09.797 [Test worker] DEBUG org.apache.xml.security.algorithms.JCEMapper - Request for URI http://www.w3.org/2001/04/xmlenc#sha256
14:58:09.797 [Test worker] DEBUG org.apache.xml.security.utils.resolver.ResourceResolver - I was asked to create a ResourceResolver and got 0
14:58:09.797 [Test worker] DEBUG org.apache.xml.security.utils.resolver.ResourceResolver - check resolvability by class org.apache.xml.security.utils.resolver.ResourceResolver
14:58:09.797 [Test worker] DEBUG org.apache.xml.security.utils.resolver.implementations.ResolverFragment - State I can resolve reference: "#default-response-id"
14:58:09.797 [Test worker] DEBUG org.apache.xml.security.utils.resolver.implementations.ResolverFragment - Try to catch an Element with ID default-response-id and Element was [saml2p:Response: null]
14:58:09.797 [Test worker] DEBUG org.apache.xml.security.utils.ElementProxy - setElement("ds:Transform", "null")
14:58:09.797 [Test worker] DEBUG org.apache.xml.security.transforms.Transforms - Perform the (0)th http://www.w3.org/2000/09/xmldsig#enveloped-signature transform
14:58:09.797 [Test worker] DEBUG org.apache.xml.security.utils.ElementProxy - setElement("ds:Transform", "null")
14:58:09.797 [Test worker] DEBUG org.apache.xml.security.transforms.Transforms - Perform the (1)th http://www.w3.org/2001/10/xml-exc-c14n# transform
14:58:09.798 [Test worker] DEBUG org.apache.xml.security.utils.DigesterOutputStream - Pre-digested input:
14:58:09.798 [Test worker] DEBUG org.apache.xml.security.utils.DigesterOutputStream - <saml2p:Response xmlns:saml2p="urn:oasis:names:tc:SAML:2.0:protocol" xmlns:xsi="http://www.w3.org/2001/XMLSchema-instance" Destination="http://destination.com" ID="default-response-id" InResponseTo="default-request-id" IssueInstant="2018-04-03T13:58:09.788Z" Version="2.0" xsi:type="saml2p:ResponseType"><saml2:Issuer xmlns:saml2="urn:oasis:names:tc:SAML:2.0:assertion">a-test-entity</saml2:Issuer><saml2p:Status xsi:type="saml2p:StatusType"><saml2p:StatusCode Value="urn:oasis:names:tc:SAML:2.0:status:Success" xsi:type="saml2p:StatusCodeType"></saml2p:StatusCode></saml2p:Status><saml2:EncryptedAssertion xmlns:saml2="urn:oasis:names:tc:SAML:2.0:assertion"><xenc:EncryptedData xmlns:xenc="http://www.w3.org/2001/04/xmlenc#" Id="_db7d6e95204f8dd331c7590ede21f0cb" Type="http://www.w3.org/2001/04/xmlenc#Element"><xenc:EncryptionMethod Algorithm="http://www.w3.org/2001/04/xmlenc#aes128-cbc"></xenc:EncryptionMethod><ds:KeyInfo xmlns:ds="http://www.w3.org/2000/09/xmldsig#"><ds:RetrievalMethod Type="http://www.w3.org/2001/04/xmlenc#EncryptedKey" URI="#_e14d5dda982446320e301d5ba9de90f6"></ds:RetrievalMethod></ds:KeyInfo><xenc:CipherData><xenc:CipherValue>x8q1mQ/WUbcBeOteuHL1/KyhVJLjv2xj6um7q0egc0a+C0Wn5nSYI9Hj8WHLOQh9g383a7RlfQAY
X38OuUJAFLcTXFrshsVnjAhVp7ZrA4HYlFuLb+OwgLWjyIRcUFrmVzUFJgFdSbm+akWIib9mFQHs
xGzF/jQ3UYx8m1QPGF0o+rFl2MxP5voFE7GdQjt7krU7/uPBTMXkLIdxDKYmOEyVsKAQkL3Erl/C
zQ1Ob1sgWixtE7VXqTNC/iGOwmZsHaD0pr+40tmElKmSeavJcGNs+4Qyu7G5/jZvEh1KvkaDE6IC
7rPD9HbELB4Mw0W/UMXrHZjJuJi1W3Tjf6Qr4Oq4G8AUW9Lyk3ctQW582OSJA4XKD6q1q1o3qRc1
+xFyt0lUC/w6VhbW/wWeqoNVIiCM2WeRsyf5WcUgQAgWS8DM6RmgVA5sXakLZrCLk+ez9w+sjmVK
tMH7hECFr0KgX/RJlIVYkMRsJF//MAzlJS8DpcEEEqPhUeaeIofAin6rfdeq29FD58qhu2r0gs8q
8wzBqFCKZ0DhqGVqd8l21HRL2WqTFCj+o03RM75+rEgh1BWTTaKlZbKMLnitplrNIaElzapK4QgC
c4vDKCb9tYz8sbqhA0cPYfLqd4f2tL8ypCg1r4D+Y70zNSvj/SBYwHRsa/kUuzOFgcEZAe523f1R
rAQ2v8uh13khkvueMpml2dEBp3jdIIcK8Y13kntethreNSSYGxwCltu35OUkrJTMevXkXducLkwi
cXSwdYQxxXJsgO1X5orTdUCvN+YzjVtMPW8UuCUT5WLv5vGG+D15WB0DSlR/QADbkQF2cHnQ0hlX
JYcN18gvq9gkf+F7gIsULMTXLbM5+hcrJGL74hvd2sN8i3r/1JVXamSCeGwjzA8p6xlKE391eHjw
A4clSSHdkZU6WRFMIeplkf8oqgDzcKBUECbJY9I7T0L2z1fasKe8pgQ/XHDgupd69FqQgWRgTX5f
Gvk+g1E9lfkKhmVxys6fJX+MrdynZmiFWvY3Y5Jo4fby49OD+5XQGc22wWJNotfLGICKdrQ4R+T4
4bYuBErZ+Ky4/jojdYW41BsRNglfITKrvBtt+rEJKqNe2CD6mUYBsgLm+8pvajmcRO3Pz+SCsyad
j9JY7aA7H1NUMZFbVeSyBYC9u+JYt6MDo6zLU8j5BtyokMgQCx3XItV3WBIks+VJN7ER/krMrqpv
k8MM4mEBqdgqa2GOvjIjArDPKxzYtrcATrJOB4ZxEMAnQsjaFVcBzhovR1C19D34+JfeyYiGS7X2
cC5PJtjjEasfpmxFJx1oNu/Q1MjZ4+B0sz4uCAGtwARHh/NgUvSLCEYTxH23XX81WlLXyjQ0mH20
qlUNilEyBX1PWVS5arJm9sXs0qxHHyleb2+p3GkjNneECIbcSciURpCNIaYMp4Uvf7M2wliJW8D8
WCgqI7CAEMeJ/zPLresdEEXlgFHvWG2ULlptzWhKBQxanqwZGZcZtTNPulRon8mBv2ouzEWI15hm
ykdJbJqqCeqfo0m0pk3D4VARAJTpeXSOT5InA5Cg1oAmHO4pqjKkY66ih7b9UyyUnKWAMn9oH164
gxTN1YlZQcaIPg1pPv9MO0zCWasGI0gxDfNaPD8sgDFR2KQBzrGOQbcvZCPRJglORfLUA8M5l20U
4oigcKAc8aFiNnlfatWgiCRaROHMzFzjHacFqwk4/hun6JsxXcIHrbXAgXZfkoFz4x2/HFcuIrYT
8iJgMMhkyG19E7D9Qho/4EHws4JqU1TDD1Qxpdv3ow5c1ZphRqGEkfTUPFN9cWhY79b+127e1iyH
2qhrQQjfCHFyfaIt9aIC4LpmgRoeQ+1Pkr1GlZsk2QNWEC0LZyufUYdVUEqM9Qu0NkTqN17KAJq1
HvYbfO93suvdOFm4wqb4Cf2s4j+vvb8t3KQRSIJWBVoTlOb9LjqtdSsyaksQGX7USyjC4IA1N28B
9MclpFrhw4naPBigG9H0qz9QcGUUSZvYF7DpaEH82rBXZ17PNuwG3ZDj1sf6gCD27vPUM+hsqheg
87+qKKKRuYttcviGC3rmOqF7yMCWsJfW2nkaALmG/hr7uJqzDpddVVwwkI9LKD9bhmT1cPl0SFKi
7YmSq/NhE0g2FmoVCmWUqcxtYphlltSY1cisHdgEFeqTQGzjcLGF7enP52JYRpiY247pPsKhw3M/
GoRYxQEPFW6mpQR2796qltRGcr1seiwb3hyjHEjeXjfaz5oPykX7zRbDhCJsjCfDu+s/4P46a2f0
tX8x9m64X4h4hegLemJgUUSI8mFjV7pNhc5Cq9FdZCx02VZfpK8va5gc6EhU5VRtLxzm3fE14bZ8
puhPBLKym1bzec2YNuThm4EPBUesbY/mkHOiU2fwHw9XKNeiwh1ktUXNexN58nQx/elQ9qOFP+kr
ZwwMTE01vvlP1sQqVsM9qMjrSZ8mBB9PnID1BSldGpAqhrflMN/MSCgQbkl/+fafzMgNpGqZBL91
cuZ7rnIQ4F0nw0V5lT0Jf5oJB/nRQ93+lcuPoTzW29Vb+CSB1usdp30FOgilWTg2YL7Ee94JndfP
Sliq76KwFNdotSS/uWrgotOJhwURf/lb9xNP0B1aHo3dL9LZxPb1tnZuHYWS2acc4Aw6zPEGjzzO
x19uoXPL8sDE8s94Y7ihNOnYjSflmiokmE1v4/y4oLotAQa0uVY9eoguQiwWxnFuBZdDCwYfkpp/
1MBm6nL41Nq8zIM6lW73X3dk7Mej4T3NoR8RiDh8m7xOrbOB61p12d7UHL7GZty7G8fun88vBcky
MW9evFkkj+P+n5K4EM52VKSQnx/naOzGSzmSdhSulUMARz0KN7VhWjvoRkY5EbKlTnMcoK/6MjnU
4/vQxfHeFsPvN3glJbavTc0LGTIJHhLCyfVKSiVCI2LZhXILpeyykZFi</xenc:CipherValue></xenc:CipherData></xenc:EncryptedData><xenc:EncryptedKey xmlns:xenc="http://www.w3.org/2001/04/xmlenc#" Id="_e14d5dda982446320e301d5ba9de90f6"><xenc:EncryptionMethod Algorithm="http://www.w3.org/2001/04/xmlenc#rsa-oaep-mgf1p"><ds:DigestMethod xmlns:ds="http://www.w3.org/2000/09/xmldsig#" Algorithm="http://www.w3.org/2000/09/xmldsig#sha1"></ds:DigestMethod></xenc:EncryptionMethod><xenc:CipherData><xenc:CipherValue>1NOm5Tmy5d3bns9gDJpq0JTJgJ4FVtAZ13an5XOfwGXWw1BmVfsXmMpggbQD9hrms0SjeK2/WFMk
g6VjERAKQKemIYc6iTtkecEx9cKGI+3QgnSQxomhmA4o6l4/hwUSNz8/bODPLIUcxx1fGnEwbgba
HSkavq1GlroxnHn8PRn04w6YvvlTK81WvfBw/bprzgBOaJUyI8oe9i9+h3Qz8+RchaM6ggn/CSsY
gk3m0abaB8HpUtRSJf5SU8DhjUnHXMNlZVclkdcn98mbEMpAtUzfQK4gV/N3QIuYGC8khfJeYqNg
wPmoJ1NGbFFhrYffHzaBYxtsiS6jUWRfebbbhw==</xenc:CipherValue></xenc:CipherData><xenc:ReferenceList><xenc:DataReference URI="#_db7d6e95204f8dd331c7590ede21f0cb"></xenc:DataReference></xenc:ReferenceList></xenc:EncryptedKey></saml2:EncryptedAssertion></saml2p:Response>
14:58:09.798 [Test worker] DEBUG org.apache.xml.security.utils.SignerOutputStream - Canonicalized SignedInfo:
14:58:09.798 [Test worker] DEBUG org.apache.xml.security.utils.SignerOutputStream - <ds:SignedInfo xmlns:ds="http://www.w3.org/2000/09/xmldsig#">
<ds:CanonicalizationMethod Algorithm="http://www.w3.org/2001/10/xml-exc-c14n#"></ds:CanonicalizationMethod>
<ds:SignatureMethod Algorithm="http://www.w3.org/2001/04/xmldsig-more#rsa-sha256"></ds:SignatureMethod>
<ds:Reference URI="#default-response-id">
<ds:Transforms>
<ds:Transform Algorithm="http://www.w3.org/2000/09/xmldsig#enveloped-signature"></ds:Transform>
<ds:Transform Algorithm="http://www.w3.org/2001/10/xml-exc-c14n#"></ds:Transform>
</ds:Transforms>
<ds:DigestMethod Algorithm="http://www.w3.org/2001/04/xmlenc#sha256"></ds:DigestMethod>
<ds:DigestValue>4kDc+HjqsDHnT+HhK2IDFvkQHKSjizuXssorkuGt1jE=</ds:DigestValue>
</ds:Reference>
</ds:SignedInfo>
14:58:09.802 [Test worker] DEBUG org.apache.xml.security.utils.ElementProxy - setElement("ds:Transform", "null")
14:58:09.802 [Test worker] DEBUG org.opensaml.saml.security.impl.SAMLSignatureProfileValidator - Saw Enveloped signature transform
14:58:09.802 [Test worker] DEBUG org.apache.xml.security.utils.ElementProxy - setElement("ds:Transform", "null")
14:58:09.802 [Test worker] DEBUG org.opensaml.saml.security.impl.SAMLSignatureProfileValidator - Saw Exclusive C14N signature transform
14:58:09.803 [Test worker] DEBUG org.opensaml.xmlsec.signature.support.impl.BaseSignatureTrustEngine - Performing signature algorithm whitelist/blacklist validation using params from CriteriaSet
14:58:09.803 [Test worker] DEBUG org.opensaml.xmlsec.signature.support.impl.SignatureAlgorithmValidator - Validating SignedInfo/SignatureMethod/@Algorithm against whitelist/blacklist: http://www.w3.org/2001/04/xmldsig-more#rsa-sha256
14:58:09.803 [Test worker] DEBUG org.opensaml.xmlsec.signature.support.impl.SignatureAlgorithmValidator - Validating algorithm URI against whitelist and blacklist: algorithm: http://www.w3.org/2001/04/xmldsig-more#rsa-sha256, whitelist: [http://www.w3.org/2001/04/xmldsig-more#rsa-sha512, http://www.w3.org/2000/09/xmldsig#sha1, http://www.w3.org/2001/04/xmlenc#sha512, http://www.w3.org/2001/04/xmldsig-more#rsa-sha256, http://www.w3.org/2001/04/xmlenc#sha256, http://www.w3.org/2000/09/xmldsig#rsa-sha1], blacklist: []
14:58:09.803 [Test worker] DEBUG org.opensaml.xmlsec.algorithm.AlgorithmSupport - Saw non-null algorithm blacklist: []
14:58:09.803 [Test worker] DEBUG org.opensaml.xmlsec.algorithm.AlgorithmSupport - Algorithm passed blacklist validation: http://www.w3.org/2001/04/xmldsig-more#rsa-sha256
14:58:09.803 [Test worker] DEBUG org.opensaml.xmlsec.algorithm.AlgorithmSupport - Saw non-null algorithm whitelist: [http://www.w3.org/2001/04/xmldsig-more#rsa-sha512, http://www.w3.org/2000/09/xmldsig#sha1, http://www.w3.org/2001/04/xmlenc#sha512, http://www.w3.org/2001/04/xmldsig-more#rsa-sha256, http://www.w3.org/2001/04/xmlenc#sha256, http://www.w3.org/2000/09/xmldsig#rsa-sha1]
14:58:09.803 [Test worker] DEBUG org.opensaml.xmlsec.algorithm.AlgorithmSupport - Algorithm passed whitelist validation: http://www.w3.org/2001/04/xmldsig-more#rsa-sha256
14:58:09.803 [Test worker] DEBUG org.opensaml.xmlsec.signature.support.impl.SignatureAlgorithmValidator - Validating SignedInfo/Reference/DigestMethod/@Algorithm against whitelist/blacklist: http://www.w3.org/2001/04/xmlenc#sha256
14:58:09.803 [Test worker] DEBUG org.opensaml.xmlsec.signature.support.impl.SignatureAlgorithmValidator - Validating algorithm URI against whitelist and blacklist: algorithm: http://www.w3.org/2001/04/xmlenc#sha256, whitelist: [http://www.w3.org/2001/04/xmldsig-more#rsa-sha512, http://www.w3.org/2000/09/xmldsig#sha1, http://www.w3.org/2001/04/xmlenc#sha512, http://www.w3.org/2001/04/xmldsig-more#rsa-sha256, http://www.w3.org/2001/04/xmlenc#sha256, http://www.w3.org/2000/09/xmldsig#rsa-sha1], blacklist: []
14:58:09.803 [Test worker] DEBUG org.opensaml.xmlsec.algorithm.AlgorithmSupport - Saw non-null algorithm blacklist: []
14:58:09.803 [Test worker] DEBUG org.opensaml.xmlsec.algorithm.AlgorithmSupport - Algorithm passed blacklist validation: http://www.w3.org/2001/04/xmlenc#sha256
14:58:09.803 [Test worker] DEBUG org.opensaml.xmlsec.algorithm.AlgorithmSupport - Saw non-null algorithm whitelist: [http://www.w3.org/2001/04/xmldsig-more#rsa-sha512, http://www.w3.org/2000/09/xmldsig#sha1, http://www.w3.org/2001/04/xmlenc#sha512, http://www.w3.org/2001/04/xmldsig-more#rsa-sha256, http://www.w3.org/2001/04/xmlenc#sha256, http://www.w3.org/2000/09/xmldsig#rsa-sha1]
14:58:09.803 [Test worker] DEBUG org.opensaml.xmlsec.algorithm.AlgorithmSupport - Algorithm passed whitelist validation: http://www.w3.org/2001/04/xmlenc#sha256
14:58:09.803 [Test worker] DEBUG org.opensaml.xmlsec.signature.support.impl.BaseSignatureTrustEngine - Attempting to verify signature and establish trust using KeyInfo-derived credentials
14:58:09.803 [Test worker] DEBUG org.opensaml.xmlsec.signature.support.impl.BaseSignatureTrustEngine - Signature contained no KeyInfo element, could not resolve verification credentials
14:58:09.803 [Test worker] DEBUG org.opensaml.xmlsec.signature.support.impl.BaseSignatureTrustEngine - Failed to verify signature and/or establish trust using any KeyInfo-derived credentials
14:58:09.803 [Test worker] DEBUG org.opensaml.xmlsec.signature.support.impl.ExplicitKeySignatureTrustEngine - Attempting to verify signature using trusted credentials
14:58:09.803 [Test worker] DEBUG org.opensaml.xmlsec.signature.support.SignatureValidationProvider - Using a validation provider of implementation: org.opensaml.xmlsec.signature.support.provider.ApacheSantuarioSignatureValidationProviderImpl
14:58:09.803 [Test worker] DEBUG org.opensaml.xmlsec.signature.support.provider.ApacheSantuarioSignatureValidationProviderImpl - Attempting to validate signature using key from supplied credential
14:58:09.803 [Test worker] DEBUG org.opensaml.xmlsec.signature.support.provider.ApacheSantuarioSignatureValidationProviderImpl - Accessing XMLSignature object
14:58:09.803 [Test worker] DEBUG org.opensaml.xmlsec.signature.support.provider.ApacheSantuarioSignatureValidationProviderImpl - Validating signature with signature algorithm URI: http://www.w3.org/2001/04/xmldsig-more#rsa-sha256
14:58:09.803 [Test worker] DEBUG org.opensaml.xmlsec.signature.support.provider.ApacheSantuarioSignatureValidationProviderImpl - Validation credential key algorithm 'RSA', key instance class 'sun.security.rsa.RSAPublicKeyImpl'
14:58:09.803 [Test worker] DEBUG org.apache.xml.security.signature.XMLSignature - signatureMethodURI = http://www.w3.org/2001/04/xmldsig-more#rsa-sha256
14:58:09.803 [Test worker] DEBUG org.apache.xml.security.signature.XMLSignature - jceSigAlgorithm    = SHA256withRSA
14:58:09.803 [Test worker] DEBUG org.apache.xml.security.signature.XMLSignature - jceSigProvider     = SunRsaSign
14:58:09.803 [Test worker] DEBUG org.apache.xml.security.signature.XMLSignature - PublicKey = Sun RSA public key, 2048 bits
  modulus: 29661565466865858822213777168282943426939714058048863814131618959262055326686524034067084771065231712149539921346081944346397936363399690100840608397845307756315334022317517219876633006263454147272155286336727606522796880921103550938022720211151696581738939213739476141952593191308436813042936252687545137035166455002660478121017225183474993112090021369737861768882984387493729935697205880819466743626280109454603687587536282588576195647432312509500999623830562445007026743026958608467395710329014740842807769757806142655188427663764629833308992121291511482553904626598854250168151827151971234837768337295616595808239
  public exponent: 65537
14:58:09.803 [Test worker] DEBUG org.apache.xml.security.utils.SignerOutputStream - Canonicalized SignedInfo:
14:58:09.803 [Test worker] DEBUG org.apache.xml.security.utils.SignerOutputStream - <ds:SignedInfo xmlns:ds="http://www.w3.org/2000/09/xmldsig#">
<ds:CanonicalizationMethod Algorithm="http://www.w3.org/2001/10/xml-exc-c14n#"></ds:CanonicalizationMethod>
<ds:SignatureMethod Algorithm="http://www.w3.org/2001/04/xmldsig-more#rsa-sha256"></ds:SignatureMethod>
<ds:Reference URI="#default-response-id">
<ds:Transforms>
<ds:Transform Algorithm="http://www.w3.org/2000/09/xmldsig#enveloped-signature"></ds:Transform>
<ds:Transform Algorithm="http://www.w3.org/2001/10/xml-exc-c14n#"></ds:Transform>
</ds:Transforms>
<ds:DigestMethod Algorithm="http://www.w3.org/2001/04/xmlenc#sha256"></ds:DigestMethod>
<ds:DigestValue>4kDc+HjqsDHnT+HhK2IDFvkQHKSjizuXssorkuGt1jE=</ds:DigestValue>
</ds:Reference>
</ds:SignedInfo>
14:58:09.804 [Test worker] DEBUG org.apache.xml.security.signature.Manifest - verify 1 References
14:58:09.804 [Test worker] DEBUG org.apache.xml.security.signature.Manifest - I am not requested to follow nested Manifests
14:58:09.804 [Test worker] DEBUG org.apache.xml.security.utils.ElementProxy - setElement("ds:Reference", "null")
14:58:09.804 [Test worker] DEBUG org.apache.xml.security.utils.ElementProxy - setElement("ds:Transforms", "null")
14:58:09.804 [Test worker] DEBUG org.apache.xml.security.algorithms.JCEMapper - Request for URI http://www.w3.org/2001/04/xmlenc#sha256
14:58:09.804 [Test worker] DEBUG org.apache.xml.security.utils.resolver.ResourceResolver - I was asked to create a ResourceResolver and got 0
14:58:09.804 [Test worker] DEBUG org.apache.xml.security.utils.resolver.ResourceResolver - check resolvability by class org.apache.xml.security.utils.resolver.ResourceResolver
14:58:09.804 [Test worker] DEBUG org.apache.xml.security.utils.resolver.implementations.ResolverFragment - State I can resolve reference: "#default-response-id"
14:58:09.804 [Test worker] DEBUG org.apache.xml.security.utils.resolver.implementations.ResolverFragment - Try to catch an Element with ID default-response-id and Element was [saml2p:Response: null]
14:58:09.804 [Test worker] DEBUG org.apache.xml.security.utils.ElementProxy - setElement("ds:Transform", "null")
14:58:09.804 [Test worker] DEBUG org.apache.xml.security.transforms.Transforms - Perform the (0)th http://www.w3.org/2000/09/xmldsig#enveloped-signature transform
14:58:09.804 [Test worker] DEBUG org.apache.xml.security.utils.ElementProxy - setElement("ds:Transform", "null")
14:58:09.804 [Test worker] DEBUG org.apache.xml.security.transforms.Transforms - Perform the (1)th http://www.w3.org/2001/10/xml-exc-c14n# transform
14:58:09.804 [Test worker] DEBUG org.apache.xml.security.utils.DigesterOutputStream - Pre-digested input:
14:58:09.804 [Test worker] DEBUG org.apache.xml.security.utils.DigesterOutputStream - <saml2p:Response xmlns:saml2p="urn:oasis:names:tc:SAML:2.0:protocol" xmlns:xsi="http://www.w3.org/2001/XMLSchema-instance" Destination="http://destination.com" ID="default-response-id" InResponseTo="default-request-id" IssueInstant="2018-04-03T13:58:09.788Z" Version="2.0" xsi:type="saml2p:ResponseType"><saml2:Issuer xmlns:saml2="urn:oasis:names:tc:SAML:2.0:assertion">a-test-entity</saml2:Issuer><saml2p:Status xsi:type="saml2p:StatusType"><saml2p:StatusCode Value="urn:oasis:names:tc:SAML:2.0:status:Success" xsi:type="saml2p:StatusCodeType"></saml2p:StatusCode></saml2p:Status><saml2:EncryptedAssertion xmlns:saml2="urn:oasis:names:tc:SAML:2.0:assertion"><xenc:EncryptedData xmlns:xenc="http://www.w3.org/2001/04/xmlenc#" Id="_db7d6e95204f8dd331c7590ede21f0cb" Type="http://www.w3.org/2001/04/xmlenc#Element"><xenc:EncryptionMethod Algorithm="http://www.w3.org/2001/04/xmlenc#aes128-cbc"></xenc:EncryptionMethod><ds:KeyInfo xmlns:ds="http://www.w3.org/2000/09/xmldsig#"><ds:RetrievalMethod Type="http://www.w3.org/2001/04/xmlenc#EncryptedKey" URI="#_e14d5dda982446320e301d5ba9de90f6"></ds:RetrievalMethod></ds:KeyInfo><xenc:CipherData><xenc:CipherValue>x8q1mQ/WUbcBeOteuHL1/KyhVJLjv2xj6um7q0egc0a+C0Wn5nSYI9Hj8WHLOQh9g383a7RlfQAY
X38OuUJAFLcTXFrshsVnjAhVp7ZrA4HYlFuLb+OwgLWjyIRcUFrmVzUFJgFdSbm+akWIib9mFQHs
xGzF/jQ3UYx8m1QPGF0o+rFl2MxP5voFE7GdQjt7krU7/uPBTMXkLIdxDKYmOEyVsKAQkL3Erl/C
zQ1Ob1sgWixtE7VXqTNC/iGOwmZsHaD0pr+40tmElKmSeavJcGNs+4Qyu7G5/jZvEh1KvkaDE6IC
7rPD9HbELB4Mw0W/UMXrHZjJuJi1W3Tjf6Qr4Oq4G8AUW9Lyk3ctQW582OSJA4XKD6q1q1o3qRc1
+xFyt0lUC/w6VhbW/wWeqoNVIiCM2WeRsyf5WcUgQAgWS8DM6RmgVA5sXakLZrCLk+ez9w+sjmVK
tMH7hECFr0KgX/RJlIVYkMRsJF//MAzlJS8DpcEEEqPhUeaeIofAin6rfdeq29FD58qhu2r0gs8q
8wzBqFCKZ0DhqGVqd8l21HRL2WqTFCj+o03RM75+rEgh1BWTTaKlZbKMLnitplrNIaElzapK4QgC
c4vDKCb9tYz8sbqhA0cPYfLqd4f2tL8ypCg1r4D+Y70zNSvj/SBYwHRsa/kUuzOFgcEZAe523f1R
rAQ2v8uh13khkvueMpml2dEBp3jdIIcK8Y13kntethreNSSYGxwCltu35OUkrJTMevXkXducLkwi
cXSwdYQxxXJsgO1X5orTdUCvN+YzjVtMPW8UuCUT5WLv5vGG+D15WB0DSlR/QADbkQF2cHnQ0hlX
JYcN18gvq9gkf+F7gIsULMTXLbM5+hcrJGL74hvd2sN8i3r/1JVXamSCeGwjzA8p6xlKE391eHjw
A4clSSHdkZU6WRFMIeplkf8oqgDzcKBUECbJY9I7T0L2z1fasKe8pgQ/XHDgupd69FqQgWRgTX5f
Gvk+g1E9lfkKhmVxys6fJX+MrdynZmiFWvY3Y5Jo4fby49OD+5XQGc22wWJNotfLGICKdrQ4R+T4
4bYuBErZ+Ky4/jojdYW41BsRNglfITKrvBtt+rEJKqNe2CD6mUYBsgLm+8pvajmcRO3Pz+SCsyad
j9JY7aA7H1NUMZFbVeSyBYC9u+JYt6MDo6zLU8j5BtyokMgQCx3XItV3WBIks+VJN7ER/krMrqpv
k8MM4mEBqdgqa2GOvjIjArDPKxzYtrcATrJOB4ZxEMAnQsjaFVcBzhovR1C19D34+JfeyYiGS7X2
cC5PJtjjEasfpmxFJx1oNu/Q1MjZ4+B0sz4uCAGtwARHh/NgUvSLCEYTxH23XX81WlLXyjQ0mH20
qlUNilEyBX1PWVS5arJm9sXs0qxHHyleb2+p3GkjNneECIbcSciURpCNIaYMp4Uvf7M2wliJW8D8
WCgqI7CAEMeJ/zPLresdEEXlgFHvWG2ULlptzWhKBQxanqwZGZcZtTNPulRon8mBv2ouzEWI15hm
ykdJbJqqCeqfo0m0pk3D4VARAJTpeXSOT5InA5Cg1oAmHO4pqjKkY66ih7b9UyyUnKWAMn9oH164
gxTN1YlZQcaIPg1pPv9MO0zCWasGI0gxDfNaPD8sgDFR2KQBzrGOQbcvZCPRJglORfLUA8M5l20U
4oigcKAc8aFiNnlfatWgiCRaROHMzFzjHacFqwk4/hun6JsxXcIHrbXAgXZfkoFz4x2/HFcuIrYT
8iJgMMhkyG19E7D9Qho/4EHws4JqU1TDD1Qxpdv3ow5c1ZphRqGEkfTUPFN9cWhY79b+127e1iyH
2qhrQQjfCHFyfaIt9aIC4LpmgRoeQ+1Pkr1GlZsk2QNWEC0LZyufUYdVUEqM9Qu0NkTqN17KAJq1
HvYbfO93suvdOFm4wqb4Cf2s4j+vvb8t3KQRSIJWBVoTlOb9LjqtdSsyaksQGX7USyjC4IA1N28B
9MclpFrhw4naPBigG9H0qz9QcGUUSZvYF7DpaEH82rBXZ17PNuwG3ZDj1sf6gCD27vPUM+hsqheg
87+qKKKRuYttcviGC3rmOqF7yMCWsJfW2nkaALmG/hr7uJqzDpddVVwwkI9LKD9bhmT1cPl0SFKi
7YmSq/NhE0g2FmoVCmWUqcxtYphlltSY1cisHdgEFeqTQGzjcLGF7enP52JYRpiY247pPsKhw3M/
GoRYxQEPFW6mpQR2796qltRGcr1seiwb3hyjHEjeXjfaz5oPykX7zRbDhCJsjCfDu+s/4P46a2f0
tX8x9m64X4h4hegLemJgUUSI8mFjV7pNhc5Cq9FdZCx02VZfpK8va5gc6EhU5VRtLxzm3fE14bZ8
puhPBLKym1bzec2YNuThm4EPBUesbY/mkHOiU2fwHw9XKNeiwh1ktUXNexN58nQx/elQ9qOFP+kr
ZwwMTE01vvlP1sQqVsM9qMjrSZ8mBB9PnID1BSldGpAqhrflMN/MSCgQbkl/+fafzMgNpGqZBL91
cuZ7rnIQ4F0nw0V5lT0Jf5oJB/nRQ93+lcuPoTzW29Vb+CSB1usdp30FOgilWTg2YL7Ee94JndfP
Sliq76KwFNdotSS/uWrgotOJhwURf/lb9xNP0B1aHo3dL9LZxPb1tnZuHYWS2acc4Aw6zPEGjzzO
x19uoXPL8sDE8s94Y7ihNOnYjSflmiokmE1v4/y4oLotAQa0uVY9eoguQiwWxnFuBZdDCwYfkpp/
1MBm6nL41Nq8zIM6lW73X3dk7Mej4T3NoR8RiDh8m7xOrbOB61p12d7UHL7GZty7G8fun88vBcky
MW9evFkkj+P+n5K4EM52VKSQnx/naOzGSzmSdhSulUMARz0KN7VhWjvoRkY5EbKlTnMcoK/6MjnU
4/vQxfHeFsPvN3glJbavTc0LGTIJHhLCyfVKSiVCI2LZhXILpeyykZFi</xenc:CipherValue></xenc:CipherData></xenc:EncryptedData><xenc:EncryptedKey xmlns:xenc="http://www.w3.org/2001/04/xmlenc#" Id="_e14d5dda982446320e301d5ba9de90f6"><xenc:EncryptionMethod Algorithm="http://www.w3.org/2001/04/xmlenc#rsa-oaep-mgf1p"><ds:DigestMethod xmlns:ds="http://www.w3.org/2000/09/xmldsig#" Algorithm="http://www.w3.org/2000/09/xmldsig#sha1"></ds:DigestMethod></xenc:EncryptionMethod><xenc:CipherData><xenc:CipherValue>1NOm5Tmy5d3bns9gDJpq0JTJgJ4FVtAZ13an5XOfwGXWw1BmVfsXmMpggbQD9hrms0SjeK2/WFMk
g6VjERAKQKemIYc6iTtkecEx9cKGI+3QgnSQxomhmA4o6l4/hwUSNz8/bODPLIUcxx1fGnEwbgba
HSkavq1GlroxnHn8PRn04w6YvvlTK81WvfBw/bprzgBOaJUyI8oe9i9+h3Qz8+RchaM6ggn/CSsY
gk3m0abaB8HpUtRSJf5SU8DhjUnHXMNlZVclkdcn98mbEMpAtUzfQK4gV/N3QIuYGC8khfJeYqNg
wPmoJ1NGbFFhrYffHzaBYxtsiS6jUWRfebbbhw==</xenc:CipherValue></xenc:CipherData><xenc:ReferenceList><xenc:DataReference URI="#_db7d6e95204f8dd331c7590ede21f0cb"></xenc:DataReference></xenc:ReferenceList></xenc:EncryptedKey></saml2:EncryptedAssertion></saml2p:Response>
14:58:09.805 [Test worker] DEBUG org.apache.xml.security.signature.Reference - Verification successful for URI "#default-response-id"
14:58:09.805 [Test worker] DEBUG org.apache.xml.security.signature.Manifest - The Reference has Type 
14:58:09.805 [Test worker] DEBUG org.opensaml.xmlsec.signature.support.provider.ApacheSantuarioSignatureValidationProviderImpl - Signature validated with key from supplied credential
14:58:09.805 [Test worker] DEBUG org.opensaml.xmlsec.signature.support.impl.BaseSignatureTrustEngine - Signature validation using candidate credential was successful
14:58:09.805 [Test worker] DEBUG org.opensaml.xmlsec.signature.support.impl.ExplicitKeySignatureTrustEngine - Successfully verified signature using resolved trusted credential
14:58:09.806 [Test worker] DEBUG org.opensaml.saml.common.SAMLObjectSupport - Examining signed object for content references with exclusive canonicalization transform
14:58:09.806 [Test worker] DEBUG org.opensaml.saml.common.SAMLObjectSupport - Saw exclusive transform, declaring non-visible namespaces on signed object
14:58:09.806 [Test worker] DEBUG org.opensaml.xmlsec.signature.impl.SignatureMarshaller - Starting to marshall {http://www.w3.org/2000/09/xmldsig#}Signature
14:58:09.806 [Test worker] DEBUG org.opensaml.xmlsec.signature.impl.SignatureMarshaller - Creating XMLSignature object
14:58:09.806 [Test worker] DEBUG org.apache.xml.security.algorithms.SignatureAlgorithm - Create URI "http://www.w3.org/2001/04/xmldsig-more#rsa-sha256" class "class org.apache.xml.security.algorithms.implementations.SignatureBaseRSA$SignatureRSASHA256"
14:58:09.806 [Test worker] DEBUG org.apache.xml.security.algorithms.JCEMapper - Request for URI http://www.w3.org/2001/04/xmldsig-more#rsa-sha256
14:58:09.806 [Test worker] DEBUG org.apache.xml.security.algorithms.implementations.SignatureBaseRSA - Created SignatureRSA using SHA256withRSA
14:58:09.806 [Test worker] DEBUG org.opensaml.xmlsec.signature.impl.SignatureMarshaller - Adding content to XMLSignature.
14:58:09.806 [Test worker] DEBUG org.apache.xml.security.transforms.Transforms - Transforms.addTransform(http://www.w3.org/2000/09/xmldsig#enveloped-signature)
14:58:09.806 [Test worker] DEBUG org.apache.xml.security.transforms.Transform - Create URI "http://www.w3.org/2000/09/xmldsig#enveloped-signature" class "class org.apache.xml.security.transforms.implementations.TransformEnvelopedSignature"
14:58:09.806 [Test worker] DEBUG org.apache.xml.security.transforms.Transform - The NodeList is null
14:58:09.806 [Test worker] DEBUG org.apache.xml.security.transforms.Transforms - Transforms.addTransform(http://www.w3.org/2000/09/xmldsig#enveloped-signature)
14:58:09.806 [Test worker] DEBUG org.apache.xml.security.transforms.Transforms - Transforms.addTransform(http://www.w3.org/2001/10/xml-exc-c14n#)
14:58:09.806 [Test worker] DEBUG org.apache.xml.security.transforms.Transform - Create URI "http://www.w3.org/2001/10/xml-exc-c14n#" class "class org.apache.xml.security.transforms.implementations.TransformC14NExclusive"
14:58:09.806 [Test worker] DEBUG org.apache.xml.security.transforms.Transform - The NodeList is null
14:58:09.806 [Test worker] DEBUG org.apache.xml.security.transforms.Transforms - Transforms.addTransform(http://www.w3.org/2001/10/xml-exc-c14n#)
14:58:09.806 [Test worker] DEBUG org.apache.xml.security.utils.ElementProxy - setElement("ds:Transform", "null")
14:58:09.806 [Test worker] DEBUG org.opensaml.saml.common.SAMLObjectContentReference - Adding list of inclusive namespaces for signature exclusive canonicalization transform
14:58:09.806 [Test worker] DEBUG org.opensaml.xmlsec.signature.impl.SignatureMarshaller - Creating Signature DOM element
14:58:09.806 [Test worker] DEBUG org.opensaml.xmlsec.signature.support.Signer - Using a signer of implemenation: org.opensaml.xmlsec.signature.support.provider.ApacheSantuarioSignerProviderImpl
14:58:09.806 [Test worker] DEBUG org.opensaml.xmlsec.signature.support.provider.ApacheSantuarioSignerProviderImpl - Computing signature over XMLSignature object
14:58:09.806 [Test worker] DEBUG org.apache.xml.security.algorithms.JCEMapper - Request for URI http://www.w3.org/2001/04/xmlenc#sha256
14:58:09.807 [Test worker] DEBUG org.apache.xml.security.utils.resolver.ResourceResolver - I was asked to create a ResourceResolver and got 0
14:58:09.807 [Test worker] DEBUG org.apache.xml.security.utils.resolver.ResourceResolver - check resolvability by class org.apache.xml.security.utils.resolver.ResourceResolver
14:58:09.807 [Test worker] DEBUG org.apache.xml.security.utils.resolver.implementations.ResolverFragment - State I can resolve reference: "#some-assertion-id"
14:58:09.807 [Test worker] DEBUG org.apache.xml.security.utils.resolver.implementations.ResolverFragment - Try to catch an Element with ID some-assertion-id and Element was [saml2:Assertion: null]
14:58:09.807 [Test worker] DEBUG org.apache.xml.security.utils.ElementProxy - setElement("ds:Transform", "null")
14:58:09.807 [Test worker] DEBUG org.apache.xml.security.transforms.Transforms - Perform the (0)th http://www.w3.org/2000/09/xmldsig#enveloped-signature transform
14:58:09.807 [Test worker] DEBUG org.apache.xml.security.utils.ElementProxy - setElement("ds:Transform", "null")
14:58:09.807 [Test worker] DEBUG org.apache.xml.security.transforms.Transforms - Perform the (1)th http://www.w3.org/2001/10/xml-exc-c14n# transform
14:58:09.807 [Test worker] DEBUG org.apache.xml.security.utils.DigesterOutputStream - Pre-digested input:
14:58:09.807 [Test worker] DEBUG org.apache.xml.security.utils.DigesterOutputStream - <saml2:Assertion xmlns:saml2="urn:oasis:names:tc:SAML:2.0:assertion" xmlns:xsi="http://www.w3.org/2001/XMLSchema-instance" ID="some-assertion-id" IssueInstant="2018-04-03T13:58:09.806Z" Version="2.0" xsi:type="saml2:AssertionType"><saml2:Issuer>a-test-entity</saml2:Issuer><saml2:Subject xsi:type="saml2:SubjectType"><saml2:NameID Format="urn:oasis:names:tc:SAML:2.0:nameid-format:persistent"></saml2:NameID><saml2:SubjectConfirmation Method="urn:oasis:names:tc:SAML:2.0:cm:bearer" xsi:type="saml2:SubjectConfirmationType"><saml2:SubjectConfirmationData InResponseTo="default-request-id" NotOnOrAfter="2018-04-03T14:13:09.805Z" Recipient="https://signin.service.gov.uk" xsi:type="saml2:SubjectConfirmationDataType"></saml2:SubjectConfirmationData></saml2:SubjectConfirmation></saml2:Subject><saml2:Conditions xsi:type="saml2:ConditionsType"><saml2:AudienceRestriction xsi:type="saml2:AudienceRestrictionType"><saml2:Audience>https://signin.service.gov.uk</saml2:Audience></saml2:AudienceRestriction></saml2:Conditions></saml2:Assertion>
14:58:09.807 [Test worker] DEBUG org.apache.xml.security.utils.SignerOutputStream - Canonicalized SignedInfo:
14:58:09.807 [Test worker] DEBUG org.apache.xml.security.utils.SignerOutputStream - <ds:SignedInfo xmlns:ds="http://www.w3.org/2000/09/xmldsig#">
<ds:CanonicalizationMethod Algorithm="http://www.w3.org/2001/10/xml-exc-c14n#"></ds:CanonicalizationMethod>
<ds:SignatureMethod Algorithm="http://www.w3.org/2001/04/xmldsig-more#rsa-sha256"></ds:SignatureMethod>
<ds:Reference URI="#some-assertion-id">
<ds:Transforms>
<ds:Transform Algorithm="http://www.w3.org/2000/09/xmldsig#enveloped-signature"></ds:Transform>
<ds:Transform Algorithm="http://www.w3.org/2001/10/xml-exc-c14n#"></ds:Transform>
</ds:Transforms>
<ds:DigestMethod Algorithm="http://www.w3.org/2001/04/xmlenc#sha256"></ds:DigestMethod>
<ds:DigestValue>Lzst8VzFPPKYmkPab9+b+hVcxqpx6GfTqy2xMOjuMDc=</ds:DigestValue>
</ds:Reference>
</ds:SignedInfo>
14:58:09.811 [Test worker] DEBUG org.opensaml.core.xml.util.XMLObjectSupport - Marshalling XMLObject
14:58:09.811 [Test worker] DEBUG org.opensaml.core.xml.util.XMLObjectSupport - XMLObject already had cached DOM, returning that element
14:58:09.812 [Test worker] DEBUG org.opensaml.saml.saml2.encryption.Encrypter - Assertion before encryption:
<?xml version="1.0" encoding="UTF-8"?>
<saml2:Assertion ID="some-assertion-id"
    IssueInstant="2018-04-03T13:58:09.806Z" Version="2.0"
    xmlns:saml2="urn:oasis:names:tc:SAML:2.0:assertion"
    xmlns:xsi="http://www.w3.org/2001/XMLSchema-instance" xsi:type="saml2:AssertionType">
    <saml2:Issuer>a-test-entity</saml2:Issuer>
    <ds:Signature
                xmlns:ds="http://www.w3.org/2000/09/xmldsig#">
<ds:SignedInfo>
<ds:CanonicalizationMethod
                Algorithm="http://www.w3.org/2001/10/xml-exc-c14n#"/>
<ds:SignatureMethod
                Algorithm="http://www.w3.org/2001/04/xmldsig-more#rsa-sha256"/>
<ds:Reference
                        URI="#some-assertion-id">
<ds:Transforms>
<ds:Transform
                        Algorithm="http://www.w3.org/2000/09/xmldsig#enveloped-signature"/>
<ds:Transform
                    Algorithm="http://www.w3.org/2001/10/xml-exc-c14n#"/>
</ds:Transforms>
<ds:DigestMethod Algorithm="http://www.w3.org/2001/04/xmlenc#sha256"/>
<ds:DigestValue>Lzst8VzFPPKYmkPab9+b+hVcxqpx6GfTqy2xMOjuMDc=</ds:DigestValue>
</ds:Reference>
</ds:SignedInfo>
<ds:SignatureValue>
X42Sz+DiTV28p2oRvxBIkEjrRFIWV11ZPIkQqlKEGFgUQqi0r1U0V4ED+/OzF/f+PEe2JX3kLW9z
tDOgg/j/p6H+VCvUBhGYRqUg8b2rDK5fuoHKj+h6oFwHT83omFRTIBqAFczJWCktu9B0UhNfj4XL
FoO20oEUmENYp2WLUgBpiopCaUwKzzPNUrDwwKBAo5FxvGZMuudwcRE1D/l7oVW+IPu1GWgw2skj
wl0cakhvxaPewAU/M7RgBw+nFaNaPWZcRmTEz1JlHfQeSrDGGhapQaDvkLJA8Sdqttmdu7V0IN5T
Waqf2oMXMqQ/NrCG62cKYUSkotvoXIENN1AT4w==
</ds:SignatureValue>
</ds:Signature>
    <saml2:Subject xsi:type="saml2:SubjectType">
        <saml2:NameID Format="urn:oasis:names:tc:SAML:2.0:nameid-format:persistent"/>
        <saml2:SubjectConfirmation
            Method="urn:oasis:names:tc:SAML:2.0:cm:bearer" xsi:type="saml2:SubjectConfirmationType">
            <saml2:SubjectConfirmationData
                InResponseTo="default-request-id"
                NotOnOrAfter="2018-04-03T14:13:09.805Z"
                Recipient="https://signin.service.gov.uk" xsi:type="saml2:SubjectConfirmationDataType"/>
        </saml2:SubjectConfirmation>
    </saml2:Subject>
    <saml2:Conditions xsi:type="saml2:ConditionsType">
        <saml2:AudienceRestriction xsi:type="saml2:AudienceRestrictionType">
            <saml2:Audience>https://signin.service.gov.uk</saml2:Audience>
        </saml2:AudienceRestriction>
    </saml2:Conditions>
</saml2:Assertion>

14:58:09.812 [Test worker] DEBUG org.opensaml.xmlsec.encryption.support.Encrypter - Generating random symmetric data encryption key from algorithm URI: http://www.w3.org/2001/04/xmlenc#aes128-cbc
14:58:09.812 [Test worker] DEBUG org.opensaml.xmlsec.encryption.support.Encrypter - Encrypting XMLObject using algorithm URI http://www.w3.org/2001/04/xmlenc#aes128-cbc with content mode false
14:58:09.812 [Test worker] DEBUG org.apache.xml.security.encryption.XMLCipher - Getting XMLCipher with transformation
14:58:09.812 [Test worker] DEBUG org.apache.xml.security.encryption.XMLCipher - Constructing XMLCipher...
14:58:09.812 [Test worker] DEBUG org.apache.xml.security.algorithms.JCEMapper - Request for URI http://www.w3.org/2001/04/xmlenc#aes128-cbc
14:58:09.812 [Test worker] DEBUG org.apache.xml.security.encryption.XMLCipher - JCE Algorithm = AES/CBC/ISO10126Padding
14:58:09.812 [Test worker] DEBUG org.apache.xml.security.encryption.XMLCipher - Initializing XMLCipher...
14:58:09.812 [Test worker] DEBUG org.apache.xml.security.encryption.XMLCipher - opmode = ENCRYPT_MODE
14:58:09.812 [Test worker] DEBUG org.apache.xml.security.encryption.XMLCipher - Encrypting element...
14:58:09.813 [Test worker] DEBUG org.apache.xml.security.encryption.XMLCipher - Serialized octets:
<saml2:Assertion xmlns:saml2="urn:oasis:names:tc:SAML:2.0:assertion" xmlns:xsi="http://www.w3.org/2001/XMLSchema-instance" ID="some-assertion-id" IssueInstant="2018-04-03T13:58:09.806Z" Version="2.0" xsi:type="saml2:AssertionType"><saml2:Issuer>a-test-entity</saml2:Issuer><ds:Signature xmlns:ds="http://www.w3.org/2000/09/xmldsig#">
<ds:SignedInfo>
<ds:CanonicalizationMethod Algorithm="http://www.w3.org/2001/10/xml-exc-c14n#"></ds:CanonicalizationMethod>
<ds:SignatureMethod Algorithm="http://www.w3.org/2001/04/xmldsig-more#rsa-sha256"></ds:SignatureMethod>
<ds:Reference URI="#some-assertion-id">
<ds:Transforms>
<ds:Transform Algorithm="http://www.w3.org/2000/09/xmldsig#enveloped-signature"></ds:Transform>
<ds:Transform Algorithm="http://www.w3.org/2001/10/xml-exc-c14n#"></ds:Transform>
</ds:Transforms>
<ds:DigestMethod Algorithm="http://www.w3.org/2001/04/xmlenc#sha256"></ds:DigestMethod>
<ds:DigestValue>Lzst8VzFPPKYmkPab9+b+hVcxqpx6GfTqy2xMOjuMDc=</ds:DigestValue>
</ds:Reference>
</ds:SignedInfo>
<ds:SignatureValue>
X42Sz+DiTV28p2oRvxBIkEjrRFIWV11ZPIkQqlKEGFgUQqi0r1U0V4ED+/OzF/f+PEe2JX3kLW9z
tDOgg/j/p6H+VCvUBhGYRqUg8b2rDK5fuoHKj+h6oFwHT83omFRTIBqAFczJWCktu9B0UhNfj4XL
FoO20oEUmENYp2WLUgBpiopCaUwKzzPNUrDwwKBAo5FxvGZMuudwcRE1D/l7oVW+IPu1GWgw2skj
wl0cakhvxaPewAU/M7RgBw+nFaNaPWZcRmTEz1JlHfQeSrDGGhapQaDvkLJA8Sdqttmdu7V0IN5T
Waqf2oMXMqQ/NrCG62cKYUSkotvoXIENN1AT4w==
</ds:SignatureValue>
</ds:Signature><saml2:Subject xsi:type="saml2:SubjectType"><saml2:NameID Format="urn:oasis:names:tc:SAML:2.0:nameid-format:persistent"></saml2:NameID><saml2:SubjectConfirmation Method="urn:oasis:names:tc:SAML:2.0:cm:bearer" xsi:type="saml2:SubjectConfirmationType"><saml2:SubjectConfirmationData InResponseTo="default-request-id" NotOnOrAfter="2018-04-03T14:13:09.805Z" Recipient="https://signin.service.gov.uk" xsi:type="saml2:SubjectConfirmationDataType"></saml2:SubjectConfirmationData></saml2:SubjectConfirmation></saml2:Subject><saml2:Conditions xsi:type="saml2:ConditionsType"><saml2:AudienceRestriction xsi:type="saml2:AudienceRestrictionType"><saml2:Audience>https://signin.service.gov.uk</saml2:Audience></saml2:AudienceRestriction></saml2:Conditions></saml2:Assertion>
14:58:09.813 [Test worker] DEBUG org.apache.xml.security.encryption.XMLCipherUtil - Saw non-AES-GCM mode block cipher, returning IvParameterSpec: http://www.w3.org/2001/04/xmlenc#aes128-cbc
14:58:09.813 [Test worker] DEBUG org.apache.xml.security.encryption.XMLCipher - Expected cipher.outputSize = 2192
14:58:09.813 [Test worker] DEBUG org.apache.xml.security.encryption.XMLCipher - Actual cipher.outputSize = 2192
14:58:09.813 [Test worker] DEBUG org.apache.xml.security.encryption.XMLCipher - Encrypted octets:
E9XA37t7uD3zd0P4PMWGQqJlXwEWrzxXP93UBL0q4EPvy9wEk9Ah8iqgSR2GIR3zYE8JNodc5pOi
teD6j5CTWXixQNx+A9djezMK1cEBBchO12t+SGGcN/L0y/s/62FnWop6Nw6M/mvRzuOtjBGrOorT
gVfCT21qitlR+A3A2UnuXTMi+KA4xDUekihCPub0xVG3fdGXUeqTNUy8AWL6bEXi0CRTQUIQg+fu
ZMSaVM83lsJHWDBwhV3E8K3JqXLrtWDnvM4bLQ6WKAjAB4Z15nd50EPATNW2cMjoSZPq41Jkg1K/
WqFDeK57aE3pzKSwE0big/4ZHQTm3FyQLgJPTKdsZIJ6tFo2Y2RjBalzYAuX29Lr1+j+wyVPhxqQ
Waq0i6b2JCOY7FR6y3FcT+uPkvovBB9N7AGV2SGYJOJ7HqBbi7qqMMKyfCpcDygULVDtrUNtMLf6
N2xnaNCREXo5lBzwL4U9Q0EssbJ6GncbwA2jlHY7tcW4qkyC3845fmkzsarOb4QmruEBU59rz3xM
LfTj6pHhvUwZMDe5ogSvv9JtzwxnIa/uAo0qjfAkmVdYeixRYuhhFbF1/Ky8I2/OKJRsPGcHiSSL
qXr4zeJO0V27we2CUA8b2c4mQ/6yCcSKanWjg3ezZaRww+ik4QuCXFUKFArskpao7hXy+ZS/R32+
ZCj3TwEGxfgDF2E7yex77zOYBoXPjWW+6DFplbx+1AyoGfX+rNiQy3J4BRz/w4G6lQkHugtLBEBk
o7PP43TSEvbs6kkC1t4IxjLq1StqyuPxYTbE8BZ02+eY98agwZdL4CXulty00NG7YTfVbrCCEgDV
BNBh/DlcqB5MGjholaZsCGKu4pgToVFtBc8bgFx303UorjXz2ttlFQ0GZ97ujPpijqgZ5i5FaaE+
s5MckE+RoERVT7tLDuMwzfH98gLhKNZGERcruuI4WEyW2RBGR/wwWHW5Wk0R6HlWXqHBQuKfk50Y
0c7HcZoT2dNnpUAQLAoPA3x230nwYpl+DzrfrUtgusGE8LIC8z4LP9jWaMRLyzHDn21UkTczwfmb
y4oj5lE0qf2V93F1HleKwsSSQTZOV4dX7KyG7IEgIYV032PJpHdpga+gT6hoPA2oU5lMRdH0v205
x0lx5hO3wqtW8uK9KbCsSXMFV3+wwzBTuxRrR0vfBtiGolMhIW6Q0yn1ng/Tt2ight+Xtx7dTTlg
D192KejM4DyyvuOOQn1KO6QfxvGdofIk+3zlvCn+uHnKx8Bv7s/P0GFK7sDH1S9NUISpjAaR0Dhx
8icslUbTnKx3O7quEjdJ1+ftlQfEfF+7xYm09dkMd68m6cD+STjH9R6IQ6ce2OzVW/6VpiL8E7la
0P19RwT7/BLiD1Slr7YzJcGtNFr0wAO38S1aiW85sJn3BoYl/Yfr3mEXqbZMRKZB10LU6In6+FVK
vIHxr5q10pNZoNGnjqZisS+7HcrAgiyfSrgYWfU5RSO+5xkqYft7A3uL8bsj6BDKTt9u7YSQ8lJs
Z0686KwpaKb6WoxBXrqbIIQha3Q6Z8eOkKfClfOVeU1f2IEbNgNTxSpKDP88Ym2mjSaceP/1Igh4
fU0KASI3vubI4Ym7+oq8nLu3jSTvzxBBCIRjsXYUzqc43uSWIeooCIcXcFMeOdddVFELZfwPJp/E
qzGwQPZ673YeerKN1wSVdJa2GoB2wTti2TVi9sDMEeQEHUK7DQ28ST296nq7M65TdUDqHTOx/yhq
w9SqnpfH2bAWxbuYaajXFOwo1l1FD8T9xE2P6pRIq4P0GUc1oxI6eih6uXJm8KYkxWtTadmi5VnJ
C+JYwTJLM01KsUu2++vl2MY06e09A5p+Vt89w2pp9YmIFSZ9IfQx3h41n4unH4Unv4jG6KM7fVF6
T3Q5NLwUesiTdx9MByN24t0q88pJBcRWB2SlFE+/6uEdPMQkEpZgVopSPRT1qRlAhEfrZ9905rAH
XHIn3Tl+bbutxUjE4c0mD3eZrrL1jvo+L0kNI/ipmBKy8oFac128LnGDdZeq7Tj5xTdqy8pav+Eh
b3rHyx9AwBM877L4I77JJSIvRPk2W687exPAko5F1AOsNzhhV/WbBeINhwz9DmSfac7vKTX79+Fk
NkAX1cqX7cAiE1HCVPmvytYIy4ldtsGRH1Dhdq9rGDKY/JC2wLbRXTBKsSl9RLf75d2iOwBI9+Qf
0p0h1MKX10rtwlJUFD8RcjDDIBhL9X6Lu9bCBcS51xIKKkWCWpyVHyOw7G59tw9DArhnW+wItwh3
OJJNUx9eRrpRw3M/U/OsPHGY9+1dPtt2rMbGOoUpZ/8uSYLhqfhWG0VZs4RVxvXdxRWIswymA02m
f9fd+kuqEpVIssiiLoWZMfPjC6i8cd4FqgcHSgXRwcHimNbNmEpd5UTUlXYu1CDf3RHbNX9HGNBx
ttEwtLcd+lxO8KD5ElfQvhzKwmsQf8wV3CvSX/7yUfJ1mYilgL428tJPSDVFWc4RvJTY7FcD/Ifx
C0svyLQwR8jJ10KxxeCM8B0/x6gJBCOO8BgOWb9j8qFoLsPZ7y9V/I6lp0uZNoNQd5CWgXBETIDv
Cx1/B5zEowaKcbQOYpG43qgU2kAaoqFxU6GWWi/deUmjYibkRD3z4YAO7rAs3Ir+rz2wqlPuf5BN
V41h7LueHCaYCjb7/PnTud/RZXH/kmvLClSltNcyBIsnf6V1tOhzCbOI2Mq3oUaL3HMHiRjc69y9
SDJoNbAVVkoNulVPMiox7ITVvHCEE4mknh1PbKNfN2UiNy87TAwLdZ1ftmNvesJnXpUixIDizzYd
w2lREa4IqhSS+l2rPvnVnSyWlx6xnkx+Ss+29KbHpRMQzmmqcNeEdkTmx0ZQYpzwmt/gi5yx/YJ9
QyVprHxsOUALDJEEdPlLk5pZHPgA8cTKwIqN0dLRuFA31ooMBVRKlnuR
14:58:09.813 [Test worker] DEBUG org.apache.xml.security.encryption.XMLCipher - Encrypted octets length = 2982
14:58:09.813 [Test worker] DEBUG org.opensaml.xmlsec.encryption.support.Encrypter - Encrypting encryption key with algorithm: http://www.w3.org/2001/04/xmlenc#rsa-oaep-mgf1p
14:58:09.813 [Test worker] DEBUG org.apache.xml.security.encryption.XMLCipher - Getting XMLCipher with transformation
14:58:09.813 [Test worker] DEBUG org.apache.xml.security.encryption.XMLCipher - Constructing XMLCipher...
14:58:09.813 [Test worker] DEBUG org.apache.xml.security.algorithms.JCEMapper - Request for URI http://www.w3.org/2001/04/xmlenc#rsa-oaep-mgf1p
14:58:09.813 [Test worker] DEBUG org.apache.xml.security.encryption.XMLCipher - JCE Algorithm = RSA/ECB/OAEPPadding
14:58:09.814 [Test worker] DEBUG org.apache.xml.security.encryption.XMLCipher - Initializing XMLCipher...
14:58:09.814 [Test worker] DEBUG org.apache.xml.security.encryption.XMLCipher - opmode = WRAP_MODE
14:58:09.814 [Test worker] DEBUG org.apache.xml.security.encryption.XMLCipher - Encrypting key ...
14:58:09.814 [Test worker] DEBUG org.apache.xml.security.encryption.XMLCipher - Encrypted key octets:
EjGU41MlBGqmsCWuZmYOrCwm0dGv7H9tIwRmOSwfqX4ZYyhYI3E5VE/pLXHUchJDq/dG8myQecx1
4nA8po6JJEfC9+R0rbqXB3UPKwkUWX3PKXxD5EuJ3W9/N00jtM1Jr1mqcHID7Fg76u3+mKChIC9q
JVBh6bcee9GbcSRgd6nI+81ajVbI0iC/2CGpdOZjuTPI8Df33RSD7PyuFc9CVzJKwOnH3WL7xGvQ
MOqyX5YxPPf3sk0303J7kITmBx2357r4uIvubpxtukPPGYJNcS+1o44EPZE7vZ1GcnS5wU+nLyGW
ebwPkVZ8FgGrYzjGhlkBK4c2lBDGIY+sbqqJRw==
14:58:09.814 [Test worker] DEBUG org.apache.xml.security.encryption.XMLCipher - Encrypted key octets length = 348
14:58:09.814 [Test worker] DEBUG org.opensaml.saml.saml2.encryption.Encrypter - Placing EncryptedKey elements as peers of EncryptedData in EncryptedElementType
14:58:09.814 [Test worker] DEBUG org.opensaml.saml.saml2.encryption.Encrypter - Linking single peer EncryptedKey with RetrievalMethod and DataReference
14:58:09.815 [Test worker] DEBUG org.opensaml.saml.common.SAMLObjectSupport - Examining signed object for content references with exclusive canonicalization transform
14:58:09.815 [Test worker] DEBUG org.opensaml.xmlsec.signature.impl.SignatureMarshaller - Starting to marshall {http://www.w3.org/2000/09/xmldsig#}Signature
14:58:09.815 [Test worker] DEBUG org.opensaml.xmlsec.signature.impl.SignatureMarshaller - Creating XMLSignature object
14:58:09.815 [Test worker] DEBUG org.apache.xml.security.algorithms.SignatureAlgorithm - Create URI "http://www.w3.org/2001/04/xmldsig-more#rsa-sha512" class "class org.apache.xml.security.algorithms.implementations.SignatureBaseRSA$SignatureRSASHA512"
14:58:09.815 [Test worker] DEBUG org.apache.xml.security.algorithms.JCEMapper - Request for URI http://www.w3.org/2001/04/xmldsig-more#rsa-sha512
14:58:09.815 [Test worker] DEBUG org.apache.xml.security.algorithms.implementations.SignatureBaseRSA - Created SignatureRSA using SHA512withRSA
14:58:09.815 [Test worker] DEBUG org.opensaml.xmlsec.signature.impl.SignatureMarshaller - Adding content to XMLSignature.
14:58:09.815 [Test worker] DEBUG org.apache.xml.security.transforms.Transforms - Transforms.addTransform(http://www.w3.org/2000/09/xmldsig#enveloped-signature)
14:58:09.815 [Test worker] DEBUG org.apache.xml.security.transforms.Transform - Create URI "http://www.w3.org/2000/09/xmldsig#enveloped-signature" class "class org.apache.xml.security.transforms.implementations.TransformEnvelopedSignature"
14:58:09.815 [Test worker] DEBUG org.apache.xml.security.transforms.Transform - The NodeList is null
14:58:09.815 [Test worker] DEBUG org.apache.xml.security.transforms.Transforms - Transforms.addTransform(http://www.w3.org/2000/09/xmldsig#enveloped-signature)
14:58:09.815 [Test worker] DEBUG org.apache.xml.security.transforms.Transforms - Transforms.addTransform(http://www.w3.org/2001/10/xml-exc-c14n#)
14:58:09.815 [Test worker] DEBUG org.apache.xml.security.transforms.Transform - Create URI "http://www.w3.org/2001/10/xml-exc-c14n#" class "class org.apache.xml.security.transforms.implementations.TransformC14NExclusive"
14:58:09.815 [Test worker] DEBUG org.apache.xml.security.transforms.Transform - The NodeList is null
14:58:09.815 [Test worker] DEBUG org.apache.xml.security.transforms.Transforms - Transforms.addTransform(http://www.w3.org/2001/10/xml-exc-c14n#)
14:58:09.815 [Test worker] DEBUG org.opensaml.xmlsec.signature.impl.SignatureMarshaller - Creating Signature DOM element
14:58:09.816 [Test worker] DEBUG org.opensaml.xmlsec.signature.support.Signer - Using a signer of implemenation: org.opensaml.xmlsec.signature.support.provider.ApacheSantuarioSignerProviderImpl
14:58:09.816 [Test worker] DEBUG org.opensaml.xmlsec.signature.support.provider.ApacheSantuarioSignerProviderImpl - Computing signature over XMLSignature object
14:58:09.816 [Test worker] DEBUG org.apache.xml.security.algorithms.JCEMapper - Request for URI http://www.w3.org/2001/04/xmlenc#sha256
14:58:09.816 [Test worker] DEBUG org.apache.xml.security.utils.resolver.ResourceResolver - I was asked to create a ResourceResolver and got 0
14:58:09.816 [Test worker] DEBUG org.apache.xml.security.utils.resolver.ResourceResolver - check resolvability by class org.apache.xml.security.utils.resolver.ResourceResolver
14:58:09.816 [Test worker] DEBUG org.apache.xml.security.utils.resolver.implementations.ResolverFragment - State I can resolve reference: "#default-response-id"
14:58:09.816 [Test worker] DEBUG org.apache.xml.security.utils.resolver.implementations.ResolverFragment - Try to catch an Element with ID default-response-id and Element was [saml2p:Response: null]
14:58:09.816 [Test worker] DEBUG org.apache.xml.security.utils.ElementProxy - setElement("ds:Transform", "null")
14:58:09.816 [Test worker] DEBUG org.apache.xml.security.transforms.Transforms - Perform the (0)th http://www.w3.org/2000/09/xmldsig#enveloped-signature transform
14:58:09.816 [Test worker] DEBUG org.apache.xml.security.utils.ElementProxy - setElement("ds:Transform", "null")
14:58:09.816 [Test worker] DEBUG org.apache.xml.security.transforms.Transforms - Perform the (1)th http://www.w3.org/2001/10/xml-exc-c14n# transform
14:58:09.816 [Test worker] DEBUG org.apache.xml.security.utils.DigesterOutputStream - Pre-digested input:
14:58:09.816 [Test worker] DEBUG org.apache.xml.security.utils.DigesterOutputStream - <saml2p:Response xmlns:saml2p="urn:oasis:names:tc:SAML:2.0:protocol" xmlns:xsi="http://www.w3.org/2001/XMLSchema-instance" Destination="http://destination.com" ID="default-response-id" InResponseTo="default-request-id" IssueInstant="2018-04-03T13:58:09.805Z" Version="2.0" xsi:type="saml2p:ResponseType"><saml2:Issuer xmlns:saml2="urn:oasis:names:tc:SAML:2.0:assertion">a-test-entity</saml2:Issuer><saml2p:Status xsi:type="saml2p:StatusType"><saml2p:StatusCode Value="urn:oasis:names:tc:SAML:2.0:status:Success" xsi:type="saml2p:StatusCodeType"></saml2p:StatusCode></saml2p:Status><saml2:EncryptedAssertion xmlns:saml2="urn:oasis:names:tc:SAML:2.0:assertion"><xenc:EncryptedData xmlns:xenc="http://www.w3.org/2001/04/xmlenc#" Id="_316727e11ec542878f414cc24d0fa4ee" Type="http://www.w3.org/2001/04/xmlenc#Element"><xenc:EncryptionMethod Algorithm="http://www.w3.org/2001/04/xmlenc#aes128-cbc"></xenc:EncryptionMethod><ds:KeyInfo xmlns:ds="http://www.w3.org/2000/09/xmldsig#"><ds:RetrievalMethod Type="http://www.w3.org/2001/04/xmlenc#EncryptedKey" URI="#_fde656c3da2fb0952b74f8c1f1505412"></ds:RetrievalMethod></ds:KeyInfo><xenc:CipherData><xenc:CipherValue>E9XA37t7uD3zd0P4PMWGQqJlXwEWrzxXP93UBL0q4EPvy9wEk9Ah8iqgSR2GIR3zYE8JNodc5pOi
teD6j5CTWXixQNx+A9djezMK1cEBBchO12t+SGGcN/L0y/s/62FnWop6Nw6M/mvRzuOtjBGrOorT
gVfCT21qitlR+A3A2UnuXTMi+KA4xDUekihCPub0xVG3fdGXUeqTNUy8AWL6bEXi0CRTQUIQg+fu
ZMSaVM83lsJHWDBwhV3E8K3JqXLrtWDnvM4bLQ6WKAjAB4Z15nd50EPATNW2cMjoSZPq41Jkg1K/
WqFDeK57aE3pzKSwE0big/4ZHQTm3FyQLgJPTKdsZIJ6tFo2Y2RjBalzYAuX29Lr1+j+wyVPhxqQ
Waq0i6b2JCOY7FR6y3FcT+uPkvovBB9N7AGV2SGYJOJ7HqBbi7qqMMKyfCpcDygULVDtrUNtMLf6
N2xnaNCREXo5lBzwL4U9Q0EssbJ6GncbwA2jlHY7tcW4qkyC3845fmkzsarOb4QmruEBU59rz3xM
LfTj6pHhvUwZMDe5ogSvv9JtzwxnIa/uAo0qjfAkmVdYeixRYuhhFbF1/Ky8I2/OKJRsPGcHiSSL
qXr4zeJO0V27we2CUA8b2c4mQ/6yCcSKanWjg3ezZaRww+ik4QuCXFUKFArskpao7hXy+ZS/R32+
ZCj3TwEGxfgDF2E7yex77zOYBoXPjWW+6DFplbx+1AyoGfX+rNiQy3J4BRz/w4G6lQkHugtLBEBk
o7PP43TSEvbs6kkC1t4IxjLq1StqyuPxYTbE8BZ02+eY98agwZdL4CXulty00NG7YTfVbrCCEgDV
BNBh/DlcqB5MGjholaZsCGKu4pgToVFtBc8bgFx303UorjXz2ttlFQ0GZ97ujPpijqgZ5i5FaaE+
s5MckE+RoERVT7tLDuMwzfH98gLhKNZGERcruuI4WEyW2RBGR/wwWHW5Wk0R6HlWXqHBQuKfk50Y
0c7HcZoT2dNnpUAQLAoPA3x230nwYpl+DzrfrUtgusGE8LIC8z4LP9jWaMRLyzHDn21UkTczwfmb
y4oj5lE0qf2V93F1HleKwsSSQTZOV4dX7KyG7IEgIYV032PJpHdpga+gT6hoPA2oU5lMRdH0v205
x0lx5hO3wqtW8uK9KbCsSXMFV3+wwzBTuxRrR0vfBtiGolMhIW6Q0yn1ng/Tt2ight+Xtx7dTTlg
D192KejM4DyyvuOOQn1KO6QfxvGdofIk+3zlvCn+uHnKx8Bv7s/P0GFK7sDH1S9NUISpjAaR0Dhx
8icslUbTnKx3O7quEjdJ1+ftlQfEfF+7xYm09dkMd68m6cD+STjH9R6IQ6ce2OzVW/6VpiL8E7la
0P19RwT7/BLiD1Slr7YzJcGtNFr0wAO38S1aiW85sJn3BoYl/Yfr3mEXqbZMRKZB10LU6In6+FVK
vIHxr5q10pNZoNGnjqZisS+7HcrAgiyfSrgYWfU5RSO+5xkqYft7A3uL8bsj6BDKTt9u7YSQ8lJs
Z0686KwpaKb6WoxBXrqbIIQha3Q6Z8eOkKfClfOVeU1f2IEbNgNTxSpKDP88Ym2mjSaceP/1Igh4
fU0KASI3vubI4Ym7+oq8nLu3jSTvzxBBCIRjsXYUzqc43uSWIeooCIcXcFMeOdddVFELZfwPJp/E
qzGwQPZ673YeerKN1wSVdJa2GoB2wTti2TVi9sDMEeQEHUK7DQ28ST296nq7M65TdUDqHTOx/yhq
w9SqnpfH2bAWxbuYaajXFOwo1l1FD8T9xE2P6pRIq4P0GUc1oxI6eih6uXJm8KYkxWtTadmi5VnJ
C+JYwTJLM01KsUu2++vl2MY06e09A5p+Vt89w2pp9YmIFSZ9IfQx3h41n4unH4Unv4jG6KM7fVF6
T3Q5NLwUesiTdx9MByN24t0q88pJBcRWB2SlFE+/6uEdPMQkEpZgVopSPRT1qRlAhEfrZ9905rAH
XHIn3Tl+bbutxUjE4c0mD3eZrrL1jvo+L0kNI/ipmBKy8oFac128LnGDdZeq7Tj5xTdqy8pav+Eh
b3rHyx9AwBM877L4I77JJSIvRPk2W687exPAko5F1AOsNzhhV/WbBeINhwz9DmSfac7vKTX79+Fk
NkAX1cqX7cAiE1HCVPmvytYIy4ldtsGRH1Dhdq9rGDKY/JC2wLbRXTBKsSl9RLf75d2iOwBI9+Qf
0p0h1MKX10rtwlJUFD8RcjDDIBhL9X6Lu9bCBcS51xIKKkWCWpyVHyOw7G59tw9DArhnW+wItwh3
OJJNUx9eRrpRw3M/U/OsPHGY9+1dPtt2rMbGOoUpZ/8uSYLhqfhWG0VZs4RVxvXdxRWIswymA02m
f9fd+kuqEpVIssiiLoWZMfPjC6i8cd4FqgcHSgXRwcHimNbNmEpd5UTUlXYu1CDf3RHbNX9HGNBx
ttEwtLcd+lxO8KD5ElfQvhzKwmsQf8wV3CvSX/7yUfJ1mYilgL428tJPSDVFWc4RvJTY7FcD/Ifx
C0svyLQwR8jJ10KxxeCM8B0/x6gJBCOO8BgOWb9j8qFoLsPZ7y9V/I6lp0uZNoNQd5CWgXBETIDv
Cx1/B5zEowaKcbQOYpG43qgU2kAaoqFxU6GWWi/deUmjYibkRD3z4YAO7rAs3Ir+rz2wqlPuf5BN
V41h7LueHCaYCjb7/PnTud/RZXH/kmvLClSltNcyBIsnf6V1tOhzCbOI2Mq3oUaL3HMHiRjc69y9
SDJoNbAVVkoNulVPMiox7ITVvHCEE4mknh1PbKNfN2UiNy87TAwLdZ1ftmNvesJnXpUixIDizzYd
w2lREa4IqhSS+l2rPvnVnSyWlx6xnkx+Ss+29KbHpRMQzmmqcNeEdkTmx0ZQYpzwmt/gi5yx/YJ9
QyVprHxsOUALDJEEdPlLk5pZHPgA8cTKwIqN0dLRuFA31ooMBVRKlnuR</xenc:CipherValue></xenc:CipherData></xenc:EncryptedData><xenc:EncryptedKey xmlns:xenc="http://www.w3.org/2001/04/xmlenc#" Id="_fde656c3da2fb0952b74f8c1f1505412"><xenc:EncryptionMethod Algorithm="http://www.w3.org/2001/04/xmlenc#rsa-oaep-mgf1p"><ds:DigestMethod xmlns:ds="http://www.w3.org/2000/09/xmldsig#" Algorithm="http://www.w3.org/2000/09/xmldsig#sha1"></ds:DigestMethod></xenc:EncryptionMethod><xenc:CipherData><xenc:CipherValue>EjGU41MlBGqmsCWuZmYOrCwm0dGv7H9tIwRmOSwfqX4ZYyhYI3E5VE/pLXHUchJDq/dG8myQecx1
4nA8po6JJEfC9+R0rbqXB3UPKwkUWX3PKXxD5EuJ3W9/N00jtM1Jr1mqcHID7Fg76u3+mKChIC9q
JVBh6bcee9GbcSRgd6nI+81ajVbI0iC/2CGpdOZjuTPI8Df33RSD7PyuFc9CVzJKwOnH3WL7xGvQ
MOqyX5YxPPf3sk0303J7kITmBx2357r4uIvubpxtukPPGYJNcS+1o44EPZE7vZ1GcnS5wU+nLyGW
ebwPkVZ8FgGrYzjGhlkBK4c2lBDGIY+sbqqJRw==</xenc:CipherValue></xenc:CipherData><xenc:ReferenceList><xenc:DataReference URI="#_316727e11ec542878f414cc24d0fa4ee"></xenc:DataReference></xenc:ReferenceList></xenc:EncryptedKey></saml2:EncryptedAssertion></saml2p:Response>
14:58:09.817 [Test worker] DEBUG org.apache.xml.security.utils.SignerOutputStream - Canonicalized SignedInfo:
14:58:09.817 [Test worker] DEBUG org.apache.xml.security.utils.SignerOutputStream - <ds:SignedInfo xmlns:ds="http://www.w3.org/2000/09/xmldsig#">
<ds:CanonicalizationMethod Algorithm="http://www.w3.org/2001/10/xml-exc-c14n#"></ds:CanonicalizationMethod>
<ds:SignatureMethod Algorithm="http://www.w3.org/2001/04/xmldsig-more#rsa-sha512"></ds:SignatureMethod>
<ds:Reference URI="#default-response-id">
<ds:Transforms>
<ds:Transform Algorithm="http://www.w3.org/2000/09/xmldsig#enveloped-signature"></ds:Transform>
<ds:Transform Algorithm="http://www.w3.org/2001/10/xml-exc-c14n#"></ds:Transform>
</ds:Transforms>
<ds:DigestMethod Algorithm="http://www.w3.org/2001/04/xmlenc#sha256"></ds:DigestMethod>
<ds:DigestValue>oDilIogaD69ng8JSjufTtQiwEdyO6Xn+xYi2VhCCkhA=</ds:DigestValue>
</ds:Reference>
</ds:SignedInfo>
14:58:09.822 [Test worker] DEBUG org.apache.xml.security.utils.ElementProxy - setElement("ds:Transform", "null")
14:58:09.822 [Test worker] DEBUG org.opensaml.saml.security.impl.SAMLSignatureProfileValidator - Saw Enveloped signature transform
14:58:09.822 [Test worker] DEBUG org.apache.xml.security.utils.ElementProxy - setElement("ds:Transform", "null")
14:58:09.822 [Test worker] DEBUG org.opensaml.saml.security.impl.SAMLSignatureProfileValidator - Saw Exclusive C14N signature transform
14:58:09.822 [Test worker] DEBUG org.opensaml.xmlsec.signature.support.impl.BaseSignatureTrustEngine - Performing signature algorithm whitelist/blacklist validation using params from CriteriaSet
14:58:09.822 [Test worker] DEBUG org.opensaml.xmlsec.signature.support.impl.SignatureAlgorithmValidator - Validating SignedInfo/SignatureMethod/@Algorithm against whitelist/blacklist: http://www.w3.org/2001/04/xmldsig-more#rsa-sha512
14:58:09.822 [Test worker] DEBUG org.opensaml.xmlsec.signature.support.impl.SignatureAlgorithmValidator - Validating algorithm URI against whitelist and blacklist: algorithm: http://www.w3.org/2001/04/xmldsig-more#rsa-sha512, whitelist: [http://www.w3.org/2001/04/xmldsig-more#rsa-sha512, http://www.w3.org/2000/09/xmldsig#sha1, http://www.w3.org/2001/04/xmlenc#sha512, http://www.w3.org/2001/04/xmldsig-more#rsa-sha256, http://www.w3.org/2001/04/xmlenc#sha256, http://www.w3.org/2000/09/xmldsig#rsa-sha1], blacklist: []
14:58:09.822 [Test worker] DEBUG org.opensaml.xmlsec.algorithm.AlgorithmSupport - Saw non-null algorithm blacklist: []
14:58:09.822 [Test worker] DEBUG org.opensaml.xmlsec.algorithm.AlgorithmSupport - Algorithm passed blacklist validation: http://www.w3.org/2001/04/xmldsig-more#rsa-sha512
14:58:09.822 [Test worker] DEBUG org.opensaml.xmlsec.algorithm.AlgorithmSupport - Saw non-null algorithm whitelist: [http://www.w3.org/2001/04/xmldsig-more#rsa-sha512, http://www.w3.org/2000/09/xmldsig#sha1, http://www.w3.org/2001/04/xmlenc#sha512, http://www.w3.org/2001/04/xmldsig-more#rsa-sha256, http://www.w3.org/2001/04/xmlenc#sha256, http://www.w3.org/2000/09/xmldsig#rsa-sha1]
14:58:09.822 [Test worker] DEBUG org.opensaml.xmlsec.algorithm.AlgorithmSupport - Algorithm passed whitelist validation: http://www.w3.org/2001/04/xmldsig-more#rsa-sha512
14:58:09.822 [Test worker] DEBUG org.opensaml.xmlsec.signature.support.impl.SignatureAlgorithmValidator - Validating SignedInfo/Reference/DigestMethod/@Algorithm against whitelist/blacklist: http://www.w3.org/2001/04/xmlenc#sha256
14:58:09.822 [Test worker] DEBUG org.opensaml.xmlsec.signature.support.impl.SignatureAlgorithmValidator - Validating algorithm URI against whitelist and blacklist: algorithm: http://www.w3.org/2001/04/xmlenc#sha256, whitelist: [http://www.w3.org/2001/04/xmldsig-more#rsa-sha512, http://www.w3.org/2000/09/xmldsig#sha1, http://www.w3.org/2001/04/xmlenc#sha512, http://www.w3.org/2001/04/xmldsig-more#rsa-sha256, http://www.w3.org/2001/04/xmlenc#sha256, http://www.w3.org/2000/09/xmldsig#rsa-sha1], blacklist: []
14:58:09.822 [Test worker] DEBUG org.opensaml.xmlsec.algorithm.AlgorithmSupport - Saw non-null algorithm blacklist: []
14:58:09.822 [Test worker] DEBUG org.opensaml.xmlsec.algorithm.AlgorithmSupport - Algorithm passed blacklist validation: http://www.w3.org/2001/04/xmlenc#sha256
14:58:09.822 [Test worker] DEBUG org.opensaml.xmlsec.algorithm.AlgorithmSupport - Saw non-null algorithm whitelist: [http://www.w3.org/2001/04/xmldsig-more#rsa-sha512, http://www.w3.org/2000/09/xmldsig#sha1, http://www.w3.org/2001/04/xmlenc#sha512, http://www.w3.org/2001/04/xmldsig-more#rsa-sha256, http://www.w3.org/2001/04/xmlenc#sha256, http://www.w3.org/2000/09/xmldsig#rsa-sha1]
14:58:09.822 [Test worker] DEBUG org.opensaml.xmlsec.algorithm.AlgorithmSupport - Algorithm passed whitelist validation: http://www.w3.org/2001/04/xmlenc#sha256
14:58:09.822 [Test worker] DEBUG org.opensaml.xmlsec.signature.support.impl.BaseSignatureTrustEngine - Attempting to verify signature and establish trust using KeyInfo-derived credentials
14:58:09.822 [Test worker] DEBUG org.opensaml.xmlsec.signature.support.impl.BaseSignatureTrustEngine - Signature contained no KeyInfo element, could not resolve verification credentials
14:58:09.822 [Test worker] DEBUG org.opensaml.xmlsec.signature.support.impl.BaseSignatureTrustEngine - Failed to verify signature and/or establish trust using any KeyInfo-derived credentials
14:58:09.822 [Test worker] DEBUG org.opensaml.xmlsec.signature.support.impl.ExplicitKeySignatureTrustEngine - Attempting to verify signature using trusted credentials
14:58:09.822 [Test worker] DEBUG org.opensaml.xmlsec.signature.support.SignatureValidationProvider - Using a validation provider of implementation: org.opensaml.xmlsec.signature.support.provider.ApacheSantuarioSignatureValidationProviderImpl
14:58:09.822 [Test worker] DEBUG org.opensaml.xmlsec.signature.support.provider.ApacheSantuarioSignatureValidationProviderImpl - Attempting to validate signature using key from supplied credential
14:58:09.822 [Test worker] DEBUG org.opensaml.xmlsec.signature.support.provider.ApacheSantuarioSignatureValidationProviderImpl - Accessing XMLSignature object
14:58:09.822 [Test worker] DEBUG org.opensaml.xmlsec.signature.support.provider.ApacheSantuarioSignatureValidationProviderImpl - Validating signature with signature algorithm URI: http://www.w3.org/2001/04/xmldsig-more#rsa-sha512
14:58:09.822 [Test worker] DEBUG org.opensaml.xmlsec.signature.support.provider.ApacheSantuarioSignatureValidationProviderImpl - Validation credential key algorithm 'RSA', key instance class 'sun.security.rsa.RSAPublicKeyImpl'
14:58:09.823 [Test worker] DEBUG org.apache.xml.security.signature.XMLSignature - signatureMethodURI = http://www.w3.org/2001/04/xmldsig-more#rsa-sha512
14:58:09.823 [Test worker] DEBUG org.apache.xml.security.signature.XMLSignature - jceSigAlgorithm    = SHA512withRSA
14:58:09.823 [Test worker] DEBUG org.apache.xml.security.signature.XMLSignature - jceSigProvider     = SunRsaSign
14:58:09.823 [Test worker] DEBUG org.apache.xml.security.signature.XMLSignature - PublicKey = Sun RSA public key, 2048 bits
  modulus: 29661565466865858822213777168282943426939714058048863814131618959262055326686524034067084771065231712149539921346081944346397936363399690100840608397845307756315334022317517219876633006263454147272155286336727606522796880921103550938022720211151696581738939213739476141952593191308436813042936252687545137035166455002660478121017225183474993112090021369737861768882984387493729935697205880819466743626280109454603687587536282588576195647432312509500999623830562445007026743026958608467395710329014740842807769757806142655188427663764629833308992121291511482553904626598854250168151827151971234837768337295616595808239
  public exponent: 65537
14:58:09.823 [Test worker] DEBUG org.apache.xml.security.utils.SignerOutputStream - Canonicalized SignedInfo:
14:58:09.823 [Test worker] DEBUG org.apache.xml.security.utils.SignerOutputStream - <ds:SignedInfo xmlns:ds="http://www.w3.org/2000/09/xmldsig#">
<ds:CanonicalizationMethod Algorithm="http://www.w3.org/2001/10/xml-exc-c14n#"></ds:CanonicalizationMethod>
<ds:SignatureMethod Algorithm="http://www.w3.org/2001/04/xmldsig-more#rsa-sha512"></ds:SignatureMethod>
<ds:Reference URI="#default-response-id">
<ds:Transforms>
<ds:Transform Algorithm="http://www.w3.org/2000/09/xmldsig#enveloped-signature"></ds:Transform>
<ds:Transform Algorithm="http://www.w3.org/2001/10/xml-exc-c14n#"></ds:Transform>
</ds:Transforms>
<ds:DigestMethod Algorithm="http://www.w3.org/2001/04/xmlenc#sha256"></ds:DigestMethod>
<ds:DigestValue>oDilIogaD69ng8JSjufTtQiwEdyO6Xn+xYi2VhCCkhA=</ds:DigestValue>
</ds:Reference>
</ds:SignedInfo>
14:58:09.823 [Test worker] DEBUG org.apache.xml.security.signature.Manifest - verify 1 References
14:58:09.823 [Test worker] DEBUG org.apache.xml.security.signature.Manifest - I am not requested to follow nested Manifests
14:58:09.823 [Test worker] DEBUG org.apache.xml.security.utils.ElementProxy - setElement("ds:Reference", "null")
14:58:09.823 [Test worker] DEBUG org.apache.xml.security.utils.ElementProxy - setElement("ds:Transforms", "null")
14:58:09.824 [Test worker] DEBUG org.apache.xml.security.algorithms.JCEMapper - Request for URI http://www.w3.org/2001/04/xmlenc#sha256
14:58:09.824 [Test worker] DEBUG org.apache.xml.security.utils.resolver.ResourceResolver - I was asked to create a ResourceResolver and got 0
14:58:09.824 [Test worker] DEBUG org.apache.xml.security.utils.resolver.ResourceResolver - check resolvability by class org.apache.xml.security.utils.resolver.ResourceResolver
14:58:09.824 [Test worker] DEBUG org.apache.xml.security.utils.resolver.implementations.ResolverFragment - State I can resolve reference: "#default-response-id"
14:58:09.824 [Test worker] DEBUG org.apache.xml.security.utils.resolver.implementations.ResolverFragment - Try to catch an Element with ID default-response-id and Element was [saml2p:Response: null]
14:58:09.824 [Test worker] DEBUG org.apache.xml.security.utils.ElementProxy - setElement("ds:Transform", "null")
14:58:09.824 [Test worker] DEBUG org.apache.xml.security.transforms.Transforms - Perform the (0)th http://www.w3.org/2000/09/xmldsig#enveloped-signature transform
14:58:09.824 [Test worker] DEBUG org.apache.xml.security.utils.ElementProxy - setElement("ds:Transform", "null")
14:58:09.824 [Test worker] DEBUG org.apache.xml.security.transforms.Transforms - Perform the (1)th http://www.w3.org/2001/10/xml-exc-c14n# transform
14:58:09.824 [Test worker] DEBUG org.apache.xml.security.utils.DigesterOutputStream - Pre-digested input:
14:58:09.824 [Test worker] DEBUG org.apache.xml.security.utils.DigesterOutputStream - <saml2p:Response xmlns:saml2p="urn:oasis:names:tc:SAML:2.0:protocol" xmlns:xsi="http://www.w3.org/2001/XMLSchema-instance" Destination="http://destination.com" ID="default-response-id" InResponseTo="default-request-id" IssueInstant="2018-04-03T13:58:09.805Z" Version="2.0" xsi:type="saml2p:ResponseType"><saml2:Issuer xmlns:saml2="urn:oasis:names:tc:SAML:2.0:assertion">a-test-entity</saml2:Issuer><saml2p:Status xsi:type="saml2p:StatusType"><saml2p:StatusCode Value="urn:oasis:names:tc:SAML:2.0:status:Success" xsi:type="saml2p:StatusCodeType"></saml2p:StatusCode></saml2p:Status><saml2:EncryptedAssertion xmlns:saml2="urn:oasis:names:tc:SAML:2.0:assertion"><xenc:EncryptedData xmlns:xenc="http://www.w3.org/2001/04/xmlenc#" Id="_316727e11ec542878f414cc24d0fa4ee" Type="http://www.w3.org/2001/04/xmlenc#Element"><xenc:EncryptionMethod Algorithm="http://www.w3.org/2001/04/xmlenc#aes128-cbc"></xenc:EncryptionMethod><ds:KeyInfo xmlns:ds="http://www.w3.org/2000/09/xmldsig#"><ds:RetrievalMethod Type="http://www.w3.org/2001/04/xmlenc#EncryptedKey" URI="#_fde656c3da2fb0952b74f8c1f1505412"></ds:RetrievalMethod></ds:KeyInfo><xenc:CipherData><xenc:CipherValue>E9XA37t7uD3zd0P4PMWGQqJlXwEWrzxXP93UBL0q4EPvy9wEk9Ah8iqgSR2GIR3zYE8JNodc5pOi
teD6j5CTWXixQNx+A9djezMK1cEBBchO12t+SGGcN/L0y/s/62FnWop6Nw6M/mvRzuOtjBGrOorT
gVfCT21qitlR+A3A2UnuXTMi+KA4xDUekihCPub0xVG3fdGXUeqTNUy8AWL6bEXi0CRTQUIQg+fu
ZMSaVM83lsJHWDBwhV3E8K3JqXLrtWDnvM4bLQ6WKAjAB4Z15nd50EPATNW2cMjoSZPq41Jkg1K/
WqFDeK57aE3pzKSwE0big/4ZHQTm3FyQLgJPTKdsZIJ6tFo2Y2RjBalzYAuX29Lr1+j+wyVPhxqQ
Waq0i6b2JCOY7FR6y3FcT+uPkvovBB9N7AGV2SGYJOJ7HqBbi7qqMMKyfCpcDygULVDtrUNtMLf6
N2xnaNCREXo5lBzwL4U9Q0EssbJ6GncbwA2jlHY7tcW4qkyC3845fmkzsarOb4QmruEBU59rz3xM
LfTj6pHhvUwZMDe5ogSvv9JtzwxnIa/uAo0qjfAkmVdYeixRYuhhFbF1/Ky8I2/OKJRsPGcHiSSL
qXr4zeJO0V27we2CUA8b2c4mQ/6yCcSKanWjg3ezZaRww+ik4QuCXFUKFArskpao7hXy+ZS/R32+
ZCj3TwEGxfgDF2E7yex77zOYBoXPjWW+6DFplbx+1AyoGfX+rNiQy3J4BRz/w4G6lQkHugtLBEBk
o7PP43TSEvbs6kkC1t4IxjLq1StqyuPxYTbE8BZ02+eY98agwZdL4CXulty00NG7YTfVbrCCEgDV
BNBh/DlcqB5MGjholaZsCGKu4pgToVFtBc8bgFx303UorjXz2ttlFQ0GZ97ujPpijqgZ5i5FaaE+
s5MckE+RoERVT7tLDuMwzfH98gLhKNZGERcruuI4WEyW2RBGR/wwWHW5Wk0R6HlWXqHBQuKfk50Y
0c7HcZoT2dNnpUAQLAoPA3x230nwYpl+DzrfrUtgusGE8LIC8z4LP9jWaMRLyzHDn21UkTczwfmb
y4oj5lE0qf2V93F1HleKwsSSQTZOV4dX7KyG7IEgIYV032PJpHdpga+gT6hoPA2oU5lMRdH0v205
x0lx5hO3wqtW8uK9KbCsSXMFV3+wwzBTuxRrR0vfBtiGolMhIW6Q0yn1ng/Tt2ight+Xtx7dTTlg
D192KejM4DyyvuOOQn1KO6QfxvGdofIk+3zlvCn+uHnKx8Bv7s/P0GFK7sDH1S9NUISpjAaR0Dhx
8icslUbTnKx3O7quEjdJ1+ftlQfEfF+7xYm09dkMd68m6cD+STjH9R6IQ6ce2OzVW/6VpiL8E7la
0P19RwT7/BLiD1Slr7YzJcGtNFr0wAO38S1aiW85sJn3BoYl/Yfr3mEXqbZMRKZB10LU6In6+FVK
vIHxr5q10pNZoNGnjqZisS+7HcrAgiyfSrgYWfU5RSO+5xkqYft7A3uL8bsj6BDKTt9u7YSQ8lJs
Z0686KwpaKb6WoxBXrqbIIQha3Q6Z8eOkKfClfOVeU1f2IEbNgNTxSpKDP88Ym2mjSaceP/1Igh4
fU0KASI3vubI4Ym7+oq8nLu3jSTvzxBBCIRjsXYUzqc43uSWIeooCIcXcFMeOdddVFELZfwPJp/E
qzGwQPZ673YeerKN1wSVdJa2GoB2wTti2TVi9sDMEeQEHUK7DQ28ST296nq7M65TdUDqHTOx/yhq
w9SqnpfH2bAWxbuYaajXFOwo1l1FD8T9xE2P6pRIq4P0GUc1oxI6eih6uXJm8KYkxWtTadmi5VnJ
C+JYwTJLM01KsUu2++vl2MY06e09A5p+Vt89w2pp9YmIFSZ9IfQx3h41n4unH4Unv4jG6KM7fVF6
T3Q5NLwUesiTdx9MByN24t0q88pJBcRWB2SlFE+/6uEdPMQkEpZgVopSPRT1qRlAhEfrZ9905rAH
XHIn3Tl+bbutxUjE4c0mD3eZrrL1jvo+L0kNI/ipmBKy8oFac128LnGDdZeq7Tj5xTdqy8pav+Eh
b3rHyx9AwBM877L4I77JJSIvRPk2W687exPAko5F1AOsNzhhV/WbBeINhwz9DmSfac7vKTX79+Fk
NkAX1cqX7cAiE1HCVPmvytYIy4ldtsGRH1Dhdq9rGDKY/JC2wLbRXTBKsSl9RLf75d2iOwBI9+Qf
0p0h1MKX10rtwlJUFD8RcjDDIBhL9X6Lu9bCBcS51xIKKkWCWpyVHyOw7G59tw9DArhnW+wItwh3
OJJNUx9eRrpRw3M/U/OsPHGY9+1dPtt2rMbGOoUpZ/8uSYLhqfhWG0VZs4RVxvXdxRWIswymA02m
f9fd+kuqEpVIssiiLoWZMfPjC6i8cd4FqgcHSgXRwcHimNbNmEpd5UTUlXYu1CDf3RHbNX9HGNBx
ttEwtLcd+lxO8KD5ElfQvhzKwmsQf8wV3CvSX/7yUfJ1mYilgL428tJPSDVFWc4RvJTY7FcD/Ifx
C0svyLQwR8jJ10KxxeCM8B0/x6gJBCOO8BgOWb9j8qFoLsPZ7y9V/I6lp0uZNoNQd5CWgXBETIDv
Cx1/B5zEowaKcbQOYpG43qgU2kAaoqFxU6GWWi/deUmjYibkRD3z4YAO7rAs3Ir+rz2wqlPuf5BN
V41h7LueHCaYCjb7/PnTud/RZXH/kmvLClSltNcyBIsnf6V1tOhzCbOI2Mq3oUaL3HMHiRjc69y9
SDJoNbAVVkoNulVPMiox7ITVvHCEE4mknh1PbKNfN2UiNy87TAwLdZ1ftmNvesJnXpUixIDizzYd
w2lREa4IqhSS+l2rPvnVnSyWlx6xnkx+Ss+29KbHpRMQzmmqcNeEdkTmx0ZQYpzwmt/gi5yx/YJ9
QyVprHxsOUALDJEEdPlLk5pZHPgA8cTKwIqN0dLRuFA31ooMBVRKlnuR</xenc:CipherValue></xenc:CipherData></xenc:EncryptedData><xenc:EncryptedKey xmlns:xenc="http://www.w3.org/2001/04/xmlenc#" Id="_fde656c3da2fb0952b74f8c1f1505412"><xenc:EncryptionMethod Algorithm="http://www.w3.org/2001/04/xmlenc#rsa-oaep-mgf1p"><ds:DigestMethod xmlns:ds="http://www.w3.org/2000/09/xmldsig#" Algorithm="http://www.w3.org/2000/09/xmldsig#sha1"></ds:DigestMethod></xenc:EncryptionMethod><xenc:CipherData><xenc:CipherValue>EjGU41MlBGqmsCWuZmYOrCwm0dGv7H9tIwRmOSwfqX4ZYyhYI3E5VE/pLXHUchJDq/dG8myQecx1
4nA8po6JJEfC9+R0rbqXB3UPKwkUWX3PKXxD5EuJ3W9/N00jtM1Jr1mqcHID7Fg76u3+mKChIC9q
JVBh6bcee9GbcSRgd6nI+81ajVbI0iC/2CGpdOZjuTPI8Df33RSD7PyuFc9CVzJKwOnH3WL7xGvQ
MOqyX5YxPPf3sk0303J7kITmBx2357r4uIvubpxtukPPGYJNcS+1o44EPZE7vZ1GcnS5wU+nLyGW
ebwPkVZ8FgGrYzjGhlkBK4c2lBDGIY+sbqqJRw==</xenc:CipherValue></xenc:CipherData><xenc:ReferenceList><xenc:DataReference URI="#_316727e11ec542878f414cc24d0fa4ee"></xenc:DataReference></xenc:ReferenceList></xenc:EncryptedKey></saml2:EncryptedAssertion></saml2p:Response>
14:58:09.824 [Test worker] DEBUG org.apache.xml.security.signature.Reference - Verification successful for URI "#default-response-id"
14:58:09.824 [Test worker] DEBUG org.apache.xml.security.signature.Manifest - The Reference has Type 
14:58:09.824 [Test worker] DEBUG org.opensaml.xmlsec.signature.support.provider.ApacheSantuarioSignatureValidationProviderImpl - Signature validated with key from supplied credential
14:58:09.824 [Test worker] DEBUG org.opensaml.xmlsec.signature.support.impl.BaseSignatureTrustEngine - Signature validation using candidate credential was successful
14:58:09.824 [Test worker] DEBUG org.opensaml.xmlsec.signature.support.impl.ExplicitKeySignatureTrustEngine - Successfully verified signature using resolved trusted credential
14:58:09.825 [Test worker] DEBUG org.opensaml.saml.common.SAMLObjectSupport - Examining signed object for content references with exclusive canonicalization transform
14:58:09.825 [Test worker] DEBUG org.opensaml.saml.common.SAMLObjectSupport - Saw exclusive transform, declaring non-visible namespaces on signed object
14:58:09.825 [Test worker] DEBUG org.opensaml.xmlsec.signature.impl.SignatureMarshaller - Starting to marshall {http://www.w3.org/2000/09/xmldsig#}Signature
14:58:09.825 [Test worker] DEBUG org.opensaml.xmlsec.signature.impl.SignatureMarshaller - Creating XMLSignature object
14:58:09.825 [Test worker] DEBUG org.apache.xml.security.algorithms.SignatureAlgorithm - Create URI "http://www.w3.org/2001/04/xmldsig-more#rsa-sha256" class "class org.apache.xml.security.algorithms.implementations.SignatureBaseRSA$SignatureRSASHA256"
14:58:09.825 [Test worker] DEBUG org.apache.xml.security.algorithms.JCEMapper - Request for URI http://www.w3.org/2001/04/xmldsig-more#rsa-sha256
14:58:09.825 [Test worker] DEBUG org.apache.xml.security.algorithms.implementations.SignatureBaseRSA - Created SignatureRSA using SHA256withRSA
14:58:09.825 [Test worker] DEBUG org.opensaml.xmlsec.signature.impl.SignatureMarshaller - Adding content to XMLSignature.
14:58:09.825 [Test worker] DEBUG org.apache.xml.security.transforms.Transforms - Transforms.addTransform(http://www.w3.org/2000/09/xmldsig#enveloped-signature)
14:58:09.825 [Test worker] DEBUG org.apache.xml.security.transforms.Transform - Create URI "http://www.w3.org/2000/09/xmldsig#enveloped-signature" class "class org.apache.xml.security.transforms.implementations.TransformEnvelopedSignature"
14:58:09.825 [Test worker] DEBUG org.apache.xml.security.transforms.Transform - The NodeList is null
14:58:09.825 [Test worker] DEBUG org.apache.xml.security.transforms.Transforms - Transforms.addTransform(http://www.w3.org/2000/09/xmldsig#enveloped-signature)
14:58:09.825 [Test worker] DEBUG org.apache.xml.security.transforms.Transforms - Transforms.addTransform(http://www.w3.org/2001/10/xml-exc-c14n#)
14:58:09.826 [Test worker] DEBUG org.apache.xml.security.transforms.Transform - Create URI "http://www.w3.org/2001/10/xml-exc-c14n#" class "class org.apache.xml.security.transforms.implementations.TransformC14NExclusive"
14:58:09.826 [Test worker] DEBUG org.apache.xml.security.transforms.Transform - The NodeList is null
14:58:09.826 [Test worker] DEBUG org.apache.xml.security.transforms.Transforms - Transforms.addTransform(http://www.w3.org/2001/10/xml-exc-c14n#)
14:58:09.826 [Test worker] DEBUG org.apache.xml.security.utils.ElementProxy - setElement("ds:Transform", "null")
14:58:09.826 [Test worker] DEBUG org.opensaml.saml.common.SAMLObjectContentReference - Adding list of inclusive namespaces for signature exclusive canonicalization transform
14:58:09.826 [Test worker] DEBUG org.opensaml.xmlsec.signature.impl.SignatureMarshaller - Creating Signature DOM element
14:58:09.826 [Test worker] DEBUG org.opensaml.xmlsec.signature.support.Signer - Using a signer of implemenation: org.opensaml.xmlsec.signature.support.provider.ApacheSantuarioSignerProviderImpl
14:58:09.826 [Test worker] DEBUG org.opensaml.xmlsec.signature.support.provider.ApacheSantuarioSignerProviderImpl - Computing signature over XMLSignature object
14:58:09.826 [Test worker] DEBUG org.apache.xml.security.algorithms.JCEMapper - Request for URI http://www.w3.org/2001/04/xmlenc#sha256
14:58:09.826 [Test worker] DEBUG org.apache.xml.security.utils.resolver.ResourceResolver - I was asked to create a ResourceResolver and got 0
14:58:09.826 [Test worker] DEBUG org.apache.xml.security.utils.resolver.ResourceResolver - check resolvability by class org.apache.xml.security.utils.resolver.ResourceResolver
14:58:09.826 [Test worker] DEBUG org.apache.xml.security.utils.resolver.implementations.ResolverFragment - State I can resolve reference: "#some-assertion-id"
14:58:09.826 [Test worker] DEBUG org.apache.xml.security.utils.resolver.implementations.ResolverFragment - Try to catch an Element with ID some-assertion-id and Element was [saml2:Assertion: null]
14:58:09.826 [Test worker] DEBUG org.apache.xml.security.utils.ElementProxy - setElement("ds:Transform", "null")
14:58:09.826 [Test worker] DEBUG org.apache.xml.security.transforms.Transforms - Perform the (0)th http://www.w3.org/2000/09/xmldsig#enveloped-signature transform
14:58:09.826 [Test worker] DEBUG org.apache.xml.security.utils.ElementProxy - setElement("ds:Transform", "null")
14:58:09.826 [Test worker] DEBUG org.apache.xml.security.transforms.Transforms - Perform the (1)th http://www.w3.org/2001/10/xml-exc-c14n# transform
14:58:09.826 [Test worker] DEBUG org.apache.xml.security.utils.DigesterOutputStream - Pre-digested input:
14:58:09.826 [Test worker] DEBUG org.apache.xml.security.utils.DigesterOutputStream - <saml2:Assertion xmlns:saml2="urn:oasis:names:tc:SAML:2.0:assertion" xmlns:xsi="http://www.w3.org/2001/XMLSchema-instance" ID="some-assertion-id" IssueInstant="2018-04-03T13:58:09.825Z" Version="2.0" xsi:type="saml2:AssertionType"><saml2:Issuer>a-test-entity</saml2:Issuer><saml2:Subject xsi:type="saml2:SubjectType"><saml2:NameID Format="urn:oasis:names:tc:SAML:2.0:nameid-format:persistent"></saml2:NameID><saml2:SubjectConfirmation Method="urn:oasis:names:tc:SAML:2.0:cm:bearer" xsi:type="saml2:SubjectConfirmationType"><saml2:SubjectConfirmationData InResponseTo="default-request-id" NotOnOrAfter="2018-04-03T14:13:09.825Z" Recipient="https://signin.service.gov.uk" xsi:type="saml2:SubjectConfirmationDataType"></saml2:SubjectConfirmationData></saml2:SubjectConfirmation></saml2:Subject><saml2:Conditions xsi:type="saml2:ConditionsType"><saml2:AudienceRestriction xsi:type="saml2:AudienceRestrictionType"><saml2:Audience>https://signin.service.gov.uk</saml2:Audience></saml2:AudienceRestriction></saml2:Conditions></saml2:Assertion>
14:58:09.826 [Test worker] DEBUG org.apache.xml.security.utils.SignerOutputStream - Canonicalized SignedInfo:
14:58:09.827 [Test worker] DEBUG org.apache.xml.security.utils.SignerOutputStream - <ds:SignedInfo xmlns:ds="http://www.w3.org/2000/09/xmldsig#">
<ds:CanonicalizationMethod Algorithm="http://www.w3.org/2001/10/xml-exc-c14n#"></ds:CanonicalizationMethod>
<ds:SignatureMethod Algorithm="http://www.w3.org/2001/04/xmldsig-more#rsa-sha256"></ds:SignatureMethod>
<ds:Reference URI="#some-assertion-id">
<ds:Transforms>
<ds:Transform Algorithm="http://www.w3.org/2000/09/xmldsig#enveloped-signature"></ds:Transform>
<ds:Transform Algorithm="http://www.w3.org/2001/10/xml-exc-c14n#"></ds:Transform>
</ds:Transforms>
<ds:DigestMethod Algorithm="http://www.w3.org/2001/04/xmlenc#sha256"></ds:DigestMethod>
<ds:DigestValue>sxx4WSoQbfC5qskBpR4M4ovs2V1roNYEBdvyRH3GmDY=</ds:DigestValue>
</ds:Reference>
</ds:SignedInfo>
14:58:09.830 [Test worker] DEBUG org.opensaml.core.xml.util.XMLObjectSupport - Marshalling XMLObject
14:58:09.830 [Test worker] DEBUG org.opensaml.core.xml.util.XMLObjectSupport - XMLObject already had cached DOM, returning that element
14:58:09.831 [Test worker] DEBUG org.opensaml.saml.saml2.encryption.Encrypter - Assertion before encryption:
<?xml version="1.0" encoding="UTF-8"?>
<saml2:Assertion ID="some-assertion-id"
    IssueInstant="2018-04-03T13:58:09.825Z" Version="2.0"
    xmlns:saml2="urn:oasis:names:tc:SAML:2.0:assertion"
    xmlns:xsi="http://www.w3.org/2001/XMLSchema-instance" xsi:type="saml2:AssertionType">
    <saml2:Issuer>a-test-entity</saml2:Issuer>
    <ds:Signature
                xmlns:ds="http://www.w3.org/2000/09/xmldsig#">
<ds:SignedInfo>
<ds:CanonicalizationMethod
                Algorithm="http://www.w3.org/2001/10/xml-exc-c14n#"/>
<ds:SignatureMethod
                Algorithm="http://www.w3.org/2001/04/xmldsig-more#rsa-sha256"/>
<ds:Reference
                        URI="#some-assertion-id">
<ds:Transforms>
<ds:Transform
                        Algorithm="http://www.w3.org/2000/09/xmldsig#enveloped-signature"/>
<ds:Transform
                    Algorithm="http://www.w3.org/2001/10/xml-exc-c14n#"/>
</ds:Transforms>
<ds:DigestMethod Algorithm="http://www.w3.org/2001/04/xmlenc#sha256"/>
<ds:DigestValue>sxx4WSoQbfC5qskBpR4M4ovs2V1roNYEBdvyRH3GmDY=</ds:DigestValue>
</ds:Reference>
</ds:SignedInfo>
<ds:SignatureValue>
WGTciFoNeU/UDLjKj3U3+qqQr5XDnImZ7903FvpgqsqUc7jAfFlHVpOy3gj/IjOusY9idMAjTvpo
BduTzNAuOvyxkaxIOvzr8nMrfn5HninNog+hPsxufhPJwjHxPxWD+cHSXT5K9v/uR1e9rcpgK7Hn
Wk7GWZoquAYOOj8tgVFTKdO1j1/7AnXFOpmmHLVB8LbNK1yVRRKNSYdPF35uPbRgubun697MhTqj
OAzc5uhGVhZaV8eTVQ9xSLre4pURybelQbOiIpQJJ5DsXsF2sNd0rfpqoOZHZQ8n6xccpewduDNf
qT8a0Gb/sokBcSYme1yTEbL0DKvV1dPuzQxEzg==
</ds:SignatureValue>
</ds:Signature>
    <saml2:Subject xsi:type="saml2:SubjectType">
        <saml2:NameID Format="urn:oasis:names:tc:SAML:2.0:nameid-format:persistent"/>
        <saml2:SubjectConfirmation
            Method="urn:oasis:names:tc:SAML:2.0:cm:bearer" xsi:type="saml2:SubjectConfirmationType">
            <saml2:SubjectConfirmationData
                InResponseTo="default-request-id"
                NotOnOrAfter="2018-04-03T14:13:09.825Z"
                Recipient="https://signin.service.gov.uk" xsi:type="saml2:SubjectConfirmationDataType"/>
        </saml2:SubjectConfirmation>
    </saml2:Subject>
    <saml2:Conditions xsi:type="saml2:ConditionsType">
        <saml2:AudienceRestriction xsi:type="saml2:AudienceRestrictionType">
            <saml2:Audience>https://signin.service.gov.uk</saml2:Audience>
        </saml2:AudienceRestriction>
    </saml2:Conditions>
</saml2:Assertion>

14:58:09.831 [Test worker] DEBUG org.opensaml.xmlsec.encryption.support.Encrypter - Generating random symmetric data encryption key from algorithm URI: http://www.w3.org/2001/04/xmlenc#aes128-cbc
14:58:09.831 [Test worker] DEBUG org.opensaml.xmlsec.encryption.support.Encrypter - Encrypting XMLObject using algorithm URI http://www.w3.org/2001/04/xmlenc#aes128-cbc with content mode false
14:58:09.831 [Test worker] DEBUG org.apache.xml.security.encryption.XMLCipher - Getting XMLCipher with transformation
14:58:09.831 [Test worker] DEBUG org.apache.xml.security.encryption.XMLCipher - Constructing XMLCipher...
14:58:09.831 [Test worker] DEBUG org.apache.xml.security.algorithms.JCEMapper - Request for URI http://www.w3.org/2001/04/xmlenc#aes128-cbc
14:58:09.831 [Test worker] DEBUG org.apache.xml.security.encryption.XMLCipher - JCE Algorithm = AES/CBC/ISO10126Padding
14:58:09.831 [Test worker] DEBUG org.apache.xml.security.encryption.XMLCipher - Initializing XMLCipher...
14:58:09.831 [Test worker] DEBUG org.apache.xml.security.encryption.XMLCipher - opmode = ENCRYPT_MODE
14:58:09.831 [Test worker] DEBUG org.apache.xml.security.encryption.XMLCipher - Encrypting element...
14:58:09.831 [Test worker] DEBUG org.apache.xml.security.encryption.XMLCipher - Serialized octets:
<saml2:Assertion xmlns:saml2="urn:oasis:names:tc:SAML:2.0:assertion" xmlns:xsi="http://www.w3.org/2001/XMLSchema-instance" ID="some-assertion-id" IssueInstant="2018-04-03T13:58:09.825Z" Version="2.0" xsi:type="saml2:AssertionType"><saml2:Issuer>a-test-entity</saml2:Issuer><ds:Signature xmlns:ds="http://www.w3.org/2000/09/xmldsig#">
<ds:SignedInfo>
<ds:CanonicalizationMethod Algorithm="http://www.w3.org/2001/10/xml-exc-c14n#"></ds:CanonicalizationMethod>
<ds:SignatureMethod Algorithm="http://www.w3.org/2001/04/xmldsig-more#rsa-sha256"></ds:SignatureMethod>
<ds:Reference URI="#some-assertion-id">
<ds:Transforms>
<ds:Transform Algorithm="http://www.w3.org/2000/09/xmldsig#enveloped-signature"></ds:Transform>
<ds:Transform Algorithm="http://www.w3.org/2001/10/xml-exc-c14n#"></ds:Transform>
</ds:Transforms>
<ds:DigestMethod Algorithm="http://www.w3.org/2001/04/xmlenc#sha256"></ds:DigestMethod>
<ds:DigestValue>sxx4WSoQbfC5qskBpR4M4ovs2V1roNYEBdvyRH3GmDY=</ds:DigestValue>
</ds:Reference>
</ds:SignedInfo>
<ds:SignatureValue>
WGTciFoNeU/UDLjKj3U3+qqQr5XDnImZ7903FvpgqsqUc7jAfFlHVpOy3gj/IjOusY9idMAjTvpo
BduTzNAuOvyxkaxIOvzr8nMrfn5HninNog+hPsxufhPJwjHxPxWD+cHSXT5K9v/uR1e9rcpgK7Hn
Wk7GWZoquAYOOj8tgVFTKdO1j1/7AnXFOpmmHLVB8LbNK1yVRRKNSYdPF35uPbRgubun697MhTqj
OAzc5uhGVhZaV8eTVQ9xSLre4pURybelQbOiIpQJJ5DsXsF2sNd0rfpqoOZHZQ8n6xccpewduDNf
qT8a0Gb/sokBcSYme1yTEbL0DKvV1dPuzQxEzg==
</ds:SignatureValue>
</ds:Signature><saml2:Subject xsi:type="saml2:SubjectType"><saml2:NameID Format="urn:oasis:names:tc:SAML:2.0:nameid-format:persistent"></saml2:NameID><saml2:SubjectConfirmation Method="urn:oasis:names:tc:SAML:2.0:cm:bearer" xsi:type="saml2:SubjectConfirmationType"><saml2:SubjectConfirmationData InResponseTo="default-request-id" NotOnOrAfter="2018-04-03T14:13:09.825Z" Recipient="https://signin.service.gov.uk" xsi:type="saml2:SubjectConfirmationDataType"></saml2:SubjectConfirmationData></saml2:SubjectConfirmation></saml2:Subject><saml2:Conditions xsi:type="saml2:ConditionsType"><saml2:AudienceRestriction xsi:type="saml2:AudienceRestrictionType"><saml2:Audience>https://signin.service.gov.uk</saml2:Audience></saml2:AudienceRestriction></saml2:Conditions></saml2:Assertion>
14:58:09.831 [Test worker] DEBUG org.apache.xml.security.encryption.XMLCipherUtil - Saw non-AES-GCM mode block cipher, returning IvParameterSpec: http://www.w3.org/2001/04/xmlenc#aes128-cbc
14:58:09.832 [Test worker] DEBUG org.apache.xml.security.encryption.XMLCipher - Expected cipher.outputSize = 2192
14:58:09.832 [Test worker] DEBUG org.apache.xml.security.encryption.XMLCipher - Actual cipher.outputSize = 2192
14:58:09.832 [Test worker] DEBUG org.apache.xml.security.encryption.XMLCipher - Encrypted octets:
8C6XBbrF4N5w+mw/oBJsUtjVqNSAP1foQEqp1mf+paOhbqQVcXwx0KXbQBrCGVv88o57jzmY1SfI
MopoZFYaybJQEuwOplZJyeF4G1kawLBTngmZrcYSO0ncPKGwxnbgSKR/9ZXU2kt27xHgM74NZs9g
+afB4C9Z4HIBDKeZkYPgpkYKqYKYOAL3y4lbVhgj5HnnUWhk+s2WK393TtRRJms6uZH66Z2tpyz/
1013QeFZqF0kxy9HQ8idAvR99sgMNbj+FqDmKvU5bvemUjAtrCNY78KuAGdnmmzMJas5Jubqw6as
Ix31iFQbzMpkSNjEYCRSQ/3mcebzkEA0T6Lfue5jaj9PmzHp9mua6DT+DL6e52c9PSyfgKm3wwtb
uDzqh2ka2SX3s+Y2taEIH0J5DroDuCtXO/b3gwJ9qVXaqPP/0YJ8wJbfKDgBtxiV3cDwKI/tKbwA
gdaKiSWs6BtpGoyczZGhWTiqE7vt7/vzIcqfMQjy3IkyIBISwNUayjGPPK1jy6I+o2O2qEoT1loV
z8BPiu/yMrOq3Ui3RWrnOfumbWoJI0TkeE8YTyUrzHsopFR0OZW09XZJFDWmDiF73pJcMDk4woJE
597dHF5ayTLvFwtVDChNSeaefGeEgIfYM3F7WpuWUEb92hk2/KdFTjJRp3LyZ5WGUJPgz5dfRTxe
LavVp6UBz7kir23LHyVVPDNjpUi4DBUF3po/Py4O+DryWDvdD3r3tJtg8Zre4ZhLlEIN1XgRCzBB
8zEk+AO/1YPA5DG02IOaGNRRkqOqYT8nV7Hy1o+gdj/Uve8SXx71DP9b7lQpUH/TQ6QTImWOAjks
yUdNS2Lqo0NR4ZYRDe3Fe4pbSnnyxLROguLRa24IzRcdN0iE3yeIy1dbUTXTfnujbwITmq4/oLpC
hiO5e0nR5aykwZ/u3H9A/nB4Tg0AEdYNheUaDI+HCTzRtxmQCY4m2h3U/BK+tbkPGSJ0LZ5Z9RA3
nxcbsA1MmS1cd/XYTFR+xa6Ef2jFwtPdbKaYCx0ynAxGqkr4wh4nxm9y8CbyPJ63yFbP4U+CvIpo
UQqGuISRBNmo4prUnWwyo1Tl5u4D9z1QoAtKuUWmpbYq2pzTD9b+ukR0mdaaPgfTkpSiL08smLw4
uLJlF4FRsI2WhK8qRHDyIEy/ujUS6Gzi3XGDKSVjUd3tPgPkxArHPlqVPFW3qNtx6hMqzKZxxGsH
XjYB4smldS9uHXpDoxZ9AZ3GqmhaDyPg2nJ3F9zL5DhskW7Mm1rNqyeaqmfSr2tdHcj6HQYGJYjo
bqWImOdaBsHnVCyy5fjECz63LOCszwnF1JKf8gDPPjpgLZ9iJJbFgCSw3ntX5KRo0r7WwMaDikNC
0yIEhBtddhWQEUh51ryzTra1wgHUqpx3dRjs8JcrBwmoqpQnoAtypH1wYs+Pi31HvHoxypHBHEKy
qNesBcz4SjZM7vuaHiGy4y5YGByHzaravW6/9L1AE01B8LjSYe2UBH9zjw/Xha+eFWYgS7fD0tpk
+kSn7U/w/2sc9f3WBbYHx9SUssilFOQS+25neIjz6nt4SX/u1jo1+qf/mEq7OISmqDeW0+bHY1d7
c3BBAtvSfB1ARa/0pQYIoRlA1NnLv21oh4hfFHIQPUHu5iU1Dx3bcQ1cgt0C8dxLQIV8rbyydp0q
Uvf14H57R3Zq09iXnHMrmW556+ZObXJ4UJjq8d9dXlX8KABQ8tSyOB7Dec3F0zgnIggOBucft//e
TQ9+t0rzh+IXwYEyUn0vuVFMcOzB0LXvFrDyBMek0kWHK8jWFXphoL8tJ+ZBmp7/fh2WoHRvl0W7
gTut4dphPOciq9GHiLONaQjp2Ntp3TRTTOQZ81sMZtWmYMOacJUbqr+4/PKgeeFqP1HUADghdnrx
bIBjo6nQOzXUySAMJnvZbRKa3tIjmbHO3YSFmQZ0wVPrS7AW4QdyoXW4bo+EllVvzESMEPMbJ/9Y
pCLEd5YMMZx12ytLgxNSbkg1ZAAubJYTqREOBNp2NxgULmvQq60d+tuZ1ak/DoNTkisHUBHWx5Bl
G/+7m+UVLZh4tup0k1yNL79M0EWsQODgltXyR3/NLiRkiEylprcN0+Qnr3OSlmevet2bH5avvU/n
4fRRAENN3tBYJPRPma4YKSxv3YD5zPlLSR9/HvHbi/1DQDyN+QNjC9ZO3uR2WZILR1PjfJx0XQwO
jwcC3xotvJYIo704BZ912cnHiyGRNFKia5FV8RAbFH86tcAJBmVNd3FAgQj2/PQg8MfCuu98wUk6
Eiw+iR8qtdX/afSwbEgW6BW8YPWe7NTiCP7o0k2lPqfz2YF9JpUEZsmKIABH3mg6k0ez3gkWZvwJ
xXvYtxP60ibP2tewdcpqVD3JF2ZU93onJP6jYS74Q5OPorSj6isnG/WqSVJAvhsaB1wE0czImb5o
aGTiqE5JO9HmN/sNomfV5FB2mjPV+v5OUDyu3mMutEwJebNgM18T8txWDmGfxrUxDRjZyDCLDTX1
fglwhFzwVngLdscZm1lG5j0VPjqPjk0ZjgD87m9l7cmWHfbJMwznY4jC0h6q8VP8wjv0UQDlJBgz
vBSQtXHxsJ6yAr8SGa6GEUrZoRFI/hnzGHkatyAzRje1fq/iDtS5cWU4yXUAoG7BwZeFn+BFn6xn
gBUNGuuJcoD2n++oWC5HU5o+khanjKA8Xl0NoFyDS5tRQ1tS9lfI13DaZTmMsxid7l/P/lBqR1Ln
Oxr9pDNkNUr0c8rOEpHYUAkpSDliEd6g7qsovhgwilBhOc1Q3hD88HIlcT7cZA+6XGtdUHg+SkzN
YoEV2orhrENb0FEVsBIvLSufjwjjLWO18IYUFBawK0/il8HRCZSOT9X2jJYeoljKUXPWIsoqTX9b
flQhSo++8CkJ9fRLYD9uF5eeRhXnU1Da3uqFu8k+iJwsdDawmQQbhKpe
14:58:09.832 [Test worker] DEBUG org.apache.xml.security.encryption.XMLCipher - Encrypted octets length = 2982
14:58:09.832 [Test worker] DEBUG org.opensaml.xmlsec.encryption.support.Encrypter - Encrypting encryption key with algorithm: http://www.w3.org/2001/04/xmlenc#rsa-oaep-mgf1p
14:58:09.832 [Test worker] DEBUG org.apache.xml.security.encryption.XMLCipher - Getting XMLCipher with transformation
14:58:09.832 [Test worker] DEBUG org.apache.xml.security.encryption.XMLCipher - Constructing XMLCipher...
14:58:09.832 [Test worker] DEBUG org.apache.xml.security.algorithms.JCEMapper - Request for URI http://www.w3.org/2001/04/xmlenc#rsa-oaep-mgf1p
14:58:09.832 [Test worker] DEBUG org.apache.xml.security.encryption.XMLCipher - JCE Algorithm = RSA/ECB/OAEPPadding
14:58:09.832 [Test worker] DEBUG org.apache.xml.security.encryption.XMLCipher - Initializing XMLCipher...
14:58:09.832 [Test worker] DEBUG org.apache.xml.security.encryption.XMLCipher - opmode = WRAP_MODE
14:58:09.832 [Test worker] DEBUG org.apache.xml.security.encryption.XMLCipher - Encrypting key ...
14:58:09.833 [Test worker] DEBUG org.apache.xml.security.encryption.XMLCipher - Encrypted key octets:
lmNm8EPHOuR3cW4tOu1CH77cof1KJjpRFMUvfQ5T1T+vcS2U+npn1a3PcFotx/AAuiYSASfJkLpZ
mqBLqggiZoijxREAdJYj0cnsubuKwhLgT40c5hu64EUWkTnKcmBLIp8EjW/RtyMIYrxuuLhEYG1u
8s7ru8nVeuAKV59yPvxd809jEr096NWAAvX7ic0vML88J9m0RgdHGBYUQkvqglvCHyFeSBBKm08s
voOrnjjsdx2TP/YFCsAOyS3OmNwz6CzD0R7hgFT0MKN2JK6278j+72XfRvty2FJUSwP8ujGqHUEr
TVe2U2XfQEfad3NjG7L8SEHBxnX4gg7kGV75xw==
14:58:09.833 [Test worker] DEBUG org.apache.xml.security.encryption.XMLCipher - Encrypted key octets length = 348
14:58:09.833 [Test worker] DEBUG org.opensaml.saml.saml2.encryption.Encrypter - Placing EncryptedKey elements as peers of EncryptedData in EncryptedElementType
14:58:09.833 [Test worker] DEBUG org.opensaml.saml.saml2.encryption.Encrypter - Linking single peer EncryptedKey with RetrievalMethod and DataReference
14:58:09.833 [Test worker] DEBUG org.opensaml.saml.common.SAMLObjectSupport - Examining signed object for content references with exclusive canonicalization transform
14:58:09.833 [Test worker] DEBUG org.opensaml.xmlsec.signature.impl.SignatureMarshaller - Starting to marshall {http://www.w3.org/2000/09/xmldsig#}Signature
14:58:09.833 [Test worker] DEBUG org.opensaml.xmlsec.signature.impl.SignatureMarshaller - Creating XMLSignature object
14:58:09.833 [Test worker] DEBUG org.apache.xml.security.algorithms.SignatureAlgorithm - Create URI "http://www.w3.org/2001/04/xmldsig-more#rsa-sha256" class "class org.apache.xml.security.algorithms.implementations.SignatureBaseRSA$SignatureRSASHA256"
14:58:09.834 [Test worker] DEBUG org.apache.xml.security.algorithms.JCEMapper - Request for URI http://www.w3.org/2001/04/xmldsig-more#rsa-sha256
14:58:09.834 [Test worker] DEBUG org.apache.xml.security.algorithms.implementations.SignatureBaseRSA - Created SignatureRSA using SHA256withRSA
14:58:09.834 [Test worker] DEBUG org.opensaml.xmlsec.signature.impl.SignatureMarshaller - Adding content to XMLSignature.
14:58:09.834 [Test worker] DEBUG org.apache.xml.security.transforms.Transforms - Transforms.addTransform(http://www.w3.org/2000/09/xmldsig#enveloped-signature)
14:58:09.834 [Test worker] DEBUG org.apache.xml.security.transforms.Transform - Create URI "http://www.w3.org/2000/09/xmldsig#enveloped-signature" class "class org.apache.xml.security.transforms.implementations.TransformEnvelopedSignature"
14:58:09.834 [Test worker] DEBUG org.apache.xml.security.transforms.Transform - The NodeList is null
14:58:09.834 [Test worker] DEBUG org.apache.xml.security.transforms.Transforms - Transforms.addTransform(http://www.w3.org/2000/09/xmldsig#enveloped-signature)
14:58:09.834 [Test worker] DEBUG org.apache.xml.security.transforms.Transforms - Transforms.addTransform(http://www.w3.org/2001/10/xml-exc-c14n#)
14:58:09.834 [Test worker] DEBUG org.apache.xml.security.transforms.Transform - Create URI "http://www.w3.org/2001/10/xml-exc-c14n#" class "class org.apache.xml.security.transforms.implementations.TransformC14NExclusive"
14:58:09.834 [Test worker] DEBUG org.apache.xml.security.transforms.Transform - The NodeList is null
14:58:09.834 [Test worker] DEBUG org.apache.xml.security.transforms.Transforms - Transforms.addTransform(http://www.w3.org/2001/10/xml-exc-c14n#)
14:58:09.834 [Test worker] DEBUG org.opensaml.xmlsec.signature.impl.SignatureMarshaller - Creating Signature DOM element
14:58:09.834 [Test worker] DEBUG org.opensaml.xmlsec.signature.support.Signer - Using a signer of implemenation: org.opensaml.xmlsec.signature.support.provider.ApacheSantuarioSignerProviderImpl
14:58:09.834 [Test worker] DEBUG org.opensaml.xmlsec.signature.support.provider.ApacheSantuarioSignerProviderImpl - Computing signature over XMLSignature object
14:58:09.834 [Test worker] DEBUG org.apache.xml.security.algorithms.JCEMapper - Request for URI http://www.w3.org/2001/04/xmlenc#sha512
14:58:09.834 [Test worker] DEBUG org.apache.xml.security.utils.resolver.ResourceResolver - I was asked to create a ResourceResolver and got 0
14:58:09.834 [Test worker] DEBUG org.apache.xml.security.utils.resolver.ResourceResolver - check resolvability by class org.apache.xml.security.utils.resolver.ResourceResolver
14:58:09.834 [Test worker] DEBUG org.apache.xml.security.utils.resolver.implementations.ResolverFragment - State I can resolve reference: "#default-response-id"
14:58:09.834 [Test worker] DEBUG org.apache.xml.security.utils.resolver.implementations.ResolverFragment - Try to catch an Element with ID default-response-id and Element was [saml2p:Response: null]
14:58:09.834 [Test worker] DEBUG org.apache.xml.security.utils.ElementProxy - setElement("ds:Transform", "null")
14:58:09.834 [Test worker] DEBUG org.apache.xml.security.transforms.Transforms - Perform the (0)th http://www.w3.org/2000/09/xmldsig#enveloped-signature transform
14:58:09.834 [Test worker] DEBUG org.apache.xml.security.utils.ElementProxy - setElement("ds:Transform", "null")
14:58:09.834 [Test worker] DEBUG org.apache.xml.security.transforms.Transforms - Perform the (1)th http://www.w3.org/2001/10/xml-exc-c14n# transform
14:58:09.834 [Test worker] DEBUG org.apache.xml.security.utils.DigesterOutputStream - Pre-digested input:
14:58:09.835 [Test worker] DEBUG org.apache.xml.security.utils.DigesterOutputStream - <saml2p:Response xmlns:saml2p="urn:oasis:names:tc:SAML:2.0:protocol" xmlns:xsi="http://www.w3.org/2001/XMLSchema-instance" Destination="http://destination.com" ID="default-response-id" InResponseTo="default-request-id" IssueInstant="2018-04-03T13:58:09.824Z" Version="2.0" xsi:type="saml2p:ResponseType"><saml2:Issuer xmlns:saml2="urn:oasis:names:tc:SAML:2.0:assertion">a-test-entity</saml2:Issuer><saml2p:Status xsi:type="saml2p:StatusType"><saml2p:StatusCode Value="urn:oasis:names:tc:SAML:2.0:status:Success" xsi:type="saml2p:StatusCodeType"></saml2p:StatusCode></saml2p:Status><saml2:EncryptedAssertion xmlns:saml2="urn:oasis:names:tc:SAML:2.0:assertion"><xenc:EncryptedData xmlns:xenc="http://www.w3.org/2001/04/xmlenc#" Id="_efa485c40eb54c54270896e0275c76bf" Type="http://www.w3.org/2001/04/xmlenc#Element"><xenc:EncryptionMethod Algorithm="http://www.w3.org/2001/04/xmlenc#aes128-cbc"></xenc:EncryptionMethod><ds:KeyInfo xmlns:ds="http://www.w3.org/2000/09/xmldsig#"><ds:RetrievalMethod Type="http://www.w3.org/2001/04/xmlenc#EncryptedKey" URI="#_ab01e08fe39d5ed85971f12175bcad96"></ds:RetrievalMethod></ds:KeyInfo><xenc:CipherData><xenc:CipherValue>8C6XBbrF4N5w+mw/oBJsUtjVqNSAP1foQEqp1mf+paOhbqQVcXwx0KXbQBrCGVv88o57jzmY1SfI
MopoZFYaybJQEuwOplZJyeF4G1kawLBTngmZrcYSO0ncPKGwxnbgSKR/9ZXU2kt27xHgM74NZs9g
+afB4C9Z4HIBDKeZkYPgpkYKqYKYOAL3y4lbVhgj5HnnUWhk+s2WK393TtRRJms6uZH66Z2tpyz/
1013QeFZqF0kxy9HQ8idAvR99sgMNbj+FqDmKvU5bvemUjAtrCNY78KuAGdnmmzMJas5Jubqw6as
Ix31iFQbzMpkSNjEYCRSQ/3mcebzkEA0T6Lfue5jaj9PmzHp9mua6DT+DL6e52c9PSyfgKm3wwtb
uDzqh2ka2SX3s+Y2taEIH0J5DroDuCtXO/b3gwJ9qVXaqPP/0YJ8wJbfKDgBtxiV3cDwKI/tKbwA
gdaKiSWs6BtpGoyczZGhWTiqE7vt7/vzIcqfMQjy3IkyIBISwNUayjGPPK1jy6I+o2O2qEoT1loV
z8BPiu/yMrOq3Ui3RWrnOfumbWoJI0TkeE8YTyUrzHsopFR0OZW09XZJFDWmDiF73pJcMDk4woJE
597dHF5ayTLvFwtVDChNSeaefGeEgIfYM3F7WpuWUEb92hk2/KdFTjJRp3LyZ5WGUJPgz5dfRTxe
LavVp6UBz7kir23LHyVVPDNjpUi4DBUF3po/Py4O+DryWDvdD3r3tJtg8Zre4ZhLlEIN1XgRCzBB
8zEk+AO/1YPA5DG02IOaGNRRkqOqYT8nV7Hy1o+gdj/Uve8SXx71DP9b7lQpUH/TQ6QTImWOAjks
yUdNS2Lqo0NR4ZYRDe3Fe4pbSnnyxLROguLRa24IzRcdN0iE3yeIy1dbUTXTfnujbwITmq4/oLpC
hiO5e0nR5aykwZ/u3H9A/nB4Tg0AEdYNheUaDI+HCTzRtxmQCY4m2h3U/BK+tbkPGSJ0LZ5Z9RA3
nxcbsA1MmS1cd/XYTFR+xa6Ef2jFwtPdbKaYCx0ynAxGqkr4wh4nxm9y8CbyPJ63yFbP4U+CvIpo
UQqGuISRBNmo4prUnWwyo1Tl5u4D9z1QoAtKuUWmpbYq2pzTD9b+ukR0mdaaPgfTkpSiL08smLw4
uLJlF4FRsI2WhK8qRHDyIEy/ujUS6Gzi3XGDKSVjUd3tPgPkxArHPlqVPFW3qNtx6hMqzKZxxGsH
XjYB4smldS9uHXpDoxZ9AZ3GqmhaDyPg2nJ3F9zL5DhskW7Mm1rNqyeaqmfSr2tdHcj6HQYGJYjo
bqWImOdaBsHnVCyy5fjECz63LOCszwnF1JKf8gDPPjpgLZ9iJJbFgCSw3ntX5KRo0r7WwMaDikNC
0yIEhBtddhWQEUh51ryzTra1wgHUqpx3dRjs8JcrBwmoqpQnoAtypH1wYs+Pi31HvHoxypHBHEKy
qNesBcz4SjZM7vuaHiGy4y5YGByHzaravW6/9L1AE01B8LjSYe2UBH9zjw/Xha+eFWYgS7fD0tpk
+kSn7U/w/2sc9f3WBbYHx9SUssilFOQS+25neIjz6nt4SX/u1jo1+qf/mEq7OISmqDeW0+bHY1d7
c3BBAtvSfB1ARa/0pQYIoRlA1NnLv21oh4hfFHIQPUHu5iU1Dx3bcQ1cgt0C8dxLQIV8rbyydp0q
Uvf14H57R3Zq09iXnHMrmW556+ZObXJ4UJjq8d9dXlX8KABQ8tSyOB7Dec3F0zgnIggOBucft//e
TQ9+t0rzh+IXwYEyUn0vuVFMcOzB0LXvFrDyBMek0kWHK8jWFXphoL8tJ+ZBmp7/fh2WoHRvl0W7
gTut4dphPOciq9GHiLONaQjp2Ntp3TRTTOQZ81sMZtWmYMOacJUbqr+4/PKgeeFqP1HUADghdnrx
bIBjo6nQOzXUySAMJnvZbRKa3tIjmbHO3YSFmQZ0wVPrS7AW4QdyoXW4bo+EllVvzESMEPMbJ/9Y
pCLEd5YMMZx12ytLgxNSbkg1ZAAubJYTqREOBNp2NxgULmvQq60d+tuZ1ak/DoNTkisHUBHWx5Bl
G/+7m+UVLZh4tup0k1yNL79M0EWsQODgltXyR3/NLiRkiEylprcN0+Qnr3OSlmevet2bH5avvU/n
4fRRAENN3tBYJPRPma4YKSxv3YD5zPlLSR9/HvHbi/1DQDyN+QNjC9ZO3uR2WZILR1PjfJx0XQwO
jwcC3xotvJYIo704BZ912cnHiyGRNFKia5FV8RAbFH86tcAJBmVNd3FAgQj2/PQg8MfCuu98wUk6
Eiw+iR8qtdX/afSwbEgW6BW8YPWe7NTiCP7o0k2lPqfz2YF9JpUEZsmKIABH3mg6k0ez3gkWZvwJ
xXvYtxP60ibP2tewdcpqVD3JF2ZU93onJP6jYS74Q5OPorSj6isnG/WqSVJAvhsaB1wE0czImb5o
aGTiqE5JO9HmN/sNomfV5FB2mjPV+v5OUDyu3mMutEwJebNgM18T8txWDmGfxrUxDRjZyDCLDTX1
fglwhFzwVngLdscZm1lG5j0VPjqPjk0ZjgD87m9l7cmWHfbJMwznY4jC0h6q8VP8wjv0UQDlJBgz
vBSQtXHxsJ6yAr8SGa6GEUrZoRFI/hnzGHkatyAzRje1fq/iDtS5cWU4yXUAoG7BwZeFn+BFn6xn
gBUNGuuJcoD2n++oWC5HU5o+khanjKA8Xl0NoFyDS5tRQ1tS9lfI13DaZTmMsxid7l/P/lBqR1Ln
Oxr9pDNkNUr0c8rOEpHYUAkpSDliEd6g7qsovhgwilBhOc1Q3hD88HIlcT7cZA+6XGtdUHg+SkzN
YoEV2orhrENb0FEVsBIvLSufjwjjLWO18IYUFBawK0/il8HRCZSOT9X2jJYeoljKUXPWIsoqTX9b
flQhSo++8CkJ9fRLYD9uF5eeRhXnU1Da3uqFu8k+iJwsdDawmQQbhKpe</xenc:CipherValue></xenc:CipherData></xenc:EncryptedData><xenc:EncryptedKey xmlns:xenc="http://www.w3.org/2001/04/xmlenc#" Id="_ab01e08fe39d5ed85971f12175bcad96"><xenc:EncryptionMethod Algorithm="http://www.w3.org/2001/04/xmlenc#rsa-oaep-mgf1p"><ds:DigestMethod xmlns:ds="http://www.w3.org/2000/09/xmldsig#" Algorithm="http://www.w3.org/2000/09/xmldsig#sha1"></ds:DigestMethod></xenc:EncryptionMethod><xenc:CipherData><xenc:CipherValue>lmNm8EPHOuR3cW4tOu1CH77cof1KJjpRFMUvfQ5T1T+vcS2U+npn1a3PcFotx/AAuiYSASfJkLpZ
mqBLqggiZoijxREAdJYj0cnsubuKwhLgT40c5hu64EUWkTnKcmBLIp8EjW/RtyMIYrxuuLhEYG1u
8s7ru8nVeuAKV59yPvxd809jEr096NWAAvX7ic0vML88J9m0RgdHGBYUQkvqglvCHyFeSBBKm08s
voOrnjjsdx2TP/YFCsAOyS3OmNwz6CzD0R7hgFT0MKN2JK6278j+72XfRvty2FJUSwP8ujGqHUEr
TVe2U2XfQEfad3NjG7L8SEHBxnX4gg7kGV75xw==</xenc:CipherValue></xenc:CipherData><xenc:ReferenceList><xenc:DataReference URI="#_efa485c40eb54c54270896e0275c76bf"></xenc:DataReference></xenc:ReferenceList></xenc:EncryptedKey></saml2:EncryptedAssertion></saml2p:Response>
14:58:09.836 [Test worker] DEBUG org.apache.xml.security.utils.SignerOutputStream - Canonicalized SignedInfo:
14:58:09.836 [Test worker] DEBUG org.apache.xml.security.utils.SignerOutputStream - <ds:SignedInfo xmlns:ds="http://www.w3.org/2000/09/xmldsig#">
<ds:CanonicalizationMethod Algorithm="http://www.w3.org/2001/10/xml-exc-c14n#"></ds:CanonicalizationMethod>
<ds:SignatureMethod Algorithm="http://www.w3.org/2001/04/xmldsig-more#rsa-sha256"></ds:SignatureMethod>
<ds:Reference URI="#default-response-id">
<ds:Transforms>
<ds:Transform Algorithm="http://www.w3.org/2000/09/xmldsig#enveloped-signature"></ds:Transform>
<ds:Transform Algorithm="http://www.w3.org/2001/10/xml-exc-c14n#"></ds:Transform>
</ds:Transforms>
<ds:DigestMethod Algorithm="http://www.w3.org/2001/04/xmlenc#sha512"></ds:DigestMethod>
<ds:DigestValue>BCh6TuBvz+rCDMhehgh/W4Xdtb5lg3zIWvYb9KpDIuoWBOKZU1RqFoH8HGqd2OrXdkzr+6mA5C6O
Bf/PvNwzow==</ds:DigestValue>
</ds:Reference>
</ds:SignedInfo>
14:58:09.840 [Test worker] DEBUG org.apache.xml.security.utils.ElementProxy - setElement("ds:Transform", "null")
14:58:09.840 [Test worker] DEBUG org.opensaml.saml.security.impl.SAMLSignatureProfileValidator - Saw Enveloped signature transform
14:58:09.840 [Test worker] DEBUG org.apache.xml.security.utils.ElementProxy - setElement("ds:Transform", "null")
14:58:09.840 [Test worker] DEBUG org.opensaml.saml.security.impl.SAMLSignatureProfileValidator - Saw Exclusive C14N signature transform
14:58:09.840 [Test worker] DEBUG org.opensaml.xmlsec.signature.support.impl.BaseSignatureTrustEngine - Performing signature algorithm whitelist/blacklist validation using params from CriteriaSet
14:58:09.840 [Test worker] DEBUG org.opensaml.xmlsec.signature.support.impl.SignatureAlgorithmValidator - Validating SignedInfo/SignatureMethod/@Algorithm against whitelist/blacklist: http://www.w3.org/2001/04/xmldsig-more#rsa-sha256
14:58:09.840 [Test worker] DEBUG org.opensaml.xmlsec.signature.support.impl.SignatureAlgorithmValidator - Validating algorithm URI against whitelist and blacklist: algorithm: http://www.w3.org/2001/04/xmldsig-more#rsa-sha256, whitelist: [http://www.w3.org/2001/04/xmldsig-more#rsa-sha512, http://www.w3.org/2000/09/xmldsig#sha1, http://www.w3.org/2001/04/xmlenc#sha512, http://www.w3.org/2001/04/xmldsig-more#rsa-sha256, http://www.w3.org/2001/04/xmlenc#sha256, http://www.w3.org/2000/09/xmldsig#rsa-sha1], blacklist: []
14:58:09.840 [Test worker] DEBUG org.opensaml.xmlsec.algorithm.AlgorithmSupport - Saw non-null algorithm blacklist: []
14:58:09.840 [Test worker] DEBUG org.opensaml.xmlsec.algorithm.AlgorithmSupport - Algorithm passed blacklist validation: http://www.w3.org/2001/04/xmldsig-more#rsa-sha256
14:58:09.840 [Test worker] DEBUG org.opensaml.xmlsec.algorithm.AlgorithmSupport - Saw non-null algorithm whitelist: [http://www.w3.org/2001/04/xmldsig-more#rsa-sha512, http://www.w3.org/2000/09/xmldsig#sha1, http://www.w3.org/2001/04/xmlenc#sha512, http://www.w3.org/2001/04/xmldsig-more#rsa-sha256, http://www.w3.org/2001/04/xmlenc#sha256, http://www.w3.org/2000/09/xmldsig#rsa-sha1]
14:58:09.840 [Test worker] DEBUG org.opensaml.xmlsec.algorithm.AlgorithmSupport - Algorithm passed whitelist validation: http://www.w3.org/2001/04/xmldsig-more#rsa-sha256
14:58:09.840 [Test worker] DEBUG org.opensaml.xmlsec.signature.support.impl.SignatureAlgorithmValidator - Validating SignedInfo/Reference/DigestMethod/@Algorithm against whitelist/blacklist: http://www.w3.org/2001/04/xmlenc#sha512
14:58:09.840 [Test worker] DEBUG org.opensaml.xmlsec.signature.support.impl.SignatureAlgorithmValidator - Validating algorithm URI against whitelist and blacklist: algorithm: http://www.w3.org/2001/04/xmlenc#sha512, whitelist: [http://www.w3.org/2001/04/xmldsig-more#rsa-sha512, http://www.w3.org/2000/09/xmldsig#sha1, http://www.w3.org/2001/04/xmlenc#sha512, http://www.w3.org/2001/04/xmldsig-more#rsa-sha256, http://www.w3.org/2001/04/xmlenc#sha256, http://www.w3.org/2000/09/xmldsig#rsa-sha1], blacklist: []
14:58:09.840 [Test worker] DEBUG org.opensaml.xmlsec.algorithm.AlgorithmSupport - Saw non-null algorithm blacklist: []
14:58:09.840 [Test worker] DEBUG org.opensaml.xmlsec.algorithm.AlgorithmSupport - Algorithm passed blacklist validation: http://www.w3.org/2001/04/xmlenc#sha512
14:58:09.840 [Test worker] DEBUG org.opensaml.xmlsec.algorithm.AlgorithmSupport - Saw non-null algorithm whitelist: [http://www.w3.org/2001/04/xmldsig-more#rsa-sha512, http://www.w3.org/2000/09/xmldsig#sha1, http://www.w3.org/2001/04/xmlenc#sha512, http://www.w3.org/2001/04/xmldsig-more#rsa-sha256, http://www.w3.org/2001/04/xmlenc#sha256, http://www.w3.org/2000/09/xmldsig#rsa-sha1]
14:58:09.840 [Test worker] DEBUG org.opensaml.xmlsec.algorithm.AlgorithmSupport - Algorithm passed whitelist validation: http://www.w3.org/2001/04/xmlenc#sha512
14:58:09.840 [Test worker] DEBUG org.opensaml.xmlsec.signature.support.impl.BaseSignatureTrustEngine - Attempting to verify signature and establish trust using KeyInfo-derived credentials
14:58:09.840 [Test worker] DEBUG org.opensaml.xmlsec.signature.support.impl.BaseSignatureTrustEngine - Signature contained no KeyInfo element, could not resolve verification credentials
14:58:09.840 [Test worker] DEBUG org.opensaml.xmlsec.signature.support.impl.BaseSignatureTrustEngine - Failed to verify signature and/or establish trust using any KeyInfo-derived credentials
14:58:09.840 [Test worker] DEBUG org.opensaml.xmlsec.signature.support.impl.ExplicitKeySignatureTrustEngine - Attempting to verify signature using trusted credentials
14:58:09.840 [Test worker] DEBUG org.opensaml.xmlsec.signature.support.SignatureValidationProvider - Using a validation provider of implementation: org.opensaml.xmlsec.signature.support.provider.ApacheSantuarioSignatureValidationProviderImpl
14:58:09.840 [Test worker] DEBUG org.opensaml.xmlsec.signature.support.provider.ApacheSantuarioSignatureValidationProviderImpl - Attempting to validate signature using key from supplied credential
14:58:09.840 [Test worker] DEBUG org.opensaml.xmlsec.signature.support.provider.ApacheSantuarioSignatureValidationProviderImpl - Accessing XMLSignature object
14:58:09.840 [Test worker] DEBUG org.opensaml.xmlsec.signature.support.provider.ApacheSantuarioSignatureValidationProviderImpl - Validating signature with signature algorithm URI: http://www.w3.org/2001/04/xmldsig-more#rsa-sha256
14:58:09.840 [Test worker] DEBUG org.opensaml.xmlsec.signature.support.provider.ApacheSantuarioSignatureValidationProviderImpl - Validation credential key algorithm 'RSA', key instance class 'sun.security.rsa.RSAPublicKeyImpl'
14:58:09.840 [Test worker] DEBUG org.apache.xml.security.signature.XMLSignature - signatureMethodURI = http://www.w3.org/2001/04/xmldsig-more#rsa-sha256
14:58:09.840 [Test worker] DEBUG org.apache.xml.security.signature.XMLSignature - jceSigAlgorithm    = SHA256withRSA
14:58:09.840 [Test worker] DEBUG org.apache.xml.security.signature.XMLSignature - jceSigProvider     = SunRsaSign
14:58:09.840 [Test worker] DEBUG org.apache.xml.security.signature.XMLSignature - PublicKey = Sun RSA public key, 2048 bits
  modulus: 29661565466865858822213777168282943426939714058048863814131618959262055326686524034067084771065231712149539921346081944346397936363399690100840608397845307756315334022317517219876633006263454147272155286336727606522796880921103550938022720211151696581738939213739476141952593191308436813042936252687545137035166455002660478121017225183474993112090021369737861768882984387493729935697205880819466743626280109454603687587536282588576195647432312509500999623830562445007026743026958608467395710329014740842807769757806142655188427663764629833308992121291511482553904626598854250168151827151971234837768337295616595808239
  public exponent: 65537
14:58:09.840 [Test worker] DEBUG org.apache.xml.security.utils.SignerOutputStream - Canonicalized SignedInfo:
14:58:09.840 [Test worker] DEBUG org.apache.xml.security.utils.SignerOutputStream - <ds:SignedInfo xmlns:ds="http://www.w3.org/2000/09/xmldsig#">
<ds:CanonicalizationMethod Algorithm="http://www.w3.org/2001/10/xml-exc-c14n#"></ds:CanonicalizationMethod>
<ds:SignatureMethod Algorithm="http://www.w3.org/2001/04/xmldsig-more#rsa-sha256"></ds:SignatureMethod>
<ds:Reference URI="#default-response-id">
<ds:Transforms>
<ds:Transform Algorithm="http://www.w3.org/2000/09/xmldsig#enveloped-signature"></ds:Transform>
<ds:Transform Algorithm="http://www.w3.org/2001/10/xml-exc-c14n#"></ds:Transform>
</ds:Transforms>
<ds:DigestMethod Algorithm="http://www.w3.org/2001/04/xmlenc#sha512"></ds:DigestMethod>
<ds:DigestValue>BCh6TuBvz+rCDMhehgh/W4Xdtb5lg3zIWvYb9KpDIuoWBOKZU1RqFoH8HGqd2OrXdkzr+6mA5C6O
Bf/PvNwzow==</ds:DigestValue>
</ds:Reference>
</ds:SignedInfo>
14:58:09.841 [Test worker] DEBUG org.apache.xml.security.signature.Manifest - verify 1 References
14:58:09.841 [Test worker] DEBUG org.apache.xml.security.signature.Manifest - I am not requested to follow nested Manifests
14:58:09.841 [Test worker] DEBUG org.apache.xml.security.utils.ElementProxy - setElement("ds:Reference", "null")
14:58:09.841 [Test worker] DEBUG org.apache.xml.security.utils.ElementProxy - setElement("ds:Transforms", "null")
14:58:09.841 [Test worker] DEBUG org.apache.xml.security.algorithms.JCEMapper - Request for URI http://www.w3.org/2001/04/xmlenc#sha512
14:58:09.841 [Test worker] DEBUG org.apache.xml.security.utils.resolver.ResourceResolver - I was asked to create a ResourceResolver and got 0
14:58:09.841 [Test worker] DEBUG org.apache.xml.security.utils.resolver.ResourceResolver - check resolvability by class org.apache.xml.security.utils.resolver.ResourceResolver
14:58:09.841 [Test worker] DEBUG org.apache.xml.security.utils.resolver.implementations.ResolverFragment - State I can resolve reference: "#default-response-id"
14:58:09.841 [Test worker] DEBUG org.apache.xml.security.utils.resolver.implementations.ResolverFragment - Try to catch an Element with ID default-response-id and Element was [saml2p:Response: null]
14:58:09.841 [Test worker] DEBUG org.apache.xml.security.utils.ElementProxy - setElement("ds:Transform", "null")
14:58:09.841 [Test worker] DEBUG org.apache.xml.security.transforms.Transforms - Perform the (0)th http://www.w3.org/2000/09/xmldsig#enveloped-signature transform
14:58:09.841 [Test worker] DEBUG org.apache.xml.security.utils.ElementProxy - setElement("ds:Transform", "null")
14:58:09.841 [Test worker] DEBUG org.apache.xml.security.transforms.Transforms - Perform the (1)th http://www.w3.org/2001/10/xml-exc-c14n# transform
14:58:09.841 [Test worker] DEBUG org.apache.xml.security.utils.DigesterOutputStream - Pre-digested input:
14:58:09.841 [Test worker] DEBUG org.apache.xml.security.utils.DigesterOutputStream - <saml2p:Response xmlns:saml2p="urn:oasis:names:tc:SAML:2.0:protocol" xmlns:xsi="http://www.w3.org/2001/XMLSchema-instance" Destination="http://destination.com" ID="default-response-id" InResponseTo="default-request-id" IssueInstant="2018-04-03T13:58:09.824Z" Version="2.0" xsi:type="saml2p:ResponseType"><saml2:Issuer xmlns:saml2="urn:oasis:names:tc:SAML:2.0:assertion">a-test-entity</saml2:Issuer><saml2p:Status xsi:type="saml2p:StatusType"><saml2p:StatusCode Value="urn:oasis:names:tc:SAML:2.0:status:Success" xsi:type="saml2p:StatusCodeType"></saml2p:StatusCode></saml2p:Status><saml2:EncryptedAssertion xmlns:saml2="urn:oasis:names:tc:SAML:2.0:assertion"><xenc:EncryptedData xmlns:xenc="http://www.w3.org/2001/04/xmlenc#" Id="_efa485c40eb54c54270896e0275c76bf" Type="http://www.w3.org/2001/04/xmlenc#Element"><xenc:EncryptionMethod Algorithm="http://www.w3.org/2001/04/xmlenc#aes128-cbc"></xenc:EncryptionMethod><ds:KeyInfo xmlns:ds="http://www.w3.org/2000/09/xmldsig#"><ds:RetrievalMethod Type="http://www.w3.org/2001/04/xmlenc#EncryptedKey" URI="#_ab01e08fe39d5ed85971f12175bcad96"></ds:RetrievalMethod></ds:KeyInfo><xenc:CipherData><xenc:CipherValue>8C6XBbrF4N5w+mw/oBJsUtjVqNSAP1foQEqp1mf+paOhbqQVcXwx0KXbQBrCGVv88o57jzmY1SfI
MopoZFYaybJQEuwOplZJyeF4G1kawLBTngmZrcYSO0ncPKGwxnbgSKR/9ZXU2kt27xHgM74NZs9g
+afB4C9Z4HIBDKeZkYPgpkYKqYKYOAL3y4lbVhgj5HnnUWhk+s2WK393TtRRJms6uZH66Z2tpyz/
1013QeFZqF0kxy9HQ8idAvR99sgMNbj+FqDmKvU5bvemUjAtrCNY78KuAGdnmmzMJas5Jubqw6as
Ix31iFQbzMpkSNjEYCRSQ/3mcebzkEA0T6Lfue5jaj9PmzHp9mua6DT+DL6e52c9PSyfgKm3wwtb
uDzqh2ka2SX3s+Y2taEIH0J5DroDuCtXO/b3gwJ9qVXaqPP/0YJ8wJbfKDgBtxiV3cDwKI/tKbwA
gdaKiSWs6BtpGoyczZGhWTiqE7vt7/vzIcqfMQjy3IkyIBISwNUayjGPPK1jy6I+o2O2qEoT1loV
z8BPiu/yMrOq3Ui3RWrnOfumbWoJI0TkeE8YTyUrzHsopFR0OZW09XZJFDWmDiF73pJcMDk4woJE
597dHF5ayTLvFwtVDChNSeaefGeEgIfYM3F7WpuWUEb92hk2/KdFTjJRp3LyZ5WGUJPgz5dfRTxe
LavVp6UBz7kir23LHyVVPDNjpUi4DBUF3po/Py4O+DryWDvdD3r3tJtg8Zre4ZhLlEIN1XgRCzBB
8zEk+AO/1YPA5DG02IOaGNRRkqOqYT8nV7Hy1o+gdj/Uve8SXx71DP9b7lQpUH/TQ6QTImWOAjks
yUdNS2Lqo0NR4ZYRDe3Fe4pbSnnyxLROguLRa24IzRcdN0iE3yeIy1dbUTXTfnujbwITmq4/oLpC
hiO5e0nR5aykwZ/u3H9A/nB4Tg0AEdYNheUaDI+HCTzRtxmQCY4m2h3U/BK+tbkPGSJ0LZ5Z9RA3
nxcbsA1MmS1cd/XYTFR+xa6Ef2jFwtPdbKaYCx0ynAxGqkr4wh4nxm9y8CbyPJ63yFbP4U+CvIpo
UQqGuISRBNmo4prUnWwyo1Tl5u4D9z1QoAtKuUWmpbYq2pzTD9b+ukR0mdaaPgfTkpSiL08smLw4
uLJlF4FRsI2WhK8qRHDyIEy/ujUS6Gzi3XGDKSVjUd3tPgPkxArHPlqVPFW3qNtx6hMqzKZxxGsH
XjYB4smldS9uHXpDoxZ9AZ3GqmhaDyPg2nJ3F9zL5DhskW7Mm1rNqyeaqmfSr2tdHcj6HQYGJYjo
bqWImOdaBsHnVCyy5fjECz63LOCszwnF1JKf8gDPPjpgLZ9iJJbFgCSw3ntX5KRo0r7WwMaDikNC
0yIEhBtddhWQEUh51ryzTra1wgHUqpx3dRjs8JcrBwmoqpQnoAtypH1wYs+Pi31HvHoxypHBHEKy
qNesBcz4SjZM7vuaHiGy4y5YGByHzaravW6/9L1AE01B8LjSYe2UBH9zjw/Xha+eFWYgS7fD0tpk
+kSn7U/w/2sc9f3WBbYHx9SUssilFOQS+25neIjz6nt4SX/u1jo1+qf/mEq7OISmqDeW0+bHY1d7
c3BBAtvSfB1ARa/0pQYIoRlA1NnLv21oh4hfFHIQPUHu5iU1Dx3bcQ1cgt0C8dxLQIV8rbyydp0q
Uvf14H57R3Zq09iXnHMrmW556+ZObXJ4UJjq8d9dXlX8KABQ8tSyOB7Dec3F0zgnIggOBucft//e
TQ9+t0rzh+IXwYEyUn0vuVFMcOzB0LXvFrDyBMek0kWHK8jWFXphoL8tJ+ZBmp7/fh2WoHRvl0W7
gTut4dphPOciq9GHiLONaQjp2Ntp3TRTTOQZ81sMZtWmYMOacJUbqr+4/PKgeeFqP1HUADghdnrx
bIBjo6nQOzXUySAMJnvZbRKa3tIjmbHO3YSFmQZ0wVPrS7AW4QdyoXW4bo+EllVvzESMEPMbJ/9Y
pCLEd5YMMZx12ytLgxNSbkg1ZAAubJYTqREOBNp2NxgULmvQq60d+tuZ1ak/DoNTkisHUBHWx5Bl
G/+7m+UVLZh4tup0k1yNL79M0EWsQODgltXyR3/NLiRkiEylprcN0+Qnr3OSlmevet2bH5avvU/n
4fRRAENN3tBYJPRPma4YKSxv3YD5zPlLSR9/HvHbi/1DQDyN+QNjC9ZO3uR2WZILR1PjfJx0XQwO
jwcC3xotvJYIo704BZ912cnHiyGRNFKia5FV8RAbFH86tcAJBmVNd3FAgQj2/PQg8MfCuu98wUk6
Eiw+iR8qtdX/afSwbEgW6BW8YPWe7NTiCP7o0k2lPqfz2YF9JpUEZsmKIABH3mg6k0ez3gkWZvwJ
xXvYtxP60ibP2tewdcpqVD3JF2ZU93onJP6jYS74Q5OPorSj6isnG/WqSVJAvhsaB1wE0czImb5o
aGTiqE5JO9HmN/sNomfV5FB2mjPV+v5OUDyu3mMutEwJebNgM18T8txWDmGfxrUxDRjZyDCLDTX1
fglwhFzwVngLdscZm1lG5j0VPjqPjk0ZjgD87m9l7cmWHfbJMwznY4jC0h6q8VP8wjv0UQDlJBgz
vBSQtXHxsJ6yAr8SGa6GEUrZoRFI/hnzGHkatyAzRje1fq/iDtS5cWU4yXUAoG7BwZeFn+BFn6xn
gBUNGuuJcoD2n++oWC5HU5o+khanjKA8Xl0NoFyDS5tRQ1tS9lfI13DaZTmMsxid7l/P/lBqR1Ln
Oxr9pDNkNUr0c8rOEpHYUAkpSDliEd6g7qsovhgwilBhOc1Q3hD88HIlcT7cZA+6XGtdUHg+SkzN
YoEV2orhrENb0FEVsBIvLSufjwjjLWO18IYUFBawK0/il8HRCZSOT9X2jJYeoljKUXPWIsoqTX9b
flQhSo++8CkJ9fRLYD9uF5eeRhXnU1Da3uqFu8k+iJwsdDawmQQbhKpe</xenc:CipherValue></xenc:CipherData></xenc:EncryptedData><xenc:EncryptedKey xmlns:xenc="http://www.w3.org/2001/04/xmlenc#" Id="_ab01e08fe39d5ed85971f12175bcad96"><xenc:EncryptionMethod Algorithm="http://www.w3.org/2001/04/xmlenc#rsa-oaep-mgf1p"><ds:DigestMethod xmlns:ds="http://www.w3.org/2000/09/xmldsig#" Algorithm="http://www.w3.org/2000/09/xmldsig#sha1"></ds:DigestMethod></xenc:EncryptionMethod><xenc:CipherData><xenc:CipherValue>lmNm8EPHOuR3cW4tOu1CH77cof1KJjpRFMUvfQ5T1T+vcS2U+npn1a3PcFotx/AAuiYSASfJkLpZ
mqBLqggiZoijxREAdJYj0cnsubuKwhLgT40c5hu64EUWkTnKcmBLIp8EjW/RtyMIYrxuuLhEYG1u
8s7ru8nVeuAKV59yPvxd809jEr096NWAAvX7ic0vML88J9m0RgdHGBYUQkvqglvCHyFeSBBKm08s
voOrnjjsdx2TP/YFCsAOyS3OmNwz6CzD0R7hgFT0MKN2JK6278j+72XfRvty2FJUSwP8ujGqHUEr
TVe2U2XfQEfad3NjG7L8SEHBxnX4gg7kGV75xw==</xenc:CipherValue></xenc:CipherData><xenc:ReferenceList><xenc:DataReference URI="#_efa485c40eb54c54270896e0275c76bf"></xenc:DataReference></xenc:ReferenceList></xenc:EncryptedKey></saml2:EncryptedAssertion></saml2p:Response>
14:58:09.842 [Test worker] DEBUG org.apache.xml.security.signature.Reference - Verification successful for URI "#default-response-id"
14:58:09.842 [Test worker] DEBUG org.apache.xml.security.signature.Manifest - The Reference has Type 
14:58:09.842 [Test worker] DEBUG org.opensaml.xmlsec.signature.support.provider.ApacheSantuarioSignatureValidationProviderImpl - Signature validated with key from supplied credential
14:58:09.842 [Test worker] DEBUG org.opensaml.xmlsec.signature.support.impl.BaseSignatureTrustEngine - Signature validation using candidate credential was successful
14:58:09.842 [Test worker] DEBUG org.opensaml.xmlsec.signature.support.impl.ExplicitKeySignatureTrustEngine - Successfully verified signature using resolved trusted credential
14:58:09.843 [Test worker] DEBUG org.opensaml.saml.common.SAMLObjectSupport - Examining signed object for content references with exclusive canonicalization transform
14:58:09.843 [Test worker] DEBUG org.opensaml.saml.common.SAMLObjectSupport - Saw exclusive transform, declaring non-visible namespaces on signed object
14:58:09.843 [Test worker] DEBUG org.opensaml.xmlsec.signature.impl.SignatureMarshaller - Starting to marshall {http://www.w3.org/2000/09/xmldsig#}Signature
14:58:09.843 [Test worker] DEBUG org.opensaml.xmlsec.signature.impl.SignatureMarshaller - Creating XMLSignature object
14:58:09.843 [Test worker] DEBUG org.apache.xml.security.algorithms.SignatureAlgorithm - Create URI "http://www.w3.org/2001/04/xmldsig-more#rsa-sha256" class "class org.apache.xml.security.algorithms.implementations.SignatureBaseRSA$SignatureRSASHA256"
14:58:09.843 [Test worker] DEBUG org.apache.xml.security.algorithms.JCEMapper - Request for URI http://www.w3.org/2001/04/xmldsig-more#rsa-sha256
14:58:09.843 [Test worker] DEBUG org.apache.xml.security.algorithms.implementations.SignatureBaseRSA - Created SignatureRSA using SHA256withRSA
14:58:09.843 [Test worker] DEBUG org.opensaml.xmlsec.signature.impl.SignatureMarshaller - Adding content to XMLSignature.
14:58:09.843 [Test worker] DEBUG org.apache.xml.security.transforms.Transforms - Transforms.addTransform(http://www.w3.org/2000/09/xmldsig#enveloped-signature)
14:58:09.843 [Test worker] DEBUG org.apache.xml.security.transforms.Transform - Create URI "http://www.w3.org/2000/09/xmldsig#enveloped-signature" class "class org.apache.xml.security.transforms.implementations.TransformEnvelopedSignature"
14:58:09.843 [Test worker] DEBUG org.apache.xml.security.transforms.Transform - The NodeList is null
14:58:09.843 [Test worker] DEBUG org.apache.xml.security.transforms.Transforms - Transforms.addTransform(http://www.w3.org/2000/09/xmldsig#enveloped-signature)
14:58:09.843 [Test worker] DEBUG org.apache.xml.security.transforms.Transforms - Transforms.addTransform(http://www.w3.org/2001/10/xml-exc-c14n#)
14:58:09.843 [Test worker] DEBUG org.apache.xml.security.transforms.Transform - Create URI "http://www.w3.org/2001/10/xml-exc-c14n#" class "class org.apache.xml.security.transforms.implementations.TransformC14NExclusive"
14:58:09.843 [Test worker] DEBUG org.apache.xml.security.transforms.Transform - The NodeList is null
14:58:09.843 [Test worker] DEBUG org.apache.xml.security.transforms.Transforms - Transforms.addTransform(http://www.w3.org/2001/10/xml-exc-c14n#)
14:58:09.843 [Test worker] DEBUG org.apache.xml.security.utils.ElementProxy - setElement("ds:Transform", "null")
14:58:09.843 [Test worker] DEBUG org.opensaml.saml.common.SAMLObjectContentReference - Adding list of inclusive namespaces for signature exclusive canonicalization transform
14:58:09.844 [Test worker] DEBUG org.opensaml.xmlsec.signature.impl.SignatureMarshaller - Creating Signature DOM element
14:58:09.844 [Test worker] DEBUG org.opensaml.xmlsec.signature.support.Signer - Using a signer of implemenation: org.opensaml.xmlsec.signature.support.provider.ApacheSantuarioSignerProviderImpl
14:58:09.844 [Test worker] DEBUG org.opensaml.xmlsec.signature.support.provider.ApacheSantuarioSignerProviderImpl - Computing signature over XMLSignature object
14:58:09.844 [Test worker] DEBUG org.apache.xml.security.algorithms.JCEMapper - Request for URI http://www.w3.org/2001/04/xmlenc#sha256
14:58:09.844 [Test worker] DEBUG org.apache.xml.security.utils.resolver.ResourceResolver - I was asked to create a ResourceResolver and got 0
14:58:09.844 [Test worker] DEBUG org.apache.xml.security.utils.resolver.ResourceResolver - check resolvability by class org.apache.xml.security.utils.resolver.ResourceResolver
14:58:09.844 [Test worker] DEBUG org.apache.xml.security.utils.resolver.implementations.ResolverFragment - State I can resolve reference: "#some-assertion-id"
14:58:09.844 [Test worker] DEBUG org.apache.xml.security.utils.resolver.implementations.ResolverFragment - Try to catch an Element with ID some-assertion-id and Element was [saml2:Assertion: null]
14:58:09.844 [Test worker] DEBUG org.apache.xml.security.utils.ElementProxy - setElement("ds:Transform", "null")
14:58:09.844 [Test worker] DEBUG org.apache.xml.security.transforms.Transforms - Perform the (0)th http://www.w3.org/2000/09/xmldsig#enveloped-signature transform
14:58:09.844 [Test worker] DEBUG org.apache.xml.security.utils.ElementProxy - setElement("ds:Transform", "null")
14:58:09.844 [Test worker] DEBUG org.apache.xml.security.transforms.Transforms - Perform the (1)th http://www.w3.org/2001/10/xml-exc-c14n# transform
14:58:09.844 [Test worker] DEBUG org.apache.xml.security.utils.DigesterOutputStream - Pre-digested input:
14:58:09.844 [Test worker] DEBUG org.apache.xml.security.utils.DigesterOutputStream - <saml2:Assertion xmlns:saml2="urn:oasis:names:tc:SAML:2.0:assertion" xmlns:xsi="http://www.w3.org/2001/XMLSchema-instance" ID="some-assertion-id" IssueInstant="2018-04-03T13:58:09.843Z" Version="2.0" xsi:type="saml2:AssertionType"><saml2:Issuer>a-test-entity</saml2:Issuer><saml2:Subject xsi:type="saml2:SubjectType"><saml2:NameID Format="urn:oasis:names:tc:SAML:2.0:nameid-format:persistent"></saml2:NameID><saml2:SubjectConfirmation Method="urn:oasis:names:tc:SAML:2.0:cm:bearer" xsi:type="saml2:SubjectConfirmationType"><saml2:SubjectConfirmationData InResponseTo="default-request-id" NotOnOrAfter="2018-04-03T14:13:09.843Z" Recipient="https://signin.service.gov.uk" xsi:type="saml2:SubjectConfirmationDataType"></saml2:SubjectConfirmationData></saml2:SubjectConfirmation></saml2:Subject><saml2:Conditions xsi:type="saml2:ConditionsType"><saml2:AudienceRestriction xsi:type="saml2:AudienceRestrictionType"><saml2:Audience>https://signin.service.gov.uk</saml2:Audience></saml2:AudienceRestriction></saml2:Conditions></saml2:Assertion>
14:58:09.844 [Test worker] DEBUG org.apache.xml.security.utils.SignerOutputStream - Canonicalized SignedInfo:
14:58:09.844 [Test worker] DEBUG org.apache.xml.security.utils.SignerOutputStream - <ds:SignedInfo xmlns:ds="http://www.w3.org/2000/09/xmldsig#">
<ds:CanonicalizationMethod Algorithm="http://www.w3.org/2001/10/xml-exc-c14n#"></ds:CanonicalizationMethod>
<ds:SignatureMethod Algorithm="http://www.w3.org/2001/04/xmldsig-more#rsa-sha256"></ds:SignatureMethod>
<ds:Reference URI="#some-assertion-id">
<ds:Transforms>
<ds:Transform Algorithm="http://www.w3.org/2000/09/xmldsig#enveloped-signature"></ds:Transform>
<ds:Transform Algorithm="http://www.w3.org/2001/10/xml-exc-c14n#"></ds:Transform>
</ds:Transforms>
<ds:DigestMethod Algorithm="http://www.w3.org/2001/04/xmlenc#sha256"></ds:DigestMethod>
<ds:DigestValue>yCiPMgEn52NfYXy6HdevHxUhrjOgdTOFU3i707ujNhw=</ds:DigestValue>
</ds:Reference>
</ds:SignedInfo>
14:58:09.848 [Test worker] DEBUG org.opensaml.core.xml.util.XMLObjectSupport - Marshalling XMLObject
14:58:09.848 [Test worker] DEBUG org.opensaml.core.xml.util.XMLObjectSupport - XMLObject already had cached DOM, returning that element
14:58:09.848 [Test worker] DEBUG org.opensaml.saml.saml2.encryption.Encrypter - Assertion before encryption:
<?xml version="1.0" encoding="UTF-8"?>
<saml2:Assertion ID="some-assertion-id"
    IssueInstant="2018-04-03T13:58:09.843Z" Version="2.0"
    xmlns:saml2="urn:oasis:names:tc:SAML:2.0:assertion"
    xmlns:xsi="http://www.w3.org/2001/XMLSchema-instance" xsi:type="saml2:AssertionType">
    <saml2:Issuer>a-test-entity</saml2:Issuer>
    <ds:Signature
                xmlns:ds="http://www.w3.org/2000/09/xmldsig#">
<ds:SignedInfo>
<ds:CanonicalizationMethod
                Algorithm="http://www.w3.org/2001/10/xml-exc-c14n#"/>
<ds:SignatureMethod
                Algorithm="http://www.w3.org/2001/04/xmldsig-more#rsa-sha256"/>
<ds:Reference
                        URI="#some-assertion-id">
<ds:Transforms>
<ds:Transform
                        Algorithm="http://www.w3.org/2000/09/xmldsig#enveloped-signature"/>
<ds:Transform
                    Algorithm="http://www.w3.org/2001/10/xml-exc-c14n#"/>
</ds:Transforms>
<ds:DigestMethod Algorithm="http://www.w3.org/2001/04/xmlenc#sha256"/>
<ds:DigestValue>yCiPMgEn52NfYXy6HdevHxUhrjOgdTOFU3i707ujNhw=</ds:DigestValue>
</ds:Reference>
</ds:SignedInfo>
<ds:SignatureValue>
owkuwiMCWY2rcpSZGR8iFlQ9Bu9b2s8GL2gXbQ4yaUDWVhyNmuFShokX/F90k9eE6I1DV3iN+oQ0
1eHuLXWlmAZedacSVmwPuPW6xSEM1FBujFdvAvVtubVt/kr03FTcmc9cgSBNV7EzKoZfxoaO1cng
mAvKHWdeZ+bQXMDYYRA/j4GMxcrrHquTh1dqgkBLVl2kfEbuHNWD1dYRo/WW6XP8ihNnDQ6hX/3N
LSISVWA43kvXfdt+6vBotYm/TAulKgtt5WwgZuHt0EU3MpxcJUL6uG6MAkjVZookuB8bqy30cPem
D2drzxlCPAevTVk93S/pvEkCeqjoykAr7pYGeQ==
</ds:SignatureValue>
</ds:Signature>
    <saml2:Subject xsi:type="saml2:SubjectType">
        <saml2:NameID Format="urn:oasis:names:tc:SAML:2.0:nameid-format:persistent"/>
        <saml2:SubjectConfirmation
            Method="urn:oasis:names:tc:SAML:2.0:cm:bearer" xsi:type="saml2:SubjectConfirmationType">
            <saml2:SubjectConfirmationData
                InResponseTo="default-request-id"
                NotOnOrAfter="2018-04-03T14:13:09.843Z"
                Recipient="https://signin.service.gov.uk" xsi:type="saml2:SubjectConfirmationDataType"/>
        </saml2:SubjectConfirmation>
    </saml2:Subject>
    <saml2:Conditions xsi:type="saml2:ConditionsType">
        <saml2:AudienceRestriction xsi:type="saml2:AudienceRestrictionType">
            <saml2:Audience>https://signin.service.gov.uk</saml2:Audience>
        </saml2:AudienceRestriction>
    </saml2:Conditions>
</saml2:Assertion>

14:58:09.849 [Test worker] DEBUG org.opensaml.xmlsec.encryption.support.Encrypter - Generating random symmetric data encryption key from algorithm URI: http://www.w3.org/2001/04/xmlenc#aes128-cbc
14:58:09.849 [Test worker] DEBUG org.opensaml.xmlsec.encryption.support.Encrypter - Encrypting XMLObject using algorithm URI http://www.w3.org/2001/04/xmlenc#aes128-cbc with content mode false
14:58:09.849 [Test worker] DEBUG org.apache.xml.security.encryption.XMLCipher - Getting XMLCipher with transformation
14:58:09.849 [Test worker] DEBUG org.apache.xml.security.encryption.XMLCipher - Constructing XMLCipher...
14:58:09.849 [Test worker] DEBUG org.apache.xml.security.algorithms.JCEMapper - Request for URI http://www.w3.org/2001/04/xmlenc#aes128-cbc
14:58:09.849 [Test worker] DEBUG org.apache.xml.security.encryption.XMLCipher - JCE Algorithm = AES/CBC/ISO10126Padding
14:58:09.849 [Test worker] DEBUG org.apache.xml.security.encryption.XMLCipher - Initializing XMLCipher...
14:58:09.849 [Test worker] DEBUG org.apache.xml.security.encryption.XMLCipher - opmode = ENCRYPT_MODE
14:58:09.849 [Test worker] DEBUG org.apache.xml.security.encryption.XMLCipher - Encrypting element...
14:58:09.849 [Test worker] DEBUG org.apache.xml.security.encryption.XMLCipher - Serialized octets:
<saml2:Assertion xmlns:saml2="urn:oasis:names:tc:SAML:2.0:assertion" xmlns:xsi="http://www.w3.org/2001/XMLSchema-instance" ID="some-assertion-id" IssueInstant="2018-04-03T13:58:09.843Z" Version="2.0" xsi:type="saml2:AssertionType"><saml2:Issuer>a-test-entity</saml2:Issuer><ds:Signature xmlns:ds="http://www.w3.org/2000/09/xmldsig#">
<ds:SignedInfo>
<ds:CanonicalizationMethod Algorithm="http://www.w3.org/2001/10/xml-exc-c14n#"></ds:CanonicalizationMethod>
<ds:SignatureMethod Algorithm="http://www.w3.org/2001/04/xmldsig-more#rsa-sha256"></ds:SignatureMethod>
<ds:Reference URI="#some-assertion-id">
<ds:Transforms>
<ds:Transform Algorithm="http://www.w3.org/2000/09/xmldsig#enveloped-signature"></ds:Transform>
<ds:Transform Algorithm="http://www.w3.org/2001/10/xml-exc-c14n#"></ds:Transform>
</ds:Transforms>
<ds:DigestMethod Algorithm="http://www.w3.org/2001/04/xmlenc#sha256"></ds:DigestMethod>
<ds:DigestValue>yCiPMgEn52NfYXy6HdevHxUhrjOgdTOFU3i707ujNhw=</ds:DigestValue>
</ds:Reference>
</ds:SignedInfo>
<ds:SignatureValue>
owkuwiMCWY2rcpSZGR8iFlQ9Bu9b2s8GL2gXbQ4yaUDWVhyNmuFShokX/F90k9eE6I1DV3iN+oQ0
1eHuLXWlmAZedacSVmwPuPW6xSEM1FBujFdvAvVtubVt/kr03FTcmc9cgSBNV7EzKoZfxoaO1cng
mAvKHWdeZ+bQXMDYYRA/j4GMxcrrHquTh1dqgkBLVl2kfEbuHNWD1dYRo/WW6XP8ihNnDQ6hX/3N
LSISVWA43kvXfdt+6vBotYm/TAulKgtt5WwgZuHt0EU3MpxcJUL6uG6MAkjVZookuB8bqy30cPem
D2drzxlCPAevTVk93S/pvEkCeqjoykAr7pYGeQ==
</ds:SignatureValue>
</ds:Signature><saml2:Subject xsi:type="saml2:SubjectType"><saml2:NameID Format="urn:oasis:names:tc:SAML:2.0:nameid-format:persistent"></saml2:NameID><saml2:SubjectConfirmation Method="urn:oasis:names:tc:SAML:2.0:cm:bearer" xsi:type="saml2:SubjectConfirmationType"><saml2:SubjectConfirmationData InResponseTo="default-request-id" NotOnOrAfter="2018-04-03T14:13:09.843Z" Recipient="https://signin.service.gov.uk" xsi:type="saml2:SubjectConfirmationDataType"></saml2:SubjectConfirmationData></saml2:SubjectConfirmation></saml2:Subject><saml2:Conditions xsi:type="saml2:ConditionsType"><saml2:AudienceRestriction xsi:type="saml2:AudienceRestrictionType"><saml2:Audience>https://signin.service.gov.uk</saml2:Audience></saml2:AudienceRestriction></saml2:Conditions></saml2:Assertion>
14:58:09.849 [Test worker] DEBUG org.apache.xml.security.encryption.XMLCipherUtil - Saw non-AES-GCM mode block cipher, returning IvParameterSpec: http://www.w3.org/2001/04/xmlenc#aes128-cbc
14:58:09.849 [Test worker] DEBUG org.apache.xml.security.encryption.XMLCipher - Expected cipher.outputSize = 2192
14:58:09.849 [Test worker] DEBUG org.apache.xml.security.encryption.XMLCipher - Actual cipher.outputSize = 2192
14:58:09.849 [Test worker] DEBUG org.apache.xml.security.encryption.XMLCipher - Encrypted octets:
LYmoh/BQkkMKcR/xK/m8lg5ayrR2v8crJehgahdmB5G3HDJXZtacLYw2SNqQaF5BaUdHap0yRL3H
/hD5YquhHw4obQQSZZVlMSKwZret2uaW8JEtfQesePD+IYQiLYjBZ8NAo3kB73mSBgkWaOQBQDPK
eHMp8kMca0Mke2SdeivOFXIG7A/p6BGvQEeg1llAEDArdnvC7j5/oGfhblrCqEAQmowvCApWqZkf
SeZJ8/hOnfG/M5vfW5cZPxHrli+d3U6+08jSvA5IUuXEDJv7ctqCKC6+UVxQclIvE7x1pGTCgqG+
XvpS9Apl9gyDKK0+FQnGOV4iThGnq/0wx+yYFnp/0byy/Pv/KNDlEUfmYyPFklPgB6l5lq4pJQ7Z
o570sDRdFo8Aauq3gRgbn0hH9co9lObk3A4LN+IAAWcElTvrSqC3C+x63mvXmJt7YiirXlWn5A1F
nDf9GbNbQYQN+N7qwvrEfRR4uLyemKG9zrlWnLEL7ndZkO8TbAYM1YmOQIUSwq9mHp5xG7pYr8sE
wv0GbSOgelgsvjV+EfgoJMlk4jMztnP66YaHwwet/0zpYKDIKnNHBsIVm9kIE+c4S4iRt89Ed49z
+fwGsenw80qHYCqfFs19+UlwMlze0KsbK5I3ivLDgQWN4N7val5PpdP4s3bbMQCe7tKgqOIicICq
rYwHXIqf48zxOk/YuqHlTZVuMIEl8nsJrDEqT6ewWa5jloTuanHkMkRmvZD9gzTUkFBKQkjggc70
GoasMS70WfkIM88avVa75pJ5pj/gdEENqDi3N4Vyv7mvQ8yYhd6xNQMz33NNXyHWwsVJ2PE3F63I
DuLjxK8H79peMRjeQnQEhO90w9JiKGoNpC+3nXi2KjQpfxEDlxKnUM+iTyYHudi7el2dxSAH7KRH
8WUerwMBT0sRxeTaDFC+k6ovPCmTSFTb2T9kI2VzdpY4VTo5MMXJ9TVNP9A0EJBW4vktavdfBGI0
to85v7lIUuK9hl8JIQsjRFi0iyGr5JKXx2LF+L0akMFf3mcLCJKvcU05VY+AeTLy+NqaH0rv0Dou
z1oFCOgOl5R5vmZi3nU2IzW243FZxsfehSD2E4GQ1FH4KFU30uTYGzPksGfkeNXX9U5swwcdaLI7
PmzUSbb4EPT18X2p06l1jFacelaE/uAi2e+NZZ6WAgMSyXKXtA4LLWMu2pKRWnc3QShamBOAhSyR
v9IU8XtIAk+538gT7BezR3lFuL24oejoJbky6HSizzD24eFx8WCnufvaN/KmxezHoneKxZMTDc6P
tIA0HZm10HBX+yBEeX6rzu8ylurd22z2k/9p1evY+ELIhrtOGEtpVCPI0Vokb2uCdtfmEnsyNmjh
0K7P5hIwOPWiUFuXF+rLMrIBPlAO5D0xdGND2GQc+mosweO5fWFIDkU0OwhIpMNVLsGJwaGmJ38+
9axfRZmDqdkssZJ13c9Cmbwpyh2QGNUuamoxLrAmuyUgopwK2wmsE8SmU3b3/AhivgLUL7T7+JS+
v3qNdQuenJYGtabeiUvYW+a4mVjUSg9RUNbV4A0RU9jiZAWHjIzYoztSAB9ZBRhQLYGK/L3Eh203
DFM2iOTs+YbF7EdzElaJlNvAZTsGeyD+mJth4MbAP42hwyq1JSzOIsXOUZZF67J7lqjDNvyoC7kv
v1RVdPQyi06IE2SW4DecqAwWBd97rjVIYAlqPvl+4UhXjSfBbHc3SIJVWfZZOr9TdphS44bysp0/
D3BpM0HxQZJX8DedlB70PZnxAtmkBos3SoIDTSt/5NVRdHbv04P6x6EECh68SPz5NYtusalBFUP1
XwTNGcOHiSSiUJ9eJI9aN/xkA3CmDZnok6XPhJAPr2WaUgEorZS9WeGI23w6iQ9XwwxtA6sAPivp
vAEOeBdaVV0kRVMw28uPgcNCA/9YdAWxmIK86LayusCQBCLlCzgJ9XIQrt6J/Rxbu8AjiyzQ8w5M
Oqr1bzHYHskCtPzaymNJzlDjkSKHE+67a07qxp/vsJua+eJjLLx3MxesNAV8Do7AYFH5GWoEIbyg
T/NGqUoXqkXQsFnTAlrGGND3+HU8JoadZMJxK4RW22/DdTTX7RSXbZ7v2lyLLjP20PpguIZHI5LF
kAqe+EkJH0LqyJPnEvMISF5rWdsfu7CQ8yPW1c3EH2KdmnQwltZqg2zT/Lv5tdVik/V851E6mytd
IL8IoX43q6vSrLa9drr0WG/EsZ849IYSdVZCCCxMHmURXZWn2HP0dbcOgQZHSk/4RwS3pjwaRzsg
B8juBVQSqLUEuv+edV8HvvPIdZCotaVNEIXRZuzC76N5g+UdJOWnM6Rwbcq6WxhuMEyVGtssf5JI
EzQcfGJPxz2xbgaeQxB7gdg391csLJBGZHrU6OBxlH1IcgYREqqtWBqxfpWD4C2pxJ9Q9O1vwBq/
WeD/haff2pMqlWfnOZT+gs1umqqHTeJEND/eF4QmOPyEdtU2hCjTDEhzMY4j51y1PjLtKwz19zfI
TveY4LkhVJovLOd4PR2oyyHmeKRJtMOXi9DZkCgN5vNxpl5gvP66sbB4DZmiuTxB8Cm8oD3Kno5+
eTrJZFGEjFuXROFPHIwJb85j+4m+131kymAPgG06VNUVVRorhoFCe+MRFvMkf517c6aqnayBpVpL
4IhX6f1S8J9O7T7OwGpOAx3h65/FwmnZtCK+YYy8Gk0PCR4LquYdd3Hm5YW6re7yiZuWSbit/eS5
09foD3XBDWUAsvSXhUqmlL5JQY9AurUedQzJfeWCwEsl8c/oxMB+J0ixdi7ndU2nP+WH0jUy/xeu
4aHFg8YG0nv0wTgcwvuQTsg1pkHWHQORHuFeFlKT2hvmRwBNweiT6GWC6+FqxZtdrJsraWpXQG+8
BD8vXSnGvWAv9JZQXamO1+BJiOL/dxpXl9eE8nSiuYocedPGnlgDJDfk
14:58:09.849 [Test worker] DEBUG org.apache.xml.security.encryption.XMLCipher - Encrypted octets length = 2982
14:58:09.850 [Test worker] DEBUG org.opensaml.xmlsec.encryption.support.Encrypter - Encrypting encryption key with algorithm: http://www.w3.org/2001/04/xmlenc#rsa-oaep-mgf1p
14:58:09.850 [Test worker] DEBUG org.apache.xml.security.encryption.XMLCipher - Getting XMLCipher with transformation
14:58:09.850 [Test worker] DEBUG org.apache.xml.security.encryption.XMLCipher - Constructing XMLCipher...
14:58:09.850 [Test worker] DEBUG org.apache.xml.security.algorithms.JCEMapper - Request for URI http://www.w3.org/2001/04/xmlenc#rsa-oaep-mgf1p
14:58:09.850 [Test worker] DEBUG org.apache.xml.security.encryption.XMLCipher - JCE Algorithm = RSA/ECB/OAEPPadding
14:58:09.850 [Test worker] DEBUG org.apache.xml.security.encryption.XMLCipher - Initializing XMLCipher...
14:58:09.850 [Test worker] DEBUG org.apache.xml.security.encryption.XMLCipher - opmode = WRAP_MODE
14:58:09.850 [Test worker] DEBUG org.apache.xml.security.encryption.XMLCipher - Encrypting key ...
14:58:09.850 [Test worker] DEBUG org.apache.xml.security.encryption.XMLCipher - Encrypted key octets:
pjXiQMvAAds1j50/jUiHgCs3AVaiXNi14Bw/KaW6ZaJXgRAY5/1v6KX+lLZAfrIFZqb+Juvsebsn
1oDNCV85H7GmkN5BeRIXXCIRyQwluy/agBwUP69IcMEEFiH2ajwwpVRu7RJLXsEHUHajM1K4WYhD
Z0wCLMlAAv3fft68UpBsUlCcgV6csyY8wRC+e3pSFrZECN+UuMPrgdc+jz728EXtYqA3PPmB6R/v
Pxyqvbr2jeneh+yFJpQnlR4LqaIr1QGcFzzqkfI5nEGcEKF9k5npKh+zaByYPEfaKieBoFKe+J/B
oL7tnwsi+T6jkuXF9+cvIcU6vUzJ594xfBrjpQ==
14:58:09.850 [Test worker] DEBUG org.apache.xml.security.encryption.XMLCipher - Encrypted key octets length = 348
14:58:09.850 [Test worker] DEBUG org.opensaml.saml.saml2.encryption.Encrypter - Placing EncryptedKey elements as peers of EncryptedData in EncryptedElementType
14:58:09.850 [Test worker] DEBUG org.opensaml.saml.saml2.encryption.Encrypter - Linking single peer EncryptedKey with RetrievalMethod and DataReference
14:58:09.850 [Test worker] DEBUG org.opensaml.saml.common.SAMLObjectSupport - Examining signed object for content references with exclusive canonicalization transform
14:58:09.851 [Test worker] DEBUG org.opensaml.xmlsec.signature.impl.SignatureMarshaller - Starting to marshall {http://www.w3.org/2000/09/xmldsig#}Signature
14:58:09.851 [Test worker] DEBUG org.opensaml.xmlsec.signature.impl.SignatureMarshaller - Creating XMLSignature object
14:58:09.851 [Test worker] DEBUG org.apache.xml.security.algorithms.SignatureAlgorithm - Create URI "http://www.w3.org/2001/04/xmldsig-more#rsa-md5" class "class org.apache.xml.security.algorithms.implementations.SignatureBaseRSA$SignatureRSAMD5"
14:58:09.851 [Test worker] DEBUG org.apache.xml.security.algorithms.JCEMapper - Request for URI http://www.w3.org/2001/04/xmldsig-more#rsa-md5
14:58:09.851 [Test worker] DEBUG org.apache.xml.security.algorithms.implementations.SignatureBaseRSA - Created SignatureRSA using MD5withRSA
14:58:09.851 [Test worker] DEBUG org.opensaml.xmlsec.signature.impl.SignatureMarshaller - Adding content to XMLSignature.
14:58:09.851 [Test worker] DEBUG org.apache.xml.security.transforms.Transforms - Transforms.addTransform(http://www.w3.org/2000/09/xmldsig#enveloped-signature)
14:58:09.851 [Test worker] DEBUG org.apache.xml.security.transforms.Transform - Create URI "http://www.w3.org/2000/09/xmldsig#enveloped-signature" class "class org.apache.xml.security.transforms.implementations.TransformEnvelopedSignature"
14:58:09.851 [Test worker] DEBUG org.apache.xml.security.transforms.Transform - The NodeList is null
14:58:09.851 [Test worker] DEBUG org.apache.xml.security.transforms.Transforms - Transforms.addTransform(http://www.w3.org/2000/09/xmldsig#enveloped-signature)
14:58:09.851 [Test worker] DEBUG org.apache.xml.security.transforms.Transforms - Transforms.addTransform(http://www.w3.org/2001/10/xml-exc-c14n#)
14:58:09.851 [Test worker] DEBUG org.apache.xml.security.transforms.Transform - Create URI "http://www.w3.org/2001/10/xml-exc-c14n#" class "class org.apache.xml.security.transforms.implementations.TransformC14NExclusive"
14:58:09.851 [Test worker] DEBUG org.apache.xml.security.transforms.Transform - The NodeList is null
14:58:09.851 [Test worker] DEBUG org.apache.xml.security.transforms.Transforms - Transforms.addTransform(http://www.w3.org/2001/10/xml-exc-c14n#)
14:58:09.851 [Test worker] DEBUG org.opensaml.xmlsec.signature.impl.SignatureMarshaller - Creating Signature DOM element
14:58:09.851 [Test worker] DEBUG org.opensaml.xmlsec.signature.support.Signer - Using a signer of implemenation: org.opensaml.xmlsec.signature.support.provider.ApacheSantuarioSignerProviderImpl
14:58:09.851 [Test worker] DEBUG org.opensaml.xmlsec.signature.support.provider.ApacheSantuarioSignerProviderImpl - Computing signature over XMLSignature object
14:58:09.851 [Test worker] DEBUG org.apache.xml.security.algorithms.JCEMapper - Request for URI http://www.w3.org/2001/04/xmlenc#sha256
14:58:09.851 [Test worker] DEBUG org.apache.xml.security.utils.resolver.ResourceResolver - I was asked to create a ResourceResolver and got 0
14:58:09.851 [Test worker] DEBUG org.apache.xml.security.utils.resolver.ResourceResolver - check resolvability by class org.apache.xml.security.utils.resolver.ResourceResolver
14:58:09.851 [Test worker] DEBUG org.apache.xml.security.utils.resolver.implementations.ResolverFragment - State I can resolve reference: "#default-response-id"
14:58:09.851 [Test worker] DEBUG org.apache.xml.security.utils.resolver.implementations.ResolverFragment - Try to catch an Element with ID default-response-id and Element was [saml2p:Response: null]
14:58:09.851 [Test worker] DEBUG org.apache.xml.security.utils.ElementProxy - setElement("ds:Transform", "null")
14:58:09.851 [Test worker] DEBUG org.apache.xml.security.transforms.Transforms - Perform the (0)th http://www.w3.org/2000/09/xmldsig#enveloped-signature transform
14:58:09.851 [Test worker] DEBUG org.apache.xml.security.utils.ElementProxy - setElement("ds:Transform", "null")
14:58:09.851 [Test worker] DEBUG org.apache.xml.security.transforms.Transforms - Perform the (1)th http://www.w3.org/2001/10/xml-exc-c14n# transform
14:58:09.852 [Test worker] DEBUG org.apache.xml.security.utils.DigesterOutputStream - Pre-digested input:
14:58:09.852 [Test worker] DEBUG org.apache.xml.security.utils.DigesterOutputStream - <saml2p:Response xmlns:saml2p="urn:oasis:names:tc:SAML:2.0:protocol" xmlns:xsi="http://www.w3.org/2001/XMLSchema-instance" Destination="http://destination.com" ID="default-response-id" InResponseTo="default-request-id" IssueInstant="2018-04-03T13:58:09.843Z" Version="2.0" xsi:type="saml2p:ResponseType"><saml2:Issuer xmlns:saml2="urn:oasis:names:tc:SAML:2.0:assertion">a-test-entity</saml2:Issuer><saml2p:Status xsi:type="saml2p:StatusType"><saml2p:StatusCode Value="urn:oasis:names:tc:SAML:2.0:status:Success" xsi:type="saml2p:StatusCodeType"></saml2p:StatusCode></saml2p:Status><saml2:EncryptedAssertion xmlns:saml2="urn:oasis:names:tc:SAML:2.0:assertion"><xenc:EncryptedData xmlns:xenc="http://www.w3.org/2001/04/xmlenc#" Id="_9b10406bd2bccb66b12c51aeb984f0f1" Type="http://www.w3.org/2001/04/xmlenc#Element"><xenc:EncryptionMethod Algorithm="http://www.w3.org/2001/04/xmlenc#aes128-cbc"></xenc:EncryptionMethod><ds:KeyInfo xmlns:ds="http://www.w3.org/2000/09/xmldsig#"><ds:RetrievalMethod Type="http://www.w3.org/2001/04/xmlenc#EncryptedKey" URI="#_1241851bd030dd7b3889798686274f7b"></ds:RetrievalMethod></ds:KeyInfo><xenc:CipherData><xenc:CipherValue>LYmoh/BQkkMKcR/xK/m8lg5ayrR2v8crJehgahdmB5G3HDJXZtacLYw2SNqQaF5BaUdHap0yRL3H
/hD5YquhHw4obQQSZZVlMSKwZret2uaW8JEtfQesePD+IYQiLYjBZ8NAo3kB73mSBgkWaOQBQDPK
eHMp8kMca0Mke2SdeivOFXIG7A/p6BGvQEeg1llAEDArdnvC7j5/oGfhblrCqEAQmowvCApWqZkf
SeZJ8/hOnfG/M5vfW5cZPxHrli+d3U6+08jSvA5IUuXEDJv7ctqCKC6+UVxQclIvE7x1pGTCgqG+
XvpS9Apl9gyDKK0+FQnGOV4iThGnq/0wx+yYFnp/0byy/Pv/KNDlEUfmYyPFklPgB6l5lq4pJQ7Z
o570sDRdFo8Aauq3gRgbn0hH9co9lObk3A4LN+IAAWcElTvrSqC3C+x63mvXmJt7YiirXlWn5A1F
nDf9GbNbQYQN+N7qwvrEfRR4uLyemKG9zrlWnLEL7ndZkO8TbAYM1YmOQIUSwq9mHp5xG7pYr8sE
wv0GbSOgelgsvjV+EfgoJMlk4jMztnP66YaHwwet/0zpYKDIKnNHBsIVm9kIE+c4S4iRt89Ed49z
+fwGsenw80qHYCqfFs19+UlwMlze0KsbK5I3ivLDgQWN4N7val5PpdP4s3bbMQCe7tKgqOIicICq
rYwHXIqf48zxOk/YuqHlTZVuMIEl8nsJrDEqT6ewWa5jloTuanHkMkRmvZD9gzTUkFBKQkjggc70
GoasMS70WfkIM88avVa75pJ5pj/gdEENqDi3N4Vyv7mvQ8yYhd6xNQMz33NNXyHWwsVJ2PE3F63I
DuLjxK8H79peMRjeQnQEhO90w9JiKGoNpC+3nXi2KjQpfxEDlxKnUM+iTyYHudi7el2dxSAH7KRH
8WUerwMBT0sRxeTaDFC+k6ovPCmTSFTb2T9kI2VzdpY4VTo5MMXJ9TVNP9A0EJBW4vktavdfBGI0
to85v7lIUuK9hl8JIQsjRFi0iyGr5JKXx2LF+L0akMFf3mcLCJKvcU05VY+AeTLy+NqaH0rv0Dou
z1oFCOgOl5R5vmZi3nU2IzW243FZxsfehSD2E4GQ1FH4KFU30uTYGzPksGfkeNXX9U5swwcdaLI7
PmzUSbb4EPT18X2p06l1jFacelaE/uAi2e+NZZ6WAgMSyXKXtA4LLWMu2pKRWnc3QShamBOAhSyR
v9IU8XtIAk+538gT7BezR3lFuL24oejoJbky6HSizzD24eFx8WCnufvaN/KmxezHoneKxZMTDc6P
tIA0HZm10HBX+yBEeX6rzu8ylurd22z2k/9p1evY+ELIhrtOGEtpVCPI0Vokb2uCdtfmEnsyNmjh
0K7P5hIwOPWiUFuXF+rLMrIBPlAO5D0xdGND2GQc+mosweO5fWFIDkU0OwhIpMNVLsGJwaGmJ38+
9axfRZmDqdkssZJ13c9Cmbwpyh2QGNUuamoxLrAmuyUgopwK2wmsE8SmU3b3/AhivgLUL7T7+JS+
v3qNdQuenJYGtabeiUvYW+a4mVjUSg9RUNbV4A0RU9jiZAWHjIzYoztSAB9ZBRhQLYGK/L3Eh203
DFM2iOTs+YbF7EdzElaJlNvAZTsGeyD+mJth4MbAP42hwyq1JSzOIsXOUZZF67J7lqjDNvyoC7kv
v1RVdPQyi06IE2SW4DecqAwWBd97rjVIYAlqPvl+4UhXjSfBbHc3SIJVWfZZOr9TdphS44bysp0/
D3BpM0HxQZJX8DedlB70PZnxAtmkBos3SoIDTSt/5NVRdHbv04P6x6EECh68SPz5NYtusalBFUP1
XwTNGcOHiSSiUJ9eJI9aN/xkA3CmDZnok6XPhJAPr2WaUgEorZS9WeGI23w6iQ9XwwxtA6sAPivp
vAEOeBdaVV0kRVMw28uPgcNCA/9YdAWxmIK86LayusCQBCLlCzgJ9XIQrt6J/Rxbu8AjiyzQ8w5M
Oqr1bzHYHskCtPzaymNJzlDjkSKHE+67a07qxp/vsJua+eJjLLx3MxesNAV8Do7AYFH5GWoEIbyg
T/NGqUoXqkXQsFnTAlrGGND3+HU8JoadZMJxK4RW22/DdTTX7RSXbZ7v2lyLLjP20PpguIZHI5LF
kAqe+EkJH0LqyJPnEvMISF5rWdsfu7CQ8yPW1c3EH2KdmnQwltZqg2zT/Lv5tdVik/V851E6mytd
IL8IoX43q6vSrLa9drr0WG/EsZ849IYSdVZCCCxMHmURXZWn2HP0dbcOgQZHSk/4RwS3pjwaRzsg
B8juBVQSqLUEuv+edV8HvvPIdZCotaVNEIXRZuzC76N5g+UdJOWnM6Rwbcq6WxhuMEyVGtssf5JI
EzQcfGJPxz2xbgaeQxB7gdg391csLJBGZHrU6OBxlH1IcgYREqqtWBqxfpWD4C2pxJ9Q9O1vwBq/
WeD/haff2pMqlWfnOZT+gs1umqqHTeJEND/eF4QmOPyEdtU2hCjTDEhzMY4j51y1PjLtKwz19zfI
TveY4LkhVJovLOd4PR2oyyHmeKRJtMOXi9DZkCgN5vNxpl5gvP66sbB4DZmiuTxB8Cm8oD3Kno5+
eTrJZFGEjFuXROFPHIwJb85j+4m+131kymAPgG06VNUVVRorhoFCe+MRFvMkf517c6aqnayBpVpL
4IhX6f1S8J9O7T7OwGpOAx3h65/FwmnZtCK+YYy8Gk0PCR4LquYdd3Hm5YW6re7yiZuWSbit/eS5
09foD3XBDWUAsvSXhUqmlL5JQY9AurUedQzJfeWCwEsl8c/oxMB+J0ixdi7ndU2nP+WH0jUy/xeu
4aHFg8YG0nv0wTgcwvuQTsg1pkHWHQORHuFeFlKT2hvmRwBNweiT6GWC6+FqxZtdrJsraWpXQG+8
BD8vXSnGvWAv9JZQXamO1+BJiOL/dxpXl9eE8nSiuYocedPGnlgDJDfk</xenc:CipherValue></xenc:CipherData></xenc:EncryptedData><xenc:EncryptedKey xmlns:xenc="http://www.w3.org/2001/04/xmlenc#" Id="_1241851bd030dd7b3889798686274f7b"><xenc:EncryptionMethod Algorithm="http://www.w3.org/2001/04/xmlenc#rsa-oaep-mgf1p"><ds:DigestMethod xmlns:ds="http://www.w3.org/2000/09/xmldsig#" Algorithm="http://www.w3.org/2000/09/xmldsig#sha1"></ds:DigestMethod></xenc:EncryptionMethod><xenc:CipherData><xenc:CipherValue>pjXiQMvAAds1j50/jUiHgCs3AVaiXNi14Bw/KaW6ZaJXgRAY5/1v6KX+lLZAfrIFZqb+Juvsebsn
1oDNCV85H7GmkN5BeRIXXCIRyQwluy/agBwUP69IcMEEFiH2ajwwpVRu7RJLXsEHUHajM1K4WYhD
Z0wCLMlAAv3fft68UpBsUlCcgV6csyY8wRC+e3pSFrZECN+UuMPrgdc+jz728EXtYqA3PPmB6R/v
Pxyqvbr2jeneh+yFJpQnlR4LqaIr1QGcFzzqkfI5nEGcEKF9k5npKh+zaByYPEfaKieBoFKe+J/B
oL7tnwsi+T6jkuXF9+cvIcU6vUzJ594xfBrjpQ==</xenc:CipherValue></xenc:CipherData><xenc:ReferenceList><xenc:DataReference URI="#_9b10406bd2bccb66b12c51aeb984f0f1"></xenc:DataReference></xenc:ReferenceList></xenc:EncryptedKey></saml2:EncryptedAssertion></saml2p:Response>
14:58:09.852 [Test worker] DEBUG org.apache.xml.security.utils.SignerOutputStream - Canonicalized SignedInfo:
14:58:09.852 [Test worker] DEBUG org.apache.xml.security.utils.SignerOutputStream - <ds:SignedInfo xmlns:ds="http://www.w3.org/2000/09/xmldsig#">
<ds:CanonicalizationMethod Algorithm="http://www.w3.org/2001/10/xml-exc-c14n#"></ds:CanonicalizationMethod>
<ds:SignatureMethod Algorithm="http://www.w3.org/2001/04/xmldsig-more#rsa-md5"></ds:SignatureMethod>
<ds:Reference URI="#default-response-id">
<ds:Transforms>
<ds:Transform Algorithm="http://www.w3.org/2000/09/xmldsig#enveloped-signature"></ds:Transform>
<ds:Transform Algorithm="http://www.w3.org/2001/10/xml-exc-c14n#"></ds:Transform>
</ds:Transforms>
<ds:DigestMethod Algorithm="http://www.w3.org/2001/04/xmlenc#sha256"></ds:DigestMethod>
<ds:DigestValue>Ty8i6iJU1oJ6KH0hOMAFfFjkyzK+GJzL36qosLEGyNs=</ds:DigestValue>
</ds:Reference>
</ds:SignedInfo>
14:58:09.856 [Test worker] DEBUG org.apache.xml.security.utils.ElementProxy - setElement("ds:Transform", "null")
14:58:09.856 [Test worker] DEBUG org.opensaml.saml.security.impl.SAMLSignatureProfileValidator - Saw Enveloped signature transform
14:58:09.856 [Test worker] DEBUG org.apache.xml.security.utils.ElementProxy - setElement("ds:Transform", "null")
14:58:09.856 [Test worker] DEBUG org.opensaml.saml.security.impl.SAMLSignatureProfileValidator - Saw Exclusive C14N signature transform
14:58:09.857 [Test worker] DEBUG org.opensaml.xmlsec.signature.support.impl.BaseSignatureTrustEngine - Performing signature algorithm whitelist/blacklist validation using params from CriteriaSet
14:58:09.857 [Test worker] DEBUG org.opensaml.xmlsec.signature.support.impl.SignatureAlgorithmValidator - Validating SignedInfo/SignatureMethod/@Algorithm against whitelist/blacklist: http://www.w3.org/2001/04/xmldsig-more#rsa-md5
14:58:09.857 [Test worker] DEBUG org.opensaml.xmlsec.signature.support.impl.SignatureAlgorithmValidator - Validating algorithm URI against whitelist and blacklist: algorithm: http://www.w3.org/2001/04/xmldsig-more#rsa-md5, whitelist: [http://www.w3.org/2001/04/xmldsig-more#rsa-sha512, http://www.w3.org/2000/09/xmldsig#sha1, http://www.w3.org/2001/04/xmlenc#sha512, http://www.w3.org/2001/04/xmldsig-more#rsa-sha256, http://www.w3.org/2001/04/xmlenc#sha256, http://www.w3.org/2000/09/xmldsig#rsa-sha1], blacklist: []
14:58:09.857 [Test worker] DEBUG org.opensaml.xmlsec.algorithm.AlgorithmSupport - Saw non-null algorithm blacklist: []
14:58:09.857 [Test worker] DEBUG org.opensaml.xmlsec.algorithm.AlgorithmSupport - Algorithm passed blacklist validation: http://www.w3.org/2001/04/xmldsig-more#rsa-md5
14:58:09.857 [Test worker] DEBUG org.opensaml.xmlsec.algorithm.AlgorithmSupport - Saw non-null algorithm whitelist: [http://www.w3.org/2001/04/xmldsig-more#rsa-sha512, http://www.w3.org/2000/09/xmldsig#sha1, http://www.w3.org/2001/04/xmlenc#sha512, http://www.w3.org/2001/04/xmldsig-more#rsa-sha256, http://www.w3.org/2001/04/xmlenc#sha256, http://www.w3.org/2000/09/xmldsig#rsa-sha1]
14:58:09.857 [Test worker] WARN org.opensaml.xmlsec.algorithm.AlgorithmSupport - Algorithm failed whitelist validation: http://www.w3.org/2001/04/xmldsig-more#rsa-md5
14:58:09.857 [Test worker] WARN org.opensaml.xmlsec.signature.support.impl.BaseSignatureTrustEngine - XML signature failed algorithm whitelist/blacklist validation
14:58:09.858 [Test worker] DEBUG org.opensaml.saml.common.SAMLObjectSupport - Examining signed object for content references with exclusive canonicalization transform
14:58:09.858 [Test worker] DEBUG org.opensaml.saml.common.SAMLObjectSupport - Saw exclusive transform, declaring non-visible namespaces on signed object
14:58:09.858 [Test worker] DEBUG org.opensaml.xmlsec.signature.impl.SignatureMarshaller - Starting to marshall {http://www.w3.org/2000/09/xmldsig#}Signature
14:58:09.858 [Test worker] DEBUG org.opensaml.xmlsec.signature.impl.SignatureMarshaller - Creating XMLSignature object
14:58:09.858 [Test worker] DEBUG org.apache.xml.security.algorithms.SignatureAlgorithm - Create URI "http://www.w3.org/2001/04/xmldsig-more#rsa-sha256" class "class org.apache.xml.security.algorithms.implementations.SignatureBaseRSA$SignatureRSASHA256"
14:58:09.858 [Test worker] DEBUG org.apache.xml.security.algorithms.JCEMapper - Request for URI http://www.w3.org/2001/04/xmldsig-more#rsa-sha256
14:58:09.858 [Test worker] DEBUG org.apache.xml.security.algorithms.implementations.SignatureBaseRSA - Created SignatureRSA using SHA256withRSA
14:58:09.858 [Test worker] DEBUG org.opensaml.xmlsec.signature.impl.SignatureMarshaller - Adding content to XMLSignature.
14:58:09.858 [Test worker] DEBUG org.apache.xml.security.transforms.Transforms - Transforms.addTransform(http://www.w3.org/2000/09/xmldsig#enveloped-signature)
14:58:09.858 [Test worker] DEBUG org.apache.xml.security.transforms.Transform - Create URI "http://www.w3.org/2000/09/xmldsig#enveloped-signature" class "class org.apache.xml.security.transforms.implementations.TransformEnvelopedSignature"
14:58:09.858 [Test worker] DEBUG org.apache.xml.security.transforms.Transform - The NodeList is null
14:58:09.858 [Test worker] DEBUG org.apache.xml.security.transforms.Transforms - Transforms.addTransform(http://www.w3.org/2000/09/xmldsig#enveloped-signature)
14:58:09.858 [Test worker] DEBUG org.apache.xml.security.transforms.Transforms - Transforms.addTransform(http://www.w3.org/2001/10/xml-exc-c14n#)
14:58:09.858 [Test worker] DEBUG org.apache.xml.security.transforms.Transform - Create URI "http://www.w3.org/2001/10/xml-exc-c14n#" class "class org.apache.xml.security.transforms.implementations.TransformC14NExclusive"
14:58:09.858 [Test worker] DEBUG org.apache.xml.security.transforms.Transform - The NodeList is null
14:58:09.858 [Test worker] DEBUG org.apache.xml.security.transforms.Transforms - Transforms.addTransform(http://www.w3.org/2001/10/xml-exc-c14n#)
14:58:09.858 [Test worker] DEBUG org.apache.xml.security.utils.ElementProxy - setElement("ds:Transform", "null")
14:58:09.858 [Test worker] DEBUG org.opensaml.saml.common.SAMLObjectContentReference - Adding list of inclusive namespaces for signature exclusive canonicalization transform
14:58:09.858 [Test worker] DEBUG org.opensaml.xmlsec.signature.impl.SignatureMarshaller - Creating Signature DOM element
14:58:09.859 [Test worker] DEBUG org.opensaml.xmlsec.signature.support.Signer - Using a signer of implemenation: org.opensaml.xmlsec.signature.support.provider.ApacheSantuarioSignerProviderImpl
14:58:09.859 [Test worker] DEBUG org.opensaml.xmlsec.signature.support.provider.ApacheSantuarioSignerProviderImpl - Computing signature over XMLSignature object
14:58:09.859 [Test worker] DEBUG org.apache.xml.security.algorithms.JCEMapper - Request for URI http://www.w3.org/2001/04/xmlenc#sha256
14:58:09.859 [Test worker] DEBUG org.apache.xml.security.utils.resolver.ResourceResolver - I was asked to create a ResourceResolver and got 0
14:58:09.859 [Test worker] DEBUG org.apache.xml.security.utils.resolver.ResourceResolver - check resolvability by class org.apache.xml.security.utils.resolver.ResourceResolver
14:58:09.859 [Test worker] DEBUG org.apache.xml.security.utils.resolver.implementations.ResolverFragment - State I can resolve reference: "#some-assertion-id"
14:58:09.859 [Test worker] DEBUG org.apache.xml.security.utils.resolver.implementations.ResolverFragment - Try to catch an Element with ID some-assertion-id and Element was [saml2:Assertion: null]
14:58:09.859 [Test worker] DEBUG org.apache.xml.security.utils.ElementProxy - setElement("ds:Transform", "null")
14:58:09.859 [Test worker] DEBUG org.apache.xml.security.transforms.Transforms - Perform the (0)th http://www.w3.org/2000/09/xmldsig#enveloped-signature transform
14:58:09.859 [Test worker] DEBUG org.apache.xml.security.utils.ElementProxy - setElement("ds:Transform", "null")
14:58:09.859 [Test worker] DEBUG org.apache.xml.security.transforms.Transforms - Perform the (1)th http://www.w3.org/2001/10/xml-exc-c14n# transform
14:58:09.859 [Test worker] DEBUG org.apache.xml.security.utils.DigesterOutputStream - Pre-digested input:
14:58:09.859 [Test worker] DEBUG org.apache.xml.security.utils.DigesterOutputStream - <saml2:Assertion xmlns:saml2="urn:oasis:names:tc:SAML:2.0:assertion" xmlns:xsi="http://www.w3.org/2001/XMLSchema-instance" ID="some-assertion-id" IssueInstant="2018-04-03T13:58:09.858Z" Version="2.0" xsi:type="saml2:AssertionType"><saml2:Issuer>a-test-entity</saml2:Issuer><saml2:Subject xsi:type="saml2:SubjectType"><saml2:NameID Format="urn:oasis:names:tc:SAML:2.0:nameid-format:persistent"></saml2:NameID><saml2:SubjectConfirmation Method="urn:oasis:names:tc:SAML:2.0:cm:bearer" xsi:type="saml2:SubjectConfirmationType"><saml2:SubjectConfirmationData InResponseTo="default-request-id" NotOnOrAfter="2018-04-03T14:13:09.857Z" Recipient="https://signin.service.gov.uk" xsi:type="saml2:SubjectConfirmationDataType"></saml2:SubjectConfirmationData></saml2:SubjectConfirmation></saml2:Subject><saml2:Conditions xsi:type="saml2:ConditionsType"><saml2:AudienceRestriction xsi:type="saml2:AudienceRestrictionType"><saml2:Audience>https://signin.service.gov.uk</saml2:Audience></saml2:AudienceRestriction></saml2:Conditions></saml2:Assertion>
14:58:09.859 [Test worker] DEBUG org.apache.xml.security.utils.SignerOutputStream - Canonicalized SignedInfo:
14:58:09.859 [Test worker] DEBUG org.apache.xml.security.utils.SignerOutputStream - <ds:SignedInfo xmlns:ds="http://www.w3.org/2000/09/xmldsig#">
<ds:CanonicalizationMethod Algorithm="http://www.w3.org/2001/10/xml-exc-c14n#"></ds:CanonicalizationMethod>
<ds:SignatureMethod Algorithm="http://www.w3.org/2001/04/xmldsig-more#rsa-sha256"></ds:SignatureMethod>
<ds:Reference URI="#some-assertion-id">
<ds:Transforms>
<ds:Transform Algorithm="http://www.w3.org/2000/09/xmldsig#enveloped-signature"></ds:Transform>
<ds:Transform Algorithm="http://www.w3.org/2001/10/xml-exc-c14n#"></ds:Transform>
</ds:Transforms>
<ds:DigestMethod Algorithm="http://www.w3.org/2001/04/xmlenc#sha256"></ds:DigestMethod>
<ds:DigestValue>1G+QLhjUIxnZVkwmR0/p2nlhMIPiD7DeNiUpM64DKqg=</ds:DigestValue>
</ds:Reference>
</ds:SignedInfo>
14:58:09.863 [Test worker] DEBUG org.opensaml.core.xml.util.XMLObjectSupport - Marshalling XMLObject
14:58:09.863 [Test worker] DEBUG org.opensaml.core.xml.util.XMLObjectSupport - XMLObject already had cached DOM, returning that element
14:58:09.864 [Test worker] DEBUG org.opensaml.saml.saml2.encryption.Encrypter - Assertion before encryption:
<?xml version="1.0" encoding="UTF-8"?>
<saml2:Assertion ID="some-assertion-id"
    IssueInstant="2018-04-03T13:58:09.858Z" Version="2.0"
    xmlns:saml2="urn:oasis:names:tc:SAML:2.0:assertion"
    xmlns:xsi="http://www.w3.org/2001/XMLSchema-instance" xsi:type="saml2:AssertionType">
    <saml2:Issuer>a-test-entity</saml2:Issuer>
    <ds:Signature
                xmlns:ds="http://www.w3.org/2000/09/xmldsig#">
<ds:SignedInfo>
<ds:CanonicalizationMethod
                Algorithm="http://www.w3.org/2001/10/xml-exc-c14n#"/>
<ds:SignatureMethod
                Algorithm="http://www.w3.org/2001/04/xmldsig-more#rsa-sha256"/>
<ds:Reference
                        URI="#some-assertion-id">
<ds:Transforms>
<ds:Transform
                        Algorithm="http://www.w3.org/2000/09/xmldsig#enveloped-signature"/>
<ds:Transform
                    Algorithm="http://www.w3.org/2001/10/xml-exc-c14n#"/>
</ds:Transforms>
<ds:DigestMethod Algorithm="http://www.w3.org/2001/04/xmlenc#sha256"/>
<ds:DigestValue>1G+QLhjUIxnZVkwmR0/p2nlhMIPiD7DeNiUpM64DKqg=</ds:DigestValue>
</ds:Reference>
</ds:SignedInfo>
<ds:SignatureValue>
WgAOoLF9IEoIZPA9CT7oqqp49UfqZJpTE1o26tMhsYD9Q11DDR1AeT4l4cGHnVSidr0aXCiU3fls
gJNbWZ3MX788XxGRBJSr557t3etZIbYL34pfmrGCFdkXMWu3C+UvHL69VyXOSjF5KZQLkMUaDMSb
LkQ4lHSV2CfqK4IEjPUCSpw+JQdKZoyzp5903gJis5qOVJ1GFOhahhavt4dEYRrDHNdJuQmJxTTB
1YZsAXd2g/Ga0P1p9EP78l96mLqqdm3wxDU+brY/xSHmX/wE0cLsjVViqVCeJrHC2CcQHWZwDOX7
R+OYXwO00e90yPoonD5k6OyNSFI9ltZe/ZCrKw==
</ds:SignatureValue>
</ds:Signature>
    <saml2:Subject xsi:type="saml2:SubjectType">
        <saml2:NameID Format="urn:oasis:names:tc:SAML:2.0:nameid-format:persistent"/>
        <saml2:SubjectConfirmation
            Method="urn:oasis:names:tc:SAML:2.0:cm:bearer" xsi:type="saml2:SubjectConfirmationType">
            <saml2:SubjectConfirmationData
                InResponseTo="default-request-id"
                NotOnOrAfter="2018-04-03T14:13:09.857Z"
                Recipient="https://signin.service.gov.uk" xsi:type="saml2:SubjectConfirmationDataType"/>
        </saml2:SubjectConfirmation>
    </saml2:Subject>
    <saml2:Conditions xsi:type="saml2:ConditionsType">
        <saml2:AudienceRestriction xsi:type="saml2:AudienceRestrictionType">
            <saml2:Audience>https://signin.service.gov.uk</saml2:Audience>
        </saml2:AudienceRestriction>
    </saml2:Conditions>
</saml2:Assertion>

14:58:09.864 [Test worker] DEBUG org.opensaml.xmlsec.encryption.support.Encrypter - Generating random symmetric data encryption key from algorithm URI: http://www.w3.org/2001/04/xmlenc#aes128-cbc
14:58:09.864 [Test worker] DEBUG org.opensaml.xmlsec.encryption.support.Encrypter - Encrypting XMLObject using algorithm URI http://www.w3.org/2001/04/xmlenc#aes128-cbc with content mode false
14:58:09.864 [Test worker] DEBUG org.apache.xml.security.encryption.XMLCipher - Getting XMLCipher with transformation
14:58:09.864 [Test worker] DEBUG org.apache.xml.security.encryption.XMLCipher - Constructing XMLCipher...
14:58:09.864 [Test worker] DEBUG org.apache.xml.security.algorithms.JCEMapper - Request for URI http://www.w3.org/2001/04/xmlenc#aes128-cbc
14:58:09.864 [Test worker] DEBUG org.apache.xml.security.encryption.XMLCipher - JCE Algorithm = AES/CBC/ISO10126Padding
14:58:09.864 [Test worker] DEBUG org.apache.xml.security.encryption.XMLCipher - Initializing XMLCipher...
14:58:09.864 [Test worker] DEBUG org.apache.xml.security.encryption.XMLCipher - opmode = ENCRYPT_MODE
14:58:09.864 [Test worker] DEBUG org.apache.xml.security.encryption.XMLCipher - Encrypting element...
14:58:09.864 [Test worker] DEBUG org.apache.xml.security.encryption.XMLCipher - Serialized octets:
<saml2:Assertion xmlns:saml2="urn:oasis:names:tc:SAML:2.0:assertion" xmlns:xsi="http://www.w3.org/2001/XMLSchema-instance" ID="some-assertion-id" IssueInstant="2018-04-03T13:58:09.858Z" Version="2.0" xsi:type="saml2:AssertionType"><saml2:Issuer>a-test-entity</saml2:Issuer><ds:Signature xmlns:ds="http://www.w3.org/2000/09/xmldsig#">
<ds:SignedInfo>
<ds:CanonicalizationMethod Algorithm="http://www.w3.org/2001/10/xml-exc-c14n#"></ds:CanonicalizationMethod>
<ds:SignatureMethod Algorithm="http://www.w3.org/2001/04/xmldsig-more#rsa-sha256"></ds:SignatureMethod>
<ds:Reference URI="#some-assertion-id">
<ds:Transforms>
<ds:Transform Algorithm="http://www.w3.org/2000/09/xmldsig#enveloped-signature"></ds:Transform>
<ds:Transform Algorithm="http://www.w3.org/2001/10/xml-exc-c14n#"></ds:Transform>
</ds:Transforms>
<ds:DigestMethod Algorithm="http://www.w3.org/2001/04/xmlenc#sha256"></ds:DigestMethod>
<ds:DigestValue>1G+QLhjUIxnZVkwmR0/p2nlhMIPiD7DeNiUpM64DKqg=</ds:DigestValue>
</ds:Reference>
</ds:SignedInfo>
<ds:SignatureValue>
WgAOoLF9IEoIZPA9CT7oqqp49UfqZJpTE1o26tMhsYD9Q11DDR1AeT4l4cGHnVSidr0aXCiU3fls
gJNbWZ3MX788XxGRBJSr557t3etZIbYL34pfmrGCFdkXMWu3C+UvHL69VyXOSjF5KZQLkMUaDMSb
LkQ4lHSV2CfqK4IEjPUCSpw+JQdKZoyzp5903gJis5qOVJ1GFOhahhavt4dEYRrDHNdJuQmJxTTB
1YZsAXd2g/Ga0P1p9EP78l96mLqqdm3wxDU+brY/xSHmX/wE0cLsjVViqVCeJrHC2CcQHWZwDOX7
R+OYXwO00e90yPoonD5k6OyNSFI9ltZe/ZCrKw==
</ds:SignatureValue>
</ds:Signature><saml2:Subject xsi:type="saml2:SubjectType"><saml2:NameID Format="urn:oasis:names:tc:SAML:2.0:nameid-format:persistent"></saml2:NameID><saml2:SubjectConfirmation Method="urn:oasis:names:tc:SAML:2.0:cm:bearer" xsi:type="saml2:SubjectConfirmationType"><saml2:SubjectConfirmationData InResponseTo="default-request-id" NotOnOrAfter="2018-04-03T14:13:09.857Z" Recipient="https://signin.service.gov.uk" xsi:type="saml2:SubjectConfirmationDataType"></saml2:SubjectConfirmationData></saml2:SubjectConfirmation></saml2:Subject><saml2:Conditions xsi:type="saml2:ConditionsType"><saml2:AudienceRestriction xsi:type="saml2:AudienceRestrictionType"><saml2:Audience>https://signin.service.gov.uk</saml2:Audience></saml2:AudienceRestriction></saml2:Conditions></saml2:Assertion>
14:58:09.864 [Test worker] DEBUG org.apache.xml.security.encryption.XMLCipherUtil - Saw non-AES-GCM mode block cipher, returning IvParameterSpec: http://www.w3.org/2001/04/xmlenc#aes128-cbc
14:58:09.864 [Test worker] DEBUG org.apache.xml.security.encryption.XMLCipher - Expected cipher.outputSize = 2192
14:58:09.864 [Test worker] DEBUG org.apache.xml.security.encryption.XMLCipher - Actual cipher.outputSize = 2192
14:58:09.865 [Test worker] DEBUG org.apache.xml.security.encryption.XMLCipher - Encrypted octets:
jes4fP47CTB+zxIp+stf2Bo2QAA0dzrkP5nNN1cl+YKA9Ta6JwyOH5a/1dFtTyu05/gyIuv8UPc1
PTEroB8m4YKbzzU+MBPAb4o4umIAR2LbVaXudA52K0A7c8tO3KQXWzZpe8aESIJcSM6fYnMtBvZ8
4gPtJ0nktVT7+rIP7n2EMb+TwDPLNZJTt2vv4hhCcl5iAbTuVWGZ3clTiFHdqUiFkKBC/Mvx6Om5
dYqPzNbrBqof2UvySXMaFL/jhTCFz8ujRIWOlQICEVLN8mZlvemTFr0HCVh1erX/ha7Dtb+Z/0pW
VUJlbBJv0yrLMONMOLsYH8skEpo1w8cCYZQQb+jrECOmAgIuh3d14mSJZJhNbWIg+JDeUj+e0GWZ
9rKTN0wny7o3i61C3MwBKTru8pKyrWNYUWVVrBEWvkxDZrlRdEeUDfHjlQpDG6rR0FrqKK/9ARDr
oVUHIdcowrDXw/sfhgbWT8nO2sah0cs676era8wDImbFoHWgRxTk6XrSCzyTcoBFYfa2bf85r1CY
RGW6FCeTS3KMSNHZ3/EV9491oISHU2ijr0DHC2FXHy+UsZYcE8x62fUxhbRkBfk3ZAQHujpTCzc8
SwSY2SQhVpcOIUohEQPszRQHUT77uTbjQRwiRdNiZaW7xJ6EAygZw4ib9QF3p3+sDCEEQiYdRrax
Ask2Tm04f9FemHuGclk8ULe0oxhVRV4P9T0xtQBg3xlWVnbueygjVgYlo5Ca5jJLBI5I2z6w8VOw
3q40gi/6r3tg415IlyHKQURUuB6s7adeKADsJaQtuMImxfjU0XOGuT9b45EeB55DJPYEGePcqNiR
N6D4I8bbROaRr51pBKWgtjXF+PLeVwpD3z8mhbcabDJ/D1HtSCcQnfu57eIzOlkkwbAYf/3KY4V2
nItQfUCi3TPSvgzTVfszv7y0gjybtdwlJOOddYrP8+jQk5NksHuJcVMLXg26A2Zj0dg505khQJf3
OJYXFO7k4v5OxaBVytPc1a8ZkEoStOvJ9kIINwSDSXaD9YpTd8j1Yd87RckN0qT4g3nMykUBUotO
eV4AMLTX3uwZGF7HOQlspq0Yw/nx+zDqM+cw49WyAw4GTxDk5GMbquaAGwXo5S8I5U65mcNDASxQ
4kYvhYVB3zgXZO6Zbz/fJZXMMpCNCq7sj2MHHSAO7vNn+bJTH63CPbwXjdA482AcLeE5QwSPc3FW
wEI7OwBD7jRQCj0wdVRPdMe9KdzpKhgO5ERYZ4e0TuRp3rKFEUFjPrEwCUY+qQzIlI9epVVniOxI
kHvlRG38C8kXa2BmHQ0U80Aq1zQdeMmd5SFcwWgC2l1EtA2TLdOYMHj8ZACLD6YUbMioXPem0U5V
f81OinS3SqLiclN0+Om3sUqJAEG1B6fQTFDbrMVtJ66T/zQAkG+8lAnQnLUFgTsAjdMnU4sBY7MC
evzboybC0xWwdJdWVcEfCM/Nx31vlo6F3lmcJAFQqfFNfJxziLPQu6jbt5k058Z5Z3GHjub65ffb
r4kwpOnXX4GeAB4i+00sNY9WwMO7EQSb4oFG22J4s88xMxvSGqV9pGk/5yD1LBwqhgiK6XCOYHW7
cOfyjFsScCePd4AXst6mg+tX6jrZwO1E8BWmLpOYiBoz6ZhPBF6JfjjnANscoXSHs5mFNwmyLYlx
nY+FpoUVAUG4bndVvPOxdux76QJuQdfcWFw6fEMNO5QvQL6UesdwaZK82oljwc0DeFzDhZRZk8OD
GPVqAU4HYGULcUR03kY7kAuXeffx+PtxJ3awqqGupLE0oWytpI3YmjaSEPj8Pr+ZABxwA7MPXeiW
u4t+rGH+4smdh9fK9oTed0xV62Xw/u922aXTilKRCkNyoOHJKGlG3+NjV1cJXQC6UQKUErndtNlM
njj1V8jMW5Y6rj3jLZ+YgJA8pISMEA3U841Ady+QLpNsKQoDxDOcWWEMLUQ7LbA8ZZH1tWK2WISg
i5ioYNsfZ09nf/ZDeZSKFcKeeoX5Kv7/vElC93ODXf4yIl7lPjQZboJH2EClP2dIuks/cSjnFAhF
ECmw/W1I6mDd1rRnNKl+TUkwixokNsx/SOtyfwc1I2zhueWFOQZC1aknAHxzmRsPmgdD6yRL4zT0
2GdCd0AxJKw4hbA2Y5YWrBU1XrOPqWJn8EYkxcpo/p9+kJfou9nGnl2T5nROv2GXza26GFIrVTor
nzWdsTCd1rYcTgUkJpp2kwVSCevf7kNoiSb24I9hcQWhSdXPE2gocl+/n3Ycpvid1dbC8goVdS5u
HIzdnYS+DgmxTYM/N5up0bWBzIvz37BZ4PWa4OCg8z2ikOVaqRRzTILfwLGM4ENSjN5h8Xu6jQhg
WJHDkQxZtRVBn6LObXzKGVwusFtevpWlbp0csX+PNEveKVg6isbdX0RbXEsaRGsa+0sDr5JIssUS
9I+p/CevWOOJ3+33/r9qyRJMKbZTWzVyDecT+hN+Gk8+FB0NZL0SMlGtzc7q9o7ebGA7zsNi2+TD
qxQLGy9D00LwgVNdp5VrDkukTGBcX6MgDHiZ4jJWCMNmfg6vlVYAjkEf+0GargYBIupNPQngggne
W++RLgZdL7qBAkTv5uIbat4kF9ooe3Yck1e+AQBd5UfGbi3Ny6E9sPa6DpQk1wU3nDUJGkbNpbjI
og0EtmBWgDZJjpPbS9Clii0WWKKXVHJBmTzQwwwkCoIXAFrK46Zg3OCMdD4qUuCrgMVQXJSn9xX2
hlGNAoZkd11Gpj/2CAPweR0W+/ntlEE70HFXq+tgrWcV5yBzSe+GFaw1/1688nK8Z86gc5T4L5iB
oZpNBIig+74TtSfBF83c1lQ4dyuATEu4/bAI5c7B2acldWvVeKh+nhj5dW7Y8ULFs58/tNvmXuXB
RgqUt3nNFxrgq4Wl01upvB4ETPDqQJCWx1JBkujDdN5GwfcWcJ7dVbd4
14:58:09.865 [Test worker] DEBUG org.apache.xml.security.encryption.XMLCipher - Encrypted octets length = 2982
14:58:09.865 [Test worker] DEBUG org.opensaml.xmlsec.encryption.support.Encrypter - Encrypting encryption key with algorithm: http://www.w3.org/2001/04/xmlenc#rsa-oaep-mgf1p
14:58:09.865 [Test worker] DEBUG org.apache.xml.security.encryption.XMLCipher - Getting XMLCipher with transformation
14:58:09.865 [Test worker] DEBUG org.apache.xml.security.encryption.XMLCipher - Constructing XMLCipher...
14:58:09.865 [Test worker] DEBUG org.apache.xml.security.algorithms.JCEMapper - Request for URI http://www.w3.org/2001/04/xmlenc#rsa-oaep-mgf1p
14:58:09.865 [Test worker] DEBUG org.apache.xml.security.encryption.XMLCipher - JCE Algorithm = RSA/ECB/OAEPPadding
14:58:09.865 [Test worker] DEBUG org.apache.xml.security.encryption.XMLCipher - Initializing XMLCipher...
14:58:09.865 [Test worker] DEBUG org.apache.xml.security.encryption.XMLCipher - opmode = WRAP_MODE
14:58:09.865 [Test worker] DEBUG org.apache.xml.security.encryption.XMLCipher - Encrypting key ...
14:58:09.865 [Test worker] DEBUG org.apache.xml.security.encryption.XMLCipher - Encrypted key octets:
gfXi51mGumFxytr14hswLTq1p9lX5aK8MpdnI054uhfnTbbEkaQd4VZ4hIxzbykGk8qU81OmUpRb
8gajEr4vby5eVL8G8NNyHuVbjp2oAmMlOil10bdH/1CpVR08jcLpyUNVq8d9rYtTTTM9E0ft67US
jlsQGGkukShyp/v+H3cGpXfJ8DpQl1VnxFWaPAzYcMbPTkSSj6So5pNlfah/okem3CQ8JLS46eHj
Z5pVaK6AVAwe/FdOYuUK+c9qc7hTPyMJgFlBXlQovpMK7FqaHK5vCCJZEd+ni4wnPgzPuUoxKNQY
o6i0wICkMzV36ZyVcv/RPx107Shy3WEhFVitvA==
14:58:09.865 [Test worker] DEBUG org.apache.xml.security.encryption.XMLCipher - Encrypted key octets length = 348
14:58:09.865 [Test worker] DEBUG org.opensaml.saml.saml2.encryption.Encrypter - Placing EncryptedKey elements as peers of EncryptedData in EncryptedElementType
14:58:09.865 [Test worker] DEBUG org.opensaml.saml.saml2.encryption.Encrypter - Linking single peer EncryptedKey with RetrievalMethod and DataReference
14:58:09.866 [Test worker] DEBUG org.opensaml.saml.common.SAMLObjectSupport - Examining signed object for content references with exclusive canonicalization transform
14:58:09.866 [Test worker] DEBUG org.opensaml.xmlsec.signature.impl.SignatureMarshaller - Starting to marshall {http://www.w3.org/2000/09/xmldsig#}Signature
14:58:09.866 [Test worker] DEBUG org.opensaml.xmlsec.signature.impl.SignatureMarshaller - Creating XMLSignature object
14:58:09.866 [Test worker] DEBUG org.apache.xml.security.algorithms.SignatureAlgorithm - Create URI "http://www.w3.org/2001/04/xmldsig-more#rsa-sha256" class "class org.apache.xml.security.algorithms.implementations.SignatureBaseRSA$SignatureRSASHA256"
14:58:09.866 [Test worker] DEBUG org.apache.xml.security.algorithms.JCEMapper - Request for URI http://www.w3.org/2001/04/xmldsig-more#rsa-sha256
14:58:09.866 [Test worker] DEBUG org.apache.xml.security.algorithms.implementations.SignatureBaseRSA - Created SignatureRSA using SHA256withRSA
14:58:09.866 [Test worker] DEBUG org.opensaml.xmlsec.signature.impl.SignatureMarshaller - Adding content to XMLSignature.
14:58:09.866 [Test worker] DEBUG org.apache.xml.security.transforms.Transforms - Transforms.addTransform(http://www.w3.org/2000/09/xmldsig#enveloped-signature)
14:58:09.866 [Test worker] DEBUG org.apache.xml.security.transforms.Transform - Create URI "http://www.w3.org/2000/09/xmldsig#enveloped-signature" class "class org.apache.xml.security.transforms.implementations.TransformEnvelopedSignature"
14:58:09.866 [Test worker] DEBUG org.apache.xml.security.transforms.Transform - The NodeList is null
14:58:09.866 [Test worker] DEBUG org.apache.xml.security.transforms.Transforms - Transforms.addTransform(http://www.w3.org/2000/09/xmldsig#enveloped-signature)
14:58:09.866 [Test worker] DEBUG org.apache.xml.security.transforms.Transforms - Transforms.addTransform(http://www.w3.org/2001/10/xml-exc-c14n#)
14:58:09.866 [Test worker] DEBUG org.apache.xml.security.transforms.Transform - Create URI "http://www.w3.org/2001/10/xml-exc-c14n#" class "class org.apache.xml.security.transforms.implementations.TransformC14NExclusive"
14:58:09.866 [Test worker] DEBUG org.apache.xml.security.transforms.Transform - The NodeList is null
14:58:09.866 [Test worker] DEBUG org.apache.xml.security.transforms.Transforms - Transforms.addTransform(http://www.w3.org/2001/10/xml-exc-c14n#)
14:58:09.866 [Test worker] DEBUG org.opensaml.xmlsec.signature.impl.SignatureMarshaller - Creating Signature DOM element
14:58:09.867 [Test worker] DEBUG org.opensaml.xmlsec.signature.support.Signer - Using a signer of implemenation: org.opensaml.xmlsec.signature.support.provider.ApacheSantuarioSignerProviderImpl
14:58:09.867 [Test worker] DEBUG org.opensaml.xmlsec.signature.support.provider.ApacheSantuarioSignerProviderImpl - Computing signature over XMLSignature object
14:58:09.867 [Test worker] DEBUG org.apache.xml.security.algorithms.JCEMapper - Request for URI http://www.w3.org/2001/04/xmlenc#sha256
14:58:09.867 [Test worker] DEBUG org.apache.xml.security.utils.resolver.ResourceResolver - I was asked to create a ResourceResolver and got 0
14:58:09.867 [Test worker] DEBUG org.apache.xml.security.utils.resolver.ResourceResolver - check resolvability by class org.apache.xml.security.utils.resolver.ResourceResolver
14:58:09.867 [Test worker] DEBUG org.apache.xml.security.utils.resolver.implementations.ResolverFragment - State I can resolve reference: "#default-response-id"
14:58:09.867 [Test worker] DEBUG org.apache.xml.security.utils.resolver.implementations.ResolverFragment - Try to catch an Element with ID default-response-id and Element was [saml2p:Response: null]
14:58:09.867 [Test worker] DEBUG org.apache.xml.security.utils.ElementProxy - setElement("ds:Transform", "null")
14:58:09.867 [Test worker] DEBUG org.apache.xml.security.transforms.Transforms - Perform the (0)th http://www.w3.org/2000/09/xmldsig#enveloped-signature transform
14:58:09.867 [Test worker] DEBUG org.apache.xml.security.utils.ElementProxy - setElement("ds:Transform", "null")
14:58:09.867 [Test worker] DEBUG org.apache.xml.security.transforms.Transforms - Perform the (1)th http://www.w3.org/2001/10/xml-exc-c14n# transform
14:58:09.867 [Test worker] DEBUG org.apache.xml.security.utils.DigesterOutputStream - Pre-digested input:
14:58:09.867 [Test worker] DEBUG org.apache.xml.security.utils.DigesterOutputStream - <saml2p:Response xmlns:saml2p="urn:oasis:names:tc:SAML:2.0:protocol" xmlns:xsi="http://www.w3.org/2001/XMLSchema-instance" Destination="http://destination.com" ID="default-response-id" InResponseTo="default-request-id" IssueInstant="2018-04-03T13:58:09.857Z" Version="2.0" xsi:type="saml2p:ResponseType"><saml2:Issuer xmlns:saml2="urn:oasis:names:tc:SAML:2.0:assertion">a-test-entity</saml2:Issuer><saml2p:Status xsi:type="saml2p:StatusType"><saml2p:StatusCode Value="urn:oasis:names:tc:SAML:2.0:status:Success" xsi:type="saml2p:StatusCodeType"></saml2p:StatusCode></saml2p:Status><saml2:EncryptedAssertion xmlns:saml2="urn:oasis:names:tc:SAML:2.0:assertion"><xenc:EncryptedData xmlns:xenc="http://www.w3.org/2001/04/xmlenc#" Id="_61d9623be79028f2a703b9229aa0feaa" Type="http://www.w3.org/2001/04/xmlenc#Element"><xenc:EncryptionMethod Algorithm="http://www.w3.org/2001/04/xmlenc#aes128-cbc"></xenc:EncryptionMethod><ds:KeyInfo xmlns:ds="http://www.w3.org/2000/09/xmldsig#"><ds:RetrievalMethod Type="http://www.w3.org/2001/04/xmlenc#EncryptedKey" URI="#_5cee48f18af595639a272ab695c5abf0"></ds:RetrievalMethod></ds:KeyInfo><xenc:CipherData><xenc:CipherValue>jes4fP47CTB+zxIp+stf2Bo2QAA0dzrkP5nNN1cl+YKA9Ta6JwyOH5a/1dFtTyu05/gyIuv8UPc1
PTEroB8m4YKbzzU+MBPAb4o4umIAR2LbVaXudA52K0A7c8tO3KQXWzZpe8aESIJcSM6fYnMtBvZ8
4gPtJ0nktVT7+rIP7n2EMb+TwDPLNZJTt2vv4hhCcl5iAbTuVWGZ3clTiFHdqUiFkKBC/Mvx6Om5
dYqPzNbrBqof2UvySXMaFL/jhTCFz8ujRIWOlQICEVLN8mZlvemTFr0HCVh1erX/ha7Dtb+Z/0pW
VUJlbBJv0yrLMONMOLsYH8skEpo1w8cCYZQQb+jrECOmAgIuh3d14mSJZJhNbWIg+JDeUj+e0GWZ
9rKTN0wny7o3i61C3MwBKTru8pKyrWNYUWVVrBEWvkxDZrlRdEeUDfHjlQpDG6rR0FrqKK/9ARDr
oVUHIdcowrDXw/sfhgbWT8nO2sah0cs676era8wDImbFoHWgRxTk6XrSCzyTcoBFYfa2bf85r1CY
RGW6FCeTS3KMSNHZ3/EV9491oISHU2ijr0DHC2FXHy+UsZYcE8x62fUxhbRkBfk3ZAQHujpTCzc8
SwSY2SQhVpcOIUohEQPszRQHUT77uTbjQRwiRdNiZaW7xJ6EAygZw4ib9QF3p3+sDCEEQiYdRrax
Ask2Tm04f9FemHuGclk8ULe0oxhVRV4P9T0xtQBg3xlWVnbueygjVgYlo5Ca5jJLBI5I2z6w8VOw
3q40gi/6r3tg415IlyHKQURUuB6s7adeKADsJaQtuMImxfjU0XOGuT9b45EeB55DJPYEGePcqNiR
N6D4I8bbROaRr51pBKWgtjXF+PLeVwpD3z8mhbcabDJ/D1HtSCcQnfu57eIzOlkkwbAYf/3KY4V2
nItQfUCi3TPSvgzTVfszv7y0gjybtdwlJOOddYrP8+jQk5NksHuJcVMLXg26A2Zj0dg505khQJf3
OJYXFO7k4v5OxaBVytPc1a8ZkEoStOvJ9kIINwSDSXaD9YpTd8j1Yd87RckN0qT4g3nMykUBUotO
eV4AMLTX3uwZGF7HOQlspq0Yw/nx+zDqM+cw49WyAw4GTxDk5GMbquaAGwXo5S8I5U65mcNDASxQ
4kYvhYVB3zgXZO6Zbz/fJZXMMpCNCq7sj2MHHSAO7vNn+bJTH63CPbwXjdA482AcLeE5QwSPc3FW
wEI7OwBD7jRQCj0wdVRPdMe9KdzpKhgO5ERYZ4e0TuRp3rKFEUFjPrEwCUY+qQzIlI9epVVniOxI
kHvlRG38C8kXa2BmHQ0U80Aq1zQdeMmd5SFcwWgC2l1EtA2TLdOYMHj8ZACLD6YUbMioXPem0U5V
f81OinS3SqLiclN0+Om3sUqJAEG1B6fQTFDbrMVtJ66T/zQAkG+8lAnQnLUFgTsAjdMnU4sBY7MC
evzboybC0xWwdJdWVcEfCM/Nx31vlo6F3lmcJAFQqfFNfJxziLPQu6jbt5k058Z5Z3GHjub65ffb
r4kwpOnXX4GeAB4i+00sNY9WwMO7EQSb4oFG22J4s88xMxvSGqV9pGk/5yD1LBwqhgiK6XCOYHW7
cOfyjFsScCePd4AXst6mg+tX6jrZwO1E8BWmLpOYiBoz6ZhPBF6JfjjnANscoXSHs5mFNwmyLYlx
nY+FpoUVAUG4bndVvPOxdux76QJuQdfcWFw6fEMNO5QvQL6UesdwaZK82oljwc0DeFzDhZRZk8OD
GPVqAU4HYGULcUR03kY7kAuXeffx+PtxJ3awqqGupLE0oWytpI3YmjaSEPj8Pr+ZABxwA7MPXeiW
u4t+rGH+4smdh9fK9oTed0xV62Xw/u922aXTilKRCkNyoOHJKGlG3+NjV1cJXQC6UQKUErndtNlM
njj1V8jMW5Y6rj3jLZ+YgJA8pISMEA3U841Ady+QLpNsKQoDxDOcWWEMLUQ7LbA8ZZH1tWK2WISg
i5ioYNsfZ09nf/ZDeZSKFcKeeoX5Kv7/vElC93ODXf4yIl7lPjQZboJH2EClP2dIuks/cSjnFAhF
ECmw/W1I6mDd1rRnNKl+TUkwixokNsx/SOtyfwc1I2zhueWFOQZC1aknAHxzmRsPmgdD6yRL4zT0
2GdCd0AxJKw4hbA2Y5YWrBU1XrOPqWJn8EYkxcpo/p9+kJfou9nGnl2T5nROv2GXza26GFIrVTor
nzWdsTCd1rYcTgUkJpp2kwVSCevf7kNoiSb24I9hcQWhSdXPE2gocl+/n3Ycpvid1dbC8goVdS5u
HIzdnYS+DgmxTYM/N5up0bWBzIvz37BZ4PWa4OCg8z2ikOVaqRRzTILfwLGM4ENSjN5h8Xu6jQhg
WJHDkQxZtRVBn6LObXzKGVwusFtevpWlbp0csX+PNEveKVg6isbdX0RbXEsaRGsa+0sDr5JIssUS
9I+p/CevWOOJ3+33/r9qyRJMKbZTWzVyDecT+hN+Gk8+FB0NZL0SMlGtzc7q9o7ebGA7zsNi2+TD
qxQLGy9D00LwgVNdp5VrDkukTGBcX6MgDHiZ4jJWCMNmfg6vlVYAjkEf+0GargYBIupNPQngggne
W++RLgZdL7qBAkTv5uIbat4kF9ooe3Yck1e+AQBd5UfGbi3Ny6E9sPa6DpQk1wU3nDUJGkbNpbjI
og0EtmBWgDZJjpPbS9Clii0WWKKXVHJBmTzQwwwkCoIXAFrK46Zg3OCMdD4qUuCrgMVQXJSn9xX2
hlGNAoZkd11Gpj/2CAPweR0W+/ntlEE70HFXq+tgrWcV5yBzSe+GFaw1/1688nK8Z86gc5T4L5iB
oZpNBIig+74TtSfBF83c1lQ4dyuATEu4/bAI5c7B2acldWvVeKh+nhj5dW7Y8ULFs58/tNvmXuXB
RgqUt3nNFxrgq4Wl01upvB4ETPDqQJCWx1JBkujDdN5GwfcWcJ7dVbd4</xenc:CipherValue></xenc:CipherData></xenc:EncryptedData><xenc:EncryptedKey xmlns:xenc="http://www.w3.org/2001/04/xmlenc#" Id="_5cee48f18af595639a272ab695c5abf0"><xenc:EncryptionMethod Algorithm="http://www.w3.org/2001/04/xmlenc#rsa-oaep-mgf1p"><ds:DigestMethod xmlns:ds="http://www.w3.org/2000/09/xmldsig#" Algorithm="http://www.w3.org/2000/09/xmldsig#sha1"></ds:DigestMethod></xenc:EncryptionMethod><xenc:CipherData><xenc:CipherValue>gfXi51mGumFxytr14hswLTq1p9lX5aK8MpdnI054uhfnTbbEkaQd4VZ4hIxzbykGk8qU81OmUpRb
8gajEr4vby5eVL8G8NNyHuVbjp2oAmMlOil10bdH/1CpVR08jcLpyUNVq8d9rYtTTTM9E0ft67US
jlsQGGkukShyp/v+H3cGpXfJ8DpQl1VnxFWaPAzYcMbPTkSSj6So5pNlfah/okem3CQ8JLS46eHj
Z5pVaK6AVAwe/FdOYuUK+c9qc7hTPyMJgFlBXlQovpMK7FqaHK5vCCJZEd+ni4wnPgzPuUoxKNQY
o6i0wICkMzV36ZyVcv/RPx107Shy3WEhFVitvA==</xenc:CipherValue></xenc:CipherData><xenc:ReferenceList><xenc:DataReference URI="#_61d9623be79028f2a703b9229aa0feaa"></xenc:DataReference></xenc:ReferenceList></xenc:EncryptedKey></saml2:EncryptedAssertion></saml2p:Response>
14:58:09.867 [Test worker] DEBUG org.apache.xml.security.utils.SignerOutputStream - Canonicalized SignedInfo:
14:58:09.867 [Test worker] DEBUG org.apache.xml.security.utils.SignerOutputStream - <ds:SignedInfo xmlns:ds="http://www.w3.org/2000/09/xmldsig#">
<ds:CanonicalizationMethod Algorithm="http://www.w3.org/2001/10/xml-exc-c14n#"></ds:CanonicalizationMethod>
<ds:SignatureMethod Algorithm="http://www.w3.org/2001/04/xmldsig-more#rsa-sha256"></ds:SignatureMethod>
<ds:Reference URI="#default-response-id">
<ds:Transforms>
<ds:Transform Algorithm="http://www.w3.org/2000/09/xmldsig#enveloped-signature"></ds:Transform>
<ds:Transform Algorithm="http://www.w3.org/2001/10/xml-exc-c14n#"></ds:Transform>
</ds:Transforms>
<ds:DigestMethod Algorithm="http://www.w3.org/2001/04/xmlenc#sha256"></ds:DigestMethod>
<ds:DigestValue>c72No5dj43iAGDBN+NIpcM5AW6P0XeZeChFLScahEEc=</ds:DigestValue>
</ds:Reference>
</ds:SignedInfo>
14:58:09.871 [Test worker] DEBUG org.apache.xml.security.utils.ElementProxy - setElement("ds:Transform", "null")
14:58:09.871 [Test worker] DEBUG org.opensaml.saml.security.impl.SAMLSignatureProfileValidator - Saw Enveloped signature transform
14:58:09.871 [Test worker] DEBUG org.apache.xml.security.utils.ElementProxy - setElement("ds:Transform", "null")
14:58:09.871 [Test worker] DEBUG org.opensaml.saml.security.impl.SAMLSignatureProfileValidator - Saw Exclusive C14N signature transform
14:58:09.871 [Test worker] DEBUG org.opensaml.xmlsec.signature.support.impl.BaseSignatureTrustEngine - Performing signature algorithm whitelist/blacklist validation using params from CriteriaSet
14:58:09.871 [Test worker] DEBUG org.opensaml.xmlsec.signature.support.impl.SignatureAlgorithmValidator - Validating SignedInfo/SignatureMethod/@Algorithm against whitelist/blacklist: http://www.w3.org/2001/04/xmldsig-more#rsa-sha256
14:58:09.871 [Test worker] DEBUG org.opensaml.xmlsec.signature.support.impl.SignatureAlgorithmValidator - Validating algorithm URI against whitelist and blacklist: algorithm: http://www.w3.org/2001/04/xmldsig-more#rsa-sha256, whitelist: [http://www.w3.org/2001/04/xmldsig-more#rsa-sha512, http://www.w3.org/2000/09/xmldsig#sha1, http://www.w3.org/2001/04/xmlenc#sha512, http://www.w3.org/2001/04/xmldsig-more#rsa-sha256, http://www.w3.org/2001/04/xmlenc#sha256, http://www.w3.org/2000/09/xmldsig#rsa-sha1], blacklist: []
14:58:09.871 [Test worker] DEBUG org.opensaml.xmlsec.algorithm.AlgorithmSupport - Saw non-null algorithm blacklist: []
14:58:09.871 [Test worker] DEBUG org.opensaml.xmlsec.algorithm.AlgorithmSupport - Algorithm passed blacklist validation: http://www.w3.org/2001/04/xmldsig-more#rsa-sha256
14:58:09.871 [Test worker] DEBUG org.opensaml.xmlsec.algorithm.AlgorithmSupport - Saw non-null algorithm whitelist: [http://www.w3.org/2001/04/xmldsig-more#rsa-sha512, http://www.w3.org/2000/09/xmldsig#sha1, http://www.w3.org/2001/04/xmlenc#sha512, http://www.w3.org/2001/04/xmldsig-more#rsa-sha256, http://www.w3.org/2001/04/xmlenc#sha256, http://www.w3.org/2000/09/xmldsig#rsa-sha1]
14:58:09.871 [Test worker] DEBUG org.opensaml.xmlsec.algorithm.AlgorithmSupport - Algorithm passed whitelist validation: http://www.w3.org/2001/04/xmldsig-more#rsa-sha256
14:58:09.871 [Test worker] DEBUG org.opensaml.xmlsec.signature.support.impl.SignatureAlgorithmValidator - Validating SignedInfo/Reference/DigestMethod/@Algorithm against whitelist/blacklist: http://www.w3.org/2001/04/xmlenc#sha256
14:58:09.871 [Test worker] DEBUG org.opensaml.xmlsec.signature.support.impl.SignatureAlgorithmValidator - Validating algorithm URI against whitelist and blacklist: algorithm: http://www.w3.org/2001/04/xmlenc#sha256, whitelist: [http://www.w3.org/2001/04/xmldsig-more#rsa-sha512, http://www.w3.org/2000/09/xmldsig#sha1, http://www.w3.org/2001/04/xmlenc#sha512, http://www.w3.org/2001/04/xmldsig-more#rsa-sha256, http://www.w3.org/2001/04/xmlenc#sha256, http://www.w3.org/2000/09/xmldsig#rsa-sha1], blacklist: []
14:58:09.871 [Test worker] DEBUG org.opensaml.xmlsec.algorithm.AlgorithmSupport - Saw non-null algorithm blacklist: []
14:58:09.871 [Test worker] DEBUG org.opensaml.xmlsec.algorithm.AlgorithmSupport - Algorithm passed blacklist validation: http://www.w3.org/2001/04/xmlenc#sha256
14:58:09.871 [Test worker] DEBUG org.opensaml.xmlsec.algorithm.AlgorithmSupport - Saw non-null algorithm whitelist: [http://www.w3.org/2001/04/xmldsig-more#rsa-sha512, http://www.w3.org/2000/09/xmldsig#sha1, http://www.w3.org/2001/04/xmlenc#sha512, http://www.w3.org/2001/04/xmldsig-more#rsa-sha256, http://www.w3.org/2001/04/xmlenc#sha256, http://www.w3.org/2000/09/xmldsig#rsa-sha1]
14:58:09.871 [Test worker] DEBUG org.opensaml.xmlsec.algorithm.AlgorithmSupport - Algorithm passed whitelist validation: http://www.w3.org/2001/04/xmlenc#sha256
14:58:09.871 [Test worker] DEBUG org.opensaml.xmlsec.signature.support.impl.BaseSignatureTrustEngine - Attempting to verify signature and establish trust using KeyInfo-derived credentials
14:58:09.871 [Test worker] DEBUG org.opensaml.xmlsec.signature.support.impl.BaseSignatureTrustEngine - Signature contained no KeyInfo element, could not resolve verification credentials
14:58:09.871 [Test worker] DEBUG org.opensaml.xmlsec.signature.support.impl.BaseSignatureTrustEngine - Failed to verify signature and/or establish trust using any KeyInfo-derived credentials
14:58:09.871 [Test worker] DEBUG org.opensaml.xmlsec.signature.support.impl.ExplicitKeySignatureTrustEngine - Attempting to verify signature using trusted credentials
14:58:09.871 [Test worker] DEBUG org.opensaml.xmlsec.signature.support.SignatureValidationProvider - Using a validation provider of implementation: org.opensaml.xmlsec.signature.support.provider.ApacheSantuarioSignatureValidationProviderImpl
14:58:09.872 [Test worker] DEBUG org.opensaml.xmlsec.signature.support.provider.ApacheSantuarioSignatureValidationProviderImpl - Attempting to validate signature using key from supplied credential
14:58:09.872 [Test worker] DEBUG org.opensaml.xmlsec.signature.support.provider.ApacheSantuarioSignatureValidationProviderImpl - Accessing XMLSignature object
14:58:09.872 [Test worker] DEBUG org.opensaml.xmlsec.signature.support.provider.ApacheSantuarioSignatureValidationProviderImpl - Validating signature with signature algorithm URI: http://www.w3.org/2001/04/xmldsig-more#rsa-sha256
14:58:09.872 [Test worker] DEBUG org.opensaml.xmlsec.signature.support.provider.ApacheSantuarioSignatureValidationProviderImpl - Validation credential key algorithm 'RSA', key instance class 'sun.security.rsa.RSAPublicKeyImpl'
14:58:09.872 [Test worker] DEBUG org.apache.xml.security.signature.XMLSignature - signatureMethodURI = http://www.w3.org/2001/04/xmldsig-more#rsa-sha256
14:58:09.872 [Test worker] DEBUG org.apache.xml.security.signature.XMLSignature - jceSigAlgorithm    = SHA256withRSA
14:58:09.872 [Test worker] DEBUG org.apache.xml.security.signature.XMLSignature - jceSigProvider     = SunRsaSign
14:58:09.872 [Test worker] DEBUG org.apache.xml.security.signature.XMLSignature - PublicKey = Sun RSA public key, 2048 bits
  modulus: 29661565466865858822213777168282943426939714058048863814131618959262055326686524034067084771065231712149539921346081944346397936363399690100840608397845307756315334022317517219876633006263454147272155286336727606522796880921103550938022720211151696581738939213739476141952593191308436813042936252687545137035166455002660478121017225183474993112090021369737861768882984387493729935697205880819466743626280109454603687587536282588576195647432312509500999623830562445007026743026958608467395710329014740842807769757806142655188427663764629833308992121291511482553904626598854250168151827151971234837768337295616595808239
  public exponent: 65537
14:58:09.872 [Test worker] DEBUG org.apache.xml.security.utils.SignerOutputStream - Canonicalized SignedInfo:
14:58:09.872 [Test worker] DEBUG org.apache.xml.security.utils.SignerOutputStream - <ds:SignedInfo xmlns:ds="http://www.w3.org/2000/09/xmldsig#">
<ds:CanonicalizationMethod Algorithm="http://www.w3.org/2001/10/xml-exc-c14n#"></ds:CanonicalizationMethod>
<ds:SignatureMethod Algorithm="http://www.w3.org/2001/04/xmldsig-more#rsa-sha256"></ds:SignatureMethod>
<ds:Reference URI="#default-response-id">
<ds:Transforms>
<ds:Transform Algorithm="http://www.w3.org/2000/09/xmldsig#enveloped-signature"></ds:Transform>
<ds:Transform Algorithm="http://www.w3.org/2001/10/xml-exc-c14n#"></ds:Transform>
</ds:Transforms>
<ds:DigestMethod Algorithm="http://www.w3.org/2001/04/xmlenc#sha256"></ds:DigestMethod>
<ds:DigestValue>c72No5dj43iAGDBN+NIpcM5AW6P0XeZeChFLScahEEc=</ds:DigestValue>
</ds:Reference>
</ds:SignedInfo>
14:58:09.872 [Test worker] DEBUG org.apache.xml.security.signature.Manifest - verify 1 References
14:58:09.872 [Test worker] DEBUG org.apache.xml.security.signature.Manifest - I am not requested to follow nested Manifests
14:58:09.872 [Test worker] DEBUG org.apache.xml.security.utils.ElementProxy - setElement("ds:Reference", "null")
14:58:09.872 [Test worker] DEBUG org.apache.xml.security.utils.ElementProxy - setElement("ds:Transforms", "null")
14:58:09.872 [Test worker] DEBUG org.apache.xml.security.algorithms.JCEMapper - Request for URI http://www.w3.org/2001/04/xmlenc#sha256
14:58:09.872 [Test worker] DEBUG org.apache.xml.security.utils.resolver.ResourceResolver - I was asked to create a ResourceResolver and got 0
14:58:09.872 [Test worker] DEBUG org.apache.xml.security.utils.resolver.ResourceResolver - check resolvability by class org.apache.xml.security.utils.resolver.ResourceResolver
14:58:09.872 [Test worker] DEBUG org.apache.xml.security.utils.resolver.implementations.ResolverFragment - State I can resolve reference: "#default-response-id"
14:58:09.872 [Test worker] DEBUG org.apache.xml.security.utils.resolver.implementations.ResolverFragment - Try to catch an Element with ID default-response-id and Element was [saml2p:Response: null]
14:58:09.872 [Test worker] DEBUG org.apache.xml.security.utils.ElementProxy - setElement("ds:Transform", "null")
14:58:09.872 [Test worker] DEBUG org.apache.xml.security.transforms.Transforms - Perform the (0)th http://www.w3.org/2000/09/xmldsig#enveloped-signature transform
14:58:09.872 [Test worker] DEBUG org.apache.xml.security.utils.ElementProxy - setElement("ds:Transform", "null")
14:58:09.872 [Test worker] DEBUG org.apache.xml.security.transforms.Transforms - Perform the (1)th http://www.w3.org/2001/10/xml-exc-c14n# transform
14:58:09.873 [Test worker] DEBUG org.apache.xml.security.utils.DigesterOutputStream - Pre-digested input:
14:58:09.873 [Test worker] DEBUG org.apache.xml.security.utils.DigesterOutputStream - <saml2p:Response xmlns:saml2p="urn:oasis:names:tc:SAML:2.0:protocol" xmlns:xsi="http://www.w3.org/2001/XMLSchema-instance" Destination="http://destination.com" ID="default-response-id" InResponseTo="default-request-id" IssueInstant="2018-04-03T13:58:09.857Z" Version="2.0" xsi:type="saml2p:ResponseType"><saml2:Issuer xmlns:saml2="urn:oasis:names:tc:SAML:2.0:assertion">a-test-entity</saml2:Issuer><saml2p:Status xsi:type="saml2p:StatusType"><saml2p:StatusCode Value="urn:oasis:names:tc:SAML:2.0:status:Success" xsi:type="saml2p:StatusCodeType"></saml2p:StatusCode></saml2p:Status><saml2:EncryptedAssertion xmlns:saml2="urn:oasis:names:tc:SAML:2.0:assertion"><xenc:EncryptedData xmlns:xenc="http://www.w3.org/2001/04/xmlenc#" Id="_61d9623be79028f2a703b9229aa0feaa" Type="http://www.w3.org/2001/04/xmlenc#Element"><xenc:EncryptionMethod Algorithm="http://www.w3.org/2001/04/xmlenc#aes128-cbc"></xenc:EncryptionMethod><ds:KeyInfo xmlns:ds="http://www.w3.org/2000/09/xmldsig#"><ds:RetrievalMethod Type="http://www.w3.org/2001/04/xmlenc#EncryptedKey" URI="#_5cee48f18af595639a272ab695c5abf0"></ds:RetrievalMethod></ds:KeyInfo><xenc:CipherData><xenc:CipherValue>jes4fP47CTB+zxIp+stf2Bo2QAA0dzrkP5nNN1cl+YKA9Ta6JwyOH5a/1dFtTyu05/gyIuv8UPc1
PTEroB8m4YKbzzU+MBPAb4o4umIAR2LbVaXudA52K0A7c8tO3KQXWzZpe8aESIJcSM6fYnMtBvZ8
4gPtJ0nktVT7+rIP7n2EMb+TwDPLNZJTt2vv4hhCcl5iAbTuVWGZ3clTiFHdqUiFkKBC/Mvx6Om5
dYqPzNbrBqof2UvySXMaFL/jhTCFz8ujRIWOlQICEVLN8mZlvemTFr0HCVh1erX/ha7Dtb+Z/0pW
VUJlbBJv0yrLMONMOLsYH8skEpo1w8cCYZQQb+jrECOmAgIuh3d14mSJZJhNbWIg+JDeUj+e0GWZ
9rKTN0wny7o3i61C3MwBKTru8pKyrWNYUWVVrBEWvkxDZrlRdEeUDfHjlQpDG6rR0FrqKK/9ARDr
oVUHIdcowrDXw/sfhgbWT8nO2sah0cs676era8wDImbFoHWgRxTk6XrSCzyTcoBFYfa2bf85r1CY
RGW6FCeTS3KMSNHZ3/EV9491oISHU2ijr0DHC2FXHy+UsZYcE8x62fUxhbRkBfk3ZAQHujpTCzc8
SwSY2SQhVpcOIUohEQPszRQHUT77uTbjQRwiRdNiZaW7xJ6EAygZw4ib9QF3p3+sDCEEQiYdRrax
Ask2Tm04f9FemHuGclk8ULe0oxhVRV4P9T0xtQBg3xlWVnbueygjVgYlo5Ca5jJLBI5I2z6w8VOw
3q40gi/6r3tg415IlyHKQURUuB6s7adeKADsJaQtuMImxfjU0XOGuT9b45EeB55DJPYEGePcqNiR
N6D4I8bbROaRr51pBKWgtjXF+PLeVwpD3z8mhbcabDJ/D1HtSCcQnfu57eIzOlkkwbAYf/3KY4V2
nItQfUCi3TPSvgzTVfszv7y0gjybtdwlJOOddYrP8+jQk5NksHuJcVMLXg26A2Zj0dg505khQJf3
OJYXFO7k4v5OxaBVytPc1a8ZkEoStOvJ9kIINwSDSXaD9YpTd8j1Yd87RckN0qT4g3nMykUBUotO
eV4AMLTX3uwZGF7HOQlspq0Yw/nx+zDqM+cw49WyAw4GTxDk5GMbquaAGwXo5S8I5U65mcNDASxQ
4kYvhYVB3zgXZO6Zbz/fJZXMMpCNCq7sj2MHHSAO7vNn+bJTH63CPbwXjdA482AcLeE5QwSPc3FW
wEI7OwBD7jRQCj0wdVRPdMe9KdzpKhgO5ERYZ4e0TuRp3rKFEUFjPrEwCUY+qQzIlI9epVVniOxI
kHvlRG38C8kXa2BmHQ0U80Aq1zQdeMmd5SFcwWgC2l1EtA2TLdOYMHj8ZACLD6YUbMioXPem0U5V
f81OinS3SqLiclN0+Om3sUqJAEG1B6fQTFDbrMVtJ66T/zQAkG+8lAnQnLUFgTsAjdMnU4sBY7MC
evzboybC0xWwdJdWVcEfCM/Nx31vlo6F3lmcJAFQqfFNfJxziLPQu6jbt5k058Z5Z3GHjub65ffb
r4kwpOnXX4GeAB4i+00sNY9WwMO7EQSb4oFG22J4s88xMxvSGqV9pGk/5yD1LBwqhgiK6XCOYHW7
cOfyjFsScCePd4AXst6mg+tX6jrZwO1E8BWmLpOYiBoz6ZhPBF6JfjjnANscoXSHs5mFNwmyLYlx
nY+FpoUVAUG4bndVvPOxdux76QJuQdfcWFw6fEMNO5QvQL6UesdwaZK82oljwc0DeFzDhZRZk8OD
GPVqAU4HYGULcUR03kY7kAuXeffx+PtxJ3awqqGupLE0oWytpI3YmjaSEPj8Pr+ZABxwA7MPXeiW
u4t+rGH+4smdh9fK9oTed0xV62Xw/u922aXTilKRCkNyoOHJKGlG3+NjV1cJXQC6UQKUErndtNlM
njj1V8jMW5Y6rj3jLZ+YgJA8pISMEA3U841Ady+QLpNsKQoDxDOcWWEMLUQ7LbA8ZZH1tWK2WISg
i5ioYNsfZ09nf/ZDeZSKFcKeeoX5Kv7/vElC93ODXf4yIl7lPjQZboJH2EClP2dIuks/cSjnFAhF
ECmw/W1I6mDd1rRnNKl+TUkwixokNsx/SOtyfwc1I2zhueWFOQZC1aknAHxzmRsPmgdD6yRL4zT0
2GdCd0AxJKw4hbA2Y5YWrBU1XrOPqWJn8EYkxcpo/p9+kJfou9nGnl2T5nROv2GXza26GFIrVTor
nzWdsTCd1rYcTgUkJpp2kwVSCevf7kNoiSb24I9hcQWhSdXPE2gocl+/n3Ycpvid1dbC8goVdS5u
HIzdnYS+DgmxTYM/N5up0bWBzIvz37BZ4PWa4OCg8z2ikOVaqRRzTILfwLGM4ENSjN5h8Xu6jQhg
WJHDkQxZtRVBn6LObXzKGVwusFtevpWlbp0csX+PNEveKVg6isbdX0RbXEsaRGsa+0sDr5JIssUS
9I+p/CevWOOJ3+33/r9qyRJMKbZTWzVyDecT+hN+Gk8+FB0NZL0SMlGtzc7q9o7ebGA7zsNi2+TD
qxQLGy9D00LwgVNdp5VrDkukTGBcX6MgDHiZ4jJWCMNmfg6vlVYAjkEf+0GargYBIupNPQngggne
W++RLgZdL7qBAkTv5uIbat4kF9ooe3Yck1e+AQBd5UfGbi3Ny6E9sPa6DpQk1wU3nDUJGkbNpbjI
og0EtmBWgDZJjpPbS9Clii0WWKKXVHJBmTzQwwwkCoIXAFrK46Zg3OCMdD4qUuCrgMVQXJSn9xX2
hlGNAoZkd11Gpj/2CAPweR0W+/ntlEE70HFXq+tgrWcV5yBzSe+GFaw1/1688nK8Z86gc5T4L5iB
oZpNBIig+74TtSfBF83c1lQ4dyuATEu4/bAI5c7B2acldWvVeKh+nhj5dW7Y8ULFs58/tNvmXuXB
RgqUt3nNFxrgq4Wl01upvB4ETPDqQJCWx1JBkujDdN5GwfcWcJ7dVbd4</xenc:CipherValue></xenc:CipherData></xenc:EncryptedData><xenc:EncryptedKey xmlns:xenc="http://www.w3.org/2001/04/xmlenc#" Id="_5cee48f18af595639a272ab695c5abf0"><xenc:EncryptionMethod Algorithm="http://www.w3.org/2001/04/xmlenc#rsa-oaep-mgf1p"><ds:DigestMethod xmlns:ds="http://www.w3.org/2000/09/xmldsig#" Algorithm="http://www.w3.org/2000/09/xmldsig#sha1"></ds:DigestMethod></xenc:EncryptionMethod><xenc:CipherData><xenc:CipherValue>gfXi51mGumFxytr14hswLTq1p9lX5aK8MpdnI054uhfnTbbEkaQd4VZ4hIxzbykGk8qU81OmUpRb
8gajEr4vby5eVL8G8NNyHuVbjp2oAmMlOil10bdH/1CpVR08jcLpyUNVq8d9rYtTTTM9E0ft67US
jlsQGGkukShyp/v+H3cGpXfJ8DpQl1VnxFWaPAzYcMbPTkSSj6So5pNlfah/okem3CQ8JLS46eHj
Z5pVaK6AVAwe/FdOYuUK+c9qc7hTPyMJgFlBXlQovpMK7FqaHK5vCCJZEd+ni4wnPgzPuUoxKNQY
o6i0wICkMzV36ZyVcv/RPx107Shy3WEhFVitvA==</xenc:CipherValue></xenc:CipherData><xenc:ReferenceList><xenc:DataReference URI="#_61d9623be79028f2a703b9229aa0feaa"></xenc:DataReference></xenc:ReferenceList></xenc:EncryptedKey></saml2:EncryptedAssertion></saml2p:Response>
14:58:09.873 [Test worker] DEBUG org.apache.xml.security.signature.Reference - Verification successful for URI "#default-response-id"
14:58:09.873 [Test worker] DEBUG org.apache.xml.security.signature.Manifest - The Reference has Type 
14:58:09.873 [Test worker] DEBUG org.opensaml.xmlsec.signature.support.provider.ApacheSantuarioSignatureValidationProviderImpl - Signature validated with key from supplied credential
14:58:09.873 [Test worker] DEBUG org.opensaml.xmlsec.signature.support.impl.BaseSignatureTrustEngine - Signature validation using candidate credential was successful
14:58:09.873 [Test worker] DEBUG org.opensaml.xmlsec.signature.support.impl.ExplicitKeySignatureTrustEngine - Successfully verified signature using resolved trusted credential
14:58:09.874 [Test worker] DEBUG org.opensaml.saml.common.SAMLObjectSupport - Examining signed object for content references with exclusive canonicalization transform
14:58:09.874 [Test worker] DEBUG org.opensaml.saml.common.SAMLObjectSupport - Saw exclusive transform, declaring non-visible namespaces on signed object
14:58:09.874 [Test worker] DEBUG org.opensaml.xmlsec.signature.impl.SignatureMarshaller - Starting to marshall {http://www.w3.org/2000/09/xmldsig#}Signature
14:58:09.874 [Test worker] DEBUG org.opensaml.xmlsec.signature.impl.SignatureMarshaller - Creating XMLSignature object
14:58:09.874 [Test worker] DEBUG org.apache.xml.security.algorithms.SignatureAlgorithm - Create URI "http://www.w3.org/2001/04/xmldsig-more#rsa-sha256" class "class org.apache.xml.security.algorithms.implementations.SignatureBaseRSA$SignatureRSASHA256"
14:58:09.874 [Test worker] DEBUG org.apache.xml.security.algorithms.JCEMapper - Request for URI http://www.w3.org/2001/04/xmldsig-more#rsa-sha256
14:58:09.874 [Test worker] DEBUG org.apache.xml.security.algorithms.implementations.SignatureBaseRSA - Created SignatureRSA using SHA256withRSA
14:58:09.874 [Test worker] DEBUG org.opensaml.xmlsec.signature.impl.SignatureMarshaller - Adding content to XMLSignature.
14:58:09.874 [Test worker] DEBUG org.apache.xml.security.transforms.Transforms - Transforms.addTransform(http://www.w3.org/2000/09/xmldsig#enveloped-signature)
14:58:09.874 [Test worker] DEBUG org.apache.xml.security.transforms.Transform - Create URI "http://www.w3.org/2000/09/xmldsig#enveloped-signature" class "class org.apache.xml.security.transforms.implementations.TransformEnvelopedSignature"
14:58:09.874 [Test worker] DEBUG org.apache.xml.security.transforms.Transform - The NodeList is null
14:58:09.874 [Test worker] DEBUG org.apache.xml.security.transforms.Transforms - Transforms.addTransform(http://www.w3.org/2000/09/xmldsig#enveloped-signature)
14:58:09.874 [Test worker] DEBUG org.apache.xml.security.transforms.Transforms - Transforms.addTransform(http://www.w3.org/2001/10/xml-exc-c14n#)
14:58:09.874 [Test worker] DEBUG org.apache.xml.security.transforms.Transform - Create URI "http://www.w3.org/2001/10/xml-exc-c14n#" class "class org.apache.xml.security.transforms.implementations.TransformC14NExclusive"
14:58:09.874 [Test worker] DEBUG org.apache.xml.security.transforms.Transform - The NodeList is null
14:58:09.874 [Test worker] DEBUG org.apache.xml.security.transforms.Transforms - Transforms.addTransform(http://www.w3.org/2001/10/xml-exc-c14n#)
14:58:09.874 [Test worker] DEBUG org.apache.xml.security.utils.ElementProxy - setElement("ds:Transform", "null")
14:58:09.874 [Test worker] DEBUG org.opensaml.saml.common.SAMLObjectContentReference - Adding list of inclusive namespaces for signature exclusive canonicalization transform
14:58:09.874 [Test worker] DEBUG org.opensaml.xmlsec.signature.impl.SignatureMarshaller - Creating Signature DOM element
14:58:09.874 [Test worker] DEBUG org.opensaml.xmlsec.signature.support.Signer - Using a signer of implemenation: org.opensaml.xmlsec.signature.support.provider.ApacheSantuarioSignerProviderImpl
14:58:09.874 [Test worker] DEBUG org.opensaml.xmlsec.signature.support.provider.ApacheSantuarioSignerProviderImpl - Computing signature over XMLSignature object
14:58:09.874 [Test worker] DEBUG org.apache.xml.security.algorithms.JCEMapper - Request for URI http://www.w3.org/2001/04/xmlenc#sha256
14:58:09.874 [Test worker] DEBUG org.apache.xml.security.utils.resolver.ResourceResolver - I was asked to create a ResourceResolver and got 0
14:58:09.874 [Test worker] DEBUG org.apache.xml.security.utils.resolver.ResourceResolver - check resolvability by class org.apache.xml.security.utils.resolver.ResourceResolver
14:58:09.874 [Test worker] DEBUG org.apache.xml.security.utils.resolver.implementations.ResolverFragment - State I can resolve reference: "#some-assertion-id"
14:58:09.874 [Test worker] DEBUG org.apache.xml.security.utils.resolver.implementations.ResolverFragment - Try to catch an Element with ID some-assertion-id and Element was [saml2:Assertion: null]
14:58:09.874 [Test worker] DEBUG org.apache.xml.security.utils.ElementProxy - setElement("ds:Transform", "null")
14:58:09.874 [Test worker] DEBUG org.apache.xml.security.transforms.Transforms - Perform the (0)th http://www.w3.org/2000/09/xmldsig#enveloped-signature transform
14:58:09.874 [Test worker] DEBUG org.apache.xml.security.utils.ElementProxy - setElement("ds:Transform", "null")
14:58:09.874 [Test worker] DEBUG org.apache.xml.security.transforms.Transforms - Perform the (1)th http://www.w3.org/2001/10/xml-exc-c14n# transform
14:58:09.875 [Test worker] DEBUG org.apache.xml.security.utils.DigesterOutputStream - Pre-digested input:
14:58:09.875 [Test worker] DEBUG org.apache.xml.security.utils.DigesterOutputStream - <saml2:Assertion xmlns:saml2="urn:oasis:names:tc:SAML:2.0:assertion" xmlns:xsi="http://www.w3.org/2001/XMLSchema-instance" ID="some-assertion-id" IssueInstant="2018-04-03T13:58:09.873Z" Version="2.0" xsi:type="saml2:AssertionType"><saml2:Issuer>a-test-entity</saml2:Issuer><saml2:Subject xsi:type="saml2:SubjectType"><saml2:NameID Format="urn:oasis:names:tc:SAML:2.0:nameid-format:persistent"></saml2:NameID><saml2:SubjectConfirmation Method="urn:oasis:names:tc:SAML:2.0:cm:bearer" xsi:type="saml2:SubjectConfirmationType"><saml2:SubjectConfirmationData InResponseTo="default-request-id" NotOnOrAfter="2018-04-03T14:13:09.873Z" Recipient="https://signin.service.gov.uk" xsi:type="saml2:SubjectConfirmationDataType"></saml2:SubjectConfirmationData></saml2:SubjectConfirmation></saml2:Subject><saml2:Conditions xsi:type="saml2:ConditionsType"><saml2:AudienceRestriction xsi:type="saml2:AudienceRestrictionType"><saml2:Audience>https://signin.service.gov.uk</saml2:Audience></saml2:AudienceRestriction></saml2:Conditions></saml2:Assertion>
14:58:09.875 [Test worker] DEBUG org.apache.xml.security.utils.SignerOutputStream - Canonicalized SignedInfo:
14:58:09.875 [Test worker] DEBUG org.apache.xml.security.utils.SignerOutputStream - <ds:SignedInfo xmlns:ds="http://www.w3.org/2000/09/xmldsig#">
<ds:CanonicalizationMethod Algorithm="http://www.w3.org/2001/10/xml-exc-c14n#"></ds:CanonicalizationMethod>
<ds:SignatureMethod Algorithm="http://www.w3.org/2001/04/xmldsig-more#rsa-sha256"></ds:SignatureMethod>
<ds:Reference URI="#some-assertion-id">
<ds:Transforms>
<ds:Transform Algorithm="http://www.w3.org/2000/09/xmldsig#enveloped-signature"></ds:Transform>
<ds:Transform Algorithm="http://www.w3.org/2001/10/xml-exc-c14n#"></ds:Transform>
</ds:Transforms>
<ds:DigestMethod Algorithm="http://www.w3.org/2001/04/xmlenc#sha256"></ds:DigestMethod>
<ds:DigestValue>CQp8w7bCRryU6aoUb3jAFi2zrkAvIGQEEgFmqDHDnUE=</ds:DigestValue>
</ds:Reference>
</ds:SignedInfo>
14:58:09.879 [Test worker] DEBUG org.opensaml.core.xml.util.XMLObjectSupport - Marshalling XMLObject
14:58:09.879 [Test worker] DEBUG org.opensaml.core.xml.util.XMLObjectSupport - XMLObject already had cached DOM, returning that element
14:58:09.879 [Test worker] DEBUG org.opensaml.saml.saml2.encryption.Encrypter - Assertion before encryption:
<?xml version="1.0" encoding="UTF-8"?>
<saml2:Assertion ID="some-assertion-id"
    IssueInstant="2018-04-03T13:58:09.873Z" Version="2.0"
    xmlns:saml2="urn:oasis:names:tc:SAML:2.0:assertion"
    xmlns:xsi="http://www.w3.org/2001/XMLSchema-instance" xsi:type="saml2:AssertionType">
    <saml2:Issuer>a-test-entity</saml2:Issuer>
    <ds:Signature
                xmlns:ds="http://www.w3.org/2000/09/xmldsig#">
<ds:SignedInfo>
<ds:CanonicalizationMethod
                Algorithm="http://www.w3.org/2001/10/xml-exc-c14n#"/>
<ds:SignatureMethod
                Algorithm="http://www.w3.org/2001/04/xmldsig-more#rsa-sha256"/>
<ds:Reference
                        URI="#some-assertion-id">
<ds:Transforms>
<ds:Transform
                        Algorithm="http://www.w3.org/2000/09/xmldsig#enveloped-signature"/>
<ds:Transform
                    Algorithm="http://www.w3.org/2001/10/xml-exc-c14n#"/>
</ds:Transforms>
<ds:DigestMethod Algorithm="http://www.w3.org/2001/04/xmlenc#sha256"/>
<ds:DigestValue>CQp8w7bCRryU6aoUb3jAFi2zrkAvIGQEEgFmqDHDnUE=</ds:DigestValue>
</ds:Reference>
</ds:SignedInfo>
<ds:SignatureValue>
aZLUE9zQK4eC1F7xnCI24yWuKgST3kT94+vS6obSQurcTGP25lOLPDpi+syQefkEaBfgB14yMwrO
lJN6IwWRpcR1MB/1kvV1DngA7JrHbSWidDVB7U6qL3gI3BF+Qs8E9kF27T5y56dGg/mDpI5GyC+9
RNZSoXAASFyh1LRk5sDvxlfuKSKzgcGHIscAO5uQONDEQWafPfFI0XjQH2wls7GDeWPJckYDAVMM
2xjL28Nw/YVdITwY4s/qgFoLbXU7mdYzq07XpXnhETEZmr8gxhmZGmn8CDyISBLqEHkn2zmud5wR
8MAojVs823D3JxGwc8c5rvPHqZOcz2ha6y/D8Q==
</ds:SignatureValue>
</ds:Signature>
    <saml2:Subject xsi:type="saml2:SubjectType">
        <saml2:NameID Format="urn:oasis:names:tc:SAML:2.0:nameid-format:persistent"/>
        <saml2:SubjectConfirmation
            Method="urn:oasis:names:tc:SAML:2.0:cm:bearer" xsi:type="saml2:SubjectConfirmationType">
            <saml2:SubjectConfirmationData
                InResponseTo="default-request-id"
                NotOnOrAfter="2018-04-03T14:13:09.873Z"
                Recipient="https://signin.service.gov.uk" xsi:type="saml2:SubjectConfirmationDataType"/>
        </saml2:SubjectConfirmation>
    </saml2:Subject>
    <saml2:Conditions xsi:type="saml2:ConditionsType">
        <saml2:AudienceRestriction xsi:type="saml2:AudienceRestrictionType">
            <saml2:Audience>https://signin.service.gov.uk</saml2:Audience>
        </saml2:AudienceRestriction>
    </saml2:Conditions>
</saml2:Assertion>

14:58:09.879 [Test worker] DEBUG org.opensaml.xmlsec.encryption.support.Encrypter - Generating random symmetric data encryption key from algorithm URI: http://www.w3.org/2001/04/xmlenc#aes128-cbc
14:58:09.879 [Test worker] DEBUG org.opensaml.xmlsec.encryption.support.Encrypter - Encrypting XMLObject using algorithm URI http://www.w3.org/2001/04/xmlenc#aes128-cbc with content mode false
14:58:09.879 [Test worker] DEBUG org.apache.xml.security.encryption.XMLCipher - Getting XMLCipher with transformation
14:58:09.879 [Test worker] DEBUG org.apache.xml.security.encryption.XMLCipher - Constructing XMLCipher...
14:58:09.879 [Test worker] DEBUG org.apache.xml.security.algorithms.JCEMapper - Request for URI http://www.w3.org/2001/04/xmlenc#aes128-cbc
14:58:09.879 [Test worker] DEBUG org.apache.xml.security.encryption.XMLCipher - JCE Algorithm = AES/CBC/ISO10126Padding
14:58:09.880 [Test worker] DEBUG org.apache.xml.security.encryption.XMLCipher - Initializing XMLCipher...
14:58:09.880 [Test worker] DEBUG org.apache.xml.security.encryption.XMLCipher - opmode = ENCRYPT_MODE
14:58:09.880 [Test worker] DEBUG org.apache.xml.security.encryption.XMLCipher - Encrypting element...
14:58:09.880 [Test worker] DEBUG org.apache.xml.security.encryption.XMLCipher - Serialized octets:
<saml2:Assertion xmlns:saml2="urn:oasis:names:tc:SAML:2.0:assertion" xmlns:xsi="http://www.w3.org/2001/XMLSchema-instance" ID="some-assertion-id" IssueInstant="2018-04-03T13:58:09.873Z" Version="2.0" xsi:type="saml2:AssertionType"><saml2:Issuer>a-test-entity</saml2:Issuer><ds:Signature xmlns:ds="http://www.w3.org/2000/09/xmldsig#">
<ds:SignedInfo>
<ds:CanonicalizationMethod Algorithm="http://www.w3.org/2001/10/xml-exc-c14n#"></ds:CanonicalizationMethod>
<ds:SignatureMethod Algorithm="http://www.w3.org/2001/04/xmldsig-more#rsa-sha256"></ds:SignatureMethod>
<ds:Reference URI="#some-assertion-id">
<ds:Transforms>
<ds:Transform Algorithm="http://www.w3.org/2000/09/xmldsig#enveloped-signature"></ds:Transform>
<ds:Transform Algorithm="http://www.w3.org/2001/10/xml-exc-c14n#"></ds:Transform>
</ds:Transforms>
<ds:DigestMethod Algorithm="http://www.w3.org/2001/04/xmlenc#sha256"></ds:DigestMethod>
<ds:DigestValue>CQp8w7bCRryU6aoUb3jAFi2zrkAvIGQEEgFmqDHDnUE=</ds:DigestValue>
</ds:Reference>
</ds:SignedInfo>
<ds:SignatureValue>
aZLUE9zQK4eC1F7xnCI24yWuKgST3kT94+vS6obSQurcTGP25lOLPDpi+syQefkEaBfgB14yMwrO
lJN6IwWRpcR1MB/1kvV1DngA7JrHbSWidDVB7U6qL3gI3BF+Qs8E9kF27T5y56dGg/mDpI5GyC+9
RNZSoXAASFyh1LRk5sDvxlfuKSKzgcGHIscAO5uQONDEQWafPfFI0XjQH2wls7GDeWPJckYDAVMM
2xjL28Nw/YVdITwY4s/qgFoLbXU7mdYzq07XpXnhETEZmr8gxhmZGmn8CDyISBLqEHkn2zmud5wR
8MAojVs823D3JxGwc8c5rvPHqZOcz2ha6y/D8Q==
</ds:SignatureValue>
</ds:Signature><saml2:Subject xsi:type="saml2:SubjectType"><saml2:NameID Format="urn:oasis:names:tc:SAML:2.0:nameid-format:persistent"></saml2:NameID><saml2:SubjectConfirmation Method="urn:oasis:names:tc:SAML:2.0:cm:bearer" xsi:type="saml2:SubjectConfirmationType"><saml2:SubjectConfirmationData InResponseTo="default-request-id" NotOnOrAfter="2018-04-03T14:13:09.873Z" Recipient="https://signin.service.gov.uk" xsi:type="saml2:SubjectConfirmationDataType"></saml2:SubjectConfirmationData></saml2:SubjectConfirmation></saml2:Subject><saml2:Conditions xsi:type="saml2:ConditionsType"><saml2:AudienceRestriction xsi:type="saml2:AudienceRestrictionType"><saml2:Audience>https://signin.service.gov.uk</saml2:Audience></saml2:AudienceRestriction></saml2:Conditions></saml2:Assertion>
14:58:09.880 [Test worker] DEBUG org.apache.xml.security.encryption.XMLCipherUtil - Saw non-AES-GCM mode block cipher, returning IvParameterSpec: http://www.w3.org/2001/04/xmlenc#aes128-cbc
14:58:09.880 [Test worker] DEBUG org.apache.xml.security.encryption.XMLCipher - Expected cipher.outputSize = 2192
14:58:09.880 [Test worker] DEBUG org.apache.xml.security.encryption.XMLCipher - Actual cipher.outputSize = 2192
14:58:09.880 [Test worker] DEBUG org.apache.xml.security.encryption.XMLCipher - Encrypted octets:
qN9MsJekBHg8uaupGaJzxT1OPtfDKLtxrujjHzt1Lh7IHKPP+UmMhuRT7TTaYtiVwei4dITEH1n9
LYjOpE0DyKBNQb6K69YQgaZPPib2iAi4kiTfwnTJ6sFosR7FklRuBOPohs9YIDJGE9jwnIavdAp8
fVSTVPnqlAv8EykJ/St55FVQvQKf/90Wh/0ETMjJOZ6U+3uWBaDms5Y57AfcCzEuwZbdhmSX4ik5
ZdSdifvvEfAwH1lvRDrKq/BjzGgjy4VG7owLuHVjGvkppeqK+BAFkKVg8kvmIadCjJ8257LLHp1Q
LvcqewftCbIF7651a5fnyUjiNPwmkg/i746rw5OZUcrHBRpJlTU6XjxaGipu6TI1zdF5gZjHOZDk
kh+yzC03wcSGykZ5kQBpesLJ3VTCffIbmOV79BmcFmYSwW6aLk2ikmViDVyA7A9CR9DnYwZ8Aihy
fj4LPoI+Y0yML3Y+oF4J7+yCGiEwXhEMwFmBhCkRrOpABiJHK9yEzDR1gb59SjKpbyxCYohUftC9
Tmx4udaOSqWNqpvvSJC/+cDbeXH0PQWqeovmi2SLnNp+zoWU8RhYN6/7ACD6nWR+nqv501iCOjgT
wUFUE6jeiaeXHPwRyM346TbLUOyU6jPVjxSs76KkSiugy5Egb0gl+8K9eUcfi14eODuPX1X4ylNc
Y9BPmdj7vRL3SROYhYmTcR6AZeAa43BhU4Uvy5JVDxtzjcUsduSL2F0R5DEdnhvhdJsr7eEjUESP
VIF6/kmiu5a9q8TXq4YFivc0x4TLewp2UUQVgkbQ/9SkFm2UMZ29E95++RrTLGvG0U+4LTxyLvJN
/mXli3Ytw5HjRYIr/rvA0Yks+a1UCYIdq7aJHj7AwFQ6ob5ayzfVbttm4VZDTUcDrzuvkvHMwh0/
j50VvqvaZnBR1Om3qq0Jeo00jzlbRa5RDuH6FCwdIKRdv2zsAYK71B1WB47GJUqWyrgugrOb3x3l
GQcEow+XAVqTe/15dQv3SfokD3yJ+oEN79zq87fGIPK3TYvYj+gMBsHpS0KZUrkb4/OCFnZxHMf8
Y05JE9/NTA4fNOdXkquMrDK+N6fHzPV1dsOEnR5xpEABCF9QmvO+xrwdBtPsc4CFlRruBCO61BcU
bYUMhwvU9H6VBWh83MjzIqs2PqRPfsON4R+EPAtOeysuxtpGxzw6/7xutWg3BX6+ZW2t+M5YwEdo
FJtzsA+h5YAsnTlaWIcgsf6c/tjia0m57YXumKQkzh1NISfKd/YSnd1uA9A9j7wQfH5/zekqHhwe
K0K1A27uLEECAvtd1EranfjnwLEtAZJ2gjWzELEdQMmQE2JyXmO/Id0h1VV46jnR4sD8xLrTJoIC
wYAQE3K/Yu3mgZ+WujsAvx5ik621VCkuiudDseQMu8CFXFHoFK6IjkoQ9CdVugPv8IE1yVugPWq3
8gmdg4+x9rpV+S2KdB+jARjjjpm2LMEUlwd6twSWSl6QsIQqYasth6h7O2NPsTFtqaKoPYZp5g52
Uz1hBYpw1Cri2rBcYBXxFzUrilwUV88asxVbn7KfN8SfAWalKyIhP7ZGxwb8ML9YWgDRQ4L1vfjv
y8hcOXKAe6pO4NO+UQgl023zKkW5GKPD17qz+tQvDjGsTYulppbVj2wUTlUkDKYGAap/mWd7lvQW
9L+4zjbyl4V6595m11Lmg9reYVJ2AX1SmKDVSglTADwNR/obf3AiBvLL+nRhxybz7Tpxiz+T+bEt
7kS9uegVK8X96goYTGqB0QqpBYxdzM5JknTGIz1e0xijn/zCpGH3bVh/mK9zH8DjEQSoTBQV74O+
h64N3PSR+42LliOJMQDXcFZTfAUy2yFPvaH1SF1FqkCrf9H3uNK+mMYp/eNvSdWc4hfVZouctC31
i8BFy140f0e1wkzmZu1291msLF09yON9b0D+PklgjeEO8fI8+IkYD/MMqwQ0ReZsqcUxmsgCvbV4
Z7hlWnkUu3UxVc9oLtGMrhCJ0QwITlHeLAxEPTiiiYiLpWgymzTBfUbcK1cE7oydzXiRi8KKKhQF
NjposrCSgp5DBUcLPcSVavqeXx3y90bn9YEIyBBD3dnGEF8vBN6IhdVNU3Qd1WkA5C9rdbVkLfZG
/q7wUzNzEN980gh989yC/yf3a37e1mk5wluVS0XOIqBvZ6otDOVQWkQV1BlsZAhtEUxs4UabUHVw
qG/06DFtqW0SeGTNmnFY5M2kZioSFunjZV6HIyLkf9IKXxTaxeTtBkZM+9Ud17KZ64NK1g16NDVm
N7hxJvs3xZzmTlk4uV2Q0nVnKFwoPOGtn7RvD0RToxQ0w7wzjBu5hTeGZd1LQCCWEaUCQgTLUhIP
z6wFv7pclxvBGyh0VpOg2DCAZuzYzvea+zwAqEPdT7Ikugdgqucb/hxKKjUkiQbPXA6Nk5VyXwCa
eRMt8VfpVQn77kkzzRV8ViJBY10iYTQaKhAoPOP96w2Hm3XBBOWHUVlnwWcfCzDjw+lB6dTWG/em
/KErPptRx0GHeffC3h00nz8SI6IvnVje8+CmrsIHLI2G968d7BlbHyi+l1ktv2e7mdP/FvjBrtxA
TzL1vjFDhNV6mFlUlYkb/b3zsgAGeL8GuynbKt8zz9mVemHjHL9RJRNIQVTCugDsBcOEAOE999ua
r/1ODytNsNb26kfJ8UXA5A5M6WZO3D2BI5K0OftaGU51RsEpG0K3qO7Nvrkf4P2ujzLeXgjk5cVQ
2ftUbWaBS7SCEIq3Ps7YHOC4C7mXCZKWrOdy0EFl1BuMwPr/jCz0h1I1iQIyU1+nthw9jtZBL/e5
crHaXom+PbwaoreR6xu17axN/mwbEd/1397bAPVvcJD+UfZcllrDxatDstCYY1WIUyrfgNA3GbcQ
uAZQTBH1cm/JSI4SekvTpvx+r4r5uSAHFC5QDE5WyMD/eWq/XVAOj296
14:58:09.880 [Test worker] DEBUG org.apache.xml.security.encryption.XMLCipher - Encrypted octets length = 2982
14:58:09.880 [Test worker] DEBUG org.opensaml.xmlsec.encryption.support.Encrypter - Encrypting encryption key with algorithm: http://www.w3.org/2001/04/xmlenc#rsa-oaep-mgf1p
14:58:09.880 [Test worker] DEBUG org.apache.xml.security.encryption.XMLCipher - Getting XMLCipher with transformation
14:58:09.880 [Test worker] DEBUG org.apache.xml.security.encryption.XMLCipher - Constructing XMLCipher...
14:58:09.880 [Test worker] DEBUG org.apache.xml.security.algorithms.JCEMapper - Request for URI http://www.w3.org/2001/04/xmlenc#rsa-oaep-mgf1p
14:58:09.880 [Test worker] DEBUG org.apache.xml.security.encryption.XMLCipher - JCE Algorithm = RSA/ECB/OAEPPadding
14:58:09.881 [Test worker] DEBUG org.apache.xml.security.encryption.XMLCipher - Initializing XMLCipher...
14:58:09.881 [Test worker] DEBUG org.apache.xml.security.encryption.XMLCipher - opmode = WRAP_MODE
14:58:09.881 [Test worker] DEBUG org.apache.xml.security.encryption.XMLCipher - Encrypting key ...
14:58:09.881 [Test worker] DEBUG org.apache.xml.security.encryption.XMLCipher - Encrypted key octets:
lex4dv7YIelufuPWTnzqmdR0fSVPFUlUEWi7QtshpvLQU/udETEWMnjypLXWSVV9cID0f866iQvw
W8k5jnkk2aWHW0HtzLvKPjhbEFg/lc1cFQCVbRRgeqhGxbG0JzWBC2m/XwTeY5pNwFYj+sJt+TAH
YCjCYSGBvY11Qe+Ad7WTdM2VO17VeFZvryg4MRvbfim/ehlt8G4XYrUDUqpHU3oaFc8wzCF+Xu4v
L0jzSXox8Frxutaa2qoWas7JcnmByLUDdZUb1DoIsEdmHI4JF2C0bWw7kSnnMOxJyPAWZiVie88p
EJoyX9NuvUpiAUnQFZl3AlP+alwb9MTbI6VbNw==
14:58:09.881 [Test worker] DEBUG org.apache.xml.security.encryption.XMLCipher - Encrypted key octets length = 348
14:58:09.881 [Test worker] DEBUG org.opensaml.saml.saml2.encryption.Encrypter - Placing EncryptedKey elements as peers of EncryptedData in EncryptedElementType
14:58:09.881 [Test worker] DEBUG org.opensaml.saml.saml2.encryption.Encrypter - Linking single peer EncryptedKey with RetrievalMethod and DataReference
14:58:09.881 [Test worker] DEBUG org.opensaml.saml.common.SAMLObjectSupport - Examining signed object for content references with exclusive canonicalization transform
14:58:09.882 [Test worker] DEBUG org.opensaml.xmlsec.signature.impl.SignatureMarshaller - Starting to marshall {http://www.w3.org/2000/09/xmldsig#}Signature
14:58:09.882 [Test worker] DEBUG org.opensaml.xmlsec.signature.impl.SignatureMarshaller - Creating XMLSignature object
14:58:09.882 [Test worker] DEBUG org.apache.xml.security.algorithms.SignatureAlgorithm - Create URI "http://www.w3.org/2001/04/xmldsig-more#rsa-sha256" class "class org.apache.xml.security.algorithms.implementations.SignatureBaseRSA$SignatureRSASHA256"
14:58:09.882 [Test worker] DEBUG org.apache.xml.security.algorithms.JCEMapper - Request for URI http://www.w3.org/2001/04/xmldsig-more#rsa-sha256
14:58:09.882 [Test worker] DEBUG org.apache.xml.security.algorithms.implementations.SignatureBaseRSA - Created SignatureRSA using SHA256withRSA
14:58:09.882 [Test worker] DEBUG org.opensaml.xmlsec.signature.impl.SignatureMarshaller - Adding content to XMLSignature.
14:58:09.882 [Test worker] DEBUG org.apache.xml.security.transforms.Transforms - Transforms.addTransform(http://www.w3.org/2000/09/xmldsig#enveloped-signature)
14:58:09.882 [Test worker] DEBUG org.apache.xml.security.transforms.Transform - Create URI "http://www.w3.org/2000/09/xmldsig#enveloped-signature" class "class org.apache.xml.security.transforms.implementations.TransformEnvelopedSignature"
14:58:09.882 [Test worker] DEBUG org.apache.xml.security.transforms.Transform - The NodeList is null
14:58:09.882 [Test worker] DEBUG org.apache.xml.security.transforms.Transforms - Transforms.addTransform(http://www.w3.org/2000/09/xmldsig#enveloped-signature)
14:58:09.882 [Test worker] DEBUG org.apache.xml.security.transforms.Transforms - Transforms.addTransform(http://www.w3.org/2001/10/xml-exc-c14n#)
14:58:09.882 [Test worker] DEBUG org.apache.xml.security.transforms.Transform - Create URI "http://www.w3.org/2001/10/xml-exc-c14n#" class "class org.apache.xml.security.transforms.implementations.TransformC14NExclusive"
14:58:09.882 [Test worker] DEBUG org.apache.xml.security.transforms.Transform - The NodeList is null
14:58:09.882 [Test worker] DEBUG org.apache.xml.security.transforms.Transforms - Transforms.addTransform(http://www.w3.org/2001/10/xml-exc-c14n#)
14:58:09.882 [Test worker] DEBUG org.opensaml.xmlsec.signature.impl.SignatureMarshaller - Creating Signature DOM element
14:58:09.882 [Test worker] DEBUG org.opensaml.xmlsec.signature.support.Signer - Using a signer of implemenation: org.opensaml.xmlsec.signature.support.provider.ApacheSantuarioSignerProviderImpl
14:58:09.882 [Test worker] DEBUG org.opensaml.xmlsec.signature.support.provider.ApacheSantuarioSignerProviderImpl - Computing signature over XMLSignature object
14:58:09.882 [Test worker] DEBUG org.apache.xml.security.algorithms.JCEMapper - Request for URI http://www.w3.org/2001/04/xmldsig-more#md5
14:58:09.882 [Test worker] DEBUG org.apache.xml.security.utils.resolver.ResourceResolver - I was asked to create a ResourceResolver and got 0
14:58:09.882 [Test worker] DEBUG org.apache.xml.security.utils.resolver.ResourceResolver - check resolvability by class org.apache.xml.security.utils.resolver.ResourceResolver
14:58:09.882 [Test worker] DEBUG org.apache.xml.security.utils.resolver.implementations.ResolverFragment - State I can resolve reference: "#default-response-id"
14:58:09.882 [Test worker] DEBUG org.apache.xml.security.utils.resolver.implementations.ResolverFragment - Try to catch an Element with ID default-response-id and Element was [saml2p:Response: null]
14:58:09.882 [Test worker] DEBUG org.apache.xml.security.utils.ElementProxy - setElement("ds:Transform", "null")
14:58:09.882 [Test worker] DEBUG org.apache.xml.security.transforms.Transforms - Perform the (0)th http://www.w3.org/2000/09/xmldsig#enveloped-signature transform
14:58:09.882 [Test worker] DEBUG org.apache.xml.security.utils.ElementProxy - setElement("ds:Transform", "null")
14:58:09.882 [Test worker] DEBUG org.apache.xml.security.transforms.Transforms - Perform the (1)th http://www.w3.org/2001/10/xml-exc-c14n# transform
14:58:09.883 [Test worker] DEBUG org.apache.xml.security.utils.DigesterOutputStream - Pre-digested input:
14:58:09.883 [Test worker] DEBUG org.apache.xml.security.utils.DigesterOutputStream - <saml2p:Response xmlns:saml2p="urn:oasis:names:tc:SAML:2.0:protocol" xmlns:xsi="http://www.w3.org/2001/XMLSchema-instance" Destination="http://destination.com" ID="default-response-id" InResponseTo="default-request-id" IssueInstant="2018-04-03T13:58:09.873Z" Version="2.0" xsi:type="saml2p:ResponseType"><saml2:Issuer xmlns:saml2="urn:oasis:names:tc:SAML:2.0:assertion">a-test-entity</saml2:Issuer><saml2p:Status xsi:type="saml2p:StatusType"><saml2p:StatusCode Value="urn:oasis:names:tc:SAML:2.0:status:Success" xsi:type="saml2p:StatusCodeType"></saml2p:StatusCode></saml2p:Status><saml2:EncryptedAssertion xmlns:saml2="urn:oasis:names:tc:SAML:2.0:assertion"><xenc:EncryptedData xmlns:xenc="http://www.w3.org/2001/04/xmlenc#" Id="_13eb62dc5acdf6b701ce383c53dbf45a" Type="http://www.w3.org/2001/04/xmlenc#Element"><xenc:EncryptionMethod Algorithm="http://www.w3.org/2001/04/xmlenc#aes128-cbc"></xenc:EncryptionMethod><ds:KeyInfo xmlns:ds="http://www.w3.org/2000/09/xmldsig#"><ds:RetrievalMethod Type="http://www.w3.org/2001/04/xmlenc#EncryptedKey" URI="#_7dd088fa66510e6479ee302520f44a7a"></ds:RetrievalMethod></ds:KeyInfo><xenc:CipherData><xenc:CipherValue>qN9MsJekBHg8uaupGaJzxT1OPtfDKLtxrujjHzt1Lh7IHKPP+UmMhuRT7TTaYtiVwei4dITEH1n9
LYjOpE0DyKBNQb6K69YQgaZPPib2iAi4kiTfwnTJ6sFosR7FklRuBOPohs9YIDJGE9jwnIavdAp8
fVSTVPnqlAv8EykJ/St55FVQvQKf/90Wh/0ETMjJOZ6U+3uWBaDms5Y57AfcCzEuwZbdhmSX4ik5
ZdSdifvvEfAwH1lvRDrKq/BjzGgjy4VG7owLuHVjGvkppeqK+BAFkKVg8kvmIadCjJ8257LLHp1Q
LvcqewftCbIF7651a5fnyUjiNPwmkg/i746rw5OZUcrHBRpJlTU6XjxaGipu6TI1zdF5gZjHOZDk
kh+yzC03wcSGykZ5kQBpesLJ3VTCffIbmOV79BmcFmYSwW6aLk2ikmViDVyA7A9CR9DnYwZ8Aihy
fj4LPoI+Y0yML3Y+oF4J7+yCGiEwXhEMwFmBhCkRrOpABiJHK9yEzDR1gb59SjKpbyxCYohUftC9
Tmx4udaOSqWNqpvvSJC/+cDbeXH0PQWqeovmi2SLnNp+zoWU8RhYN6/7ACD6nWR+nqv501iCOjgT
wUFUE6jeiaeXHPwRyM346TbLUOyU6jPVjxSs76KkSiugy5Egb0gl+8K9eUcfi14eODuPX1X4ylNc
Y9BPmdj7vRL3SROYhYmTcR6AZeAa43BhU4Uvy5JVDxtzjcUsduSL2F0R5DEdnhvhdJsr7eEjUESP
VIF6/kmiu5a9q8TXq4YFivc0x4TLewp2UUQVgkbQ/9SkFm2UMZ29E95++RrTLGvG0U+4LTxyLvJN
/mXli3Ytw5HjRYIr/rvA0Yks+a1UCYIdq7aJHj7AwFQ6ob5ayzfVbttm4VZDTUcDrzuvkvHMwh0/
j50VvqvaZnBR1Om3qq0Jeo00jzlbRa5RDuH6FCwdIKRdv2zsAYK71B1WB47GJUqWyrgugrOb3x3l
GQcEow+XAVqTe/15dQv3SfokD3yJ+oEN79zq87fGIPK3TYvYj+gMBsHpS0KZUrkb4/OCFnZxHMf8
Y05JE9/NTA4fNOdXkquMrDK+N6fHzPV1dsOEnR5xpEABCF9QmvO+xrwdBtPsc4CFlRruBCO61BcU
bYUMhwvU9H6VBWh83MjzIqs2PqRPfsON4R+EPAtOeysuxtpGxzw6/7xutWg3BX6+ZW2t+M5YwEdo
FJtzsA+h5YAsnTlaWIcgsf6c/tjia0m57YXumKQkzh1NISfKd/YSnd1uA9A9j7wQfH5/zekqHhwe
K0K1A27uLEECAvtd1EranfjnwLEtAZJ2gjWzELEdQMmQE2JyXmO/Id0h1VV46jnR4sD8xLrTJoIC
wYAQE3K/Yu3mgZ+WujsAvx5ik621VCkuiudDseQMu8CFXFHoFK6IjkoQ9CdVugPv8IE1yVugPWq3
8gmdg4+x9rpV+S2KdB+jARjjjpm2LMEUlwd6twSWSl6QsIQqYasth6h7O2NPsTFtqaKoPYZp5g52
Uz1hBYpw1Cri2rBcYBXxFzUrilwUV88asxVbn7KfN8SfAWalKyIhP7ZGxwb8ML9YWgDRQ4L1vfjv
y8hcOXKAe6pO4NO+UQgl023zKkW5GKPD17qz+tQvDjGsTYulppbVj2wUTlUkDKYGAap/mWd7lvQW
9L+4zjbyl4V6595m11Lmg9reYVJ2AX1SmKDVSglTADwNR/obf3AiBvLL+nRhxybz7Tpxiz+T+bEt
7kS9uegVK8X96goYTGqB0QqpBYxdzM5JknTGIz1e0xijn/zCpGH3bVh/mK9zH8DjEQSoTBQV74O+
h64N3PSR+42LliOJMQDXcFZTfAUy2yFPvaH1SF1FqkCrf9H3uNK+mMYp/eNvSdWc4hfVZouctC31
i8BFy140f0e1wkzmZu1291msLF09yON9b0D+PklgjeEO8fI8+IkYD/MMqwQ0ReZsqcUxmsgCvbV4
Z7hlWnkUu3UxVc9oLtGMrhCJ0QwITlHeLAxEPTiiiYiLpWgymzTBfUbcK1cE7oydzXiRi8KKKhQF
NjposrCSgp5DBUcLPcSVavqeXx3y90bn9YEIyBBD3dnGEF8vBN6IhdVNU3Qd1WkA5C9rdbVkLfZG
/q7wUzNzEN980gh989yC/yf3a37e1mk5wluVS0XOIqBvZ6otDOVQWkQV1BlsZAhtEUxs4UabUHVw
qG/06DFtqW0SeGTNmnFY5M2kZioSFunjZV6HIyLkf9IKXxTaxeTtBkZM+9Ud17KZ64NK1g16NDVm
N7hxJvs3xZzmTlk4uV2Q0nVnKFwoPOGtn7RvD0RToxQ0w7wzjBu5hTeGZd1LQCCWEaUCQgTLUhIP
z6wFv7pclxvBGyh0VpOg2DCAZuzYzvea+zwAqEPdT7Ikugdgqucb/hxKKjUkiQbPXA6Nk5VyXwCa
eRMt8VfpVQn77kkzzRV8ViJBY10iYTQaKhAoPOP96w2Hm3XBBOWHUVlnwWcfCzDjw+lB6dTWG/em
/KErPptRx0GHeffC3h00nz8SI6IvnVje8+CmrsIHLI2G968d7BlbHyi+l1ktv2e7mdP/FvjBrtxA
TzL1vjFDhNV6mFlUlYkb/b3zsgAGeL8GuynbKt8zz9mVemHjHL9RJRNIQVTCugDsBcOEAOE999ua
r/1ODytNsNb26kfJ8UXA5A5M6WZO3D2BI5K0OftaGU51RsEpG0K3qO7Nvrkf4P2ujzLeXgjk5cVQ
2ftUbWaBS7SCEIq3Ps7YHOC4C7mXCZKWrOdy0EFl1BuMwPr/jCz0h1I1iQIyU1+nthw9jtZBL/e5
crHaXom+PbwaoreR6xu17axN/mwbEd/1397bAPVvcJD+UfZcllrDxatDstCYY1WIUyrfgNA3GbcQ
uAZQTBH1cm/JSI4SekvTpvx+r4r5uSAHFC5QDE5WyMD/eWq/XVAOj296</xenc:CipherValue></xenc:CipherData></xenc:EncryptedData><xenc:EncryptedKey xmlns:xenc="http://www.w3.org/2001/04/xmlenc#" Id="_7dd088fa66510e6479ee302520f44a7a"><xenc:EncryptionMethod Algorithm="http://www.w3.org/2001/04/xmlenc#rsa-oaep-mgf1p"><ds:DigestMethod xmlns:ds="http://www.w3.org/2000/09/xmldsig#" Algorithm="http://www.w3.org/2000/09/xmldsig#sha1"></ds:DigestMethod></xenc:EncryptionMethod><xenc:CipherData><xenc:CipherValue>lex4dv7YIelufuPWTnzqmdR0fSVPFUlUEWi7QtshpvLQU/udETEWMnjypLXWSVV9cID0f866iQvw
W8k5jnkk2aWHW0HtzLvKPjhbEFg/lc1cFQCVbRRgeqhGxbG0JzWBC2m/XwTeY5pNwFYj+sJt+TAH
YCjCYSGBvY11Qe+Ad7WTdM2VO17VeFZvryg4MRvbfim/ehlt8G4XYrUDUqpHU3oaFc8wzCF+Xu4v
L0jzSXox8Frxutaa2qoWas7JcnmByLUDdZUb1DoIsEdmHI4JF2C0bWw7kSnnMOxJyPAWZiVie88p
EJoyX9NuvUpiAUnQFZl3AlP+alwb9MTbI6VbNw==</xenc:CipherValue></xenc:CipherData><xenc:ReferenceList><xenc:DataReference URI="#_13eb62dc5acdf6b701ce383c53dbf45a"></xenc:DataReference></xenc:ReferenceList></xenc:EncryptedKey></saml2:EncryptedAssertion></saml2p:Response>
14:58:09.884 [Test worker] DEBUG org.apache.xml.security.utils.SignerOutputStream - Canonicalized SignedInfo:
14:58:09.884 [Test worker] DEBUG org.apache.xml.security.utils.SignerOutputStream - <ds:SignedInfo xmlns:ds="http://www.w3.org/2000/09/xmldsig#">
<ds:CanonicalizationMethod Algorithm="http://www.w3.org/2001/10/xml-exc-c14n#"></ds:CanonicalizationMethod>
<ds:SignatureMethod Algorithm="http://www.w3.org/2001/04/xmldsig-more#rsa-sha256"></ds:SignatureMethod>
<ds:Reference URI="#default-response-id">
<ds:Transforms>
<ds:Transform Algorithm="http://www.w3.org/2000/09/xmldsig#enveloped-signature"></ds:Transform>
<ds:Transform Algorithm="http://www.w3.org/2001/10/xml-exc-c14n#"></ds:Transform>
</ds:Transforms>
<ds:DigestMethod Algorithm="http://www.w3.org/2001/04/xmldsig-more#md5"></ds:DigestMethod>
<ds:DigestValue>726ge2B2GrmCc+YZG2KeqQ==</ds:DigestValue>
</ds:Reference>
</ds:SignedInfo>
14:58:09.887 [Test worker] DEBUG org.apache.xml.security.utils.ElementProxy - setElement("ds:Transform", "null")
14:58:09.887 [Test worker] DEBUG org.opensaml.saml.security.impl.SAMLSignatureProfileValidator - Saw Enveloped signature transform
14:58:09.887 [Test worker] DEBUG org.apache.xml.security.utils.ElementProxy - setElement("ds:Transform", "null")
14:58:09.887 [Test worker] DEBUG org.opensaml.saml.security.impl.SAMLSignatureProfileValidator - Saw Exclusive C14N signature transform
14:58:09.888 [Test worker] DEBUG org.opensaml.xmlsec.signature.support.impl.BaseSignatureTrustEngine - Performing signature algorithm whitelist/blacklist validation using params from CriteriaSet
14:58:09.888 [Test worker] DEBUG org.opensaml.xmlsec.signature.support.impl.SignatureAlgorithmValidator - Validating SignedInfo/SignatureMethod/@Algorithm against whitelist/blacklist: http://www.w3.org/2001/04/xmldsig-more#rsa-sha256
14:58:09.888 [Test worker] DEBUG org.opensaml.xmlsec.signature.support.impl.SignatureAlgorithmValidator - Validating algorithm URI against whitelist and blacklist: algorithm: http://www.w3.org/2001/04/xmldsig-more#rsa-sha256, whitelist: [http://www.w3.org/2001/04/xmldsig-more#rsa-sha512, http://www.w3.org/2000/09/xmldsig#sha1, http://www.w3.org/2001/04/xmlenc#sha512, http://www.w3.org/2001/04/xmldsig-more#rsa-sha256, http://www.w3.org/2001/04/xmlenc#sha256, http://www.w3.org/2000/09/xmldsig#rsa-sha1], blacklist: []
14:58:09.888 [Test worker] DEBUG org.opensaml.xmlsec.algorithm.AlgorithmSupport - Saw non-null algorithm blacklist: []
14:58:09.888 [Test worker] DEBUG org.opensaml.xmlsec.algorithm.AlgorithmSupport - Algorithm passed blacklist validation: http://www.w3.org/2001/04/xmldsig-more#rsa-sha256
14:58:09.888 [Test worker] DEBUG org.opensaml.xmlsec.algorithm.AlgorithmSupport - Saw non-null algorithm whitelist: [http://www.w3.org/2001/04/xmldsig-more#rsa-sha512, http://www.w3.org/2000/09/xmldsig#sha1, http://www.w3.org/2001/04/xmlenc#sha512, http://www.w3.org/2001/04/xmldsig-more#rsa-sha256, http://www.w3.org/2001/04/xmlenc#sha256, http://www.w3.org/2000/09/xmldsig#rsa-sha1]
14:58:09.888 [Test worker] DEBUG org.opensaml.xmlsec.algorithm.AlgorithmSupport - Algorithm passed whitelist validation: http://www.w3.org/2001/04/xmldsig-more#rsa-sha256
14:58:09.888 [Test worker] DEBUG org.opensaml.xmlsec.signature.support.impl.SignatureAlgorithmValidator - Validating SignedInfo/Reference/DigestMethod/@Algorithm against whitelist/blacklist: http://www.w3.org/2001/04/xmldsig-more#md5
14:58:09.888 [Test worker] DEBUG org.opensaml.xmlsec.signature.support.impl.SignatureAlgorithmValidator - Validating algorithm URI against whitelist and blacklist: algorithm: http://www.w3.org/2001/04/xmldsig-more#md5, whitelist: [http://www.w3.org/2001/04/xmldsig-more#rsa-sha512, http://www.w3.org/2000/09/xmldsig#sha1, http://www.w3.org/2001/04/xmlenc#sha512, http://www.w3.org/2001/04/xmldsig-more#rsa-sha256, http://www.w3.org/2001/04/xmlenc#sha256, http://www.w3.org/2000/09/xmldsig#rsa-sha1], blacklist: []
14:58:09.888 [Test worker] DEBUG org.opensaml.xmlsec.algorithm.AlgorithmSupport - Saw non-null algorithm blacklist: []
14:58:09.888 [Test worker] DEBUG org.opensaml.xmlsec.algorithm.AlgorithmSupport - Algorithm passed blacklist validation: http://www.w3.org/2001/04/xmldsig-more#md5
14:58:09.888 [Test worker] DEBUG org.opensaml.xmlsec.algorithm.AlgorithmSupport - Saw non-null algorithm whitelist: [http://www.w3.org/2001/04/xmldsig-more#rsa-sha512, http://www.w3.org/2000/09/xmldsig#sha1, http://www.w3.org/2001/04/xmlenc#sha512, http://www.w3.org/2001/04/xmldsig-more#rsa-sha256, http://www.w3.org/2001/04/xmlenc#sha256, http://www.w3.org/2000/09/xmldsig#rsa-sha1]
14:58:09.888 [Test worker] WARN org.opensaml.xmlsec.algorithm.AlgorithmSupport - Algorithm failed whitelist validation: http://www.w3.org/2001/04/xmldsig-more#md5
14:58:09.888 [Test worker] WARN org.opensaml.xmlsec.signature.support.impl.BaseSignatureTrustEngine - XML signature failed algorithm whitelist/blacklist validation
14:58:09.889 [Test worker] DEBUG org.opensaml.saml.common.SAMLObjectSupport - Examining signed object for content references with exclusive canonicalization transform
14:58:09.889 [Test worker] DEBUG org.opensaml.saml.common.SAMLObjectSupport - Saw exclusive transform, declaring non-visible namespaces on signed object
14:58:09.889 [Test worker] DEBUG org.opensaml.xmlsec.signature.impl.SignatureMarshaller - Starting to marshall {http://www.w3.org/2000/09/xmldsig#}Signature
14:58:09.889 [Test worker] DEBUG org.opensaml.xmlsec.signature.impl.SignatureMarshaller - Creating XMLSignature object
14:58:09.889 [Test worker] DEBUG org.apache.xml.security.algorithms.SignatureAlgorithm - Create URI "http://www.w3.org/2001/04/xmldsig-more#rsa-sha256" class "class org.apache.xml.security.algorithms.implementations.SignatureBaseRSA$SignatureRSASHA256"
14:58:09.889 [Test worker] DEBUG org.apache.xml.security.algorithms.JCEMapper - Request for URI http://www.w3.org/2001/04/xmldsig-more#rsa-sha256
14:58:09.889 [Test worker] DEBUG org.apache.xml.security.algorithms.implementations.SignatureBaseRSA - Created SignatureRSA using SHA256withRSA
14:58:09.889 [Test worker] DEBUG org.opensaml.xmlsec.signature.impl.SignatureMarshaller - Adding content to XMLSignature.
14:58:09.889 [Test worker] DEBUG org.apache.xml.security.transforms.Transforms - Transforms.addTransform(http://www.w3.org/2000/09/xmldsig#enveloped-signature)
14:58:09.889 [Test worker] DEBUG org.apache.xml.security.transforms.Transform - Create URI "http://www.w3.org/2000/09/xmldsig#enveloped-signature" class "class org.apache.xml.security.transforms.implementations.TransformEnvelopedSignature"
14:58:09.889 [Test worker] DEBUG org.apache.xml.security.transforms.Transform - The NodeList is null
14:58:09.889 [Test worker] DEBUG org.apache.xml.security.transforms.Transforms - Transforms.addTransform(http://www.w3.org/2000/09/xmldsig#enveloped-signature)
14:58:09.889 [Test worker] DEBUG org.apache.xml.security.transforms.Transforms - Transforms.addTransform(http://www.w3.org/2001/10/xml-exc-c14n#)
14:58:09.889 [Test worker] DEBUG org.apache.xml.security.transforms.Transform - Create URI "http://www.w3.org/2001/10/xml-exc-c14n#" class "class org.apache.xml.security.transforms.implementations.TransformC14NExclusive"
14:58:09.889 [Test worker] DEBUG org.apache.xml.security.transforms.Transform - The NodeList is null
14:58:09.889 [Test worker] DEBUG org.apache.xml.security.transforms.Transforms - Transforms.addTransform(http://www.w3.org/2001/10/xml-exc-c14n#)
14:58:09.889 [Test worker] DEBUG org.apache.xml.security.utils.ElementProxy - setElement("ds:Transform", "null")
14:58:09.889 [Test worker] DEBUG org.opensaml.saml.common.SAMLObjectContentReference - Adding list of inclusive namespaces for signature exclusive canonicalization transform
14:58:09.889 [Test worker] DEBUG org.opensaml.xmlsec.signature.impl.SignatureMarshaller - Creating Signature DOM element
14:58:09.889 [Test worker] DEBUG org.opensaml.xmlsec.signature.support.Signer - Using a signer of implemenation: org.opensaml.xmlsec.signature.support.provider.ApacheSantuarioSignerProviderImpl
14:58:09.889 [Test worker] DEBUG org.opensaml.xmlsec.signature.support.provider.ApacheSantuarioSignerProviderImpl - Computing signature over XMLSignature object
14:58:09.889 [Test worker] DEBUG org.apache.xml.security.algorithms.JCEMapper - Request for URI http://www.w3.org/2001/04/xmlenc#sha256
14:58:09.889 [Test worker] DEBUG org.apache.xml.security.utils.resolver.ResourceResolver - I was asked to create a ResourceResolver and got 0
14:58:09.889 [Test worker] DEBUG org.apache.xml.security.utils.resolver.ResourceResolver - check resolvability by class org.apache.xml.security.utils.resolver.ResourceResolver
14:58:09.889 [Test worker] DEBUG org.apache.xml.security.utils.resolver.implementations.ResolverFragment - State I can resolve reference: "#some-assertion-id"
14:58:09.889 [Test worker] DEBUG org.apache.xml.security.utils.resolver.implementations.ResolverFragment - Try to catch an Element with ID some-assertion-id and Element was [saml2:Assertion: null]
14:58:09.889 [Test worker] DEBUG org.apache.xml.security.utils.ElementProxy - setElement("ds:Transform", "null")
14:58:09.889 [Test worker] DEBUG org.apache.xml.security.transforms.Transforms - Perform the (0)th http://www.w3.org/2000/09/xmldsig#enveloped-signature transform
14:58:09.889 [Test worker] DEBUG org.apache.xml.security.utils.ElementProxy - setElement("ds:Transform", "null")
14:58:09.890 [Test worker] DEBUG org.apache.xml.security.transforms.Transforms - Perform the (1)th http://www.w3.org/2001/10/xml-exc-c14n# transform
14:58:09.890 [Test worker] DEBUG org.apache.xml.security.utils.DigesterOutputStream - Pre-digested input:
14:58:09.890 [Test worker] DEBUG org.apache.xml.security.utils.DigesterOutputStream - <saml2:Assertion xmlns:saml2="urn:oasis:names:tc:SAML:2.0:assertion" xmlns:xsi="http://www.w3.org/2001/XMLSchema-instance" ID="some-assertion-id" IssueInstant="2018-04-03T13:58:09.889Z" Version="2.0" xsi:type="saml2:AssertionType"><saml2:Issuer>a-test-entity</saml2:Issuer><saml2:Subject xsi:type="saml2:SubjectType"><saml2:NameID Format="urn:oasis:names:tc:SAML:2.0:nameid-format:persistent"></saml2:NameID><saml2:SubjectConfirmation Method="urn:oasis:names:tc:SAML:2.0:cm:bearer" xsi:type="saml2:SubjectConfirmationType"><saml2:SubjectConfirmationData InResponseTo="default-request-id" NotOnOrAfter="2018-04-03T14:13:09.888Z" Recipient="https://signin.service.gov.uk" xsi:type="saml2:SubjectConfirmationDataType"></saml2:SubjectConfirmationData></saml2:SubjectConfirmation></saml2:Subject><saml2:Conditions xsi:type="saml2:ConditionsType"><saml2:AudienceRestriction xsi:type="saml2:AudienceRestrictionType"><saml2:Audience>https://signin.service.gov.uk</saml2:Audience></saml2:AudienceRestriction></saml2:Conditions></saml2:Assertion>
14:58:09.890 [Test worker] DEBUG org.apache.xml.security.utils.SignerOutputStream - Canonicalized SignedInfo:
14:58:09.890 [Test worker] DEBUG org.apache.xml.security.utils.SignerOutputStream - <ds:SignedInfo xmlns:ds="http://www.w3.org/2000/09/xmldsig#">
<ds:CanonicalizationMethod Algorithm="http://www.w3.org/2001/10/xml-exc-c14n#"></ds:CanonicalizationMethod>
<ds:SignatureMethod Algorithm="http://www.w3.org/2001/04/xmldsig-more#rsa-sha256"></ds:SignatureMethod>
<ds:Reference URI="#some-assertion-id">
<ds:Transforms>
<ds:Transform Algorithm="http://www.w3.org/2000/09/xmldsig#enveloped-signature"></ds:Transform>
<ds:Transform Algorithm="http://www.w3.org/2001/10/xml-exc-c14n#"></ds:Transform>
</ds:Transforms>
<ds:DigestMethod Algorithm="http://www.w3.org/2001/04/xmlenc#sha256"></ds:DigestMethod>
<ds:DigestValue>iIIFuCXyt/niOTiHMQ42jW3NHqsKSJ9RfN/fFFsgOTQ=</ds:DigestValue>
</ds:Reference>
</ds:SignedInfo>
14:58:09.893 [Test worker] DEBUG org.opensaml.core.xml.util.XMLObjectSupport - Marshalling XMLObject
14:58:09.894 [Test worker] DEBUG org.opensaml.core.xml.util.XMLObjectSupport - XMLObject already had cached DOM, returning that element
14:58:09.894 [Test worker] DEBUG org.opensaml.saml.saml2.encryption.Encrypter - Assertion before encryption:
<?xml version="1.0" encoding="UTF-8"?>
<saml2:Assertion ID="some-assertion-id"
    IssueInstant="2018-04-03T13:58:09.889Z" Version="2.0"
    xmlns:saml2="urn:oasis:names:tc:SAML:2.0:assertion"
    xmlns:xsi="http://www.w3.org/2001/XMLSchema-instance" xsi:type="saml2:AssertionType">
    <saml2:Issuer>a-test-entity</saml2:Issuer>
    <ds:Signature
                xmlns:ds="http://www.w3.org/2000/09/xmldsig#">
<ds:SignedInfo>
<ds:CanonicalizationMethod
                Algorithm="http://www.w3.org/2001/10/xml-exc-c14n#"/>
<ds:SignatureMethod
                Algorithm="http://www.w3.org/2001/04/xmldsig-more#rsa-sha256"/>
<ds:Reference
                        URI="#some-assertion-id">
<ds:Transforms>
<ds:Transform
                        Algorithm="http://www.w3.org/2000/09/xmldsig#enveloped-signature"/>
<ds:Transform
                    Algorithm="http://www.w3.org/2001/10/xml-exc-c14n#"/>
</ds:Transforms>
<ds:DigestMethod Algorithm="http://www.w3.org/2001/04/xmlenc#sha256"/>
<ds:DigestValue>iIIFuCXyt/niOTiHMQ42jW3NHqsKSJ9RfN/fFFsgOTQ=</ds:DigestValue>
</ds:Reference>
</ds:SignedInfo>
<ds:SignatureValue>
nm+USuSnAMxcQpWtQIRVwemPeT2OvIkTesCGqTkWMdAG9ePF6hteRfzYcUvv04Wm8aokZUTTV/LI
ZgMrse52tfU9wN2mEdH/uBQBOZmDxpUNnTPhuywmNuhdmJzojjYhITlh1qAHnMEKmitWkRUZgUaS
hWoxvz3yv4dDSIgTnZ21zpSN9/LTTnvpWJk5TG8/6OkiArjkpL8fPz3AsGA7M5kY5H+j1SKiqThk
0Qk5ZgEol6oat40svL7Eoi7pB6zf58JEJfo0wfbyC6rMNR3jW5aDHa4Ck0CPMNFVOErr75ZkUthv
gpbDabGTl/nE/nyjh1/GDMs4rK2uUAY9tUgXww==
</ds:SignatureValue>
</ds:Signature>
    <saml2:Subject xsi:type="saml2:SubjectType">
        <saml2:NameID Format="urn:oasis:names:tc:SAML:2.0:nameid-format:persistent"/>
        <saml2:SubjectConfirmation
            Method="urn:oasis:names:tc:SAML:2.0:cm:bearer" xsi:type="saml2:SubjectConfirmationType">
            <saml2:SubjectConfirmationData
                InResponseTo="default-request-id"
                NotOnOrAfter="2018-04-03T14:13:09.888Z"
                Recipient="https://signin.service.gov.uk" xsi:type="saml2:SubjectConfirmationDataType"/>
        </saml2:SubjectConfirmation>
    </saml2:Subject>
    <saml2:Conditions xsi:type="saml2:ConditionsType">
        <saml2:AudienceRestriction xsi:type="saml2:AudienceRestrictionType">
            <saml2:Audience>https://signin.service.gov.uk</saml2:Audience>
        </saml2:AudienceRestriction>
    </saml2:Conditions>
</saml2:Assertion>

14:58:09.894 [Test worker] DEBUG org.opensaml.xmlsec.encryption.support.Encrypter - Generating random symmetric data encryption key from algorithm URI: http://www.w3.org/2001/04/xmlenc#aes128-cbc
14:58:09.894 [Test worker] DEBUG org.opensaml.xmlsec.encryption.support.Encrypter - Encrypting XMLObject using algorithm URI http://www.w3.org/2001/04/xmlenc#aes128-cbc with content mode false
14:58:09.894 [Test worker] DEBUG org.apache.xml.security.encryption.XMLCipher - Getting XMLCipher with transformation
14:58:09.894 [Test worker] DEBUG org.apache.xml.security.encryption.XMLCipher - Constructing XMLCipher...
14:58:09.894 [Test worker] DEBUG org.apache.xml.security.algorithms.JCEMapper - Request for URI http://www.w3.org/2001/04/xmlenc#aes128-cbc
14:58:09.894 [Test worker] DEBUG org.apache.xml.security.encryption.XMLCipher - JCE Algorithm = AES/CBC/ISO10126Padding
14:58:09.894 [Test worker] DEBUG org.apache.xml.security.encryption.XMLCipher - Initializing XMLCipher...
14:58:09.894 [Test worker] DEBUG org.apache.xml.security.encryption.XMLCipher - opmode = ENCRYPT_MODE
14:58:09.894 [Test worker] DEBUG org.apache.xml.security.encryption.XMLCipher - Encrypting element...
14:58:09.894 [Test worker] DEBUG org.apache.xml.security.encryption.XMLCipher - Serialized octets:
<saml2:Assertion xmlns:saml2="urn:oasis:names:tc:SAML:2.0:assertion" xmlns:xsi="http://www.w3.org/2001/XMLSchema-instance" ID="some-assertion-id" IssueInstant="2018-04-03T13:58:09.889Z" Version="2.0" xsi:type="saml2:AssertionType"><saml2:Issuer>a-test-entity</saml2:Issuer><ds:Signature xmlns:ds="http://www.w3.org/2000/09/xmldsig#">
<ds:SignedInfo>
<ds:CanonicalizationMethod Algorithm="http://www.w3.org/2001/10/xml-exc-c14n#"></ds:CanonicalizationMethod>
<ds:SignatureMethod Algorithm="http://www.w3.org/2001/04/xmldsig-more#rsa-sha256"></ds:SignatureMethod>
<ds:Reference URI="#some-assertion-id">
<ds:Transforms>
<ds:Transform Algorithm="http://www.w3.org/2000/09/xmldsig#enveloped-signature"></ds:Transform>
<ds:Transform Algorithm="http://www.w3.org/2001/10/xml-exc-c14n#"></ds:Transform>
</ds:Transforms>
<ds:DigestMethod Algorithm="http://www.w3.org/2001/04/xmlenc#sha256"></ds:DigestMethod>
<ds:DigestValue>iIIFuCXyt/niOTiHMQ42jW3NHqsKSJ9RfN/fFFsgOTQ=</ds:DigestValue>
</ds:Reference>
</ds:SignedInfo>
<ds:SignatureValue>
nm+USuSnAMxcQpWtQIRVwemPeT2OvIkTesCGqTkWMdAG9ePF6hteRfzYcUvv04Wm8aokZUTTV/LI
ZgMrse52tfU9wN2mEdH/uBQBOZmDxpUNnTPhuywmNuhdmJzojjYhITlh1qAHnMEKmitWkRUZgUaS
hWoxvz3yv4dDSIgTnZ21zpSN9/LTTnvpWJk5TG8/6OkiArjkpL8fPz3AsGA7M5kY5H+j1SKiqThk
0Qk5ZgEol6oat40svL7Eoi7pB6zf58JEJfo0wfbyC6rMNR3jW5aDHa4Ck0CPMNFVOErr75ZkUthv
gpbDabGTl/nE/nyjh1/GDMs4rK2uUAY9tUgXww==
</ds:SignatureValue>
</ds:Signature><saml2:Subject xsi:type="saml2:SubjectType"><saml2:NameID Format="urn:oasis:names:tc:SAML:2.0:nameid-format:persistent"></saml2:NameID><saml2:SubjectConfirmation Method="urn:oasis:names:tc:SAML:2.0:cm:bearer" xsi:type="saml2:SubjectConfirmationType"><saml2:SubjectConfirmationData InResponseTo="default-request-id" NotOnOrAfter="2018-04-03T14:13:09.888Z" Recipient="https://signin.service.gov.uk" xsi:type="saml2:SubjectConfirmationDataType"></saml2:SubjectConfirmationData></saml2:SubjectConfirmation></saml2:Subject><saml2:Conditions xsi:type="saml2:ConditionsType"><saml2:AudienceRestriction xsi:type="saml2:AudienceRestrictionType"><saml2:Audience>https://signin.service.gov.uk</saml2:Audience></saml2:AudienceRestriction></saml2:Conditions></saml2:Assertion>
14:58:09.894 [Test worker] DEBUG org.apache.xml.security.encryption.XMLCipherUtil - Saw non-AES-GCM mode block cipher, returning IvParameterSpec: http://www.w3.org/2001/04/xmlenc#aes128-cbc
14:58:09.895 [Test worker] DEBUG org.apache.xml.security.encryption.XMLCipher - Expected cipher.outputSize = 2192
14:58:09.895 [Test worker] DEBUG org.apache.xml.security.encryption.XMLCipher - Actual cipher.outputSize = 2192
14:58:09.895 [Test worker] DEBUG org.apache.xml.security.encryption.XMLCipher - Encrypted octets:
UWgNXcg4SCyvFqGx6AJcv2Dzk/9zJ9OXtbeRoTCvTjcgSVjL1kmXjVNf096XS5t2jM9NhQk3+DZP
fBQc0Z99XO4eiQzSnNDkqnqQYU44citGO3MKKIVpFrnTDeyUcmcS2D9x9aYGR76se8XyIuxkBBzr
xqYsOYiBPXKn5qwXIao6KfDwzffHgrhP1X+kJKkSnaIayBjXGXXt6aW865N+yYfq3BN8P0xr0H+f
mhkfoZVA7HYXN7F1fqYRj4Sg10mFWX+0eEqeAOJbtszR2+AhjRsNC20S3oJjfqUT4Ci0Iof4IQgv
kOE2aABpyzN4cP38CAkWHcXFqLGV7KuhWvw8RZGyADbF/qpBLmGHAgHo02Ab3kcFhOh1Q75oPav0
aJR/1LBPsHvvKUSUUCbAzGpvwPjsnSk9z4LtL/SfijEC5hauLEbnei34xl7auc5eXtkTsZuxKr2r
UNu9bQP4R+xBdu6uJb8CwU4DQpRwfjH/XIDY1Ja28lXnedBV8eeZydtOxE0GNz4v9Ys9T6RbTjiB
IRBUFdSUsqh2qNR8gf88OPSs4X1/rTwC7Dy9A8aqZCsNZecIASA08Gukp4ai+mQdPuXmAL+4o3Gw
O5uTEUej5iUzvQXgPO7axSMz8VOs5aDDUffRP7aGpn33+2cOE298H9Pk6abJo0zue65NI3+q/wJt
O4b2i7Ytg9NEuqs7YAFUyO1txEoi38VeXSdCQv6BJA94LVzuz442xzpBz+O2r/baHDLCQUQ2MiNz
EBhNSwB5C005tU70sktvU57TgQdq+6CtSM1Bc2bZJ6YkJHxBkWFbNPdyNLpPJ1eKmIeKWHTkdGzM
Gt/ExOg3I1nRdIXcGLhjWdq4xh8om9gIZgu54m7T27n+WGNMX7y+I2ZpAbEo0RgDeyPeQfLRG3+D
6W2jsy+9rJCgYaNoFQSA/7YxM4ehdOl1ilHXc00Ew2wA6ABLwuK9v5DMJKEXAlIJEA+cOHSATb5w
Kz/33k4JEa51xGwm4hQV1wG3z1J/3jP4arn/tSkLMwevxNx+GDW5PT9wFSvqmV/TtR6RKkzIsTg+
jJSqKrmMnPxVbcHLioQ4RepTjwvmndTZcNiOGpAGbvvRr+CxOLUMpXRiIOID10f0AMtogmjN6HIf
N9n12Ld3oxkTNR846GuhKHJdEGjSQdBvAf1tmsPpwltrZQMy2JtBPs/syk2q8cgjfX7SamyV0OC3
gOPHnMhYb2lUUbzagRGPXuSsUFgybNn+Z9iREhmdKZ5Vhfq9RyP68vTZn+KxCWSphWdGEoUUmxZe
B7eqR3HRr37zeaGgOS0rGX/cXN8QySunCsM0wPLtEVfuXt0KZ/mmvUDEVMmcZZIXe+UtAT99QSGJ
FZb6CzLGkWh8YYSx19hJWZA0jtLrTxbOHZHQKf/rQ1H3rzbTd1tLSmTjCMhK/WcfKVHkp7yxMj9E
Sa/fXxrsxIAIOwag8iSuKc7mNWCCSMMkV+rL46v+veql1DsPHT619vmNpFXsF7IxxpNVcdlxCqha
g8TY9HyAS7csHS05NH76RVQNpewOXzMyYcAntHeD2gvm0dG2f9z8wt40p46m04an9tamw68V46wJ
57tDNXCEhmBADnhLT5+e8R8j4muNGNn7WsshjV7bHCVpzfQ7jTmHpbbuUxfJ0igzz9v/hRfgGFZU
mqTgzZ/Logo0KBJ7/G6ZbYLthvcsAYdfALrjSIXCmHgLYirH2MrXWnXuYQpWvwPEjb58GFY69Cx8
XPxIUQdCoTVFJzOSi4NyqAMmGr/QAsoVN8NO7+KUJy1n0fnC2blHno6cl25K86qDe4jNo/pCSrhH
kwI9EAvEB3XJxWDWakSgP0O2NM0clBDcCNZnsKVsOZqpP5zVprRUvIKN/EEiPM2MBjgaeUsngFO7
iXDLMOdsTZm9FVJaVIPgBPzkzZnj7IQT22X55eUc3Tfs6OUTpk+6h6HLm+IA2TiEs/p2KNFmeFz1
fVsND3V8iu4IAEKdB1rQK/mzxuBNw45hCb16t0VOxMi1tTTWmGqhX1ftIXMd1mGfbB0U1dNzGx8Q
9LTQZmVJYutnO2gq6DRWp3x61C2JtXC2OsO6BjFvKGqxg2tku//qeDTpOQ4W/rAXY5qHiDz2GyvL
4BArmMoINdCWCwoCrz+/yLy5R//p9/hVXXRlcOuDilBd2cHVYYO9dTHKGeBramos84qRlfGeC1T+
rLBSlYaEuCiM/k/L9n8GH3Vhia0Kmw1geF3Yq+Zn7JYAQO+RGHUYTbr+JeqlqXDDa96ZKPEeDyOy
KPNmqonolVsQIaR7Se2yAmbEkks3EE26rNGzvCeues3ZIkEqbxFsWA7d1xlksRlhVZwExTzOEkrM
x+53UPawCj79OUl81lh4yo6wjxrNzDG+Jg8SHNJMSNvljKKGDICJoaaqE9Zv/3gLziAPxVtAk5tk
u24qIBvC9iAhbdeYhDCyYtb87lFjfX0jbr1kG1OHZi3EdLFpVBn2AAZcQxGXQziI0Ha11Odck/pX
etpdl8+8mMq0eaZ9ZM/AVVkVKYgdSvrYheWGVElPzF7yj5ydRnne/T6dOiNQpwsn4qQDDY9m4tT6
TLhq/14PcYCWU+n3BNryvjpBuoEKFXf+xmLjBi9G06LjprRdzrsKPXuvT9Hb4yMHOuJTFvb9xOxJ
fMIOidqm0498B6em1ACYbEdq4sUagYsvXYGA0E/4qNNAQ6V9WqPjMLbGRNESou2B6Ydu4CpltH8C
XZ8HTyYcQWJ3LZO2DjluuQjEmziY+p8U5Cx986uek+dyoeDltJbtgXgTgjDxuwk8FS3WS6XfDT1D
F6anSxeD9rGS9MmI70VdWoMxVkd2+1iT24aAwDfdeBsr/5Ls4SRBA+oVLkuO9IHibn+L0kyfAYM3
GCJYrkIQh80YbTu6opuVAE6JwfbZYCd7ank9Wr0Kv10BI9v/YnQ0dofA
14:58:09.895 [Test worker] DEBUG org.apache.xml.security.encryption.XMLCipher - Encrypted octets length = 2982
14:58:09.895 [Test worker] DEBUG org.opensaml.xmlsec.encryption.support.Encrypter - Encrypting encryption key with algorithm: http://www.w3.org/2001/04/xmlenc#rsa-oaep-mgf1p
14:58:09.895 [Test worker] DEBUG org.apache.xml.security.encryption.XMLCipher - Getting XMLCipher with transformation
14:58:09.895 [Test worker] DEBUG org.apache.xml.security.encryption.XMLCipher - Constructing XMLCipher...
14:58:09.895 [Test worker] DEBUG org.apache.xml.security.algorithms.JCEMapper - Request for URI http://www.w3.org/2001/04/xmlenc#rsa-oaep-mgf1p
14:58:09.895 [Test worker] DEBUG org.apache.xml.security.encryption.XMLCipher - JCE Algorithm = RSA/ECB/OAEPPadding
14:58:09.895 [Test worker] DEBUG org.apache.xml.security.encryption.XMLCipher - Initializing XMLCipher...
14:58:09.895 [Test worker] DEBUG org.apache.xml.security.encryption.XMLCipher - opmode = WRAP_MODE
14:58:09.895 [Test worker] DEBUG org.apache.xml.security.encryption.XMLCipher - Encrypting key ...
14:58:09.895 [Test worker] DEBUG org.apache.xml.security.encryption.XMLCipher - Encrypted key octets:
ixJAWYkHjoFLzf9qccE8uqdxnC/qXIM5nOlF45ZuKrwMTNf3mVIlKeBWE35rXbE3CX8RzEKkRBMG
3aQpi+aewSLgOLq/FFL4Pr3hZyEKePpKyzV9LFhEcSVMmh97BmqsUE3dfSif5REFx3iAjgV9QZpE
OxQL5dRpq1FD4XTAbmXP7PdQ5EHfQMWvgKVbAkcaz7AmBdypPl426hQuXwPHZPcuPPhN53HU5y24
NmN/QeA9MPiaCLc0Vuq6+bL2wpVyOZaTAmW4HjCjzqB5no/8C4hykeP2ci4qBpisFWvYPpv4FSpq
j3qsIMuUwamANvNJpSGOZBW1H3ZnfWEComLCWA==
14:58:09.895 [Test worker] DEBUG org.apache.xml.security.encryption.XMLCipher - Encrypted key octets length = 348
14:58:09.896 [Test worker] DEBUG org.opensaml.saml.saml2.encryption.Encrypter - Placing EncryptedKey elements as peers of EncryptedData in EncryptedElementType
14:58:09.896 [Test worker] DEBUG org.opensaml.saml.saml2.encryption.Encrypter - Linking single peer EncryptedKey with RetrievalMethod and DataReference
14:58:09.896 [Test worker] DEBUG org.opensaml.saml.common.SAMLObjectSupport - Examining signed object for content references with exclusive canonicalization transform
14:58:09.896 [Test worker] DEBUG org.opensaml.xmlsec.signature.impl.SignatureMarshaller - Starting to marshall {http://www.w3.org/2000/09/xmldsig#}Signature
14:58:09.896 [Test worker] DEBUG org.opensaml.xmlsec.signature.impl.SignatureMarshaller - Creating XMLSignature object
14:58:09.896 [Test worker] DEBUG org.apache.xml.security.algorithms.SignatureAlgorithm - Create URI "http://www.w3.org/2000/09/xmldsig#rsa-sha1" class "class org.apache.xml.security.algorithms.implementations.SignatureBaseRSA$SignatureRSASHA1"
14:58:09.896 [Test worker] DEBUG org.apache.xml.security.algorithms.JCEMapper - Request for URI http://www.w3.org/2000/09/xmldsig#rsa-sha1
14:58:09.896 [Test worker] DEBUG org.apache.xml.security.algorithms.implementations.SignatureBaseRSA - Created SignatureRSA using SHA1withRSA
14:58:09.896 [Test worker] DEBUG org.opensaml.xmlsec.signature.impl.SignatureMarshaller - Adding content to XMLSignature.
14:58:09.896 [Test worker] DEBUG org.apache.xml.security.transforms.Transforms - Transforms.addTransform(http://www.w3.org/2000/09/xmldsig#enveloped-signature)
14:58:09.896 [Test worker] DEBUG org.apache.xml.security.transforms.Transform - Create URI "http://www.w3.org/2000/09/xmldsig#enveloped-signature" class "class org.apache.xml.security.transforms.implementations.TransformEnvelopedSignature"
14:58:09.896 [Test worker] DEBUG org.apache.xml.security.transforms.Transform - The NodeList is null
14:58:09.896 [Test worker] DEBUG org.apache.xml.security.transforms.Transforms - Transforms.addTransform(http://www.w3.org/2000/09/xmldsig#enveloped-signature)
14:58:09.896 [Test worker] DEBUG org.apache.xml.security.transforms.Transforms - Transforms.addTransform(http://www.w3.org/2001/10/xml-exc-c14n#)
14:58:09.896 [Test worker] DEBUG org.apache.xml.security.transforms.Transform - Create URI "http://www.w3.org/2001/10/xml-exc-c14n#" class "class org.apache.xml.security.transforms.implementations.TransformC14NExclusive"
14:58:09.896 [Test worker] DEBUG org.apache.xml.security.transforms.Transform - The NodeList is null
14:58:09.896 [Test worker] DEBUG org.apache.xml.security.transforms.Transforms - Transforms.addTransform(http://www.w3.org/2001/10/xml-exc-c14n#)
14:58:09.896 [Test worker] DEBUG org.opensaml.xmlsec.signature.impl.SignatureMarshaller - Creating Signature DOM element
14:58:09.897 [Test worker] DEBUG org.opensaml.xmlsec.signature.support.Signer - Using a signer of implemenation: org.opensaml.xmlsec.signature.support.provider.ApacheSantuarioSignerProviderImpl
14:58:09.897 [Test worker] DEBUG org.opensaml.xmlsec.signature.support.provider.ApacheSantuarioSignerProviderImpl - Computing signature over XMLSignature object
14:58:09.897 [Test worker] DEBUG org.apache.xml.security.algorithms.JCEMapper - Request for URI http://www.w3.org/2001/04/xmlenc#sha256
14:58:09.897 [Test worker] DEBUG org.apache.xml.security.utils.resolver.ResourceResolver - I was asked to create a ResourceResolver and got 0
14:58:09.897 [Test worker] DEBUG org.apache.xml.security.utils.resolver.ResourceResolver - check resolvability by class org.apache.xml.security.utils.resolver.ResourceResolver
14:58:09.897 [Test worker] DEBUG org.apache.xml.security.utils.resolver.implementations.ResolverFragment - State I can resolve reference: "#default-response-id"
14:58:09.897 [Test worker] DEBUG org.apache.xml.security.utils.resolver.implementations.ResolverFragment - Try to catch an Element with ID default-response-id and Element was [saml2p:Response: null]
14:58:09.897 [Test worker] DEBUG org.apache.xml.security.utils.ElementProxy - setElement("ds:Transform", "null")
14:58:09.897 [Test worker] DEBUG org.apache.xml.security.transforms.Transforms - Perform the (0)th http://www.w3.org/2000/09/xmldsig#enveloped-signature transform
14:58:09.897 [Test worker] DEBUG org.apache.xml.security.utils.ElementProxy - setElement("ds:Transform", "null")
14:58:09.897 [Test worker] DEBUG org.apache.xml.security.transforms.Transforms - Perform the (1)th http://www.w3.org/2001/10/xml-exc-c14n# transform
14:58:09.897 [Test worker] DEBUG org.apache.xml.security.utils.DigesterOutputStream - Pre-digested input:
14:58:09.897 [Test worker] DEBUG org.apache.xml.security.utils.DigesterOutputStream - <saml2p:Response xmlns:saml2p="urn:oasis:names:tc:SAML:2.0:protocol" xmlns:xsi="http://www.w3.org/2001/XMLSchema-instance" Destination="http://destination.com" ID="default-response-id" InResponseTo="default-request-id" IssueInstant="2018-04-03T13:58:09.888Z" Version="2.0" xsi:type="saml2p:ResponseType"><saml2:Issuer xmlns:saml2="urn:oasis:names:tc:SAML:2.0:assertion">a-test-entity</saml2:Issuer><saml2p:Status xsi:type="saml2p:StatusType"><saml2p:StatusCode Value="urn:oasis:names:tc:SAML:2.0:status:Success" xsi:type="saml2p:StatusCodeType"></saml2p:StatusCode></saml2p:Status><saml2:EncryptedAssertion xmlns:saml2="urn:oasis:names:tc:SAML:2.0:assertion"><xenc:EncryptedData xmlns:xenc="http://www.w3.org/2001/04/xmlenc#" Id="_342b7556129aa4bf1da48ff614b71a58" Type="http://www.w3.org/2001/04/xmlenc#Element"><xenc:EncryptionMethod Algorithm="http://www.w3.org/2001/04/xmlenc#aes128-cbc"></xenc:EncryptionMethod><ds:KeyInfo xmlns:ds="http://www.w3.org/2000/09/xmldsig#"><ds:RetrievalMethod Type="http://www.w3.org/2001/04/xmlenc#EncryptedKey" URI="#_0181f65e0f59ce8dd8eb3dbfc5ddd442"></ds:RetrievalMethod></ds:KeyInfo><xenc:CipherData><xenc:CipherValue>UWgNXcg4SCyvFqGx6AJcv2Dzk/9zJ9OXtbeRoTCvTjcgSVjL1kmXjVNf096XS5t2jM9NhQk3+DZP
fBQc0Z99XO4eiQzSnNDkqnqQYU44citGO3MKKIVpFrnTDeyUcmcS2D9x9aYGR76se8XyIuxkBBzr
xqYsOYiBPXKn5qwXIao6KfDwzffHgrhP1X+kJKkSnaIayBjXGXXt6aW865N+yYfq3BN8P0xr0H+f
mhkfoZVA7HYXN7F1fqYRj4Sg10mFWX+0eEqeAOJbtszR2+AhjRsNC20S3oJjfqUT4Ci0Iof4IQgv
kOE2aABpyzN4cP38CAkWHcXFqLGV7KuhWvw8RZGyADbF/qpBLmGHAgHo02Ab3kcFhOh1Q75oPav0
aJR/1LBPsHvvKUSUUCbAzGpvwPjsnSk9z4LtL/SfijEC5hauLEbnei34xl7auc5eXtkTsZuxKr2r
UNu9bQP4R+xBdu6uJb8CwU4DQpRwfjH/XIDY1Ja28lXnedBV8eeZydtOxE0GNz4v9Ys9T6RbTjiB
IRBUFdSUsqh2qNR8gf88OPSs4X1/rTwC7Dy9A8aqZCsNZecIASA08Gukp4ai+mQdPuXmAL+4o3Gw
O5uTEUej5iUzvQXgPO7axSMz8VOs5aDDUffRP7aGpn33+2cOE298H9Pk6abJo0zue65NI3+q/wJt
O4b2i7Ytg9NEuqs7YAFUyO1txEoi38VeXSdCQv6BJA94LVzuz442xzpBz+O2r/baHDLCQUQ2MiNz
EBhNSwB5C005tU70sktvU57TgQdq+6CtSM1Bc2bZJ6YkJHxBkWFbNPdyNLpPJ1eKmIeKWHTkdGzM
Gt/ExOg3I1nRdIXcGLhjWdq4xh8om9gIZgu54m7T27n+WGNMX7y+I2ZpAbEo0RgDeyPeQfLRG3+D
6W2jsy+9rJCgYaNoFQSA/7YxM4ehdOl1ilHXc00Ew2wA6ABLwuK9v5DMJKEXAlIJEA+cOHSATb5w
Kz/33k4JEa51xGwm4hQV1wG3z1J/3jP4arn/tSkLMwevxNx+GDW5PT9wFSvqmV/TtR6RKkzIsTg+
jJSqKrmMnPxVbcHLioQ4RepTjwvmndTZcNiOGpAGbvvRr+CxOLUMpXRiIOID10f0AMtogmjN6HIf
N9n12Ld3oxkTNR846GuhKHJdEGjSQdBvAf1tmsPpwltrZQMy2JtBPs/syk2q8cgjfX7SamyV0OC3
gOPHnMhYb2lUUbzagRGPXuSsUFgybNn+Z9iREhmdKZ5Vhfq9RyP68vTZn+KxCWSphWdGEoUUmxZe
B7eqR3HRr37zeaGgOS0rGX/cXN8QySunCsM0wPLtEVfuXt0KZ/mmvUDEVMmcZZIXe+UtAT99QSGJ
FZb6CzLGkWh8YYSx19hJWZA0jtLrTxbOHZHQKf/rQ1H3rzbTd1tLSmTjCMhK/WcfKVHkp7yxMj9E
Sa/fXxrsxIAIOwag8iSuKc7mNWCCSMMkV+rL46v+veql1DsPHT619vmNpFXsF7IxxpNVcdlxCqha
g8TY9HyAS7csHS05NH76RVQNpewOXzMyYcAntHeD2gvm0dG2f9z8wt40p46m04an9tamw68V46wJ
57tDNXCEhmBADnhLT5+e8R8j4muNGNn7WsshjV7bHCVpzfQ7jTmHpbbuUxfJ0igzz9v/hRfgGFZU
mqTgzZ/Logo0KBJ7/G6ZbYLthvcsAYdfALrjSIXCmHgLYirH2MrXWnXuYQpWvwPEjb58GFY69Cx8
XPxIUQdCoTVFJzOSi4NyqAMmGr/QAsoVN8NO7+KUJy1n0fnC2blHno6cl25K86qDe4jNo/pCSrhH
kwI9EAvEB3XJxWDWakSgP0O2NM0clBDcCNZnsKVsOZqpP5zVprRUvIKN/EEiPM2MBjgaeUsngFO7
iXDLMOdsTZm9FVJaVIPgBPzkzZnj7IQT22X55eUc3Tfs6OUTpk+6h6HLm+IA2TiEs/p2KNFmeFz1
fVsND3V8iu4IAEKdB1rQK/mzxuBNw45hCb16t0VOxMi1tTTWmGqhX1ftIXMd1mGfbB0U1dNzGx8Q
9LTQZmVJYutnO2gq6DRWp3x61C2JtXC2OsO6BjFvKGqxg2tku//qeDTpOQ4W/rAXY5qHiDz2GyvL
4BArmMoINdCWCwoCrz+/yLy5R//p9/hVXXRlcOuDilBd2cHVYYO9dTHKGeBramos84qRlfGeC1T+
rLBSlYaEuCiM/k/L9n8GH3Vhia0Kmw1geF3Yq+Zn7JYAQO+RGHUYTbr+JeqlqXDDa96ZKPEeDyOy
KPNmqonolVsQIaR7Se2yAmbEkks3EE26rNGzvCeues3ZIkEqbxFsWA7d1xlksRlhVZwExTzOEkrM
x+53UPawCj79OUl81lh4yo6wjxrNzDG+Jg8SHNJMSNvljKKGDICJoaaqE9Zv/3gLziAPxVtAk5tk
u24qIBvC9iAhbdeYhDCyYtb87lFjfX0jbr1kG1OHZi3EdLFpVBn2AAZcQxGXQziI0Ha11Odck/pX
etpdl8+8mMq0eaZ9ZM/AVVkVKYgdSvrYheWGVElPzF7yj5ydRnne/T6dOiNQpwsn4qQDDY9m4tT6
TLhq/14PcYCWU+n3BNryvjpBuoEKFXf+xmLjBi9G06LjprRdzrsKPXuvT9Hb4yMHOuJTFvb9xOxJ
fMIOidqm0498B6em1ACYbEdq4sUagYsvXYGA0E/4qNNAQ6V9WqPjMLbGRNESou2B6Ydu4CpltH8C
XZ8HTyYcQWJ3LZO2DjluuQjEmziY+p8U5Cx986uek+dyoeDltJbtgXgTgjDxuwk8FS3WS6XfDT1D
F6anSxeD9rGS9MmI70VdWoMxVkd2+1iT24aAwDfdeBsr/5Ls4SRBA+oVLkuO9IHibn+L0kyfAYM3
GCJYrkIQh80YbTu6opuVAE6JwfbZYCd7ank9Wr0Kv10BI9v/YnQ0dofA</xenc:CipherValue></xenc:CipherData></xenc:EncryptedData><xenc:EncryptedKey xmlns:xenc="http://www.w3.org/2001/04/xmlenc#" Id="_0181f65e0f59ce8dd8eb3dbfc5ddd442"><xenc:EncryptionMethod Algorithm="http://www.w3.org/2001/04/xmlenc#rsa-oaep-mgf1p"><ds:DigestMethod xmlns:ds="http://www.w3.org/2000/09/xmldsig#" Algorithm="http://www.w3.org/2000/09/xmldsig#sha1"></ds:DigestMethod></xenc:EncryptionMethod><xenc:CipherData><xenc:CipherValue>ixJAWYkHjoFLzf9qccE8uqdxnC/qXIM5nOlF45ZuKrwMTNf3mVIlKeBWE35rXbE3CX8RzEKkRBMG
3aQpi+aewSLgOLq/FFL4Pr3hZyEKePpKyzV9LFhEcSVMmh97BmqsUE3dfSif5REFx3iAjgV9QZpE
OxQL5dRpq1FD4XTAbmXP7PdQ5EHfQMWvgKVbAkcaz7AmBdypPl426hQuXwPHZPcuPPhN53HU5y24
NmN/QeA9MPiaCLc0Vuq6+bL2wpVyOZaTAmW4HjCjzqB5no/8C4hykeP2ci4qBpisFWvYPpv4FSpq
j3qsIMuUwamANvNJpSGOZBW1H3ZnfWEComLCWA==</xenc:CipherValue></xenc:CipherData><xenc:ReferenceList><xenc:DataReference URI="#_342b7556129aa4bf1da48ff614b71a58"></xenc:DataReference></xenc:ReferenceList></xenc:EncryptedKey></saml2:EncryptedAssertion></saml2p:Response>
14:58:09.897 [Test worker] DEBUG org.apache.xml.security.utils.SignerOutputStream - Canonicalized SignedInfo:
14:58:09.897 [Test worker] DEBUG org.apache.xml.security.utils.SignerOutputStream - <ds:SignedInfo xmlns:ds="http://www.w3.org/2000/09/xmldsig#">
<ds:CanonicalizationMethod Algorithm="http://www.w3.org/2001/10/xml-exc-c14n#"></ds:CanonicalizationMethod>
<ds:SignatureMethod Algorithm="http://www.w3.org/2000/09/xmldsig#rsa-sha1"></ds:SignatureMethod>
<ds:Reference URI="#default-response-id">
<ds:Transforms>
<ds:Transform Algorithm="http://www.w3.org/2000/09/xmldsig#enveloped-signature"></ds:Transform>
<ds:Transform Algorithm="http://www.w3.org/2001/10/xml-exc-c14n#"></ds:Transform>
</ds:Transforms>
<ds:DigestMethod Algorithm="http://www.w3.org/2001/04/xmlenc#sha256"></ds:DigestMethod>
<ds:DigestValue>5m2I+T0FDxvfCBm9Y5Xt5UKI1viXY8Jjngs/d/N1mPs=</ds:DigestValue>
</ds:Reference>
</ds:SignedInfo>
14:58:09.901 [Test worker] DEBUG org.apache.xml.security.utils.ElementProxy - setElement("ds:Transform", "null")
14:58:09.901 [Test worker] DEBUG org.opensaml.saml.security.impl.SAMLSignatureProfileValidator - Saw Enveloped signature transform
14:58:09.901 [Test worker] DEBUG org.apache.xml.security.utils.ElementProxy - setElement("ds:Transform", "null")
14:58:09.901 [Test worker] DEBUG org.opensaml.saml.security.impl.SAMLSignatureProfileValidator - Saw Exclusive C14N signature transform
14:58:09.901 [Test worker] DEBUG org.opensaml.xmlsec.signature.support.impl.BaseSignatureTrustEngine - Performing signature algorithm whitelist/blacklist validation using params from CriteriaSet
14:58:09.901 [Test worker] DEBUG org.opensaml.xmlsec.signature.support.impl.SignatureAlgorithmValidator - Validating SignedInfo/SignatureMethod/@Algorithm against whitelist/blacklist: http://www.w3.org/2000/09/xmldsig#rsa-sha1
14:58:09.901 [Test worker] DEBUG org.opensaml.xmlsec.signature.support.impl.SignatureAlgorithmValidator - Validating algorithm URI against whitelist and blacklist: algorithm: http://www.w3.org/2000/09/xmldsig#rsa-sha1, whitelist: [http://www.w3.org/2001/04/xmldsig-more#rsa-sha512, http://www.w3.org/2000/09/xmldsig#sha1, http://www.w3.org/2001/04/xmlenc#sha512, http://www.w3.org/2001/04/xmldsig-more#rsa-sha256, http://www.w3.org/2001/04/xmlenc#sha256, http://www.w3.org/2000/09/xmldsig#rsa-sha1], blacklist: []
14:58:09.901 [Test worker] DEBUG org.opensaml.xmlsec.algorithm.AlgorithmSupport - Saw non-null algorithm blacklist: []
14:58:09.901 [Test worker] DEBUG org.opensaml.xmlsec.algorithm.AlgorithmSupport - Algorithm passed blacklist validation: http://www.w3.org/2000/09/xmldsig#rsa-sha1
14:58:09.901 [Test worker] DEBUG org.opensaml.xmlsec.algorithm.AlgorithmSupport - Saw non-null algorithm whitelist: [http://www.w3.org/2001/04/xmldsig-more#rsa-sha512, http://www.w3.org/2000/09/xmldsig#sha1, http://www.w3.org/2001/04/xmlenc#sha512, http://www.w3.org/2001/04/xmldsig-more#rsa-sha256, http://www.w3.org/2001/04/xmlenc#sha256, http://www.w3.org/2000/09/xmldsig#rsa-sha1]
14:58:09.901 [Test worker] DEBUG org.opensaml.xmlsec.algorithm.AlgorithmSupport - Algorithm passed whitelist validation: http://www.w3.org/2000/09/xmldsig#rsa-sha1
14:58:09.901 [Test worker] DEBUG org.opensaml.xmlsec.signature.support.impl.SignatureAlgorithmValidator - Validating SignedInfo/Reference/DigestMethod/@Algorithm against whitelist/blacklist: http://www.w3.org/2001/04/xmlenc#sha256
14:58:09.901 [Test worker] DEBUG org.opensaml.xmlsec.signature.support.impl.SignatureAlgorithmValidator - Validating algorithm URI against whitelist and blacklist: algorithm: http://www.w3.org/2001/04/xmlenc#sha256, whitelist: [http://www.w3.org/2001/04/xmldsig-more#rsa-sha512, http://www.w3.org/2000/09/xmldsig#sha1, http://www.w3.org/2001/04/xmlenc#sha512, http://www.w3.org/2001/04/xmldsig-more#rsa-sha256, http://www.w3.org/2001/04/xmlenc#sha256, http://www.w3.org/2000/09/xmldsig#rsa-sha1], blacklist: []
14:58:09.901 [Test worker] DEBUG org.opensaml.xmlsec.algorithm.AlgorithmSupport - Saw non-null algorithm blacklist: []
14:58:09.901 [Test worker] DEBUG org.opensaml.xmlsec.algorithm.AlgorithmSupport - Algorithm passed blacklist validation: http://www.w3.org/2001/04/xmlenc#sha256
14:58:09.901 [Test worker] DEBUG org.opensaml.xmlsec.algorithm.AlgorithmSupport - Saw non-null algorithm whitelist: [http://www.w3.org/2001/04/xmldsig-more#rsa-sha512, http://www.w3.org/2000/09/xmldsig#sha1, http://www.w3.org/2001/04/xmlenc#sha512, http://www.w3.org/2001/04/xmldsig-more#rsa-sha256, http://www.w3.org/2001/04/xmlenc#sha256, http://www.w3.org/2000/09/xmldsig#rsa-sha1]
14:58:09.901 [Test worker] DEBUG org.opensaml.xmlsec.algorithm.AlgorithmSupport - Algorithm passed whitelist validation: http://www.w3.org/2001/04/xmlenc#sha256
14:58:09.902 [Test worker] DEBUG org.opensaml.xmlsec.signature.support.impl.BaseSignatureTrustEngine - Attempting to verify signature and establish trust using KeyInfo-derived credentials
14:58:09.902 [Test worker] DEBUG org.opensaml.xmlsec.signature.support.impl.BaseSignatureTrustEngine - Signature contained no KeyInfo element, could not resolve verification credentials
14:58:09.902 [Test worker] DEBUG org.opensaml.xmlsec.signature.support.impl.BaseSignatureTrustEngine - Failed to verify signature and/or establish trust using any KeyInfo-derived credentials
14:58:09.902 [Test worker] DEBUG org.opensaml.xmlsec.signature.support.impl.ExplicitKeySignatureTrustEngine - Attempting to verify signature using trusted credentials
14:58:09.902 [Test worker] DEBUG org.opensaml.xmlsec.signature.support.SignatureValidationProvider - Using a validation provider of implementation: org.opensaml.xmlsec.signature.support.provider.ApacheSantuarioSignatureValidationProviderImpl
14:58:09.902 [Test worker] DEBUG org.opensaml.xmlsec.signature.support.provider.ApacheSantuarioSignatureValidationProviderImpl - Attempting to validate signature using key from supplied credential
14:58:09.902 [Test worker] DEBUG org.opensaml.xmlsec.signature.support.provider.ApacheSantuarioSignatureValidationProviderImpl - Accessing XMLSignature object
14:58:09.902 [Test worker] DEBUG org.opensaml.xmlsec.signature.support.provider.ApacheSantuarioSignatureValidationProviderImpl - Validating signature with signature algorithm URI: http://www.w3.org/2000/09/xmldsig#rsa-sha1
14:58:09.902 [Test worker] DEBUG org.opensaml.xmlsec.signature.support.provider.ApacheSantuarioSignatureValidationProviderImpl - Validation credential key algorithm 'RSA', key instance class 'sun.security.rsa.RSAPublicKeyImpl'
14:58:09.902 [Test worker] DEBUG org.apache.xml.security.signature.XMLSignature - signatureMethodURI = http://www.w3.org/2000/09/xmldsig#rsa-sha1
14:58:09.902 [Test worker] DEBUG org.apache.xml.security.signature.XMLSignature - jceSigAlgorithm    = SHA1withRSA
14:58:09.902 [Test worker] DEBUG org.apache.xml.security.signature.XMLSignature - jceSigProvider     = SunRsaSign
14:58:09.902 [Test worker] DEBUG org.apache.xml.security.signature.XMLSignature - PublicKey = Sun RSA public key, 2048 bits
  modulus: 29661565466865858822213777168282943426939714058048863814131618959262055326686524034067084771065231712149539921346081944346397936363399690100840608397845307756315334022317517219876633006263454147272155286336727606522796880921103550938022720211151696581738939213739476141952593191308436813042936252687545137035166455002660478121017225183474993112090021369737861768882984387493729935697205880819466743626280109454603687587536282588576195647432312509500999623830562445007026743026958608467395710329014740842807769757806142655188427663764629833308992121291511482553904626598854250168151827151971234837768337295616595808239
  public exponent: 65537
14:58:09.902 [Test worker] DEBUG org.apache.xml.security.utils.SignerOutputStream - Canonicalized SignedInfo:
14:58:09.902 [Test worker] DEBUG org.apache.xml.security.utils.SignerOutputStream - <ds:SignedInfo xmlns:ds="http://www.w3.org/2000/09/xmldsig#">
<ds:CanonicalizationMethod Algorithm="http://www.w3.org/2001/10/xml-exc-c14n#"></ds:CanonicalizationMethod>
<ds:SignatureMethod Algorithm="http://www.w3.org/2000/09/xmldsig#rsa-sha1"></ds:SignatureMethod>
<ds:Reference URI="#default-response-id">
<ds:Transforms>
<ds:Transform Algorithm="http://www.w3.org/2000/09/xmldsig#enveloped-signature"></ds:Transform>
<ds:Transform Algorithm="http://www.w3.org/2001/10/xml-exc-c14n#"></ds:Transform>
</ds:Transforms>
<ds:DigestMethod Algorithm="http://www.w3.org/2001/04/xmlenc#sha256"></ds:DigestMethod>
<ds:DigestValue>5m2I+T0FDxvfCBm9Y5Xt5UKI1viXY8Jjngs/d/N1mPs=</ds:DigestValue>
</ds:Reference>
</ds:SignedInfo>
14:58:09.902 [Test worker] DEBUG org.apache.xml.security.signature.Manifest - verify 1 References
14:58:09.902 [Test worker] DEBUG org.apache.xml.security.signature.Manifest - I am not requested to follow nested Manifests
14:58:09.902 [Test worker] DEBUG org.apache.xml.security.utils.ElementProxy - setElement("ds:Reference", "null")
14:58:09.902 [Test worker] DEBUG org.apache.xml.security.utils.ElementProxy - setElement("ds:Transforms", "null")
14:58:09.902 [Test worker] DEBUG org.apache.xml.security.algorithms.JCEMapper - Request for URI http://www.w3.org/2001/04/xmlenc#sha256
14:58:09.902 [Test worker] DEBUG org.apache.xml.security.utils.resolver.ResourceResolver - I was asked to create a ResourceResolver and got 0
14:58:09.902 [Test worker] DEBUG org.apache.xml.security.utils.resolver.ResourceResolver - check resolvability by class org.apache.xml.security.utils.resolver.ResourceResolver
14:58:09.902 [Test worker] DEBUG org.apache.xml.security.utils.resolver.implementations.ResolverFragment - State I can resolve reference: "#default-response-id"
14:58:09.902 [Test worker] DEBUG org.apache.xml.security.utils.resolver.implementations.ResolverFragment - Try to catch an Element with ID default-response-id and Element was [saml2p:Response: null]
14:58:09.902 [Test worker] DEBUG org.apache.xml.security.utils.ElementProxy - setElement("ds:Transform", "null")
14:58:09.902 [Test worker] DEBUG org.apache.xml.security.transforms.Transforms - Perform the (0)th http://www.w3.org/2000/09/xmldsig#enveloped-signature transform
14:58:09.902 [Test worker] DEBUG org.apache.xml.security.utils.ElementProxy - setElement("ds:Transform", "null")
14:58:09.902 [Test worker] DEBUG org.apache.xml.security.transforms.Transforms - Perform the (1)th http://www.w3.org/2001/10/xml-exc-c14n# transform
14:58:09.903 [Test worker] DEBUG org.apache.xml.security.utils.DigesterOutputStream - Pre-digested input:
14:58:09.903 [Test worker] DEBUG org.apache.xml.security.utils.DigesterOutputStream - <saml2p:Response xmlns:saml2p="urn:oasis:names:tc:SAML:2.0:protocol" xmlns:xsi="http://www.w3.org/2001/XMLSchema-instance" Destination="http://destination.com" ID="default-response-id" InResponseTo="default-request-id" IssueInstant="2018-04-03T13:58:09.888Z" Version="2.0" xsi:type="saml2p:ResponseType"><saml2:Issuer xmlns:saml2="urn:oasis:names:tc:SAML:2.0:assertion">a-test-entity</saml2:Issuer><saml2p:Status xsi:type="saml2p:StatusType"><saml2p:StatusCode Value="urn:oasis:names:tc:SAML:2.0:status:Success" xsi:type="saml2p:StatusCodeType"></saml2p:StatusCode></saml2p:Status><saml2:EncryptedAssertion xmlns:saml2="urn:oasis:names:tc:SAML:2.0:assertion"><xenc:EncryptedData xmlns:xenc="http://www.w3.org/2001/04/xmlenc#" Id="_342b7556129aa4bf1da48ff614b71a58" Type="http://www.w3.org/2001/04/xmlenc#Element"><xenc:EncryptionMethod Algorithm="http://www.w3.org/2001/04/xmlenc#aes128-cbc"></xenc:EncryptionMethod><ds:KeyInfo xmlns:ds="http://www.w3.org/2000/09/xmldsig#"><ds:RetrievalMethod Type="http://www.w3.org/2001/04/xmlenc#EncryptedKey" URI="#_0181f65e0f59ce8dd8eb3dbfc5ddd442"></ds:RetrievalMethod></ds:KeyInfo><xenc:CipherData><xenc:CipherValue>UWgNXcg4SCyvFqGx6AJcv2Dzk/9zJ9OXtbeRoTCvTjcgSVjL1kmXjVNf096XS5t2jM9NhQk3+DZP
fBQc0Z99XO4eiQzSnNDkqnqQYU44citGO3MKKIVpFrnTDeyUcmcS2D9x9aYGR76se8XyIuxkBBzr
xqYsOYiBPXKn5qwXIao6KfDwzffHgrhP1X+kJKkSnaIayBjXGXXt6aW865N+yYfq3BN8P0xr0H+f
mhkfoZVA7HYXN7F1fqYRj4Sg10mFWX+0eEqeAOJbtszR2+AhjRsNC20S3oJjfqUT4Ci0Iof4IQgv
kOE2aABpyzN4cP38CAkWHcXFqLGV7KuhWvw8RZGyADbF/qpBLmGHAgHo02Ab3kcFhOh1Q75oPav0
aJR/1LBPsHvvKUSUUCbAzGpvwPjsnSk9z4LtL/SfijEC5hauLEbnei34xl7auc5eXtkTsZuxKr2r
UNu9bQP4R+xBdu6uJb8CwU4DQpRwfjH/XIDY1Ja28lXnedBV8eeZydtOxE0GNz4v9Ys9T6RbTjiB
IRBUFdSUsqh2qNR8gf88OPSs4X1/rTwC7Dy9A8aqZCsNZecIASA08Gukp4ai+mQdPuXmAL+4o3Gw
O5uTEUej5iUzvQXgPO7axSMz8VOs5aDDUffRP7aGpn33+2cOE298H9Pk6abJo0zue65NI3+q/wJt
O4b2i7Ytg9NEuqs7YAFUyO1txEoi38VeXSdCQv6BJA94LVzuz442xzpBz+O2r/baHDLCQUQ2MiNz
EBhNSwB5C005tU70sktvU57TgQdq+6CtSM1Bc2bZJ6YkJHxBkWFbNPdyNLpPJ1eKmIeKWHTkdGzM
Gt/ExOg3I1nRdIXcGLhjWdq4xh8om9gIZgu54m7T27n+WGNMX7y+I2ZpAbEo0RgDeyPeQfLRG3+D
6W2jsy+9rJCgYaNoFQSA/7YxM4ehdOl1ilHXc00Ew2wA6ABLwuK9v5DMJKEXAlIJEA+cOHSATb5w
Kz/33k4JEa51xGwm4hQV1wG3z1J/3jP4arn/tSkLMwevxNx+GDW5PT9wFSvqmV/TtR6RKkzIsTg+
jJSqKrmMnPxVbcHLioQ4RepTjwvmndTZcNiOGpAGbvvRr+CxOLUMpXRiIOID10f0AMtogmjN6HIf
N9n12Ld3oxkTNR846GuhKHJdEGjSQdBvAf1tmsPpwltrZQMy2JtBPs/syk2q8cgjfX7SamyV0OC3
gOPHnMhYb2lUUbzagRGPXuSsUFgybNn+Z9iREhmdKZ5Vhfq9RyP68vTZn+KxCWSphWdGEoUUmxZe
B7eqR3HRr37zeaGgOS0rGX/cXN8QySunCsM0wPLtEVfuXt0KZ/mmvUDEVMmcZZIXe+UtAT99QSGJ
FZb6CzLGkWh8YYSx19hJWZA0jtLrTxbOHZHQKf/rQ1H3rzbTd1tLSmTjCMhK/WcfKVHkp7yxMj9E
Sa/fXxrsxIAIOwag8iSuKc7mNWCCSMMkV+rL46v+veql1DsPHT619vmNpFXsF7IxxpNVcdlxCqha
g8TY9HyAS7csHS05NH76RVQNpewOXzMyYcAntHeD2gvm0dG2f9z8wt40p46m04an9tamw68V46wJ
57tDNXCEhmBADnhLT5+e8R8j4muNGNn7WsshjV7bHCVpzfQ7jTmHpbbuUxfJ0igzz9v/hRfgGFZU
mqTgzZ/Logo0KBJ7/G6ZbYLthvcsAYdfALrjSIXCmHgLYirH2MrXWnXuYQpWvwPEjb58GFY69Cx8
XPxIUQdCoTVFJzOSi4NyqAMmGr/QAsoVN8NO7+KUJy1n0fnC2blHno6cl25K86qDe4jNo/pCSrhH
kwI9EAvEB3XJxWDWakSgP0O2NM0clBDcCNZnsKVsOZqpP5zVprRUvIKN/EEiPM2MBjgaeUsngFO7
iXDLMOdsTZm9FVJaVIPgBPzkzZnj7IQT22X55eUc3Tfs6OUTpk+6h6HLm+IA2TiEs/p2KNFmeFz1
fVsND3V8iu4IAEKdB1rQK/mzxuBNw45hCb16t0VOxMi1tTTWmGqhX1ftIXMd1mGfbB0U1dNzGx8Q
9LTQZmVJYutnO2gq6DRWp3x61C2JtXC2OsO6BjFvKGqxg2tku//qeDTpOQ4W/rAXY5qHiDz2GyvL
4BArmMoINdCWCwoCrz+/yLy5R//p9/hVXXRlcOuDilBd2cHVYYO9dTHKGeBramos84qRlfGeC1T+
rLBSlYaEuCiM/k/L9n8GH3Vhia0Kmw1geF3Yq+Zn7JYAQO+RGHUYTbr+JeqlqXDDa96ZKPEeDyOy
KPNmqonolVsQIaR7Se2yAmbEkks3EE26rNGzvCeues3ZIkEqbxFsWA7d1xlksRlhVZwExTzOEkrM
x+53UPawCj79OUl81lh4yo6wjxrNzDG+Jg8SHNJMSNvljKKGDICJoaaqE9Zv/3gLziAPxVtAk5tk
u24qIBvC9iAhbdeYhDCyYtb87lFjfX0jbr1kG1OHZi3EdLFpVBn2AAZcQxGXQziI0Ha11Odck/pX
etpdl8+8mMq0eaZ9ZM/AVVkVKYgdSvrYheWGVElPzF7yj5ydRnne/T6dOiNQpwsn4qQDDY9m4tT6
TLhq/14PcYCWU+n3BNryvjpBuoEKFXf+xmLjBi9G06LjprRdzrsKPXuvT9Hb4yMHOuJTFvb9xOxJ
fMIOidqm0498B6em1ACYbEdq4sUagYsvXYGA0E/4qNNAQ6V9WqPjMLbGRNESou2B6Ydu4CpltH8C
XZ8HTyYcQWJ3LZO2DjluuQjEmziY+p8U5Cx986uek+dyoeDltJbtgXgTgjDxuwk8FS3WS6XfDT1D
F6anSxeD9rGS9MmI70VdWoMxVkd2+1iT24aAwDfdeBsr/5Ls4SRBA+oVLkuO9IHibn+L0kyfAYM3
GCJYrkIQh80YbTu6opuVAE6JwfbZYCd7ank9Wr0Kv10BI9v/YnQ0dofA</xenc:CipherValue></xenc:CipherData></xenc:EncryptedData><xenc:EncryptedKey xmlns:xenc="http://www.w3.org/2001/04/xmlenc#" Id="_0181f65e0f59ce8dd8eb3dbfc5ddd442"><xenc:EncryptionMethod Algorithm="http://www.w3.org/2001/04/xmlenc#rsa-oaep-mgf1p"><ds:DigestMethod xmlns:ds="http://www.w3.org/2000/09/xmldsig#" Algorithm="http://www.w3.org/2000/09/xmldsig#sha1"></ds:DigestMethod></xenc:EncryptionMethod><xenc:CipherData><xenc:CipherValue>ixJAWYkHjoFLzf9qccE8uqdxnC/qXIM5nOlF45ZuKrwMTNf3mVIlKeBWE35rXbE3CX8RzEKkRBMG
3aQpi+aewSLgOLq/FFL4Pr3hZyEKePpKyzV9LFhEcSVMmh97BmqsUE3dfSif5REFx3iAjgV9QZpE
OxQL5dRpq1FD4XTAbmXP7PdQ5EHfQMWvgKVbAkcaz7AmBdypPl426hQuXwPHZPcuPPhN53HU5y24
NmN/QeA9MPiaCLc0Vuq6+bL2wpVyOZaTAmW4HjCjzqB5no/8C4hykeP2ci4qBpisFWvYPpv4FSpq
j3qsIMuUwamANvNJpSGOZBW1H3ZnfWEComLCWA==</xenc:CipherValue></xenc:CipherData><xenc:ReferenceList><xenc:DataReference URI="#_342b7556129aa4bf1da48ff614b71a58"></xenc:DataReference></xenc:ReferenceList></xenc:EncryptedKey></saml2:EncryptedAssertion></saml2p:Response>
14:58:09.903 [Test worker] DEBUG org.apache.xml.security.signature.Reference - Verification successful for URI "#default-response-id"
14:58:09.903 [Test worker] DEBUG org.apache.xml.security.signature.Manifest - The Reference has Type 
14:58:09.903 [Test worker] DEBUG org.opensaml.xmlsec.signature.support.provider.ApacheSantuarioSignatureValidationProviderImpl - Signature validated with key from supplied credential
14:58:09.903 [Test worker] DEBUG org.opensaml.xmlsec.signature.support.impl.BaseSignatureTrustEngine - Signature validation using candidate credential was successful
14:58:09.903 [Test worker] DEBUG org.opensaml.xmlsec.signature.support.impl.ExplicitKeySignatureTrustEngine - Successfully verified signature using resolved trusted credential
14:58:09.903 [Test worker] DEBUG org.opensaml.saml.common.SAMLObjectSupport - Examining signed object for content references with exclusive canonicalization transform
14:58:09.903 [Test worker] DEBUG org.opensaml.saml.common.SAMLObjectSupport - Saw exclusive transform, declaring non-visible namespaces on signed object
14:58:09.904 [Test worker] DEBUG org.opensaml.xmlsec.signature.impl.SignatureMarshaller - Starting to marshall {http://www.w3.org/2000/09/xmldsig#}Signature
14:58:09.904 [Test worker] DEBUG org.opensaml.xmlsec.signature.impl.SignatureMarshaller - Creating XMLSignature object
14:58:09.904 [Test worker] DEBUG org.apache.xml.security.algorithms.SignatureAlgorithm - Create URI "http://www.w3.org/2001/04/xmldsig-more#rsa-sha256" class "class org.apache.xml.security.algorithms.implementations.SignatureBaseRSA$SignatureRSASHA256"
14:58:09.904 [Test worker] DEBUG org.apache.xml.security.algorithms.JCEMapper - Request for URI http://www.w3.org/2001/04/xmldsig-more#rsa-sha256
14:58:09.904 [Test worker] DEBUG org.apache.xml.security.algorithms.implementations.SignatureBaseRSA - Created SignatureRSA using SHA256withRSA
14:58:09.904 [Test worker] DEBUG org.opensaml.xmlsec.signature.impl.SignatureMarshaller - Adding content to XMLSignature.
14:58:09.904 [Test worker] DEBUG org.apache.xml.security.transforms.Transforms - Transforms.addTransform(http://www.w3.org/2000/09/xmldsig#enveloped-signature)
14:58:09.904 [Test worker] DEBUG org.apache.xml.security.transforms.Transform - Create URI "http://www.w3.org/2000/09/xmldsig#enveloped-signature" class "class org.apache.xml.security.transforms.implementations.TransformEnvelopedSignature"
14:58:09.904 [Test worker] DEBUG org.apache.xml.security.transforms.Transform - The NodeList is null
14:58:09.904 [Test worker] DEBUG org.apache.xml.security.transforms.Transforms - Transforms.addTransform(http://www.w3.org/2000/09/xmldsig#enveloped-signature)
14:58:09.904 [Test worker] DEBUG org.apache.xml.security.transforms.Transforms - Transforms.addTransform(http://www.w3.org/2001/10/xml-exc-c14n#)
14:58:09.904 [Test worker] DEBUG org.apache.xml.security.transforms.Transform - Create URI "http://www.w3.org/2001/10/xml-exc-c14n#" class "class org.apache.xml.security.transforms.implementations.TransformC14NExclusive"
14:58:09.904 [Test worker] DEBUG org.apache.xml.security.transforms.Transform - The NodeList is null
14:58:09.904 [Test worker] DEBUG org.apache.xml.security.transforms.Transforms - Transforms.addTransform(http://www.w3.org/2001/10/xml-exc-c14n#)
14:58:09.904 [Test worker] DEBUG org.apache.xml.security.utils.ElementProxy - setElement("ds:Transform", "null")
14:58:09.904 [Test worker] DEBUG org.opensaml.saml.common.SAMLObjectContentReference - Adding list of inclusive namespaces for signature exclusive canonicalization transform
14:58:09.904 [Test worker] DEBUG org.opensaml.xmlsec.signature.impl.SignatureMarshaller - Creating Signature DOM element
14:58:09.904 [Test worker] DEBUG org.opensaml.xmlsec.signature.support.Signer - Using a signer of implemenation: org.opensaml.xmlsec.signature.support.provider.ApacheSantuarioSignerProviderImpl
14:58:09.904 [Test worker] DEBUG org.opensaml.xmlsec.signature.support.provider.ApacheSantuarioSignerProviderImpl - Computing signature over XMLSignature object
14:58:09.904 [Test worker] DEBUG org.apache.xml.security.algorithms.JCEMapper - Request for URI http://www.w3.org/2001/04/xmlenc#sha256
14:58:09.904 [Test worker] DEBUG org.apache.xml.security.utils.resolver.ResourceResolver - I was asked to create a ResourceResolver and got 0
14:58:09.904 [Test worker] DEBUG org.apache.xml.security.utils.resolver.ResourceResolver - check resolvability by class org.apache.xml.security.utils.resolver.ResourceResolver
14:58:09.904 [Test worker] DEBUG org.apache.xml.security.utils.resolver.implementations.ResolverFragment - State I can resolve reference: "#some-assertion-id"
14:58:09.904 [Test worker] DEBUG org.apache.xml.security.utils.resolver.implementations.ResolverFragment - Try to catch an Element with ID some-assertion-id and Element was [saml2:Assertion: null]
14:58:09.904 [Test worker] DEBUG org.apache.xml.security.utils.ElementProxy - setElement("ds:Transform", "null")
14:58:09.904 [Test worker] DEBUG org.apache.xml.security.transforms.Transforms - Perform the (0)th http://www.w3.org/2000/09/xmldsig#enveloped-signature transform
14:58:09.904 [Test worker] DEBUG org.apache.xml.security.utils.ElementProxy - setElement("ds:Transform", "null")
14:58:09.904 [Test worker] DEBUG org.apache.xml.security.transforms.Transforms - Perform the (1)th http://www.w3.org/2001/10/xml-exc-c14n# transform
14:58:09.904 [Test worker] DEBUG org.apache.xml.security.utils.DigesterOutputStream - Pre-digested input:
14:58:09.904 [Test worker] DEBUG org.apache.xml.security.utils.DigesterOutputStream - <saml2:Assertion xmlns:saml2="urn:oasis:names:tc:SAML:2.0:assertion" xmlns:xsi="http://www.w3.org/2001/XMLSchema-instance" ID="some-assertion-id" IssueInstant="2018-04-03T13:58:09.903Z" Version="2.0" xsi:type="saml2:AssertionType"><saml2:Issuer>a-test-entity</saml2:Issuer><saml2:Subject xsi:type="saml2:SubjectType"><saml2:NameID Format="urn:oasis:names:tc:SAML:2.0:nameid-format:persistent"></saml2:NameID><saml2:SubjectConfirmation Method="urn:oasis:names:tc:SAML:2.0:cm:bearer" xsi:type="saml2:SubjectConfirmationType"><saml2:SubjectConfirmationData InResponseTo="default-request-id" NotOnOrAfter="2018-04-03T14:13:09.903Z" Recipient="https://signin.service.gov.uk" xsi:type="saml2:SubjectConfirmationDataType"></saml2:SubjectConfirmationData></saml2:SubjectConfirmation></saml2:Subject><saml2:Conditions xsi:type="saml2:ConditionsType"><saml2:AudienceRestriction xsi:type="saml2:AudienceRestrictionType"><saml2:Audience>https://signin.service.gov.uk</saml2:Audience></saml2:AudienceRestriction></saml2:Conditions></saml2:Assertion>
14:58:09.905 [Test worker] DEBUG org.apache.xml.security.utils.SignerOutputStream - Canonicalized SignedInfo:
14:58:09.905 [Test worker] DEBUG org.apache.xml.security.utils.SignerOutputStream - <ds:SignedInfo xmlns:ds="http://www.w3.org/2000/09/xmldsig#">
<ds:CanonicalizationMethod Algorithm="http://www.w3.org/2001/10/xml-exc-c14n#"></ds:CanonicalizationMethod>
<ds:SignatureMethod Algorithm="http://www.w3.org/2001/04/xmldsig-more#rsa-sha256"></ds:SignatureMethod>
<ds:Reference URI="#some-assertion-id">
<ds:Transforms>
<ds:Transform Algorithm="http://www.w3.org/2000/09/xmldsig#enveloped-signature"></ds:Transform>
<ds:Transform Algorithm="http://www.w3.org/2001/10/xml-exc-c14n#"></ds:Transform>
</ds:Transforms>
<ds:DigestMethod Algorithm="http://www.w3.org/2001/04/xmlenc#sha256"></ds:DigestMethod>
<ds:DigestValue>zHKTAvr3JvNquYb2or8LRc0GoP3DWaKBWciz/jp4tac=</ds:DigestValue>
</ds:Reference>
</ds:SignedInfo>
14:58:09.909 [Test worker] DEBUG org.opensaml.core.xml.util.XMLObjectSupport - Marshalling XMLObject
14:58:09.909 [Test worker] DEBUG org.opensaml.core.xml.util.XMLObjectSupport - XMLObject already had cached DOM, returning that element
14:58:09.909 [Test worker] DEBUG org.opensaml.saml.saml2.encryption.Encrypter - Assertion before encryption:
<?xml version="1.0" encoding="UTF-8"?>
<saml2:Assertion ID="some-assertion-id"
    IssueInstant="2018-04-03T13:58:09.903Z" Version="2.0"
    xmlns:saml2="urn:oasis:names:tc:SAML:2.0:assertion"
    xmlns:xsi="http://www.w3.org/2001/XMLSchema-instance" xsi:type="saml2:AssertionType">
    <saml2:Issuer>a-test-entity</saml2:Issuer>
    <ds:Signature
                xmlns:ds="http://www.w3.org/2000/09/xmldsig#">
<ds:SignedInfo>
<ds:CanonicalizationMethod
                Algorithm="http://www.w3.org/2001/10/xml-exc-c14n#"/>
<ds:SignatureMethod
                Algorithm="http://www.w3.org/2001/04/xmldsig-more#rsa-sha256"/>
<ds:Reference
                        URI="#some-assertion-id">
<ds:Transforms>
<ds:Transform
                        Algorithm="http://www.w3.org/2000/09/xmldsig#enveloped-signature"/>
<ds:Transform
                    Algorithm="http://www.w3.org/2001/10/xml-exc-c14n#"/>
</ds:Transforms>
<ds:DigestMethod Algorithm="http://www.w3.org/2001/04/xmlenc#sha256"/>
<ds:DigestValue>zHKTAvr3JvNquYb2or8LRc0GoP3DWaKBWciz/jp4tac=</ds:DigestValue>
</ds:Reference>
</ds:SignedInfo>
<ds:SignatureValue>
GQaEkD/qeYCutvPk4X7+afR6dyRYuuhJh3+oAyqFNkeHDd+9yNndhAJONbuDT+ErxjcZl6MZ7T0F
vae1OOvrB86Rx1Q4QurbUsana63CXqzZTREct/AEeDsmGEp9sDJeREmBtQ39TX2X6+C1mYf702VF
khqKVepnqdoMHvVxRUTKBaqA6ynQ6yLM22W/iEB0RekyWE20Aq1CISxugaTFgZL42zWrvxOP2ex8
XJPRquT80malh5Wjo0dFYotq7Y572CNZY1SbwyQh4Ve9cP/h2jU20XLEKKlwKpSAwJ480bzFFTVb
CRfNld9104I4aQDlpws/E6HdQtKYtKArO2WoXw==
</ds:SignatureValue>
</ds:Signature>
    <saml2:Subject xsi:type="saml2:SubjectType">
        <saml2:NameID Format="urn:oasis:names:tc:SAML:2.0:nameid-format:persistent"/>
        <saml2:SubjectConfirmation
            Method="urn:oasis:names:tc:SAML:2.0:cm:bearer" xsi:type="saml2:SubjectConfirmationType">
            <saml2:SubjectConfirmationData
                InResponseTo="default-request-id"
                NotOnOrAfter="2018-04-03T14:13:09.903Z"
                Recipient="https://signin.service.gov.uk" xsi:type="saml2:SubjectConfirmationDataType"/>
        </saml2:SubjectConfirmation>
    </saml2:Subject>
    <saml2:Conditions xsi:type="saml2:ConditionsType">
        <saml2:AudienceRestriction xsi:type="saml2:AudienceRestrictionType">
            <saml2:Audience>https://signin.service.gov.uk</saml2:Audience>
        </saml2:AudienceRestriction>
    </saml2:Conditions>
</saml2:Assertion>

14:58:09.910 [Test worker] DEBUG org.opensaml.xmlsec.encryption.support.Encrypter - Generating random symmetric data encryption key from algorithm URI: http://www.w3.org/2001/04/xmlenc#aes128-cbc
14:58:09.910 [Test worker] DEBUG org.opensaml.xmlsec.encryption.support.Encrypter - Encrypting XMLObject using algorithm URI http://www.w3.org/2001/04/xmlenc#aes128-cbc with content mode false
14:58:09.910 [Test worker] DEBUG org.apache.xml.security.encryption.XMLCipher - Getting XMLCipher with transformation
14:58:09.910 [Test worker] DEBUG org.apache.xml.security.encryption.XMLCipher - Constructing XMLCipher...
14:58:09.910 [Test worker] DEBUG org.apache.xml.security.algorithms.JCEMapper - Request for URI http://www.w3.org/2001/04/xmlenc#aes128-cbc
14:58:09.910 [Test worker] DEBUG org.apache.xml.security.encryption.XMLCipher - JCE Algorithm = AES/CBC/ISO10126Padding
14:58:09.910 [Test worker] DEBUG org.apache.xml.security.encryption.XMLCipher - Initializing XMLCipher...
14:58:09.910 [Test worker] DEBUG org.apache.xml.security.encryption.XMLCipher - opmode = ENCRYPT_MODE
14:58:09.910 [Test worker] DEBUG org.apache.xml.security.encryption.XMLCipher - Encrypting element...
14:58:09.910 [Test worker] DEBUG org.apache.xml.security.encryption.XMLCipher - Serialized octets:
<saml2:Assertion xmlns:saml2="urn:oasis:names:tc:SAML:2.0:assertion" xmlns:xsi="http://www.w3.org/2001/XMLSchema-instance" ID="some-assertion-id" IssueInstant="2018-04-03T13:58:09.903Z" Version="2.0" xsi:type="saml2:AssertionType"><saml2:Issuer>a-test-entity</saml2:Issuer><ds:Signature xmlns:ds="http://www.w3.org/2000/09/xmldsig#">
<ds:SignedInfo>
<ds:CanonicalizationMethod Algorithm="http://www.w3.org/2001/10/xml-exc-c14n#"></ds:CanonicalizationMethod>
<ds:SignatureMethod Algorithm="http://www.w3.org/2001/04/xmldsig-more#rsa-sha256"></ds:SignatureMethod>
<ds:Reference URI="#some-assertion-id">
<ds:Transforms>
<ds:Transform Algorithm="http://www.w3.org/2000/09/xmldsig#enveloped-signature"></ds:Transform>
<ds:Transform Algorithm="http://www.w3.org/2001/10/xml-exc-c14n#"></ds:Transform>
</ds:Transforms>
<ds:DigestMethod Algorithm="http://www.w3.org/2001/04/xmlenc#sha256"></ds:DigestMethod>
<ds:DigestValue>zHKTAvr3JvNquYb2or8LRc0GoP3DWaKBWciz/jp4tac=</ds:DigestValue>
</ds:Reference>
</ds:SignedInfo>
<ds:SignatureValue>
GQaEkD/qeYCutvPk4X7+afR6dyRYuuhJh3+oAyqFNkeHDd+9yNndhAJONbuDT+ErxjcZl6MZ7T0F
vae1OOvrB86Rx1Q4QurbUsana63CXqzZTREct/AEeDsmGEp9sDJeREmBtQ39TX2X6+C1mYf702VF
khqKVepnqdoMHvVxRUTKBaqA6ynQ6yLM22W/iEB0RekyWE20Aq1CISxugaTFgZL42zWrvxOP2ex8
XJPRquT80malh5Wjo0dFYotq7Y572CNZY1SbwyQh4Ve9cP/h2jU20XLEKKlwKpSAwJ480bzFFTVb
CRfNld9104I4aQDlpws/E6HdQtKYtKArO2WoXw==
</ds:SignatureValue>
</ds:Signature><saml2:Subject xsi:type="saml2:SubjectType"><saml2:NameID Format="urn:oasis:names:tc:SAML:2.0:nameid-format:persistent"></saml2:NameID><saml2:SubjectConfirmation Method="urn:oasis:names:tc:SAML:2.0:cm:bearer" xsi:type="saml2:SubjectConfirmationType"><saml2:SubjectConfirmationData InResponseTo="default-request-id" NotOnOrAfter="2018-04-03T14:13:09.903Z" Recipient="https://signin.service.gov.uk" xsi:type="saml2:SubjectConfirmationDataType"></saml2:SubjectConfirmationData></saml2:SubjectConfirmation></saml2:Subject><saml2:Conditions xsi:type="saml2:ConditionsType"><saml2:AudienceRestriction xsi:type="saml2:AudienceRestrictionType"><saml2:Audience>https://signin.service.gov.uk</saml2:Audience></saml2:AudienceRestriction></saml2:Conditions></saml2:Assertion>
14:58:09.910 [Test worker] DEBUG org.apache.xml.security.encryption.XMLCipherUtil - Saw non-AES-GCM mode block cipher, returning IvParameterSpec: http://www.w3.org/2001/04/xmlenc#aes128-cbc
14:58:09.910 [Test worker] DEBUG org.apache.xml.security.encryption.XMLCipher - Expected cipher.outputSize = 2192
14:58:09.910 [Test worker] DEBUG org.apache.xml.security.encryption.XMLCipher - Actual cipher.outputSize = 2192
14:58:09.910 [Test worker] DEBUG org.apache.xml.security.encryption.XMLCipher - Encrypted octets:
irk5AZjbV3+gkcIGZZlM84pLrhMO62L6yEtgf+iN1D0pKe07HOmxsQMEIKN43odR3CBjweMDG7Tu
2DnxYOoAtFyN5o+zEwEVzp8OSL8eEoLYIqr5DT/GcXRuTo//xvZVDspuUJ3Eh711UrFHGyLPocom
VphXIYsqVUetWRNjTJPTwuhm/ac+2N9+x4B4qGFDh/tCv6v/l6NtjugqzQX6HJYztYoy2V1jv2hf
mk8wPkHZvibJHYJmGMgg9b7ZjgsjGhinweoQUVUDRfmnXI0BrFtFJHto/1/1QcEf4Kcc9grkUUd4
FzyRHZM5tuMrkNtpFXTWeRculp9PdyS/CAkVbS+XmcRRnV/O1oc+sa0tTuBYARYipE5Gh2SkeMne
+IMhxcRdUUoCEopsd4G+g0UcrwmpexSDOUyacUTvJ45G0u0+jblUlLkl+YUYqAuh+o1A0ZlU2NJL
ahtkcP4l0SEq3b6ViPR7mp3az2zPwj8/CwJM9DqKRYKZFIy6DajSS/bqzPMP07RlZ28TPb9OXrK/
SuVgsgE65euXyH7yJdffivtL5ItvGVcYN7fiXgYnp+tCJ9ZVUaSqxplJ3VMbsXB41pE1luO8iykb
mz+yj/Ca5lSeuMh6+JOgK6p1nQtUsitgo4Ft+dZg4n3/JgFMgCRpB0IsHr2VDCYEI2TbDIWC2D9O
geQNF5nW6kwSDRHsqsB6leqdGD9Uu8Qvb8oNQspwHz83jFU5a3Jj8Tw6FXYibKjAFhyXerut73dv
3xup7ZGxNsTsgUi+QuHZHq2oqW4NehhwMaKHCvd/slh3ht4NXAJ5sxr0WDSI1oEWyLdw94C/xrxz
kLC+kmGaRcx1e8GTkbAwlP9Po9K4iTd8WFYhGPVVtUAdZ5yKIJAs5ifZDnT+O4CBs+qu3Vbf/Rju
oEyVETWMKb1PnUnXGlihNUpQ64CzdYd2KgWYJu21SzpjCefMJbs8Ue43HiH7QvKkeCAWqGzb7WbN
25zlvubY30oUPzc5EkxDxk3d9XEPN3Qc06y581QveGJQntYZTr2pUt002LC2P+T0zcHcjK1+Wg/M
cmtO5LDfwzgF2W9lcyo9QQs86DtwfGw84cjhpSzr5bTx296+GYznSt7Tp2ZW2sQriVhj1XJlUI2e
m6qqiPpLaKLbj5QxjlVQ4UbMnktMqT+vOXa8l3MD3Lt98NVx0xBTO5Z8fKFgfyT9gyfF5rTtSZmI
mJ+yF3F2s823fSzq/6QmkvRw/f0nPzwnEpMuOnIuiOXiFAaDORh0KHOzKZHNmfazTkkf/APDNK4I
NAUv+cmRwPJiKS+UA2cmlyoKfOqdsTfIGsgKRW4b1M+OB1ujQI6ayk8utCjznmPQH751mtk5v8Qo
A4EQvzwdz2ce5eQnIZXX8QMQ0FS86zaek5J+g+I1nybnK7nfhF2bwtpXyt711YiUgruooCTlGjD9
8sX5mGQfdfmZCb7OruinZ41ysbJVoeP9IwKAzPp9n8mAmt6t7h7jcfVoqinD95yNYwzVifm7EkIX
64A2dssk4EpwqnQ7bc9oEYRKU3XFGpe3woMb+Es22rjwqfwZG7psDPNys1D94VI08FHbobkvZV17
bIJqCPkbJbV4IjDZz1tz4bAg7Gch7pPftKNa1yFWmz6rg66e0lmknnPFUp78PuGALMLwvlZVHBL+
hlsVpG/QHvb4attLTTsSSS4kPthTmOscfbFj2TbCaAQCx4pFk4wknwuvUEghiykxMbs6k2+zwz4f
1pLltN5dm4MedDwU5d6qu0iNQGQ+zPsubj19bprhDp23Rk+4Q+in11Mg4XzNloM0b1h/JoABzyol
VEyZ3gI1ryYUde3yVsGGDNxVSwAWS4klWzC5oDDjCZIoQRKJHCoH9uRk/BMv4i3nlWJftHQnr3QL
I2L9KsNEqYZgKUaTlz50P82PhuYf9H/5WXNAcq0YbvrKb72hGrK9GTubYw/OFRYnVklE59yK6vSV
CrfTgiyxjLd4UaZlQfpZ83X3dNEKyGZA0iEfmDapfb/KtV2UVSZXAJ+OFaF+r/PjLSzj4ibMuNM/
i+LAaro2+tPsMFA09Du1hesbtSHpKsKqwCyvBZXIG2UQKUh3qhKsKhfxApMVNMEk7ziCTRn0CSnp
KO4QMbGWzUh6nUnOsGNGcZuk2eQwL6EmmD1zQEr3JJBdaEq7bcXflYWOYDI0vDPTbbPi+00BO/6i
f09WVtK+WwHYWtR4xQc4NuygbByq/JKXsnrriSmFKwZAyunL5dgf37EaZ/s0AOtF+k0m+v4Ga86y
7Oh+O9+CCupX9VSMj9J7hjhxyQobh8updHhWRAkchrtdHa6tpTAzS7THndFA2CDsMqn0gthXW+CD
PXnBbzM5gTqXMWYE6Lj+mxDq/+4mXQWWmAkp8NZIhlLH2OTwieK4W6Yg3AoEN9DdsaZu0CiI3ECJ
6KHkDHzSHjw9Ixwxq8l7MeD57etugeHHj/+NGTp+qt1zq5eOlhp2+GiUIXQkIPupZIO5Uq4khhE2
qFfHEaz2y6uPx2G4bWCihC1rTC3LdPrl5RbWSfFNuftNmI5bgZuiv1ezBE3ePqTWOnWJAgGlwC4h
HOLkdo65nEV9rGq8BXFTmzXWy/tif4bSUHfMAuiHBwWrspez93I8mGiXx0qgkkbdEXTPxwcSV2l2
4MwGaH18wg3BRqElTRXa2lFlW7a6A48fI6mDhr6ZuicCurt/8lf9a/2MCmMmIRFlKQBXkChkc2Gw
Z+b7A0taUImJUR5PgaLUVMgRix3dFKb2DQhUqN12WouYCGtAT7+9xxIufnjmgp5Fn1smW8kdeMvC
CL0nCmrRoI0O0jzvi6O/SnO5x0Z45ebczJ+rbwEiiYnTmph24RoSzgaIEb0vHYRnJPrgycqQxlm+
93uX4ovLwErZ/4yqnuvIq4Zcd7k4z0tHr8z8Rna0UrZmU6e1T2nBOqCj
14:58:09.910 [Test worker] DEBUG org.apache.xml.security.encryption.XMLCipher - Encrypted octets length = 2982
14:58:09.910 [Test worker] DEBUG org.opensaml.xmlsec.encryption.support.Encrypter - Encrypting encryption key with algorithm: http://www.w3.org/2001/04/xmlenc#rsa-oaep-mgf1p
14:58:09.911 [Test worker] DEBUG org.apache.xml.security.encryption.XMLCipher - Getting XMLCipher with transformation
14:58:09.911 [Test worker] DEBUG org.apache.xml.security.encryption.XMLCipher - Constructing XMLCipher...
14:58:09.911 [Test worker] DEBUG org.apache.xml.security.algorithms.JCEMapper - Request for URI http://www.w3.org/2001/04/xmlenc#rsa-oaep-mgf1p
14:58:09.911 [Test worker] DEBUG org.apache.xml.security.encryption.XMLCipher - JCE Algorithm = RSA/ECB/OAEPPadding
14:58:09.911 [Test worker] DEBUG org.apache.xml.security.encryption.XMLCipher - Initializing XMLCipher...
14:58:09.911 [Test worker] DEBUG org.apache.xml.security.encryption.XMLCipher - opmode = WRAP_MODE
14:58:09.911 [Test worker] DEBUG org.apache.xml.security.encryption.XMLCipher - Encrypting key ...
14:58:09.911 [Test worker] DEBUG org.apache.xml.security.encryption.XMLCipher - Encrypted key octets:
E/jjGpsg7xk2CaF11CnXF2uBkL7yX5zP+E3wEnme8wW90h+OSAkVNj5G+HaC/LXxOdmUAZ83wiho
Ssek9uEBb3oGE62F4zG2eiaWiRFlUCkR2jSQdDcRqnulrQP5jdOTkYzIrucaVE/5krwYQyWzrt71
nxfnyaUbWJawnNfSE67uDa0lDl5Wj0iZodv8qPgp8nYG9f2LsMJDao9cBjm2aAJSPaZhOs6tFSIS
W4MrPiaIHpYO2mUsRIVqCYtrjdQdNoBctXJgh1SVdfQSBMmzBshuoSdk8oX5PdqgWdgpAfj/85ZH
Q/xD/KvwvlbJ6jiRYHcAr+yNntU3xbboy48Njg==
14:58:09.911 [Test worker] DEBUG org.apache.xml.security.encryption.XMLCipher - Encrypted key octets length = 348
14:58:09.911 [Test worker] DEBUG org.opensaml.saml.saml2.encryption.Encrypter - Placing EncryptedKey elements as peers of EncryptedData in EncryptedElementType
14:58:09.911 [Test worker] DEBUG org.opensaml.saml.saml2.encryption.Encrypter - Linking single peer EncryptedKey with RetrievalMethod and DataReference
14:58:09.912 [Test worker] DEBUG org.opensaml.saml.common.SAMLObjectSupport - Examining signed object for content references with exclusive canonicalization transform
14:58:09.912 [Test worker] DEBUG org.opensaml.xmlsec.signature.impl.SignatureMarshaller - Starting to marshall {http://www.w3.org/2000/09/xmldsig#}Signature
14:58:09.912 [Test worker] DEBUG org.opensaml.xmlsec.signature.impl.SignatureMarshaller - Creating XMLSignature object
14:58:09.912 [Test worker] DEBUG org.apache.xml.security.algorithms.SignatureAlgorithm - Create URI "http://www.w3.org/2001/04/xmldsig-more#rsa-sha256" class "class org.apache.xml.security.algorithms.implementations.SignatureBaseRSA$SignatureRSASHA256"
14:58:09.912 [Test worker] DEBUG org.apache.xml.security.algorithms.JCEMapper - Request for URI http://www.w3.org/2001/04/xmldsig-more#rsa-sha256
14:58:09.912 [Test worker] DEBUG org.apache.xml.security.algorithms.implementations.SignatureBaseRSA - Created SignatureRSA using SHA256withRSA
14:58:09.912 [Test worker] DEBUG org.opensaml.xmlsec.signature.impl.SignatureMarshaller - Adding content to XMLSignature.
14:58:09.912 [Test worker] DEBUG org.apache.xml.security.transforms.Transforms - Transforms.addTransform(http://www.w3.org/2000/09/xmldsig#enveloped-signature)
14:58:09.912 [Test worker] DEBUG org.apache.xml.security.transforms.Transform - Create URI "http://www.w3.org/2000/09/xmldsig#enveloped-signature" class "class org.apache.xml.security.transforms.implementations.TransformEnvelopedSignature"
14:58:09.912 [Test worker] DEBUG org.apache.xml.security.transforms.Transform - The NodeList is null
14:58:09.912 [Test worker] DEBUG org.apache.xml.security.transforms.Transforms - Transforms.addTransform(http://www.w3.org/2000/09/xmldsig#enveloped-signature)
14:58:09.912 [Test worker] DEBUG org.apache.xml.security.transforms.Transforms - Transforms.addTransform(http://www.w3.org/2001/10/xml-exc-c14n#)
14:58:09.912 [Test worker] DEBUG org.apache.xml.security.transforms.Transform - Create URI "http://www.w3.org/2001/10/xml-exc-c14n#" class "class org.apache.xml.security.transforms.implementations.TransformC14NExclusive"
14:58:09.912 [Test worker] DEBUG org.apache.xml.security.transforms.Transform - The NodeList is null
14:58:09.912 [Test worker] DEBUG org.apache.xml.security.transforms.Transforms - Transforms.addTransform(http://www.w3.org/2001/10/xml-exc-c14n#)
14:58:09.912 [Test worker] DEBUG org.opensaml.xmlsec.signature.impl.SignatureMarshaller - Creating Signature DOM element
14:58:09.912 [Test worker] DEBUG org.opensaml.xmlsec.signature.support.Signer - Using a signer of implemenation: org.opensaml.xmlsec.signature.support.provider.ApacheSantuarioSignerProviderImpl
14:58:09.912 [Test worker] DEBUG org.opensaml.xmlsec.signature.support.provider.ApacheSantuarioSignerProviderImpl - Computing signature over XMLSignature object
14:58:09.912 [Test worker] DEBUG org.apache.xml.security.algorithms.JCEMapper - Request for URI http://www.w3.org/2000/09/xmldsig#sha1
14:58:09.912 [Test worker] DEBUG org.apache.xml.security.utils.resolver.ResourceResolver - I was asked to create a ResourceResolver and got 0
14:58:09.912 [Test worker] DEBUG org.apache.xml.security.utils.resolver.ResourceResolver - check resolvability by class org.apache.xml.security.utils.resolver.ResourceResolver
14:58:09.912 [Test worker] DEBUG org.apache.xml.security.utils.resolver.implementations.ResolverFragment - State I can resolve reference: "#default-response-id"
14:58:09.912 [Test worker] DEBUG org.apache.xml.security.utils.resolver.implementations.ResolverFragment - Try to catch an Element with ID default-response-id and Element was [saml2p:Response: null]
14:58:09.912 [Test worker] DEBUG org.apache.xml.security.utils.ElementProxy - setElement("ds:Transform", "null")
14:58:09.912 [Test worker] DEBUG org.apache.xml.security.transforms.Transforms - Perform the (0)th http://www.w3.org/2000/09/xmldsig#enveloped-signature transform
14:58:09.913 [Test worker] DEBUG org.apache.xml.security.utils.ElementProxy - setElement("ds:Transform", "null")
14:58:09.913 [Test worker] DEBUG org.apache.xml.security.transforms.Transforms - Perform the (1)th http://www.w3.org/2001/10/xml-exc-c14n# transform
14:58:09.913 [Test worker] DEBUG org.apache.xml.security.utils.DigesterOutputStream - Pre-digested input:
14:58:09.913 [Test worker] DEBUG org.apache.xml.security.utils.DigesterOutputStream - <saml2p:Response xmlns:saml2p="urn:oasis:names:tc:SAML:2.0:protocol" xmlns:xsi="http://www.w3.org/2001/XMLSchema-instance" Destination="http://destination.com" ID="default-response-id" InResponseTo="default-request-id" IssueInstant="2018-04-03T13:58:09.903Z" Version="2.0" xsi:type="saml2p:ResponseType"><saml2:Issuer xmlns:saml2="urn:oasis:names:tc:SAML:2.0:assertion">a-test-entity</saml2:Issuer><saml2p:Status xsi:type="saml2p:StatusType"><saml2p:StatusCode Value="urn:oasis:names:tc:SAML:2.0:status:Success" xsi:type="saml2p:StatusCodeType"></saml2p:StatusCode></saml2p:Status><saml2:EncryptedAssertion xmlns:saml2="urn:oasis:names:tc:SAML:2.0:assertion"><xenc:EncryptedData xmlns:xenc="http://www.w3.org/2001/04/xmlenc#" Id="_a14b0fb9ad44700e10cf8f359b1b2a59" Type="http://www.w3.org/2001/04/xmlenc#Element"><xenc:EncryptionMethod Algorithm="http://www.w3.org/2001/04/xmlenc#aes128-cbc"></xenc:EncryptionMethod><ds:KeyInfo xmlns:ds="http://www.w3.org/2000/09/xmldsig#"><ds:RetrievalMethod Type="http://www.w3.org/2001/04/xmlenc#EncryptedKey" URI="#_98d908df17b804fe0178f6299880d1f3"></ds:RetrievalMethod></ds:KeyInfo><xenc:CipherData><xenc:CipherValue>irk5AZjbV3+gkcIGZZlM84pLrhMO62L6yEtgf+iN1D0pKe07HOmxsQMEIKN43odR3CBjweMDG7Tu
2DnxYOoAtFyN5o+zEwEVzp8OSL8eEoLYIqr5DT/GcXRuTo//xvZVDspuUJ3Eh711UrFHGyLPocom
VphXIYsqVUetWRNjTJPTwuhm/ac+2N9+x4B4qGFDh/tCv6v/l6NtjugqzQX6HJYztYoy2V1jv2hf
mk8wPkHZvibJHYJmGMgg9b7ZjgsjGhinweoQUVUDRfmnXI0BrFtFJHto/1/1QcEf4Kcc9grkUUd4
FzyRHZM5tuMrkNtpFXTWeRculp9PdyS/CAkVbS+XmcRRnV/O1oc+sa0tTuBYARYipE5Gh2SkeMne
+IMhxcRdUUoCEopsd4G+g0UcrwmpexSDOUyacUTvJ45G0u0+jblUlLkl+YUYqAuh+o1A0ZlU2NJL
ahtkcP4l0SEq3b6ViPR7mp3az2zPwj8/CwJM9DqKRYKZFIy6DajSS/bqzPMP07RlZ28TPb9OXrK/
SuVgsgE65euXyH7yJdffivtL5ItvGVcYN7fiXgYnp+tCJ9ZVUaSqxplJ3VMbsXB41pE1luO8iykb
mz+yj/Ca5lSeuMh6+JOgK6p1nQtUsitgo4Ft+dZg4n3/JgFMgCRpB0IsHr2VDCYEI2TbDIWC2D9O
geQNF5nW6kwSDRHsqsB6leqdGD9Uu8Qvb8oNQspwHz83jFU5a3Jj8Tw6FXYibKjAFhyXerut73dv
3xup7ZGxNsTsgUi+QuHZHq2oqW4NehhwMaKHCvd/slh3ht4NXAJ5sxr0WDSI1oEWyLdw94C/xrxz
kLC+kmGaRcx1e8GTkbAwlP9Po9K4iTd8WFYhGPVVtUAdZ5yKIJAs5ifZDnT+O4CBs+qu3Vbf/Rju
oEyVETWMKb1PnUnXGlihNUpQ64CzdYd2KgWYJu21SzpjCefMJbs8Ue43HiH7QvKkeCAWqGzb7WbN
25zlvubY30oUPzc5EkxDxk3d9XEPN3Qc06y581QveGJQntYZTr2pUt002LC2P+T0zcHcjK1+Wg/M
cmtO5LDfwzgF2W9lcyo9QQs86DtwfGw84cjhpSzr5bTx296+GYznSt7Tp2ZW2sQriVhj1XJlUI2e
m6qqiPpLaKLbj5QxjlVQ4UbMnktMqT+vOXa8l3MD3Lt98NVx0xBTO5Z8fKFgfyT9gyfF5rTtSZmI
mJ+yF3F2s823fSzq/6QmkvRw/f0nPzwnEpMuOnIuiOXiFAaDORh0KHOzKZHNmfazTkkf/APDNK4I
NAUv+cmRwPJiKS+UA2cmlyoKfOqdsTfIGsgKRW4b1M+OB1ujQI6ayk8utCjznmPQH751mtk5v8Qo
A4EQvzwdz2ce5eQnIZXX8QMQ0FS86zaek5J+g+I1nybnK7nfhF2bwtpXyt711YiUgruooCTlGjD9
8sX5mGQfdfmZCb7OruinZ41ysbJVoeP9IwKAzPp9n8mAmt6t7h7jcfVoqinD95yNYwzVifm7EkIX
64A2dssk4EpwqnQ7bc9oEYRKU3XFGpe3woMb+Es22rjwqfwZG7psDPNys1D94VI08FHbobkvZV17
bIJqCPkbJbV4IjDZz1tz4bAg7Gch7pPftKNa1yFWmz6rg66e0lmknnPFUp78PuGALMLwvlZVHBL+
hlsVpG/QHvb4attLTTsSSS4kPthTmOscfbFj2TbCaAQCx4pFk4wknwuvUEghiykxMbs6k2+zwz4f
1pLltN5dm4MedDwU5d6qu0iNQGQ+zPsubj19bprhDp23Rk+4Q+in11Mg4XzNloM0b1h/JoABzyol
VEyZ3gI1ryYUde3yVsGGDNxVSwAWS4klWzC5oDDjCZIoQRKJHCoH9uRk/BMv4i3nlWJftHQnr3QL
I2L9KsNEqYZgKUaTlz50P82PhuYf9H/5WXNAcq0YbvrKb72hGrK9GTubYw/OFRYnVklE59yK6vSV
CrfTgiyxjLd4UaZlQfpZ83X3dNEKyGZA0iEfmDapfb/KtV2UVSZXAJ+OFaF+r/PjLSzj4ibMuNM/
i+LAaro2+tPsMFA09Du1hesbtSHpKsKqwCyvBZXIG2UQKUh3qhKsKhfxApMVNMEk7ziCTRn0CSnp
KO4QMbGWzUh6nUnOsGNGcZuk2eQwL6EmmD1zQEr3JJBdaEq7bcXflYWOYDI0vDPTbbPi+00BO/6i
f09WVtK+WwHYWtR4xQc4NuygbByq/JKXsnrriSmFKwZAyunL5dgf37EaZ/s0AOtF+k0m+v4Ga86y
7Oh+O9+CCupX9VSMj9J7hjhxyQobh8updHhWRAkchrtdHa6tpTAzS7THndFA2CDsMqn0gthXW+CD
PXnBbzM5gTqXMWYE6Lj+mxDq/+4mXQWWmAkp8NZIhlLH2OTwieK4W6Yg3AoEN9DdsaZu0CiI3ECJ
6KHkDHzSHjw9Ixwxq8l7MeD57etugeHHj/+NGTp+qt1zq5eOlhp2+GiUIXQkIPupZIO5Uq4khhE2
qFfHEaz2y6uPx2G4bWCihC1rTC3LdPrl5RbWSfFNuftNmI5bgZuiv1ezBE3ePqTWOnWJAgGlwC4h
HOLkdo65nEV9rGq8BXFTmzXWy/tif4bSUHfMAuiHBwWrspez93I8mGiXx0qgkkbdEXTPxwcSV2l2
4MwGaH18wg3BRqElTRXa2lFlW7a6A48fI6mDhr6ZuicCurt/8lf9a/2MCmMmIRFlKQBXkChkc2Gw
Z+b7A0taUImJUR5PgaLUVMgRix3dFKb2DQhUqN12WouYCGtAT7+9xxIufnjmgp5Fn1smW8kdeMvC
CL0nCmrRoI0O0jzvi6O/SnO5x0Z45ebczJ+rbwEiiYnTmph24RoSzgaIEb0vHYRnJPrgycqQxlm+
93uX4ovLwErZ/4yqnuvIq4Zcd7k4z0tHr8z8Rna0UrZmU6e1T2nBOqCj</xenc:CipherValue></xenc:CipherData></xenc:EncryptedData><xenc:EncryptedKey xmlns:xenc="http://www.w3.org/2001/04/xmlenc#" Id="_98d908df17b804fe0178f6299880d1f3"><xenc:EncryptionMethod Algorithm="http://www.w3.org/2001/04/xmlenc#rsa-oaep-mgf1p"><ds:DigestMethod xmlns:ds="http://www.w3.org/2000/09/xmldsig#" Algorithm="http://www.w3.org/2000/09/xmldsig#sha1"></ds:DigestMethod></xenc:EncryptionMethod><xenc:CipherData><xenc:CipherValue>E/jjGpsg7xk2CaF11CnXF2uBkL7yX5zP+E3wEnme8wW90h+OSAkVNj5G+HaC/LXxOdmUAZ83wiho
Ssek9uEBb3oGE62F4zG2eiaWiRFlUCkR2jSQdDcRqnulrQP5jdOTkYzIrucaVE/5krwYQyWzrt71
nxfnyaUbWJawnNfSE67uDa0lDl5Wj0iZodv8qPgp8nYG9f2LsMJDao9cBjm2aAJSPaZhOs6tFSIS
W4MrPiaIHpYO2mUsRIVqCYtrjdQdNoBctXJgh1SVdfQSBMmzBshuoSdk8oX5PdqgWdgpAfj/85ZH
Q/xD/KvwvlbJ6jiRYHcAr+yNntU3xbboy48Njg==</xenc:CipherValue></xenc:CipherData><xenc:ReferenceList><xenc:DataReference URI="#_a14b0fb9ad44700e10cf8f359b1b2a59"></xenc:DataReference></xenc:ReferenceList></xenc:EncryptedKey></saml2:EncryptedAssertion></saml2p:Response>
14:58:09.913 [Test worker] DEBUG org.apache.xml.security.utils.SignerOutputStream - Canonicalized SignedInfo:
14:58:09.913 [Test worker] DEBUG org.apache.xml.security.utils.SignerOutputStream - <ds:SignedInfo xmlns:ds="http://www.w3.org/2000/09/xmldsig#">
<ds:CanonicalizationMethod Algorithm="http://www.w3.org/2001/10/xml-exc-c14n#"></ds:CanonicalizationMethod>
<ds:SignatureMethod Algorithm="http://www.w3.org/2001/04/xmldsig-more#rsa-sha256"></ds:SignatureMethod>
<ds:Reference URI="#default-response-id">
<ds:Transforms>
<ds:Transform Algorithm="http://www.w3.org/2000/09/xmldsig#enveloped-signature"></ds:Transform>
<ds:Transform Algorithm="http://www.w3.org/2001/10/xml-exc-c14n#"></ds:Transform>
</ds:Transforms>
<ds:DigestMethod Algorithm="http://www.w3.org/2000/09/xmldsig#sha1"></ds:DigestMethod>
<ds:DigestValue>tnAbRrG0ZYz2woLGLGzM1IjQJUQ=</ds:DigestValue>
</ds:Reference>
</ds:SignedInfo>
14:58:09.917 [Test worker] DEBUG org.apache.xml.security.utils.ElementProxy - setElement("ds:Transform", "null")
14:58:09.917 [Test worker] DEBUG org.opensaml.saml.security.impl.SAMLSignatureProfileValidator - Saw Enveloped signature transform
14:58:09.917 [Test worker] DEBUG org.apache.xml.security.utils.ElementProxy - setElement("ds:Transform", "null")
14:58:09.917 [Test worker] DEBUG org.opensaml.saml.security.impl.SAMLSignatureProfileValidator - Saw Exclusive C14N signature transform
14:58:09.917 [Test worker] DEBUG org.opensaml.xmlsec.signature.support.impl.BaseSignatureTrustEngine - Performing signature algorithm whitelist/blacklist validation using params from CriteriaSet
14:58:09.917 [Test worker] DEBUG org.opensaml.xmlsec.signature.support.impl.SignatureAlgorithmValidator - Validating SignedInfo/SignatureMethod/@Algorithm against whitelist/blacklist: http://www.w3.org/2001/04/xmldsig-more#rsa-sha256
14:58:09.917 [Test worker] DEBUG org.opensaml.xmlsec.signature.support.impl.SignatureAlgorithmValidator - Validating algorithm URI against whitelist and blacklist: algorithm: http://www.w3.org/2001/04/xmldsig-more#rsa-sha256, whitelist: [http://www.w3.org/2001/04/xmldsig-more#rsa-sha512, http://www.w3.org/2000/09/xmldsig#sha1, http://www.w3.org/2001/04/xmlenc#sha512, http://www.w3.org/2001/04/xmldsig-more#rsa-sha256, http://www.w3.org/2001/04/xmlenc#sha256, http://www.w3.org/2000/09/xmldsig#rsa-sha1], blacklist: []
14:58:09.917 [Test worker] DEBUG org.opensaml.xmlsec.algorithm.AlgorithmSupport - Saw non-null algorithm blacklist: []
14:58:09.917 [Test worker] DEBUG org.opensaml.xmlsec.algorithm.AlgorithmSupport - Algorithm passed blacklist validation: http://www.w3.org/2001/04/xmldsig-more#rsa-sha256
14:58:09.917 [Test worker] DEBUG org.opensaml.xmlsec.algorithm.AlgorithmSupport - Saw non-null algorithm whitelist: [http://www.w3.org/2001/04/xmldsig-more#rsa-sha512, http://www.w3.org/2000/09/xmldsig#sha1, http://www.w3.org/2001/04/xmlenc#sha512, http://www.w3.org/2001/04/xmldsig-more#rsa-sha256, http://www.w3.org/2001/04/xmlenc#sha256, http://www.w3.org/2000/09/xmldsig#rsa-sha1]
14:58:09.917 [Test worker] DEBUG org.opensaml.xmlsec.algorithm.AlgorithmSupport - Algorithm passed whitelist validation: http://www.w3.org/2001/04/xmldsig-more#rsa-sha256
14:58:09.917 [Test worker] DEBUG org.opensaml.xmlsec.signature.support.impl.SignatureAlgorithmValidator - Validating SignedInfo/Reference/DigestMethod/@Algorithm against whitelist/blacklist: http://www.w3.org/2000/09/xmldsig#sha1
14:58:09.917 [Test worker] DEBUG org.opensaml.xmlsec.signature.support.impl.SignatureAlgorithmValidator - Validating algorithm URI against whitelist and blacklist: algorithm: http://www.w3.org/2000/09/xmldsig#sha1, whitelist: [http://www.w3.org/2001/04/xmldsig-more#rsa-sha512, http://www.w3.org/2000/09/xmldsig#sha1, http://www.w3.org/2001/04/xmlenc#sha512, http://www.w3.org/2001/04/xmldsig-more#rsa-sha256, http://www.w3.org/2001/04/xmlenc#sha256, http://www.w3.org/2000/09/xmldsig#rsa-sha1], blacklist: []
14:58:09.917 [Test worker] DEBUG org.opensaml.xmlsec.algorithm.AlgorithmSupport - Saw non-null algorithm blacklist: []
14:58:09.917 [Test worker] DEBUG org.opensaml.xmlsec.algorithm.AlgorithmSupport - Algorithm passed blacklist validation: http://www.w3.org/2000/09/xmldsig#sha1
14:58:09.917 [Test worker] DEBUG org.opensaml.xmlsec.algorithm.AlgorithmSupport - Saw non-null algorithm whitelist: [http://www.w3.org/2001/04/xmldsig-more#rsa-sha512, http://www.w3.org/2000/09/xmldsig#sha1, http://www.w3.org/2001/04/xmlenc#sha512, http://www.w3.org/2001/04/xmldsig-more#rsa-sha256, http://www.w3.org/2001/04/xmlenc#sha256, http://www.w3.org/2000/09/xmldsig#rsa-sha1]
14:58:09.918 [Test worker] DEBUG org.opensaml.xmlsec.algorithm.AlgorithmSupport - Algorithm passed whitelist validation: http://www.w3.org/2000/09/xmldsig#sha1
14:58:09.918 [Test worker] DEBUG org.opensaml.xmlsec.signature.support.impl.BaseSignatureTrustEngine - Attempting to verify signature and establish trust using KeyInfo-derived credentials
14:58:09.918 [Test worker] DEBUG org.opensaml.xmlsec.signature.support.impl.BaseSignatureTrustEngine - Signature contained no KeyInfo element, could not resolve verification credentials
14:58:09.918 [Test worker] DEBUG org.opensaml.xmlsec.signature.support.impl.BaseSignatureTrustEngine - Failed to verify signature and/or establish trust using any KeyInfo-derived credentials
14:58:09.918 [Test worker] DEBUG org.opensaml.xmlsec.signature.support.impl.ExplicitKeySignatureTrustEngine - Attempting to verify signature using trusted credentials
14:58:09.918 [Test worker] DEBUG org.opensaml.xmlsec.signature.support.SignatureValidationProvider - Using a validation provider of implementation: org.opensaml.xmlsec.signature.support.provider.ApacheSantuarioSignatureValidationProviderImpl
14:58:09.918 [Test worker] DEBUG org.opensaml.xmlsec.signature.support.provider.ApacheSantuarioSignatureValidationProviderImpl - Attempting to validate signature using key from supplied credential
14:58:09.918 [Test worker] DEBUG org.opensaml.xmlsec.signature.support.provider.ApacheSantuarioSignatureValidationProviderImpl - Accessing XMLSignature object
14:58:09.918 [Test worker] DEBUG org.opensaml.xmlsec.signature.support.provider.ApacheSantuarioSignatureValidationProviderImpl - Validating signature with signature algorithm URI: http://www.w3.org/2001/04/xmldsig-more#rsa-sha256
14:58:09.918 [Test worker] DEBUG org.opensaml.xmlsec.signature.support.provider.ApacheSantuarioSignatureValidationProviderImpl - Validation credential key algorithm 'RSA', key instance class 'sun.security.rsa.RSAPublicKeyImpl'
14:58:09.918 [Test worker] DEBUG org.apache.xml.security.signature.XMLSignature - signatureMethodURI = http://www.w3.org/2001/04/xmldsig-more#rsa-sha256
14:58:09.918 [Test worker] DEBUG org.apache.xml.security.signature.XMLSignature - jceSigAlgorithm    = SHA256withRSA
14:58:09.918 [Test worker] DEBUG org.apache.xml.security.signature.XMLSignature - jceSigProvider     = SunRsaSign
14:58:09.918 [Test worker] DEBUG org.apache.xml.security.signature.XMLSignature - PublicKey = Sun RSA public key, 2048 bits
  modulus: 29661565466865858822213777168282943426939714058048863814131618959262055326686524034067084771065231712149539921346081944346397936363399690100840608397845307756315334022317517219876633006263454147272155286336727606522796880921103550938022720211151696581738939213739476141952593191308436813042936252687545137035166455002660478121017225183474993112090021369737861768882984387493729935697205880819466743626280109454603687587536282588576195647432312509500999623830562445007026743026958608467395710329014740842807769757806142655188427663764629833308992121291511482553904626598854250168151827151971234837768337295616595808239
  public exponent: 65537
14:58:09.918 [Test worker] DEBUG org.apache.xml.security.utils.SignerOutputStream - Canonicalized SignedInfo:
14:58:09.918 [Test worker] DEBUG org.apache.xml.security.utils.SignerOutputStream - <ds:SignedInfo xmlns:ds="http://www.w3.org/2000/09/xmldsig#">
<ds:CanonicalizationMethod Algorithm="http://www.w3.org/2001/10/xml-exc-c14n#"></ds:CanonicalizationMethod>
<ds:SignatureMethod Algorithm="http://www.w3.org/2001/04/xmldsig-more#rsa-sha256"></ds:SignatureMethod>
<ds:Reference URI="#default-response-id">
<ds:Transforms>
<ds:Transform Algorithm="http://www.w3.org/2000/09/xmldsig#enveloped-signature"></ds:Transform>
<ds:Transform Algorithm="http://www.w3.org/2001/10/xml-exc-c14n#"></ds:Transform>
</ds:Transforms>
<ds:DigestMethod Algorithm="http://www.w3.org/2000/09/xmldsig#sha1"></ds:DigestMethod>
<ds:DigestValue>tnAbRrG0ZYz2woLGLGzM1IjQJUQ=</ds:DigestValue>
</ds:Reference>
</ds:SignedInfo>
14:58:09.918 [Test worker] DEBUG org.apache.xml.security.signature.Manifest - verify 1 References
14:58:09.918 [Test worker] DEBUG org.apache.xml.security.signature.Manifest - I am not requested to follow nested Manifests
14:58:09.918 [Test worker] DEBUG org.apache.xml.security.utils.ElementProxy - setElement("ds:Reference", "null")
14:58:09.918 [Test worker] DEBUG org.apache.xml.security.utils.ElementProxy - setElement("ds:Transforms", "null")
14:58:09.918 [Test worker] DEBUG org.apache.xml.security.algorithms.JCEMapper - Request for URI http://www.w3.org/2000/09/xmldsig#sha1
14:58:09.918 [Test worker] DEBUG org.apache.xml.security.utils.resolver.ResourceResolver - I was asked to create a ResourceResolver and got 0
14:58:09.918 [Test worker] DEBUG org.apache.xml.security.utils.resolver.ResourceResolver - check resolvability by class org.apache.xml.security.utils.resolver.ResourceResolver
14:58:09.918 [Test worker] DEBUG org.apache.xml.security.utils.resolver.implementations.ResolverFragment - State I can resolve reference: "#default-response-id"
14:58:09.918 [Test worker] DEBUG org.apache.xml.security.utils.resolver.implementations.ResolverFragment - Try to catch an Element with ID default-response-id and Element was [saml2p:Response: null]
14:58:09.918 [Test worker] DEBUG org.apache.xml.security.utils.ElementProxy - setElement("ds:Transform", "null")
14:58:09.919 [Test worker] DEBUG org.apache.xml.security.transforms.Transforms - Perform the (0)th http://www.w3.org/2000/09/xmldsig#enveloped-signature transform
14:58:09.919 [Test worker] DEBUG org.apache.xml.security.utils.ElementProxy - setElement("ds:Transform", "null")
14:58:09.919 [Test worker] DEBUG org.apache.xml.security.transforms.Transforms - Perform the (1)th http://www.w3.org/2001/10/xml-exc-c14n# transform
14:58:09.919 [Test worker] DEBUG org.apache.xml.security.utils.DigesterOutputStream - Pre-digested input:
14:58:09.919 [Test worker] DEBUG org.apache.xml.security.utils.DigesterOutputStream - <saml2p:Response xmlns:saml2p="urn:oasis:names:tc:SAML:2.0:protocol" xmlns:xsi="http://www.w3.org/2001/XMLSchema-instance" Destination="http://destination.com" ID="default-response-id" InResponseTo="default-request-id" IssueInstant="2018-04-03T13:58:09.903Z" Version="2.0" xsi:type="saml2p:ResponseType"><saml2:Issuer xmlns:saml2="urn:oasis:names:tc:SAML:2.0:assertion">a-test-entity</saml2:Issuer><saml2p:Status xsi:type="saml2p:StatusType"><saml2p:StatusCode Value="urn:oasis:names:tc:SAML:2.0:status:Success" xsi:type="saml2p:StatusCodeType"></saml2p:StatusCode></saml2p:Status><saml2:EncryptedAssertion xmlns:saml2="urn:oasis:names:tc:SAML:2.0:assertion"><xenc:EncryptedData xmlns:xenc="http://www.w3.org/2001/04/xmlenc#" Id="_a14b0fb9ad44700e10cf8f359b1b2a59" Type="http://www.w3.org/2001/04/xmlenc#Element"><xenc:EncryptionMethod Algorithm="http://www.w3.org/2001/04/xmlenc#aes128-cbc"></xenc:EncryptionMethod><ds:KeyInfo xmlns:ds="http://www.w3.org/2000/09/xmldsig#"><ds:RetrievalMethod Type="http://www.w3.org/2001/04/xmlenc#EncryptedKey" URI="#_98d908df17b804fe0178f6299880d1f3"></ds:RetrievalMethod></ds:KeyInfo><xenc:CipherData><xenc:CipherValue>irk5AZjbV3+gkcIGZZlM84pLrhMO62L6yEtgf+iN1D0pKe07HOmxsQMEIKN43odR3CBjweMDG7Tu
2DnxYOoAtFyN5o+zEwEVzp8OSL8eEoLYIqr5DT/GcXRuTo//xvZVDspuUJ3Eh711UrFHGyLPocom
VphXIYsqVUetWRNjTJPTwuhm/ac+2N9+x4B4qGFDh/tCv6v/l6NtjugqzQX6HJYztYoy2V1jv2hf
mk8wPkHZvibJHYJmGMgg9b7ZjgsjGhinweoQUVUDRfmnXI0BrFtFJHto/1/1QcEf4Kcc9grkUUd4
FzyRHZM5tuMrkNtpFXTWeRculp9PdyS/CAkVbS+XmcRRnV/O1oc+sa0tTuBYARYipE5Gh2SkeMne
+IMhxcRdUUoCEopsd4G+g0UcrwmpexSDOUyacUTvJ45G0u0+jblUlLkl+YUYqAuh+o1A0ZlU2NJL
ahtkcP4l0SEq3b6ViPR7mp3az2zPwj8/CwJM9DqKRYKZFIy6DajSS/bqzPMP07RlZ28TPb9OXrK/
SuVgsgE65euXyH7yJdffivtL5ItvGVcYN7fiXgYnp+tCJ9ZVUaSqxplJ3VMbsXB41pE1luO8iykb
mz+yj/Ca5lSeuMh6+JOgK6p1nQtUsitgo4Ft+dZg4n3/JgFMgCRpB0IsHr2VDCYEI2TbDIWC2D9O
geQNF5nW6kwSDRHsqsB6leqdGD9Uu8Qvb8oNQspwHz83jFU5a3Jj8Tw6FXYibKjAFhyXerut73dv
3xup7ZGxNsTsgUi+QuHZHq2oqW4NehhwMaKHCvd/slh3ht4NXAJ5sxr0WDSI1oEWyLdw94C/xrxz
kLC+kmGaRcx1e8GTkbAwlP9Po9K4iTd8WFYhGPVVtUAdZ5yKIJAs5ifZDnT+O4CBs+qu3Vbf/Rju
oEyVETWMKb1PnUnXGlihNUpQ64CzdYd2KgWYJu21SzpjCefMJbs8Ue43HiH7QvKkeCAWqGzb7WbN
25zlvubY30oUPzc5EkxDxk3d9XEPN3Qc06y581QveGJQntYZTr2pUt002LC2P+T0zcHcjK1+Wg/M
cmtO5LDfwzgF2W9lcyo9QQs86DtwfGw84cjhpSzr5bTx296+GYznSt7Tp2ZW2sQriVhj1XJlUI2e
m6qqiPpLaKLbj5QxjlVQ4UbMnktMqT+vOXa8l3MD3Lt98NVx0xBTO5Z8fKFgfyT9gyfF5rTtSZmI
mJ+yF3F2s823fSzq/6QmkvRw/f0nPzwnEpMuOnIuiOXiFAaDORh0KHOzKZHNmfazTkkf/APDNK4I
NAUv+cmRwPJiKS+UA2cmlyoKfOqdsTfIGsgKRW4b1M+OB1ujQI6ayk8utCjznmPQH751mtk5v8Qo
A4EQvzwdz2ce5eQnIZXX8QMQ0FS86zaek5J+g+I1nybnK7nfhF2bwtpXyt711YiUgruooCTlGjD9
8sX5mGQfdfmZCb7OruinZ41ysbJVoeP9IwKAzPp9n8mAmt6t7h7jcfVoqinD95yNYwzVifm7EkIX
64A2dssk4EpwqnQ7bc9oEYRKU3XFGpe3woMb+Es22rjwqfwZG7psDPNys1D94VI08FHbobkvZV17
bIJqCPkbJbV4IjDZz1tz4bAg7Gch7pPftKNa1yFWmz6rg66e0lmknnPFUp78PuGALMLwvlZVHBL+
hlsVpG/QHvb4attLTTsSSS4kPthTmOscfbFj2TbCaAQCx4pFk4wknwuvUEghiykxMbs6k2+zwz4f
1pLltN5dm4MedDwU5d6qu0iNQGQ+zPsubj19bprhDp23Rk+4Q+in11Mg4XzNloM0b1h/JoABzyol
VEyZ3gI1ryYUde3yVsGGDNxVSwAWS4klWzC5oDDjCZIoQRKJHCoH9uRk/BMv4i3nlWJftHQnr3QL
I2L9KsNEqYZgKUaTlz50P82PhuYf9H/5WXNAcq0YbvrKb72hGrK9GTubYw/OFRYnVklE59yK6vSV
CrfTgiyxjLd4UaZlQfpZ83X3dNEKyGZA0iEfmDapfb/KtV2UVSZXAJ+OFaF+r/PjLSzj4ibMuNM/
i+LAaro2+tPsMFA09Du1hesbtSHpKsKqwCyvBZXIG2UQKUh3qhKsKhfxApMVNMEk7ziCTRn0CSnp
KO4QMbGWzUh6nUnOsGNGcZuk2eQwL6EmmD1zQEr3JJBdaEq7bcXflYWOYDI0vDPTbbPi+00BO/6i
f09WVtK+WwHYWtR4xQc4NuygbByq/JKXsnrriSmFKwZAyunL5dgf37EaZ/s0AOtF+k0m+v4Ga86y
7Oh+O9+CCupX9VSMj9J7hjhxyQobh8updHhWRAkchrtdHa6tpTAzS7THndFA2CDsMqn0gthXW+CD
PXnBbzM5gTqXMWYE6Lj+mxDq/+4mXQWWmAkp8NZIhlLH2OTwieK4W6Yg3AoEN9DdsaZu0CiI3ECJ
6KHkDHzSHjw9Ixwxq8l7MeD57etugeHHj/+NGTp+qt1zq5eOlhp2+GiUIXQkIPupZIO5Uq4khhE2
qFfHEaz2y6uPx2G4bWCihC1rTC3LdPrl5RbWSfFNuftNmI5bgZuiv1ezBE3ePqTWOnWJAgGlwC4h
HOLkdo65nEV9rGq8BXFTmzXWy/tif4bSUHfMAuiHBwWrspez93I8mGiXx0qgkkbdEXTPxwcSV2l2
4MwGaH18wg3BRqElTRXa2lFlW7a6A48fI6mDhr6ZuicCurt/8lf9a/2MCmMmIRFlKQBXkChkc2Gw
Z+b7A0taUImJUR5PgaLUVMgRix3dFKb2DQhUqN12WouYCGtAT7+9xxIufnjmgp5Fn1smW8kdeMvC
CL0nCmrRoI0O0jzvi6O/SnO5x0Z45ebczJ+rbwEiiYnTmph24RoSzgaIEb0vHYRnJPrgycqQxlm+
93uX4ovLwErZ/4yqnuvIq4Zcd7k4z0tHr8z8Rna0UrZmU6e1T2nBOqCj</xenc:CipherValue></xenc:CipherData></xenc:EncryptedData><xenc:EncryptedKey xmlns:xenc="http://www.w3.org/2001/04/xmlenc#" Id="_98d908df17b804fe0178f6299880d1f3"><xenc:EncryptionMethod Algorithm="http://www.w3.org/2001/04/xmlenc#rsa-oaep-mgf1p"><ds:DigestMethod xmlns:ds="http://www.w3.org/2000/09/xmldsig#" Algorithm="http://www.w3.org/2000/09/xmldsig#sha1"></ds:DigestMethod></xenc:EncryptionMethod><xenc:CipherData><xenc:CipherValue>E/jjGpsg7xk2CaF11CnXF2uBkL7yX5zP+E3wEnme8wW90h+OSAkVNj5G+HaC/LXxOdmUAZ83wiho
Ssek9uEBb3oGE62F4zG2eiaWiRFlUCkR2jSQdDcRqnulrQP5jdOTkYzIrucaVE/5krwYQyWzrt71
nxfnyaUbWJawnNfSE67uDa0lDl5Wj0iZodv8qPgp8nYG9f2LsMJDao9cBjm2aAJSPaZhOs6tFSIS
W4MrPiaIHpYO2mUsRIVqCYtrjdQdNoBctXJgh1SVdfQSBMmzBshuoSdk8oX5PdqgWdgpAfj/85ZH
Q/xD/KvwvlbJ6jiRYHcAr+yNntU3xbboy48Njg==</xenc:CipherValue></xenc:CipherData><xenc:ReferenceList><xenc:DataReference URI="#_a14b0fb9ad44700e10cf8f359b1b2a59"></xenc:DataReference></xenc:ReferenceList></xenc:EncryptedKey></saml2:EncryptedAssertion></saml2p:Response>
14:58:09.919 [Test worker] DEBUG org.apache.xml.security.signature.Reference - Verification successful for URI "#default-response-id"
14:58:09.919 [Test worker] DEBUG org.apache.xml.security.signature.Manifest - The Reference has Type 
14:58:09.919 [Test worker] DEBUG org.opensaml.xmlsec.signature.support.provider.ApacheSantuarioSignatureValidationProviderImpl - Signature validated with key from supplied credential
14:58:09.919 [Test worker] DEBUG org.opensaml.xmlsec.signature.support.impl.BaseSignatureTrustEngine - Signature validation using candidate credential was successful
14:58:09.919 [Test worker] DEBUG org.opensaml.xmlsec.signature.support.impl.ExplicitKeySignatureTrustEngine - Successfully verified signature using resolved trusted credential
]]></system-out>
  <system-err><![CDATA[]]></system-err>
</testsuite>
